[2025-03-19T22:25:11.633+0000] {local_task_job_runner.py:123} INFO - ::group::Pre task execution logs
[2025-03-19T22:25:11.857+0000] {taskinstance.py:2614} INFO - Dependencies all met for dep_context=non-requeueable deps ti=<TaskInstance: dag_with_catchup_and_backfill.task_1 scheduled__2023-12-19T00:00:00+00:00 [queued]>
[2025-03-19T22:25:11.891+0000] {taskinstance.py:2614} INFO - Dependencies all met for dep_context=requeueable deps ti=<TaskInstance: dag_with_catchup_and_backfill.task_1 scheduled__2023-12-19T00:00:00+00:00 [queued]>
[2025-03-19T22:25:11.893+0000] {taskinstance.py:2867} INFO - Starting attempt 1 of 6
[2025-03-19T22:25:11.960+0000] {taskinstance.py:2890} INFO - Executing <Task(BashOperator): task_1> on 2023-12-19 00:00:00+00:00
[2025-03-19T22:25:12.045+0000] {logging_mixin.py:190} WARNING - /home/***/.local/lib/python3.12/site-packages/***/task/task_runner/standard_task_runner.py:70 DeprecationWarning: This process (pid=1016) is multi-threaded, use of fork() may lead to deadlocks in the child.
[2025-03-19T22:25:12.052+0000] {standard_task_runner.py:72} INFO - Started process 1028 to run task
[2025-03-19T22:25:12.044+0000] {standard_task_runner.py:104} INFO - Running: ['***', 'tasks', 'run', 'dag_with_catchup_and_backfill', 'task_1', 'scheduled__2023-12-19T00:00:00+00:00', '--job-id', '3278', '--raw', '--subdir', 'DAGS_FOLDER/dag_with_catchup_and_backfill.py', '--cfg-path', '/tmp/tmp4ajge9vl']
[2025-03-19T22:25:12.064+0000] {standard_task_runner.py:105} INFO - Job 3278: Subtask task_1
[2025-03-19T22:25:12.314+0000] {task_command.py:467} INFO - Running <TaskInstance: dag_with_catchup_and_backfill.task_1 scheduled__2023-12-19T00:00:00+00:00 [running]> on host 63fd4b143e0a
[2025-03-19T22:25:12.589+0000] {taskinstance.py:3134} INFO - Exporting env vars: AIRFLOW_CTX_DAG_OWNER='***' AIRFLOW_CTX_DAG_ID='dag_with_catchup_and_backfill' AIRFLOW_CTX_TASK_ID='task_1' AIRFLOW_CTX_EXECUTION_DATE='2023-12-19T00:00:00+00:00' AIRFLOW_CTX_TRY_NUMBER='1' AIRFLOW_CTX_DAG_RUN_ID='scheduled__2023-12-19T00:00:00+00:00'
[2025-03-19T22:25:12.593+0000] {taskinstance.py:732} INFO - ::endgroup::
[2025-03-19T22:25:12.630+0000] {subprocess.py:78} INFO - Tmp dir root location: /tmp
[2025-03-19T22:25:12.639+0000] {subprocess.py:88} INFO - Running command: ['/usr/bin/bash', '-c', 'echo ']
[2025-03-19T22:25:12.665+0000] {subprocess.py:99} INFO - Output:
[2025-03-19T22:25:12.671+0000] {subprocess.py:106} INFO - 
[2025-03-19T22:25:12.672+0000] {subprocess.py:110} INFO - Command exited with return code 0
[2025-03-19T22:25:12.733+0000] {taskinstance.py:341} INFO - ::group::Post task execution logs
[2025-03-19T22:25:12.736+0000] {taskinstance.py:353} INFO - Marking task as SUCCESS. dag_id=dag_with_catchup_and_backfill, task_id=task_1, run_id=scheduled__2023-12-19T00:00:00+00:00, execution_date=20231219T000000, start_date=20250319T222511, end_date=20250319T222512
[2025-03-19T22:25:12.894+0000] {local_task_job_runner.py:266} INFO - Task exited with return code 0
[2025-03-19T22:25:13.051+0000] {local_task_job_runner.py:245} INFO - ::endgroup::
