[2025-03-19T19:08:34.945+0000] {local_task_job_runner.py:123} INFO - ::group::Pre task execution logs
[2025-03-19T19:08:37.357+0000] {taskinstance.py:2614} INFO - Dependencies all met for dep_context=non-requeueable deps ti=<TaskInstance: dag_with_taskflow_Api_v2.get_name scheduled__2024-12-10T00:00:00+00:00 [queued]>
[2025-03-19T19:08:38.824+0000] {taskinstance.py:2614} INFO - Dependencies all met for dep_context=requeueable deps ti=<TaskInstance: dag_with_taskflow_Api_v2.get_name scheduled__2024-12-10T00:00:00+00:00 [queued]>
[2025-03-19T19:08:38.856+0000] {taskinstance.py:2867} INFO - Starting attempt 1 of 6
[2025-03-19T19:08:39.218+0000] {taskinstance.py:2890} INFO - Executing <Task(_PythonDecoratedOperator): get_name> on 2024-12-10 00:00:00+00:00
[2025-03-19T19:08:39.377+0000] {standard_task_runner.py:104} INFO - Running: ['***', 'tasks', 'run', 'dag_with_taskflow_Api_v2', 'get_name', 'scheduled__2024-12-10T00:00:00+00:00', '--job-id', '2941', '--raw', '--subdir', 'DAGS_FOLDER/dag_with_taskflow_api.py', '--cfg-path', '/tmp/tmp_98ldaxe']
[2025-03-19T19:08:39.401+0000] {standard_task_runner.py:105} INFO - Job 2941: Subtask get_name
[2025-03-19T19:08:39.405+0000] {logging_mixin.py:190} WARNING - /home/***/.local/lib/python3.12/site-packages/***/task/task_runner/standard_task_runner.py:70 DeprecationWarning: This process (pid=10195) is multi-threaded, use of fork() may lead to deadlocks in the child.
[2025-03-19T19:08:39.408+0000] {standard_task_runner.py:72} INFO - Started process 10210 to run task
[2025-03-19T19:08:41.056+0000] {task_command.py:467} INFO - Running <TaskInstance: dag_with_taskflow_Api_v2.get_name scheduled__2024-12-10T00:00:00+00:00 [running]> on host 63fd4b143e0a
[2025-03-19T19:08:48.238+0000] {job.py:229} INFO - Heartbeat recovered after 14.84 seconds
[2025-03-19T19:09:19.426+0000] {job.py:229} INFO - Heartbeat recovered after 31.66 seconds
[2025-03-19T19:09:28.109+0000] {taskinstance.py:3134} INFO - Exporting env vars: AIRFLOW_CTX_DAG_OWNER='***' AIRFLOW_CTX_DAG_ID='dag_with_taskflow_Api_v2' AIRFLOW_CTX_TASK_ID='get_name' AIRFLOW_CTX_EXECUTION_DATE='2024-12-10T00:00:00+00:00' AIRFLOW_CTX_TRY_NUMBER='1' AIRFLOW_CTX_DAG_RUN_ID='scheduled__2024-12-10T00:00:00+00:00'
[2025-03-19T19:09:28.489+0000] {taskinstance.py:732} INFO - ::endgroup::
[2025-03-19T19:09:28.754+0000] {python.py:240} INFO - Done. Returned value was: {'first_name': 'John', 'last_name': 'Doe'}
[2025-03-19T19:09:29.731+0000] {job.py:229} INFO - Heartbeat recovered after 11.36 seconds
[2025-03-19T19:09:31.099+0000] {taskinstance.py:341} INFO - ::group::Post task execution logs
[2025-03-19T19:09:31.198+0000] {taskinstance.py:353} INFO - Marking task as SUCCESS. dag_id=dag_with_taskflow_Api_v2, task_id=get_name, run_id=scheduled__2024-12-10T00:00:00+00:00, execution_date=20241210T000000, start_date=20250319T190837, end_date=20250319T190931
[2025-03-19T19:09:33.899+0000] {local_task_job_runner.py:266} INFO - Task exited with return code 0
[2025-03-19T19:09:34.339+0000] {local_task_job_runner.py:245} INFO - ::endgroup::
