[2025-03-19T22:23:54.437+0000] {local_task_job_runner.py:123} INFO - ::group::Pre task execution logs
[2025-03-19T22:23:54.712+0000] {taskinstance.py:2614} INFO - Dependencies all met for dep_context=non-requeueable deps ti=<TaskInstance: dag_with_taskflow_Api_v2.get_age scheduled__2025-02-03T00:00:00+00:00 [queued]>
[2025-03-19T22:23:54.863+0000] {taskinstance.py:2614} INFO - Dependencies all met for dep_context=requeueable deps ti=<TaskInstance: dag_with_taskflow_Api_v2.get_age scheduled__2025-02-03T00:00:00+00:00 [queued]>
[2025-03-19T22:23:54.872+0000] {taskinstance.py:2867} INFO - Starting attempt 1 of 6
[2025-03-19T22:23:58.800+0000] {taskinstance.py:2890} INFO - Executing <Task(_PythonDecoratedOperator): get_age> on 2025-02-03 00:00:00+00:00
[2025-03-19T22:23:59.001+0000] {logging_mixin.py:190} WARNING - /home/***/.local/lib/python3.12/site-packages/***/task/task_runner/standard_task_runner.py:70 DeprecationWarning: This process (pid=719) is multi-threaded, use of fork() may lead to deadlocks in the child.
[2025-03-19T22:23:59.019+0000] {standard_task_runner.py:72} INFO - Started process 763 to run task
[2025-03-19T22:23:59.255+0000] {standard_task_runner.py:104} INFO - Running: ['***', 'tasks', 'run', 'dag_with_taskflow_Api_v2', 'get_age', 'scheduled__2025-02-03T00:00:00+00:00', '--job-id', '3211', '--raw', '--subdir', 'DAGS_FOLDER/dag_with_taskflow_api.py', '--cfg-path', '/tmp/tmpvg_2uem9']
[2025-03-19T22:23:59.361+0000] {standard_task_runner.py:105} INFO - Job 3211: Subtask get_age
[2025-03-19T22:24:02.847+0000] {task_command.py:467} INFO - Running <TaskInstance: dag_with_taskflow_Api_v2.get_age scheduled__2025-02-03T00:00:00+00:00 [running]> on host 63fd4b143e0a
[2025-03-19T22:24:05.564+0000] {job.py:229} INFO - Heartbeat recovered after 14.66 seconds
[2025-03-19T22:24:10.003+0000] {taskinstance.py:3134} INFO - Exporting env vars: AIRFLOW_CTX_DAG_OWNER='***' AIRFLOW_CTX_DAG_ID='dag_with_taskflow_Api_v2' AIRFLOW_CTX_TASK_ID='get_age' AIRFLOW_CTX_EXECUTION_DATE='2025-02-03T00:00:00+00:00' AIRFLOW_CTX_TRY_NUMBER='1' AIRFLOW_CTX_DAG_RUN_ID='scheduled__2025-02-03T00:00:00+00:00'
[2025-03-19T22:24:10.153+0000] {taskinstance.py:732} INFO - ::endgroup::
[2025-03-19T22:24:10.230+0000] {python.py:240} INFO - Done. Returned value was: 19
[2025-03-19T22:24:10.489+0000] {taskinstance.py:341} INFO - ::group::Post task execution logs
[2025-03-19T22:24:10.501+0000] {taskinstance.py:353} INFO - Marking task as SUCCESS. dag_id=dag_with_taskflow_Api_v2, task_id=get_age, run_id=scheduled__2025-02-03T00:00:00+00:00, execution_date=20250203T000000, start_date=20250319T222354, end_date=20250319T222410
[2025-03-19T22:24:13.027+0000] {local_task_job_runner.py:266} INFO - Task exited with return code 0
[2025-03-19T22:24:13.830+0000] {taskinstance.py:3901} INFO - 1 downstream tasks scheduled from follow-on schedule check
[2025-03-19T22:24:13.929+0000] {local_task_job_runner.py:245} INFO - ::endgroup::
[2025-03-19T22:24:14.632+0000] {standard_task_runner.py:217} INFO - Process not found (most likely exited), stop collecting metrics
