[2025-03-19T22:26:17.063+0000] {local_task_job_runner.py:123} INFO - ::group::Pre task execution logs
[2025-03-19T22:26:19.780+0000] {taskinstance.py:2614} INFO - Dependencies all met for dep_context=non-requeueable deps ti=<TaskInstance: dag_with_catchup_and_backfill.task_1 scheduled__2024-01-12T00:00:00+00:00 [queued]>
[2025-03-19T22:26:19.918+0000] {taskinstance.py:2614} INFO - Dependencies all met for dep_context=requeueable deps ti=<TaskInstance: dag_with_catchup_and_backfill.task_1 scheduled__2024-01-12T00:00:00+00:00 [queued]>
[2025-03-19T22:26:19.937+0000] {taskinstance.py:2867} INFO - Starting attempt 1 of 6
[2025-03-19T22:26:20.212+0000] {taskinstance.py:2890} INFO - Executing <Task(BashOperator): task_1> on 2024-01-12 00:00:00+00:00
[2025-03-19T22:26:21.516+0000] {standard_task_runner.py:104} INFO - Running: ['***', 'tasks', 'run', 'dag_with_catchup_and_backfill', 'task_1', 'scheduled__2024-01-12T00:00:00+00:00', '--job-id', '3360', '--raw', '--subdir', 'DAGS_FOLDER/dag_with_catchup_and_backfill.py', '--cfg-path', '/tmp/tmphmprz78r']
[2025-03-19T22:26:21.667+0000] {standard_task_runner.py:105} INFO - Job 3360: Subtask task_1
[2025-03-19T22:26:21.551+0000] {logging_mixin.py:190} WARNING - /home/***/.local/lib/python3.12/site-packages/***/task/task_runner/standard_task_runner.py:70 DeprecationWarning: This process (pid=1288) is multi-threaded, use of fork() may lead to deadlocks in the child.
[2025-03-19T22:26:21.722+0000] {standard_task_runner.py:72} INFO - Started process 1331 to run task
[2025-03-19T22:26:27.569+0000] {task_command.py:467} INFO - Running <TaskInstance: dag_with_catchup_and_backfill.task_1 scheduled__2024-01-12T00:00:00+00:00 [running]> on host 63fd4b143e0a
[2025-03-19T22:26:29.489+0000] {job.py:229} INFO - Heartbeat recovered after 18.49 seconds
[2025-03-19T22:26:35.402+0000] {taskinstance.py:3134} INFO - Exporting env vars: AIRFLOW_CTX_DAG_OWNER='***' AIRFLOW_CTX_DAG_ID='dag_with_catchup_and_backfill' AIRFLOW_CTX_TASK_ID='task_1' AIRFLOW_CTX_EXECUTION_DATE='2024-01-12T00:00:00+00:00' AIRFLOW_CTX_TRY_NUMBER='1' AIRFLOW_CTX_DAG_RUN_ID='scheduled__2024-01-12T00:00:00+00:00'
[2025-03-19T22:26:36.007+0000] {taskinstance.py:732} INFO - ::endgroup::
[2025-03-19T22:26:37.331+0000] {subprocess.py:78} INFO - Tmp dir root location: /tmp
[2025-03-19T22:26:37.390+0000] {subprocess.py:88} INFO - Running command: ['/usr/bin/bash', '-c', 'echo ']
[2025-03-19T22:26:37.747+0000] {subprocess.py:99} INFO - Output:
[2025-03-19T22:26:37.940+0000] {subprocess.py:106} INFO - 
[2025-03-19T22:26:38.016+0000] {subprocess.py:110} INFO - Command exited with return code 0
[2025-03-19T22:26:40.050+0000] {taskinstance.py:341} INFO - ::group::Post task execution logs
[2025-03-19T22:26:40.294+0000] {taskinstance.py:353} INFO - Marking task as SUCCESS. dag_id=dag_with_catchup_and_backfill, task_id=task_1, run_id=scheduled__2024-01-12T00:00:00+00:00, execution_date=20240112T000000, start_date=20250319T222619, end_date=20250319T222640
[2025-03-19T22:26:46.268+0000] {local_task_job_runner.py:266} INFO - Task exited with return code 0
[2025-03-19T22:26:47.050+0000] {taskinstance.py:3901} INFO - 0 downstream tasks scheduled from follow-on schedule check
[2025-03-19T22:26:47.083+0000] {local_task_job_runner.py:245} INFO - ::endgroup::
