[2025-03-19T22:26:08.725+0000] {local_task_job_runner.py:123} INFO - ::group::Pre task execution logs
[2025-03-19T22:26:09.860+0000] {taskinstance.py:2614} INFO - Dependencies all met for dep_context=non-requeueable deps ti=<TaskInstance: dag_with_catchup_and_backfill.task_1 scheduled__2024-01-09T00:00:00+00:00 [queued]>
[2025-03-19T22:26:10.304+0000] {taskinstance.py:2614} INFO - Dependencies all met for dep_context=requeueable deps ti=<TaskInstance: dag_with_catchup_and_backfill.task_1 scheduled__2024-01-09T00:00:00+00:00 [queued]>
[2025-03-19T22:26:10.346+0000] {taskinstance.py:2867} INFO - Starting attempt 1 of 6
[2025-03-19T22:26:12.150+0000] {taskinstance.py:2890} INFO - Executing <Task(BashOperator): task_1> on 2024-01-09 00:00:00+00:00
[2025-03-19T22:26:13.519+0000] {standard_task_runner.py:104} INFO - Running: ['***', 'tasks', 'run', 'dag_with_catchup_and_backfill', 'task_1', 'scheduled__2024-01-09T00:00:00+00:00', '--job-id', '3351', '--raw', '--subdir', 'DAGS_FOLDER/dag_with_catchup_and_backfill.py', '--cfg-path', '/tmp/tmpazmdr8m7']
[2025-03-19T22:26:13.713+0000] {standard_task_runner.py:105} INFO - Job 3351: Subtask task_1
[2025-03-19T22:26:13.770+0000] {logging_mixin.py:190} WARNING - /home/***/.local/lib/python3.12/site-packages/***/task/task_runner/standard_task_runner.py:70 DeprecationWarning: This process (pid=1279) is multi-threaded, use of fork() may lead to deadlocks in the child.
[2025-03-19T22:26:13.829+0000] {standard_task_runner.py:72} INFO - Started process 1317 to run task
[2025-03-19T22:26:18.349+0000] {task_command.py:467} INFO - Running <TaskInstance: dag_with_catchup_and_backfill.task_1 scheduled__2024-01-09T00:00:00+00:00 [running]> on host 63fd4b143e0a
[2025-03-19T22:26:22.402+0000] {job.py:229} INFO - Heartbeat recovered after 17.62 seconds
[2025-03-19T22:26:33.278+0000] {taskinstance.py:3134} INFO - Exporting env vars: AIRFLOW_CTX_DAG_OWNER='***' AIRFLOW_CTX_DAG_ID='dag_with_catchup_and_backfill' AIRFLOW_CTX_TASK_ID='task_1' AIRFLOW_CTX_EXECUTION_DATE='2024-01-09T00:00:00+00:00' AIRFLOW_CTX_TRY_NUMBER='1' AIRFLOW_CTX_DAG_RUN_ID='scheduled__2024-01-09T00:00:00+00:00'
[2025-03-19T22:26:33.679+0000] {taskinstance.py:732} INFO - ::endgroup::
[2025-03-19T22:26:34.059+0000] {subprocess.py:78} INFO - Tmp dir root location: /tmp
[2025-03-19T22:26:34.129+0000] {subprocess.py:88} INFO - Running command: ['/usr/bin/bash', '-c', 'echo ']
[2025-03-19T22:26:34.548+0000] {subprocess.py:99} INFO - Output:
[2025-03-19T22:26:34.572+0000] {subprocess.py:106} INFO - 
[2025-03-19T22:26:34.577+0000] {subprocess.py:110} INFO - Command exited with return code 0
[2025-03-19T22:26:37.029+0000] {taskinstance.py:341} INFO - ::group::Post task execution logs
[2025-03-19T22:26:37.094+0000] {taskinstance.py:353} INFO - Marking task as SUCCESS. dag_id=dag_with_catchup_and_backfill, task_id=task_1, run_id=scheduled__2024-01-09T00:00:00+00:00, execution_date=20240109T000000, start_date=20250319T222609, end_date=20250319T222637
[2025-03-19T22:26:39.596+0000] {local_task_job_runner.py:266} INFO - Task exited with return code 0
[2025-03-19T22:26:42.507+0000] {taskinstance.py:3901} INFO - 0 downstream tasks scheduled from follow-on schedule check
[2025-03-19T22:26:43.001+0000] {local_task_job_runner.py:245} INFO - ::endgroup::
[2025-03-19T22:26:45.074+0000] {standard_task_runner.py:217} INFO - Process not found (most likely exited), stop collecting metrics
