[2025-03-17T14:32:54.796-0400] {local_task_job_runner.py:123} INFO - ::group::Pre task execution logs
[2025-03-17T14:32:54.801-0400] {taskinstance.py:2614} INFO - Dependencies all met for dep_context=non-requeueable deps ti=<TaskInstance: tutorial_taskflow_api.extract manual__2025-03-17T18:32:52.142733+00:00 [queued]>
[2025-03-17T14:32:54.803-0400] {taskinstance.py:2614} INFO - Dependencies all met for dep_context=requeueable deps ti=<TaskInstance: tutorial_taskflow_api.extract manual__2025-03-17T18:32:52.142733+00:00 [queued]>
[2025-03-17T14:32:54.803-0400] {taskinstance.py:2867} INFO - Starting attempt 1 of 1
[2025-03-17T14:32:54.807-0400] {taskinstance.py:2890} INFO - Executing <Task(_PythonDecoratedOperator): extract> on 2025-03-17 18:32:52.142733+00:00
[2025-03-17T14:32:54.814-0400] {standard_task_runner.py:104} INFO - Running: ['airflow', 'tasks', 'run', 'tutorial_taskflow_api', 'extract', 'manual__2025-03-17T18:32:52.142733+00:00', '--job-id', '3', '--raw', '--subdir', '/Users/nidhipatel/ApacheAirflow_Tutorial/py_env/lib/python3.12/site-packages/airflow/example_dags/tutorial_taskflow_api.py', '--cfg-path', '/usr/local/tmp/tmpf06xz8n8']
[2025-03-17T14:32:54.815-0400] {standard_task_runner.py:105} INFO - Job 3: Subtask extract
[2025-03-17T14:32:54.815-0400] {logging_mixin.py:190} WARNING - /Users/nidhipatel/ApacheAirflow_Tutorial/py_env/lib/python3.12/site-packages/airflow/task/task_runner/standard_task_runner.py:70 DeprecationWarning: This process (pid=32001) is multi-threaded, use of fork() may lead to deadlocks in the child.
[2025-03-17T14:32:54.816-0400] {standard_task_runner.py:72} INFO - Started process 32003 to run task
[2025-03-17T14:32:54.837-0400] {task_command.py:467} INFO - Running <TaskInstance: tutorial_taskflow_api.extract manual__2025-03-17T18:32:52.142733+00:00 [running]> on host nidhis-macbook-pro.local
[2025-03-17T14:32:54.857-0400] {taskinstance.py:3134} INFO - Exporting env vars: AIRFLOW_CTX_DAG_OWNER='airflow' AIRFLOW_CTX_DAG_ID='tutorial_taskflow_api' AIRFLOW_CTX_TASK_ID='extract' AIRFLOW_CTX_EXECUTION_DATE='2025-03-17T18:32:52.142733+00:00' AIRFLOW_CTX_TRY_NUMBER='1' AIRFLOW_CTX_DAG_RUN_ID='manual__2025-03-17T18:32:52.142733+00:00'
[2025-03-17T14:32:54.858-0400] {logging_mixin.py:190} INFO - Task instance is in running state
[2025-03-17T14:32:54.858-0400] {logging_mixin.py:190} INFO -  Previous state of the Task instance: queued
[2025-03-17T14:32:54.858-0400] {logging_mixin.py:190} INFO - Current task name:extract state:running start_date:2025-03-17 18:32:54.801442+00:00
[2025-03-17T14:32:54.859-0400] {logging_mixin.py:190} INFO - Dag name:tutorial_taskflow_api and current dag run status:running
[2025-03-17T14:32:54.859-0400] {taskinstance.py:732} INFO - ::endgroup::
[2025-03-17T14:32:54.859-0400] {python.py:240} INFO - Done. Returned value was: {'1001': 301.27, '1002': 433.21, '1003': 502.22}
[2025-03-17T14:32:54.863-0400] {taskinstance.py:341} INFO - ::group::Post task execution logs
[2025-03-17T14:32:54.864-0400] {taskinstance.py:353} INFO - Marking task as SUCCESS. dag_id=tutorial_taskflow_api, task_id=extract, run_id=manual__2025-03-17T18:32:52.142733+00:00, execution_date=20250317T183252, start_date=20250317T183254, end_date=20250317T183254
[2025-03-17T14:32:54.869-0400] {logging_mixin.py:190} INFO - Task instance in success state
[2025-03-17T14:32:54.869-0400] {logging_mixin.py:190} INFO -  Previous state of the Task instance: running
[2025-03-17T14:32:54.869-0400] {logging_mixin.py:190} INFO - Dag name:tutorial_taskflow_api queued_at:2025-03-17 18:32:52.158302+00:00
[2025-03-17T14:32:54.870-0400] {logging_mixin.py:190} INFO - Task hostname:nidhis-macbook-pro.local operator:_PythonDecoratedOperator
[2025-03-17T14:32:54.876-0400] {local_task_job_runner.py:266} INFO - Task exited with return code 0
[2025-03-17T14:32:54.886-0400] {taskinstance.py:3901} INFO - 1 downstream tasks scheduled from follow-on schedule check
[2025-03-17T14:32:54.886-0400] {local_task_job_runner.py:245} INFO - ::endgroup::
