[2025-03-19T19:11:53.707+0000] {local_task_job_runner.py:123} INFO - ::group::Pre task execution logs
[2025-03-19T19:11:54.099+0000] {taskinstance.py:2614} INFO - Dependencies all met for dep_context=non-requeueable deps ti=<TaskInstance: dag_with_taskflow_Api_v2.get_name scheduled__2024-12-25T00:00:00+00:00 [queued]>
[2025-03-19T19:11:54.326+0000] {taskinstance.py:2614} INFO - Dependencies all met for dep_context=requeueable deps ti=<TaskInstance: dag_with_taskflow_Api_v2.get_name scheduled__2024-12-25T00:00:00+00:00 [queued]>
[2025-03-19T19:11:54.352+0000] {taskinstance.py:2867} INFO - Starting attempt 1 of 6
[2025-03-19T19:11:55.581+0000] {taskinstance.py:2890} INFO - Executing <Task(_PythonDecoratedOperator): get_name> on 2024-12-25 00:00:00+00:00
[2025-03-19T19:11:55.831+0000] {logging_mixin.py:190} WARNING - /home/***/.local/lib/python3.12/site-packages/***/task/task_runner/standard_task_runner.py:70 DeprecationWarning: This process (pid=10476) is multi-threaded, use of fork() may lead to deadlocks in the child.
[2025-03-19T19:11:55.915+0000] {standard_task_runner.py:72} INFO - Started process 10504 to run task
[2025-03-19T19:11:55.951+0000] {standard_task_runner.py:104} INFO - Running: ['***', 'tasks', 'run', 'dag_with_taskflow_Api_v2', 'get_name', 'scheduled__2024-12-25T00:00:00+00:00', '--job-id', '3016', '--raw', '--subdir', 'DAGS_FOLDER/dag_with_taskflow_api.py', '--cfg-path', '/tmp/tmpxqdni_3q']
[2025-03-19T19:11:56.111+0000] {standard_task_runner.py:105} INFO - Job 3016: Subtask get_name
[2025-03-19T19:11:57.350+0000] {task_command.py:467} INFO - Running <TaskInstance: dag_with_taskflow_Api_v2.get_name scheduled__2024-12-25T00:00:00+00:00 [running]> on host 63fd4b143e0a
[2025-03-19T19:12:07.465+0000] {job.py:229} INFO - Heartbeat recovered after 14.60 seconds
[2025-03-19T19:22:04.869+0000] {taskinstance.py:3134} INFO - Exporting env vars: AIRFLOW_CTX_DAG_OWNER='***' AIRFLOW_CTX_DAG_ID='dag_with_taskflow_Api_v2' AIRFLOW_CTX_TASK_ID='get_name' AIRFLOW_CTX_EXECUTION_DATE='2024-12-25T00:00:00+00:00' AIRFLOW_CTX_TRY_NUMBER='1' AIRFLOW_CTX_DAG_RUN_ID='scheduled__2024-12-25T00:00:00+00:00'
[2025-03-19T19:22:05.197+0000] {taskinstance.py:732} INFO - ::endgroup::
[2025-03-19T19:22:05.292+0000] {job.py:229} INFO - Heartbeat recovered after 598.64 seconds
[2025-03-19T19:22:05.687+0000] {python.py:240} INFO - Done. Returned value was: {'first_name': 'John', 'last_name': 'Doe'}
[2025-03-19T19:22:22.668+0000] {job.py:229} INFO - Heartbeat recovered after 17.48 seconds
[2025-03-19T19:22:26.797+0000] {taskinstance.py:341} INFO - ::group::Post task execution logs
[2025-03-19T19:22:27.065+0000] {taskinstance.py:353} INFO - Marking task as SUCCESS. dag_id=dag_with_taskflow_Api_v2, task_id=get_name, run_id=scheduled__2024-12-25T00:00:00+00:00, execution_date=20241225T000000, start_date=20250319T191154, end_date=20250319T192227
[2025-03-19T19:22:32.523+0000] {job.py:229} INFO - Heartbeat recovered after 12.48 seconds
[2025-03-19T19:22:58.445+0000] {local_task_job_runner.py:266} INFO - Task exited with return code 0
[2025-03-19T19:22:58.772+0000] {local_task_job_runner.py:245} INFO - ::endgroup::
