[2025-03-17T14:18:38.154-0400] {processor.py:186} INFO - Started process (PID=31168) to work on /Library/Frameworks/Python.framework/Versions/3.11/lib/python3.11/site-packages/airflow/example_dags/plugins/event_listener.py
[2025-03-17T14:18:38.154-0400] {processor.py:914} INFO - Processing file /Library/Frameworks/Python.framework/Versions/3.11/lib/python3.11/site-packages/airflow/example_dags/plugins/event_listener.py for tasks to queue
[2025-03-17T14:18:38.155-0400] {logging_mixin.py:190} INFO - [2025-03-17T14:18:38.155-0400] {dagbag.py:588} INFO - Filling up the DagBag from /Library/Frameworks/Python.framework/Versions/3.11/lib/python3.11/site-packages/airflow/example_dags/plugins/event_listener.py
[2025-03-17T14:18:38.155-0400] {processor.py:927} WARNING - No viable dags retrieved from /Library/Frameworks/Python.framework/Versions/3.11/lib/python3.11/site-packages/airflow/example_dags/plugins/event_listener.py
[2025-03-17T14:18:38.183-0400] {processor.py:208} INFO - Processing /Library/Frameworks/Python.framework/Versions/3.11/lib/python3.11/site-packages/airflow/example_dags/plugins/event_listener.py took 0.030 seconds
[2025-03-17T14:31:54.083-0400] {processor.py:186} INFO - Started process (PID=31905) to work on /Users/nidhipatel/ApacheAirflow_Tutorial/py_env/lib/python3.12/site-packages/airflow/example_dags/plugins/event_listener.py
[2025-03-17T14:31:54.084-0400] {processor.py:914} INFO - Processing file /Users/nidhipatel/ApacheAirflow_Tutorial/py_env/lib/python3.12/site-packages/airflow/example_dags/plugins/event_listener.py for tasks to queue
[2025-03-17T14:31:54.084-0400] {logging_mixin.py:190} INFO - [2025-03-17T14:31:54.084-0400] {dagbag.py:588} INFO - Filling up the DagBag from /Users/nidhipatel/ApacheAirflow_Tutorial/py_env/lib/python3.12/site-packages/airflow/example_dags/plugins/event_listener.py
[2025-03-17T14:31:54.085-0400] {processor.py:927} WARNING - No viable dags retrieved from /Users/nidhipatel/ApacheAirflow_Tutorial/py_env/lib/python3.12/site-packages/airflow/example_dags/plugins/event_listener.py
[2025-03-17T14:31:54.120-0400] {processor.py:208} INFO - Processing /Users/nidhipatel/ApacheAirflow_Tutorial/py_env/lib/python3.12/site-packages/airflow/example_dags/plugins/event_listener.py took 0.038 seconds
[2025-03-17T14:33:35.535-0400] {processor.py:186} INFO - Started process (PID=32083) to work on /Users/nidhipatel/ApacheAirflow_Tutorial/py_env/lib/python3.12/site-packages/airflow/example_dags/plugins/event_listener.py
[2025-03-17T14:33:35.536-0400] {processor.py:914} INFO - Processing file /Users/nidhipatel/ApacheAirflow_Tutorial/py_env/lib/python3.12/site-packages/airflow/example_dags/plugins/event_listener.py for tasks to queue
[2025-03-17T14:33:35.537-0400] {logging_mixin.py:190} INFO - [2025-03-17T14:33:35.537-0400] {dagbag.py:588} INFO - Filling up the DagBag from /Users/nidhipatel/ApacheAirflow_Tutorial/py_env/lib/python3.12/site-packages/airflow/example_dags/plugins/event_listener.py
[2025-03-17T14:33:35.537-0400] {processor.py:927} WARNING - No viable dags retrieved from /Users/nidhipatel/ApacheAirflow_Tutorial/py_env/lib/python3.12/site-packages/airflow/example_dags/plugins/event_listener.py
[2025-03-17T14:33:35.574-0400] {processor.py:208} INFO - Processing /Users/nidhipatel/ApacheAirflow_Tutorial/py_env/lib/python3.12/site-packages/airflow/example_dags/plugins/event_listener.py took 0.041 seconds
[2025-03-17T14:34:40.740-0400] {processor.py:186} INFO - Started process (PID=32169) to work on /Users/nidhipatel/ApacheAirflow_Tutorial/py_env/lib/python3.12/site-packages/airflow/example_dags/plugins/event_listener.py
[2025-03-17T14:34:40.741-0400] {processor.py:914} INFO - Processing file /Users/nidhipatel/ApacheAirflow_Tutorial/py_env/lib/python3.12/site-packages/airflow/example_dags/plugins/event_listener.py for tasks to queue
[2025-03-17T14:34:40.741-0400] {logging_mixin.py:190} INFO - [2025-03-17T14:34:40.741-0400] {dagbag.py:588} INFO - Filling up the DagBag from /Users/nidhipatel/ApacheAirflow_Tutorial/py_env/lib/python3.12/site-packages/airflow/example_dags/plugins/event_listener.py
[2025-03-17T14:34:40.742-0400] {processor.py:927} WARNING - No viable dags retrieved from /Users/nidhipatel/ApacheAirflow_Tutorial/py_env/lib/python3.12/site-packages/airflow/example_dags/plugins/event_listener.py
[2025-03-17T14:34:40.773-0400] {processor.py:208} INFO - Processing /Users/nidhipatel/ApacheAirflow_Tutorial/py_env/lib/python3.12/site-packages/airflow/example_dags/plugins/event_listener.py took 0.034 seconds
[2025-03-17T14:35:49.814-0400] {processor.py:186} INFO - Started process (PID=32252) to work on /Users/nidhipatel/ApacheAirflow_Tutorial/py_env/lib/python3.12/site-packages/airflow/example_dags/plugins/event_listener.py
[2025-03-17T14:35:49.815-0400] {processor.py:914} INFO - Processing file /Users/nidhipatel/ApacheAirflow_Tutorial/py_env/lib/python3.12/site-packages/airflow/example_dags/plugins/event_listener.py for tasks to queue
[2025-03-17T14:35:49.815-0400] {logging_mixin.py:190} INFO - [2025-03-17T14:35:49.815-0400] {dagbag.py:588} INFO - Filling up the DagBag from /Users/nidhipatel/ApacheAirflow_Tutorial/py_env/lib/python3.12/site-packages/airflow/example_dags/plugins/event_listener.py
[2025-03-17T14:35:49.816-0400] {processor.py:927} WARNING - No viable dags retrieved from /Users/nidhipatel/ApacheAirflow_Tutorial/py_env/lib/python3.12/site-packages/airflow/example_dags/plugins/event_listener.py
[2025-03-17T14:35:49.846-0400] {processor.py:208} INFO - Processing /Users/nidhipatel/ApacheAirflow_Tutorial/py_env/lib/python3.12/site-packages/airflow/example_dags/plugins/event_listener.py took 0.033 seconds
[2025-03-17T14:36:55.030-0400] {processor.py:186} INFO - Started process (PID=32336) to work on /Users/nidhipatel/ApacheAirflow_Tutorial/py_env/lib/python3.12/site-packages/airflow/example_dags/plugins/event_listener.py
[2025-03-17T14:36:55.031-0400] {processor.py:914} INFO - Processing file /Users/nidhipatel/ApacheAirflow_Tutorial/py_env/lib/python3.12/site-packages/airflow/example_dags/plugins/event_listener.py for tasks to queue
[2025-03-17T14:36:55.031-0400] {logging_mixin.py:190} INFO - [2025-03-17T14:36:55.031-0400] {dagbag.py:588} INFO - Filling up the DagBag from /Users/nidhipatel/ApacheAirflow_Tutorial/py_env/lib/python3.12/site-packages/airflow/example_dags/plugins/event_listener.py
[2025-03-17T14:36:55.032-0400] {processor.py:927} WARNING - No viable dags retrieved from /Users/nidhipatel/ApacheAirflow_Tutorial/py_env/lib/python3.12/site-packages/airflow/example_dags/plugins/event_listener.py
[2025-03-17T14:36:55.064-0400] {processor.py:208} INFO - Processing /Users/nidhipatel/ApacheAirflow_Tutorial/py_env/lib/python3.12/site-packages/airflow/example_dags/plugins/event_listener.py took 0.035 seconds
[2025-03-17T14:37:57.678-0400] {processor.py:186} INFO - Started process (PID=32417) to work on /Users/nidhipatel/ApacheAirflow_Tutorial/py_env/lib/python3.12/site-packages/airflow/example_dags/plugins/event_listener.py
[2025-03-17T14:37:57.679-0400] {processor.py:914} INFO - Processing file /Users/nidhipatel/ApacheAirflow_Tutorial/py_env/lib/python3.12/site-packages/airflow/example_dags/plugins/event_listener.py for tasks to queue
[2025-03-17T14:37:57.679-0400] {logging_mixin.py:190} INFO - [2025-03-17T14:37:57.679-0400] {dagbag.py:588} INFO - Filling up the DagBag from /Users/nidhipatel/ApacheAirflow_Tutorial/py_env/lib/python3.12/site-packages/airflow/example_dags/plugins/event_listener.py
[2025-03-17T14:37:57.680-0400] {processor.py:927} WARNING - No viable dags retrieved from /Users/nidhipatel/ApacheAirflow_Tutorial/py_env/lib/python3.12/site-packages/airflow/example_dags/plugins/event_listener.py
[2025-03-17T14:37:57.712-0400] {processor.py:208} INFO - Processing /Users/nidhipatel/ApacheAirflow_Tutorial/py_env/lib/python3.12/site-packages/airflow/example_dags/plugins/event_listener.py took 0.035 seconds
[2025-03-17T14:38:57.775-0400] {processor.py:186} INFO - Started process (PID=32522) to work on /Users/nidhipatel/ApacheAirflow_Tutorial/py_env/lib/python3.12/site-packages/airflow/example_dags/plugins/event_listener.py
[2025-03-17T14:38:57.775-0400] {processor.py:914} INFO - Processing file /Users/nidhipatel/ApacheAirflow_Tutorial/py_env/lib/python3.12/site-packages/airflow/example_dags/plugins/event_listener.py for tasks to queue
[2025-03-17T14:38:57.776-0400] {logging_mixin.py:190} INFO - [2025-03-17T14:38:57.776-0400] {dagbag.py:588} INFO - Filling up the DagBag from /Users/nidhipatel/ApacheAirflow_Tutorial/py_env/lib/python3.12/site-packages/airflow/example_dags/plugins/event_listener.py
[2025-03-17T14:38:57.776-0400] {processor.py:927} WARNING - No viable dags retrieved from /Users/nidhipatel/ApacheAirflow_Tutorial/py_env/lib/python3.12/site-packages/airflow/example_dags/plugins/event_listener.py
[2025-03-17T14:38:57.809-0400] {processor.py:208} INFO - Processing /Users/nidhipatel/ApacheAirflow_Tutorial/py_env/lib/python3.12/site-packages/airflow/example_dags/plugins/event_listener.py took 0.036 seconds
[2025-03-17T14:40:00.241-0400] {processor.py:186} INFO - Started process (PID=32635) to work on /Users/nidhipatel/ApacheAirflow_Tutorial/py_env/lib/python3.12/site-packages/airflow/example_dags/plugins/event_listener.py
[2025-03-17T14:40:00.242-0400] {processor.py:914} INFO - Processing file /Users/nidhipatel/ApacheAirflow_Tutorial/py_env/lib/python3.12/site-packages/airflow/example_dags/plugins/event_listener.py for tasks to queue
[2025-03-17T14:40:00.242-0400] {logging_mixin.py:190} INFO - [2025-03-17T14:40:00.242-0400] {dagbag.py:588} INFO - Filling up the DagBag from /Users/nidhipatel/ApacheAirflow_Tutorial/py_env/lib/python3.12/site-packages/airflow/example_dags/plugins/event_listener.py
[2025-03-17T14:40:00.243-0400] {processor.py:927} WARNING - No viable dags retrieved from /Users/nidhipatel/ApacheAirflow_Tutorial/py_env/lib/python3.12/site-packages/airflow/example_dags/plugins/event_listener.py
[2025-03-17T14:40:00.275-0400] {processor.py:208} INFO - Processing /Users/nidhipatel/ApacheAirflow_Tutorial/py_env/lib/python3.12/site-packages/airflow/example_dags/plugins/event_listener.py took 0.035 seconds
[2025-03-17T14:41:03.127-0400] {processor.py:186} INFO - Started process (PID=32724) to work on /Users/nidhipatel/ApacheAirflow_Tutorial/py_env/lib/python3.12/site-packages/airflow/example_dags/plugins/event_listener.py
[2025-03-17T14:41:03.128-0400] {processor.py:914} INFO - Processing file /Users/nidhipatel/ApacheAirflow_Tutorial/py_env/lib/python3.12/site-packages/airflow/example_dags/plugins/event_listener.py for tasks to queue
[2025-03-17T14:41:03.129-0400] {logging_mixin.py:190} INFO - [2025-03-17T14:41:03.129-0400] {dagbag.py:588} INFO - Filling up the DagBag from /Users/nidhipatel/ApacheAirflow_Tutorial/py_env/lib/python3.12/site-packages/airflow/example_dags/plugins/event_listener.py
[2025-03-17T14:41:03.129-0400] {processor.py:927} WARNING - No viable dags retrieved from /Users/nidhipatel/ApacheAirflow_Tutorial/py_env/lib/python3.12/site-packages/airflow/example_dags/plugins/event_listener.py
[2025-03-17T14:41:03.164-0400] {processor.py:208} INFO - Processing /Users/nidhipatel/ApacheAirflow_Tutorial/py_env/lib/python3.12/site-packages/airflow/example_dags/plugins/event_listener.py took 0.038 seconds
[2025-03-17T14:42:07.576-0400] {processor.py:186} INFO - Started process (PID=32818) to work on /Users/nidhipatel/ApacheAirflow_Tutorial/py_env/lib/python3.12/site-packages/airflow/example_dags/plugins/event_listener.py
[2025-03-17T14:42:07.576-0400] {processor.py:914} INFO - Processing file /Users/nidhipatel/ApacheAirflow_Tutorial/py_env/lib/python3.12/site-packages/airflow/example_dags/plugins/event_listener.py for tasks to queue
[2025-03-17T14:42:07.577-0400] {logging_mixin.py:190} INFO - [2025-03-17T14:42:07.577-0400] {dagbag.py:588} INFO - Filling up the DagBag from /Users/nidhipatel/ApacheAirflow_Tutorial/py_env/lib/python3.12/site-packages/airflow/example_dags/plugins/event_listener.py
[2025-03-17T14:42:07.577-0400] {processor.py:927} WARNING - No viable dags retrieved from /Users/nidhipatel/ApacheAirflow_Tutorial/py_env/lib/python3.12/site-packages/airflow/example_dags/plugins/event_listener.py
[2025-03-17T14:42:07.611-0400] {processor.py:208} INFO - Processing /Users/nidhipatel/ApacheAirflow_Tutorial/py_env/lib/python3.12/site-packages/airflow/example_dags/plugins/event_listener.py took 0.036 seconds
[2025-03-17T14:43:12.822-0400] {processor.py:186} INFO - Started process (PID=32899) to work on /Users/nidhipatel/ApacheAirflow_Tutorial/py_env/lib/python3.12/site-packages/airflow/example_dags/plugins/event_listener.py
[2025-03-17T14:43:12.824-0400] {processor.py:914} INFO - Processing file /Users/nidhipatel/ApacheAirflow_Tutorial/py_env/lib/python3.12/site-packages/airflow/example_dags/plugins/event_listener.py for tasks to queue
[2025-03-17T14:43:12.824-0400] {logging_mixin.py:190} INFO - [2025-03-17T14:43:12.824-0400] {dagbag.py:588} INFO - Filling up the DagBag from /Users/nidhipatel/ApacheAirflow_Tutorial/py_env/lib/python3.12/site-packages/airflow/example_dags/plugins/event_listener.py
[2025-03-17T14:43:12.825-0400] {processor.py:927} WARNING - No viable dags retrieved from /Users/nidhipatel/ApacheAirflow_Tutorial/py_env/lib/python3.12/site-packages/airflow/example_dags/plugins/event_listener.py
[2025-03-17T14:43:12.866-0400] {processor.py:208} INFO - Processing /Users/nidhipatel/ApacheAirflow_Tutorial/py_env/lib/python3.12/site-packages/airflow/example_dags/plugins/event_listener.py took 0.046 seconds
[2025-03-17T14:44:20.073-0400] {processor.py:186} INFO - Started process (PID=32981) to work on /Users/nidhipatel/ApacheAirflow_Tutorial/py_env/lib/python3.12/site-packages/airflow/example_dags/plugins/event_listener.py
[2025-03-17T14:44:20.074-0400] {processor.py:914} INFO - Processing file /Users/nidhipatel/ApacheAirflow_Tutorial/py_env/lib/python3.12/site-packages/airflow/example_dags/plugins/event_listener.py for tasks to queue
[2025-03-17T14:44:20.074-0400] {logging_mixin.py:190} INFO - [2025-03-17T14:44:20.074-0400] {dagbag.py:588} INFO - Filling up the DagBag from /Users/nidhipatel/ApacheAirflow_Tutorial/py_env/lib/python3.12/site-packages/airflow/example_dags/plugins/event_listener.py
[2025-03-17T14:44:20.074-0400] {processor.py:927} WARNING - No viable dags retrieved from /Users/nidhipatel/ApacheAirflow_Tutorial/py_env/lib/python3.12/site-packages/airflow/example_dags/plugins/event_listener.py
[2025-03-17T14:44:20.109-0400] {processor.py:208} INFO - Processing /Users/nidhipatel/ApacheAirflow_Tutorial/py_env/lib/python3.12/site-packages/airflow/example_dags/plugins/event_listener.py took 0.037 seconds
[2025-03-17T14:45:29.359-0400] {processor.py:186} INFO - Started process (PID=33089) to work on /Users/nidhipatel/ApacheAirflow_Tutorial/py_env/lib/python3.12/site-packages/airflow/example_dags/plugins/event_listener.py
[2025-03-17T14:45:29.360-0400] {processor.py:914} INFO - Processing file /Users/nidhipatel/ApacheAirflow_Tutorial/py_env/lib/python3.12/site-packages/airflow/example_dags/plugins/event_listener.py for tasks to queue
[2025-03-17T14:45:29.360-0400] {logging_mixin.py:190} INFO - [2025-03-17T14:45:29.360-0400] {dagbag.py:588} INFO - Filling up the DagBag from /Users/nidhipatel/ApacheAirflow_Tutorial/py_env/lib/python3.12/site-packages/airflow/example_dags/plugins/event_listener.py
[2025-03-17T14:45:29.361-0400] {processor.py:927} WARNING - No viable dags retrieved from /Users/nidhipatel/ApacheAirflow_Tutorial/py_env/lib/python3.12/site-packages/airflow/example_dags/plugins/event_listener.py
[2025-03-17T14:45:29.410-0400] {processor.py:208} INFO - Processing /Users/nidhipatel/ApacheAirflow_Tutorial/py_env/lib/python3.12/site-packages/airflow/example_dags/plugins/event_listener.py took 0.069 seconds
[2025-03-17T14:46:37.874-0400] {processor.py:186} INFO - Started process (PID=33169) to work on /Users/nidhipatel/ApacheAirflow_Tutorial/py_env/lib/python3.12/site-packages/airflow/example_dags/plugins/event_listener.py
[2025-03-17T14:46:37.875-0400] {processor.py:914} INFO - Processing file /Users/nidhipatel/ApacheAirflow_Tutorial/py_env/lib/python3.12/site-packages/airflow/example_dags/plugins/event_listener.py for tasks to queue
[2025-03-17T14:46:37.875-0400] {logging_mixin.py:190} INFO - [2025-03-17T14:46:37.875-0400] {dagbag.py:588} INFO - Filling up the DagBag from /Users/nidhipatel/ApacheAirflow_Tutorial/py_env/lib/python3.12/site-packages/airflow/example_dags/plugins/event_listener.py
[2025-03-17T14:46:37.876-0400] {processor.py:927} WARNING - No viable dags retrieved from /Users/nidhipatel/ApacheAirflow_Tutorial/py_env/lib/python3.12/site-packages/airflow/example_dags/plugins/event_listener.py
[2025-03-17T14:46:37.907-0400] {processor.py:208} INFO - Processing /Users/nidhipatel/ApacheAirflow_Tutorial/py_env/lib/python3.12/site-packages/airflow/example_dags/plugins/event_listener.py took 0.034 seconds
[2025-03-17T14:47:47.756-0400] {processor.py:186} INFO - Started process (PID=33257) to work on /Users/nidhipatel/ApacheAirflow_Tutorial/py_env/lib/python3.12/site-packages/airflow/example_dags/plugins/event_listener.py
[2025-03-17T14:47:47.756-0400] {processor.py:914} INFO - Processing file /Users/nidhipatel/ApacheAirflow_Tutorial/py_env/lib/python3.12/site-packages/airflow/example_dags/plugins/event_listener.py for tasks to queue
[2025-03-17T14:47:47.757-0400] {logging_mixin.py:190} INFO - [2025-03-17T14:47:47.756-0400] {dagbag.py:588} INFO - Filling up the DagBag from /Users/nidhipatel/ApacheAirflow_Tutorial/py_env/lib/python3.12/site-packages/airflow/example_dags/plugins/event_listener.py
[2025-03-17T14:47:47.757-0400] {processor.py:927} WARNING - No viable dags retrieved from /Users/nidhipatel/ApacheAirflow_Tutorial/py_env/lib/python3.12/site-packages/airflow/example_dags/plugins/event_listener.py
[2025-03-17T14:47:47.789-0400] {processor.py:208} INFO - Processing /Users/nidhipatel/ApacheAirflow_Tutorial/py_env/lib/python3.12/site-packages/airflow/example_dags/plugins/event_listener.py took 0.035 seconds
[2025-03-17T14:48:53.775-0400] {processor.py:186} INFO - Started process (PID=33344) to work on /Users/nidhipatel/ApacheAirflow_Tutorial/py_env/lib/python3.12/site-packages/airflow/example_dags/plugins/event_listener.py
[2025-03-17T14:48:53.775-0400] {processor.py:914} INFO - Processing file /Users/nidhipatel/ApacheAirflow_Tutorial/py_env/lib/python3.12/site-packages/airflow/example_dags/plugins/event_listener.py for tasks to queue
[2025-03-17T14:48:53.776-0400] {logging_mixin.py:190} INFO - [2025-03-17T14:48:53.776-0400] {dagbag.py:588} INFO - Filling up the DagBag from /Users/nidhipatel/ApacheAirflow_Tutorial/py_env/lib/python3.12/site-packages/airflow/example_dags/plugins/event_listener.py
[2025-03-17T14:48:53.776-0400] {processor.py:927} WARNING - No viable dags retrieved from /Users/nidhipatel/ApacheAirflow_Tutorial/py_env/lib/python3.12/site-packages/airflow/example_dags/plugins/event_listener.py
[2025-03-17T14:48:53.807-0400] {processor.py:208} INFO - Processing /Users/nidhipatel/ApacheAirflow_Tutorial/py_env/lib/python3.12/site-packages/airflow/example_dags/plugins/event_listener.py took 0.034 seconds
[2025-03-17T14:49:58.628-0400] {processor.py:186} INFO - Started process (PID=33453) to work on /Users/nidhipatel/ApacheAirflow_Tutorial/py_env/lib/python3.12/site-packages/airflow/example_dags/plugins/event_listener.py
[2025-03-17T14:49:58.629-0400] {processor.py:914} INFO - Processing file /Users/nidhipatel/ApacheAirflow_Tutorial/py_env/lib/python3.12/site-packages/airflow/example_dags/plugins/event_listener.py for tasks to queue
[2025-03-17T14:49:58.630-0400] {logging_mixin.py:190} INFO - [2025-03-17T14:49:58.630-0400] {dagbag.py:588} INFO - Filling up the DagBag from /Users/nidhipatel/ApacheAirflow_Tutorial/py_env/lib/python3.12/site-packages/airflow/example_dags/plugins/event_listener.py
[2025-03-17T14:49:58.630-0400] {processor.py:927} WARNING - No viable dags retrieved from /Users/nidhipatel/ApacheAirflow_Tutorial/py_env/lib/python3.12/site-packages/airflow/example_dags/plugins/event_listener.py
[2025-03-17T14:49:58.662-0400] {processor.py:208} INFO - Processing /Users/nidhipatel/ApacheAirflow_Tutorial/py_env/lib/python3.12/site-packages/airflow/example_dags/plugins/event_listener.py took 0.035 seconds
[2025-03-17T14:51:02.816-0400] {processor.py:186} INFO - Started process (PID=33580) to work on /Users/nidhipatel/ApacheAirflow_Tutorial/py_env/lib/python3.12/site-packages/airflow/example_dags/plugins/event_listener.py
[2025-03-17T14:51:02.817-0400] {processor.py:914} INFO - Processing file /Users/nidhipatel/ApacheAirflow_Tutorial/py_env/lib/python3.12/site-packages/airflow/example_dags/plugins/event_listener.py for tasks to queue
[2025-03-17T14:51:02.817-0400] {logging_mixin.py:190} INFO - [2025-03-17T14:51:02.817-0400] {dagbag.py:588} INFO - Filling up the DagBag from /Users/nidhipatel/ApacheAirflow_Tutorial/py_env/lib/python3.12/site-packages/airflow/example_dags/plugins/event_listener.py
[2025-03-17T14:51:02.818-0400] {processor.py:927} WARNING - No viable dags retrieved from /Users/nidhipatel/ApacheAirflow_Tutorial/py_env/lib/python3.12/site-packages/airflow/example_dags/plugins/event_listener.py
[2025-03-17T14:51:02.851-0400] {processor.py:208} INFO - Processing /Users/nidhipatel/ApacheAirflow_Tutorial/py_env/lib/python3.12/site-packages/airflow/example_dags/plugins/event_listener.py took 0.036 seconds
[2025-03-17T14:52:09.950-0400] {processor.py:186} INFO - Started process (PID=33789) to work on /Users/nidhipatel/ApacheAirflow_Tutorial/py_env/lib/python3.12/site-packages/airflow/example_dags/plugins/event_listener.py
[2025-03-17T14:52:09.951-0400] {processor.py:914} INFO - Processing file /Users/nidhipatel/ApacheAirflow_Tutorial/py_env/lib/python3.12/site-packages/airflow/example_dags/plugins/event_listener.py for tasks to queue
[2025-03-17T14:52:09.952-0400] {logging_mixin.py:190} INFO - [2025-03-17T14:52:09.952-0400] {dagbag.py:588} INFO - Filling up the DagBag from /Users/nidhipatel/ApacheAirflow_Tutorial/py_env/lib/python3.12/site-packages/airflow/example_dags/plugins/event_listener.py
[2025-03-17T14:52:09.952-0400] {processor.py:927} WARNING - No viable dags retrieved from /Users/nidhipatel/ApacheAirflow_Tutorial/py_env/lib/python3.12/site-packages/airflow/example_dags/plugins/event_listener.py
[2025-03-17T14:52:09.985-0400] {processor.py:208} INFO - Processing /Users/nidhipatel/ApacheAirflow_Tutorial/py_env/lib/python3.12/site-packages/airflow/example_dags/plugins/event_listener.py took 0.039 seconds
[2025-03-17T14:53:19.793-0400] {processor.py:186} INFO - Started process (PID=34028) to work on /Users/nidhipatel/ApacheAirflow_Tutorial/py_env/lib/python3.12/site-packages/airflow/example_dags/plugins/event_listener.py
[2025-03-17T14:53:19.793-0400] {processor.py:914} INFO - Processing file /Users/nidhipatel/ApacheAirflow_Tutorial/py_env/lib/python3.12/site-packages/airflow/example_dags/plugins/event_listener.py for tasks to queue
[2025-03-17T14:53:19.793-0400] {logging_mixin.py:190} INFO - [2025-03-17T14:53:19.793-0400] {dagbag.py:588} INFO - Filling up the DagBag from /Users/nidhipatel/ApacheAirflow_Tutorial/py_env/lib/python3.12/site-packages/airflow/example_dags/plugins/event_listener.py
[2025-03-17T14:53:19.794-0400] {processor.py:927} WARNING - No viable dags retrieved from /Users/nidhipatel/ApacheAirflow_Tutorial/py_env/lib/python3.12/site-packages/airflow/example_dags/plugins/event_listener.py
[2025-03-17T14:53:19.828-0400] {processor.py:208} INFO - Processing /Users/nidhipatel/ApacheAirflow_Tutorial/py_env/lib/python3.12/site-packages/airflow/example_dags/plugins/event_listener.py took 0.037 seconds
