[2025-03-17T14:18:36.291-0400] {processor.py:186} INFO - Started process (PID=31166) to work on /Library/Frameworks/Python.framework/Versions/3.11/lib/python3.11/site-packages/airflow/example_dags/plugins/listener_plugin.py
[2025-03-17T14:18:36.291-0400] {processor.py:914} INFO - Processing file /Library/Frameworks/Python.framework/Versions/3.11/lib/python3.11/site-packages/airflow/example_dags/plugins/listener_plugin.py for tasks to queue
[2025-03-17T14:18:36.292-0400] {logging_mixin.py:190} INFO - [2025-03-17T14:18:36.292-0400] {dagbag.py:588} INFO - Filling up the DagBag from /Library/Frameworks/Python.framework/Versions/3.11/lib/python3.11/site-packages/airflow/example_dags/plugins/listener_plugin.py
[2025-03-17T14:18:36.292-0400] {processor.py:927} WARNING - No viable dags retrieved from /Library/Frameworks/Python.framework/Versions/3.11/lib/python3.11/site-packages/airflow/example_dags/plugins/listener_plugin.py
[2025-03-17T14:18:36.325-0400] {processor.py:208} INFO - Processing /Library/Frameworks/Python.framework/Versions/3.11/lib/python3.11/site-packages/airflow/example_dags/plugins/listener_plugin.py took 0.035 seconds
[2025-03-17T14:31:53.302-0400] {processor.py:186} INFO - Started process (PID=31901) to work on /Users/nidhipatel/ApacheAirflow_Tutorial/py_env/lib/python3.12/site-packages/airflow/example_dags/plugins/listener_plugin.py
[2025-03-17T14:31:53.302-0400] {processor.py:914} INFO - Processing file /Users/nidhipatel/ApacheAirflow_Tutorial/py_env/lib/python3.12/site-packages/airflow/example_dags/plugins/listener_plugin.py for tasks to queue
[2025-03-17T14:31:53.303-0400] {logging_mixin.py:190} INFO - [2025-03-17T14:31:53.303-0400] {dagbag.py:588} INFO - Filling up the DagBag from /Users/nidhipatel/ApacheAirflow_Tutorial/py_env/lib/python3.12/site-packages/airflow/example_dags/plugins/listener_plugin.py
[2025-03-17T14:31:53.304-0400] {processor.py:927} WARNING - No viable dags retrieved from /Users/nidhipatel/ApacheAirflow_Tutorial/py_env/lib/python3.12/site-packages/airflow/example_dags/plugins/listener_plugin.py
[2025-03-17T14:31:53.338-0400] {processor.py:208} INFO - Processing /Users/nidhipatel/ApacheAirflow_Tutorial/py_env/lib/python3.12/site-packages/airflow/example_dags/plugins/listener_plugin.py took 0.038 seconds
[2025-03-17T14:33:33.775-0400] {processor.py:186} INFO - Started process (PID=32080) to work on /Users/nidhipatel/ApacheAirflow_Tutorial/py_env/lib/python3.12/site-packages/airflow/example_dags/plugins/listener_plugin.py
[2025-03-17T14:33:33.775-0400] {processor.py:914} INFO - Processing file /Users/nidhipatel/ApacheAirflow_Tutorial/py_env/lib/python3.12/site-packages/airflow/example_dags/plugins/listener_plugin.py for tasks to queue
[2025-03-17T14:33:33.776-0400] {logging_mixin.py:190} INFO - [2025-03-17T14:33:33.776-0400] {dagbag.py:588} INFO - Filling up the DagBag from /Users/nidhipatel/ApacheAirflow_Tutorial/py_env/lib/python3.12/site-packages/airflow/example_dags/plugins/listener_plugin.py
[2025-03-17T14:33:33.778-0400] {processor.py:927} WARNING - No viable dags retrieved from /Users/nidhipatel/ApacheAirflow_Tutorial/py_env/lib/python3.12/site-packages/airflow/example_dags/plugins/listener_plugin.py
[2025-03-17T14:33:33.812-0400] {processor.py:208} INFO - Processing /Users/nidhipatel/ApacheAirflow_Tutorial/py_env/lib/python3.12/site-packages/airflow/example_dags/plugins/listener_plugin.py took 0.039 seconds
[2025-03-17T14:34:39.933-0400] {processor.py:186} INFO - Started process (PID=32167) to work on /Users/nidhipatel/ApacheAirflow_Tutorial/py_env/lib/python3.12/site-packages/airflow/example_dags/plugins/listener_plugin.py
[2025-03-17T14:34:39.934-0400] {processor.py:914} INFO - Processing file /Users/nidhipatel/ApacheAirflow_Tutorial/py_env/lib/python3.12/site-packages/airflow/example_dags/plugins/listener_plugin.py for tasks to queue
[2025-03-17T14:34:39.934-0400] {logging_mixin.py:190} INFO - [2025-03-17T14:34:39.934-0400] {dagbag.py:588} INFO - Filling up the DagBag from /Users/nidhipatel/ApacheAirflow_Tutorial/py_env/lib/python3.12/site-packages/airflow/example_dags/plugins/listener_plugin.py
[2025-03-17T14:34:39.936-0400] {processor.py:927} WARNING - No viable dags retrieved from /Users/nidhipatel/ApacheAirflow_Tutorial/py_env/lib/python3.12/site-packages/airflow/example_dags/plugins/listener_plugin.py
[2025-03-17T14:34:39.968-0400] {processor.py:208} INFO - Processing /Users/nidhipatel/ApacheAirflow_Tutorial/py_env/lib/python3.12/site-packages/airflow/example_dags/plugins/listener_plugin.py took 0.036 seconds
[2025-03-17T14:35:48.059-0400] {processor.py:186} INFO - Started process (PID=32250) to work on /Users/nidhipatel/ApacheAirflow_Tutorial/py_env/lib/python3.12/site-packages/airflow/example_dags/plugins/listener_plugin.py
[2025-03-17T14:35:48.059-0400] {processor.py:914} INFO - Processing file /Users/nidhipatel/ApacheAirflow_Tutorial/py_env/lib/python3.12/site-packages/airflow/example_dags/plugins/listener_plugin.py for tasks to queue
[2025-03-17T14:35:48.060-0400] {logging_mixin.py:190} INFO - [2025-03-17T14:35:48.060-0400] {dagbag.py:588} INFO - Filling up the DagBag from /Users/nidhipatel/ApacheAirflow_Tutorial/py_env/lib/python3.12/site-packages/airflow/example_dags/plugins/listener_plugin.py
[2025-03-17T14:35:48.062-0400] {processor.py:927} WARNING - No viable dags retrieved from /Users/nidhipatel/ApacheAirflow_Tutorial/py_env/lib/python3.12/site-packages/airflow/example_dags/plugins/listener_plugin.py
[2025-03-17T14:35:48.093-0400] {processor.py:208} INFO - Processing /Users/nidhipatel/ApacheAirflow_Tutorial/py_env/lib/python3.12/site-packages/airflow/example_dags/plugins/listener_plugin.py took 0.036 seconds
[2025-03-17T14:36:53.316-0400] {processor.py:186} INFO - Started process (PID=32334) to work on /Users/nidhipatel/ApacheAirflow_Tutorial/py_env/lib/python3.12/site-packages/airflow/example_dags/plugins/listener_plugin.py
[2025-03-17T14:36:53.316-0400] {processor.py:914} INFO - Processing file /Users/nidhipatel/ApacheAirflow_Tutorial/py_env/lib/python3.12/site-packages/airflow/example_dags/plugins/listener_plugin.py for tasks to queue
[2025-03-17T14:36:53.317-0400] {logging_mixin.py:190} INFO - [2025-03-17T14:36:53.317-0400] {dagbag.py:588} INFO - Filling up the DagBag from /Users/nidhipatel/ApacheAirflow_Tutorial/py_env/lib/python3.12/site-packages/airflow/example_dags/plugins/listener_plugin.py
[2025-03-17T14:36:53.317-0400] {processor.py:927} WARNING - No viable dags retrieved from /Users/nidhipatel/ApacheAirflow_Tutorial/py_env/lib/python3.12/site-packages/airflow/example_dags/plugins/listener_plugin.py
[2025-03-17T14:36:53.348-0400] {processor.py:208} INFO - Processing /Users/nidhipatel/ApacheAirflow_Tutorial/py_env/lib/python3.12/site-packages/airflow/example_dags/plugins/listener_plugin.py took 0.034 seconds
[2025-03-17T14:37:55.914-0400] {processor.py:186} INFO - Started process (PID=32415) to work on /Users/nidhipatel/ApacheAirflow_Tutorial/py_env/lib/python3.12/site-packages/airflow/example_dags/plugins/listener_plugin.py
[2025-03-17T14:37:55.915-0400] {processor.py:914} INFO - Processing file /Users/nidhipatel/ApacheAirflow_Tutorial/py_env/lib/python3.12/site-packages/airflow/example_dags/plugins/listener_plugin.py for tasks to queue
[2025-03-17T14:37:55.915-0400] {logging_mixin.py:190} INFO - [2025-03-17T14:37:55.915-0400] {dagbag.py:588} INFO - Filling up the DagBag from /Users/nidhipatel/ApacheAirflow_Tutorial/py_env/lib/python3.12/site-packages/airflow/example_dags/plugins/listener_plugin.py
[2025-03-17T14:37:55.918-0400] {processor.py:927} WARNING - No viable dags retrieved from /Users/nidhipatel/ApacheAirflow_Tutorial/py_env/lib/python3.12/site-packages/airflow/example_dags/plugins/listener_plugin.py
[2025-03-17T14:37:55.950-0400] {processor.py:208} INFO - Processing /Users/nidhipatel/ApacheAirflow_Tutorial/py_env/lib/python3.12/site-packages/airflow/example_dags/plugins/listener_plugin.py took 0.038 seconds
[2025-03-17T14:38:56.047-0400] {processor.py:186} INFO - Started process (PID=32520) to work on /Users/nidhipatel/ApacheAirflow_Tutorial/py_env/lib/python3.12/site-packages/airflow/example_dags/plugins/listener_plugin.py
[2025-03-17T14:38:56.048-0400] {processor.py:914} INFO - Processing file /Users/nidhipatel/ApacheAirflow_Tutorial/py_env/lib/python3.12/site-packages/airflow/example_dags/plugins/listener_plugin.py for tasks to queue
[2025-03-17T14:38:56.048-0400] {logging_mixin.py:190} INFO - [2025-03-17T14:38:56.048-0400] {dagbag.py:588} INFO - Filling up the DagBag from /Users/nidhipatel/ApacheAirflow_Tutorial/py_env/lib/python3.12/site-packages/airflow/example_dags/plugins/listener_plugin.py
[2025-03-17T14:38:56.050-0400] {processor.py:927} WARNING - No viable dags retrieved from /Users/nidhipatel/ApacheAirflow_Tutorial/py_env/lib/python3.12/site-packages/airflow/example_dags/plugins/listener_plugin.py
[2025-03-17T14:38:56.081-0400] {processor.py:208} INFO - Processing /Users/nidhipatel/ApacheAirflow_Tutorial/py_env/lib/python3.12/site-packages/airflow/example_dags/plugins/listener_plugin.py took 0.035 seconds
[2025-03-17T14:39:59.386-0400] {processor.py:186} INFO - Started process (PID=32633) to work on /Users/nidhipatel/ApacheAirflow_Tutorial/py_env/lib/python3.12/site-packages/airflow/example_dags/plugins/listener_plugin.py
[2025-03-17T14:39:59.388-0400] {processor.py:914} INFO - Processing file /Users/nidhipatel/ApacheAirflow_Tutorial/py_env/lib/python3.12/site-packages/airflow/example_dags/plugins/listener_plugin.py for tasks to queue
[2025-03-17T14:39:59.388-0400] {logging_mixin.py:190} INFO - [2025-03-17T14:39:59.388-0400] {dagbag.py:588} INFO - Filling up the DagBag from /Users/nidhipatel/ApacheAirflow_Tutorial/py_env/lib/python3.12/site-packages/airflow/example_dags/plugins/listener_plugin.py
[2025-03-17T14:39:59.391-0400] {processor.py:927} WARNING - No viable dags retrieved from /Users/nidhipatel/ApacheAirflow_Tutorial/py_env/lib/python3.12/site-packages/airflow/example_dags/plugins/listener_plugin.py
[2025-03-17T14:39:59.422-0400] {processor.py:208} INFO - Processing /Users/nidhipatel/ApacheAirflow_Tutorial/py_env/lib/python3.12/site-packages/airflow/example_dags/plugins/listener_plugin.py took 0.037 seconds
[2025-03-17T14:41:02.399-0400] {processor.py:186} INFO - Started process (PID=32720) to work on /Users/nidhipatel/ApacheAirflow_Tutorial/py_env/lib/python3.12/site-packages/airflow/example_dags/plugins/listener_plugin.py
[2025-03-17T14:41:02.399-0400] {processor.py:914} INFO - Processing file /Users/nidhipatel/ApacheAirflow_Tutorial/py_env/lib/python3.12/site-packages/airflow/example_dags/plugins/listener_plugin.py for tasks to queue
[2025-03-17T14:41:02.400-0400] {logging_mixin.py:190} INFO - [2025-03-17T14:41:02.400-0400] {dagbag.py:588} INFO - Filling up the DagBag from /Users/nidhipatel/ApacheAirflow_Tutorial/py_env/lib/python3.12/site-packages/airflow/example_dags/plugins/listener_plugin.py
[2025-03-17T14:41:02.401-0400] {processor.py:927} WARNING - No viable dags retrieved from /Users/nidhipatel/ApacheAirflow_Tutorial/py_env/lib/python3.12/site-packages/airflow/example_dags/plugins/listener_plugin.py
[2025-03-17T14:41:02.433-0400] {processor.py:208} INFO - Processing /Users/nidhipatel/ApacheAirflow_Tutorial/py_env/lib/python3.12/site-packages/airflow/example_dags/plugins/listener_plugin.py took 0.036 seconds
[2025-03-17T14:42:05.879-0400] {processor.py:186} INFO - Started process (PID=32816) to work on /Users/nidhipatel/ApacheAirflow_Tutorial/py_env/lib/python3.12/site-packages/airflow/example_dags/plugins/listener_plugin.py
[2025-03-17T14:42:05.880-0400] {processor.py:914} INFO - Processing file /Users/nidhipatel/ApacheAirflow_Tutorial/py_env/lib/python3.12/site-packages/airflow/example_dags/plugins/listener_plugin.py for tasks to queue
[2025-03-17T14:42:05.880-0400] {logging_mixin.py:190} INFO - [2025-03-17T14:42:05.880-0400] {dagbag.py:588} INFO - Filling up the DagBag from /Users/nidhipatel/ApacheAirflow_Tutorial/py_env/lib/python3.12/site-packages/airflow/example_dags/plugins/listener_plugin.py
[2025-03-17T14:42:05.882-0400] {processor.py:927} WARNING - No viable dags retrieved from /Users/nidhipatel/ApacheAirflow_Tutorial/py_env/lib/python3.12/site-packages/airflow/example_dags/plugins/listener_plugin.py
[2025-03-17T14:42:05.915-0400] {processor.py:208} INFO - Processing /Users/nidhipatel/ApacheAirflow_Tutorial/py_env/lib/python3.12/site-packages/airflow/example_dags/plugins/listener_plugin.py took 0.037 seconds
[2025-03-17T14:43:11.031-0400] {processor.py:186} INFO - Started process (PID=32897) to work on /Users/nidhipatel/ApacheAirflow_Tutorial/py_env/lib/python3.12/site-packages/airflow/example_dags/plugins/listener_plugin.py
[2025-03-17T14:43:11.032-0400] {processor.py:914} INFO - Processing file /Users/nidhipatel/ApacheAirflow_Tutorial/py_env/lib/python3.12/site-packages/airflow/example_dags/plugins/listener_plugin.py for tasks to queue
[2025-03-17T14:43:11.032-0400] {logging_mixin.py:190} INFO - [2025-03-17T14:43:11.032-0400] {dagbag.py:588} INFO - Filling up the DagBag from /Users/nidhipatel/ApacheAirflow_Tutorial/py_env/lib/python3.12/site-packages/airflow/example_dags/plugins/listener_plugin.py
[2025-03-17T14:43:11.034-0400] {processor.py:927} WARNING - No viable dags retrieved from /Users/nidhipatel/ApacheAirflow_Tutorial/py_env/lib/python3.12/site-packages/airflow/example_dags/plugins/listener_plugin.py
[2025-03-17T14:43:11.072-0400] {processor.py:208} INFO - Processing /Users/nidhipatel/ApacheAirflow_Tutorial/py_env/lib/python3.12/site-packages/airflow/example_dags/plugins/listener_plugin.py took 0.043 seconds
[2025-03-17T14:44:18.348-0400] {processor.py:186} INFO - Started process (PID=32979) to work on /Users/nidhipatel/ApacheAirflow_Tutorial/py_env/lib/python3.12/site-packages/airflow/example_dags/plugins/listener_plugin.py
[2025-03-17T14:44:18.349-0400] {processor.py:914} INFO - Processing file /Users/nidhipatel/ApacheAirflow_Tutorial/py_env/lib/python3.12/site-packages/airflow/example_dags/plugins/listener_plugin.py for tasks to queue
[2025-03-17T14:44:18.350-0400] {logging_mixin.py:190} INFO - [2025-03-17T14:44:18.350-0400] {dagbag.py:588} INFO - Filling up the DagBag from /Users/nidhipatel/ApacheAirflow_Tutorial/py_env/lib/python3.12/site-packages/airflow/example_dags/plugins/listener_plugin.py
[2025-03-17T14:44:18.352-0400] {processor.py:927} WARNING - No viable dags retrieved from /Users/nidhipatel/ApacheAirflow_Tutorial/py_env/lib/python3.12/site-packages/airflow/example_dags/plugins/listener_plugin.py
[2025-03-17T14:44:18.384-0400] {processor.py:208} INFO - Processing /Users/nidhipatel/ApacheAirflow_Tutorial/py_env/lib/python3.12/site-packages/airflow/example_dags/plugins/listener_plugin.py took 0.037 seconds
[2025-03-17T14:45:27.071-0400] {processor.py:186} INFO - Started process (PID=33086) to work on /Users/nidhipatel/ApacheAirflow_Tutorial/py_env/lib/python3.12/site-packages/airflow/example_dags/plugins/listener_plugin.py
[2025-03-17T14:45:27.071-0400] {processor.py:914} INFO - Processing file /Users/nidhipatel/ApacheAirflow_Tutorial/py_env/lib/python3.12/site-packages/airflow/example_dags/plugins/listener_plugin.py for tasks to queue
[2025-03-17T14:45:27.072-0400] {logging_mixin.py:190} INFO - [2025-03-17T14:45:27.072-0400] {dagbag.py:588} INFO - Filling up the DagBag from /Users/nidhipatel/ApacheAirflow_Tutorial/py_env/lib/python3.12/site-packages/airflow/example_dags/plugins/listener_plugin.py
[2025-03-17T14:45:27.074-0400] {processor.py:927} WARNING - No viable dags retrieved from /Users/nidhipatel/ApacheAirflow_Tutorial/py_env/lib/python3.12/site-packages/airflow/example_dags/plugins/listener_plugin.py
[2025-03-17T14:45:27.106-0400] {processor.py:208} INFO - Processing /Users/nidhipatel/ApacheAirflow_Tutorial/py_env/lib/python3.12/site-packages/airflow/example_dags/plugins/listener_plugin.py took 0.037 seconds
[2025-03-17T14:46:36.130-0400] {processor.py:186} INFO - Started process (PID=33167) to work on /Users/nidhipatel/ApacheAirflow_Tutorial/py_env/lib/python3.12/site-packages/airflow/example_dags/plugins/listener_plugin.py
[2025-03-17T14:46:36.130-0400] {processor.py:914} INFO - Processing file /Users/nidhipatel/ApacheAirflow_Tutorial/py_env/lib/python3.12/site-packages/airflow/example_dags/plugins/listener_plugin.py for tasks to queue
[2025-03-17T14:46:36.131-0400] {logging_mixin.py:190} INFO - [2025-03-17T14:46:36.131-0400] {dagbag.py:588} INFO - Filling up the DagBag from /Users/nidhipatel/ApacheAirflow_Tutorial/py_env/lib/python3.12/site-packages/airflow/example_dags/plugins/listener_plugin.py
[2025-03-17T14:46:36.132-0400] {processor.py:927} WARNING - No viable dags retrieved from /Users/nidhipatel/ApacheAirflow_Tutorial/py_env/lib/python3.12/site-packages/airflow/example_dags/plugins/listener_plugin.py
[2025-03-17T14:46:36.166-0400] {processor.py:208} INFO - Processing /Users/nidhipatel/ApacheAirflow_Tutorial/py_env/lib/python3.12/site-packages/airflow/example_dags/plugins/listener_plugin.py took 0.038 seconds
[2025-03-17T14:47:46.035-0400] {processor.py:186} INFO - Started process (PID=33255) to work on /Users/nidhipatel/ApacheAirflow_Tutorial/py_env/lib/python3.12/site-packages/airflow/example_dags/plugins/listener_plugin.py
[2025-03-17T14:47:46.036-0400] {processor.py:914} INFO - Processing file /Users/nidhipatel/ApacheAirflow_Tutorial/py_env/lib/python3.12/site-packages/airflow/example_dags/plugins/listener_plugin.py for tasks to queue
[2025-03-17T14:47:46.036-0400] {logging_mixin.py:190} INFO - [2025-03-17T14:47:46.036-0400] {dagbag.py:588} INFO - Filling up the DagBag from /Users/nidhipatel/ApacheAirflow_Tutorial/py_env/lib/python3.12/site-packages/airflow/example_dags/plugins/listener_plugin.py
[2025-03-17T14:47:46.037-0400] {processor.py:927} WARNING - No viable dags retrieved from /Users/nidhipatel/ApacheAirflow_Tutorial/py_env/lib/python3.12/site-packages/airflow/example_dags/plugins/listener_plugin.py
[2025-03-17T14:47:46.068-0400] {processor.py:208} INFO - Processing /Users/nidhipatel/ApacheAirflow_Tutorial/py_env/lib/python3.12/site-packages/airflow/example_dags/plugins/listener_plugin.py took 0.035 seconds
[2025-03-17T14:48:52.044-0400] {processor.py:186} INFO - Started process (PID=33342) to work on /Users/nidhipatel/ApacheAirflow_Tutorial/py_env/lib/python3.12/site-packages/airflow/example_dags/plugins/listener_plugin.py
[2025-03-17T14:48:52.045-0400] {processor.py:914} INFO - Processing file /Users/nidhipatel/ApacheAirflow_Tutorial/py_env/lib/python3.12/site-packages/airflow/example_dags/plugins/listener_plugin.py for tasks to queue
[2025-03-17T14:48:52.045-0400] {logging_mixin.py:190} INFO - [2025-03-17T14:48:52.045-0400] {dagbag.py:588} INFO - Filling up the DagBag from /Users/nidhipatel/ApacheAirflow_Tutorial/py_env/lib/python3.12/site-packages/airflow/example_dags/plugins/listener_plugin.py
[2025-03-17T14:48:52.048-0400] {processor.py:927} WARNING - No viable dags retrieved from /Users/nidhipatel/ApacheAirflow_Tutorial/py_env/lib/python3.12/site-packages/airflow/example_dags/plugins/listener_plugin.py
[2025-03-17T14:48:52.079-0400] {processor.py:208} INFO - Processing /Users/nidhipatel/ApacheAirflow_Tutorial/py_env/lib/python3.12/site-packages/airflow/example_dags/plugins/listener_plugin.py took 0.036 seconds
[2025-03-17T14:49:56.845-0400] {processor.py:186} INFO - Started process (PID=33451) to work on /Users/nidhipatel/ApacheAirflow_Tutorial/py_env/lib/python3.12/site-packages/airflow/example_dags/plugins/listener_plugin.py
[2025-03-17T14:49:56.846-0400] {processor.py:914} INFO - Processing file /Users/nidhipatel/ApacheAirflow_Tutorial/py_env/lib/python3.12/site-packages/airflow/example_dags/plugins/listener_plugin.py for tasks to queue
[2025-03-17T14:49:56.846-0400] {logging_mixin.py:190} INFO - [2025-03-17T14:49:56.846-0400] {dagbag.py:588} INFO - Filling up the DagBag from /Users/nidhipatel/ApacheAirflow_Tutorial/py_env/lib/python3.12/site-packages/airflow/example_dags/plugins/listener_plugin.py
[2025-03-17T14:49:56.848-0400] {processor.py:927} WARNING - No viable dags retrieved from /Users/nidhipatel/ApacheAirflow_Tutorial/py_env/lib/python3.12/site-packages/airflow/example_dags/plugins/listener_plugin.py
[2025-03-17T14:49:56.880-0400] {processor.py:208} INFO - Processing /Users/nidhipatel/ApacheAirflow_Tutorial/py_env/lib/python3.12/site-packages/airflow/example_dags/plugins/listener_plugin.py took 0.037 seconds
[2025-03-17T14:51:01.059-0400] {processor.py:186} INFO - Started process (PID=33577) to work on /Users/nidhipatel/ApacheAirflow_Tutorial/py_env/lib/python3.12/site-packages/airflow/example_dags/plugins/listener_plugin.py
[2025-03-17T14:51:01.060-0400] {processor.py:914} INFO - Processing file /Users/nidhipatel/ApacheAirflow_Tutorial/py_env/lib/python3.12/site-packages/airflow/example_dags/plugins/listener_plugin.py for tasks to queue
[2025-03-17T14:51:01.060-0400] {logging_mixin.py:190} INFO - [2025-03-17T14:51:01.060-0400] {dagbag.py:588} INFO - Filling up the DagBag from /Users/nidhipatel/ApacheAirflow_Tutorial/py_env/lib/python3.12/site-packages/airflow/example_dags/plugins/listener_plugin.py
[2025-03-17T14:51:01.063-0400] {processor.py:927} WARNING - No viable dags retrieved from /Users/nidhipatel/ApacheAirflow_Tutorial/py_env/lib/python3.12/site-packages/airflow/example_dags/plugins/listener_plugin.py
[2025-03-17T14:51:01.100-0400] {processor.py:208} INFO - Processing /Users/nidhipatel/ApacheAirflow_Tutorial/py_env/lib/python3.12/site-packages/airflow/example_dags/plugins/listener_plugin.py took 0.043 seconds
[2025-03-17T14:52:08.848-0400] {processor.py:186} INFO - Started process (PID=33779) to work on /Users/nidhipatel/ApacheAirflow_Tutorial/py_env/lib/python3.12/site-packages/airflow/example_dags/plugins/listener_plugin.py
[2025-03-17T14:52:08.849-0400] {processor.py:914} INFO - Processing file /Users/nidhipatel/ApacheAirflow_Tutorial/py_env/lib/python3.12/site-packages/airflow/example_dags/plugins/listener_plugin.py for tasks to queue
[2025-03-17T14:52:08.849-0400] {logging_mixin.py:190} INFO - [2025-03-17T14:52:08.849-0400] {dagbag.py:588} INFO - Filling up the DagBag from /Users/nidhipatel/ApacheAirflow_Tutorial/py_env/lib/python3.12/site-packages/airflow/example_dags/plugins/listener_plugin.py
[2025-03-17T14:52:08.851-0400] {processor.py:927} WARNING - No viable dags retrieved from /Users/nidhipatel/ApacheAirflow_Tutorial/py_env/lib/python3.12/site-packages/airflow/example_dags/plugins/listener_plugin.py
[2025-03-17T14:52:08.884-0400] {processor.py:208} INFO - Processing /Users/nidhipatel/ApacheAirflow_Tutorial/py_env/lib/python3.12/site-packages/airflow/example_dags/plugins/listener_plugin.py took 0.038 seconds
[2025-03-17T14:53:17.982-0400] {processor.py:186} INFO - Started process (PID=34022) to work on /Users/nidhipatel/ApacheAirflow_Tutorial/py_env/lib/python3.12/site-packages/airflow/example_dags/plugins/listener_plugin.py
[2025-03-17T14:53:17.983-0400] {processor.py:914} INFO - Processing file /Users/nidhipatel/ApacheAirflow_Tutorial/py_env/lib/python3.12/site-packages/airflow/example_dags/plugins/listener_plugin.py for tasks to queue
[2025-03-17T14:53:17.983-0400] {logging_mixin.py:190} INFO - [2025-03-17T14:53:17.983-0400] {dagbag.py:588} INFO - Filling up the DagBag from /Users/nidhipatel/ApacheAirflow_Tutorial/py_env/lib/python3.12/site-packages/airflow/example_dags/plugins/listener_plugin.py
[2025-03-17T14:53:17.985-0400] {processor.py:927} WARNING - No viable dags retrieved from /Users/nidhipatel/ApacheAirflow_Tutorial/py_env/lib/python3.12/site-packages/airflow/example_dags/plugins/listener_plugin.py
[2025-03-17T14:53:18.018-0400] {processor.py:208} INFO - Processing /Users/nidhipatel/ApacheAirflow_Tutorial/py_env/lib/python3.12/site-packages/airflow/example_dags/plugins/listener_plugin.py took 0.038 seconds
