[2025-03-17T14:18:34.203-0400] {processor.py:186} INFO - Started process (PID=31162) to work on /Library/Frameworks/Python.framework/Versions/3.11/lib/python3.11/site-packages/airflow/example_dags/plugins/workday.py
[2025-03-17T14:18:34.203-0400] {processor.py:914} INFO - Processing file /Library/Frameworks/Python.framework/Versions/3.11/lib/python3.11/site-packages/airflow/example_dags/plugins/workday.py for tasks to queue
[2025-03-17T14:18:34.204-0400] {logging_mixin.py:190} INFO - [2025-03-17T14:18:34.203-0400] {dagbag.py:588} INFO - Filling up the DagBag from /Library/Frameworks/Python.framework/Versions/3.11/lib/python3.11/site-packages/airflow/example_dags/plugins/workday.py
[2025-03-17T14:18:34.289-0400] {logging_mixin.py:190} INFO - [2025-03-17T14:18:34.289-0400] {utils.py:162} INFO - NumExpr defaulting to 8 threads.
[2025-03-17T14:18:34.376-0400] {processor.py:927} WARNING - No viable dags retrieved from /Library/Frameworks/Python.framework/Versions/3.11/lib/python3.11/site-packages/airflow/example_dags/plugins/workday.py
[2025-03-17T14:18:34.437-0400] {processor.py:208} INFO - Processing /Library/Frameworks/Python.framework/Versions/3.11/lib/python3.11/site-packages/airflow/example_dags/plugins/workday.py took 0.235 seconds
[2025-03-17T14:31:51.491-0400] {processor.py:186} INFO - Started process (PID=31899) to work on /Users/nidhipatel/ApacheAirflow_Tutorial/py_env/lib/python3.12/site-packages/airflow/example_dags/plugins/workday.py
[2025-03-17T14:31:51.492-0400] {processor.py:914} INFO - Processing file /Users/nidhipatel/ApacheAirflow_Tutorial/py_env/lib/python3.12/site-packages/airflow/example_dags/plugins/workday.py for tasks to queue
[2025-03-17T14:31:51.492-0400] {logging_mixin.py:190} INFO - [2025-03-17T14:31:51.492-0400] {dagbag.py:588} INFO - Filling up the DagBag from /Users/nidhipatel/ApacheAirflow_Tutorial/py_env/lib/python3.12/site-packages/airflow/example_dags/plugins/workday.py
[2025-03-17T14:31:51.493-0400] {logging_mixin.py:190} INFO - [2025-03-17T14:31:51.493-0400] {workday.py:41} WARNING - Could not import pandas. Holidays will not be considered.
[2025-03-17T14:31:51.493-0400] {processor.py:927} WARNING - No viable dags retrieved from /Users/nidhipatel/ApacheAirflow_Tutorial/py_env/lib/python3.12/site-packages/airflow/example_dags/plugins/workday.py
[2025-03-17T14:31:51.525-0400] {processor.py:208} INFO - Processing /Users/nidhipatel/ApacheAirflow_Tutorial/py_env/lib/python3.12/site-packages/airflow/example_dags/plugins/workday.py took 0.035 seconds
[2025-03-17T14:33:32.020-0400] {processor.py:186} INFO - Started process (PID=32078) to work on /Users/nidhipatel/ApacheAirflow_Tutorial/py_env/lib/python3.12/site-packages/airflow/example_dags/plugins/workday.py
[2025-03-17T14:33:32.020-0400] {processor.py:914} INFO - Processing file /Users/nidhipatel/ApacheAirflow_Tutorial/py_env/lib/python3.12/site-packages/airflow/example_dags/plugins/workday.py for tasks to queue
[2025-03-17T14:33:32.021-0400] {logging_mixin.py:190} INFO - [2025-03-17T14:33:32.021-0400] {dagbag.py:588} INFO - Filling up the DagBag from /Users/nidhipatel/ApacheAirflow_Tutorial/py_env/lib/python3.12/site-packages/airflow/example_dags/plugins/workday.py
[2025-03-17T14:33:32.021-0400] {logging_mixin.py:190} INFO - [2025-03-17T14:33:32.021-0400] {workday.py:41} WARNING - Could not import pandas. Holidays will not be considered.
[2025-03-17T14:33:32.022-0400] {processor.py:927} WARNING - No viable dags retrieved from /Users/nidhipatel/ApacheAirflow_Tutorial/py_env/lib/python3.12/site-packages/airflow/example_dags/plugins/workday.py
[2025-03-17T14:33:32.054-0400] {processor.py:208} INFO - Processing /Users/nidhipatel/ApacheAirflow_Tutorial/py_env/lib/python3.12/site-packages/airflow/example_dags/plugins/workday.py took 0.036 seconds
[2025-03-17T14:34:38.219-0400] {processor.py:186} INFO - Started process (PID=32165) to work on /Users/nidhipatel/ApacheAirflow_Tutorial/py_env/lib/python3.12/site-packages/airflow/example_dags/plugins/workday.py
[2025-03-17T14:34:38.220-0400] {processor.py:914} INFO - Processing file /Users/nidhipatel/ApacheAirflow_Tutorial/py_env/lib/python3.12/site-packages/airflow/example_dags/plugins/workday.py for tasks to queue
[2025-03-17T14:34:38.220-0400] {logging_mixin.py:190} INFO - [2025-03-17T14:34:38.220-0400] {dagbag.py:588} INFO - Filling up the DagBag from /Users/nidhipatel/ApacheAirflow_Tutorial/py_env/lib/python3.12/site-packages/airflow/example_dags/plugins/workday.py
[2025-03-17T14:34:38.221-0400] {logging_mixin.py:190} INFO - [2025-03-17T14:34:38.221-0400] {workday.py:41} WARNING - Could not import pandas. Holidays will not be considered.
[2025-03-17T14:34:38.221-0400] {processor.py:927} WARNING - No viable dags retrieved from /Users/nidhipatel/ApacheAirflow_Tutorial/py_env/lib/python3.12/site-packages/airflow/example_dags/plugins/workday.py
[2025-03-17T14:34:38.252-0400] {processor.py:208} INFO - Processing /Users/nidhipatel/ApacheAirflow_Tutorial/py_env/lib/python3.12/site-packages/airflow/example_dags/plugins/workday.py took 0.034 seconds
[2025-03-17T14:35:46.340-0400] {processor.py:186} INFO - Started process (PID=32248) to work on /Users/nidhipatel/ApacheAirflow_Tutorial/py_env/lib/python3.12/site-packages/airflow/example_dags/plugins/workday.py
[2025-03-17T14:35:46.340-0400] {processor.py:914} INFO - Processing file /Users/nidhipatel/ApacheAirflow_Tutorial/py_env/lib/python3.12/site-packages/airflow/example_dags/plugins/workday.py for tasks to queue
[2025-03-17T14:35:46.341-0400] {logging_mixin.py:190} INFO - [2025-03-17T14:35:46.341-0400] {dagbag.py:588} INFO - Filling up the DagBag from /Users/nidhipatel/ApacheAirflow_Tutorial/py_env/lib/python3.12/site-packages/airflow/example_dags/plugins/workday.py
[2025-03-17T14:35:46.341-0400] {logging_mixin.py:190} INFO - [2025-03-17T14:35:46.341-0400] {workday.py:41} WARNING - Could not import pandas. Holidays will not be considered.
[2025-03-17T14:35:46.342-0400] {processor.py:927} WARNING - No viable dags retrieved from /Users/nidhipatel/ApacheAirflow_Tutorial/py_env/lib/python3.12/site-packages/airflow/example_dags/plugins/workday.py
[2025-03-17T14:35:46.374-0400] {processor.py:208} INFO - Processing /Users/nidhipatel/ApacheAirflow_Tutorial/py_env/lib/python3.12/site-packages/airflow/example_dags/plugins/workday.py took 0.036 seconds
[2025-03-17T14:36:51.596-0400] {processor.py:186} INFO - Started process (PID=32332) to work on /Users/nidhipatel/ApacheAirflow_Tutorial/py_env/lib/python3.12/site-packages/airflow/example_dags/plugins/workday.py
[2025-03-17T14:36:51.597-0400] {processor.py:914} INFO - Processing file /Users/nidhipatel/ApacheAirflow_Tutorial/py_env/lib/python3.12/site-packages/airflow/example_dags/plugins/workday.py for tasks to queue
[2025-03-17T14:36:51.597-0400] {logging_mixin.py:190} INFO - [2025-03-17T14:36:51.597-0400] {dagbag.py:588} INFO - Filling up the DagBag from /Users/nidhipatel/ApacheAirflow_Tutorial/py_env/lib/python3.12/site-packages/airflow/example_dags/plugins/workday.py
[2025-03-17T14:36:51.598-0400] {logging_mixin.py:190} INFO - [2025-03-17T14:36:51.598-0400] {workday.py:41} WARNING - Could not import pandas. Holidays will not be considered.
[2025-03-17T14:36:51.598-0400] {processor.py:927} WARNING - No viable dags retrieved from /Users/nidhipatel/ApacheAirflow_Tutorial/py_env/lib/python3.12/site-packages/airflow/example_dags/plugins/workday.py
[2025-03-17T14:36:51.629-0400] {processor.py:208} INFO - Processing /Users/nidhipatel/ApacheAirflow_Tutorial/py_env/lib/python3.12/site-packages/airflow/example_dags/plugins/workday.py took 0.035 seconds
[2025-03-17T14:37:54.150-0400] {processor.py:186} INFO - Started process (PID=32413) to work on /Users/nidhipatel/ApacheAirflow_Tutorial/py_env/lib/python3.12/site-packages/airflow/example_dags/plugins/workday.py
[2025-03-17T14:37:54.150-0400] {processor.py:914} INFO - Processing file /Users/nidhipatel/ApacheAirflow_Tutorial/py_env/lib/python3.12/site-packages/airflow/example_dags/plugins/workday.py for tasks to queue
[2025-03-17T14:37:54.151-0400] {logging_mixin.py:190} INFO - [2025-03-17T14:37:54.151-0400] {dagbag.py:588} INFO - Filling up the DagBag from /Users/nidhipatel/ApacheAirflow_Tutorial/py_env/lib/python3.12/site-packages/airflow/example_dags/plugins/workday.py
[2025-03-17T14:37:54.152-0400] {logging_mixin.py:190} INFO - [2025-03-17T14:37:54.152-0400] {workday.py:41} WARNING - Could not import pandas. Holidays will not be considered.
[2025-03-17T14:37:54.152-0400] {processor.py:927} WARNING - No viable dags retrieved from /Users/nidhipatel/ApacheAirflow_Tutorial/py_env/lib/python3.12/site-packages/airflow/example_dags/plugins/workday.py
[2025-03-17T14:37:54.183-0400] {processor.py:208} INFO - Processing /Users/nidhipatel/ApacheAirflow_Tutorial/py_env/lib/python3.12/site-packages/airflow/example_dags/plugins/workday.py took 0.035 seconds
[2025-03-17T14:38:54.868-0400] {processor.py:186} INFO - Started process (PID=32518) to work on /Users/nidhipatel/ApacheAirflow_Tutorial/py_env/lib/python3.12/site-packages/airflow/example_dags/plugins/workday.py
[2025-03-17T14:38:54.869-0400] {processor.py:914} INFO - Processing file /Users/nidhipatel/ApacheAirflow_Tutorial/py_env/lib/python3.12/site-packages/airflow/example_dags/plugins/workday.py for tasks to queue
[2025-03-17T14:38:54.869-0400] {logging_mixin.py:190} INFO - [2025-03-17T14:38:54.869-0400] {dagbag.py:588} INFO - Filling up the DagBag from /Users/nidhipatel/ApacheAirflow_Tutorial/py_env/lib/python3.12/site-packages/airflow/example_dags/plugins/workday.py
[2025-03-17T14:38:54.870-0400] {logging_mixin.py:190} INFO - [2025-03-17T14:38:54.870-0400] {workday.py:41} WARNING - Could not import pandas. Holidays will not be considered.
[2025-03-17T14:38:54.870-0400] {processor.py:927} WARNING - No viable dags retrieved from /Users/nidhipatel/ApacheAirflow_Tutorial/py_env/lib/python3.12/site-packages/airflow/example_dags/plugins/workday.py
[2025-03-17T14:38:54.901-0400] {processor.py:208} INFO - Processing /Users/nidhipatel/ApacheAirflow_Tutorial/py_env/lib/python3.12/site-packages/airflow/example_dags/plugins/workday.py took 0.034 seconds
[2025-03-17T14:39:57.978-0400] {processor.py:186} INFO - Started process (PID=32631) to work on /Users/nidhipatel/ApacheAirflow_Tutorial/py_env/lib/python3.12/site-packages/airflow/example_dags/plugins/workday.py
[2025-03-17T14:39:57.978-0400] {processor.py:914} INFO - Processing file /Users/nidhipatel/ApacheAirflow_Tutorial/py_env/lib/python3.12/site-packages/airflow/example_dags/plugins/workday.py for tasks to queue
[2025-03-17T14:39:57.979-0400] {logging_mixin.py:190} INFO - [2025-03-17T14:39:57.979-0400] {dagbag.py:588} INFO - Filling up the DagBag from /Users/nidhipatel/ApacheAirflow_Tutorial/py_env/lib/python3.12/site-packages/airflow/example_dags/plugins/workday.py
[2025-03-17T14:39:57.979-0400] {logging_mixin.py:190} INFO - [2025-03-17T14:39:57.979-0400] {workday.py:41} WARNING - Could not import pandas. Holidays will not be considered.
[2025-03-17T14:39:57.979-0400] {processor.py:927} WARNING - No viable dags retrieved from /Users/nidhipatel/ApacheAirflow_Tutorial/py_env/lib/python3.12/site-packages/airflow/example_dags/plugins/workday.py
[2025-03-17T14:39:58.011-0400] {processor.py:208} INFO - Processing /Users/nidhipatel/ApacheAirflow_Tutorial/py_env/lib/python3.12/site-packages/airflow/example_dags/plugins/workday.py took 0.035 seconds
[2025-03-17T14:41:00.618-0400] {processor.py:186} INFO - Started process (PID=32714) to work on /Users/nidhipatel/ApacheAirflow_Tutorial/py_env/lib/python3.12/site-packages/airflow/example_dags/plugins/workday.py
[2025-03-17T14:41:00.619-0400] {processor.py:914} INFO - Processing file /Users/nidhipatel/ApacheAirflow_Tutorial/py_env/lib/python3.12/site-packages/airflow/example_dags/plugins/workday.py for tasks to queue
[2025-03-17T14:41:00.619-0400] {logging_mixin.py:190} INFO - [2025-03-17T14:41:00.619-0400] {dagbag.py:588} INFO - Filling up the DagBag from /Users/nidhipatel/ApacheAirflow_Tutorial/py_env/lib/python3.12/site-packages/airflow/example_dags/plugins/workday.py
[2025-03-17T14:41:00.620-0400] {logging_mixin.py:190} INFO - [2025-03-17T14:41:00.620-0400] {workday.py:41} WARNING - Could not import pandas. Holidays will not be considered.
[2025-03-17T14:41:00.620-0400] {processor.py:927} WARNING - No viable dags retrieved from /Users/nidhipatel/ApacheAirflow_Tutorial/py_env/lib/python3.12/site-packages/airflow/example_dags/plugins/workday.py
[2025-03-17T14:41:00.656-0400] {processor.py:208} INFO - Processing /Users/nidhipatel/ApacheAirflow_Tutorial/py_env/lib/python3.12/site-packages/airflow/example_dags/plugins/workday.py took 0.039 seconds
[2025-03-17T14:42:04.154-0400] {processor.py:186} INFO - Started process (PID=32814) to work on /Users/nidhipatel/ApacheAirflow_Tutorial/py_env/lib/python3.12/site-packages/airflow/example_dags/plugins/workday.py
[2025-03-17T14:42:04.155-0400] {processor.py:914} INFO - Processing file /Users/nidhipatel/ApacheAirflow_Tutorial/py_env/lib/python3.12/site-packages/airflow/example_dags/plugins/workday.py for tasks to queue
[2025-03-17T14:42:04.155-0400] {logging_mixin.py:190} INFO - [2025-03-17T14:42:04.155-0400] {dagbag.py:588} INFO - Filling up the DagBag from /Users/nidhipatel/ApacheAirflow_Tutorial/py_env/lib/python3.12/site-packages/airflow/example_dags/plugins/workday.py
[2025-03-17T14:42:04.156-0400] {logging_mixin.py:190} INFO - [2025-03-17T14:42:04.156-0400] {workday.py:41} WARNING - Could not import pandas. Holidays will not be considered.
[2025-03-17T14:42:04.156-0400] {processor.py:927} WARNING - No viable dags retrieved from /Users/nidhipatel/ApacheAirflow_Tutorial/py_env/lib/python3.12/site-packages/airflow/example_dags/plugins/workday.py
[2025-03-17T14:42:04.188-0400] {processor.py:208} INFO - Processing /Users/nidhipatel/ApacheAirflow_Tutorial/py_env/lib/python3.12/site-packages/airflow/example_dags/plugins/workday.py took 0.036 seconds
[2025-03-17T14:43:09.288-0400] {processor.py:186} INFO - Started process (PID=32895) to work on /Users/nidhipatel/ApacheAirflow_Tutorial/py_env/lib/python3.12/site-packages/airflow/example_dags/plugins/workday.py
[2025-03-17T14:43:09.288-0400] {processor.py:914} INFO - Processing file /Users/nidhipatel/ApacheAirflow_Tutorial/py_env/lib/python3.12/site-packages/airflow/example_dags/plugins/workday.py for tasks to queue
[2025-03-17T14:43:09.289-0400] {logging_mixin.py:190} INFO - [2025-03-17T14:43:09.289-0400] {dagbag.py:588} INFO - Filling up the DagBag from /Users/nidhipatel/ApacheAirflow_Tutorial/py_env/lib/python3.12/site-packages/airflow/example_dags/plugins/workday.py
[2025-03-17T14:43:09.289-0400] {logging_mixin.py:190} INFO - [2025-03-17T14:43:09.289-0400] {workday.py:41} WARNING - Could not import pandas. Holidays will not be considered.
[2025-03-17T14:43:09.290-0400] {processor.py:927} WARNING - No viable dags retrieved from /Users/nidhipatel/ApacheAirflow_Tutorial/py_env/lib/python3.12/site-packages/airflow/example_dags/plugins/workday.py
[2025-03-17T14:43:09.321-0400] {processor.py:208} INFO - Processing /Users/nidhipatel/ApacheAirflow_Tutorial/py_env/lib/python3.12/site-packages/airflow/example_dags/plugins/workday.py took 0.034 seconds
[2025-03-17T14:44:16.612-0400] {processor.py:186} INFO - Started process (PID=32977) to work on /Users/nidhipatel/ApacheAirflow_Tutorial/py_env/lib/python3.12/site-packages/airflow/example_dags/plugins/workday.py
[2025-03-17T14:44:16.613-0400] {processor.py:914} INFO - Processing file /Users/nidhipatel/ApacheAirflow_Tutorial/py_env/lib/python3.12/site-packages/airflow/example_dags/plugins/workday.py for tasks to queue
[2025-03-17T14:44:16.614-0400] {logging_mixin.py:190} INFO - [2025-03-17T14:44:16.614-0400] {dagbag.py:588} INFO - Filling up the DagBag from /Users/nidhipatel/ApacheAirflow_Tutorial/py_env/lib/python3.12/site-packages/airflow/example_dags/plugins/workday.py
[2025-03-17T14:44:16.615-0400] {logging_mixin.py:190} INFO - [2025-03-17T14:44:16.614-0400] {workday.py:41} WARNING - Could not import pandas. Holidays will not be considered.
[2025-03-17T14:44:16.615-0400] {processor.py:927} WARNING - No viable dags retrieved from /Users/nidhipatel/ApacheAirflow_Tutorial/py_env/lib/python3.12/site-packages/airflow/example_dags/plugins/workday.py
[2025-03-17T14:44:16.647-0400] {processor.py:208} INFO - Processing /Users/nidhipatel/ApacheAirflow_Tutorial/py_env/lib/python3.12/site-packages/airflow/example_dags/plugins/workday.py took 0.036 seconds
[2025-03-17T14:45:25.277-0400] {processor.py:186} INFO - Started process (PID=33083) to work on /Users/nidhipatel/ApacheAirflow_Tutorial/py_env/lib/python3.12/site-packages/airflow/example_dags/plugins/workday.py
[2025-03-17T14:45:25.277-0400] {processor.py:914} INFO - Processing file /Users/nidhipatel/ApacheAirflow_Tutorial/py_env/lib/python3.12/site-packages/airflow/example_dags/plugins/workday.py for tasks to queue
[2025-03-17T14:45:25.278-0400] {logging_mixin.py:190} INFO - [2025-03-17T14:45:25.278-0400] {dagbag.py:588} INFO - Filling up the DagBag from /Users/nidhipatel/ApacheAirflow_Tutorial/py_env/lib/python3.12/site-packages/airflow/example_dags/plugins/workday.py
[2025-03-17T14:45:25.279-0400] {logging_mixin.py:190} INFO - [2025-03-17T14:45:25.279-0400] {workday.py:41} WARNING - Could not import pandas. Holidays will not be considered.
[2025-03-17T14:45:25.279-0400] {processor.py:927} WARNING - No viable dags retrieved from /Users/nidhipatel/ApacheAirflow_Tutorial/py_env/lib/python3.12/site-packages/airflow/example_dags/plugins/workday.py
[2025-03-17T14:45:25.319-0400] {processor.py:208} INFO - Processing /Users/nidhipatel/ApacheAirflow_Tutorial/py_env/lib/python3.12/site-packages/airflow/example_dags/plugins/workday.py took 0.044 seconds
[2025-03-17T14:46:34.390-0400] {processor.py:186} INFO - Started process (PID=33165) to work on /Users/nidhipatel/ApacheAirflow_Tutorial/py_env/lib/python3.12/site-packages/airflow/example_dags/plugins/workday.py
[2025-03-17T14:46:34.390-0400] {processor.py:914} INFO - Processing file /Users/nidhipatel/ApacheAirflow_Tutorial/py_env/lib/python3.12/site-packages/airflow/example_dags/plugins/workday.py for tasks to queue
[2025-03-17T14:46:34.391-0400] {logging_mixin.py:190} INFO - [2025-03-17T14:46:34.391-0400] {dagbag.py:588} INFO - Filling up the DagBag from /Users/nidhipatel/ApacheAirflow_Tutorial/py_env/lib/python3.12/site-packages/airflow/example_dags/plugins/workday.py
[2025-03-17T14:46:34.391-0400] {logging_mixin.py:190} INFO - [2025-03-17T14:46:34.391-0400] {workday.py:41} WARNING - Could not import pandas. Holidays will not be considered.
[2025-03-17T14:46:34.392-0400] {processor.py:927} WARNING - No viable dags retrieved from /Users/nidhipatel/ApacheAirflow_Tutorial/py_env/lib/python3.12/site-packages/airflow/example_dags/plugins/workday.py
[2025-03-17T14:46:34.426-0400] {processor.py:208} INFO - Processing /Users/nidhipatel/ApacheAirflow_Tutorial/py_env/lib/python3.12/site-packages/airflow/example_dags/plugins/workday.py took 0.038 seconds
[2025-03-17T14:47:44.306-0400] {processor.py:186} INFO - Started process (PID=33253) to work on /Users/nidhipatel/ApacheAirflow_Tutorial/py_env/lib/python3.12/site-packages/airflow/example_dags/plugins/workday.py
[2025-03-17T14:47:44.307-0400] {processor.py:914} INFO - Processing file /Users/nidhipatel/ApacheAirflow_Tutorial/py_env/lib/python3.12/site-packages/airflow/example_dags/plugins/workday.py for tasks to queue
[2025-03-17T14:47:44.307-0400] {logging_mixin.py:190} INFO - [2025-03-17T14:47:44.307-0400] {dagbag.py:588} INFO - Filling up the DagBag from /Users/nidhipatel/ApacheAirflow_Tutorial/py_env/lib/python3.12/site-packages/airflow/example_dags/plugins/workday.py
[2025-03-17T14:47:44.308-0400] {logging_mixin.py:190} INFO - [2025-03-17T14:47:44.308-0400] {workday.py:41} WARNING - Could not import pandas. Holidays will not be considered.
[2025-03-17T14:47:44.308-0400] {processor.py:927} WARNING - No viable dags retrieved from /Users/nidhipatel/ApacheAirflow_Tutorial/py_env/lib/python3.12/site-packages/airflow/example_dags/plugins/workday.py
[2025-03-17T14:47:44.339-0400] {processor.py:208} INFO - Processing /Users/nidhipatel/ApacheAirflow_Tutorial/py_env/lib/python3.12/site-packages/airflow/example_dags/plugins/workday.py took 0.034 seconds
[2025-03-17T14:48:51.286-0400] {processor.py:186} INFO - Started process (PID=33340) to work on /Users/nidhipatel/ApacheAirflow_Tutorial/py_env/lib/python3.12/site-packages/airflow/example_dags/plugins/workday.py
[2025-03-17T14:48:51.287-0400] {processor.py:914} INFO - Processing file /Users/nidhipatel/ApacheAirflow_Tutorial/py_env/lib/python3.12/site-packages/airflow/example_dags/plugins/workday.py for tasks to queue
[2025-03-17T14:48:51.287-0400] {logging_mixin.py:190} INFO - [2025-03-17T14:48:51.287-0400] {dagbag.py:588} INFO - Filling up the DagBag from /Users/nidhipatel/ApacheAirflow_Tutorial/py_env/lib/python3.12/site-packages/airflow/example_dags/plugins/workday.py
[2025-03-17T14:48:51.288-0400] {logging_mixin.py:190} INFO - [2025-03-17T14:48:51.288-0400] {workday.py:41} WARNING - Could not import pandas. Holidays will not be considered.
[2025-03-17T14:48:51.288-0400] {processor.py:927} WARNING - No viable dags retrieved from /Users/nidhipatel/ApacheAirflow_Tutorial/py_env/lib/python3.12/site-packages/airflow/example_dags/plugins/workday.py
[2025-03-17T14:48:51.318-0400] {processor.py:208} INFO - Processing /Users/nidhipatel/ApacheAirflow_Tutorial/py_env/lib/python3.12/site-packages/airflow/example_dags/plugins/workday.py took 0.034 seconds
[2025-03-17T14:49:55.120-0400] {processor.py:186} INFO - Started process (PID=33449) to work on /Users/nidhipatel/ApacheAirflow_Tutorial/py_env/lib/python3.12/site-packages/airflow/example_dags/plugins/workday.py
[2025-03-17T14:49:55.121-0400] {processor.py:914} INFO - Processing file /Users/nidhipatel/ApacheAirflow_Tutorial/py_env/lib/python3.12/site-packages/airflow/example_dags/plugins/workday.py for tasks to queue
[2025-03-17T14:49:55.121-0400] {logging_mixin.py:190} INFO - [2025-03-17T14:49:55.121-0400] {dagbag.py:588} INFO - Filling up the DagBag from /Users/nidhipatel/ApacheAirflow_Tutorial/py_env/lib/python3.12/site-packages/airflow/example_dags/plugins/workday.py
[2025-03-17T14:49:55.121-0400] {logging_mixin.py:190} INFO - [2025-03-17T14:49:55.121-0400] {workday.py:41} WARNING - Could not import pandas. Holidays will not be considered.
[2025-03-17T14:49:55.122-0400] {processor.py:927} WARNING - No viable dags retrieved from /Users/nidhipatel/ApacheAirflow_Tutorial/py_env/lib/python3.12/site-packages/airflow/example_dags/plugins/workday.py
[2025-03-17T14:49:55.153-0400] {processor.py:208} INFO - Processing /Users/nidhipatel/ApacheAirflow_Tutorial/py_env/lib/python3.12/site-packages/airflow/example_dags/plugins/workday.py took 0.035 seconds
[2025-03-17T14:50:59.338-0400] {processor.py:186} INFO - Started process (PID=33575) to work on /Users/nidhipatel/ApacheAirflow_Tutorial/py_env/lib/python3.12/site-packages/airflow/example_dags/plugins/workday.py
[2025-03-17T14:50:59.339-0400] {processor.py:914} INFO - Processing file /Users/nidhipatel/ApacheAirflow_Tutorial/py_env/lib/python3.12/site-packages/airflow/example_dags/plugins/workday.py for tasks to queue
[2025-03-17T14:50:59.339-0400] {logging_mixin.py:190} INFO - [2025-03-17T14:50:59.339-0400] {dagbag.py:588} INFO - Filling up the DagBag from /Users/nidhipatel/ApacheAirflow_Tutorial/py_env/lib/python3.12/site-packages/airflow/example_dags/plugins/workday.py
[2025-03-17T14:50:59.340-0400] {logging_mixin.py:190} INFO - [2025-03-17T14:50:59.340-0400] {workday.py:41} WARNING - Could not import pandas. Holidays will not be considered.
[2025-03-17T14:50:59.340-0400] {processor.py:927} WARNING - No viable dags retrieved from /Users/nidhipatel/ApacheAirflow_Tutorial/py_env/lib/python3.12/site-packages/airflow/example_dags/plugins/workday.py
[2025-03-17T14:50:59.372-0400] {processor.py:208} INFO - Processing /Users/nidhipatel/ApacheAirflow_Tutorial/py_env/lib/python3.12/site-packages/airflow/example_dags/plugins/workday.py took 0.035 seconds
[2025-03-17T14:52:07.083-0400] {processor.py:186} INFO - Started process (PID=33775) to work on /Users/nidhipatel/ApacheAirflow_Tutorial/py_env/lib/python3.12/site-packages/airflow/example_dags/plugins/workday.py
[2025-03-17T14:52:07.084-0400] {processor.py:914} INFO - Processing file /Users/nidhipatel/ApacheAirflow_Tutorial/py_env/lib/python3.12/site-packages/airflow/example_dags/plugins/workday.py for tasks to queue
[2025-03-17T14:52:07.084-0400] {logging_mixin.py:190} INFO - [2025-03-17T14:52:07.084-0400] {dagbag.py:588} INFO - Filling up the DagBag from /Users/nidhipatel/ApacheAirflow_Tutorial/py_env/lib/python3.12/site-packages/airflow/example_dags/plugins/workday.py
[2025-03-17T14:52:07.085-0400] {logging_mixin.py:190} INFO - [2025-03-17T14:52:07.085-0400] {workday.py:41} WARNING - Could not import pandas. Holidays will not be considered.
[2025-03-17T14:52:07.085-0400] {processor.py:927} WARNING - No viable dags retrieved from /Users/nidhipatel/ApacheAirflow_Tutorial/py_env/lib/python3.12/site-packages/airflow/example_dags/plugins/workday.py
[2025-03-17T14:52:07.120-0400] {processor.py:208} INFO - Processing /Users/nidhipatel/ApacheAirflow_Tutorial/py_env/lib/python3.12/site-packages/airflow/example_dags/plugins/workday.py took 0.038 seconds
[2025-03-17T14:53:16.121-0400] {processor.py:186} INFO - Started process (PID=34019) to work on /Users/nidhipatel/ApacheAirflow_Tutorial/py_env/lib/python3.12/site-packages/airflow/example_dags/plugins/workday.py
[2025-03-17T14:53:16.122-0400] {processor.py:914} INFO - Processing file /Users/nidhipatel/ApacheAirflow_Tutorial/py_env/lib/python3.12/site-packages/airflow/example_dags/plugins/workday.py for tasks to queue
[2025-03-17T14:53:16.122-0400] {logging_mixin.py:190} INFO - [2025-03-17T14:53:16.122-0400] {dagbag.py:588} INFO - Filling up the DagBag from /Users/nidhipatel/ApacheAirflow_Tutorial/py_env/lib/python3.12/site-packages/airflow/example_dags/plugins/workday.py
[2025-03-17T14:53:16.123-0400] {logging_mixin.py:190} INFO - [2025-03-17T14:53:16.123-0400] {workday.py:41} WARNING - Could not import pandas. Holidays will not be considered.
[2025-03-17T14:53:16.123-0400] {processor.py:927} WARNING - No viable dags retrieved from /Users/nidhipatel/ApacheAirflow_Tutorial/py_env/lib/python3.12/site-packages/airflow/example_dags/plugins/workday.py
[2025-03-17T14:53:16.156-0400] {processor.py:208} INFO - Processing /Users/nidhipatel/ApacheAirflow_Tutorial/py_env/lib/python3.12/site-packages/airflow/example_dags/plugins/workday.py took 0.036 seconds
