[2025-03-19T22:27:35.468+0000] {local_task_job_runner.py:123} INFO - ::group::Pre task execution logs
[2025-03-19T22:27:35.557+0000] {taskinstance.py:2614} INFO - Dependencies all met for dep_context=non-requeueable deps ti=<TaskInstance: dag_with_catchup_and_backfill.task_1 scheduled__2024-02-11T00:00:00+00:00 [queued]>
[2025-03-19T22:27:35.647+0000] {taskinstance.py:2614} INFO - Dependencies all met for dep_context=requeueable deps ti=<TaskInstance: dag_with_catchup_and_backfill.task_1 scheduled__2024-02-11T00:00:00+00:00 [queued]>
[2025-03-19T22:27:35.689+0000] {taskinstance.py:2867} INFO - Starting attempt 1 of 6
[2025-03-19T22:27:35.818+0000] {taskinstance.py:2890} INFO - Executing <Task(BashOperator): task_1> on 2024-02-11 00:00:00+00:00
[2025-03-19T22:27:35.869+0000] {standard_task_runner.py:104} INFO - Running: ['***', 'tasks', 'run', 'dag_with_catchup_and_backfill', 'task_1', 'scheduled__2024-02-11T00:00:00+00:00', '--job-id', '3413', '--raw', '--subdir', 'DAGS_FOLDER/dag_with_catchup_and_backfill.py', '--cfg-path', '/tmp/tmpir0izyuo']
[2025-03-19T22:27:35.892+0000] {standard_task_runner.py:105} INFO - Job 3413: Subtask task_1
[2025-03-19T22:27:35.879+0000] {logging_mixin.py:190} WARNING - /home/***/.local/lib/python3.12/site-packages/***/task/task_runner/standard_task_runner.py:70 DeprecationWarning: This process (pid=1543) is multi-threaded, use of fork() may lead to deadlocks in the child.
[2025-03-19T22:27:35.896+0000] {standard_task_runner.py:72} INFO - Started process 1555 to run task
[2025-03-19T22:27:36.139+0000] {task_command.py:467} INFO - Running <TaskInstance: dag_with_catchup_and_backfill.task_1 scheduled__2024-02-11T00:00:00+00:00 [running]> on host 63fd4b143e0a
[2025-03-19T22:27:36.632+0000] {taskinstance.py:3134} INFO - Exporting env vars: AIRFLOW_CTX_DAG_OWNER='***' AIRFLOW_CTX_DAG_ID='dag_with_catchup_and_backfill' AIRFLOW_CTX_TASK_ID='task_1' AIRFLOW_CTX_EXECUTION_DATE='2024-02-11T00:00:00+00:00' AIRFLOW_CTX_TRY_NUMBER='1' AIRFLOW_CTX_DAG_RUN_ID='scheduled__2024-02-11T00:00:00+00:00'
[2025-03-19T22:27:36.638+0000] {taskinstance.py:732} INFO - ::endgroup::
[2025-03-19T22:27:36.760+0000] {subprocess.py:78} INFO - Tmp dir root location: /tmp
[2025-03-19T22:27:36.764+0000] {subprocess.py:88} INFO - Running command: ['/usr/bin/bash', '-c', 'echo ']
[2025-03-19T22:27:36.807+0000] {subprocess.py:99} INFO - Output:
[2025-03-19T22:27:36.814+0000] {subprocess.py:106} INFO - 
[2025-03-19T22:27:36.817+0000] {subprocess.py:110} INFO - Command exited with return code 0
[2025-03-19T22:27:37.078+0000] {taskinstance.py:341} INFO - ::group::Post task execution logs
[2025-03-19T22:27:37.092+0000] {taskinstance.py:353} INFO - Marking task as SUCCESS. dag_id=dag_with_catchup_and_backfill, task_id=task_1, run_id=scheduled__2024-02-11T00:00:00+00:00, execution_date=20240211T000000, start_date=20250319T222735, end_date=20250319T222737
[2025-03-19T22:27:37.318+0000] {local_task_job_runner.py:266} INFO - Task exited with return code 0
[2025-03-19T22:27:37.502+0000] {taskinstance.py:3901} INFO - 0 downstream tasks scheduled from follow-on schedule check
[2025-03-19T22:27:37.527+0000] {local_task_job_runner.py:245} INFO - ::endgroup::
