[2025-03-19T19:22:59.852+0000] {local_task_job_runner.py:123} INFO - ::group::Pre task execution logs
[2025-03-19T19:23:00.407+0000] {taskinstance.py:2614} INFO - Dependencies all met for dep_context=non-requeueable deps ti=<TaskInstance: dag_with_taskflow_Api_v2.get_name scheduled__2024-12-28T00:00:00+00:00 [queued]>
[2025-03-19T19:23:00.481+0000] {taskinstance.py:2614} INFO - Dependencies all met for dep_context=requeueable deps ti=<TaskInstance: dag_with_taskflow_Api_v2.get_name scheduled__2024-12-28T00:00:00+00:00 [queued]>
[2025-03-19T19:23:00.487+0000] {taskinstance.py:2867} INFO - Starting attempt 1 of 6
[2025-03-19T19:23:00.587+0000] {taskinstance.py:2890} INFO - Executing <Task(_PythonDecoratedOperator): get_name> on 2024-12-28 00:00:00+00:00
[2025-03-19T19:23:00.686+0000] {logging_mixin.py:190} WARNING - /home/***/.local/lib/python3.12/site-packages/***/task/task_runner/standard_task_runner.py:70 DeprecationWarning: This process (pid=10521) is multi-threaded, use of fork() may lead to deadlocks in the child.
[2025-03-19T19:23:00.771+0000] {standard_task_runner.py:72} INFO - Started process 10547 to run task
[2025-03-19T19:23:01.035+0000] {standard_task_runner.py:104} INFO - Running: ['***', 'tasks', 'run', 'dag_with_taskflow_Api_v2', 'get_name', 'scheduled__2024-12-28T00:00:00+00:00', '--job-id', '3023', '--raw', '--subdir', 'DAGS_FOLDER/dag_with_taskflow_api.py', '--cfg-path', '/tmp/tmpzj1hsbyj']
[2025-03-19T19:23:01.089+0000] {standard_task_runner.py:105} INFO - Job 3023: Subtask get_name
[2025-03-19T19:23:04.425+0000] {task_command.py:467} INFO - Running <TaskInstance: dag_with_taskflow_Api_v2.get_name scheduled__2024-12-28T00:00:00+00:00 [running]> on host 63fd4b143e0a
[2025-03-19T19:23:07.161+0000] {taskinstance.py:3134} INFO - Exporting env vars: AIRFLOW_CTX_DAG_OWNER='***' AIRFLOW_CTX_DAG_ID='dag_with_taskflow_Api_v2' AIRFLOW_CTX_TASK_ID='get_name' AIRFLOW_CTX_EXECUTION_DATE='2024-12-28T00:00:00+00:00' AIRFLOW_CTX_TRY_NUMBER='1' AIRFLOW_CTX_DAG_RUN_ID='scheduled__2024-12-28T00:00:00+00:00'
[2025-03-19T19:23:07.979+0000] {taskinstance.py:732} INFO - ::endgroup::
[2025-03-19T19:23:08.468+0000] {python.py:240} INFO - Done. Returned value was: {'first_name': 'John', 'last_name': 'Doe'}
[2025-03-19T19:23:09.785+0000] {job.py:229} INFO - Heartbeat recovered after 40.98 seconds
[2025-03-19T19:23:13.794+0000] {taskinstance.py:341} INFO - ::group::Post task execution logs
[2025-03-19T19:23:13.815+0000] {taskinstance.py:353} INFO - Marking task as SUCCESS. dag_id=dag_with_taskflow_Api_v2, task_id=get_name, run_id=scheduled__2024-12-28T00:00:00+00:00, execution_date=20241228T000000, start_date=20250319T192300, end_date=20250319T192313
[2025-03-19T19:23:15.747+0000] {local_task_job_runner.py:266} INFO - Task exited with return code 0
[2025-03-19T19:23:17.923+0000] {standard_task_runner.py:217} INFO - Process not found (most likely exited), stop collecting metrics
[2025-03-19T19:23:19.587+0000] {taskinstance.py:3901} INFO - 1 downstream tasks scheduled from follow-on schedule check
[2025-03-19T19:23:19.725+0000] {local_task_job_runner.py:245} INFO - ::endgroup::
