[2025-03-19T22:25:21.827+0000] {local_task_job_runner.py:123} INFO - ::group::Pre task execution logs
[2025-03-19T22:25:22.701+0000] {taskinstance.py:2614} INFO - Dependencies all met for dep_context=non-requeueable deps ti=<TaskInstance: dag_with_taskflow_Api_v2.get_name scheduled__2025-02-25T00:00:00+00:00 [queued]>
[2025-03-19T22:25:22.865+0000] {taskinstance.py:2614} INFO - Dependencies all met for dep_context=requeueable deps ti=<TaskInstance: dag_with_taskflow_Api_v2.get_name scheduled__2025-02-25T00:00:00+00:00 [queued]>
[2025-03-19T22:25:22.873+0000] {taskinstance.py:2867} INFO - Starting attempt 1 of 6
[2025-03-19T22:25:23.565+0000] {taskinstance.py:2890} INFO - Executing <Task(_PythonDecoratedOperator): get_name> on 2025-02-25 00:00:00+00:00
[2025-03-19T22:25:23.994+0000] {logging_mixin.py:190} WARNING - /home/***/.local/lib/python3.12/site-packages/***/task/task_runner/standard_task_runner.py:70 DeprecationWarning: This process (pid=1065) is multi-threaded, use of fork() may lead to deadlocks in the child.
[2025-03-19T22:25:24.045+0000] {standard_task_runner.py:72} INFO - Started process 1108 to run task
[2025-03-19T22:25:24.096+0000] {standard_task_runner.py:104} INFO - Running: ['***', 'tasks', 'run', 'dag_with_taskflow_Api_v2', 'get_name', 'scheduled__2025-02-25T00:00:00+00:00', '--job-id', '3299', '--raw', '--subdir', 'DAGS_FOLDER/dag_with_taskflow_api.py', '--cfg-path', '/tmp/tmpyvgknini']
[2025-03-19T22:25:24.367+0000] {standard_task_runner.py:105} INFO - Job 3299: Subtask get_name
[2025-03-19T22:25:26.140+0000] {task_command.py:467} INFO - Running <TaskInstance: dag_with_taskflow_Api_v2.get_name scheduled__2025-02-25T00:00:00+00:00 [running]> on host 63fd4b143e0a
[2025-03-19T22:25:30.848+0000] {taskinstance.py:3134} INFO - Exporting env vars: AIRFLOW_CTX_DAG_OWNER='***' AIRFLOW_CTX_DAG_ID='dag_with_taskflow_Api_v2' AIRFLOW_CTX_TASK_ID='get_name' AIRFLOW_CTX_EXECUTION_DATE='2025-02-25T00:00:00+00:00' AIRFLOW_CTX_TRY_NUMBER='1' AIRFLOW_CTX_DAG_RUN_ID='scheduled__2025-02-25T00:00:00+00:00'
[2025-03-19T22:25:31.018+0000] {taskinstance.py:732} INFO - ::endgroup::
[2025-03-19T22:25:31.304+0000] {python.py:240} INFO - Done. Returned value was: {'first_name': 'John', 'last_name': 'Doe'}
[2025-03-19T22:25:31.665+0000] {job.py:229} INFO - Heartbeat recovered after 10.76 seconds
[2025-03-19T22:25:32.208+0000] {taskinstance.py:341} INFO - ::group::Post task execution logs
[2025-03-19T22:25:32.221+0000] {taskinstance.py:353} INFO - Marking task as SUCCESS. dag_id=dag_with_taskflow_Api_v2, task_id=get_name, run_id=scheduled__2025-02-25T00:00:00+00:00, execution_date=20250225T000000, start_date=20250319T222522, end_date=20250319T222532
[2025-03-19T22:25:33.172+0000] {local_task_job_runner.py:266} INFO - Task exited with return code 0
[2025-03-19T22:25:34.315+0000] {taskinstance.py:3901} INFO - 0 downstream tasks scheduled from follow-on schedule check
[2025-03-19T22:25:34.406+0000] {local_task_job_runner.py:245} INFO - ::endgroup::
[2025-03-19T22:25:34.421+0000] {standard_task_runner.py:217} INFO - Process not found (most likely exited), stop collecting metrics
