[2025-03-19T18:58:54.680+0000] {local_task_job_runner.py:123} INFO - ::group::Pre task execution logs
[2025-03-19T18:58:54.770+0000] {taskinstance.py:2614} INFO - Dependencies all met for dep_context=non-requeueable deps ti=<TaskInstance: dag_with_taskflow_Api_v2.greet scheduled__2023-11-27T00:00:00+00:00 [queued]>
[2025-03-19T18:58:55.076+0000] {taskinstance.py:2614} INFO - Dependencies all met for dep_context=requeueable deps ti=<TaskInstance: dag_with_taskflow_Api_v2.greet scheduled__2023-11-27T00:00:00+00:00 [queued]>
[2025-03-19T18:58:55.088+0000] {taskinstance.py:2867} INFO - Starting attempt 1 of 6
[2025-03-19T18:58:56.271+0000] {taskinstance.py:2890} INFO - Executing <Task(_PythonDecoratedOperator): greet> on 2023-11-27 00:00:00+00:00
[2025-03-19T18:58:56.502+0000] {standard_task_runner.py:104} INFO - Running: ['***', 'tasks', 'run', 'dag_with_taskflow_Api_v2', 'greet', 'scheduled__2023-11-27T00:00:00+00:00', '--job-id', '1824', '--raw', '--subdir', 'DAGS_FOLDER/dag_with_taskflow_api.py', '--cfg-path', '/tmp/tmp5e8vn3b4']
[2025-03-19T18:58:56.588+0000] {standard_task_runner.py:105} INFO - Job 1824: Subtask greet
[2025-03-19T18:58:56.603+0000] {logging_mixin.py:190} WARNING - /home/***/.local/lib/python3.12/site-packages/***/task/task_runner/standard_task_runner.py:70 DeprecationWarning: This process (pid=6503) is multi-threaded, use of fork() may lead to deadlocks in the child.
[2025-03-19T18:58:56.627+0000] {standard_task_runner.py:72} INFO - Started process 6521 to run task
[2025-03-19T18:58:57.944+0000] {task_command.py:467} INFO - Running <TaskInstance: dag_with_taskflow_Api_v2.greet scheduled__2023-11-27T00:00:00+00:00 [running]> on host 63fd4b143e0a
[2025-03-19T18:58:59.372+0000] {taskinstance.py:3134} INFO - Exporting env vars: AIRFLOW_CTX_DAG_OWNER='***' AIRFLOW_CTX_DAG_ID='dag_with_taskflow_Api_v2' AIRFLOW_CTX_TASK_ID='greet' AIRFLOW_CTX_EXECUTION_DATE='2023-11-27T00:00:00+00:00' AIRFLOW_CTX_TRY_NUMBER='1' AIRFLOW_CTX_DAG_RUN_ID='scheduled__2023-11-27T00:00:00+00:00'
[2025-03-19T18:58:59.440+0000] {taskinstance.py:732} INFO - ::endgroup::
[2025-03-19T18:58:59.503+0000] {logging_mixin.py:190} INFO - Hello JohnDoe, you are 19 years old.
[2025-03-19T18:58:59.505+0000] {python.py:240} INFO - Done. Returned value was: None
[2025-03-19T18:58:59.581+0000] {taskinstance.py:341} INFO - ::group::Post task execution logs
[2025-03-19T18:58:59.585+0000] {taskinstance.py:353} INFO - Marking task as SUCCESS. dag_id=dag_with_taskflow_Api_v2, task_id=greet, run_id=scheduled__2023-11-27T00:00:00+00:00, execution_date=20231127T000000, start_date=20250319T185854, end_date=20250319T185859
[2025-03-19T18:58:59.976+0000] {local_task_job_runner.py:266} INFO - Task exited with return code 0
[2025-03-19T18:59:01.229+0000] {taskinstance.py:3901} INFO - 0 downstream tasks scheduled from follow-on schedule check
[2025-03-19T18:59:01.424+0000] {local_task_job_runner.py:245} INFO - ::endgroup::
[2025-03-19T18:59:01.724+0000] {standard_task_runner.py:217} INFO - Process not found (most likely exited), stop collecting metrics
