[2025-03-19T22:26:09.660+0000] {local_task_job_runner.py:123} INFO - ::group::Pre task execution logs
[2025-03-19T22:26:12.026+0000] {taskinstance.py:2614} INFO - Dependencies all met for dep_context=non-requeueable deps ti=<TaskInstance: dag_with_catchup_and_backfill.task_1 scheduled__2024-01-11T00:00:00+00:00 [queued]>
[2025-03-19T22:26:13.094+0000] {taskinstance.py:2614} INFO - Dependencies all met for dep_context=requeueable deps ti=<TaskInstance: dag_with_catchup_and_backfill.task_1 scheduled__2024-01-11T00:00:00+00:00 [queued]>
[2025-03-19T22:26:13.126+0000] {taskinstance.py:2867} INFO - Starting attempt 1 of 6
[2025-03-19T22:26:14.847+0000] {taskinstance.py:2890} INFO - Executing <Task(BashOperator): task_1> on 2024-01-11 00:00:00+00:00
[2025-03-19T22:26:15.422+0000] {logging_mixin.py:190} WARNING - /home/***/.local/lib/python3.12/site-packages/***/task/task_runner/standard_task_runner.py:70 DeprecationWarning: This process (pid=1287) is multi-threaded, use of fork() may lead to deadlocks in the child.
[2025-03-19T22:26:15.497+0000] {standard_task_runner.py:72} INFO - Started process 1319 to run task
[2025-03-19T22:26:15.496+0000] {standard_task_runner.py:104} INFO - Running: ['***', 'tasks', 'run', 'dag_with_catchup_and_backfill', 'task_1', 'scheduled__2024-01-11T00:00:00+00:00', '--job-id', '3352', '--raw', '--subdir', 'DAGS_FOLDER/dag_with_catchup_and_backfill.py', '--cfg-path', '/tmp/tmptawr_b18']
[2025-03-19T22:26:15.562+0000] {standard_task_runner.py:105} INFO - Job 3352: Subtask task_1
[2025-03-19T22:26:23.075+0000] {task_command.py:467} INFO - Running <TaskInstance: dag_with_catchup_and_backfill.task_1 scheduled__2024-01-11T00:00:00+00:00 [running]> on host 63fd4b143e0a
[2025-03-19T22:26:23.430+0000] {job.py:229} INFO - Heartbeat recovered after 16.62 seconds
[2025-03-19T22:26:35.491+0000] {taskinstance.py:3134} INFO - Exporting env vars: AIRFLOW_CTX_DAG_OWNER='***' AIRFLOW_CTX_DAG_ID='dag_with_catchup_and_backfill' AIRFLOW_CTX_TASK_ID='task_1' AIRFLOW_CTX_EXECUTION_DATE='2024-01-11T00:00:00+00:00' AIRFLOW_CTX_TRY_NUMBER='1' AIRFLOW_CTX_DAG_RUN_ID='scheduled__2024-01-11T00:00:00+00:00'
[2025-03-19T22:26:36.033+0000] {taskinstance.py:732} INFO - ::endgroup::
[2025-03-19T22:26:38.023+0000] {subprocess.py:78} INFO - Tmp dir root location: /tmp
[2025-03-19T22:26:38.216+0000] {subprocess.py:88} INFO - Running command: ['/usr/bin/bash', '-c', 'echo ']
[2025-03-19T22:26:38.715+0000] {subprocess.py:99} INFO - Output:
[2025-03-19T22:26:38.864+0000] {subprocess.py:106} INFO - 
[2025-03-19T22:26:38.869+0000] {subprocess.py:110} INFO - Command exited with return code 0
[2025-03-19T22:26:43.439+0000] {taskinstance.py:341} INFO - ::group::Post task execution logs
[2025-03-19T22:26:43.911+0000] {taskinstance.py:353} INFO - Marking task as SUCCESS. dag_id=dag_with_catchup_and_backfill, task_id=task_1, run_id=scheduled__2024-01-11T00:00:00+00:00, execution_date=20240111T000000, start_date=20250319T222612, end_date=20250319T222643
[2025-03-19T22:26:47.720+0000] {local_task_job_runner.py:266} INFO - Task exited with return code 0
[2025-03-19T22:26:49.381+0000] {local_task_job_runner.py:245} INFO - ::endgroup::
[2025-03-19T22:26:52.030+0000] {standard_task_runner.py:217} INFO - Process not found (most likely exited), stop collecting metrics
