[2025-03-19T22:25:26.113+0000] {local_task_job_runner.py:123} INFO - ::group::Pre task execution logs
[2025-03-19T22:25:26.937+0000] {taskinstance.py:2614} INFO - Dependencies all met for dep_context=non-requeueable deps ti=<TaskInstance: dag_with_catchup_and_backfill.task_1 scheduled__2023-12-27T00:00:00+00:00 [queued]>
[2025-03-19T22:25:27.687+0000] {taskinstance.py:2614} INFO - Dependencies all met for dep_context=requeueable deps ti=<TaskInstance: dag_with_catchup_and_backfill.task_1 scheduled__2023-12-27T00:00:00+00:00 [queued]>
[2025-03-19T22:25:27.722+0000] {taskinstance.py:2867} INFO - Starting attempt 1 of 6
[2025-03-19T22:25:31.303+0000] {taskinstance.py:2890} INFO - Executing <Task(BashOperator): task_1> on 2023-12-27 00:00:00+00:00
[2025-03-19T22:25:31.683+0000] {standard_task_runner.py:104} INFO - Running: ['***', 'tasks', 'run', 'dag_with_catchup_and_backfill', 'task_1', 'scheduled__2023-12-27T00:00:00+00:00', '--job-id', '3306', '--raw', '--subdir', 'DAGS_FOLDER/dag_with_catchup_and_backfill.py', '--cfg-path', '/tmp/tmpgkhznqb1']
[2025-03-19T22:25:31.729+0000] {standard_task_runner.py:105} INFO - Job 3306: Subtask task_1
[2025-03-19T22:25:31.815+0000] {logging_mixin.py:190} WARNING - /home/***/.local/lib/python3.12/site-packages/***/task/task_runner/standard_task_runner.py:70 DeprecationWarning: This process (pid=1084) is multi-threaded, use of fork() may lead to deadlocks in the child.
[2025-03-19T22:25:31.835+0000] {standard_task_runner.py:72} INFO - Started process 1135 to run task
[2025-03-19T22:25:34.306+0000] {task_command.py:467} INFO - Running <TaskInstance: dag_with_catchup_and_backfill.task_1 scheduled__2023-12-27T00:00:00+00:00 [running]> on host 63fd4b143e0a
[2025-03-19T22:25:35.385+0000] {taskinstance.py:3134} INFO - Exporting env vars: AIRFLOW_CTX_DAG_OWNER='***' AIRFLOW_CTX_DAG_ID='dag_with_catchup_and_backfill' AIRFLOW_CTX_TASK_ID='task_1' AIRFLOW_CTX_EXECUTION_DATE='2023-12-27T00:00:00+00:00' AIRFLOW_CTX_TRY_NUMBER='1' AIRFLOW_CTX_DAG_RUN_ID='scheduled__2023-12-27T00:00:00+00:00'
[2025-03-19T22:25:35.475+0000] {taskinstance.py:732} INFO - ::endgroup::
[2025-03-19T22:25:35.770+0000] {subprocess.py:78} INFO - Tmp dir root location: /tmp
[2025-03-19T22:25:35.790+0000] {subprocess.py:88} INFO - Running command: ['/usr/bin/bash', '-c', 'echo ']
[2025-03-19T22:25:35.902+0000] {subprocess.py:99} INFO - Output:
[2025-03-19T22:25:35.932+0000] {subprocess.py:106} INFO - 
[2025-03-19T22:25:35.943+0000] {subprocess.py:110} INFO - Command exited with return code 0
[2025-03-19T22:25:36.315+0000] {taskinstance.py:341} INFO - ::group::Post task execution logs
[2025-03-19T22:25:36.327+0000] {taskinstance.py:353} INFO - Marking task as SUCCESS. dag_id=dag_with_catchup_and_backfill, task_id=task_1, run_id=scheduled__2023-12-27T00:00:00+00:00, execution_date=20231227T000000, start_date=20250319T222527, end_date=20250319T222536
[2025-03-19T22:25:36.731+0000] {local_task_job_runner.py:266} INFO - Task exited with return code 0
[2025-03-19T22:25:36.908+0000] {standard_task_runner.py:217} INFO - Process not found (most likely exited), stop collecting metrics
[2025-03-19T22:25:37.042+0000] {local_task_job_runner.py:245} INFO - ::endgroup::
