[2025-03-19T19:12:07.889+0000] {local_task_job_runner.py:123} INFO - ::group::Pre task execution logs
[2025-03-19T19:12:10.937+0000] {taskinstance.py:2614} INFO - Dependencies all met for dep_context=non-requeueable deps ti=<TaskInstance: dag_with_taskflow_Api_v2.get_name scheduled__2024-12-27T00:00:00+00:00 [queued]>
[2025-03-19T19:12:11.431+0000] {taskinstance.py:2614} INFO - Dependencies all met for dep_context=requeueable deps ti=<TaskInstance: dag_with_taskflow_Api_v2.get_name scheduled__2024-12-27T00:00:00+00:00 [queued]>
[2025-03-19T19:12:11.437+0000] {taskinstance.py:2867} INFO - Starting attempt 1 of 6
[2025-03-19T19:22:05.167+0000] {taskinstance.py:2890} INFO - Executing <Task(_PythonDecoratedOperator): get_name> on 2024-12-27 00:00:00+00:00
[2025-03-19T19:22:10.112+0000] {logging_mixin.py:190} WARNING - /home/***/.local/lib/python3.12/site-packages/***/task/task_runner/standard_task_runner.py:70 DeprecationWarning: This process (pid=10502) is multi-threaded, use of fork() may lead to deadlocks in the child.
[2025-03-19T19:22:15.323+0000] {standard_task_runner.py:104} INFO - Running: ['***', 'tasks', 'run', 'dag_with_taskflow_Api_v2', 'get_name', 'scheduled__2024-12-27T00:00:00+00:00', '--job-id', '3022', '--raw', '--subdir', 'DAGS_FOLDER/dag_with_taskflow_api.py', '--cfg-path', '/tmp/tmplgh5ike5']
[2025-03-19T19:22:18.008+0000] {standard_task_runner.py:105} INFO - Job 3022: Subtask get_name
[2025-03-19T19:22:16.773+0000] {standard_task_runner.py:72} INFO - Started process 10530 to run task
[2025-03-19T19:22:26.765+0000] {task_command.py:467} INFO - Running <TaskInstance: dag_with_taskflow_Api_v2.get_name scheduled__2024-12-27T00:00:00+00:00 [running]> on host 63fd4b143e0a
[2025-03-19T19:22:26.727+0000] {job.py:229} INFO - Heartbeat recovered after 629.27 seconds
[2025-03-19T19:22:58.932+0000] {job.py:229} INFO - Heartbeat recovered after 32.72 seconds
[2025-03-19T19:22:59.523+0000] {taskinstance.py:3134} INFO - Exporting env vars: AIRFLOW_CTX_DAG_OWNER='***' AIRFLOW_CTX_DAG_ID='dag_with_taskflow_Api_v2' AIRFLOW_CTX_TASK_ID='get_name' AIRFLOW_CTX_EXECUTION_DATE='2024-12-27T00:00:00+00:00' AIRFLOW_CTX_TRY_NUMBER='1' AIRFLOW_CTX_DAG_RUN_ID='scheduled__2024-12-27T00:00:00+00:00'
[2025-03-19T19:22:59.586+0000] {taskinstance.py:732} INFO - ::endgroup::
[2025-03-19T19:22:59.843+0000] {python.py:240} INFO - Done. Returned value was: {'first_name': 'John', 'last_name': 'Doe'}
[2025-03-19T19:23:01.995+0000] {taskinstance.py:341} INFO - ::group::Post task execution logs
[2025-03-19T19:23:02.097+0000] {taskinstance.py:353} INFO - Marking task as SUCCESS. dag_id=dag_with_taskflow_Api_v2, task_id=get_name, run_id=scheduled__2024-12-27T00:00:00+00:00, execution_date=20241227T000000, start_date=20250319T191211, end_date=20250319T192302
[2025-03-19T19:23:03.497+0000] {local_task_job_runner.py:266} INFO - Task exited with return code 0
[2025-03-19T19:23:05.190+0000] {standard_task_runner.py:217} INFO - Process not found (most likely exited), stop collecting metrics
[2025-03-19T19:23:06.487+0000] {taskinstance.py:3901} INFO - 1 downstream tasks scheduled from follow-on schedule check
[2025-03-19T19:23:06.600+0000] {local_task_job_runner.py:245} INFO - ::endgroup::
