[2025-03-19T22:26:12.087+0000] {local_task_job_runner.py:123} INFO - ::group::Pre task execution logs
[2025-03-19T22:26:14.906+0000] {taskinstance.py:2614} INFO - Dependencies all met for dep_context=non-requeueable deps ti=<TaskInstance: dag_with_taskflow_Api_v2.get_name scheduled__2025-03-11T00:00:00+00:00 [queued]>
[2025-03-19T22:26:15.647+0000] {taskinstance.py:2614} INFO - Dependencies all met for dep_context=requeueable deps ti=<TaskInstance: dag_with_taskflow_Api_v2.get_name scheduled__2025-03-11T00:00:00+00:00 [queued]>
[2025-03-19T22:26:15.760+0000] {taskinstance.py:2867} INFO - Starting attempt 1 of 6
[2025-03-19T22:26:21.125+0000] {taskinstance.py:2890} INFO - Executing <Task(_PythonDecoratedOperator): get_name> on 2025-03-11 00:00:00+00:00
[2025-03-19T22:26:23.726+0000] {standard_task_runner.py:104} INFO - Running: ['***', 'tasks', 'run', 'dag_with_taskflow_Api_v2', 'get_name', 'scheduled__2025-03-11T00:00:00+00:00', '--job-id', '3354', '--raw', '--subdir', 'DAGS_FOLDER/dag_with_taskflow_api.py', '--cfg-path', '/tmp/tmpi4wftahd']
[2025-03-19T22:26:24.587+0000] {standard_task_runner.py:105} INFO - Job 3354: Subtask get_name
[2025-03-19T22:26:24.630+0000] {logging_mixin.py:190} WARNING - /home/***/.local/lib/python3.12/site-packages/***/task/task_runner/standard_task_runner.py:70 DeprecationWarning: This process (pid=1286) is multi-threaded, use of fork() may lead to deadlocks in the child.
[2025-03-19T22:26:24.725+0000] {standard_task_runner.py:72} INFO - Started process 1342 to run task
[2025-03-19T22:26:29.564+0000] {task_command.py:467} INFO - Running <TaskInstance: dag_with_taskflow_Api_v2.get_name scheduled__2025-03-11T00:00:00+00:00 [running]> on host 63fd4b143e0a
[2025-03-19T22:26:34.055+0000] {job.py:229} INFO - Heartbeat recovered after 28.26 seconds
[2025-03-19T22:26:36.424+0000] {taskinstance.py:3134} INFO - Exporting env vars: AIRFLOW_CTX_DAG_OWNER='***' AIRFLOW_CTX_DAG_ID='dag_with_taskflow_Api_v2' AIRFLOW_CTX_TASK_ID='get_name' AIRFLOW_CTX_EXECUTION_DATE='2025-03-11T00:00:00+00:00' AIRFLOW_CTX_TRY_NUMBER='1' AIRFLOW_CTX_DAG_RUN_ID='scheduled__2025-03-11T00:00:00+00:00'
[2025-03-19T22:26:36.515+0000] {taskinstance.py:732} INFO - ::endgroup::
[2025-03-19T22:26:36.878+0000] {python.py:240} INFO - Done. Returned value was: {'first_name': 'John', 'last_name': 'Doe'}
[2025-03-19T22:26:37.688+0000] {taskinstance.py:341} INFO - ::group::Post task execution logs
[2025-03-19T22:26:37.884+0000] {taskinstance.py:353} INFO - Marking task as SUCCESS. dag_id=dag_with_taskflow_Api_v2, task_id=get_name, run_id=scheduled__2025-03-11T00:00:00+00:00, execution_date=20250311T000000, start_date=20250319T222614, end_date=20250319T222637
[2025-03-19T22:26:40.138+0000] {local_task_job_runner.py:266} INFO - Task exited with return code 0
[2025-03-19T22:26:40.253+0000] {standard_task_runner.py:217} INFO - Process not found (most likely exited), stop collecting metrics
[2025-03-19T22:26:41.782+0000] {taskinstance.py:3901} INFO - 0 downstream tasks scheduled from follow-on schedule check
[2025-03-19T22:26:41.872+0000] {local_task_job_runner.py:245} INFO - ::endgroup::
