[2025-03-17T14:32:56.873-0400] {local_task_job_runner.py:123} INFO - ::group::Pre task execution logs
[2025-03-17T14:32:56.879-0400] {taskinstance.py:2614} INFO - Dependencies all met for dep_context=non-requeueable deps ti=<TaskInstance: tutorial_taskflow_api.transform manual__2025-03-17T18:32:52.142733+00:00 [queued]>
[2025-03-17T14:32:56.882-0400] {taskinstance.py:2614} INFO - Dependencies all met for dep_context=requeueable deps ti=<TaskInstance: tutorial_taskflow_api.transform manual__2025-03-17T18:32:52.142733+00:00 [queued]>
[2025-03-17T14:32:56.882-0400] {taskinstance.py:2867} INFO - Starting attempt 1 of 1
[2025-03-17T14:32:56.886-0400] {taskinstance.py:2890} INFO - Executing <Task(_PythonDecoratedOperator): transform> on 2025-03-17 18:32:52.142733+00:00
[2025-03-17T14:32:56.892-0400] {standard_task_runner.py:104} INFO - Running: ['airflow', 'tasks', 'run', 'tutorial_taskflow_api', 'transform', 'manual__2025-03-17T18:32:52.142733+00:00', '--job-id', '4', '--raw', '--subdir', '/Users/nidhipatel/ApacheAirflow_Tutorial/py_env/lib/python3.12/site-packages/airflow/example_dags/tutorial_taskflow_api.py', '--cfg-path', '/usr/local/tmp/tmp6qr5gltp']
[2025-03-17T14:32:56.893-0400] {standard_task_runner.py:105} INFO - Job 4: Subtask transform
[2025-03-17T14:32:56.894-0400] {logging_mixin.py:190} WARNING - /Users/nidhipatel/ApacheAirflow_Tutorial/py_env/lib/python3.12/site-packages/airflow/task/task_runner/standard_task_runner.py:70 DeprecationWarning: This process (pid=32010) is multi-threaded, use of fork() may lead to deadlocks in the child.
[2025-03-17T14:32:56.895-0400] {standard_task_runner.py:72} INFO - Started process 32012 to run task
[2025-03-17T14:32:56.909-0400] {task_command.py:467} INFO - Running <TaskInstance: tutorial_taskflow_api.transform manual__2025-03-17T18:32:52.142733+00:00 [running]> on host nidhis-macbook-pro.local
[2025-03-17T14:32:56.931-0400] {taskinstance.py:3134} INFO - Exporting env vars: AIRFLOW_CTX_DAG_OWNER='airflow' AIRFLOW_CTX_DAG_ID='tutorial_taskflow_api' AIRFLOW_CTX_TASK_ID='transform' AIRFLOW_CTX_EXECUTION_DATE='2025-03-17T18:32:52.142733+00:00' AIRFLOW_CTX_TRY_NUMBER='1' AIRFLOW_CTX_DAG_RUN_ID='manual__2025-03-17T18:32:52.142733+00:00'
[2025-03-17T14:32:56.931-0400] {logging_mixin.py:190} INFO - Task instance is in running state
[2025-03-17T14:32:56.932-0400] {logging_mixin.py:190} INFO -  Previous state of the Task instance: queued
[2025-03-17T14:32:56.932-0400] {logging_mixin.py:190} INFO - Current task name:transform state:running start_date:2025-03-17 18:32:56.879598+00:00
[2025-03-17T14:32:56.932-0400] {logging_mixin.py:190} INFO - Dag name:tutorial_taskflow_api and current dag run status:running
[2025-03-17T14:32:56.932-0400] {taskinstance.py:732} INFO - ::endgroup::
[2025-03-17T14:32:56.933-0400] {python.py:240} INFO - Done. Returned value was: {'total_order_value': 1236.7}
[2025-03-17T14:32:56.937-0400] {taskinstance.py:341} INFO - ::group::Post task execution logs
[2025-03-17T14:32:56.938-0400] {taskinstance.py:353} INFO - Marking task as SUCCESS. dag_id=tutorial_taskflow_api, task_id=transform, run_id=manual__2025-03-17T18:32:52.142733+00:00, execution_date=20250317T183252, start_date=20250317T183256, end_date=20250317T183256
[2025-03-17T14:32:56.942-0400] {logging_mixin.py:190} INFO - Task instance in success state
[2025-03-17T14:32:56.942-0400] {logging_mixin.py:190} INFO -  Previous state of the Task instance: running
[2025-03-17T14:32:56.942-0400] {logging_mixin.py:190} INFO - Dag name:tutorial_taskflow_api queued_at:2025-03-17 18:32:52.158302+00:00
[2025-03-17T14:32:56.942-0400] {logging_mixin.py:190} INFO - Task hostname:nidhis-macbook-pro.local operator:_PythonDecoratedOperator
[2025-03-17T14:32:56.952-0400] {local_task_job_runner.py:266} INFO - Task exited with return code 0
[2025-03-17T14:32:56.958-0400] {taskinstance.py:3901} INFO - 1 downstream tasks scheduled from follow-on schedule check
[2025-03-17T14:32:56.959-0400] {local_task_job_runner.py:245} INFO - ::endgroup::
