[2025-03-19T22:26:28.868+0000] {local_task_job_runner.py:123} INFO - ::group::Pre task execution logs
[2025-03-19T22:26:34.437+0000] {taskinstance.py:2614} INFO - Dependencies all met for dep_context=non-requeueable deps ti=<TaskInstance: dag_with_taskflow_Api_v2.get_age scheduled__2025-03-12T00:00:00+00:00 [queued]>
[2025-03-19T22:26:35.458+0000] {taskinstance.py:2614} INFO - Dependencies all met for dep_context=requeueable deps ti=<TaskInstance: dag_with_taskflow_Api_v2.get_age scheduled__2025-03-12T00:00:00+00:00 [queued]>
[2025-03-19T22:26:36.003+0000] {taskinstance.py:2867} INFO - Starting attempt 1 of 6
[2025-03-19T22:26:37.519+0000] {taskinstance.py:2890} INFO - Executing <Task(_PythonDecoratedOperator): get_age> on 2025-03-12 00:00:00+00:00
[2025-03-19T22:26:37.890+0000] {standard_task_runner.py:104} INFO - Running: ['***', 'tasks', 'run', 'dag_with_taskflow_Api_v2', 'get_age', 'scheduled__2025-03-12T00:00:00+00:00', '--job-id', '3365', '--raw', '--subdir', 'DAGS_FOLDER/dag_with_taskflow_api.py', '--cfg-path', '/tmp/tmpp4u4fj96']
[2025-03-19T22:26:38.212+0000] {standard_task_runner.py:105} INFO - Job 3365: Subtask get_age
[2025-03-19T22:26:38.122+0000] {logging_mixin.py:190} WARNING - /home/***/.local/lib/python3.12/site-packages/***/task/task_runner/standard_task_runner.py:70 DeprecationWarning: This process (pid=1290) is multi-threaded, use of fork() may lead to deadlocks in the child.
[2025-03-19T22:26:38.352+0000] {standard_task_runner.py:72} INFO - Started process 1369 to run task
[2025-03-19T22:26:43.104+0000] {task_command.py:467} INFO - Running <TaskInstance: dag_with_taskflow_Api_v2.get_age scheduled__2025-03-12T00:00:00+00:00 [running]> on host 63fd4b143e0a
[2025-03-19T22:26:48.242+0000] {job.py:229} INFO - Heartbeat recovered after 27.16 seconds
[2025-03-19T22:26:49.360+0000] {taskinstance.py:3134} INFO - Exporting env vars: AIRFLOW_CTX_DAG_OWNER='***' AIRFLOW_CTX_DAG_ID='dag_with_taskflow_Api_v2' AIRFLOW_CTX_TASK_ID='get_age' AIRFLOW_CTX_EXECUTION_DATE='2025-03-12T00:00:00+00:00' AIRFLOW_CTX_TRY_NUMBER='1' AIRFLOW_CTX_DAG_RUN_ID='scheduled__2025-03-12T00:00:00+00:00'
[2025-03-19T22:26:49.734+0000] {taskinstance.py:732} INFO - ::endgroup::
[2025-03-19T22:26:50.118+0000] {python.py:240} INFO - Done. Returned value was: 19
[2025-03-19T22:26:52.194+0000] {taskinstance.py:341} INFO - ::group::Post task execution logs
[2025-03-19T22:26:52.237+0000] {taskinstance.py:353} INFO - Marking task as SUCCESS. dag_id=dag_with_taskflow_Api_v2, task_id=get_age, run_id=scheduled__2025-03-12T00:00:00+00:00, execution_date=20250312T000000, start_date=20250319T222634, end_date=20250319T222652
[2025-03-19T22:26:59.164+0000] {local_task_job_runner.py:266} INFO - Task exited with return code 0
[2025-03-19T22:26:59.494+0000] {standard_task_runner.py:217} INFO - Process not found (most likely exited), stop collecting metrics
[2025-03-19T22:27:01.565+0000] {taskinstance.py:3901} INFO - 0 downstream tasks scheduled from follow-on schedule check
[2025-03-19T22:27:01.690+0000] {local_task_job_runner.py:245} INFO - ::endgroup::
