[2025-03-19T18:45:58.781+0000] {local_task_job_runner.py:123} INFO - ::group::Pre task execution logs
[2025-03-19T18:45:59.029+0000] {taskinstance.py:2614} INFO - Dependencies all met for dep_context=non-requeueable deps ti=<TaskInstance: dag_with_taskflow_Api_v1.greet scheduled__2024-11-12T00:00:00+00:00 [queued]>
[2025-03-19T18:45:59.083+0000] {taskinstance.py:2614} INFO - Dependencies all met for dep_context=requeueable deps ti=<TaskInstance: dag_with_taskflow_Api_v1.greet scheduled__2024-11-12T00:00:00+00:00 [queued]>
[2025-03-19T18:45:59.084+0000] {taskinstance.py:2867} INFO - Starting attempt 1 of 6
[2025-03-19T18:45:59.191+0000] {taskinstance.py:2890} INFO - Executing <Task(_PythonDecoratedOperator): greet> on 2024-11-12 00:00:00+00:00
[2025-03-19T18:45:59.257+0000] {logging_mixin.py:190} WARNING - /home/***/.local/lib/python3.12/site-packages/***/task/task_runner/standard_task_runner.py:70 DeprecationWarning: This process (pid=4375) is multi-threaded, use of fork() may lead to deadlocks in the child.
[2025-03-19T18:45:59.258+0000] {standard_task_runner.py:104} INFO - Running: ['***', 'tasks', 'run', 'dag_with_taskflow_Api_v1', 'greet', 'scheduled__2024-11-12T00:00:00+00:00', '--job-id', '1264', '--raw', '--subdir', 'DAGS_FOLDER/dag_with_taskflow_api.py', '--cfg-path', '/tmp/tmp9roq_oi0']
[2025-03-19T18:45:59.274+0000] {standard_task_runner.py:72} INFO - Started process 4392 to run task
[2025-03-19T18:45:59.270+0000] {standard_task_runner.py:105} INFO - Job 1264: Subtask greet
[2025-03-19T18:46:00.516+0000] {task_command.py:467} INFO - Running <TaskInstance: dag_with_taskflow_Api_v1.greet scheduled__2024-11-12T00:00:00+00:00 [running]> on host 63fd4b143e0a
[2025-03-19T18:46:01.705+0000] {taskinstance.py:3134} INFO - Exporting env vars: AIRFLOW_CTX_DAG_OWNER='***' AIRFLOW_CTX_DAG_ID='dag_with_taskflow_Api_v1' AIRFLOW_CTX_TASK_ID='greet' AIRFLOW_CTX_EXECUTION_DATE='2024-11-12T00:00:00+00:00' AIRFLOW_CTX_TRY_NUMBER='1' AIRFLOW_CTX_DAG_RUN_ID='scheduled__2024-11-12T00:00:00+00:00'
[2025-03-19T18:46:01.746+0000] {taskinstance.py:732} INFO - ::endgroup::
[2025-03-19T18:46:01.779+0000] {logging_mixin.py:190} INFO - Hello Jerry, you are 19 years old.
[2025-03-19T18:46:01.783+0000] {python.py:240} INFO - Done. Returned value was: None
[2025-03-19T18:46:01.892+0000] {taskinstance.py:341} INFO - ::group::Post task execution logs
[2025-03-19T18:46:01.910+0000] {taskinstance.py:353} INFO - Marking task as SUCCESS. dag_id=dag_with_taskflow_Api_v1, task_id=greet, run_id=scheduled__2024-11-12T00:00:00+00:00, execution_date=20241112T000000, start_date=20250319T184559, end_date=20250319T184601
[2025-03-19T18:46:02.943+0000] {local_task_job_runner.py:266} INFO - Task exited with return code 0
[2025-03-19T18:46:03.722+0000] {taskinstance.py:3901} INFO - 0 downstream tasks scheduled from follow-on schedule check
[2025-03-19T18:46:04.089+0000] {local_task_job_runner.py:245} INFO - ::endgroup::
[2025-03-19T18:46:04.335+0000] {standard_task_runner.py:217} INFO - Process not found (most likely exited), stop collecting metrics
