[2025-03-19T22:27:41.213+0000] {local_task_job_runner.py:123} INFO - ::group::Pre task execution logs
[2025-03-19T22:27:41.363+0000] {taskinstance.py:2614} INFO - Dependencies all met for dep_context=non-requeueable deps ti=<TaskInstance: dag_with_catchup_and_backfill.task_1 scheduled__2024-02-24T00:00:00+00:00 [queued]>
[2025-03-19T22:27:41.395+0000] {taskinstance.py:2614} INFO - Dependencies all met for dep_context=requeueable deps ti=<TaskInstance: dag_with_catchup_and_backfill.task_1 scheduled__2024-02-24T00:00:00+00:00 [queued]>
[2025-03-19T22:27:41.398+0000] {taskinstance.py:2867} INFO - Starting attempt 1 of 6
[2025-03-19T22:27:41.546+0000] {taskinstance.py:2890} INFO - Executing <Task(BashOperator): task_1> on 2024-02-24 00:00:00+00:00
[2025-03-19T22:27:41.688+0000] {standard_task_runner.py:104} INFO - Running: ['***', 'tasks', 'run', 'dag_with_catchup_and_backfill', 'task_1', 'scheduled__2024-02-24T00:00:00+00:00', '--job-id', '3426', '--raw', '--subdir', 'DAGS_FOLDER/dag_with_catchup_and_backfill.py', '--cfg-path', '/tmp/tmpinl0syft']
[2025-03-19T22:27:41.712+0000] {standard_task_runner.py:105} INFO - Job 3426: Subtask task_1
[2025-03-19T22:27:41.705+0000] {logging_mixin.py:190} WARNING - /home/***/.local/lib/python3.12/site-packages/***/task/task_runner/standard_task_runner.py:70 DeprecationWarning: This process (pid=1592) is multi-threaded, use of fork() may lead to deadlocks in the child.
[2025-03-19T22:27:41.717+0000] {standard_task_runner.py:72} INFO - Started process 1606 to run task
[2025-03-19T22:27:42.013+0000] {task_command.py:467} INFO - Running <TaskInstance: dag_with_catchup_and_backfill.task_1 scheduled__2024-02-24T00:00:00+00:00 [running]> on host 63fd4b143e0a
[2025-03-19T22:27:43.486+0000] {taskinstance.py:3134} INFO - Exporting env vars: AIRFLOW_CTX_DAG_OWNER='***' AIRFLOW_CTX_DAG_ID='dag_with_catchup_and_backfill' AIRFLOW_CTX_TASK_ID='task_1' AIRFLOW_CTX_EXECUTION_DATE='2024-02-24T00:00:00+00:00' AIRFLOW_CTX_TRY_NUMBER='1' AIRFLOW_CTX_DAG_RUN_ID='scheduled__2024-02-24T00:00:00+00:00'
[2025-03-19T22:27:43.502+0000] {taskinstance.py:732} INFO - ::endgroup::
[2025-03-19T22:27:43.698+0000] {subprocess.py:78} INFO - Tmp dir root location: /tmp
[2025-03-19T22:27:43.723+0000] {subprocess.py:88} INFO - Running command: ['/usr/bin/bash', '-c', 'echo ']
[2025-03-19T22:27:43.774+0000] {subprocess.py:99} INFO - Output:
[2025-03-19T22:27:43.780+0000] {subprocess.py:106} INFO - 
[2025-03-19T22:27:43.783+0000] {subprocess.py:110} INFO - Command exited with return code 0
[2025-03-19T22:27:44.049+0000] {taskinstance.py:341} INFO - ::group::Post task execution logs
[2025-03-19T22:27:44.058+0000] {taskinstance.py:353} INFO - Marking task as SUCCESS. dag_id=dag_with_catchup_and_backfill, task_id=task_1, run_id=scheduled__2024-02-24T00:00:00+00:00, execution_date=20240224T000000, start_date=20250319T222741, end_date=20250319T222744
[2025-03-19T22:27:44.475+0000] {local_task_job_runner.py:266} INFO - Task exited with return code 0
[2025-03-19T22:27:45.252+0000] {local_task_job_runner.py:245} INFO - ::endgroup::
