[2025-03-17T14:32:35.857-0400] {processor.py:186} INFO - Started process (PID=31973) to work on /Users/nidhipatel/ApacheAirflow_Tutorial/py_env/lib/python3.12/site-packages/airflow/example_dags/example_sensor_decorator.py
[2025-03-17T14:32:35.857-0400] {processor.py:914} INFO - Processing file /Users/nidhipatel/ApacheAirflow_Tutorial/py_env/lib/python3.12/site-packages/airflow/example_dags/example_sensor_decorator.py for tasks to queue
[2025-03-17T14:32:35.857-0400] {logging_mixin.py:190} INFO - [2025-03-17T14:32:35.857-0400] {dagbag.py:588} INFO - Filling up the DagBag from /Users/nidhipatel/ApacheAirflow_Tutorial/py_env/lib/python3.12/site-packages/airflow/example_dags/example_sensor_decorator.py
[2025-03-17T14:32:35.876-0400] {processor.py:925} INFO - DAG(s) 'example_sensor_decorator' retrieved from /Users/nidhipatel/ApacheAirflow_Tutorial/py_env/lib/python3.12/site-packages/airflow/example_dags/example_sensor_decorator.py
[2025-03-17T14:32:35.910-0400] {logging_mixin.py:190} INFO - [2025-03-17T14:32:35.910-0400] {workday.py:41} WARNING - Could not import pandas. Holidays will not be considered.
[2025-03-17T14:32:35.956-0400] {logging_mixin.py:190} INFO - [2025-03-17T14:32:35.956-0400] {override.py:1912} INFO - Created Permission View: can read on DAG:example_sensor_decorator
[2025-03-17T14:32:35.960-0400] {logging_mixin.py:190} INFO - [2025-03-17T14:32:35.960-0400] {override.py:1912} INFO - Created Permission View: can delete on DAG:example_sensor_decorator
[2025-03-17T14:32:35.962-0400] {logging_mixin.py:190} INFO - [2025-03-17T14:32:35.962-0400] {override.py:1912} INFO - Created Permission View: can edit on DAG:example_sensor_decorator
[2025-03-17T14:32:35.966-0400] {logging_mixin.py:190} INFO - [2025-03-17T14:32:35.966-0400] {override.py:1912} INFO - Created Permission View: can create on DAG Run:example_sensor_decorator
[2025-03-17T14:32:35.968-0400] {logging_mixin.py:190} INFO - [2025-03-17T14:32:35.968-0400] {override.py:1912} INFO - Created Permission View: can read on DAG Run:example_sensor_decorator
[2025-03-17T14:32:35.970-0400] {logging_mixin.py:190} INFO - [2025-03-17T14:32:35.970-0400] {override.py:1912} INFO - Created Permission View: can delete on DAG Run:example_sensor_decorator
[2025-03-17T14:32:35.972-0400] {logging_mixin.py:190} INFO - [2025-03-17T14:32:35.972-0400] {override.py:1912} INFO - Created Permission View: menu access on DAG Run:example_sensor_decorator
[2025-03-17T14:32:35.972-0400] {logging_mixin.py:190} INFO - [2025-03-17T14:32:35.972-0400] {dag.py:3239} INFO - Sync 1 DAGs
[2025-03-17T14:32:35.976-0400] {logging_mixin.py:190} INFO - [2025-03-17T14:32:35.976-0400] {dag.py:3262} INFO - Creating ORM DAG for example_sensor_decorator
[2025-03-17T14:32:35.976-0400] {logging_mixin.py:190} INFO - [2025-03-17T14:32:35.976-0400] {dag.py:4180} INFO - Setting next_dagrun for example_sensor_decorator to None, run_after=None
[2025-03-17T14:32:35.983-0400] {processor.py:208} INFO - Processing /Users/nidhipatel/ApacheAirflow_Tutorial/py_env/lib/python3.12/site-packages/airflow/example_dags/example_sensor_decorator.py took 0.128 seconds
[2025-03-17T14:34:15.208-0400] {processor.py:186} INFO - Started process (PID=32139) to work on /Users/nidhipatel/ApacheAirflow_Tutorial/py_env/lib/python3.12/site-packages/airflow/example_dags/example_sensor_decorator.py
[2025-03-17T14:34:15.209-0400] {processor.py:914} INFO - Processing file /Users/nidhipatel/ApacheAirflow_Tutorial/py_env/lib/python3.12/site-packages/airflow/example_dags/example_sensor_decorator.py for tasks to queue
[2025-03-17T14:34:15.209-0400] {logging_mixin.py:190} INFO - [2025-03-17T14:34:15.209-0400] {dagbag.py:588} INFO - Filling up the DagBag from /Users/nidhipatel/ApacheAirflow_Tutorial/py_env/lib/python3.12/site-packages/airflow/example_dags/example_sensor_decorator.py
[2025-03-17T14:34:15.227-0400] {processor.py:925} INFO - DAG(s) 'example_sensor_decorator' retrieved from /Users/nidhipatel/ApacheAirflow_Tutorial/py_env/lib/python3.12/site-packages/airflow/example_dags/example_sensor_decorator.py
[2025-03-17T14:34:15.267-0400] {logging_mixin.py:190} INFO - [2025-03-17T14:34:15.267-0400] {workday.py:41} WARNING - Could not import pandas. Holidays will not be considered.
[2025-03-17T14:34:15.276-0400] {logging_mixin.py:190} INFO - [2025-03-17T14:34:15.276-0400] {dag.py:3239} INFO - Sync 1 DAGs
[2025-03-17T14:34:15.282-0400] {logging_mixin.py:190} INFO - [2025-03-17T14:34:15.282-0400] {dag.py:4180} INFO - Setting next_dagrun for example_sensor_decorator to None, run_after=None
[2025-03-17T14:34:15.291-0400] {processor.py:208} INFO - Processing /Users/nidhipatel/ApacheAirflow_Tutorial/py_env/lib/python3.12/site-packages/airflow/example_dags/example_sensor_decorator.py took 0.084 seconds
[2025-03-17T14:36:28.182-0400] {processor.py:186} INFO - Started process (PID=32301) to work on /Users/nidhipatel/ApacheAirflow_Tutorial/py_env/lib/python3.12/site-packages/airflow/example_dags/example_sensor_decorator.py
[2025-03-17T14:36:28.183-0400] {processor.py:914} INFO - Processing file /Users/nidhipatel/ApacheAirflow_Tutorial/py_env/lib/python3.12/site-packages/airflow/example_dags/example_sensor_decorator.py for tasks to queue
[2025-03-17T14:36:28.183-0400] {logging_mixin.py:190} INFO - [2025-03-17T14:36:28.183-0400] {dagbag.py:588} INFO - Filling up the DagBag from /Users/nidhipatel/ApacheAirflow_Tutorial/py_env/lib/python3.12/site-packages/airflow/example_dags/example_sensor_decorator.py
[2025-03-17T14:36:28.206-0400] {processor.py:925} INFO - DAG(s) 'example_sensor_decorator' retrieved from /Users/nidhipatel/ApacheAirflow_Tutorial/py_env/lib/python3.12/site-packages/airflow/example_dags/example_sensor_decorator.py
[2025-03-17T14:36:28.252-0400] {logging_mixin.py:190} INFO - [2025-03-17T14:36:28.252-0400] {workday.py:41} WARNING - Could not import pandas. Holidays will not be considered.
[2025-03-17T14:36:28.278-0400] {logging_mixin.py:190} INFO - [2025-03-17T14:36:28.277-0400] {dag.py:3239} INFO - Sync 1 DAGs
[2025-03-17T14:36:28.289-0400] {logging_mixin.py:190} INFO - [2025-03-17T14:36:28.289-0400] {dag.py:4180} INFO - Setting next_dagrun for example_sensor_decorator to None, run_after=None
[2025-03-17T14:36:28.296-0400] {processor.py:208} INFO - Processing /Users/nidhipatel/ApacheAirflow_Tutorial/py_env/lib/python3.12/site-packages/airflow/example_dags/example_sensor_decorator.py took 0.116 seconds
[2025-03-17T14:38:32.712-0400] {processor.py:186} INFO - Started process (PID=32488) to work on /Users/nidhipatel/ApacheAirflow_Tutorial/py_env/lib/python3.12/site-packages/airflow/example_dags/example_sensor_decorator.py
[2025-03-17T14:38:32.713-0400] {processor.py:914} INFO - Processing file /Users/nidhipatel/ApacheAirflow_Tutorial/py_env/lib/python3.12/site-packages/airflow/example_dags/example_sensor_decorator.py for tasks to queue
[2025-03-17T14:38:32.713-0400] {logging_mixin.py:190} INFO - [2025-03-17T14:38:32.713-0400] {dagbag.py:588} INFO - Filling up the DagBag from /Users/nidhipatel/ApacheAirflow_Tutorial/py_env/lib/python3.12/site-packages/airflow/example_dags/example_sensor_decorator.py
[2025-03-17T14:38:32.727-0400] {processor.py:925} INFO - DAG(s) 'example_sensor_decorator' retrieved from /Users/nidhipatel/ApacheAirflow_Tutorial/py_env/lib/python3.12/site-packages/airflow/example_dags/example_sensor_decorator.py
[2025-03-17T14:38:32.761-0400] {logging_mixin.py:190} INFO - [2025-03-17T14:38:32.761-0400] {workday.py:41} WARNING - Could not import pandas. Holidays will not be considered.
[2025-03-17T14:38:32.768-0400] {logging_mixin.py:190} INFO - [2025-03-17T14:38:32.768-0400] {dag.py:3239} INFO - Sync 1 DAGs
[2025-03-17T14:38:32.774-0400] {logging_mixin.py:190} INFO - [2025-03-17T14:38:32.774-0400] {dag.py:4180} INFO - Setting next_dagrun for example_sensor_decorator to None, run_after=None
[2025-03-17T14:38:32.781-0400] {processor.py:208} INFO - Processing /Users/nidhipatel/ApacheAirflow_Tutorial/py_env/lib/python3.12/site-packages/airflow/example_dags/example_sensor_decorator.py took 0.070 seconds
[2025-03-17T14:40:38.631-0400] {processor.py:186} INFO - Started process (PID=32686) to work on /Users/nidhipatel/ApacheAirflow_Tutorial/py_env/lib/python3.12/site-packages/airflow/example_dags/example_sensor_decorator.py
[2025-03-17T14:40:38.632-0400] {processor.py:914} INFO - Processing file /Users/nidhipatel/ApacheAirflow_Tutorial/py_env/lib/python3.12/site-packages/airflow/example_dags/example_sensor_decorator.py for tasks to queue
[2025-03-17T14:40:38.632-0400] {logging_mixin.py:190} INFO - [2025-03-17T14:40:38.632-0400] {dagbag.py:588} INFO - Filling up the DagBag from /Users/nidhipatel/ApacheAirflow_Tutorial/py_env/lib/python3.12/site-packages/airflow/example_dags/example_sensor_decorator.py
[2025-03-17T14:40:38.646-0400] {processor.py:925} INFO - DAG(s) 'example_sensor_decorator' retrieved from /Users/nidhipatel/ApacheAirflow_Tutorial/py_env/lib/python3.12/site-packages/airflow/example_dags/example_sensor_decorator.py
[2025-03-17T14:40:38.677-0400] {logging_mixin.py:190} INFO - [2025-03-17T14:40:38.677-0400] {workday.py:41} WARNING - Could not import pandas. Holidays will not be considered.
[2025-03-17T14:40:38.685-0400] {logging_mixin.py:190} INFO - [2025-03-17T14:40:38.685-0400] {dag.py:3239} INFO - Sync 1 DAGs
[2025-03-17T14:40:38.689-0400] {logging_mixin.py:190} INFO - [2025-03-17T14:40:38.689-0400] {dag.py:4180} INFO - Setting next_dagrun for example_sensor_decorator to None, run_after=None
[2025-03-17T14:40:38.695-0400] {processor.py:208} INFO - Processing /Users/nidhipatel/ApacheAirflow_Tutorial/py_env/lib/python3.12/site-packages/airflow/example_dags/example_sensor_decorator.py took 0.066 seconds
[2025-03-17T14:42:44.501-0400] {processor.py:186} INFO - Started process (PID=32867) to work on /Users/nidhipatel/ApacheAirflow_Tutorial/py_env/lib/python3.12/site-packages/airflow/example_dags/example_sensor_decorator.py
[2025-03-17T14:42:44.501-0400] {processor.py:914} INFO - Processing file /Users/nidhipatel/ApacheAirflow_Tutorial/py_env/lib/python3.12/site-packages/airflow/example_dags/example_sensor_decorator.py for tasks to queue
[2025-03-17T14:42:44.502-0400] {logging_mixin.py:190} INFO - [2025-03-17T14:42:44.502-0400] {dagbag.py:588} INFO - Filling up the DagBag from /Users/nidhipatel/ApacheAirflow_Tutorial/py_env/lib/python3.12/site-packages/airflow/example_dags/example_sensor_decorator.py
[2025-03-17T14:42:44.516-0400] {processor.py:925} INFO - DAG(s) 'example_sensor_decorator' retrieved from /Users/nidhipatel/ApacheAirflow_Tutorial/py_env/lib/python3.12/site-packages/airflow/example_dags/example_sensor_decorator.py
[2025-03-17T14:42:44.547-0400] {logging_mixin.py:190} INFO - [2025-03-17T14:42:44.547-0400] {workday.py:41} WARNING - Could not import pandas. Holidays will not be considered.
[2025-03-17T14:42:44.555-0400] {logging_mixin.py:190} INFO - [2025-03-17T14:42:44.555-0400] {dag.py:3239} INFO - Sync 1 DAGs
[2025-03-17T14:42:44.558-0400] {logging_mixin.py:190} INFO - [2025-03-17T14:42:44.558-0400] {dag.py:4180} INFO - Setting next_dagrun for example_sensor_decorator to None, run_after=None
[2025-03-17T14:42:44.565-0400] {processor.py:208} INFO - Processing /Users/nidhipatel/ApacheAirflow_Tutorial/py_env/lib/python3.12/site-packages/airflow/example_dags/example_sensor_decorator.py took 0.066 seconds
[2025-03-17T14:45:00.277-0400] {processor.py:186} INFO - Started process (PID=33046) to work on /Users/nidhipatel/ApacheAirflow_Tutorial/py_env/lib/python3.12/site-packages/airflow/example_dags/example_sensor_decorator.py
[2025-03-17T14:45:00.278-0400] {processor.py:914} INFO - Processing file /Users/nidhipatel/ApacheAirflow_Tutorial/py_env/lib/python3.12/site-packages/airflow/example_dags/example_sensor_decorator.py for tasks to queue
[2025-03-17T14:45:00.280-0400] {logging_mixin.py:190} INFO - [2025-03-17T14:45:00.280-0400] {dagbag.py:588} INFO - Filling up the DagBag from /Users/nidhipatel/ApacheAirflow_Tutorial/py_env/lib/python3.12/site-packages/airflow/example_dags/example_sensor_decorator.py
[2025-03-17T14:45:00.294-0400] {processor.py:925} INFO - DAG(s) 'example_sensor_decorator' retrieved from /Users/nidhipatel/ApacheAirflow_Tutorial/py_env/lib/python3.12/site-packages/airflow/example_dags/example_sensor_decorator.py
[2025-03-17T14:45:00.325-0400] {logging_mixin.py:190} INFO - [2025-03-17T14:45:00.325-0400] {workday.py:41} WARNING - Could not import pandas. Holidays will not be considered.
[2025-03-17T14:45:00.333-0400] {logging_mixin.py:190} INFO - [2025-03-17T14:45:00.333-0400] {dag.py:3239} INFO - Sync 1 DAGs
[2025-03-17T14:45:00.336-0400] {logging_mixin.py:190} INFO - [2025-03-17T14:45:00.336-0400] {dag.py:4180} INFO - Setting next_dagrun for example_sensor_decorator to None, run_after=None
[2025-03-17T14:45:00.342-0400] {processor.py:208} INFO - Processing /Users/nidhipatel/ApacheAirflow_Tutorial/py_env/lib/python3.12/site-packages/airflow/example_dags/example_sensor_decorator.py took 0.067 seconds
[2025-03-17T14:47:19.801-0400] {processor.py:186} INFO - Started process (PID=33225) to work on /Users/nidhipatel/ApacheAirflow_Tutorial/py_env/lib/python3.12/site-packages/airflow/example_dags/example_sensor_decorator.py
[2025-03-17T14:47:19.802-0400] {processor.py:914} INFO - Processing file /Users/nidhipatel/ApacheAirflow_Tutorial/py_env/lib/python3.12/site-packages/airflow/example_dags/example_sensor_decorator.py for tasks to queue
[2025-03-17T14:47:19.802-0400] {logging_mixin.py:190} INFO - [2025-03-17T14:47:19.802-0400] {dagbag.py:588} INFO - Filling up the DagBag from /Users/nidhipatel/ApacheAirflow_Tutorial/py_env/lib/python3.12/site-packages/airflow/example_dags/example_sensor_decorator.py
[2025-03-17T14:47:19.817-0400] {processor.py:925} INFO - DAG(s) 'example_sensor_decorator' retrieved from /Users/nidhipatel/ApacheAirflow_Tutorial/py_env/lib/python3.12/site-packages/airflow/example_dags/example_sensor_decorator.py
[2025-03-17T14:47:19.848-0400] {logging_mixin.py:190} INFO - [2025-03-17T14:47:19.848-0400] {workday.py:41} WARNING - Could not import pandas. Holidays will not be considered.
[2025-03-17T14:47:19.855-0400] {logging_mixin.py:190} INFO - [2025-03-17T14:47:19.855-0400] {dag.py:3239} INFO - Sync 1 DAGs
[2025-03-17T14:47:19.859-0400] {logging_mixin.py:190} INFO - [2025-03-17T14:47:19.859-0400] {dag.py:4180} INFO - Setting next_dagrun for example_sensor_decorator to None, run_after=None
[2025-03-17T14:47:19.866-0400] {processor.py:208} INFO - Processing /Users/nidhipatel/ApacheAirflow_Tutorial/py_env/lib/python3.12/site-packages/airflow/example_dags/example_sensor_decorator.py took 0.067 seconds
[2025-03-17T14:49:31.516-0400] {processor.py:186} INFO - Started process (PID=33420) to work on /Users/nidhipatel/ApacheAirflow_Tutorial/py_env/lib/python3.12/site-packages/airflow/example_dags/example_sensor_decorator.py
[2025-03-17T14:49:31.517-0400] {processor.py:914} INFO - Processing file /Users/nidhipatel/ApacheAirflow_Tutorial/py_env/lib/python3.12/site-packages/airflow/example_dags/example_sensor_decorator.py for tasks to queue
[2025-03-17T14:49:31.517-0400] {logging_mixin.py:190} INFO - [2025-03-17T14:49:31.517-0400] {dagbag.py:588} INFO - Filling up the DagBag from /Users/nidhipatel/ApacheAirflow_Tutorial/py_env/lib/python3.12/site-packages/airflow/example_dags/example_sensor_decorator.py
[2025-03-17T14:49:31.533-0400] {processor.py:925} INFO - DAG(s) 'example_sensor_decorator' retrieved from /Users/nidhipatel/ApacheAirflow_Tutorial/py_env/lib/python3.12/site-packages/airflow/example_dags/example_sensor_decorator.py
[2025-03-17T14:49:31.568-0400] {logging_mixin.py:190} INFO - [2025-03-17T14:49:31.568-0400] {workday.py:41} WARNING - Could not import pandas. Holidays will not be considered.
[2025-03-17T14:49:31.577-0400] {logging_mixin.py:190} INFO - [2025-03-17T14:49:31.577-0400] {dag.py:3239} INFO - Sync 1 DAGs
[2025-03-17T14:49:31.581-0400] {logging_mixin.py:190} INFO - [2025-03-17T14:49:31.581-0400] {dag.py:4180} INFO - Setting next_dagrun for example_sensor_decorator to None, run_after=None
[2025-03-17T14:49:31.587-0400] {processor.py:208} INFO - Processing /Users/nidhipatel/ApacheAirflow_Tutorial/py_env/lib/python3.12/site-packages/airflow/example_dags/example_sensor_decorator.py took 0.073 seconds
[2025-03-17T14:51:41.559-0400] {processor.py:186} INFO - Started process (PID=33683) to work on /Users/nidhipatel/ApacheAirflow_Tutorial/py_env/lib/python3.12/site-packages/airflow/example_dags/example_sensor_decorator.py
[2025-03-17T14:51:41.560-0400] {processor.py:914} INFO - Processing file /Users/nidhipatel/ApacheAirflow_Tutorial/py_env/lib/python3.12/site-packages/airflow/example_dags/example_sensor_decorator.py for tasks to queue
[2025-03-17T14:51:41.560-0400] {logging_mixin.py:190} INFO - [2025-03-17T14:51:41.560-0400] {dagbag.py:588} INFO - Filling up the DagBag from /Users/nidhipatel/ApacheAirflow_Tutorial/py_env/lib/python3.12/site-packages/airflow/example_dags/example_sensor_decorator.py
[2025-03-17T14:51:41.577-0400] {processor.py:925} INFO - DAG(s) 'example_sensor_decorator' retrieved from /Users/nidhipatel/ApacheAirflow_Tutorial/py_env/lib/python3.12/site-packages/airflow/example_dags/example_sensor_decorator.py
[2025-03-17T14:51:41.612-0400] {logging_mixin.py:190} INFO - [2025-03-17T14:51:41.612-0400] {workday.py:41} WARNING - Could not import pandas. Holidays will not be considered.
[2025-03-17T14:51:41.620-0400] {logging_mixin.py:190} INFO - [2025-03-17T14:51:41.620-0400] {dag.py:3239} INFO - Sync 1 DAGs
[2025-03-17T14:51:41.624-0400] {logging_mixin.py:190} INFO - [2025-03-17T14:51:41.624-0400] {dag.py:4180} INFO - Setting next_dagrun for example_sensor_decorator to None, run_after=None
[2025-03-17T14:51:41.631-0400] {processor.py:208} INFO - Processing /Users/nidhipatel/ApacheAirflow_Tutorial/py_env/lib/python3.12/site-packages/airflow/example_dags/example_sensor_decorator.py took 0.073 seconds
