[2025-03-17T14:33:24.938-0400] {processor.py:186} INFO - Started process (PID=32064) to work on /Users/nidhipatel/ApacheAirflow_Tutorial/py_env/lib/python3.12/site-packages/airflow/example_dags/example_branch_datetime_operator.py
[2025-03-17T14:33:24.938-0400] {processor.py:914} INFO - Processing file /Users/nidhipatel/ApacheAirflow_Tutorial/py_env/lib/python3.12/site-packages/airflow/example_dags/example_branch_datetime_operator.py for tasks to queue
[2025-03-17T14:33:24.939-0400] {logging_mixin.py:190} INFO - [2025-03-17T14:33:24.939-0400] {dagbag.py:588} INFO - Filling up the DagBag from /Users/nidhipatel/ApacheAirflow_Tutorial/py_env/lib/python3.12/site-packages/airflow/example_dags/example_branch_datetime_operator.py
[2025-03-17T14:33:24.944-0400] {processor.py:925} INFO - DAG(s) 'example_branch_datetime_operator_2', 'example_branch_datetime_operator', 'example_branch_datetime_operator_3' retrieved from /Users/nidhipatel/ApacheAirflow_Tutorial/py_env/lib/python3.12/site-packages/airflow/example_dags/example_branch_datetime_operator.py
[2025-03-17T14:33:25.014-0400] {logging_mixin.py:190} INFO - [2025-03-17T14:33:25.014-0400] {override.py:1912} INFO - Created Permission View: can delete on DAG:example_branch_datetime_operator_2
[2025-03-17T14:33:25.017-0400] {logging_mixin.py:190} INFO - [2025-03-17T14:33:25.017-0400] {override.py:1912} INFO - Created Permission View: can read on DAG:example_branch_datetime_operator_2
[2025-03-17T14:33:25.019-0400] {logging_mixin.py:190} INFO - [2025-03-17T14:33:25.019-0400] {override.py:1912} INFO - Created Permission View: can edit on DAG:example_branch_datetime_operator_2
[2025-03-17T14:33:25.022-0400] {logging_mixin.py:190} INFO - [2025-03-17T14:33:25.022-0400] {override.py:1912} INFO - Created Permission View: can delete on DAG Run:example_branch_datetime_operator_2
[2025-03-17T14:33:25.024-0400] {logging_mixin.py:190} INFO - [2025-03-17T14:33:25.024-0400] {override.py:1912} INFO - Created Permission View: can read on DAG Run:example_branch_datetime_operator_2
[2025-03-17T14:33:25.026-0400] {logging_mixin.py:190} INFO - [2025-03-17T14:33:25.026-0400] {override.py:1912} INFO - Created Permission View: menu access on DAG Run:example_branch_datetime_operator_2
[2025-03-17T14:33:25.028-0400] {logging_mixin.py:190} INFO - [2025-03-17T14:33:25.028-0400] {override.py:1912} INFO - Created Permission View: can create on DAG Run:example_branch_datetime_operator_2
[2025-03-17T14:33:25.033-0400] {logging_mixin.py:190} INFO - [2025-03-17T14:33:25.032-0400] {override.py:1912} INFO - Created Permission View: can delete on DAG:example_branch_datetime_operator
[2025-03-17T14:33:25.034-0400] {logging_mixin.py:190} INFO - [2025-03-17T14:33:25.034-0400] {override.py:1912} INFO - Created Permission View: can read on DAG:example_branch_datetime_operator
[2025-03-17T14:33:25.036-0400] {logging_mixin.py:190} INFO - [2025-03-17T14:33:25.036-0400] {override.py:1912} INFO - Created Permission View: can edit on DAG:example_branch_datetime_operator
[2025-03-17T14:33:25.039-0400] {logging_mixin.py:190} INFO - [2025-03-17T14:33:25.039-0400] {override.py:1912} INFO - Created Permission View: can delete on DAG Run:example_branch_datetime_operator
[2025-03-17T14:33:25.041-0400] {logging_mixin.py:190} INFO - [2025-03-17T14:33:25.041-0400] {override.py:1912} INFO - Created Permission View: can read on DAG Run:example_branch_datetime_operator
[2025-03-17T14:33:25.043-0400] {logging_mixin.py:190} INFO - [2025-03-17T14:33:25.043-0400] {override.py:1912} INFO - Created Permission View: menu access on DAG Run:example_branch_datetime_operator
[2025-03-17T14:33:25.045-0400] {logging_mixin.py:190} INFO - [2025-03-17T14:33:25.045-0400] {override.py:1912} INFO - Created Permission View: can create on DAG Run:example_branch_datetime_operator
[2025-03-17T14:33:25.052-0400] {logging_mixin.py:190} INFO - [2025-03-17T14:33:25.052-0400] {override.py:1912} INFO - Created Permission View: can delete on DAG:example_branch_datetime_operator_3
[2025-03-17T14:33:25.054-0400] {logging_mixin.py:190} INFO - [2025-03-17T14:33:25.054-0400] {override.py:1912} INFO - Created Permission View: can read on DAG:example_branch_datetime_operator_3
[2025-03-17T14:33:25.056-0400] {logging_mixin.py:190} INFO - [2025-03-17T14:33:25.056-0400] {override.py:1912} INFO - Created Permission View: can edit on DAG:example_branch_datetime_operator_3
[2025-03-17T14:33:25.059-0400] {logging_mixin.py:190} INFO - [2025-03-17T14:33:25.059-0400] {override.py:1912} INFO - Created Permission View: can delete on DAG Run:example_branch_datetime_operator_3
[2025-03-17T14:33:25.061-0400] {logging_mixin.py:190} INFO - [2025-03-17T14:33:25.061-0400] {override.py:1912} INFO - Created Permission View: can read on DAG Run:example_branch_datetime_operator_3
[2025-03-17T14:33:25.063-0400] {logging_mixin.py:190} INFO - [2025-03-17T14:33:25.063-0400] {override.py:1912} INFO - Created Permission View: menu access on DAG Run:example_branch_datetime_operator_3
[2025-03-17T14:33:25.065-0400] {logging_mixin.py:190} INFO - [2025-03-17T14:33:25.065-0400] {override.py:1912} INFO - Created Permission View: can create on DAG Run:example_branch_datetime_operator_3
[2025-03-17T14:33:25.065-0400] {logging_mixin.py:190} INFO - [2025-03-17T14:33:25.065-0400] {dag.py:3239} INFO - Sync 3 DAGs
[2025-03-17T14:33:25.070-0400] {logging_mixin.py:190} INFO - [2025-03-17T14:33:25.070-0400] {dag.py:3262} INFO - Creating ORM DAG for example_branch_datetime_operator_3
[2025-03-17T14:33:25.070-0400] {logging_mixin.py:190} INFO - [2025-03-17T14:33:25.070-0400] {dag.py:3262} INFO - Creating ORM DAG for example_branch_datetime_operator_2
[2025-03-17T14:33:25.070-0400] {logging_mixin.py:190} INFO - [2025-03-17T14:33:25.070-0400] {dag.py:3262} INFO - Creating ORM DAG for example_branch_datetime_operator
[2025-03-17T14:33:25.073-0400] {logging_mixin.py:190} INFO - [2025-03-17T14:33:25.073-0400] {dag.py:4180} INFO - Setting next_dagrun for example_branch_datetime_operator to 2025-03-16 00:00:00+00:00, run_after=2025-03-17 00:00:00+00:00
[2025-03-17T14:33:25.074-0400] {logging_mixin.py:190} INFO - [2025-03-17T14:33:25.074-0400] {dag.py:4180} INFO - Setting next_dagrun for example_branch_datetime_operator_2 to 2025-03-16 00:00:00+00:00, run_after=2025-03-17 00:00:00+00:00
[2025-03-17T14:33:25.074-0400] {logging_mixin.py:190} INFO - [2025-03-17T14:33:25.074-0400] {dag.py:4180} INFO - Setting next_dagrun for example_branch_datetime_operator_3 to 2025-03-16 00:00:00+00:00, run_after=2025-03-17 00:00:00+00:00
[2025-03-17T14:33:25.081-0400] {processor.py:208} INFO - Processing /Users/nidhipatel/ApacheAirflow_Tutorial/py_env/lib/python3.12/site-packages/airflow/example_dags/example_branch_datetime_operator.py took 0.145 seconds
[2025-03-17T14:35:40.619-0400] {processor.py:186} INFO - Started process (PID=32238) to work on /Users/nidhipatel/ApacheAirflow_Tutorial/py_env/lib/python3.12/site-packages/airflow/example_dags/example_branch_datetime_operator.py
[2025-03-17T14:35:40.620-0400] {processor.py:914} INFO - Processing file /Users/nidhipatel/ApacheAirflow_Tutorial/py_env/lib/python3.12/site-packages/airflow/example_dags/example_branch_datetime_operator.py for tasks to queue
[2025-03-17T14:35:40.620-0400] {logging_mixin.py:190} INFO - [2025-03-17T14:35:40.620-0400] {dagbag.py:588} INFO - Filling up the DagBag from /Users/nidhipatel/ApacheAirflow_Tutorial/py_env/lib/python3.12/site-packages/airflow/example_dags/example_branch_datetime_operator.py
[2025-03-17T14:35:40.626-0400] {processor.py:925} INFO - DAG(s) 'example_branch_datetime_operator_2', 'example_branch_datetime_operator', 'example_branch_datetime_operator_3' retrieved from /Users/nidhipatel/ApacheAirflow_Tutorial/py_env/lib/python3.12/site-packages/airflow/example_dags/example_branch_datetime_operator.py
[2025-03-17T14:35:40.666-0400] {logging_mixin.py:190} INFO - [2025-03-17T14:35:40.666-0400] {dag.py:3239} INFO - Sync 3 DAGs
[2025-03-17T14:35:40.673-0400] {logging_mixin.py:190} INFO - [2025-03-17T14:35:40.672-0400] {dag.py:4180} INFO - Setting next_dagrun for example_branch_datetime_operator to 2025-03-16 00:00:00+00:00, run_after=2025-03-17 00:00:00+00:00
[2025-03-17T14:35:40.675-0400] {logging_mixin.py:190} INFO - [2025-03-17T14:35:40.675-0400] {dag.py:4180} INFO - Setting next_dagrun for example_branch_datetime_operator_2 to 2025-03-16 00:00:00+00:00, run_after=2025-03-17 00:00:00+00:00
[2025-03-17T14:35:40.676-0400] {logging_mixin.py:190} INFO - [2025-03-17T14:35:40.676-0400] {dag.py:4180} INFO - Setting next_dagrun for example_branch_datetime_operator_3 to 2025-03-16 00:00:00+00:00, run_after=2025-03-17 00:00:00+00:00
[2025-03-17T14:35:40.683-0400] {processor.py:208} INFO - Processing /Users/nidhipatel/ApacheAirflow_Tutorial/py_env/lib/python3.12/site-packages/airflow/example_dags/example_branch_datetime_operator.py took 0.065 seconds
[2025-03-17T14:37:48.410-0400] {processor.py:186} INFO - Started process (PID=32404) to work on /Users/nidhipatel/ApacheAirflow_Tutorial/py_env/lib/python3.12/site-packages/airflow/example_dags/example_branch_datetime_operator.py
[2025-03-17T14:37:48.410-0400] {processor.py:914} INFO - Processing file /Users/nidhipatel/ApacheAirflow_Tutorial/py_env/lib/python3.12/site-packages/airflow/example_dags/example_branch_datetime_operator.py for tasks to queue
[2025-03-17T14:37:48.411-0400] {logging_mixin.py:190} INFO - [2025-03-17T14:37:48.411-0400] {dagbag.py:588} INFO - Filling up the DagBag from /Users/nidhipatel/ApacheAirflow_Tutorial/py_env/lib/python3.12/site-packages/airflow/example_dags/example_branch_datetime_operator.py
[2025-03-17T14:37:48.416-0400] {processor.py:925} INFO - DAG(s) 'example_branch_datetime_operator_3', 'example_branch_datetime_operator', 'example_branch_datetime_operator_2' retrieved from /Users/nidhipatel/ApacheAirflow_Tutorial/py_env/lib/python3.12/site-packages/airflow/example_dags/example_branch_datetime_operator.py
[2025-03-17T14:37:48.452-0400] {logging_mixin.py:190} INFO - [2025-03-17T14:37:48.452-0400] {dag.py:3239} INFO - Sync 3 DAGs
[2025-03-17T14:37:48.459-0400] {logging_mixin.py:190} INFO - [2025-03-17T14:37:48.459-0400] {dag.py:4180} INFO - Setting next_dagrun for example_branch_datetime_operator to 2025-03-16 00:00:00+00:00, run_after=2025-03-17 00:00:00+00:00
[2025-03-17T14:37:48.461-0400] {logging_mixin.py:190} INFO - [2025-03-17T14:37:48.461-0400] {dag.py:4180} INFO - Setting next_dagrun for example_branch_datetime_operator_2 to 2025-03-16 00:00:00+00:00, run_after=2025-03-17 00:00:00+00:00
[2025-03-17T14:37:48.461-0400] {logging_mixin.py:190} INFO - [2025-03-17T14:37:48.461-0400] {dag.py:4180} INFO - Setting next_dagrun for example_branch_datetime_operator_3 to 2025-03-16 00:00:00+00:00, run_after=2025-03-17 00:00:00+00:00
[2025-03-17T14:37:48.467-0400] {processor.py:208} INFO - Processing /Users/nidhipatel/ApacheAirflow_Tutorial/py_env/lib/python3.12/site-packages/airflow/example_dags/example_branch_datetime_operator.py took 0.059 seconds
[2025-03-17T14:39:52.146-0400] {processor.py:186} INFO - Started process (PID=32623) to work on /Users/nidhipatel/ApacheAirflow_Tutorial/py_env/lib/python3.12/site-packages/airflow/example_dags/example_branch_datetime_operator.py
[2025-03-17T14:39:52.147-0400] {processor.py:914} INFO - Processing file /Users/nidhipatel/ApacheAirflow_Tutorial/py_env/lib/python3.12/site-packages/airflow/example_dags/example_branch_datetime_operator.py for tasks to queue
[2025-03-17T14:39:52.147-0400] {logging_mixin.py:190} INFO - [2025-03-17T14:39:52.147-0400] {dagbag.py:588} INFO - Filling up the DagBag from /Users/nidhipatel/ApacheAirflow_Tutorial/py_env/lib/python3.12/site-packages/airflow/example_dags/example_branch_datetime_operator.py
[2025-03-17T14:39:52.152-0400] {processor.py:925} INFO - DAG(s) 'example_branch_datetime_operator', 'example_branch_datetime_operator_2', 'example_branch_datetime_operator_3' retrieved from /Users/nidhipatel/ApacheAirflow_Tutorial/py_env/lib/python3.12/site-packages/airflow/example_dags/example_branch_datetime_operator.py
[2025-03-17T14:39:52.192-0400] {logging_mixin.py:190} INFO - [2025-03-17T14:39:52.192-0400] {dag.py:3239} INFO - Sync 3 DAGs
[2025-03-17T14:39:52.201-0400] {logging_mixin.py:190} INFO - [2025-03-17T14:39:52.200-0400] {dag.py:4180} INFO - Setting next_dagrun for example_branch_datetime_operator to 2025-03-16 00:00:00+00:00, run_after=2025-03-17 00:00:00+00:00
[2025-03-17T14:39:52.203-0400] {logging_mixin.py:190} INFO - [2025-03-17T14:39:52.203-0400] {dag.py:4180} INFO - Setting next_dagrun for example_branch_datetime_operator_2 to 2025-03-16 00:00:00+00:00, run_after=2025-03-17 00:00:00+00:00
[2025-03-17T14:39:52.204-0400] {logging_mixin.py:190} INFO - [2025-03-17T14:39:52.204-0400] {dag.py:4180} INFO - Setting next_dagrun for example_branch_datetime_operator_3 to 2025-03-16 00:00:00+00:00, run_after=2025-03-17 00:00:00+00:00
[2025-03-17T14:39:52.212-0400] {processor.py:208} INFO - Processing /Users/nidhipatel/ApacheAirflow_Tutorial/py_env/lib/python3.12/site-packages/airflow/example_dags/example_branch_datetime_operator.py took 0.067 seconds
[2025-03-17T14:41:58.115-0400] {processor.py:186} INFO - Started process (PID=32806) to work on /Users/nidhipatel/ApacheAirflow_Tutorial/py_env/lib/python3.12/site-packages/airflow/example_dags/example_branch_datetime_operator.py
[2025-03-17T14:41:58.116-0400] {processor.py:914} INFO - Processing file /Users/nidhipatel/ApacheAirflow_Tutorial/py_env/lib/python3.12/site-packages/airflow/example_dags/example_branch_datetime_operator.py for tasks to queue
[2025-03-17T14:41:58.116-0400] {logging_mixin.py:190} INFO - [2025-03-17T14:41:58.116-0400] {dagbag.py:588} INFO - Filling up the DagBag from /Users/nidhipatel/ApacheAirflow_Tutorial/py_env/lib/python3.12/site-packages/airflow/example_dags/example_branch_datetime_operator.py
[2025-03-17T14:41:58.121-0400] {processor.py:925} INFO - DAG(s) 'example_branch_datetime_operator_3', 'example_branch_datetime_operator', 'example_branch_datetime_operator_2' retrieved from /Users/nidhipatel/ApacheAirflow_Tutorial/py_env/lib/python3.12/site-packages/airflow/example_dags/example_branch_datetime_operator.py
[2025-03-17T14:41:58.157-0400] {logging_mixin.py:190} INFO - [2025-03-17T14:41:58.157-0400] {dag.py:3239} INFO - Sync 3 DAGs
[2025-03-17T14:41:58.164-0400] {logging_mixin.py:190} INFO - [2025-03-17T14:41:58.164-0400] {dag.py:4180} INFO - Setting next_dagrun for example_branch_datetime_operator to 2025-03-16 00:00:00+00:00, run_after=2025-03-17 00:00:00+00:00
[2025-03-17T14:41:58.165-0400] {logging_mixin.py:190} INFO - [2025-03-17T14:41:58.165-0400] {dag.py:4180} INFO - Setting next_dagrun for example_branch_datetime_operator_2 to 2025-03-16 00:00:00+00:00, run_after=2025-03-17 00:00:00+00:00
[2025-03-17T14:41:58.166-0400] {logging_mixin.py:190} INFO - [2025-03-17T14:41:58.166-0400] {dag.py:4180} INFO - Setting next_dagrun for example_branch_datetime_operator_3 to 2025-03-16 00:00:00+00:00, run_after=2025-03-17 00:00:00+00:00
[2025-03-17T14:41:58.172-0400] {processor.py:208} INFO - Processing /Users/nidhipatel/ApacheAirflow_Tutorial/py_env/lib/python3.12/site-packages/airflow/example_dags/example_branch_datetime_operator.py took 0.058 seconds
[2025-03-17T14:44:09.428-0400] {processor.py:186} INFO - Started process (PID=32969) to work on /Users/nidhipatel/ApacheAirflow_Tutorial/py_env/lib/python3.12/site-packages/airflow/example_dags/example_branch_datetime_operator.py
[2025-03-17T14:44:09.428-0400] {processor.py:914} INFO - Processing file /Users/nidhipatel/ApacheAirflow_Tutorial/py_env/lib/python3.12/site-packages/airflow/example_dags/example_branch_datetime_operator.py for tasks to queue
[2025-03-17T14:44:09.429-0400] {logging_mixin.py:190} INFO - [2025-03-17T14:44:09.428-0400] {dagbag.py:588} INFO - Filling up the DagBag from /Users/nidhipatel/ApacheAirflow_Tutorial/py_env/lib/python3.12/site-packages/airflow/example_dags/example_branch_datetime_operator.py
[2025-03-17T14:44:09.434-0400] {processor.py:925} INFO - DAG(s) 'example_branch_datetime_operator', 'example_branch_datetime_operator_3', 'example_branch_datetime_operator_2' retrieved from /Users/nidhipatel/ApacheAirflow_Tutorial/py_env/lib/python3.12/site-packages/airflow/example_dags/example_branch_datetime_operator.py
[2025-03-17T14:44:09.472-0400] {logging_mixin.py:190} INFO - [2025-03-17T14:44:09.472-0400] {dag.py:3239} INFO - Sync 3 DAGs
[2025-03-17T14:44:09.479-0400] {logging_mixin.py:190} INFO - [2025-03-17T14:44:09.479-0400] {dag.py:4180} INFO - Setting next_dagrun for example_branch_datetime_operator to 2025-03-16 00:00:00+00:00, run_after=2025-03-17 00:00:00+00:00
[2025-03-17T14:44:09.481-0400] {logging_mixin.py:190} INFO - [2025-03-17T14:44:09.481-0400] {dag.py:4180} INFO - Setting next_dagrun for example_branch_datetime_operator_2 to 2025-03-16 00:00:00+00:00, run_after=2025-03-17 00:00:00+00:00
[2025-03-17T14:44:09.481-0400] {logging_mixin.py:190} INFO - [2025-03-17T14:44:09.481-0400] {dag.py:4180} INFO - Setting next_dagrun for example_branch_datetime_operator_3 to 2025-03-16 00:00:00+00:00, run_after=2025-03-17 00:00:00+00:00
[2025-03-17T14:44:09.487-0400] {processor.py:208} INFO - Processing /Users/nidhipatel/ApacheAirflow_Tutorial/py_env/lib/python3.12/site-packages/airflow/example_dags/example_branch_datetime_operator.py took 0.061 seconds
[2025-03-17T14:46:27.302-0400] {processor.py:186} INFO - Started process (PID=33157) to work on /Users/nidhipatel/ApacheAirflow_Tutorial/py_env/lib/python3.12/site-packages/airflow/example_dags/example_branch_datetime_operator.py
[2025-03-17T14:46:27.302-0400] {processor.py:914} INFO - Processing file /Users/nidhipatel/ApacheAirflow_Tutorial/py_env/lib/python3.12/site-packages/airflow/example_dags/example_branch_datetime_operator.py for tasks to queue
[2025-03-17T14:46:27.303-0400] {logging_mixin.py:190} INFO - [2025-03-17T14:46:27.303-0400] {dagbag.py:588} INFO - Filling up the DagBag from /Users/nidhipatel/ApacheAirflow_Tutorial/py_env/lib/python3.12/site-packages/airflow/example_dags/example_branch_datetime_operator.py
[2025-03-17T14:46:27.308-0400] {processor.py:925} INFO - DAG(s) 'example_branch_datetime_operator_2', 'example_branch_datetime_operator', 'example_branch_datetime_operator_3' retrieved from /Users/nidhipatel/ApacheAirflow_Tutorial/py_env/lib/python3.12/site-packages/airflow/example_dags/example_branch_datetime_operator.py
[2025-03-17T14:46:27.346-0400] {logging_mixin.py:190} INFO - [2025-03-17T14:46:27.345-0400] {dag.py:3239} INFO - Sync 3 DAGs
[2025-03-17T14:46:27.352-0400] {logging_mixin.py:190} INFO - [2025-03-17T14:46:27.352-0400] {dag.py:4180} INFO - Setting next_dagrun for example_branch_datetime_operator to 2025-03-16 00:00:00+00:00, run_after=2025-03-17 00:00:00+00:00
[2025-03-17T14:46:27.354-0400] {logging_mixin.py:190} INFO - [2025-03-17T14:46:27.354-0400] {dag.py:4180} INFO - Setting next_dagrun for example_branch_datetime_operator_2 to 2025-03-16 00:00:00+00:00, run_after=2025-03-17 00:00:00+00:00
[2025-03-17T14:46:27.354-0400] {logging_mixin.py:190} INFO - [2025-03-17T14:46:27.354-0400] {dag.py:4180} INFO - Setting next_dagrun for example_branch_datetime_operator_3 to 2025-03-16 00:00:00+00:00, run_after=2025-03-17 00:00:00+00:00
[2025-03-17T14:46:27.361-0400] {processor.py:208} INFO - Processing /Users/nidhipatel/ApacheAirflow_Tutorial/py_env/lib/python3.12/site-packages/airflow/example_dags/example_branch_datetime_operator.py took 0.061 seconds
[2025-03-17T14:48:45.547-0400] {processor.py:186} INFO - Started process (PID=33332) to work on /Users/nidhipatel/ApacheAirflow_Tutorial/py_env/lib/python3.12/site-packages/airflow/example_dags/example_branch_datetime_operator.py
[2025-03-17T14:48:45.547-0400] {processor.py:914} INFO - Processing file /Users/nidhipatel/ApacheAirflow_Tutorial/py_env/lib/python3.12/site-packages/airflow/example_dags/example_branch_datetime_operator.py for tasks to queue
[2025-03-17T14:48:45.548-0400] {logging_mixin.py:190} INFO - [2025-03-17T14:48:45.548-0400] {dagbag.py:588} INFO - Filling up the DagBag from /Users/nidhipatel/ApacheAirflow_Tutorial/py_env/lib/python3.12/site-packages/airflow/example_dags/example_branch_datetime_operator.py
[2025-03-17T14:48:45.552-0400] {processor.py:925} INFO - DAG(s) 'example_branch_datetime_operator_3', 'example_branch_datetime_operator', 'example_branch_datetime_operator_2' retrieved from /Users/nidhipatel/ApacheAirflow_Tutorial/py_env/lib/python3.12/site-packages/airflow/example_dags/example_branch_datetime_operator.py
[2025-03-17T14:48:45.588-0400] {logging_mixin.py:190} INFO - [2025-03-17T14:48:45.588-0400] {dag.py:3239} INFO - Sync 3 DAGs
[2025-03-17T14:48:45.594-0400] {logging_mixin.py:190} INFO - [2025-03-17T14:48:45.594-0400] {dag.py:4180} INFO - Setting next_dagrun for example_branch_datetime_operator to 2025-03-16 00:00:00+00:00, run_after=2025-03-17 00:00:00+00:00
[2025-03-17T14:48:45.596-0400] {logging_mixin.py:190} INFO - [2025-03-17T14:48:45.596-0400] {dag.py:4180} INFO - Setting next_dagrun for example_branch_datetime_operator_2 to 2025-03-16 00:00:00+00:00, run_after=2025-03-17 00:00:00+00:00
[2025-03-17T14:48:45.596-0400] {logging_mixin.py:190} INFO - [2025-03-17T14:48:45.596-0400] {dag.py:4180} INFO - Setting next_dagrun for example_branch_datetime_operator_3 to 2025-03-16 00:00:00+00:00, run_after=2025-03-17 00:00:00+00:00
[2025-03-17T14:48:45.602-0400] {processor.py:208} INFO - Processing /Users/nidhipatel/ApacheAirflow_Tutorial/py_env/lib/python3.12/site-packages/airflow/example_dags/example_branch_datetime_operator.py took 0.057 seconds
[2025-03-17T14:50:53.135-0400] {processor.py:186} INFO - Started process (PID=33560) to work on /Users/nidhipatel/ApacheAirflow_Tutorial/py_env/lib/python3.12/site-packages/airflow/example_dags/example_branch_datetime_operator.py
[2025-03-17T14:50:53.136-0400] {processor.py:914} INFO - Processing file /Users/nidhipatel/ApacheAirflow_Tutorial/py_env/lib/python3.12/site-packages/airflow/example_dags/example_branch_datetime_operator.py for tasks to queue
[2025-03-17T14:50:53.136-0400] {logging_mixin.py:190} INFO - [2025-03-17T14:50:53.136-0400] {dagbag.py:588} INFO - Filling up the DagBag from /Users/nidhipatel/ApacheAirflow_Tutorial/py_env/lib/python3.12/site-packages/airflow/example_dags/example_branch_datetime_operator.py
[2025-03-17T14:50:53.141-0400] {processor.py:925} INFO - DAG(s) 'example_branch_datetime_operator_3', 'example_branch_datetime_operator', 'example_branch_datetime_operator_2' retrieved from /Users/nidhipatel/ApacheAirflow_Tutorial/py_env/lib/python3.12/site-packages/airflow/example_dags/example_branch_datetime_operator.py
[2025-03-17T14:50:53.177-0400] {logging_mixin.py:190} INFO - [2025-03-17T14:50:53.177-0400] {dag.py:3239} INFO - Sync 3 DAGs
[2025-03-17T14:50:53.184-0400] {logging_mixin.py:190} INFO - [2025-03-17T14:50:53.184-0400] {dag.py:4180} INFO - Setting next_dagrun for example_branch_datetime_operator to 2025-03-16 00:00:00+00:00, run_after=2025-03-17 00:00:00+00:00
[2025-03-17T14:50:53.186-0400] {logging_mixin.py:190} INFO - [2025-03-17T14:50:53.185-0400] {dag.py:4180} INFO - Setting next_dagrun for example_branch_datetime_operator_2 to 2025-03-16 00:00:00+00:00, run_after=2025-03-17 00:00:00+00:00
[2025-03-17T14:50:53.186-0400] {logging_mixin.py:190} INFO - [2025-03-17T14:50:53.186-0400] {dag.py:4180} INFO - Setting next_dagrun for example_branch_datetime_operator_3 to 2025-03-16 00:00:00+00:00, run_after=2025-03-17 00:00:00+00:00
[2025-03-17T14:50:53.192-0400] {processor.py:208} INFO - Processing /Users/nidhipatel/ApacheAirflow_Tutorial/py_env/lib/python3.12/site-packages/airflow/example_dags/example_branch_datetime_operator.py took 0.059 seconds
[2025-03-17T14:53:10.142-0400] {processor.py:186} INFO - Started process (PID=33992) to work on /Users/nidhipatel/ApacheAirflow_Tutorial/py_env/lib/python3.12/site-packages/airflow/example_dags/example_branch_datetime_operator.py
[2025-03-17T14:53:10.142-0400] {processor.py:914} INFO - Processing file /Users/nidhipatel/ApacheAirflow_Tutorial/py_env/lib/python3.12/site-packages/airflow/example_dags/example_branch_datetime_operator.py for tasks to queue
[2025-03-17T14:53:10.143-0400] {logging_mixin.py:190} INFO - [2025-03-17T14:53:10.143-0400] {dagbag.py:588} INFO - Filling up the DagBag from /Users/nidhipatel/ApacheAirflow_Tutorial/py_env/lib/python3.12/site-packages/airflow/example_dags/example_branch_datetime_operator.py
[2025-03-17T14:53:10.148-0400] {processor.py:925} INFO - DAG(s) 'example_branch_datetime_operator_3', 'example_branch_datetime_operator_2', 'example_branch_datetime_operator' retrieved from /Users/nidhipatel/ApacheAirflow_Tutorial/py_env/lib/python3.12/site-packages/airflow/example_dags/example_branch_datetime_operator.py
[2025-03-17T14:53:10.187-0400] {logging_mixin.py:190} INFO - [2025-03-17T14:53:10.187-0400] {dag.py:3239} INFO - Sync 3 DAGs
[2025-03-17T14:53:10.199-0400] {logging_mixin.py:190} INFO - [2025-03-17T14:53:10.199-0400] {dag.py:4180} INFO - Setting next_dagrun for example_branch_datetime_operator to 2025-03-16 00:00:00+00:00, run_after=2025-03-17 00:00:00+00:00
[2025-03-17T14:53:10.200-0400] {logging_mixin.py:190} INFO - [2025-03-17T14:53:10.200-0400] {dag.py:4180} INFO - Setting next_dagrun for example_branch_datetime_operator_2 to 2025-03-16 00:00:00+00:00, run_after=2025-03-17 00:00:00+00:00
[2025-03-17T14:53:10.201-0400] {logging_mixin.py:190} INFO - [2025-03-17T14:53:10.201-0400] {dag.py:4180} INFO - Setting next_dagrun for example_branch_datetime_operator_3 to 2025-03-16 00:00:00+00:00, run_after=2025-03-17 00:00:00+00:00
[2025-03-17T14:53:10.207-0400] {processor.py:208} INFO - Processing /Users/nidhipatel/ApacheAirflow_Tutorial/py_env/lib/python3.12/site-packages/airflow/example_dags/example_branch_datetime_operator.py took 0.067 seconds
