[2025-03-17T14:33:05.624-0400] {processor.py:186} INFO - Started process (PID=32032) to work on /Users/nidhipatel/ApacheAirflow_Tutorial/py_env/lib/python3.12/site-packages/airflow/example_dags/example_display_name.py
[2025-03-17T14:33:05.624-0400] {processor.py:914} INFO - Processing file /Users/nidhipatel/ApacheAirflow_Tutorial/py_env/lib/python3.12/site-packages/airflow/example_dags/example_display_name.py for tasks to queue
[2025-03-17T14:33:05.625-0400] {logging_mixin.py:190} INFO - [2025-03-17T14:33:05.625-0400] {dagbag.py:588} INFO - Filling up the DagBag from /Users/nidhipatel/ApacheAirflow_Tutorial/py_env/lib/python3.12/site-packages/airflow/example_dags/example_display_name.py
[2025-03-17T14:33:05.638-0400] {processor.py:925} INFO - DAG(s) 'example_display_name' retrieved from /Users/nidhipatel/ApacheAirflow_Tutorial/py_env/lib/python3.12/site-packages/airflow/example_dags/example_display_name.py
[2025-03-17T14:33:05.702-0400] {logging_mixin.py:190} INFO - [2025-03-17T14:33:05.702-0400] {override.py:1912} INFO - Created Permission View: can delete on DAG:example_display_name
[2025-03-17T14:33:05.705-0400] {logging_mixin.py:190} INFO - [2025-03-17T14:33:05.705-0400] {override.py:1912} INFO - Created Permission View: can edit on DAG:example_display_name
[2025-03-17T14:33:05.707-0400] {logging_mixin.py:190} INFO - [2025-03-17T14:33:05.707-0400] {override.py:1912} INFO - Created Permission View: can read on DAG:example_display_name
[2025-03-17T14:33:05.709-0400] {logging_mixin.py:190} INFO - [2025-03-17T14:33:05.709-0400] {override.py:1912} INFO - Created Permission View: can delete on DAG Run:example_display_name
[2025-03-17T14:33:05.711-0400] {logging_mixin.py:190} INFO - [2025-03-17T14:33:05.711-0400] {override.py:1912} INFO - Created Permission View: can create on DAG Run:example_display_name
[2025-03-17T14:33:05.713-0400] {logging_mixin.py:190} INFO - [2025-03-17T14:33:05.713-0400] {override.py:1912} INFO - Created Permission View: menu access on DAG Run:example_display_name
[2025-03-17T14:33:05.715-0400] {logging_mixin.py:190} INFO - [2025-03-17T14:33:05.715-0400] {override.py:1912} INFO - Created Permission View: can read on DAG Run:example_display_name
[2025-03-17T14:33:05.715-0400] {logging_mixin.py:190} INFO - [2025-03-17T14:33:05.715-0400] {dag.py:3239} INFO - Sync 1 DAGs
[2025-03-17T14:33:05.719-0400] {logging_mixin.py:190} INFO - [2025-03-17T14:33:05.719-0400] {dag.py:3262} INFO - Creating ORM DAG for example_display_name
[2025-03-17T14:33:05.719-0400] {logging_mixin.py:190} INFO - [2025-03-17T14:33:05.719-0400] {dag.py:4180} INFO - Setting next_dagrun for example_display_name to None, run_after=None
[2025-03-17T14:33:05.725-0400] {processor.py:208} INFO - Processing /Users/nidhipatel/ApacheAirflow_Tutorial/py_env/lib/python3.12/site-packages/airflow/example_dags/example_display_name.py took 0.102 seconds
[2025-03-17T14:35:21.097-0400] {processor.py:186} INFO - Started process (PID=32216) to work on /Users/nidhipatel/ApacheAirflow_Tutorial/py_env/lib/python3.12/site-packages/airflow/example_dags/example_display_name.py
[2025-03-17T14:35:21.097-0400] {processor.py:914} INFO - Processing file /Users/nidhipatel/ApacheAirflow_Tutorial/py_env/lib/python3.12/site-packages/airflow/example_dags/example_display_name.py for tasks to queue
[2025-03-17T14:35:21.098-0400] {logging_mixin.py:190} INFO - [2025-03-17T14:35:21.097-0400] {dagbag.py:588} INFO - Filling up the DagBag from /Users/nidhipatel/ApacheAirflow_Tutorial/py_env/lib/python3.12/site-packages/airflow/example_dags/example_display_name.py
[2025-03-17T14:35:21.113-0400] {processor.py:925} INFO - DAG(s) 'example_display_name' retrieved from /Users/nidhipatel/ApacheAirflow_Tutorial/py_env/lib/python3.12/site-packages/airflow/example_dags/example_display_name.py
[2025-03-17T14:35:21.145-0400] {logging_mixin.py:190} INFO - [2025-03-17T14:35:21.145-0400] {dag.py:3239} INFO - Sync 1 DAGs
[2025-03-17T14:35:21.149-0400] {logging_mixin.py:190} INFO - [2025-03-17T14:35:21.149-0400] {dag.py:4180} INFO - Setting next_dagrun for example_display_name to None, run_after=None
[2025-03-17T14:35:21.156-0400] {processor.py:208} INFO - Processing /Users/nidhipatel/ApacheAirflow_Tutorial/py_env/lib/python3.12/site-packages/airflow/example_dags/example_display_name.py took 0.061 seconds
[2025-03-17T14:37:31.480-0400] {processor.py:186} INFO - Started process (PID=32382) to work on /Users/nidhipatel/ApacheAirflow_Tutorial/py_env/lib/python3.12/site-packages/airflow/example_dags/example_display_name.py
[2025-03-17T14:37:31.481-0400] {processor.py:914} INFO - Processing file /Users/nidhipatel/ApacheAirflow_Tutorial/py_env/lib/python3.12/site-packages/airflow/example_dags/example_display_name.py for tasks to queue
[2025-03-17T14:37:31.482-0400] {logging_mixin.py:190} INFO - [2025-03-17T14:37:31.481-0400] {dagbag.py:588} INFO - Filling up the DagBag from /Users/nidhipatel/ApacheAirflow_Tutorial/py_env/lib/python3.12/site-packages/airflow/example_dags/example_display_name.py
[2025-03-17T14:37:31.496-0400] {processor.py:925} INFO - DAG(s) 'example_display_name' retrieved from /Users/nidhipatel/ApacheAirflow_Tutorial/py_env/lib/python3.12/site-packages/airflow/example_dags/example_display_name.py
[2025-03-17T14:37:31.530-0400] {logging_mixin.py:190} INFO - [2025-03-17T14:37:31.530-0400] {dag.py:3239} INFO - Sync 1 DAGs
[2025-03-17T14:37:31.535-0400] {logging_mixin.py:190} INFO - [2025-03-17T14:37:31.535-0400] {dag.py:4180} INFO - Setting next_dagrun for example_display_name to None, run_after=None
[2025-03-17T14:37:31.541-0400] {processor.py:208} INFO - Processing /Users/nidhipatel/ApacheAirflow_Tutorial/py_env/lib/python3.12/site-packages/airflow/example_dags/example_display_name.py took 0.063 seconds
[2025-03-17T14:39:33.310-0400] {processor.py:186} INFO - Started process (PID=32593) to work on /Users/nidhipatel/ApacheAirflow_Tutorial/py_env/lib/python3.12/site-packages/airflow/example_dags/example_display_name.py
[2025-03-17T14:39:33.311-0400] {processor.py:914} INFO - Processing file /Users/nidhipatel/ApacheAirflow_Tutorial/py_env/lib/python3.12/site-packages/airflow/example_dags/example_display_name.py for tasks to queue
[2025-03-17T14:39:33.311-0400] {logging_mixin.py:190} INFO - [2025-03-17T14:39:33.311-0400] {dagbag.py:588} INFO - Filling up the DagBag from /Users/nidhipatel/ApacheAirflow_Tutorial/py_env/lib/python3.12/site-packages/airflow/example_dags/example_display_name.py
[2025-03-17T14:39:33.329-0400] {processor.py:925} INFO - DAG(s) 'example_display_name' retrieved from /Users/nidhipatel/ApacheAirflow_Tutorial/py_env/lib/python3.12/site-packages/airflow/example_dags/example_display_name.py
[2025-03-17T14:39:33.368-0400] {logging_mixin.py:190} INFO - [2025-03-17T14:39:33.367-0400] {dag.py:3239} INFO - Sync 1 DAGs
[2025-03-17T14:39:33.373-0400] {logging_mixin.py:190} INFO - [2025-03-17T14:39:33.373-0400] {dag.py:4180} INFO - Setting next_dagrun for example_display_name to None, run_after=None
[2025-03-17T14:39:33.382-0400] {processor.py:208} INFO - Processing /Users/nidhipatel/ApacheAirflow_Tutorial/py_env/lib/python3.12/site-packages/airflow/example_dags/example_display_name.py took 0.075 seconds
[2025-03-17T14:41:39.088-0400] {processor.py:186} INFO - Started process (PID=32781) to work on /Users/nidhipatel/ApacheAirflow_Tutorial/py_env/lib/python3.12/site-packages/airflow/example_dags/example_display_name.py
[2025-03-17T14:41:39.088-0400] {processor.py:914} INFO - Processing file /Users/nidhipatel/ApacheAirflow_Tutorial/py_env/lib/python3.12/site-packages/airflow/example_dags/example_display_name.py for tasks to queue
[2025-03-17T14:41:39.089-0400] {logging_mixin.py:190} INFO - [2025-03-17T14:41:39.089-0400] {dagbag.py:588} INFO - Filling up the DagBag from /Users/nidhipatel/ApacheAirflow_Tutorial/py_env/lib/python3.12/site-packages/airflow/example_dags/example_display_name.py
[2025-03-17T14:41:39.104-0400] {processor.py:925} INFO - DAG(s) 'example_display_name' retrieved from /Users/nidhipatel/ApacheAirflow_Tutorial/py_env/lib/python3.12/site-packages/airflow/example_dags/example_display_name.py
[2025-03-17T14:41:39.138-0400] {logging_mixin.py:190} INFO - [2025-03-17T14:41:39.138-0400] {dag.py:3239} INFO - Sync 1 DAGs
[2025-03-17T14:41:39.144-0400] {logging_mixin.py:190} INFO - [2025-03-17T14:41:39.144-0400] {dag.py:4180} INFO - Setting next_dagrun for example_display_name to None, run_after=None
[2025-03-17T14:41:39.151-0400] {processor.py:208} INFO - Processing /Users/nidhipatel/ApacheAirflow_Tutorial/py_env/lib/python3.12/site-packages/airflow/example_dags/example_display_name.py took 0.065 seconds
[2025-03-17T14:43:52.055-0400] {processor.py:186} INFO - Started process (PID=32945) to work on /Users/nidhipatel/ApacheAirflow_Tutorial/py_env/lib/python3.12/site-packages/airflow/example_dags/example_display_name.py
[2025-03-17T14:43:52.056-0400] {processor.py:914} INFO - Processing file /Users/nidhipatel/ApacheAirflow_Tutorial/py_env/lib/python3.12/site-packages/airflow/example_dags/example_display_name.py for tasks to queue
[2025-03-17T14:43:52.056-0400] {logging_mixin.py:190} INFO - [2025-03-17T14:43:52.056-0400] {dagbag.py:588} INFO - Filling up the DagBag from /Users/nidhipatel/ApacheAirflow_Tutorial/py_env/lib/python3.12/site-packages/airflow/example_dags/example_display_name.py
[2025-03-17T14:43:52.070-0400] {processor.py:925} INFO - DAG(s) 'example_display_name' retrieved from /Users/nidhipatel/ApacheAirflow_Tutorial/py_env/lib/python3.12/site-packages/airflow/example_dags/example_display_name.py
[2025-03-17T14:43:52.102-0400] {logging_mixin.py:190} INFO - [2025-03-17T14:43:52.102-0400] {dag.py:3239} INFO - Sync 1 DAGs
[2025-03-17T14:43:52.106-0400] {logging_mixin.py:190} INFO - [2025-03-17T14:43:52.106-0400] {dag.py:4180} INFO - Setting next_dagrun for example_display_name to None, run_after=None
[2025-03-17T14:43:52.112-0400] {processor.py:208} INFO - Processing /Users/nidhipatel/ApacheAirflow_Tutorial/py_env/lib/python3.12/site-packages/airflow/example_dags/example_display_name.py took 0.058 seconds
[2025-03-17T14:46:08.350-0400] {processor.py:186} INFO - Started process (PID=33135) to work on /Users/nidhipatel/ApacheAirflow_Tutorial/py_env/lib/python3.12/site-packages/airflow/example_dags/example_display_name.py
[2025-03-17T14:46:08.351-0400] {processor.py:914} INFO - Processing file /Users/nidhipatel/ApacheAirflow_Tutorial/py_env/lib/python3.12/site-packages/airflow/example_dags/example_display_name.py for tasks to queue
[2025-03-17T14:46:08.351-0400] {logging_mixin.py:190} INFO - [2025-03-17T14:46:08.351-0400] {dagbag.py:588} INFO - Filling up the DagBag from /Users/nidhipatel/ApacheAirflow_Tutorial/py_env/lib/python3.12/site-packages/airflow/example_dags/example_display_name.py
[2025-03-17T14:46:08.365-0400] {processor.py:925} INFO - DAG(s) 'example_display_name' retrieved from /Users/nidhipatel/ApacheAirflow_Tutorial/py_env/lib/python3.12/site-packages/airflow/example_dags/example_display_name.py
[2025-03-17T14:46:08.399-0400] {logging_mixin.py:190} INFO - [2025-03-17T14:46:08.399-0400] {dag.py:3239} INFO - Sync 1 DAGs
[2025-03-17T14:46:08.404-0400] {logging_mixin.py:190} INFO - [2025-03-17T14:46:08.403-0400] {dag.py:4180} INFO - Setting next_dagrun for example_display_name to None, run_after=None
[2025-03-17T14:46:08.410-0400] {processor.py:208} INFO - Processing /Users/nidhipatel/ApacheAirflow_Tutorial/py_env/lib/python3.12/site-packages/airflow/example_dags/example_display_name.py took 0.062 seconds
[2025-03-17T14:48:26.243-0400] {processor.py:186} INFO - Started process (PID=33303) to work on /Users/nidhipatel/ApacheAirflow_Tutorial/py_env/lib/python3.12/site-packages/airflow/example_dags/example_display_name.py
[2025-03-17T14:48:26.244-0400] {processor.py:914} INFO - Processing file /Users/nidhipatel/ApacheAirflow_Tutorial/py_env/lib/python3.12/site-packages/airflow/example_dags/example_display_name.py for tasks to queue
[2025-03-17T14:48:26.244-0400] {logging_mixin.py:190} INFO - [2025-03-17T14:48:26.244-0400] {dagbag.py:588} INFO - Filling up the DagBag from /Users/nidhipatel/ApacheAirflow_Tutorial/py_env/lib/python3.12/site-packages/airflow/example_dags/example_display_name.py
[2025-03-17T14:48:26.258-0400] {processor.py:925} INFO - DAG(s) 'example_display_name' retrieved from /Users/nidhipatel/ApacheAirflow_Tutorial/py_env/lib/python3.12/site-packages/airflow/example_dags/example_display_name.py
[2025-03-17T14:48:26.293-0400] {logging_mixin.py:190} INFO - [2025-03-17T14:48:26.293-0400] {dag.py:3239} INFO - Sync 1 DAGs
[2025-03-17T14:48:26.298-0400] {logging_mixin.py:190} INFO - [2025-03-17T14:48:26.298-0400] {dag.py:4180} INFO - Setting next_dagrun for example_display_name to None, run_after=None
[2025-03-17T14:48:26.304-0400] {processor.py:208} INFO - Processing /Users/nidhipatel/ApacheAirflow_Tutorial/py_env/lib/python3.12/site-packages/airflow/example_dags/example_display_name.py took 0.063 seconds
[2025-03-17T14:50:34.918-0400] {processor.py:186} INFO - Started process (PID=33499) to work on /Users/nidhipatel/ApacheAirflow_Tutorial/py_env/lib/python3.12/site-packages/airflow/example_dags/example_display_name.py
[2025-03-17T14:50:34.919-0400] {processor.py:914} INFO - Processing file /Users/nidhipatel/ApacheAirflow_Tutorial/py_env/lib/python3.12/site-packages/airflow/example_dags/example_display_name.py for tasks to queue
[2025-03-17T14:50:34.920-0400] {logging_mixin.py:190} INFO - [2025-03-17T14:50:34.919-0400] {dagbag.py:588} INFO - Filling up the DagBag from /Users/nidhipatel/ApacheAirflow_Tutorial/py_env/lib/python3.12/site-packages/airflow/example_dags/example_display_name.py
[2025-03-17T14:50:34.936-0400] {processor.py:925} INFO - DAG(s) 'example_display_name' retrieved from /Users/nidhipatel/ApacheAirflow_Tutorial/py_env/lib/python3.12/site-packages/airflow/example_dags/example_display_name.py
[2025-03-17T14:50:34.969-0400] {logging_mixin.py:190} INFO - [2025-03-17T14:50:34.969-0400] {dag.py:3239} INFO - Sync 1 DAGs
[2025-03-17T14:50:34.973-0400] {logging_mixin.py:190} INFO - [2025-03-17T14:50:34.973-0400] {dag.py:4180} INFO - Setting next_dagrun for example_display_name to None, run_after=None
[2025-03-17T14:50:34.979-0400] {processor.py:208} INFO - Processing /Users/nidhipatel/ApacheAirflow_Tutorial/py_env/lib/python3.12/site-packages/airflow/example_dags/example_display_name.py took 0.063 seconds
[2025-03-17T14:52:50.469-0400] {processor.py:186} INFO - Started process (PID=33921) to work on /Users/nidhipatel/ApacheAirflow_Tutorial/py_env/lib/python3.12/site-packages/airflow/example_dags/example_display_name.py
[2025-03-17T14:52:50.470-0400] {processor.py:914} INFO - Processing file /Users/nidhipatel/ApacheAirflow_Tutorial/py_env/lib/python3.12/site-packages/airflow/example_dags/example_display_name.py for tasks to queue
[2025-03-17T14:52:50.470-0400] {logging_mixin.py:190} INFO - [2025-03-17T14:52:50.470-0400] {dagbag.py:588} INFO - Filling up the DagBag from /Users/nidhipatel/ApacheAirflow_Tutorial/py_env/lib/python3.12/site-packages/airflow/example_dags/example_display_name.py
[2025-03-17T14:52:50.486-0400] {processor.py:925} INFO - DAG(s) 'example_display_name' retrieved from /Users/nidhipatel/ApacheAirflow_Tutorial/py_env/lib/python3.12/site-packages/airflow/example_dags/example_display_name.py
[2025-03-17T14:52:50.518-0400] {logging_mixin.py:190} INFO - [2025-03-17T14:52:50.518-0400] {dag.py:3239} INFO - Sync 1 DAGs
[2025-03-17T14:52:50.522-0400] {logging_mixin.py:190} INFO - [2025-03-17T14:52:50.522-0400] {dag.py:4180} INFO - Setting next_dagrun for example_display_name to None, run_after=None
[2025-03-17T14:52:50.529-0400] {processor.py:208} INFO - Processing /Users/nidhipatel/ApacheAirflow_Tutorial/py_env/lib/python3.12/site-packages/airflow/example_dags/example_display_name.py took 0.061 seconds
