[2025-03-17T14:32:21.110-0400] {processor.py:186} INFO - Started process (PID=31951) to work on /Users/nidhipatel/ApacheAirflow_Tutorial/py_env/lib/python3.12/site-packages/airflow/example_dags/example_subdag_operator.py
[2025-03-17T14:32:21.111-0400] {processor.py:914} INFO - Processing file /Users/nidhipatel/ApacheAirflow_Tutorial/py_env/lib/python3.12/site-packages/airflow/example_dags/example_subdag_operator.py for tasks to queue
[2025-03-17T14:32:21.112-0400] {logging_mixin.py:190} INFO - [2025-03-17T14:32:21.112-0400] {dagbag.py:588} INFO - Filling up the DagBag from /Users/nidhipatel/ApacheAirflow_Tutorial/py_env/lib/python3.12/site-packages/airflow/example_dags/example_subdag_operator.py
[2025-03-17T14:32:21.158-0400] {processor.py:925} INFO - DAG(s) 'example_subdag_operator.section-1', 'example_subdag_operator.section-2', 'example_subdag_operator' retrieved from /Users/nidhipatel/ApacheAirflow_Tutorial/py_env/lib/python3.12/site-packages/airflow/example_dags/example_subdag_operator.py
[2025-03-17T14:32:21.165-0400] {logging_mixin.py:190} INFO - [2025-03-17T14:32:21.165-0400] {workday.py:41} WARNING - Could not import pandas. Holidays will not be considered.
[2025-03-17T14:32:21.207-0400] {logging_mixin.py:190} INFO - [2025-03-17T14:32:21.206-0400] {override.py:1912} INFO - Created Permission View: can read on DAG:example_subdag_operator
[2025-03-17T14:32:21.210-0400] {logging_mixin.py:190} INFO - [2025-03-17T14:32:21.210-0400] {override.py:1912} INFO - Created Permission View: can delete on DAG:example_subdag_operator
[2025-03-17T14:32:21.212-0400] {logging_mixin.py:190} INFO - [2025-03-17T14:32:21.212-0400] {override.py:1912} INFO - Created Permission View: can edit on DAG:example_subdag_operator
[2025-03-17T14:32:21.216-0400] {logging_mixin.py:190} INFO - [2025-03-17T14:32:21.216-0400] {override.py:1912} INFO - Created Permission View: can create on DAG Run:example_subdag_operator
[2025-03-17T14:32:21.218-0400] {logging_mixin.py:190} INFO - [2025-03-17T14:32:21.217-0400] {override.py:1912} INFO - Created Permission View: can read on DAG Run:example_subdag_operator
[2025-03-17T14:32:21.219-0400] {logging_mixin.py:190} INFO - [2025-03-17T14:32:21.219-0400] {override.py:1912} INFO - Created Permission View: can delete on DAG Run:example_subdag_operator
[2025-03-17T14:32:21.221-0400] {logging_mixin.py:190} INFO - [2025-03-17T14:32:21.221-0400] {override.py:1912} INFO - Created Permission View: menu access on DAG Run:example_subdag_operator
[2025-03-17T14:32:21.221-0400] {logging_mixin.py:190} INFO - [2025-03-17T14:32:21.221-0400] {dag.py:3239} INFO - Sync 3 DAGs
[2025-03-17T14:32:21.227-0400] {logging_mixin.py:190} INFO - [2025-03-17T14:32:21.227-0400] {dag.py:3262} INFO - Creating ORM DAG for example_subdag_operator.section-2
[2025-03-17T14:32:21.227-0400] {logging_mixin.py:190} INFO - [2025-03-17T14:32:21.227-0400] {dag.py:3262} INFO - Creating ORM DAG for example_subdag_operator.section-1
[2025-03-17T14:32:21.227-0400] {logging_mixin.py:190} INFO - [2025-03-17T14:32:21.227-0400] {dag.py:3262} INFO - Creating ORM DAG for example_subdag_operator
[2025-03-17T14:32:21.230-0400] {logging_mixin.py:190} INFO - [2025-03-17T14:32:21.230-0400] {dag.py:4180} INFO - Setting next_dagrun for example_subdag_operator to 2022-01-01 00:00:00+00:00, run_after=2022-01-01 00:00:00+00:00
[2025-03-17T14:32:21.231-0400] {logging_mixin.py:190} INFO - [2025-03-17T14:32:21.231-0400] {dag.py:4180} INFO - Setting next_dagrun for example_subdag_operator.section-1 to None, run_after=None
[2025-03-17T14:32:21.231-0400] {logging_mixin.py:190} INFO - [2025-03-17T14:32:21.231-0400] {dag.py:4180} INFO - Setting next_dagrun for example_subdag_operator.section-2 to None, run_after=None
[2025-03-17T14:32:21.233-0400] {logging_mixin.py:190} INFO - [2025-03-17T14:32:21.233-0400] {dag.py:3239} INFO - Sync 2 DAGs
[2025-03-17T14:32:21.236-0400] {logging_mixin.py:190} INFO - [2025-03-17T14:32:21.236-0400] {dag.py:4180} INFO - Setting next_dagrun for example_subdag_operator.section-1 to None, run_after=None
[2025-03-17T14:32:21.237-0400] {logging_mixin.py:190} INFO - [2025-03-17T14:32:21.237-0400] {dag.py:4180} INFO - Setting next_dagrun for example_subdag_operator.section-2 to None, run_after=None
[2025-03-17T14:32:21.241-0400] {processor.py:208} INFO - Processing /Users/nidhipatel/ApacheAirflow_Tutorial/py_env/lib/python3.12/site-packages/airflow/example_dags/example_subdag_operator.py took 0.133 seconds
[2025-03-17T14:34:00.664-0400] {processor.py:186} INFO - Started process (PID=32118) to work on /Users/nidhipatel/ApacheAirflow_Tutorial/py_env/lib/python3.12/site-packages/airflow/example_dags/example_subdag_operator.py
[2025-03-17T14:34:00.665-0400] {processor.py:914} INFO - Processing file /Users/nidhipatel/ApacheAirflow_Tutorial/py_env/lib/python3.12/site-packages/airflow/example_dags/example_subdag_operator.py for tasks to queue
[2025-03-17T14:34:00.665-0400] {logging_mixin.py:190} INFO - [2025-03-17T14:34:00.665-0400] {dagbag.py:588} INFO - Filling up the DagBag from /Users/nidhipatel/ApacheAirflow_Tutorial/py_env/lib/python3.12/site-packages/airflow/example_dags/example_subdag_operator.py
[2025-03-17T14:34:00.707-0400] {processor.py:925} INFO - DAG(s) 'example_subdag_operator.section-1', 'example_subdag_operator.section-2', 'example_subdag_operator' retrieved from /Users/nidhipatel/ApacheAirflow_Tutorial/py_env/lib/python3.12/site-packages/airflow/example_dags/example_subdag_operator.py
[2025-03-17T14:34:00.713-0400] {logging_mixin.py:190} INFO - [2025-03-17T14:34:00.713-0400] {workday.py:41} WARNING - Could not import pandas. Holidays will not be considered.
[2025-03-17T14:34:00.720-0400] {logging_mixin.py:190} INFO - [2025-03-17T14:34:00.720-0400] {dag.py:3239} INFO - Sync 3 DAGs
[2025-03-17T14:34:00.727-0400] {logging_mixin.py:190} INFO - [2025-03-17T14:34:00.727-0400] {dag.py:4180} INFO - Setting next_dagrun for example_subdag_operator to 2022-01-01 00:00:00+00:00, run_after=2022-01-01 00:00:00+00:00
[2025-03-17T14:34:00.730-0400] {logging_mixin.py:190} INFO - [2025-03-17T14:34:00.730-0400] {dag.py:4180} INFO - Setting next_dagrun for example_subdag_operator.section-1 to None, run_after=None
[2025-03-17T14:34:00.730-0400] {logging_mixin.py:190} INFO - [2025-03-17T14:34:00.730-0400] {dag.py:4180} INFO - Setting next_dagrun for example_subdag_operator.section-2 to None, run_after=None
[2025-03-17T14:34:00.732-0400] {logging_mixin.py:190} INFO - [2025-03-17T14:34:00.732-0400] {dag.py:3239} INFO - Sync 2 DAGs
[2025-03-17T14:34:00.734-0400] {logging_mixin.py:190} INFO - [2025-03-17T14:34:00.734-0400] {dag.py:4180} INFO - Setting next_dagrun for example_subdag_operator.section-1 to None, run_after=None
[2025-03-17T14:34:00.734-0400] {logging_mixin.py:190} INFO - [2025-03-17T14:34:00.734-0400] {dag.py:4180} INFO - Setting next_dagrun for example_subdag_operator.section-2 to None, run_after=None
[2025-03-17T14:34:00.738-0400] {processor.py:208} INFO - Processing /Users/nidhipatel/ApacheAirflow_Tutorial/py_env/lib/python3.12/site-packages/airflow/example_dags/example_subdag_operator.py took 0.076 seconds
[2025-03-17T14:35:08.577-0400] {processor.py:186} INFO - Started process (PID=32201) to work on /Users/nidhipatel/ApacheAirflow_Tutorial/py_env/lib/python3.12/site-packages/airflow/example_dags/example_subdag_operator.py
[2025-03-17T14:35:08.578-0400] {processor.py:914} INFO - Processing file /Users/nidhipatel/ApacheAirflow_Tutorial/py_env/lib/python3.12/site-packages/airflow/example_dags/example_subdag_operator.py for tasks to queue
[2025-03-17T14:35:08.578-0400] {logging_mixin.py:190} INFO - [2025-03-17T14:35:08.578-0400] {dagbag.py:588} INFO - Filling up the DagBag from /Users/nidhipatel/ApacheAirflow_Tutorial/py_env/lib/python3.12/site-packages/airflow/example_dags/example_subdag_operator.py
[2025-03-17T14:35:08.614-0400] {processor.py:925} INFO - DAG(s) 'example_subdag_operator.section-1', 'example_subdag_operator.section-2', 'example_subdag_operator' retrieved from /Users/nidhipatel/ApacheAirflow_Tutorial/py_env/lib/python3.12/site-packages/airflow/example_dags/example_subdag_operator.py
[2025-03-17T14:35:08.619-0400] {logging_mixin.py:190} INFO - [2025-03-17T14:35:08.619-0400] {workday.py:41} WARNING - Could not import pandas. Holidays will not be considered.
[2025-03-17T14:35:08.625-0400] {logging_mixin.py:190} INFO - [2025-03-17T14:35:08.625-0400] {dag.py:3239} INFO - Sync 3 DAGs
[2025-03-17T14:35:08.631-0400] {logging_mixin.py:190} INFO - [2025-03-17T14:35:08.631-0400] {dag.py:4180} INFO - Setting next_dagrun for example_subdag_operator to 2022-01-01 00:00:00+00:00, run_after=2022-01-01 00:00:00+00:00
[2025-03-17T14:35:08.633-0400] {logging_mixin.py:190} INFO - [2025-03-17T14:35:08.633-0400] {dag.py:4180} INFO - Setting next_dagrun for example_subdag_operator.section-1 to None, run_after=None
[2025-03-17T14:35:08.633-0400] {logging_mixin.py:190} INFO - [2025-03-17T14:35:08.633-0400] {dag.py:4180} INFO - Setting next_dagrun for example_subdag_operator.section-2 to None, run_after=None
[2025-03-17T14:35:08.635-0400] {logging_mixin.py:190} INFO - [2025-03-17T14:35:08.635-0400] {dag.py:3239} INFO - Sync 2 DAGs
[2025-03-17T14:35:08.636-0400] {logging_mixin.py:190} INFO - [2025-03-17T14:35:08.636-0400] {dag.py:4180} INFO - Setting next_dagrun for example_subdag_operator.section-1 to None, run_after=None
[2025-03-17T14:35:08.636-0400] {logging_mixin.py:190} INFO - [2025-03-17T14:35:08.636-0400] {dag.py:4180} INFO - Setting next_dagrun for example_subdag_operator.section-2 to None, run_after=None
[2025-03-17T14:35:08.640-0400] {processor.py:208} INFO - Processing /Users/nidhipatel/ApacheAirflow_Tutorial/py_env/lib/python3.12/site-packages/airflow/example_dags/example_subdag_operator.py took 0.065 seconds
[2025-03-17T14:36:14.815-0400] {processor.py:186} INFO - Started process (PID=32284) to work on /Users/nidhipatel/ApacheAirflow_Tutorial/py_env/lib/python3.12/site-packages/airflow/example_dags/example_subdag_operator.py
[2025-03-17T14:36:14.817-0400] {processor.py:914} INFO - Processing file /Users/nidhipatel/ApacheAirflow_Tutorial/py_env/lib/python3.12/site-packages/airflow/example_dags/example_subdag_operator.py for tasks to queue
[2025-03-17T14:36:14.817-0400] {logging_mixin.py:190} INFO - [2025-03-17T14:36:14.817-0400] {dagbag.py:588} INFO - Filling up the DagBag from /Users/nidhipatel/ApacheAirflow_Tutorial/py_env/lib/python3.12/site-packages/airflow/example_dags/example_subdag_operator.py
[2025-03-17T14:36:14.854-0400] {processor.py:925} INFO - DAG(s) 'example_subdag_operator.section-1', 'example_subdag_operator.section-2', 'example_subdag_operator' retrieved from /Users/nidhipatel/ApacheAirflow_Tutorial/py_env/lib/python3.12/site-packages/airflow/example_dags/example_subdag_operator.py
[2025-03-17T14:36:14.859-0400] {logging_mixin.py:190} INFO - [2025-03-17T14:36:14.859-0400] {workday.py:41} WARNING - Could not import pandas. Holidays will not be considered.
[2025-03-17T14:36:14.865-0400] {logging_mixin.py:190} INFO - [2025-03-17T14:36:14.865-0400] {dag.py:3239} INFO - Sync 3 DAGs
[2025-03-17T14:36:14.871-0400] {logging_mixin.py:190} INFO - [2025-03-17T14:36:14.871-0400] {dag.py:4180} INFO - Setting next_dagrun for example_subdag_operator to 2022-01-01 00:00:00+00:00, run_after=2022-01-01 00:00:00+00:00
[2025-03-17T14:36:14.873-0400] {logging_mixin.py:190} INFO - [2025-03-17T14:36:14.873-0400] {dag.py:4180} INFO - Setting next_dagrun for example_subdag_operator.section-1 to None, run_after=None
[2025-03-17T14:36:14.874-0400] {logging_mixin.py:190} INFO - [2025-03-17T14:36:14.874-0400] {dag.py:4180} INFO - Setting next_dagrun for example_subdag_operator.section-2 to None, run_after=None
[2025-03-17T14:36:14.876-0400] {logging_mixin.py:190} INFO - [2025-03-17T14:36:14.875-0400] {dag.py:3239} INFO - Sync 2 DAGs
[2025-03-17T14:36:14.877-0400] {logging_mixin.py:190} INFO - [2025-03-17T14:36:14.877-0400] {dag.py:4180} INFO - Setting next_dagrun for example_subdag_operator.section-1 to None, run_after=None
[2025-03-17T14:36:14.877-0400] {logging_mixin.py:190} INFO - [2025-03-17T14:36:14.877-0400] {dag.py:4180} INFO - Setting next_dagrun for example_subdag_operator.section-2 to None, run_after=None
[2025-03-17T14:36:14.880-0400] {processor.py:208} INFO - Processing /Users/nidhipatel/ApacheAirflow_Tutorial/py_env/lib/python3.12/site-packages/airflow/example_dags/example_subdag_operator.py took 0.067 seconds
[2025-03-17T14:37:20.406-0400] {processor.py:186} INFO - Started process (PID=32368) to work on /Users/nidhipatel/ApacheAirflow_Tutorial/py_env/lib/python3.12/site-packages/airflow/example_dags/example_subdag_operator.py
[2025-03-17T14:37:20.407-0400] {processor.py:914} INFO - Processing file /Users/nidhipatel/ApacheAirflow_Tutorial/py_env/lib/python3.12/site-packages/airflow/example_dags/example_subdag_operator.py for tasks to queue
[2025-03-17T14:37:20.407-0400] {logging_mixin.py:190} INFO - [2025-03-17T14:37:20.407-0400] {dagbag.py:588} INFO - Filling up the DagBag from /Users/nidhipatel/ApacheAirflow_Tutorial/py_env/lib/python3.12/site-packages/airflow/example_dags/example_subdag_operator.py
[2025-03-17T14:37:20.444-0400] {processor.py:925} INFO - DAG(s) 'example_subdag_operator.section-1', 'example_subdag_operator.section-2', 'example_subdag_operator' retrieved from /Users/nidhipatel/ApacheAirflow_Tutorial/py_env/lib/python3.12/site-packages/airflow/example_dags/example_subdag_operator.py
[2025-03-17T14:37:20.449-0400] {logging_mixin.py:190} INFO - [2025-03-17T14:37:20.449-0400] {workday.py:41} WARNING - Could not import pandas. Holidays will not be considered.
[2025-03-17T14:37:20.455-0400] {logging_mixin.py:190} INFO - [2025-03-17T14:37:20.455-0400] {dag.py:3239} INFO - Sync 3 DAGs
[2025-03-17T14:37:20.461-0400] {logging_mixin.py:190} INFO - [2025-03-17T14:37:20.461-0400] {dag.py:4180} INFO - Setting next_dagrun for example_subdag_operator to 2022-01-01 00:00:00+00:00, run_after=2022-01-01 00:00:00+00:00
[2025-03-17T14:37:20.463-0400] {logging_mixin.py:190} INFO - [2025-03-17T14:37:20.463-0400] {dag.py:4180} INFO - Setting next_dagrun for example_subdag_operator.section-1 to None, run_after=None
[2025-03-17T14:37:20.463-0400] {logging_mixin.py:190} INFO - [2025-03-17T14:37:20.463-0400] {dag.py:4180} INFO - Setting next_dagrun for example_subdag_operator.section-2 to None, run_after=None
[2025-03-17T14:37:20.465-0400] {logging_mixin.py:190} INFO - [2025-03-17T14:37:20.465-0400] {dag.py:3239} INFO - Sync 2 DAGs
[2025-03-17T14:37:20.466-0400] {logging_mixin.py:190} INFO - [2025-03-17T14:37:20.466-0400] {dag.py:4180} INFO - Setting next_dagrun for example_subdag_operator.section-1 to None, run_after=None
[2025-03-17T14:37:20.466-0400] {logging_mixin.py:190} INFO - [2025-03-17T14:37:20.466-0400] {dag.py:4180} INFO - Setting next_dagrun for example_subdag_operator.section-2 to None, run_after=None
[2025-03-17T14:37:20.470-0400] {processor.py:208} INFO - Processing /Users/nidhipatel/ApacheAirflow_Tutorial/py_env/lib/python3.12/site-packages/airflow/example_dags/example_subdag_operator.py took 0.065 seconds
[2025-03-17T14:38:23.293-0400] {processor.py:186} INFO - Started process (PID=32474) to work on /Users/nidhipatel/ApacheAirflow_Tutorial/py_env/lib/python3.12/site-packages/airflow/example_dags/example_subdag_operator.py
[2025-03-17T14:38:23.293-0400] {processor.py:914} INFO - Processing file /Users/nidhipatel/ApacheAirflow_Tutorial/py_env/lib/python3.12/site-packages/airflow/example_dags/example_subdag_operator.py for tasks to queue
[2025-03-17T14:38:23.294-0400] {logging_mixin.py:190} INFO - [2025-03-17T14:38:23.294-0400] {dagbag.py:588} INFO - Filling up the DagBag from /Users/nidhipatel/ApacheAirflow_Tutorial/py_env/lib/python3.12/site-packages/airflow/example_dags/example_subdag_operator.py
[2025-03-17T14:38:23.331-0400] {processor.py:925} INFO - DAG(s) 'example_subdag_operator.section-1', 'example_subdag_operator.section-2', 'example_subdag_operator' retrieved from /Users/nidhipatel/ApacheAirflow_Tutorial/py_env/lib/python3.12/site-packages/airflow/example_dags/example_subdag_operator.py
[2025-03-17T14:38:23.338-0400] {logging_mixin.py:190} INFO - [2025-03-17T14:38:23.337-0400] {workday.py:41} WARNING - Could not import pandas. Holidays will not be considered.
[2025-03-17T14:38:23.345-0400] {logging_mixin.py:190} INFO - [2025-03-17T14:38:23.345-0400] {dag.py:3239} INFO - Sync 3 DAGs
[2025-03-17T14:38:23.351-0400] {logging_mixin.py:190} INFO - [2025-03-17T14:38:23.351-0400] {dag.py:4180} INFO - Setting next_dagrun for example_subdag_operator to 2022-01-01 00:00:00+00:00, run_after=2022-01-01 00:00:00+00:00
[2025-03-17T14:38:23.353-0400] {logging_mixin.py:190} INFO - [2025-03-17T14:38:23.353-0400] {dag.py:4180} INFO - Setting next_dagrun for example_subdag_operator.section-1 to None, run_after=None
[2025-03-17T14:38:23.353-0400] {logging_mixin.py:190} INFO - [2025-03-17T14:38:23.353-0400] {dag.py:4180} INFO - Setting next_dagrun for example_subdag_operator.section-2 to None, run_after=None
[2025-03-17T14:38:23.355-0400] {logging_mixin.py:190} INFO - [2025-03-17T14:38:23.355-0400] {dag.py:3239} INFO - Sync 2 DAGs
[2025-03-17T14:38:23.356-0400] {logging_mixin.py:190} INFO - [2025-03-17T14:38:23.356-0400] {dag.py:4180} INFO - Setting next_dagrun for example_subdag_operator.section-1 to None, run_after=None
[2025-03-17T14:38:23.357-0400] {logging_mixin.py:190} INFO - [2025-03-17T14:38:23.357-0400] {dag.py:4180} INFO - Setting next_dagrun for example_subdag_operator.section-2 to None, run_after=None
[2025-03-17T14:38:23.360-0400] {processor.py:208} INFO - Processing /Users/nidhipatel/ApacheAirflow_Tutorial/py_env/lib/python3.12/site-packages/airflow/example_dags/example_subdag_operator.py took 0.069 seconds
[2025-03-17T14:40:27.659-0400] {processor.py:186} INFO - Started process (PID=32672) to work on /Users/nidhipatel/ApacheAirflow_Tutorial/py_env/lib/python3.12/site-packages/airflow/example_dags/example_subdag_operator.py
[2025-03-17T14:40:27.660-0400] {processor.py:914} INFO - Processing file /Users/nidhipatel/ApacheAirflow_Tutorial/py_env/lib/python3.12/site-packages/airflow/example_dags/example_subdag_operator.py for tasks to queue
[2025-03-17T14:40:27.660-0400] {logging_mixin.py:190} INFO - [2025-03-17T14:40:27.660-0400] {dagbag.py:588} INFO - Filling up the DagBag from /Users/nidhipatel/ApacheAirflow_Tutorial/py_env/lib/python3.12/site-packages/airflow/example_dags/example_subdag_operator.py
[2025-03-17T14:40:27.697-0400] {processor.py:925} INFO - DAG(s) 'example_subdag_operator.section-1', 'example_subdag_operator.section-2', 'example_subdag_operator' retrieved from /Users/nidhipatel/ApacheAirflow_Tutorial/py_env/lib/python3.12/site-packages/airflow/example_dags/example_subdag_operator.py
[2025-03-17T14:40:27.703-0400] {logging_mixin.py:190} INFO - [2025-03-17T14:40:27.703-0400] {workday.py:41} WARNING - Could not import pandas. Holidays will not be considered.
[2025-03-17T14:40:27.709-0400] {logging_mixin.py:190} INFO - [2025-03-17T14:40:27.709-0400] {dag.py:3239} INFO - Sync 3 DAGs
[2025-03-17T14:40:27.715-0400] {logging_mixin.py:190} INFO - [2025-03-17T14:40:27.715-0400] {dag.py:4180} INFO - Setting next_dagrun for example_subdag_operator to 2022-01-01 00:00:00+00:00, run_after=2022-01-01 00:00:00+00:00
[2025-03-17T14:40:27.717-0400] {logging_mixin.py:190} INFO - [2025-03-17T14:40:27.717-0400] {dag.py:4180} INFO - Setting next_dagrun for example_subdag_operator.section-1 to None, run_after=None
[2025-03-17T14:40:27.717-0400] {logging_mixin.py:190} INFO - [2025-03-17T14:40:27.717-0400] {dag.py:4180} INFO - Setting next_dagrun for example_subdag_operator.section-2 to None, run_after=None
[2025-03-17T14:40:27.719-0400] {logging_mixin.py:190} INFO - [2025-03-17T14:40:27.719-0400] {dag.py:3239} INFO - Sync 2 DAGs
[2025-03-17T14:40:27.721-0400] {logging_mixin.py:190} INFO - [2025-03-17T14:40:27.721-0400] {dag.py:4180} INFO - Setting next_dagrun for example_subdag_operator.section-1 to None, run_after=None
[2025-03-17T14:40:27.721-0400] {logging_mixin.py:190} INFO - [2025-03-17T14:40:27.721-0400] {dag.py:4180} INFO - Setting next_dagrun for example_subdag_operator.section-2 to None, run_after=None
[2025-03-17T14:40:27.724-0400] {processor.py:208} INFO - Processing /Users/nidhipatel/ApacheAirflow_Tutorial/py_env/lib/python3.12/site-packages/airflow/example_dags/example_subdag_operator.py took 0.067 seconds
[2025-03-17T14:41:30.279-0400] {processor.py:186} INFO - Started process (PID=32771) to work on /Users/nidhipatel/ApacheAirflow_Tutorial/py_env/lib/python3.12/site-packages/airflow/example_dags/example_subdag_operator.py
[2025-03-17T14:41:30.280-0400] {processor.py:914} INFO - Processing file /Users/nidhipatel/ApacheAirflow_Tutorial/py_env/lib/python3.12/site-packages/airflow/example_dags/example_subdag_operator.py for tasks to queue
[2025-03-17T14:41:30.280-0400] {logging_mixin.py:190} INFO - [2025-03-17T14:41:30.280-0400] {dagbag.py:588} INFO - Filling up the DagBag from /Users/nidhipatel/ApacheAirflow_Tutorial/py_env/lib/python3.12/site-packages/airflow/example_dags/example_subdag_operator.py
[2025-03-17T14:41:30.317-0400] {processor.py:925} INFO - DAG(s) 'example_subdag_operator.section-1', 'example_subdag_operator.section-2', 'example_subdag_operator' retrieved from /Users/nidhipatel/ApacheAirflow_Tutorial/py_env/lib/python3.12/site-packages/airflow/example_dags/example_subdag_operator.py
[2025-03-17T14:41:30.323-0400] {logging_mixin.py:190} INFO - [2025-03-17T14:41:30.323-0400] {workday.py:41} WARNING - Could not import pandas. Holidays will not be considered.
[2025-03-17T14:41:30.330-0400] {logging_mixin.py:190} INFO - [2025-03-17T14:41:30.329-0400] {dag.py:3239} INFO - Sync 3 DAGs
[2025-03-17T14:41:30.336-0400] {logging_mixin.py:190} INFO - [2025-03-17T14:41:30.336-0400] {dag.py:4180} INFO - Setting next_dagrun for example_subdag_operator to 2022-01-01 00:00:00+00:00, run_after=2022-01-01 00:00:00+00:00
[2025-03-17T14:41:30.337-0400] {logging_mixin.py:190} INFO - [2025-03-17T14:41:30.337-0400] {dag.py:4180} INFO - Setting next_dagrun for example_subdag_operator.section-1 to None, run_after=None
[2025-03-17T14:41:30.337-0400] {logging_mixin.py:190} INFO - [2025-03-17T14:41:30.337-0400] {dag.py:4180} INFO - Setting next_dagrun for example_subdag_operator.section-2 to None, run_after=None
[2025-03-17T14:41:30.340-0400] {logging_mixin.py:190} INFO - [2025-03-17T14:41:30.340-0400] {dag.py:3239} INFO - Sync 2 DAGs
[2025-03-17T14:41:30.341-0400] {logging_mixin.py:190} INFO - [2025-03-17T14:41:30.341-0400] {dag.py:4180} INFO - Setting next_dagrun for example_subdag_operator.section-1 to None, run_after=None
[2025-03-17T14:41:30.341-0400] {logging_mixin.py:190} INFO - [2025-03-17T14:41:30.341-0400] {dag.py:4180} INFO - Setting next_dagrun for example_subdag_operator.section-2 to None, run_after=None
[2025-03-17T14:41:30.345-0400] {processor.py:208} INFO - Processing /Users/nidhipatel/ApacheAirflow_Tutorial/py_env/lib/python3.12/site-packages/airflow/example_dags/example_subdag_operator.py took 0.068 seconds
[2025-03-17T14:42:32.605-0400] {processor.py:186} INFO - Started process (PID=32853) to work on /Users/nidhipatel/ApacheAirflow_Tutorial/py_env/lib/python3.12/site-packages/airflow/example_dags/example_subdag_operator.py
[2025-03-17T14:42:32.606-0400] {processor.py:914} INFO - Processing file /Users/nidhipatel/ApacheAirflow_Tutorial/py_env/lib/python3.12/site-packages/airflow/example_dags/example_subdag_operator.py for tasks to queue
[2025-03-17T14:42:32.607-0400] {logging_mixin.py:190} INFO - [2025-03-17T14:42:32.606-0400] {dagbag.py:588} INFO - Filling up the DagBag from /Users/nidhipatel/ApacheAirflow_Tutorial/py_env/lib/python3.12/site-packages/airflow/example_dags/example_subdag_operator.py
[2025-03-17T14:42:32.643-0400] {processor.py:925} INFO - DAG(s) 'example_subdag_operator.section-1', 'example_subdag_operator.section-2', 'example_subdag_operator' retrieved from /Users/nidhipatel/ApacheAirflow_Tutorial/py_env/lib/python3.12/site-packages/airflow/example_dags/example_subdag_operator.py
[2025-03-17T14:42:32.648-0400] {logging_mixin.py:190} INFO - [2025-03-17T14:42:32.648-0400] {workday.py:41} WARNING - Could not import pandas. Holidays will not be considered.
[2025-03-17T14:42:32.654-0400] {logging_mixin.py:190} INFO - [2025-03-17T14:42:32.654-0400] {dag.py:3239} INFO - Sync 3 DAGs
[2025-03-17T14:42:32.660-0400] {logging_mixin.py:190} INFO - [2025-03-17T14:42:32.660-0400] {dag.py:4180} INFO - Setting next_dagrun for example_subdag_operator to 2022-01-01 00:00:00+00:00, run_after=2022-01-01 00:00:00+00:00
[2025-03-17T14:42:32.661-0400] {logging_mixin.py:190} INFO - [2025-03-17T14:42:32.661-0400] {dag.py:4180} INFO - Setting next_dagrun for example_subdag_operator.section-1 to None, run_after=None
[2025-03-17T14:42:32.662-0400] {logging_mixin.py:190} INFO - [2025-03-17T14:42:32.662-0400] {dag.py:4180} INFO - Setting next_dagrun for example_subdag_operator.section-2 to None, run_after=None
[2025-03-17T14:42:32.664-0400] {logging_mixin.py:190} INFO - [2025-03-17T14:42:32.664-0400] {dag.py:3239} INFO - Sync 2 DAGs
[2025-03-17T14:42:32.665-0400] {logging_mixin.py:190} INFO - [2025-03-17T14:42:32.665-0400] {dag.py:4180} INFO - Setting next_dagrun for example_subdag_operator.section-1 to None, run_after=None
[2025-03-17T14:42:32.665-0400] {logging_mixin.py:190} INFO - [2025-03-17T14:42:32.665-0400] {dag.py:4180} INFO - Setting next_dagrun for example_subdag_operator.section-2 to None, run_after=None
[2025-03-17T14:42:32.669-0400] {processor.py:208} INFO - Processing /Users/nidhipatel/ApacheAirflow_Tutorial/py_env/lib/python3.12/site-packages/airflow/example_dags/example_subdag_operator.py took 0.065 seconds
[2025-03-17T14:43:40.566-0400] {processor.py:186} INFO - Started process (PID=32931) to work on /Users/nidhipatel/ApacheAirflow_Tutorial/py_env/lib/python3.12/site-packages/airflow/example_dags/example_subdag_operator.py
[2025-03-17T14:43:40.568-0400] {processor.py:914} INFO - Processing file /Users/nidhipatel/ApacheAirflow_Tutorial/py_env/lib/python3.12/site-packages/airflow/example_dags/example_subdag_operator.py for tasks to queue
[2025-03-17T14:43:40.568-0400] {logging_mixin.py:190} INFO - [2025-03-17T14:43:40.568-0400] {dagbag.py:588} INFO - Filling up the DagBag from /Users/nidhipatel/ApacheAirflow_Tutorial/py_env/lib/python3.12/site-packages/airflow/example_dags/example_subdag_operator.py
[2025-03-17T14:43:40.607-0400] {processor.py:925} INFO - DAG(s) 'example_subdag_operator.section-1', 'example_subdag_operator.section-2', 'example_subdag_operator' retrieved from /Users/nidhipatel/ApacheAirflow_Tutorial/py_env/lib/python3.12/site-packages/airflow/example_dags/example_subdag_operator.py
[2025-03-17T14:43:40.613-0400] {logging_mixin.py:190} INFO - [2025-03-17T14:43:40.613-0400] {workday.py:41} WARNING - Could not import pandas. Holidays will not be considered.
[2025-03-17T14:43:40.619-0400] {logging_mixin.py:190} INFO - [2025-03-17T14:43:40.619-0400] {dag.py:3239} INFO - Sync 3 DAGs
[2025-03-17T14:43:40.626-0400] {logging_mixin.py:190} INFO - [2025-03-17T14:43:40.626-0400] {dag.py:4180} INFO - Setting next_dagrun for example_subdag_operator to 2022-01-01 00:00:00+00:00, run_after=2022-01-01 00:00:00+00:00
[2025-03-17T14:43:40.629-0400] {logging_mixin.py:190} INFO - [2025-03-17T14:43:40.628-0400] {dag.py:4180} INFO - Setting next_dagrun for example_subdag_operator.section-1 to None, run_after=None
[2025-03-17T14:43:40.629-0400] {logging_mixin.py:190} INFO - [2025-03-17T14:43:40.629-0400] {dag.py:4180} INFO - Setting next_dagrun for example_subdag_operator.section-2 to None, run_after=None
[2025-03-17T14:43:40.631-0400] {logging_mixin.py:190} INFO - [2025-03-17T14:43:40.631-0400] {dag.py:3239} INFO - Sync 2 DAGs
[2025-03-17T14:43:40.632-0400] {logging_mixin.py:190} INFO - [2025-03-17T14:43:40.632-0400] {dag.py:4180} INFO - Setting next_dagrun for example_subdag_operator.section-1 to None, run_after=None
[2025-03-17T14:43:40.632-0400] {logging_mixin.py:190} INFO - [2025-03-17T14:43:40.632-0400] {dag.py:4180} INFO - Setting next_dagrun for example_subdag_operator.section-2 to None, run_after=None
[2025-03-17T14:43:40.636-0400] {processor.py:208} INFO - Processing /Users/nidhipatel/ApacheAirflow_Tutorial/py_env/lib/python3.12/site-packages/airflow/example_dags/example_subdag_operator.py took 0.072 seconds
[2025-03-17T14:44:48.361-0400] {processor.py:186} INFO - Started process (PID=33032) to work on /Users/nidhipatel/ApacheAirflow_Tutorial/py_env/lib/python3.12/site-packages/airflow/example_dags/example_subdag_operator.py
[2025-03-17T14:44:48.362-0400] {processor.py:914} INFO - Processing file /Users/nidhipatel/ApacheAirflow_Tutorial/py_env/lib/python3.12/site-packages/airflow/example_dags/example_subdag_operator.py for tasks to queue
[2025-03-17T14:44:48.363-0400] {logging_mixin.py:190} INFO - [2025-03-17T14:44:48.363-0400] {dagbag.py:588} INFO - Filling up the DagBag from /Users/nidhipatel/ApacheAirflow_Tutorial/py_env/lib/python3.12/site-packages/airflow/example_dags/example_subdag_operator.py
[2025-03-17T14:44:48.398-0400] {processor.py:925} INFO - DAG(s) 'example_subdag_operator.section-1', 'example_subdag_operator.section-2', 'example_subdag_operator' retrieved from /Users/nidhipatel/ApacheAirflow_Tutorial/py_env/lib/python3.12/site-packages/airflow/example_dags/example_subdag_operator.py
[2025-03-17T14:44:48.403-0400] {logging_mixin.py:190} INFO - [2025-03-17T14:44:48.403-0400] {workday.py:41} WARNING - Could not import pandas. Holidays will not be considered.
[2025-03-17T14:44:48.409-0400] {logging_mixin.py:190} INFO - [2025-03-17T14:44:48.409-0400] {dag.py:3239} INFO - Sync 3 DAGs
[2025-03-17T14:44:48.415-0400] {logging_mixin.py:190} INFO - [2025-03-17T14:44:48.415-0400] {dag.py:4180} INFO - Setting next_dagrun for example_subdag_operator to 2022-01-01 00:00:00+00:00, run_after=2022-01-01 00:00:00+00:00
[2025-03-17T14:44:48.417-0400] {logging_mixin.py:190} INFO - [2025-03-17T14:44:48.417-0400] {dag.py:4180} INFO - Setting next_dagrun for example_subdag_operator.section-1 to None, run_after=None
[2025-03-17T14:44:48.417-0400] {logging_mixin.py:190} INFO - [2025-03-17T14:44:48.417-0400] {dag.py:4180} INFO - Setting next_dagrun for example_subdag_operator.section-2 to None, run_after=None
[2025-03-17T14:44:48.419-0400] {logging_mixin.py:190} INFO - [2025-03-17T14:44:48.419-0400] {dag.py:3239} INFO - Sync 2 DAGs
[2025-03-17T14:44:48.420-0400] {logging_mixin.py:190} INFO - [2025-03-17T14:44:48.420-0400] {dag.py:4180} INFO - Setting next_dagrun for example_subdag_operator.section-1 to None, run_after=None
[2025-03-17T14:44:48.420-0400] {logging_mixin.py:190} INFO - [2025-03-17T14:44:48.420-0400] {dag.py:4180} INFO - Setting next_dagrun for example_subdag_operator.section-2 to None, run_after=None
[2025-03-17T14:44:48.424-0400] {processor.py:208} INFO - Processing /Users/nidhipatel/ApacheAirflow_Tutorial/py_env/lib/python3.12/site-packages/airflow/example_dags/example_subdag_operator.py took 0.064 seconds
[2025-03-17T14:45:56.764-0400] {processor.py:186} INFO - Started process (PID=33121) to work on /Users/nidhipatel/ApacheAirflow_Tutorial/py_env/lib/python3.12/site-packages/airflow/example_dags/example_subdag_operator.py
[2025-03-17T14:45:56.765-0400] {processor.py:914} INFO - Processing file /Users/nidhipatel/ApacheAirflow_Tutorial/py_env/lib/python3.12/site-packages/airflow/example_dags/example_subdag_operator.py for tasks to queue
[2025-03-17T14:45:56.765-0400] {logging_mixin.py:190} INFO - [2025-03-17T14:45:56.765-0400] {dagbag.py:588} INFO - Filling up the DagBag from /Users/nidhipatel/ApacheAirflow_Tutorial/py_env/lib/python3.12/site-packages/airflow/example_dags/example_subdag_operator.py
[2025-03-17T14:45:56.803-0400] {processor.py:925} INFO - DAG(s) 'example_subdag_operator.section-1', 'example_subdag_operator.section-2', 'example_subdag_operator' retrieved from /Users/nidhipatel/ApacheAirflow_Tutorial/py_env/lib/python3.12/site-packages/airflow/example_dags/example_subdag_operator.py
[2025-03-17T14:45:56.809-0400] {logging_mixin.py:190} INFO - [2025-03-17T14:45:56.809-0400] {workday.py:41} WARNING - Could not import pandas. Holidays will not be considered.
[2025-03-17T14:45:56.815-0400] {logging_mixin.py:190} INFO - [2025-03-17T14:45:56.815-0400] {dag.py:3239} INFO - Sync 3 DAGs
[2025-03-17T14:45:56.821-0400] {logging_mixin.py:190} INFO - [2025-03-17T14:45:56.821-0400] {dag.py:4180} INFO - Setting next_dagrun for example_subdag_operator to 2022-01-01 00:00:00+00:00, run_after=2022-01-01 00:00:00+00:00
[2025-03-17T14:45:56.822-0400] {logging_mixin.py:190} INFO - [2025-03-17T14:45:56.822-0400] {dag.py:4180} INFO - Setting next_dagrun for example_subdag_operator.section-1 to None, run_after=None
[2025-03-17T14:45:56.823-0400] {logging_mixin.py:190} INFO - [2025-03-17T14:45:56.823-0400] {dag.py:4180} INFO - Setting next_dagrun for example_subdag_operator.section-2 to None, run_after=None
[2025-03-17T14:45:56.825-0400] {logging_mixin.py:190} INFO - [2025-03-17T14:45:56.824-0400] {dag.py:3239} INFO - Sync 2 DAGs
[2025-03-17T14:45:56.826-0400] {logging_mixin.py:190} INFO - [2025-03-17T14:45:56.826-0400] {dag.py:4180} INFO - Setting next_dagrun for example_subdag_operator.section-1 to None, run_after=None
[2025-03-17T14:45:56.826-0400] {logging_mixin.py:190} INFO - [2025-03-17T14:45:56.826-0400] {dag.py:4180} INFO - Setting next_dagrun for example_subdag_operator.section-2 to None, run_after=None
[2025-03-17T14:45:56.830-0400] {processor.py:208} INFO - Processing /Users/nidhipatel/ApacheAirflow_Tutorial/py_env/lib/python3.12/site-packages/airflow/example_dags/example_subdag_operator.py took 0.067 seconds
[2025-03-17T14:47:06.021-0400] {processor.py:186} INFO - Started process (PID=33209) to work on /Users/nidhipatel/ApacheAirflow_Tutorial/py_env/lib/python3.12/site-packages/airflow/example_dags/example_subdag_operator.py
[2025-03-17T14:47:06.021-0400] {processor.py:914} INFO - Processing file /Users/nidhipatel/ApacheAirflow_Tutorial/py_env/lib/python3.12/site-packages/airflow/example_dags/example_subdag_operator.py for tasks to queue
[2025-03-17T14:47:06.021-0400] {logging_mixin.py:190} INFO - [2025-03-17T14:47:06.021-0400] {dagbag.py:588} INFO - Filling up the DagBag from /Users/nidhipatel/ApacheAirflow_Tutorial/py_env/lib/python3.12/site-packages/airflow/example_dags/example_subdag_operator.py
[2025-03-17T14:47:06.058-0400] {processor.py:925} INFO - DAG(s) 'example_subdag_operator.section-1', 'example_subdag_operator.section-2', 'example_subdag_operator' retrieved from /Users/nidhipatel/ApacheAirflow_Tutorial/py_env/lib/python3.12/site-packages/airflow/example_dags/example_subdag_operator.py
[2025-03-17T14:47:06.063-0400] {logging_mixin.py:190} INFO - [2025-03-17T14:47:06.063-0400] {workday.py:41} WARNING - Could not import pandas. Holidays will not be considered.
[2025-03-17T14:47:06.069-0400] {logging_mixin.py:190} INFO - [2025-03-17T14:47:06.069-0400] {dag.py:3239} INFO - Sync 3 DAGs
[2025-03-17T14:47:06.075-0400] {logging_mixin.py:190} INFO - [2025-03-17T14:47:06.075-0400] {dag.py:4180} INFO - Setting next_dagrun for example_subdag_operator to 2022-01-01 00:00:00+00:00, run_after=2022-01-01 00:00:00+00:00
[2025-03-17T14:47:06.076-0400] {logging_mixin.py:190} INFO - [2025-03-17T14:47:06.076-0400] {dag.py:4180} INFO - Setting next_dagrun for example_subdag_operator.section-1 to None, run_after=None
[2025-03-17T14:47:06.077-0400] {logging_mixin.py:190} INFO - [2025-03-17T14:47:06.076-0400] {dag.py:4180} INFO - Setting next_dagrun for example_subdag_operator.section-2 to None, run_after=None
[2025-03-17T14:47:06.078-0400] {logging_mixin.py:190} INFO - [2025-03-17T14:47:06.078-0400] {dag.py:3239} INFO - Sync 2 DAGs
[2025-03-17T14:47:06.080-0400] {logging_mixin.py:190} INFO - [2025-03-17T14:47:06.080-0400] {dag.py:4180} INFO - Setting next_dagrun for example_subdag_operator.section-1 to None, run_after=None
[2025-03-17T14:47:06.080-0400] {logging_mixin.py:190} INFO - [2025-03-17T14:47:06.080-0400] {dag.py:4180} INFO - Setting next_dagrun for example_subdag_operator.section-2 to None, run_after=None
[2025-03-17T14:47:06.083-0400] {processor.py:208} INFO - Processing /Users/nidhipatel/ApacheAirflow_Tutorial/py_env/lib/python3.12/site-packages/airflow/example_dags/example_subdag_operator.py took 0.064 seconds
[2025-03-17T14:48:14.020-0400] {processor.py:186} INFO - Started process (PID=33289) to work on /Users/nidhipatel/ApacheAirflow_Tutorial/py_env/lib/python3.12/site-packages/airflow/example_dags/example_subdag_operator.py
[2025-03-17T14:48:14.020-0400] {processor.py:914} INFO - Processing file /Users/nidhipatel/ApacheAirflow_Tutorial/py_env/lib/python3.12/site-packages/airflow/example_dags/example_subdag_operator.py for tasks to queue
[2025-03-17T14:48:14.021-0400] {logging_mixin.py:190} INFO - [2025-03-17T14:48:14.021-0400] {dagbag.py:588} INFO - Filling up the DagBag from /Users/nidhipatel/ApacheAirflow_Tutorial/py_env/lib/python3.12/site-packages/airflow/example_dags/example_subdag_operator.py
[2025-03-17T14:48:14.060-0400] {processor.py:925} INFO - DAG(s) 'example_subdag_operator.section-1', 'example_subdag_operator.section-2', 'example_subdag_operator' retrieved from /Users/nidhipatel/ApacheAirflow_Tutorial/py_env/lib/python3.12/site-packages/airflow/example_dags/example_subdag_operator.py
[2025-03-17T14:48:14.066-0400] {logging_mixin.py:190} INFO - [2025-03-17T14:48:14.066-0400] {workday.py:41} WARNING - Could not import pandas. Holidays will not be considered.
[2025-03-17T14:48:14.072-0400] {logging_mixin.py:190} INFO - [2025-03-17T14:48:14.072-0400] {dag.py:3239} INFO - Sync 3 DAGs
[2025-03-17T14:48:14.078-0400] {logging_mixin.py:190} INFO - [2025-03-17T14:48:14.078-0400] {dag.py:4180} INFO - Setting next_dagrun for example_subdag_operator to 2022-01-01 00:00:00+00:00, run_after=2022-01-01 00:00:00+00:00
[2025-03-17T14:48:14.080-0400] {logging_mixin.py:190} INFO - [2025-03-17T14:48:14.080-0400] {dag.py:4180} INFO - Setting next_dagrun for example_subdag_operator.section-1 to None, run_after=None
[2025-03-17T14:48:14.080-0400] {logging_mixin.py:190} INFO - [2025-03-17T14:48:14.080-0400] {dag.py:4180} INFO - Setting next_dagrun for example_subdag_operator.section-2 to None, run_after=None
[2025-03-17T14:48:14.082-0400] {logging_mixin.py:190} INFO - [2025-03-17T14:48:14.082-0400] {dag.py:3239} INFO - Sync 2 DAGs
[2025-03-17T14:48:14.084-0400] {logging_mixin.py:190} INFO - [2025-03-17T14:48:14.084-0400] {dag.py:4180} INFO - Setting next_dagrun for example_subdag_operator.section-1 to None, run_after=None
[2025-03-17T14:48:14.084-0400] {logging_mixin.py:190} INFO - [2025-03-17T14:48:14.084-0400] {dag.py:4180} INFO - Setting next_dagrun for example_subdag_operator.section-2 to None, run_after=None
[2025-03-17T14:48:14.088-0400] {processor.py:208} INFO - Processing /Users/nidhipatel/ApacheAirflow_Tutorial/py_env/lib/python3.12/site-packages/airflow/example_dags/example_subdag_operator.py took 0.069 seconds
[2025-03-17T14:49:20.131-0400] {processor.py:186} INFO - Started process (PID=33404) to work on /Users/nidhipatel/ApacheAirflow_Tutorial/py_env/lib/python3.12/site-packages/airflow/example_dags/example_subdag_operator.py
[2025-03-17T14:49:20.131-0400] {processor.py:914} INFO - Processing file /Users/nidhipatel/ApacheAirflow_Tutorial/py_env/lib/python3.12/site-packages/airflow/example_dags/example_subdag_operator.py for tasks to queue
[2025-03-17T14:49:20.132-0400] {logging_mixin.py:190} INFO - [2025-03-17T14:49:20.132-0400] {dagbag.py:588} INFO - Filling up the DagBag from /Users/nidhipatel/ApacheAirflow_Tutorial/py_env/lib/python3.12/site-packages/airflow/example_dags/example_subdag_operator.py
[2025-03-17T14:49:20.170-0400] {processor.py:925} INFO - DAG(s) 'example_subdag_operator.section-1', 'example_subdag_operator.section-2', 'example_subdag_operator' retrieved from /Users/nidhipatel/ApacheAirflow_Tutorial/py_env/lib/python3.12/site-packages/airflow/example_dags/example_subdag_operator.py
[2025-03-17T14:49:20.176-0400] {logging_mixin.py:190} INFO - [2025-03-17T14:49:20.176-0400] {workday.py:41} WARNING - Could not import pandas. Holidays will not be considered.
[2025-03-17T14:49:20.183-0400] {logging_mixin.py:190} INFO - [2025-03-17T14:49:20.183-0400] {dag.py:3239} INFO - Sync 3 DAGs
[2025-03-17T14:49:20.189-0400] {logging_mixin.py:190} INFO - [2025-03-17T14:49:20.189-0400] {dag.py:4180} INFO - Setting next_dagrun for example_subdag_operator to 2022-01-01 00:00:00+00:00, run_after=2022-01-01 00:00:00+00:00
[2025-03-17T14:49:20.191-0400] {logging_mixin.py:190} INFO - [2025-03-17T14:49:20.191-0400] {dag.py:4180} INFO - Setting next_dagrun for example_subdag_operator.section-1 to None, run_after=None
[2025-03-17T14:49:20.191-0400] {logging_mixin.py:190} INFO - [2025-03-17T14:49:20.191-0400] {dag.py:4180} INFO - Setting next_dagrun for example_subdag_operator.section-2 to None, run_after=None
[2025-03-17T14:49:20.193-0400] {logging_mixin.py:190} INFO - [2025-03-17T14:49:20.193-0400] {dag.py:3239} INFO - Sync 2 DAGs
[2025-03-17T14:49:20.195-0400] {logging_mixin.py:190} INFO - [2025-03-17T14:49:20.195-0400] {dag.py:4180} INFO - Setting next_dagrun for example_subdag_operator.section-1 to None, run_after=None
[2025-03-17T14:49:20.195-0400] {logging_mixin.py:190} INFO - [2025-03-17T14:49:20.195-0400] {dag.py:4180} INFO - Setting next_dagrun for example_subdag_operator.section-2 to None, run_after=None
[2025-03-17T14:49:20.199-0400] {processor.py:208} INFO - Processing /Users/nidhipatel/ApacheAirflow_Tutorial/py_env/lib/python3.12/site-packages/airflow/example_dags/example_subdag_operator.py took 0.070 seconds
[2025-03-17T14:50:24.145-0400] {processor.py:186} INFO - Started process (PID=33487) to work on /Users/nidhipatel/ApacheAirflow_Tutorial/py_env/lib/python3.12/site-packages/airflow/example_dags/example_subdag_operator.py
[2025-03-17T14:50:24.145-0400] {processor.py:914} INFO - Processing file /Users/nidhipatel/ApacheAirflow_Tutorial/py_env/lib/python3.12/site-packages/airflow/example_dags/example_subdag_operator.py for tasks to queue
[2025-03-17T14:50:24.146-0400] {logging_mixin.py:190} INFO - [2025-03-17T14:50:24.146-0400] {dagbag.py:588} INFO - Filling up the DagBag from /Users/nidhipatel/ApacheAirflow_Tutorial/py_env/lib/python3.12/site-packages/airflow/example_dags/example_subdag_operator.py
[2025-03-17T14:50:24.183-0400] {processor.py:925} INFO - DAG(s) 'example_subdag_operator.section-1', 'example_subdag_operator.section-2', 'example_subdag_operator' retrieved from /Users/nidhipatel/ApacheAirflow_Tutorial/py_env/lib/python3.12/site-packages/airflow/example_dags/example_subdag_operator.py
[2025-03-17T14:50:24.188-0400] {logging_mixin.py:190} INFO - [2025-03-17T14:50:24.188-0400] {workday.py:41} WARNING - Could not import pandas. Holidays will not be considered.
[2025-03-17T14:50:24.195-0400] {logging_mixin.py:190} INFO - [2025-03-17T14:50:24.195-0400] {dag.py:3239} INFO - Sync 3 DAGs
[2025-03-17T14:50:24.201-0400] {logging_mixin.py:190} INFO - [2025-03-17T14:50:24.201-0400] {dag.py:4180} INFO - Setting next_dagrun for example_subdag_operator to 2022-01-01 00:00:00+00:00, run_after=2022-01-01 00:00:00+00:00
[2025-03-17T14:50:24.203-0400] {logging_mixin.py:190} INFO - [2025-03-17T14:50:24.203-0400] {dag.py:4180} INFO - Setting next_dagrun for example_subdag_operator.section-1 to None, run_after=None
[2025-03-17T14:50:24.203-0400] {logging_mixin.py:190} INFO - [2025-03-17T14:50:24.203-0400] {dag.py:4180} INFO - Setting next_dagrun for example_subdag_operator.section-2 to None, run_after=None
[2025-03-17T14:50:24.205-0400] {logging_mixin.py:190} INFO - [2025-03-17T14:50:24.205-0400] {dag.py:3239} INFO - Sync 2 DAGs
[2025-03-17T14:50:24.206-0400] {logging_mixin.py:190} INFO - [2025-03-17T14:50:24.206-0400] {dag.py:4180} INFO - Setting next_dagrun for example_subdag_operator.section-1 to None, run_after=None
[2025-03-17T14:50:24.207-0400] {logging_mixin.py:190} INFO - [2025-03-17T14:50:24.207-0400] {dag.py:4180} INFO - Setting next_dagrun for example_subdag_operator.section-2 to None, run_after=None
[2025-03-17T14:50:24.210-0400] {processor.py:208} INFO - Processing /Users/nidhipatel/ApacheAirflow_Tutorial/py_env/lib/python3.12/site-packages/airflow/example_dags/example_subdag_operator.py took 0.067 seconds
[2025-03-17T14:51:30.400-0400] {processor.py:186} INFO - Started process (PID=33655) to work on /Users/nidhipatel/ApacheAirflow_Tutorial/py_env/lib/python3.12/site-packages/airflow/example_dags/example_subdag_operator.py
[2025-03-17T14:51:30.401-0400] {processor.py:914} INFO - Processing file /Users/nidhipatel/ApacheAirflow_Tutorial/py_env/lib/python3.12/site-packages/airflow/example_dags/example_subdag_operator.py for tasks to queue
[2025-03-17T14:51:30.401-0400] {logging_mixin.py:190} INFO - [2025-03-17T14:51:30.401-0400] {dagbag.py:588} INFO - Filling up the DagBag from /Users/nidhipatel/ApacheAirflow_Tutorial/py_env/lib/python3.12/site-packages/airflow/example_dags/example_subdag_operator.py
[2025-03-17T14:51:30.440-0400] {processor.py:925} INFO - DAG(s) 'example_subdag_operator.section-1', 'example_subdag_operator.section-2', 'example_subdag_operator' retrieved from /Users/nidhipatel/ApacheAirflow_Tutorial/py_env/lib/python3.12/site-packages/airflow/example_dags/example_subdag_operator.py
[2025-03-17T14:51:30.446-0400] {logging_mixin.py:190} INFO - [2025-03-17T14:51:30.446-0400] {workday.py:41} WARNING - Could not import pandas. Holidays will not be considered.
[2025-03-17T14:51:30.453-0400] {logging_mixin.py:190} INFO - [2025-03-17T14:51:30.453-0400] {dag.py:3239} INFO - Sync 3 DAGs
[2025-03-17T14:51:30.461-0400] {logging_mixin.py:190} INFO - [2025-03-17T14:51:30.461-0400] {dag.py:4180} INFO - Setting next_dagrun for example_subdag_operator to 2022-01-01 00:00:00+00:00, run_after=2022-01-01 00:00:00+00:00
[2025-03-17T14:51:30.464-0400] {logging_mixin.py:190} INFO - [2025-03-17T14:51:30.464-0400] {dag.py:4180} INFO - Setting next_dagrun for example_subdag_operator.section-1 to None, run_after=None
[2025-03-17T14:51:30.464-0400] {logging_mixin.py:190} INFO - [2025-03-17T14:51:30.464-0400] {dag.py:4180} INFO - Setting next_dagrun for example_subdag_operator.section-2 to None, run_after=None
[2025-03-17T14:51:30.466-0400] {logging_mixin.py:190} INFO - [2025-03-17T14:51:30.466-0400] {dag.py:3239} INFO - Sync 2 DAGs
[2025-03-17T14:51:30.468-0400] {logging_mixin.py:190} INFO - [2025-03-17T14:51:30.468-0400] {dag.py:4180} INFO - Setting next_dagrun for example_subdag_operator.section-1 to None, run_after=None
[2025-03-17T14:51:30.468-0400] {logging_mixin.py:190} INFO - [2025-03-17T14:51:30.468-0400] {dag.py:4180} INFO - Setting next_dagrun for example_subdag_operator.section-2 to None, run_after=None
[2025-03-17T14:51:30.472-0400] {processor.py:208} INFO - Processing /Users/nidhipatel/ApacheAirflow_Tutorial/py_env/lib/python3.12/site-packages/airflow/example_dags/example_subdag_operator.py took 0.076 seconds
[2025-03-17T14:52:38.034-0400] {processor.py:186} INFO - Started process (PID=33881) to work on /Users/nidhipatel/ApacheAirflow_Tutorial/py_env/lib/python3.12/site-packages/airflow/example_dags/example_subdag_operator.py
[2025-03-17T14:52:38.034-0400] {processor.py:914} INFO - Processing file /Users/nidhipatel/ApacheAirflow_Tutorial/py_env/lib/python3.12/site-packages/airflow/example_dags/example_subdag_operator.py for tasks to queue
[2025-03-17T14:52:38.035-0400] {logging_mixin.py:190} INFO - [2025-03-17T14:52:38.035-0400] {dagbag.py:588} INFO - Filling up the DagBag from /Users/nidhipatel/ApacheAirflow_Tutorial/py_env/lib/python3.12/site-packages/airflow/example_dags/example_subdag_operator.py
[2025-03-17T14:52:38.075-0400] {processor.py:925} INFO - DAG(s) 'example_subdag_operator.section-1', 'example_subdag_operator.section-2', 'example_subdag_operator' retrieved from /Users/nidhipatel/ApacheAirflow_Tutorial/py_env/lib/python3.12/site-packages/airflow/example_dags/example_subdag_operator.py
[2025-03-17T14:52:38.080-0400] {logging_mixin.py:190} INFO - [2025-03-17T14:52:38.080-0400] {workday.py:41} WARNING - Could not import pandas. Holidays will not be considered.
[2025-03-17T14:52:38.086-0400] {logging_mixin.py:190} INFO - [2025-03-17T14:52:38.086-0400] {dag.py:3239} INFO - Sync 3 DAGs
[2025-03-17T14:52:38.092-0400] {logging_mixin.py:190} INFO - [2025-03-17T14:52:38.092-0400] {dag.py:4180} INFO - Setting next_dagrun for example_subdag_operator to 2022-01-01 00:00:00+00:00, run_after=2022-01-01 00:00:00+00:00
[2025-03-17T14:52:38.094-0400] {logging_mixin.py:190} INFO - [2025-03-17T14:52:38.094-0400] {dag.py:4180} INFO - Setting next_dagrun for example_subdag_operator.section-1 to None, run_after=None
[2025-03-17T14:52:38.094-0400] {logging_mixin.py:190} INFO - [2025-03-17T14:52:38.094-0400] {dag.py:4180} INFO - Setting next_dagrun for example_subdag_operator.section-2 to None, run_after=None
[2025-03-17T14:52:38.096-0400] {logging_mixin.py:190} INFO - [2025-03-17T14:52:38.096-0400] {dag.py:3239} INFO - Sync 2 DAGs
[2025-03-17T14:52:38.097-0400] {logging_mixin.py:190} INFO - [2025-03-17T14:52:38.097-0400] {dag.py:4180} INFO - Setting next_dagrun for example_subdag_operator.section-1 to None, run_after=None
[2025-03-17T14:52:38.097-0400] {logging_mixin.py:190} INFO - [2025-03-17T14:52:38.097-0400] {dag.py:4180} INFO - Setting next_dagrun for example_subdag_operator.section-2 to None, run_after=None
[2025-03-17T14:52:38.101-0400] {processor.py:208} INFO - Processing /Users/nidhipatel/ApacheAirflow_Tutorial/py_env/lib/python3.12/site-packages/airflow/example_dags/example_subdag_operator.py took 0.069 seconds
