[2025-03-17T14:32:37.763-0400] {processor.py:186} INFO - Started process (PID=31975) to work on /Users/nidhipatel/ApacheAirflow_Tutorial/py_env/lib/python3.12/site-packages/airflow/example_dags/example_python_operator.py
[2025-03-17T14:32:37.763-0400] {processor.py:914} INFO - Processing file /Users/nidhipatel/ApacheAirflow_Tutorial/py_env/lib/python3.12/site-packages/airflow/example_dags/example_python_operator.py for tasks to queue
[2025-03-17T14:32:37.764-0400] {logging_mixin.py:190} INFO - [2025-03-17T14:32:37.764-0400] {dagbag.py:588} INFO - Filling up the DagBag from /Users/nidhipatel/ApacheAirflow_Tutorial/py_env/lib/python3.12/site-packages/airflow/example_dags/example_python_operator.py
[2025-03-17T14:32:37.776-0400] {processor.py:925} INFO - DAG(s) 'example_python_operator' retrieved from /Users/nidhipatel/ApacheAirflow_Tutorial/py_env/lib/python3.12/site-packages/airflow/example_dags/example_python_operator.py
[2025-03-17T14:32:37.847-0400] {logging_mixin.py:190} INFO - [2025-03-17T14:32:37.846-0400] {override.py:1912} INFO - Created Permission View: can delete on DAG:example_python_operator
[2025-03-17T14:32:37.850-0400] {logging_mixin.py:190} INFO - [2025-03-17T14:32:37.850-0400] {override.py:1912} INFO - Created Permission View: can edit on DAG:example_python_operator
[2025-03-17T14:32:37.852-0400] {logging_mixin.py:190} INFO - [2025-03-17T14:32:37.852-0400] {override.py:1912} INFO - Created Permission View: can read on DAG:example_python_operator
[2025-03-17T14:32:37.855-0400] {logging_mixin.py:190} INFO - [2025-03-17T14:32:37.855-0400] {override.py:1912} INFO - Created Permission View: can delete on DAG Run:example_python_operator
[2025-03-17T14:32:37.856-0400] {logging_mixin.py:190} INFO - [2025-03-17T14:32:37.856-0400] {override.py:1912} INFO - Created Permission View: menu access on DAG Run:example_python_operator
[2025-03-17T14:32:37.858-0400] {logging_mixin.py:190} INFO - [2025-03-17T14:32:37.858-0400] {override.py:1912} INFO - Created Permission View: can create on DAG Run:example_python_operator
[2025-03-17T14:32:37.860-0400] {logging_mixin.py:190} INFO - [2025-03-17T14:32:37.860-0400] {override.py:1912} INFO - Created Permission View: can read on DAG Run:example_python_operator
[2025-03-17T14:32:37.860-0400] {logging_mixin.py:190} INFO - [2025-03-17T14:32:37.860-0400] {dag.py:3239} INFO - Sync 1 DAGs
[2025-03-17T14:32:37.864-0400] {logging_mixin.py:190} INFO - [2025-03-17T14:32:37.864-0400] {dag.py:3262} INFO - Creating ORM DAG for example_python_operator
[2025-03-17T14:32:37.864-0400] {logging_mixin.py:190} INFO - [2025-03-17T14:32:37.864-0400] {dag.py:4180} INFO - Setting next_dagrun for example_python_operator to None, run_after=None
[2025-03-17T14:32:37.870-0400] {processor.py:208} INFO - Processing /Users/nidhipatel/ApacheAirflow_Tutorial/py_env/lib/python3.12/site-packages/airflow/example_dags/example_python_operator.py took 0.109 seconds
[2025-03-17T14:34:17.112-0400] {processor.py:186} INFO - Started process (PID=32141) to work on /Users/nidhipatel/ApacheAirflow_Tutorial/py_env/lib/python3.12/site-packages/airflow/example_dags/example_python_operator.py
[2025-03-17T14:34:17.112-0400] {processor.py:914} INFO - Processing file /Users/nidhipatel/ApacheAirflow_Tutorial/py_env/lib/python3.12/site-packages/airflow/example_dags/example_python_operator.py for tasks to queue
[2025-03-17T14:34:17.113-0400] {logging_mixin.py:190} INFO - [2025-03-17T14:34:17.113-0400] {dagbag.py:588} INFO - Filling up the DagBag from /Users/nidhipatel/ApacheAirflow_Tutorial/py_env/lib/python3.12/site-packages/airflow/example_dags/example_python_operator.py
[2025-03-17T14:34:17.128-0400] {processor.py:925} INFO - DAG(s) 'example_python_operator' retrieved from /Users/nidhipatel/ApacheAirflow_Tutorial/py_env/lib/python3.12/site-packages/airflow/example_dags/example_python_operator.py
[2025-03-17T14:34:17.249-0400] {logging_mixin.py:190} INFO - [2025-03-17T14:34:17.248-0400] {dag.py:3239} INFO - Sync 1 DAGs
[2025-03-17T14:34:17.253-0400] {logging_mixin.py:190} INFO - [2025-03-17T14:34:17.253-0400] {dag.py:4180} INFO - Setting next_dagrun for example_python_operator to None, run_after=None
[2025-03-17T14:34:17.261-0400] {processor.py:208} INFO - Processing /Users/nidhipatel/ApacheAirflow_Tutorial/py_env/lib/python3.12/site-packages/airflow/example_dags/example_python_operator.py took 0.152 seconds
[2025-03-17T14:36:30.008-0400] {processor.py:186} INFO - Started process (PID=32304) to work on /Users/nidhipatel/ApacheAirflow_Tutorial/py_env/lib/python3.12/site-packages/airflow/example_dags/example_python_operator.py
[2025-03-17T14:36:30.009-0400] {processor.py:914} INFO - Processing file /Users/nidhipatel/ApacheAirflow_Tutorial/py_env/lib/python3.12/site-packages/airflow/example_dags/example_python_operator.py for tasks to queue
[2025-03-17T14:36:30.009-0400] {logging_mixin.py:190} INFO - [2025-03-17T14:36:30.009-0400] {dagbag.py:588} INFO - Filling up the DagBag from /Users/nidhipatel/ApacheAirflow_Tutorial/py_env/lib/python3.12/site-packages/airflow/example_dags/example_python_operator.py
[2025-03-17T14:36:30.021-0400] {processor.py:925} INFO - DAG(s) 'example_python_operator' retrieved from /Users/nidhipatel/ApacheAirflow_Tutorial/py_env/lib/python3.12/site-packages/airflow/example_dags/example_python_operator.py
[2025-03-17T14:36:30.115-0400] {logging_mixin.py:190} INFO - [2025-03-17T14:36:30.115-0400] {dag.py:3239} INFO - Sync 1 DAGs
[2025-03-17T14:36:30.118-0400] {logging_mixin.py:190} INFO - [2025-03-17T14:36:30.118-0400] {dag.py:4180} INFO - Setting next_dagrun for example_python_operator to None, run_after=None
[2025-03-17T14:36:30.126-0400] {processor.py:208} INFO - Processing /Users/nidhipatel/ApacheAirflow_Tutorial/py_env/lib/python3.12/site-packages/airflow/example_dags/example_python_operator.py took 0.119 seconds
[2025-03-17T14:38:34.501-0400] {processor.py:186} INFO - Started process (PID=32490) to work on /Users/nidhipatel/ApacheAirflow_Tutorial/py_env/lib/python3.12/site-packages/airflow/example_dags/example_python_operator.py
[2025-03-17T14:38:34.501-0400] {processor.py:914} INFO - Processing file /Users/nidhipatel/ApacheAirflow_Tutorial/py_env/lib/python3.12/site-packages/airflow/example_dags/example_python_operator.py for tasks to queue
[2025-03-17T14:38:34.502-0400] {logging_mixin.py:190} INFO - [2025-03-17T14:38:34.502-0400] {dagbag.py:588} INFO - Filling up the DagBag from /Users/nidhipatel/ApacheAirflow_Tutorial/py_env/lib/python3.12/site-packages/airflow/example_dags/example_python_operator.py
[2025-03-17T14:38:34.514-0400] {processor.py:925} INFO - DAG(s) 'example_python_operator' retrieved from /Users/nidhipatel/ApacheAirflow_Tutorial/py_env/lib/python3.12/site-packages/airflow/example_dags/example_python_operator.py
[2025-03-17T14:38:34.611-0400] {logging_mixin.py:190} INFO - [2025-03-17T14:38:34.611-0400] {dag.py:3239} INFO - Sync 1 DAGs
[2025-03-17T14:38:34.615-0400] {logging_mixin.py:190} INFO - [2025-03-17T14:38:34.615-0400] {dag.py:4180} INFO - Setting next_dagrun for example_python_operator to None, run_after=None
[2025-03-17T14:38:34.621-0400] {processor.py:208} INFO - Processing /Users/nidhipatel/ApacheAirflow_Tutorial/py_env/lib/python3.12/site-packages/airflow/example_dags/example_python_operator.py took 0.122 seconds
[2025-03-17T14:40:39.932-0400] {processor.py:186} INFO - Started process (PID=32688) to work on /Users/nidhipatel/ApacheAirflow_Tutorial/py_env/lib/python3.12/site-packages/airflow/example_dags/example_python_operator.py
[2025-03-17T14:40:39.933-0400] {processor.py:914} INFO - Processing file /Users/nidhipatel/ApacheAirflow_Tutorial/py_env/lib/python3.12/site-packages/airflow/example_dags/example_python_operator.py for tasks to queue
[2025-03-17T14:40:39.933-0400] {logging_mixin.py:190} INFO - [2025-03-17T14:40:39.933-0400] {dagbag.py:588} INFO - Filling up the DagBag from /Users/nidhipatel/ApacheAirflow_Tutorial/py_env/lib/python3.12/site-packages/airflow/example_dags/example_python_operator.py
[2025-03-17T14:40:39.944-0400] {processor.py:925} INFO - DAG(s) 'example_python_operator' retrieved from /Users/nidhipatel/ApacheAirflow_Tutorial/py_env/lib/python3.12/site-packages/airflow/example_dags/example_python_operator.py
[2025-03-17T14:40:40.045-0400] {logging_mixin.py:190} INFO - [2025-03-17T14:40:40.045-0400] {dag.py:3239} INFO - Sync 1 DAGs
[2025-03-17T14:40:40.048-0400] {logging_mixin.py:190} INFO - [2025-03-17T14:40:40.048-0400] {dag.py:4180} INFO - Setting next_dagrun for example_python_operator to None, run_after=None
[2025-03-17T14:40:40.055-0400] {processor.py:208} INFO - Processing /Users/nidhipatel/ApacheAirflow_Tutorial/py_env/lib/python3.12/site-packages/airflow/example_dags/example_python_operator.py took 0.124 seconds
[2025-03-17T14:42:46.283-0400] {processor.py:186} INFO - Started process (PID=32869) to work on /Users/nidhipatel/ApacheAirflow_Tutorial/py_env/lib/python3.12/site-packages/airflow/example_dags/example_python_operator.py
[2025-03-17T14:42:46.287-0400] {processor.py:914} INFO - Processing file /Users/nidhipatel/ApacheAirflow_Tutorial/py_env/lib/python3.12/site-packages/airflow/example_dags/example_python_operator.py for tasks to queue
[2025-03-17T14:42:46.288-0400] {logging_mixin.py:190} INFO - [2025-03-17T14:42:46.288-0400] {dagbag.py:588} INFO - Filling up the DagBag from /Users/nidhipatel/ApacheAirflow_Tutorial/py_env/lib/python3.12/site-packages/airflow/example_dags/example_python_operator.py
[2025-03-17T14:42:46.333-0400] {processor.py:925} INFO - DAG(s) 'example_python_operator' retrieved from /Users/nidhipatel/ApacheAirflow_Tutorial/py_env/lib/python3.12/site-packages/airflow/example_dags/example_python_operator.py
[2025-03-17T14:42:46.618-0400] {logging_mixin.py:190} INFO - [2025-03-17T14:42:46.618-0400] {dag.py:3239} INFO - Sync 1 DAGs
[2025-03-17T14:42:46.621-0400] {logging_mixin.py:190} INFO - [2025-03-17T14:42:46.621-0400] {dag.py:4180} INFO - Setting next_dagrun for example_python_operator to None, run_after=None
[2025-03-17T14:42:46.629-0400] {processor.py:208} INFO - Processing /Users/nidhipatel/ApacheAirflow_Tutorial/py_env/lib/python3.12/site-packages/airflow/example_dags/example_python_operator.py took 0.348 seconds
[2025-03-17T14:45:02.032-0400] {processor.py:186} INFO - Started process (PID=33048) to work on /Users/nidhipatel/ApacheAirflow_Tutorial/py_env/lib/python3.12/site-packages/airflow/example_dags/example_python_operator.py
[2025-03-17T14:45:02.033-0400] {processor.py:914} INFO - Processing file /Users/nidhipatel/ApacheAirflow_Tutorial/py_env/lib/python3.12/site-packages/airflow/example_dags/example_python_operator.py for tasks to queue
[2025-03-17T14:45:02.034-0400] {logging_mixin.py:190} INFO - [2025-03-17T14:45:02.034-0400] {dagbag.py:588} INFO - Filling up the DagBag from /Users/nidhipatel/ApacheAirflow_Tutorial/py_env/lib/python3.12/site-packages/airflow/example_dags/example_python_operator.py
[2025-03-17T14:45:02.044-0400] {processor.py:925} INFO - DAG(s) 'example_python_operator' retrieved from /Users/nidhipatel/ApacheAirflow_Tutorial/py_env/lib/python3.12/site-packages/airflow/example_dags/example_python_operator.py
[2025-03-17T14:45:02.139-0400] {logging_mixin.py:190} INFO - [2025-03-17T14:45:02.138-0400] {dag.py:3239} INFO - Sync 1 DAGs
[2025-03-17T14:45:02.142-0400] {logging_mixin.py:190} INFO - [2025-03-17T14:45:02.142-0400] {dag.py:4180} INFO - Setting next_dagrun for example_python_operator to None, run_after=None
[2025-03-17T14:45:02.149-0400] {processor.py:208} INFO - Processing /Users/nidhipatel/ApacheAirflow_Tutorial/py_env/lib/python3.12/site-packages/airflow/example_dags/example_python_operator.py took 0.118 seconds
[2025-03-17T14:47:21.558-0400] {processor.py:186} INFO - Started process (PID=33227) to work on /Users/nidhipatel/ApacheAirflow_Tutorial/py_env/lib/python3.12/site-packages/airflow/example_dags/example_python_operator.py
[2025-03-17T14:47:21.558-0400] {processor.py:914} INFO - Processing file /Users/nidhipatel/ApacheAirflow_Tutorial/py_env/lib/python3.12/site-packages/airflow/example_dags/example_python_operator.py for tasks to queue
[2025-03-17T14:47:21.559-0400] {logging_mixin.py:190} INFO - [2025-03-17T14:47:21.558-0400] {dagbag.py:588} INFO - Filling up the DagBag from /Users/nidhipatel/ApacheAirflow_Tutorial/py_env/lib/python3.12/site-packages/airflow/example_dags/example_python_operator.py
[2025-03-17T14:47:21.569-0400] {processor.py:925} INFO - DAG(s) 'example_python_operator' retrieved from /Users/nidhipatel/ApacheAirflow_Tutorial/py_env/lib/python3.12/site-packages/airflow/example_dags/example_python_operator.py
[2025-03-17T14:47:21.664-0400] {logging_mixin.py:190} INFO - [2025-03-17T14:47:21.664-0400] {dag.py:3239} INFO - Sync 1 DAGs
[2025-03-17T14:47:21.667-0400] {logging_mixin.py:190} INFO - [2025-03-17T14:47:21.667-0400] {dag.py:4180} INFO - Setting next_dagrun for example_python_operator to None, run_after=None
[2025-03-17T14:47:21.674-0400] {processor.py:208} INFO - Processing /Users/nidhipatel/ApacheAirflow_Tutorial/py_env/lib/python3.12/site-packages/airflow/example_dags/example_python_operator.py took 0.117 seconds
[2025-03-17T14:49:33.107-0400] {processor.py:186} INFO - Started process (PID=33422) to work on /Users/nidhipatel/ApacheAirflow_Tutorial/py_env/lib/python3.12/site-packages/airflow/example_dags/example_python_operator.py
[2025-03-17T14:49:33.108-0400] {processor.py:914} INFO - Processing file /Users/nidhipatel/ApacheAirflow_Tutorial/py_env/lib/python3.12/site-packages/airflow/example_dags/example_python_operator.py for tasks to queue
[2025-03-17T14:49:33.109-0400] {logging_mixin.py:190} INFO - [2025-03-17T14:49:33.109-0400] {dagbag.py:588} INFO - Filling up the DagBag from /Users/nidhipatel/ApacheAirflow_Tutorial/py_env/lib/python3.12/site-packages/airflow/example_dags/example_python_operator.py
[2025-03-17T14:49:33.121-0400] {processor.py:925} INFO - DAG(s) 'example_python_operator' retrieved from /Users/nidhipatel/ApacheAirflow_Tutorial/py_env/lib/python3.12/site-packages/airflow/example_dags/example_python_operator.py
[2025-03-17T14:49:33.223-0400] {logging_mixin.py:190} INFO - [2025-03-17T14:49:33.223-0400] {dag.py:3239} INFO - Sync 1 DAGs
[2025-03-17T14:49:33.227-0400] {logging_mixin.py:190} INFO - [2025-03-17T14:49:33.227-0400] {dag.py:4180} INFO - Setting next_dagrun for example_python_operator to None, run_after=None
[2025-03-17T14:49:33.234-0400] {processor.py:208} INFO - Processing /Users/nidhipatel/ApacheAirflow_Tutorial/py_env/lib/python3.12/site-packages/airflow/example_dags/example_python_operator.py took 0.128 seconds
[2025-03-17T14:51:43.378-0400] {processor.py:186} INFO - Started process (PID=33689) to work on /Users/nidhipatel/ApacheAirflow_Tutorial/py_env/lib/python3.12/site-packages/airflow/example_dags/example_python_operator.py
[2025-03-17T14:51:43.380-0400] {processor.py:914} INFO - Processing file /Users/nidhipatel/ApacheAirflow_Tutorial/py_env/lib/python3.12/site-packages/airflow/example_dags/example_python_operator.py for tasks to queue
[2025-03-17T14:51:43.381-0400] {logging_mixin.py:190} INFO - [2025-03-17T14:51:43.380-0400] {dagbag.py:588} INFO - Filling up the DagBag from /Users/nidhipatel/ApacheAirflow_Tutorial/py_env/lib/python3.12/site-packages/airflow/example_dags/example_python_operator.py
[2025-03-17T14:51:43.395-0400] {processor.py:925} INFO - DAG(s) 'example_python_operator' retrieved from /Users/nidhipatel/ApacheAirflow_Tutorial/py_env/lib/python3.12/site-packages/airflow/example_dags/example_python_operator.py
[2025-03-17T14:51:43.488-0400] {logging_mixin.py:190} INFO - [2025-03-17T14:51:43.488-0400] {dag.py:3239} INFO - Sync 1 DAGs
[2025-03-17T14:51:43.493-0400] {logging_mixin.py:190} INFO - [2025-03-17T14:51:43.493-0400] {dag.py:4180} INFO - Setting next_dagrun for example_python_operator to None, run_after=None
[2025-03-17T14:51:43.500-0400] {processor.py:208} INFO - Processing /Users/nidhipatel/ApacheAirflow_Tutorial/py_env/lib/python3.12/site-packages/airflow/example_dags/example_python_operator.py took 0.124 seconds
