[2025-03-17T14:33:11.504-0400] {processor.py:186} INFO - Started process (PID=32040) to work on /Users/nidhipatel/ApacheAirflow_Tutorial/py_env/lib/python3.12/site-packages/airflow/example_dags/example_dag_decorator.py
[2025-03-17T14:33:11.504-0400] {processor.py:914} INFO - Processing file /Users/nidhipatel/ApacheAirflow_Tutorial/py_env/lib/python3.12/site-packages/airflow/example_dags/example_dag_decorator.py for tasks to queue
[2025-03-17T14:33:11.505-0400] {logging_mixin.py:190} INFO - [2025-03-17T14:33:11.505-0400] {dagbag.py:588} INFO - Filling up the DagBag from /Users/nidhipatel/ApacheAirflow_Tutorial/py_env/lib/python3.12/site-packages/airflow/example_dags/example_dag_decorator.py
[2025-03-17T14:33:11.593-0400] {processor.py:925} INFO - DAG(s) 'example_dag_decorator' retrieved from /Users/nidhipatel/ApacheAirflow_Tutorial/py_env/lib/python3.12/site-packages/airflow/example_dags/example_dag_decorator.py
[2025-03-17T14:33:11.689-0400] {logging_mixin.py:190} INFO - [2025-03-17T14:33:11.689-0400] {override.py:1912} INFO - Created Permission View: can read on DAG:example_dag_decorator
[2025-03-17T14:33:11.692-0400] {logging_mixin.py:190} INFO - [2025-03-17T14:33:11.692-0400] {override.py:1912} INFO - Created Permission View: can delete on DAG:example_dag_decorator
[2025-03-17T14:33:11.694-0400] {logging_mixin.py:190} INFO - [2025-03-17T14:33:11.694-0400] {override.py:1912} INFO - Created Permission View: can edit on DAG:example_dag_decorator
[2025-03-17T14:33:11.697-0400] {logging_mixin.py:190} INFO - [2025-03-17T14:33:11.696-0400] {override.py:1912} INFO - Created Permission View: can read on DAG Run:example_dag_decorator
[2025-03-17T14:33:11.698-0400] {logging_mixin.py:190} INFO - [2025-03-17T14:33:11.698-0400] {override.py:1912} INFO - Created Permission View: can create on DAG Run:example_dag_decorator
[2025-03-17T14:33:11.700-0400] {logging_mixin.py:190} INFO - [2025-03-17T14:33:11.700-0400] {override.py:1912} INFO - Created Permission View: menu access on DAG Run:example_dag_decorator
[2025-03-17T14:33:11.702-0400] {logging_mixin.py:190} INFO - [2025-03-17T14:33:11.702-0400] {override.py:1912} INFO - Created Permission View: can delete on DAG Run:example_dag_decorator
[2025-03-17T14:33:11.702-0400] {logging_mixin.py:190} INFO - [2025-03-17T14:33:11.702-0400] {dag.py:3239} INFO - Sync 1 DAGs
[2025-03-17T14:33:11.706-0400] {logging_mixin.py:190} INFO - [2025-03-17T14:33:11.706-0400] {dag.py:3262} INFO - Creating ORM DAG for example_dag_decorator
[2025-03-17T14:33:11.706-0400] {logging_mixin.py:190} INFO - [2025-03-17T14:33:11.706-0400] {dag.py:4180} INFO - Setting next_dagrun for example_dag_decorator to None, run_after=None
[2025-03-17T14:33:11.713-0400] {processor.py:208} INFO - Processing /Users/nidhipatel/ApacheAirflow_Tutorial/py_env/lib/python3.12/site-packages/airflow/example_dags/example_dag_decorator.py took 0.211 seconds
[2025-03-17T14:35:27.851-0400] {processor.py:186} INFO - Started process (PID=32224) to work on /Users/nidhipatel/ApacheAirflow_Tutorial/py_env/lib/python3.12/site-packages/airflow/example_dags/example_dag_decorator.py
[2025-03-17T14:35:27.852-0400] {processor.py:914} INFO - Processing file /Users/nidhipatel/ApacheAirflow_Tutorial/py_env/lib/python3.12/site-packages/airflow/example_dags/example_dag_decorator.py for tasks to queue
[2025-03-17T14:35:27.852-0400] {logging_mixin.py:190} INFO - [2025-03-17T14:35:27.852-0400] {dagbag.py:588} INFO - Filling up the DagBag from /Users/nidhipatel/ApacheAirflow_Tutorial/py_env/lib/python3.12/site-packages/airflow/example_dags/example_dag_decorator.py
[2025-03-17T14:35:27.950-0400] {processor.py:925} INFO - DAG(s) 'example_dag_decorator' retrieved from /Users/nidhipatel/ApacheAirflow_Tutorial/py_env/lib/python3.12/site-packages/airflow/example_dags/example_dag_decorator.py
[2025-03-17T14:35:28.062-0400] {logging_mixin.py:190} INFO - [2025-03-17T14:35:28.062-0400] {dag.py:3239} INFO - Sync 1 DAGs
[2025-03-17T14:35:28.066-0400] {logging_mixin.py:190} INFO - [2025-03-17T14:35:28.066-0400] {dag.py:4180} INFO - Setting next_dagrun for example_dag_decorator to None, run_after=None
[2025-03-17T14:35:28.074-0400] {processor.py:208} INFO - Processing /Users/nidhipatel/ApacheAirflow_Tutorial/py_env/lib/python3.12/site-packages/airflow/example_dags/example_dag_decorator.py took 0.224 seconds
[2025-03-17T14:37:37.245-0400] {processor.py:186} INFO - Started process (PID=32390) to work on /Users/nidhipatel/ApacheAirflow_Tutorial/py_env/lib/python3.12/site-packages/airflow/example_dags/example_dag_decorator.py
[2025-03-17T14:37:37.245-0400] {processor.py:914} INFO - Processing file /Users/nidhipatel/ApacheAirflow_Tutorial/py_env/lib/python3.12/site-packages/airflow/example_dags/example_dag_decorator.py for tasks to queue
[2025-03-17T14:37:37.246-0400] {logging_mixin.py:190} INFO - [2025-03-17T14:37:37.246-0400] {dagbag.py:588} INFO - Filling up the DagBag from /Users/nidhipatel/ApacheAirflow_Tutorial/py_env/lib/python3.12/site-packages/airflow/example_dags/example_dag_decorator.py
[2025-03-17T14:37:37.359-0400] {processor.py:925} INFO - DAG(s) 'example_dag_decorator' retrieved from /Users/nidhipatel/ApacheAirflow_Tutorial/py_env/lib/python3.12/site-packages/airflow/example_dags/example_dag_decorator.py
[2025-03-17T14:37:37.475-0400] {logging_mixin.py:190} INFO - [2025-03-17T14:37:37.475-0400] {dag.py:3239} INFO - Sync 1 DAGs
[2025-03-17T14:37:37.479-0400] {logging_mixin.py:190} INFO - [2025-03-17T14:37:37.479-0400] {dag.py:4180} INFO - Setting next_dagrun for example_dag_decorator to None, run_after=None
[2025-03-17T14:37:37.486-0400] {processor.py:208} INFO - Processing /Users/nidhipatel/ApacheAirflow_Tutorial/py_env/lib/python3.12/site-packages/airflow/example_dags/example_dag_decorator.py took 0.243 seconds
[2025-03-17T14:39:40.154-0400] {processor.py:186} INFO - Started process (PID=32607) to work on /Users/nidhipatel/ApacheAirflow_Tutorial/py_env/lib/python3.12/site-packages/airflow/example_dags/example_dag_decorator.py
[2025-03-17T14:39:40.154-0400] {processor.py:914} INFO - Processing file /Users/nidhipatel/ApacheAirflow_Tutorial/py_env/lib/python3.12/site-packages/airflow/example_dags/example_dag_decorator.py for tasks to queue
[2025-03-17T14:39:40.155-0400] {logging_mixin.py:190} INFO - [2025-03-17T14:39:40.155-0400] {dagbag.py:588} INFO - Filling up the DagBag from /Users/nidhipatel/ApacheAirflow_Tutorial/py_env/lib/python3.12/site-packages/airflow/example_dags/example_dag_decorator.py
[2025-03-17T14:39:40.262-0400] {processor.py:925} INFO - DAG(s) 'example_dag_decorator' retrieved from /Users/nidhipatel/ApacheAirflow_Tutorial/py_env/lib/python3.12/site-packages/airflow/example_dags/example_dag_decorator.py
[2025-03-17T14:39:40.380-0400] {logging_mixin.py:190} INFO - [2025-03-17T14:39:40.380-0400] {dag.py:3239} INFO - Sync 1 DAGs
[2025-03-17T14:39:40.386-0400] {logging_mixin.py:190} INFO - [2025-03-17T14:39:40.386-0400] {dag.py:4180} INFO - Setting next_dagrun for example_dag_decorator to None, run_after=None
[2025-03-17T14:39:40.394-0400] {processor.py:208} INFO - Processing /Users/nidhipatel/ApacheAirflow_Tutorial/py_env/lib/python3.12/site-packages/airflow/example_dags/example_dag_decorator.py took 0.242 seconds
[2025-03-17T14:41:45.977-0400] {processor.py:186} INFO - Started process (PID=32789) to work on /Users/nidhipatel/ApacheAirflow_Tutorial/py_env/lib/python3.12/site-packages/airflow/example_dags/example_dag_decorator.py
[2025-03-17T14:41:45.977-0400] {processor.py:914} INFO - Processing file /Users/nidhipatel/ApacheAirflow_Tutorial/py_env/lib/python3.12/site-packages/airflow/example_dags/example_dag_decorator.py for tasks to queue
[2025-03-17T14:41:45.978-0400] {logging_mixin.py:190} INFO - [2025-03-17T14:41:45.978-0400] {dagbag.py:588} INFO - Filling up the DagBag from /Users/nidhipatel/ApacheAirflow_Tutorial/py_env/lib/python3.12/site-packages/airflow/example_dags/example_dag_decorator.py
[2025-03-17T14:41:46.134-0400] {processor.py:925} INFO - DAG(s) 'example_dag_decorator' retrieved from /Users/nidhipatel/ApacheAirflow_Tutorial/py_env/lib/python3.12/site-packages/airflow/example_dags/example_dag_decorator.py
[2025-03-17T14:41:46.252-0400] {logging_mixin.py:190} INFO - [2025-03-17T14:41:46.252-0400] {dag.py:3239} INFO - Sync 1 DAGs
[2025-03-17T14:41:46.255-0400] {logging_mixin.py:190} INFO - [2025-03-17T14:41:46.255-0400] {dag.py:4180} INFO - Setting next_dagrun for example_dag_decorator to None, run_after=None
[2025-03-17T14:41:46.264-0400] {processor.py:208} INFO - Processing /Users/nidhipatel/ApacheAirflow_Tutorial/py_env/lib/python3.12/site-packages/airflow/example_dags/example_dag_decorator.py took 0.289 seconds
[2025-03-17T14:43:57.872-0400] {processor.py:186} INFO - Started process (PID=32955) to work on /Users/nidhipatel/ApacheAirflow_Tutorial/py_env/lib/python3.12/site-packages/airflow/example_dags/example_dag_decorator.py
[2025-03-17T14:43:57.873-0400] {processor.py:914} INFO - Processing file /Users/nidhipatel/ApacheAirflow_Tutorial/py_env/lib/python3.12/site-packages/airflow/example_dags/example_dag_decorator.py for tasks to queue
[2025-03-17T14:43:57.873-0400] {logging_mixin.py:190} INFO - [2025-03-17T14:43:57.873-0400] {dagbag.py:588} INFO - Filling up the DagBag from /Users/nidhipatel/ApacheAirflow_Tutorial/py_env/lib/python3.12/site-packages/airflow/example_dags/example_dag_decorator.py
[2025-03-17T14:43:57.974-0400] {processor.py:925} INFO - DAG(s) 'example_dag_decorator' retrieved from /Users/nidhipatel/ApacheAirflow_Tutorial/py_env/lib/python3.12/site-packages/airflow/example_dags/example_dag_decorator.py
[2025-03-17T14:43:58.091-0400] {logging_mixin.py:190} INFO - [2025-03-17T14:43:58.091-0400] {dag.py:3239} INFO - Sync 1 DAGs
[2025-03-17T14:43:58.095-0400] {logging_mixin.py:190} INFO - [2025-03-17T14:43:58.095-0400] {dag.py:4180} INFO - Setting next_dagrun for example_dag_decorator to None, run_after=None
[2025-03-17T14:43:58.103-0400] {processor.py:208} INFO - Processing /Users/nidhipatel/ApacheAirflow_Tutorial/py_env/lib/python3.12/site-packages/airflow/example_dags/example_dag_decorator.py took 0.233 seconds
[2025-03-17T14:46:14.640-0400] {processor.py:186} INFO - Started process (PID=33143) to work on /Users/nidhipatel/ApacheAirflow_Tutorial/py_env/lib/python3.12/site-packages/airflow/example_dags/example_dag_decorator.py
[2025-03-17T14:46:14.640-0400] {processor.py:914} INFO - Processing file /Users/nidhipatel/ApacheAirflow_Tutorial/py_env/lib/python3.12/site-packages/airflow/example_dags/example_dag_decorator.py for tasks to queue
[2025-03-17T14:46:14.641-0400] {logging_mixin.py:190} INFO - [2025-03-17T14:46:14.641-0400] {dagbag.py:588} INFO - Filling up the DagBag from /Users/nidhipatel/ApacheAirflow_Tutorial/py_env/lib/python3.12/site-packages/airflow/example_dags/example_dag_decorator.py
[2025-03-17T14:46:14.739-0400] {processor.py:925} INFO - DAG(s) 'example_dag_decorator' retrieved from /Users/nidhipatel/ApacheAirflow_Tutorial/py_env/lib/python3.12/site-packages/airflow/example_dags/example_dag_decorator.py
[2025-03-17T14:46:14.849-0400] {logging_mixin.py:190} INFO - [2025-03-17T14:46:14.849-0400] {dag.py:3239} INFO - Sync 1 DAGs
[2025-03-17T14:46:14.852-0400] {logging_mixin.py:190} INFO - [2025-03-17T14:46:14.852-0400] {dag.py:4180} INFO - Setting next_dagrun for example_dag_decorator to None, run_after=None
[2025-03-17T14:46:14.860-0400] {processor.py:208} INFO - Processing /Users/nidhipatel/ApacheAirflow_Tutorial/py_env/lib/python3.12/site-packages/airflow/example_dags/example_dag_decorator.py took 0.222 seconds
[2025-03-17T14:48:33.402-0400] {processor.py:186} INFO - Started process (PID=33318) to work on /Users/nidhipatel/ApacheAirflow_Tutorial/py_env/lib/python3.12/site-packages/airflow/example_dags/example_dag_decorator.py
[2025-03-17T14:48:33.402-0400] {processor.py:914} INFO - Processing file /Users/nidhipatel/ApacheAirflow_Tutorial/py_env/lib/python3.12/site-packages/airflow/example_dags/example_dag_decorator.py for tasks to queue
[2025-03-17T14:48:33.403-0400] {logging_mixin.py:190} INFO - [2025-03-17T14:48:33.403-0400] {dagbag.py:588} INFO - Filling up the DagBag from /Users/nidhipatel/ApacheAirflow_Tutorial/py_env/lib/python3.12/site-packages/airflow/example_dags/example_dag_decorator.py
[2025-03-17T14:48:33.502-0400] {processor.py:925} INFO - DAG(s) 'example_dag_decorator' retrieved from /Users/nidhipatel/ApacheAirflow_Tutorial/py_env/lib/python3.12/site-packages/airflow/example_dags/example_dag_decorator.py
[2025-03-17T14:48:33.614-0400] {logging_mixin.py:190} INFO - [2025-03-17T14:48:33.614-0400] {dag.py:3239} INFO - Sync 1 DAGs
[2025-03-17T14:48:33.617-0400] {logging_mixin.py:190} INFO - [2025-03-17T14:48:33.617-0400] {dag.py:4180} INFO - Setting next_dagrun for example_dag_decorator to None, run_after=None
[2025-03-17T14:48:33.624-0400] {processor.py:208} INFO - Processing /Users/nidhipatel/ApacheAirflow_Tutorial/py_env/lib/python3.12/site-packages/airflow/example_dags/example_dag_decorator.py took 0.224 seconds
[2025-03-17T14:50:41.839-0400] {processor.py:186} INFO - Started process (PID=33507) to work on /Users/nidhipatel/ApacheAirflow_Tutorial/py_env/lib/python3.12/site-packages/airflow/example_dags/example_dag_decorator.py
[2025-03-17T14:50:41.840-0400] {processor.py:914} INFO - Processing file /Users/nidhipatel/ApacheAirflow_Tutorial/py_env/lib/python3.12/site-packages/airflow/example_dags/example_dag_decorator.py for tasks to queue
[2025-03-17T14:50:41.840-0400] {logging_mixin.py:190} INFO - [2025-03-17T14:50:41.840-0400] {dagbag.py:588} INFO - Filling up the DagBag from /Users/nidhipatel/ApacheAirflow_Tutorial/py_env/lib/python3.12/site-packages/airflow/example_dags/example_dag_decorator.py
[2025-03-17T14:50:41.936-0400] {processor.py:925} INFO - DAG(s) 'example_dag_decorator' retrieved from /Users/nidhipatel/ApacheAirflow_Tutorial/py_env/lib/python3.12/site-packages/airflow/example_dags/example_dag_decorator.py
[2025-03-17T14:50:42.049-0400] {logging_mixin.py:190} INFO - [2025-03-17T14:50:42.049-0400] {dag.py:3239} INFO - Sync 1 DAGs
[2025-03-17T14:50:42.053-0400] {logging_mixin.py:190} INFO - [2025-03-17T14:50:42.053-0400] {dag.py:4180} INFO - Setting next_dagrun for example_dag_decorator to None, run_after=None
[2025-03-17T14:50:42.060-0400] {processor.py:208} INFO - Processing /Users/nidhipatel/ApacheAirflow_Tutorial/py_env/lib/python3.12/site-packages/airflow/example_dags/example_dag_decorator.py took 0.222 seconds
[2025-03-17T14:52:57.174-0400] {processor.py:186} INFO - Started process (PID=33944) to work on /Users/nidhipatel/ApacheAirflow_Tutorial/py_env/lib/python3.12/site-packages/airflow/example_dags/example_dag_decorator.py
[2025-03-17T14:52:57.175-0400] {processor.py:914} INFO - Processing file /Users/nidhipatel/ApacheAirflow_Tutorial/py_env/lib/python3.12/site-packages/airflow/example_dags/example_dag_decorator.py for tasks to queue
[2025-03-17T14:52:57.176-0400] {logging_mixin.py:190} INFO - [2025-03-17T14:52:57.176-0400] {dagbag.py:588} INFO - Filling up the DagBag from /Users/nidhipatel/ApacheAirflow_Tutorial/py_env/lib/python3.12/site-packages/airflow/example_dags/example_dag_decorator.py
[2025-03-17T14:52:57.278-0400] {processor.py:925} INFO - DAG(s) 'example_dag_decorator' retrieved from /Users/nidhipatel/ApacheAirflow_Tutorial/py_env/lib/python3.12/site-packages/airflow/example_dags/example_dag_decorator.py
[2025-03-17T14:52:57.390-0400] {logging_mixin.py:190} INFO - [2025-03-17T14:52:57.390-0400] {dag.py:3239} INFO - Sync 1 DAGs
[2025-03-17T14:52:57.393-0400] {logging_mixin.py:190} INFO - [2025-03-17T14:52:57.393-0400] {dag.py:4180} INFO - Setting next_dagrun for example_dag_decorator to None, run_after=None
[2025-03-17T14:52:57.400-0400] {processor.py:208} INFO - Processing /Users/nidhipatel/ApacheAirflow_Tutorial/py_env/lib/python3.12/site-packages/airflow/example_dags/example_dag_decorator.py took 0.228 seconds
