[2025-03-17T14:32:19.889-0400] {processor.py:186} INFO - Started process (PID=31949) to work on /Users/nidhipatel/ApacheAirflow_Tutorial/py_env/lib/python3.12/site-packages/airflow/example_dags/example_task_group.py
[2025-03-17T14:32:19.889-0400] {processor.py:914} INFO - Processing file /Users/nidhipatel/ApacheAirflow_Tutorial/py_env/lib/python3.12/site-packages/airflow/example_dags/example_task_group.py for tasks to queue
[2025-03-17T14:32:19.890-0400] {logging_mixin.py:190} INFO - [2025-03-17T14:32:19.889-0400] {dagbag.py:588} INFO - Filling up the DagBag from /Users/nidhipatel/ApacheAirflow_Tutorial/py_env/lib/python3.12/site-packages/airflow/example_dags/example_task_group.py
[2025-03-17T14:32:19.893-0400] {processor.py:925} INFO - DAG(s) 'example_task_group' retrieved from /Users/nidhipatel/ApacheAirflow_Tutorial/py_env/lib/python3.12/site-packages/airflow/example_dags/example_task_group.py
[2025-03-17T14:32:19.971-0400] {logging_mixin.py:190} INFO - [2025-03-17T14:32:19.971-0400] {override.py:1912} INFO - Created Permission View: can read on DAG:example_task_group
[2025-03-17T14:32:19.975-0400] {logging_mixin.py:190} INFO - [2025-03-17T14:32:19.975-0400] {override.py:1912} INFO - Created Permission View: can delete on DAG:example_task_group
[2025-03-17T14:32:19.977-0400] {logging_mixin.py:190} INFO - [2025-03-17T14:32:19.977-0400] {override.py:1912} INFO - Created Permission View: can edit on DAG:example_task_group
[2025-03-17T14:32:19.979-0400] {logging_mixin.py:190} INFO - [2025-03-17T14:32:19.979-0400] {override.py:1912} INFO - Created Permission View: can read on DAG Run:example_task_group
[2025-03-17T14:32:19.985-0400] {logging_mixin.py:190} INFO - [2025-03-17T14:32:19.985-0400] {override.py:1912} INFO - Created Permission View: can create on DAG Run:example_task_group
[2025-03-17T14:32:19.988-0400] {logging_mixin.py:190} INFO - [2025-03-17T14:32:19.987-0400] {override.py:1912} INFO - Created Permission View: menu access on DAG Run:example_task_group
[2025-03-17T14:32:19.990-0400] {logging_mixin.py:190} INFO - [2025-03-17T14:32:19.989-0400] {override.py:1912} INFO - Created Permission View: can delete on DAG Run:example_task_group
[2025-03-17T14:32:19.990-0400] {logging_mixin.py:190} INFO - [2025-03-17T14:32:19.990-0400] {dag.py:3239} INFO - Sync 1 DAGs
[2025-03-17T14:32:19.995-0400] {logging_mixin.py:190} INFO - [2025-03-17T14:32:19.995-0400] {dag.py:3262} INFO - Creating ORM DAG for example_task_group
[2025-03-17T14:32:19.995-0400] {logging_mixin.py:190} INFO - [2025-03-17T14:32:19.995-0400] {dag.py:4180} INFO - Setting next_dagrun for example_task_group to None, run_after=None
[2025-03-17T14:32:20.001-0400] {processor.py:208} INFO - Processing /Users/nidhipatel/ApacheAirflow_Tutorial/py_env/lib/python3.12/site-packages/airflow/example_dags/example_task_group.py took 0.114 seconds
[2025-03-17T14:33:58.756-0400] {processor.py:186} INFO - Started process (PID=32113) to work on /Users/nidhipatel/ApacheAirflow_Tutorial/py_env/lib/python3.12/site-packages/airflow/example_dags/example_task_group.py
[2025-03-17T14:33:58.757-0400] {processor.py:914} INFO - Processing file /Users/nidhipatel/ApacheAirflow_Tutorial/py_env/lib/python3.12/site-packages/airflow/example_dags/example_task_group.py for tasks to queue
[2025-03-17T14:33:58.758-0400] {logging_mixin.py:190} INFO - [2025-03-17T14:33:58.758-0400] {dagbag.py:588} INFO - Filling up the DagBag from /Users/nidhipatel/ApacheAirflow_Tutorial/py_env/lib/python3.12/site-packages/airflow/example_dags/example_task_group.py
[2025-03-17T14:33:58.762-0400] {processor.py:925} INFO - DAG(s) 'example_task_group' retrieved from /Users/nidhipatel/ApacheAirflow_Tutorial/py_env/lib/python3.12/site-packages/airflow/example_dags/example_task_group.py
[2025-03-17T14:33:58.806-0400] {logging_mixin.py:190} INFO - [2025-03-17T14:33:58.806-0400] {dag.py:3239} INFO - Sync 1 DAGs
[2025-03-17T14:33:58.810-0400] {logging_mixin.py:190} INFO - [2025-03-17T14:33:58.810-0400] {dag.py:4180} INFO - Setting next_dagrun for example_task_group to None, run_after=None
[2025-03-17T14:33:58.817-0400] {processor.py:208} INFO - Processing /Users/nidhipatel/ApacheAirflow_Tutorial/py_env/lib/python3.12/site-packages/airflow/example_dags/example_task_group.py took 0.062 seconds
[2025-03-17T14:35:06.817-0400] {processor.py:186} INFO - Started process (PID=32199) to work on /Users/nidhipatel/ApacheAirflow_Tutorial/py_env/lib/python3.12/site-packages/airflow/example_dags/example_task_group.py
[2025-03-17T14:35:06.818-0400] {processor.py:914} INFO - Processing file /Users/nidhipatel/ApacheAirflow_Tutorial/py_env/lib/python3.12/site-packages/airflow/example_dags/example_task_group.py for tasks to queue
[2025-03-17T14:35:06.818-0400] {logging_mixin.py:190} INFO - [2025-03-17T14:35:06.818-0400] {dagbag.py:588} INFO - Filling up the DagBag from /Users/nidhipatel/ApacheAirflow_Tutorial/py_env/lib/python3.12/site-packages/airflow/example_dags/example_task_group.py
[2025-03-17T14:35:06.821-0400] {processor.py:925} INFO - DAG(s) 'example_task_group' retrieved from /Users/nidhipatel/ApacheAirflow_Tutorial/py_env/lib/python3.12/site-packages/airflow/example_dags/example_task_group.py
[2025-03-17T14:35:06.863-0400] {logging_mixin.py:190} INFO - [2025-03-17T14:35:06.863-0400] {dag.py:3239} INFO - Sync 1 DAGs
[2025-03-17T14:35:06.867-0400] {logging_mixin.py:190} INFO - [2025-03-17T14:35:06.867-0400] {dag.py:4180} INFO - Setting next_dagrun for example_task_group to None, run_after=None
[2025-03-17T14:35:06.874-0400] {processor.py:208} INFO - Processing /Users/nidhipatel/ApacheAirflow_Tutorial/py_env/lib/python3.12/site-packages/airflow/example_dags/example_task_group.py took 0.059 seconds
[2025-03-17T14:36:13.544-0400] {processor.py:186} INFO - Started process (PID=32282) to work on /Users/nidhipatel/ApacheAirflow_Tutorial/py_env/lib/python3.12/site-packages/airflow/example_dags/example_task_group.py
[2025-03-17T14:36:13.545-0400] {processor.py:914} INFO - Processing file /Users/nidhipatel/ApacheAirflow_Tutorial/py_env/lib/python3.12/site-packages/airflow/example_dags/example_task_group.py for tasks to queue
[2025-03-17T14:36:13.545-0400] {logging_mixin.py:190} INFO - [2025-03-17T14:36:13.545-0400] {dagbag.py:588} INFO - Filling up the DagBag from /Users/nidhipatel/ApacheAirflow_Tutorial/py_env/lib/python3.12/site-packages/airflow/example_dags/example_task_group.py
[2025-03-17T14:36:13.549-0400] {processor.py:925} INFO - DAG(s) 'example_task_group' retrieved from /Users/nidhipatel/ApacheAirflow_Tutorial/py_env/lib/python3.12/site-packages/airflow/example_dags/example_task_group.py
[2025-03-17T14:36:13.584-0400] {logging_mixin.py:190} INFO - [2025-03-17T14:36:13.584-0400] {dag.py:3239} INFO - Sync 1 DAGs
[2025-03-17T14:36:13.588-0400] {logging_mixin.py:190} INFO - [2025-03-17T14:36:13.588-0400] {dag.py:4180} INFO - Setting next_dagrun for example_task_group to None, run_after=None
[2025-03-17T14:36:13.593-0400] {processor.py:208} INFO - Processing /Users/nidhipatel/ApacheAirflow_Tutorial/py_env/lib/python3.12/site-packages/airflow/example_dags/example_task_group.py took 0.051 seconds
[2025-03-17T14:37:18.649-0400] {processor.py:186} INFO - Started process (PID=32366) to work on /Users/nidhipatel/ApacheAirflow_Tutorial/py_env/lib/python3.12/site-packages/airflow/example_dags/example_task_group.py
[2025-03-17T14:37:18.650-0400] {processor.py:914} INFO - Processing file /Users/nidhipatel/ApacheAirflow_Tutorial/py_env/lib/python3.12/site-packages/airflow/example_dags/example_task_group.py for tasks to queue
[2025-03-17T14:37:18.650-0400] {logging_mixin.py:190} INFO - [2025-03-17T14:37:18.650-0400] {dagbag.py:588} INFO - Filling up the DagBag from /Users/nidhipatel/ApacheAirflow_Tutorial/py_env/lib/python3.12/site-packages/airflow/example_dags/example_task_group.py
[2025-03-17T14:37:18.654-0400] {processor.py:925} INFO - DAG(s) 'example_task_group' retrieved from /Users/nidhipatel/ApacheAirflow_Tutorial/py_env/lib/python3.12/site-packages/airflow/example_dags/example_task_group.py
[2025-03-17T14:37:18.690-0400] {logging_mixin.py:190} INFO - [2025-03-17T14:37:18.690-0400] {dag.py:3239} INFO - Sync 1 DAGs
[2025-03-17T14:37:18.694-0400] {logging_mixin.py:190} INFO - [2025-03-17T14:37:18.694-0400] {dag.py:4180} INFO - Setting next_dagrun for example_task_group to None, run_after=None
[2025-03-17T14:37:18.700-0400] {processor.py:208} INFO - Processing /Users/nidhipatel/ApacheAirflow_Tutorial/py_env/lib/python3.12/site-packages/airflow/example_dags/example_task_group.py took 0.052 seconds
[2025-03-17T14:38:21.542-0400] {processor.py:186} INFO - Started process (PID=32472) to work on /Users/nidhipatel/ApacheAirflow_Tutorial/py_env/lib/python3.12/site-packages/airflow/example_dags/example_task_group.py
[2025-03-17T14:38:21.543-0400] {processor.py:914} INFO - Processing file /Users/nidhipatel/ApacheAirflow_Tutorial/py_env/lib/python3.12/site-packages/airflow/example_dags/example_task_group.py for tasks to queue
[2025-03-17T14:38:21.543-0400] {logging_mixin.py:190} INFO - [2025-03-17T14:38:21.543-0400] {dagbag.py:588} INFO - Filling up the DagBag from /Users/nidhipatel/ApacheAirflow_Tutorial/py_env/lib/python3.12/site-packages/airflow/example_dags/example_task_group.py
[2025-03-17T14:38:21.547-0400] {processor.py:925} INFO - DAG(s) 'example_task_group' retrieved from /Users/nidhipatel/ApacheAirflow_Tutorial/py_env/lib/python3.12/site-packages/airflow/example_dags/example_task_group.py
[2025-03-17T14:38:21.584-0400] {logging_mixin.py:190} INFO - [2025-03-17T14:38:21.584-0400] {dag.py:3239} INFO - Sync 1 DAGs
[2025-03-17T14:38:21.587-0400] {logging_mixin.py:190} INFO - [2025-03-17T14:38:21.587-0400] {dag.py:4180} INFO - Setting next_dagrun for example_task_group to None, run_after=None
[2025-03-17T14:38:21.593-0400] {processor.py:208} INFO - Processing /Users/nidhipatel/ApacheAirflow_Tutorial/py_env/lib/python3.12/site-packages/airflow/example_dags/example_task_group.py took 0.052 seconds
[2025-03-17T14:39:22.157-0400] {processor.py:186} INFO - Started process (PID=32554) to work on /Users/nidhipatel/ApacheAirflow_Tutorial/py_env/lib/python3.12/site-packages/airflow/example_dags/example_task_group.py
[2025-03-17T14:39:22.157-0400] {processor.py:914} INFO - Processing file /Users/nidhipatel/ApacheAirflow_Tutorial/py_env/lib/python3.12/site-packages/airflow/example_dags/example_task_group.py for tasks to queue
[2025-03-17T14:39:22.158-0400] {logging_mixin.py:190} INFO - [2025-03-17T14:39:22.158-0400] {dagbag.py:588} INFO - Filling up the DagBag from /Users/nidhipatel/ApacheAirflow_Tutorial/py_env/lib/python3.12/site-packages/airflow/example_dags/example_task_group.py
[2025-03-17T14:39:22.162-0400] {processor.py:925} INFO - DAG(s) 'example_task_group' retrieved from /Users/nidhipatel/ApacheAirflow_Tutorial/py_env/lib/python3.12/site-packages/airflow/example_dags/example_task_group.py
[2025-03-17T14:39:22.199-0400] {logging_mixin.py:190} INFO - [2025-03-17T14:39:22.199-0400] {dag.py:3239} INFO - Sync 1 DAGs
[2025-03-17T14:39:22.202-0400] {logging_mixin.py:190} INFO - [2025-03-17T14:39:22.202-0400] {dag.py:4180} INFO - Setting next_dagrun for example_task_group to None, run_after=None
[2025-03-17T14:39:22.208-0400] {processor.py:208} INFO - Processing /Users/nidhipatel/ApacheAirflow_Tutorial/py_env/lib/python3.12/site-packages/airflow/example_dags/example_task_group.py took 0.053 seconds
[2025-03-17T14:40:25.931-0400] {processor.py:186} INFO - Started process (PID=32670) to work on /Users/nidhipatel/ApacheAirflow_Tutorial/py_env/lib/python3.12/site-packages/airflow/example_dags/example_task_group.py
[2025-03-17T14:40:25.932-0400] {processor.py:914} INFO - Processing file /Users/nidhipatel/ApacheAirflow_Tutorial/py_env/lib/python3.12/site-packages/airflow/example_dags/example_task_group.py for tasks to queue
[2025-03-17T14:40:25.932-0400] {logging_mixin.py:190} INFO - [2025-03-17T14:40:25.932-0400] {dagbag.py:588} INFO - Filling up the DagBag from /Users/nidhipatel/ApacheAirflow_Tutorial/py_env/lib/python3.12/site-packages/airflow/example_dags/example_task_group.py
[2025-03-17T14:40:25.936-0400] {processor.py:925} INFO - DAG(s) 'example_task_group' retrieved from /Users/nidhipatel/ApacheAirflow_Tutorial/py_env/lib/python3.12/site-packages/airflow/example_dags/example_task_group.py
[2025-03-17T14:40:25.973-0400] {logging_mixin.py:190} INFO - [2025-03-17T14:40:25.973-0400] {dag.py:3239} INFO - Sync 1 DAGs
[2025-03-17T14:40:25.977-0400] {logging_mixin.py:190} INFO - [2025-03-17T14:40:25.977-0400] {dag.py:4180} INFO - Setting next_dagrun for example_task_group to None, run_after=None
[2025-03-17T14:40:25.983-0400] {processor.py:208} INFO - Processing /Users/nidhipatel/ApacheAirflow_Tutorial/py_env/lib/python3.12/site-packages/airflow/example_dags/example_task_group.py took 0.053 seconds
[2025-03-17T14:41:28.454-0400] {processor.py:186} INFO - Started process (PID=32768) to work on /Users/nidhipatel/ApacheAirflow_Tutorial/py_env/lib/python3.12/site-packages/airflow/example_dags/example_task_group.py
[2025-03-17T14:41:28.455-0400] {processor.py:914} INFO - Processing file /Users/nidhipatel/ApacheAirflow_Tutorial/py_env/lib/python3.12/site-packages/airflow/example_dags/example_task_group.py for tasks to queue
[2025-03-17T14:41:28.455-0400] {logging_mixin.py:190} INFO - [2025-03-17T14:41:28.455-0400] {dagbag.py:588} INFO - Filling up the DagBag from /Users/nidhipatel/ApacheAirflow_Tutorial/py_env/lib/python3.12/site-packages/airflow/example_dags/example_task_group.py
[2025-03-17T14:41:28.459-0400] {processor.py:925} INFO - DAG(s) 'example_task_group' retrieved from /Users/nidhipatel/ApacheAirflow_Tutorial/py_env/lib/python3.12/site-packages/airflow/example_dags/example_task_group.py
[2025-03-17T14:41:28.501-0400] {logging_mixin.py:190} INFO - [2025-03-17T14:41:28.501-0400] {dag.py:3239} INFO - Sync 1 DAGs
[2025-03-17T14:41:28.506-0400] {logging_mixin.py:190} INFO - [2025-03-17T14:41:28.506-0400] {dag.py:4180} INFO - Setting next_dagrun for example_task_group to None, run_after=None
[2025-03-17T14:41:28.513-0400] {processor.py:208} INFO - Processing /Users/nidhipatel/ApacheAirflow_Tutorial/py_env/lib/python3.12/site-packages/airflow/example_dags/example_task_group.py took 0.061 seconds
[2025-03-17T14:42:30.849-0400] {processor.py:186} INFO - Started process (PID=32851) to work on /Users/nidhipatel/ApacheAirflow_Tutorial/py_env/lib/python3.12/site-packages/airflow/example_dags/example_task_group.py
[2025-03-17T14:42:30.849-0400] {processor.py:914} INFO - Processing file /Users/nidhipatel/ApacheAirflow_Tutorial/py_env/lib/python3.12/site-packages/airflow/example_dags/example_task_group.py for tasks to queue
[2025-03-17T14:42:30.850-0400] {logging_mixin.py:190} INFO - [2025-03-17T14:42:30.850-0400] {dagbag.py:588} INFO - Filling up the DagBag from /Users/nidhipatel/ApacheAirflow_Tutorial/py_env/lib/python3.12/site-packages/airflow/example_dags/example_task_group.py
[2025-03-17T14:42:30.853-0400] {processor.py:925} INFO - DAG(s) 'example_task_group' retrieved from /Users/nidhipatel/ApacheAirflow_Tutorial/py_env/lib/python3.12/site-packages/airflow/example_dags/example_task_group.py
[2025-03-17T14:42:30.891-0400] {logging_mixin.py:190} INFO - [2025-03-17T14:42:30.891-0400] {dag.py:3239} INFO - Sync 1 DAGs
[2025-03-17T14:42:30.895-0400] {logging_mixin.py:190} INFO - [2025-03-17T14:42:30.895-0400] {dag.py:4180} INFO - Setting next_dagrun for example_task_group to None, run_after=None
[2025-03-17T14:42:30.901-0400] {processor.py:208} INFO - Processing /Users/nidhipatel/ApacheAirflow_Tutorial/py_env/lib/python3.12/site-packages/airflow/example_dags/example_task_group.py took 0.054 seconds
[2025-03-17T14:43:38.768-0400] {processor.py:186} INFO - Started process (PID=32929) to work on /Users/nidhipatel/ApacheAirflow_Tutorial/py_env/lib/python3.12/site-packages/airflow/example_dags/example_task_group.py
[2025-03-17T14:43:38.769-0400] {processor.py:914} INFO - Processing file /Users/nidhipatel/ApacheAirflow_Tutorial/py_env/lib/python3.12/site-packages/airflow/example_dags/example_task_group.py for tasks to queue
[2025-03-17T14:43:38.769-0400] {logging_mixin.py:190} INFO - [2025-03-17T14:43:38.769-0400] {dagbag.py:588} INFO - Filling up the DagBag from /Users/nidhipatel/ApacheAirflow_Tutorial/py_env/lib/python3.12/site-packages/airflow/example_dags/example_task_group.py
[2025-03-17T14:43:38.772-0400] {processor.py:925} INFO - DAG(s) 'example_task_group' retrieved from /Users/nidhipatel/ApacheAirflow_Tutorial/py_env/lib/python3.12/site-packages/airflow/example_dags/example_task_group.py
[2025-03-17T14:43:38.809-0400] {logging_mixin.py:190} INFO - [2025-03-17T14:43:38.809-0400] {dag.py:3239} INFO - Sync 1 DAGs
[2025-03-17T14:43:38.813-0400] {logging_mixin.py:190} INFO - [2025-03-17T14:43:38.813-0400] {dag.py:4180} INFO - Setting next_dagrun for example_task_group to None, run_after=None
[2025-03-17T14:43:38.819-0400] {processor.py:208} INFO - Processing /Users/nidhipatel/ApacheAirflow_Tutorial/py_env/lib/python3.12/site-packages/airflow/example_dags/example_task_group.py took 0.052 seconds
[2025-03-17T14:44:46.556-0400] {processor.py:186} INFO - Started process (PID=33030) to work on /Users/nidhipatel/ApacheAirflow_Tutorial/py_env/lib/python3.12/site-packages/airflow/example_dags/example_task_group.py
[2025-03-17T14:44:46.557-0400] {processor.py:914} INFO - Processing file /Users/nidhipatel/ApacheAirflow_Tutorial/py_env/lib/python3.12/site-packages/airflow/example_dags/example_task_group.py for tasks to queue
[2025-03-17T14:44:46.557-0400] {logging_mixin.py:190} INFO - [2025-03-17T14:44:46.557-0400] {dagbag.py:588} INFO - Filling up the DagBag from /Users/nidhipatel/ApacheAirflow_Tutorial/py_env/lib/python3.12/site-packages/airflow/example_dags/example_task_group.py
[2025-03-17T14:44:46.561-0400] {processor.py:925} INFO - DAG(s) 'example_task_group' retrieved from /Users/nidhipatel/ApacheAirflow_Tutorial/py_env/lib/python3.12/site-packages/airflow/example_dags/example_task_group.py
[2025-03-17T14:44:46.596-0400] {logging_mixin.py:190} INFO - [2025-03-17T14:44:46.596-0400] {dag.py:3239} INFO - Sync 1 DAGs
[2025-03-17T14:44:46.600-0400] {logging_mixin.py:190} INFO - [2025-03-17T14:44:46.600-0400] {dag.py:4180} INFO - Setting next_dagrun for example_task_group to None, run_after=None
[2025-03-17T14:44:46.606-0400] {processor.py:208} INFO - Processing /Users/nidhipatel/ApacheAirflow_Tutorial/py_env/lib/python3.12/site-packages/airflow/example_dags/example_task_group.py took 0.052 seconds
[2025-03-17T14:45:55.809-0400] {processor.py:186} INFO - Started process (PID=33119) to work on /Users/nidhipatel/ApacheAirflow_Tutorial/py_env/lib/python3.12/site-packages/airflow/example_dags/example_task_group.py
[2025-03-17T14:45:55.810-0400] {processor.py:914} INFO - Processing file /Users/nidhipatel/ApacheAirflow_Tutorial/py_env/lib/python3.12/site-packages/airflow/example_dags/example_task_group.py for tasks to queue
[2025-03-17T14:45:55.810-0400] {logging_mixin.py:190} INFO - [2025-03-17T14:45:55.810-0400] {dagbag.py:588} INFO - Filling up the DagBag from /Users/nidhipatel/ApacheAirflow_Tutorial/py_env/lib/python3.12/site-packages/airflow/example_dags/example_task_group.py
[2025-03-17T14:45:55.814-0400] {processor.py:925} INFO - DAG(s) 'example_task_group' retrieved from /Users/nidhipatel/ApacheAirflow_Tutorial/py_env/lib/python3.12/site-packages/airflow/example_dags/example_task_group.py
[2025-03-17T14:45:55.854-0400] {logging_mixin.py:190} INFO - [2025-03-17T14:45:55.854-0400] {dag.py:3239} INFO - Sync 1 DAGs
[2025-03-17T14:45:55.859-0400] {logging_mixin.py:190} INFO - [2025-03-17T14:45:55.859-0400] {dag.py:4180} INFO - Setting next_dagrun for example_task_group to None, run_after=None
[2025-03-17T14:45:55.866-0400] {processor.py:208} INFO - Processing /Users/nidhipatel/ApacheAirflow_Tutorial/py_env/lib/python3.12/site-packages/airflow/example_dags/example_task_group.py took 0.058 seconds
[2025-03-17T14:47:04.259-0400] {processor.py:186} INFO - Started process (PID=33207) to work on /Users/nidhipatel/ApacheAirflow_Tutorial/py_env/lib/python3.12/site-packages/airflow/example_dags/example_task_group.py
[2025-03-17T14:47:04.259-0400] {processor.py:914} INFO - Processing file /Users/nidhipatel/ApacheAirflow_Tutorial/py_env/lib/python3.12/site-packages/airflow/example_dags/example_task_group.py for tasks to queue
[2025-03-17T14:47:04.260-0400] {logging_mixin.py:190} INFO - [2025-03-17T14:47:04.260-0400] {dagbag.py:588} INFO - Filling up the DagBag from /Users/nidhipatel/ApacheAirflow_Tutorial/py_env/lib/python3.12/site-packages/airflow/example_dags/example_task_group.py
[2025-03-17T14:47:04.264-0400] {processor.py:925} INFO - DAG(s) 'example_task_group' retrieved from /Users/nidhipatel/ApacheAirflow_Tutorial/py_env/lib/python3.12/site-packages/airflow/example_dags/example_task_group.py
[2025-03-17T14:47:04.300-0400] {logging_mixin.py:190} INFO - [2025-03-17T14:47:04.300-0400] {dag.py:3239} INFO - Sync 1 DAGs
[2025-03-17T14:47:04.304-0400] {logging_mixin.py:190} INFO - [2025-03-17T14:47:04.304-0400] {dag.py:4180} INFO - Setting next_dagrun for example_task_group to None, run_after=None
[2025-03-17T14:47:04.312-0400] {processor.py:208} INFO - Processing /Users/nidhipatel/ApacheAirflow_Tutorial/py_env/lib/python3.12/site-packages/airflow/example_dags/example_task_group.py took 0.054 seconds
[2025-03-17T14:48:12.289-0400] {processor.py:186} INFO - Started process (PID=33287) to work on /Users/nidhipatel/ApacheAirflow_Tutorial/py_env/lib/python3.12/site-packages/airflow/example_dags/example_task_group.py
[2025-03-17T14:48:12.289-0400] {processor.py:914} INFO - Processing file /Users/nidhipatel/ApacheAirflow_Tutorial/py_env/lib/python3.12/site-packages/airflow/example_dags/example_task_group.py for tasks to queue
[2025-03-17T14:48:12.290-0400] {logging_mixin.py:190} INFO - [2025-03-17T14:48:12.290-0400] {dagbag.py:588} INFO - Filling up the DagBag from /Users/nidhipatel/ApacheAirflow_Tutorial/py_env/lib/python3.12/site-packages/airflow/example_dags/example_task_group.py
[2025-03-17T14:48:12.293-0400] {processor.py:925} INFO - DAG(s) 'example_task_group' retrieved from /Users/nidhipatel/ApacheAirflow_Tutorial/py_env/lib/python3.12/site-packages/airflow/example_dags/example_task_group.py
[2025-03-17T14:48:12.329-0400] {logging_mixin.py:190} INFO - [2025-03-17T14:48:12.329-0400] {dag.py:3239} INFO - Sync 1 DAGs
[2025-03-17T14:48:12.333-0400] {logging_mixin.py:190} INFO - [2025-03-17T14:48:12.333-0400] {dag.py:4180} INFO - Setting next_dagrun for example_task_group to None, run_after=None
[2025-03-17T14:48:12.339-0400] {processor.py:208} INFO - Processing /Users/nidhipatel/ApacheAirflow_Tutorial/py_env/lib/python3.12/site-packages/airflow/example_dags/example_task_group.py took 0.051 seconds
[2025-03-17T14:49:19.089-0400] {processor.py:186} INFO - Started process (PID=33402) to work on /Users/nidhipatel/ApacheAirflow_Tutorial/py_env/lib/python3.12/site-packages/airflow/example_dags/example_task_group.py
[2025-03-17T14:49:19.090-0400] {processor.py:914} INFO - Processing file /Users/nidhipatel/ApacheAirflow_Tutorial/py_env/lib/python3.12/site-packages/airflow/example_dags/example_task_group.py for tasks to queue
[2025-03-17T14:49:19.091-0400] {logging_mixin.py:190} INFO - [2025-03-17T14:49:19.091-0400] {dagbag.py:588} INFO - Filling up the DagBag from /Users/nidhipatel/ApacheAirflow_Tutorial/py_env/lib/python3.12/site-packages/airflow/example_dags/example_task_group.py
[2025-03-17T14:49:19.097-0400] {processor.py:925} INFO - DAG(s) 'example_task_group' retrieved from /Users/nidhipatel/ApacheAirflow_Tutorial/py_env/lib/python3.12/site-packages/airflow/example_dags/example_task_group.py
[2025-03-17T14:49:19.135-0400] {logging_mixin.py:190} INFO - [2025-03-17T14:49:19.135-0400] {dag.py:3239} INFO - Sync 1 DAGs
[2025-03-17T14:49:19.139-0400] {logging_mixin.py:190} INFO - [2025-03-17T14:49:19.139-0400] {dag.py:4180} INFO - Setting next_dagrun for example_task_group to None, run_after=None
[2025-03-17T14:49:19.146-0400] {processor.py:208} INFO - Processing /Users/nidhipatel/ApacheAirflow_Tutorial/py_env/lib/python3.12/site-packages/airflow/example_dags/example_task_group.py took 0.058 seconds
[2025-03-17T14:50:22.391-0400] {processor.py:186} INFO - Started process (PID=33485) to work on /Users/nidhipatel/ApacheAirflow_Tutorial/py_env/lib/python3.12/site-packages/airflow/example_dags/example_task_group.py
[2025-03-17T14:50:22.392-0400] {processor.py:914} INFO - Processing file /Users/nidhipatel/ApacheAirflow_Tutorial/py_env/lib/python3.12/site-packages/airflow/example_dags/example_task_group.py for tasks to queue
[2025-03-17T14:50:22.392-0400] {logging_mixin.py:190} INFO - [2025-03-17T14:50:22.392-0400] {dagbag.py:588} INFO - Filling up the DagBag from /Users/nidhipatel/ApacheAirflow_Tutorial/py_env/lib/python3.12/site-packages/airflow/example_dags/example_task_group.py
[2025-03-17T14:50:22.397-0400] {processor.py:925} INFO - DAG(s) 'example_task_group' retrieved from /Users/nidhipatel/ApacheAirflow_Tutorial/py_env/lib/python3.12/site-packages/airflow/example_dags/example_task_group.py
[2025-03-17T14:50:22.434-0400] {logging_mixin.py:190} INFO - [2025-03-17T14:50:22.434-0400] {dag.py:3239} INFO - Sync 1 DAGs
[2025-03-17T14:50:22.438-0400] {logging_mixin.py:190} INFO - [2025-03-17T14:50:22.438-0400] {dag.py:4180} INFO - Setting next_dagrun for example_task_group to None, run_after=None
[2025-03-17T14:50:22.444-0400] {processor.py:208} INFO - Processing /Users/nidhipatel/ApacheAirflow_Tutorial/py_env/lib/python3.12/site-packages/airflow/example_dags/example_task_group.py took 0.055 seconds
[2025-03-17T14:51:28.602-0400] {processor.py:186} INFO - Started process (PID=33646) to work on /Users/nidhipatel/ApacheAirflow_Tutorial/py_env/lib/python3.12/site-packages/airflow/example_dags/example_task_group.py
[2025-03-17T14:51:28.603-0400] {processor.py:914} INFO - Processing file /Users/nidhipatel/ApacheAirflow_Tutorial/py_env/lib/python3.12/site-packages/airflow/example_dags/example_task_group.py for tasks to queue
[2025-03-17T14:51:28.603-0400] {logging_mixin.py:190} INFO - [2025-03-17T14:51:28.603-0400] {dagbag.py:588} INFO - Filling up the DagBag from /Users/nidhipatel/ApacheAirflow_Tutorial/py_env/lib/python3.12/site-packages/airflow/example_dags/example_task_group.py
[2025-03-17T14:51:28.607-0400] {processor.py:925} INFO - DAG(s) 'example_task_group' retrieved from /Users/nidhipatel/ApacheAirflow_Tutorial/py_env/lib/python3.12/site-packages/airflow/example_dags/example_task_group.py
[2025-03-17T14:51:28.649-0400] {logging_mixin.py:190} INFO - [2025-03-17T14:51:28.649-0400] {dag.py:3239} INFO - Sync 1 DAGs
[2025-03-17T14:51:28.654-0400] {logging_mixin.py:190} INFO - [2025-03-17T14:51:28.654-0400] {dag.py:4180} INFO - Setting next_dagrun for example_task_group to None, run_after=None
[2025-03-17T14:51:28.661-0400] {processor.py:208} INFO - Processing /Users/nidhipatel/ApacheAirflow_Tutorial/py_env/lib/python3.12/site-packages/airflow/example_dags/example_task_group.py took 0.061 seconds
[2025-03-17T14:52:36.258-0400] {processor.py:186} INFO - Started process (PID=33878) to work on /Users/nidhipatel/ApacheAirflow_Tutorial/py_env/lib/python3.12/site-packages/airflow/example_dags/example_task_group.py
[2025-03-17T14:52:36.258-0400] {processor.py:914} INFO - Processing file /Users/nidhipatel/ApacheAirflow_Tutorial/py_env/lib/python3.12/site-packages/airflow/example_dags/example_task_group.py for tasks to queue
[2025-03-17T14:52:36.259-0400] {logging_mixin.py:190} INFO - [2025-03-17T14:52:36.259-0400] {dagbag.py:588} INFO - Filling up the DagBag from /Users/nidhipatel/ApacheAirflow_Tutorial/py_env/lib/python3.12/site-packages/airflow/example_dags/example_task_group.py
[2025-03-17T14:52:36.262-0400] {processor.py:925} INFO - DAG(s) 'example_task_group' retrieved from /Users/nidhipatel/ApacheAirflow_Tutorial/py_env/lib/python3.12/site-packages/airflow/example_dags/example_task_group.py
[2025-03-17T14:52:36.299-0400] {logging_mixin.py:190} INFO - [2025-03-17T14:52:36.299-0400] {dag.py:3239} INFO - Sync 1 DAGs
[2025-03-17T14:52:36.302-0400] {logging_mixin.py:190} INFO - [2025-03-17T14:52:36.302-0400] {dag.py:4180} INFO - Setting next_dagrun for example_task_group to None, run_after=None
[2025-03-17T14:52:36.308-0400] {processor.py:208} INFO - Processing /Users/nidhipatel/ApacheAirflow_Tutorial/py_env/lib/python3.12/site-packages/airflow/example_dags/example_task_group.py took 0.052 seconds
