[2025-03-17T14:33:19.314-0400] {processor.py:186} INFO - Started process (PID=32058) to work on /Users/nidhipatel/ApacheAirflow_Tutorial/py_env/lib/python3.12/site-packages/airflow/example_dags/example_branch_operator.py
[2025-03-17T14:33:19.314-0400] {processor.py:914} INFO - Processing file /Users/nidhipatel/ApacheAirflow_Tutorial/py_env/lib/python3.12/site-packages/airflow/example_dags/example_branch_operator.py for tasks to queue
[2025-03-17T14:33:19.315-0400] {logging_mixin.py:190} INFO - [2025-03-17T14:33:19.315-0400] {dagbag.py:588} INFO - Filling up the DagBag from /Users/nidhipatel/ApacheAirflow_Tutorial/py_env/lib/python3.12/site-packages/airflow/example_dags/example_branch_operator.py
[2025-03-17T14:33:19.329-0400] {processor.py:925} INFO - DAG(s) 'example_branch_operator' retrieved from /Users/nidhipatel/ApacheAirflow_Tutorial/py_env/lib/python3.12/site-packages/airflow/example_dags/example_branch_operator.py
[2025-03-17T14:33:19.400-0400] {logging_mixin.py:190} INFO - [2025-03-17T14:33:19.400-0400] {override.py:1912} INFO - Created Permission View: can read on DAG:example_branch_operator
[2025-03-17T14:33:19.403-0400] {logging_mixin.py:190} INFO - [2025-03-17T14:33:19.403-0400] {override.py:1912} INFO - Created Permission View: can edit on DAG:example_branch_operator
[2025-03-17T14:33:19.406-0400] {logging_mixin.py:190} INFO - [2025-03-17T14:33:19.405-0400] {override.py:1912} INFO - Created Permission View: can delete on DAG:example_branch_operator
[2025-03-17T14:33:19.408-0400] {logging_mixin.py:190} INFO - [2025-03-17T14:33:19.408-0400] {override.py:1912} INFO - Created Permission View: menu access on DAG Run:example_branch_operator
[2025-03-17T14:33:19.410-0400] {logging_mixin.py:190} INFO - [2025-03-17T14:33:19.410-0400] {override.py:1912} INFO - Created Permission View: can read on DAG Run:example_branch_operator
[2025-03-17T14:33:19.412-0400] {logging_mixin.py:190} INFO - [2025-03-17T14:33:19.411-0400] {override.py:1912} INFO - Created Permission View: can create on DAG Run:example_branch_operator
[2025-03-17T14:33:19.413-0400] {logging_mixin.py:190} INFO - [2025-03-17T14:33:19.413-0400] {override.py:1912} INFO - Created Permission View: can delete on DAG Run:example_branch_operator
[2025-03-17T14:33:19.413-0400] {logging_mixin.py:190} INFO - [2025-03-17T14:33:19.413-0400] {dag.py:3239} INFO - Sync 1 DAGs
[2025-03-17T14:33:19.417-0400] {logging_mixin.py:190} INFO - [2025-03-17T14:33:19.417-0400] {dag.py:3262} INFO - Creating ORM DAG for example_branch_operator
[2025-03-17T14:33:19.420-0400] {logging_mixin.py:190} INFO - [2025-03-17T14:33:19.420-0400] {dag.py:4180} INFO - Setting next_dagrun for example_branch_operator to 2025-03-16 00:00:00+00:00, run_after=2025-03-17 00:00:00+00:00
[2025-03-17T14:33:19.428-0400] {processor.py:208} INFO - Processing /Users/nidhipatel/ApacheAirflow_Tutorial/py_env/lib/python3.12/site-packages/airflow/example_dags/example_branch_operator.py took 0.115 seconds
[2025-03-17T14:35:35.278-0400] {processor.py:186} INFO - Started process (PID=32232) to work on /Users/nidhipatel/ApacheAirflow_Tutorial/py_env/lib/python3.12/site-packages/airflow/example_dags/example_branch_operator.py
[2025-03-17T14:35:35.278-0400] {processor.py:914} INFO - Processing file /Users/nidhipatel/ApacheAirflow_Tutorial/py_env/lib/python3.12/site-packages/airflow/example_dags/example_branch_operator.py for tasks to queue
[2025-03-17T14:35:35.279-0400] {logging_mixin.py:190} INFO - [2025-03-17T14:35:35.279-0400] {dagbag.py:588} INFO - Filling up the DagBag from /Users/nidhipatel/ApacheAirflow_Tutorial/py_env/lib/python3.12/site-packages/airflow/example_dags/example_branch_operator.py
[2025-03-17T14:35:35.292-0400] {processor.py:925} INFO - DAG(s) 'example_branch_operator' retrieved from /Users/nidhipatel/ApacheAirflow_Tutorial/py_env/lib/python3.12/site-packages/airflow/example_dags/example_branch_operator.py
[2025-03-17T14:35:35.362-0400] {logging_mixin.py:190} INFO - [2025-03-17T14:35:35.362-0400] {dag.py:3239} INFO - Sync 1 DAGs
[2025-03-17T14:35:35.368-0400] {logging_mixin.py:190} INFO - [2025-03-17T14:35:35.368-0400] {dag.py:4180} INFO - Setting next_dagrun for example_branch_operator to 2025-03-16 00:00:00+00:00, run_after=2025-03-17 00:00:00+00:00
[2025-03-17T14:35:35.376-0400] {processor.py:208} INFO - Processing /Users/nidhipatel/ApacheAirflow_Tutorial/py_env/lib/python3.12/site-packages/airflow/example_dags/example_branch_operator.py took 0.100 seconds
[2025-03-17T14:37:44.032-0400] {processor.py:186} INFO - Started process (PID=32398) to work on /Users/nidhipatel/ApacheAirflow_Tutorial/py_env/lib/python3.12/site-packages/airflow/example_dags/example_branch_operator.py
[2025-03-17T14:37:44.033-0400] {processor.py:914} INFO - Processing file /Users/nidhipatel/ApacheAirflow_Tutorial/py_env/lib/python3.12/site-packages/airflow/example_dags/example_branch_operator.py for tasks to queue
[2025-03-17T14:37:44.033-0400] {logging_mixin.py:190} INFO - [2025-03-17T14:37:44.033-0400] {dagbag.py:588} INFO - Filling up the DagBag from /Users/nidhipatel/ApacheAirflow_Tutorial/py_env/lib/python3.12/site-packages/airflow/example_dags/example_branch_operator.py
[2025-03-17T14:37:44.047-0400] {processor.py:925} INFO - DAG(s) 'example_branch_operator' retrieved from /Users/nidhipatel/ApacheAirflow_Tutorial/py_env/lib/python3.12/site-packages/airflow/example_dags/example_branch_operator.py
[2025-03-17T14:37:44.117-0400] {logging_mixin.py:190} INFO - [2025-03-17T14:37:44.116-0400] {dag.py:3239} INFO - Sync 1 DAGs
[2025-03-17T14:37:44.123-0400] {logging_mixin.py:190} INFO - [2025-03-17T14:37:44.123-0400] {dag.py:4180} INFO - Setting next_dagrun for example_branch_operator to 2025-03-16 00:00:00+00:00, run_after=2025-03-17 00:00:00+00:00
[2025-03-17T14:37:44.130-0400] {processor.py:208} INFO - Processing /Users/nidhipatel/ApacheAirflow_Tutorial/py_env/lib/python3.12/site-packages/airflow/example_dags/example_branch_operator.py took 0.099 seconds
[2025-03-17T14:39:46.761-0400] {processor.py:186} INFO - Started process (PID=32617) to work on /Users/nidhipatel/ApacheAirflow_Tutorial/py_env/lib/python3.12/site-packages/airflow/example_dags/example_branch_operator.py
[2025-03-17T14:39:46.762-0400] {processor.py:914} INFO - Processing file /Users/nidhipatel/ApacheAirflow_Tutorial/py_env/lib/python3.12/site-packages/airflow/example_dags/example_branch_operator.py for tasks to queue
[2025-03-17T14:39:46.762-0400] {logging_mixin.py:190} INFO - [2025-03-17T14:39:46.762-0400] {dagbag.py:588} INFO - Filling up the DagBag from /Users/nidhipatel/ApacheAirflow_Tutorial/py_env/lib/python3.12/site-packages/airflow/example_dags/example_branch_operator.py
[2025-03-17T14:39:46.777-0400] {processor.py:925} INFO - DAG(s) 'example_branch_operator' retrieved from /Users/nidhipatel/ApacheAirflow_Tutorial/py_env/lib/python3.12/site-packages/airflow/example_dags/example_branch_operator.py
[2025-03-17T14:39:46.871-0400] {logging_mixin.py:190} INFO - [2025-03-17T14:39:46.871-0400] {dag.py:3239} INFO - Sync 1 DAGs
[2025-03-17T14:39:46.880-0400] {logging_mixin.py:190} INFO - [2025-03-17T14:39:46.880-0400] {dag.py:4180} INFO - Setting next_dagrun for example_branch_operator to 2025-03-16 00:00:00+00:00, run_after=2025-03-17 00:00:00+00:00
[2025-03-17T14:39:46.889-0400] {processor.py:208} INFO - Processing /Users/nidhipatel/ApacheAirflow_Tutorial/py_env/lib/python3.12/site-packages/airflow/example_dags/example_branch_operator.py took 0.130 seconds
[2025-03-17T14:41:53.072-0400] {processor.py:186} INFO - Started process (PID=32800) to work on /Users/nidhipatel/ApacheAirflow_Tutorial/py_env/lib/python3.12/site-packages/airflow/example_dags/example_branch_operator.py
[2025-03-17T14:41:53.073-0400] {processor.py:914} INFO - Processing file /Users/nidhipatel/ApacheAirflow_Tutorial/py_env/lib/python3.12/site-packages/airflow/example_dags/example_branch_operator.py for tasks to queue
[2025-03-17T14:41:53.073-0400] {logging_mixin.py:190} INFO - [2025-03-17T14:41:53.073-0400] {dagbag.py:588} INFO - Filling up the DagBag from /Users/nidhipatel/ApacheAirflow_Tutorial/py_env/lib/python3.12/site-packages/airflow/example_dags/example_branch_operator.py
[2025-03-17T14:41:53.086-0400] {processor.py:925} INFO - DAG(s) 'example_branch_operator' retrieved from /Users/nidhipatel/ApacheAirflow_Tutorial/py_env/lib/python3.12/site-packages/airflow/example_dags/example_branch_operator.py
[2025-03-17T14:41:53.156-0400] {logging_mixin.py:190} INFO - [2025-03-17T14:41:53.156-0400] {dag.py:3239} INFO - Sync 1 DAGs
[2025-03-17T14:41:53.162-0400] {logging_mixin.py:190} INFO - [2025-03-17T14:41:53.162-0400] {dag.py:4180} INFO - Setting next_dagrun for example_branch_operator to 2025-03-16 00:00:00+00:00, run_after=2025-03-17 00:00:00+00:00
[2025-03-17T14:41:53.170-0400] {processor.py:208} INFO - Processing /Users/nidhipatel/ApacheAirflow_Tutorial/py_env/lib/python3.12/site-packages/airflow/example_dags/example_branch_operator.py took 0.099 seconds
[2025-03-17T14:44:04.089-0400] {processor.py:186} INFO - Started process (PID=32963) to work on /Users/nidhipatel/ApacheAirflow_Tutorial/py_env/lib/python3.12/site-packages/airflow/example_dags/example_branch_operator.py
[2025-03-17T14:44:04.090-0400] {processor.py:914} INFO - Processing file /Users/nidhipatel/ApacheAirflow_Tutorial/py_env/lib/python3.12/site-packages/airflow/example_dags/example_branch_operator.py for tasks to queue
[2025-03-17T14:44:04.090-0400] {logging_mixin.py:190} INFO - [2025-03-17T14:44:04.090-0400] {dagbag.py:588} INFO - Filling up the DagBag from /Users/nidhipatel/ApacheAirflow_Tutorial/py_env/lib/python3.12/site-packages/airflow/example_dags/example_branch_operator.py
[2025-03-17T14:44:04.104-0400] {processor.py:925} INFO - DAG(s) 'example_branch_operator' retrieved from /Users/nidhipatel/ApacheAirflow_Tutorial/py_env/lib/python3.12/site-packages/airflow/example_dags/example_branch_operator.py
[2025-03-17T14:44:04.176-0400] {logging_mixin.py:190} INFO - [2025-03-17T14:44:04.176-0400] {dag.py:3239} INFO - Sync 1 DAGs
[2025-03-17T14:44:04.182-0400] {logging_mixin.py:190} INFO - [2025-03-17T14:44:04.182-0400] {dag.py:4180} INFO - Setting next_dagrun for example_branch_operator to 2025-03-16 00:00:00+00:00, run_after=2025-03-17 00:00:00+00:00
[2025-03-17T14:44:04.190-0400] {processor.py:208} INFO - Processing /Users/nidhipatel/ApacheAirflow_Tutorial/py_env/lib/python3.12/site-packages/airflow/example_dags/example_branch_operator.py took 0.102 seconds
[2025-03-17T14:46:21.976-0400] {processor.py:186} INFO - Started process (PID=33151) to work on /Users/nidhipatel/ApacheAirflow_Tutorial/py_env/lib/python3.12/site-packages/airflow/example_dags/example_branch_operator.py
[2025-03-17T14:46:21.976-0400] {processor.py:914} INFO - Processing file /Users/nidhipatel/ApacheAirflow_Tutorial/py_env/lib/python3.12/site-packages/airflow/example_dags/example_branch_operator.py for tasks to queue
[2025-03-17T14:46:21.977-0400] {logging_mixin.py:190} INFO - [2025-03-17T14:46:21.977-0400] {dagbag.py:588} INFO - Filling up the DagBag from /Users/nidhipatel/ApacheAirflow_Tutorial/py_env/lib/python3.12/site-packages/airflow/example_dags/example_branch_operator.py
[2025-03-17T14:46:21.990-0400] {processor.py:925} INFO - DAG(s) 'example_branch_operator' retrieved from /Users/nidhipatel/ApacheAirflow_Tutorial/py_env/lib/python3.12/site-packages/airflow/example_dags/example_branch_operator.py
[2025-03-17T14:46:22.059-0400] {logging_mixin.py:190} INFO - [2025-03-17T14:46:22.059-0400] {dag.py:3239} INFO - Sync 1 DAGs
[2025-03-17T14:46:22.066-0400] {logging_mixin.py:190} INFO - [2025-03-17T14:46:22.066-0400] {dag.py:4180} INFO - Setting next_dagrun for example_branch_operator to 2025-03-16 00:00:00+00:00, run_after=2025-03-17 00:00:00+00:00
[2025-03-17T14:46:22.074-0400] {processor.py:208} INFO - Processing /Users/nidhipatel/ApacheAirflow_Tutorial/py_env/lib/python3.12/site-packages/airflow/example_dags/example_branch_operator.py took 0.100 seconds
[2025-03-17T14:48:40.586-0400] {processor.py:186} INFO - Started process (PID=33326) to work on /Users/nidhipatel/ApacheAirflow_Tutorial/py_env/lib/python3.12/site-packages/airflow/example_dags/example_branch_operator.py
[2025-03-17T14:48:40.587-0400] {processor.py:914} INFO - Processing file /Users/nidhipatel/ApacheAirflow_Tutorial/py_env/lib/python3.12/site-packages/airflow/example_dags/example_branch_operator.py for tasks to queue
[2025-03-17T14:48:40.587-0400] {logging_mixin.py:190} INFO - [2025-03-17T14:48:40.587-0400] {dagbag.py:588} INFO - Filling up the DagBag from /Users/nidhipatel/ApacheAirflow_Tutorial/py_env/lib/python3.12/site-packages/airflow/example_dags/example_branch_operator.py
[2025-03-17T14:48:40.600-0400] {processor.py:925} INFO - DAG(s) 'example_branch_operator' retrieved from /Users/nidhipatel/ApacheAirflow_Tutorial/py_env/lib/python3.12/site-packages/airflow/example_dags/example_branch_operator.py
[2025-03-17T14:48:40.667-0400] {logging_mixin.py:190} INFO - [2025-03-17T14:48:40.667-0400] {dag.py:3239} INFO - Sync 1 DAGs
[2025-03-17T14:48:40.673-0400] {logging_mixin.py:190} INFO - [2025-03-17T14:48:40.673-0400] {dag.py:4180} INFO - Setting next_dagrun for example_branch_operator to 2025-03-16 00:00:00+00:00, run_after=2025-03-17 00:00:00+00:00
[2025-03-17T14:48:40.680-0400] {processor.py:208} INFO - Processing /Users/nidhipatel/ApacheAirflow_Tutorial/py_env/lib/python3.12/site-packages/airflow/example_dags/example_branch_operator.py took 0.096 seconds
[2025-03-17T14:50:49.132-0400] {processor.py:186} INFO - Started process (PID=33550) to work on /Users/nidhipatel/ApacheAirflow_Tutorial/py_env/lib/python3.12/site-packages/airflow/example_dags/example_branch_operator.py
[2025-03-17T14:50:49.133-0400] {processor.py:914} INFO - Processing file /Users/nidhipatel/ApacheAirflow_Tutorial/py_env/lib/python3.12/site-packages/airflow/example_dags/example_branch_operator.py for tasks to queue
[2025-03-17T14:50:49.133-0400] {logging_mixin.py:190} INFO - [2025-03-17T14:50:49.133-0400] {dagbag.py:588} INFO - Filling up the DagBag from /Users/nidhipatel/ApacheAirflow_Tutorial/py_env/lib/python3.12/site-packages/airflow/example_dags/example_branch_operator.py
[2025-03-17T14:50:49.147-0400] {processor.py:925} INFO - DAG(s) 'example_branch_operator' retrieved from /Users/nidhipatel/ApacheAirflow_Tutorial/py_env/lib/python3.12/site-packages/airflow/example_dags/example_branch_operator.py
[2025-03-17T14:50:49.216-0400] {logging_mixin.py:190} INFO - [2025-03-17T14:50:49.216-0400] {dag.py:3239} INFO - Sync 1 DAGs
[2025-03-17T14:50:49.224-0400] {logging_mixin.py:190} INFO - [2025-03-17T14:50:49.224-0400] {dag.py:4180} INFO - Setting next_dagrun for example_branch_operator to 2025-03-16 00:00:00+00:00, run_after=2025-03-17 00:00:00+00:00
[2025-03-17T14:50:49.231-0400] {processor.py:208} INFO - Processing /Users/nidhipatel/ApacheAirflow_Tutorial/py_env/lib/python3.12/site-packages/airflow/example_dags/example_branch_operator.py took 0.100 seconds
[2025-03-17T14:53:04.478-0400] {processor.py:186} INFO - Started process (PID=33961) to work on /Users/nidhipatel/ApacheAirflow_Tutorial/py_env/lib/python3.12/site-packages/airflow/example_dags/example_branch_operator.py
[2025-03-17T14:53:04.478-0400] {processor.py:914} INFO - Processing file /Users/nidhipatel/ApacheAirflow_Tutorial/py_env/lib/python3.12/site-packages/airflow/example_dags/example_branch_operator.py for tasks to queue
[2025-03-17T14:53:04.479-0400] {logging_mixin.py:190} INFO - [2025-03-17T14:53:04.479-0400] {dagbag.py:588} INFO - Filling up the DagBag from /Users/nidhipatel/ApacheAirflow_Tutorial/py_env/lib/python3.12/site-packages/airflow/example_dags/example_branch_operator.py
[2025-03-17T14:53:04.496-0400] {processor.py:925} INFO - DAG(s) 'example_branch_operator' retrieved from /Users/nidhipatel/ApacheAirflow_Tutorial/py_env/lib/python3.12/site-packages/airflow/example_dags/example_branch_operator.py
[2025-03-17T14:53:04.579-0400] {logging_mixin.py:190} INFO - [2025-03-17T14:53:04.579-0400] {dag.py:3239} INFO - Sync 1 DAGs
[2025-03-17T14:53:04.587-0400] {logging_mixin.py:190} INFO - [2025-03-17T14:53:04.587-0400] {dag.py:4180} INFO - Setting next_dagrun for example_branch_operator to 2025-03-16 00:00:00+00:00, run_after=2025-03-17 00:00:00+00:00
[2025-03-17T14:53:04.597-0400] {processor.py:208} INFO - Processing /Users/nidhipatel/ApacheAirflow_Tutorial/py_env/lib/python3.12/site-packages/airflow/example_dags/example_branch_operator.py took 0.121 seconds
