[2025-03-17T14:32:55.672-0400] {processor.py:186} INFO - Started process (PID=32006) to work on /Users/nidhipatel/ApacheAirflow_Tutorial/py_env/lib/python3.12/site-packages/airflow/example_dags/example_latest_only.py
[2025-03-17T14:32:55.675-0400] {processor.py:914} INFO - Processing file /Users/nidhipatel/ApacheAirflow_Tutorial/py_env/lib/python3.12/site-packages/airflow/example_dags/example_latest_only.py for tasks to queue
[2025-03-17T14:32:55.675-0400] {logging_mixin.py:190} INFO - [2025-03-17T14:32:55.675-0400] {dagbag.py:588} INFO - Filling up the DagBag from /Users/nidhipatel/ApacheAirflow_Tutorial/py_env/lib/python3.12/site-packages/airflow/example_dags/example_latest_only.py
[2025-03-17T14:32:55.678-0400] {processor.py:925} INFO - DAG(s) 'latest_only' retrieved from /Users/nidhipatel/ApacheAirflow_Tutorial/py_env/lib/python3.12/site-packages/airflow/example_dags/example_latest_only.py
[2025-03-17T14:32:55.755-0400] {logging_mixin.py:190} INFO - [2025-03-17T14:32:55.755-0400] {override.py:1912} INFO - Created Permission View: can read on DAG:latest_only
[2025-03-17T14:32:55.759-0400] {logging_mixin.py:190} INFO - [2025-03-17T14:32:55.759-0400] {override.py:1912} INFO - Created Permission View: can edit on DAG:latest_only
[2025-03-17T14:32:55.761-0400] {logging_mixin.py:190} INFO - [2025-03-17T14:32:55.761-0400] {override.py:1912} INFO - Created Permission View: can delete on DAG:latest_only
[2025-03-17T14:32:55.763-0400] {logging_mixin.py:190} INFO - [2025-03-17T14:32:55.763-0400] {override.py:1912} INFO - Created Permission View: can read on DAG Run:latest_only
[2025-03-17T14:32:55.765-0400] {logging_mixin.py:190} INFO - [2025-03-17T14:32:55.765-0400] {override.py:1912} INFO - Created Permission View: can delete on DAG Run:latest_only
[2025-03-17T14:32:55.767-0400] {logging_mixin.py:190} INFO - [2025-03-17T14:32:55.767-0400] {override.py:1912} INFO - Created Permission View: menu access on DAG Run:latest_only
[2025-03-17T14:32:55.769-0400] {logging_mixin.py:190} INFO - [2025-03-17T14:32:55.769-0400] {override.py:1912} INFO - Created Permission View: can create on DAG Run:latest_only
[2025-03-17T14:32:55.769-0400] {logging_mixin.py:190} INFO - [2025-03-17T14:32:55.769-0400] {dag.py:3239} INFO - Sync 1 DAGs
[2025-03-17T14:32:55.774-0400] {logging_mixin.py:190} INFO - [2025-03-17T14:32:55.774-0400] {dag.py:3262} INFO - Creating ORM DAG for latest_only
[2025-03-17T14:32:55.776-0400] {logging_mixin.py:190} INFO - [2025-03-17T14:32:55.776-0400] {dag.py:4180} INFO - Setting next_dagrun for latest_only to 2025-03-17 12:00:00+00:00, run_after=2025-03-17 16:00:00+00:00
[2025-03-17T14:32:55.782-0400] {processor.py:208} INFO - Processing /Users/nidhipatel/ApacheAirflow_Tutorial/py_env/lib/python3.12/site-packages/airflow/example_dags/example_latest_only.py took 0.112 seconds
[2025-03-17T14:34:33.464-0400] {processor.py:186} INFO - Started process (PID=32159) to work on /Users/nidhipatel/ApacheAirflow_Tutorial/py_env/lib/python3.12/site-packages/airflow/example_dags/example_latest_only.py
[2025-03-17T14:34:33.464-0400] {processor.py:914} INFO - Processing file /Users/nidhipatel/ApacheAirflow_Tutorial/py_env/lib/python3.12/site-packages/airflow/example_dags/example_latest_only.py for tasks to queue
[2025-03-17T14:34:33.465-0400] {logging_mixin.py:190} INFO - [2025-03-17T14:34:33.465-0400] {dagbag.py:588} INFO - Filling up the DagBag from /Users/nidhipatel/ApacheAirflow_Tutorial/py_env/lib/python3.12/site-packages/airflow/example_dags/example_latest_only.py
[2025-03-17T14:34:33.468-0400] {processor.py:925} INFO - DAG(s) 'latest_only' retrieved from /Users/nidhipatel/ApacheAirflow_Tutorial/py_env/lib/python3.12/site-packages/airflow/example_dags/example_latest_only.py
[2025-03-17T14:34:33.502-0400] {logging_mixin.py:190} INFO - [2025-03-17T14:34:33.502-0400] {dag.py:3239} INFO - Sync 1 DAGs
[2025-03-17T14:34:33.508-0400] {logging_mixin.py:190} INFO - [2025-03-17T14:34:33.508-0400] {dag.py:4180} INFO - Setting next_dagrun for latest_only to 2025-03-17 12:00:00+00:00, run_after=2025-03-17 16:00:00+00:00
[2025-03-17T14:34:33.514-0400] {processor.py:208} INFO - Processing /Users/nidhipatel/ApacheAirflow_Tutorial/py_env/lib/python3.12/site-packages/airflow/example_dags/example_latest_only.py took 0.052 seconds
[2025-03-17T14:36:45.846-0400] {processor.py:186} INFO - Started process (PID=32322) to work on /Users/nidhipatel/ApacheAirflow_Tutorial/py_env/lib/python3.12/site-packages/airflow/example_dags/example_latest_only.py
[2025-03-17T14:36:45.846-0400] {processor.py:914} INFO - Processing file /Users/nidhipatel/ApacheAirflow_Tutorial/py_env/lib/python3.12/site-packages/airflow/example_dags/example_latest_only.py for tasks to queue
[2025-03-17T14:36:45.846-0400] {logging_mixin.py:190} INFO - [2025-03-17T14:36:45.846-0400] {dagbag.py:588} INFO - Filling up the DagBag from /Users/nidhipatel/ApacheAirflow_Tutorial/py_env/lib/python3.12/site-packages/airflow/example_dags/example_latest_only.py
[2025-03-17T14:36:45.849-0400] {processor.py:925} INFO - DAG(s) 'latest_only' retrieved from /Users/nidhipatel/ApacheAirflow_Tutorial/py_env/lib/python3.12/site-packages/airflow/example_dags/example_latest_only.py
[2025-03-17T14:36:45.884-0400] {logging_mixin.py:190} INFO - [2025-03-17T14:36:45.884-0400] {dag.py:3239} INFO - Sync 1 DAGs
[2025-03-17T14:36:45.891-0400] {logging_mixin.py:190} INFO - [2025-03-17T14:36:45.891-0400] {dag.py:4180} INFO - Setting next_dagrun for latest_only to 2025-03-17 12:00:00+00:00, run_after=2025-03-17 16:00:00+00:00
[2025-03-17T14:36:45.897-0400] {processor.py:208} INFO - Processing /Users/nidhipatel/ApacheAirflow_Tutorial/py_env/lib/python3.12/site-packages/airflow/example_dags/example_latest_only.py took 0.053 seconds
[2025-03-17T14:38:47.802-0400] {processor.py:186} INFO - Started process (PID=32508) to work on /Users/nidhipatel/ApacheAirflow_Tutorial/py_env/lib/python3.12/site-packages/airflow/example_dags/example_latest_only.py
[2025-03-17T14:38:47.802-0400] {processor.py:914} INFO - Processing file /Users/nidhipatel/ApacheAirflow_Tutorial/py_env/lib/python3.12/site-packages/airflow/example_dags/example_latest_only.py for tasks to queue
[2025-03-17T14:38:47.803-0400] {logging_mixin.py:190} INFO - [2025-03-17T14:38:47.803-0400] {dagbag.py:588} INFO - Filling up the DagBag from /Users/nidhipatel/ApacheAirflow_Tutorial/py_env/lib/python3.12/site-packages/airflow/example_dags/example_latest_only.py
[2025-03-17T14:38:47.806-0400] {processor.py:925} INFO - DAG(s) 'latest_only' retrieved from /Users/nidhipatel/ApacheAirflow_Tutorial/py_env/lib/python3.12/site-packages/airflow/example_dags/example_latest_only.py
[2025-03-17T14:38:47.845-0400] {logging_mixin.py:190} INFO - [2025-03-17T14:38:47.844-0400] {dag.py:3239} INFO - Sync 1 DAGs
[2025-03-17T14:38:47.851-0400] {logging_mixin.py:190} INFO - [2025-03-17T14:38:47.851-0400] {dag.py:4180} INFO - Setting next_dagrun for latest_only to 2025-03-17 12:00:00+00:00, run_after=2025-03-17 16:00:00+00:00
[2025-03-17T14:38:47.859-0400] {processor.py:208} INFO - Processing /Users/nidhipatel/ApacheAirflow_Tutorial/py_env/lib/python3.12/site-packages/airflow/example_dags/example_latest_only.py took 0.059 seconds
[2025-03-17T14:40:54.133-0400] {processor.py:186} INFO - Started process (PID=32706) to work on /Users/nidhipatel/ApacheAirflow_Tutorial/py_env/lib/python3.12/site-packages/airflow/example_dags/example_latest_only.py
[2025-03-17T14:40:54.134-0400] {processor.py:914} INFO - Processing file /Users/nidhipatel/ApacheAirflow_Tutorial/py_env/lib/python3.12/site-packages/airflow/example_dags/example_latest_only.py for tasks to queue
[2025-03-17T14:40:54.134-0400] {logging_mixin.py:190} INFO - [2025-03-17T14:40:54.134-0400] {dagbag.py:588} INFO - Filling up the DagBag from /Users/nidhipatel/ApacheAirflow_Tutorial/py_env/lib/python3.12/site-packages/airflow/example_dags/example_latest_only.py
[2025-03-17T14:40:54.137-0400] {processor.py:925} INFO - DAG(s) 'latest_only' retrieved from /Users/nidhipatel/ApacheAirflow_Tutorial/py_env/lib/python3.12/site-packages/airflow/example_dags/example_latest_only.py
[2025-03-17T14:40:54.171-0400] {logging_mixin.py:190} INFO - [2025-03-17T14:40:54.171-0400] {dag.py:3239} INFO - Sync 1 DAGs
[2025-03-17T14:40:54.178-0400] {logging_mixin.py:190} INFO - [2025-03-17T14:40:54.178-0400] {dag.py:4180} INFO - Setting next_dagrun for latest_only to 2025-03-17 12:00:00+00:00, run_after=2025-03-17 16:00:00+00:00
[2025-03-17T14:40:54.186-0400] {processor.py:208} INFO - Processing /Users/nidhipatel/ApacheAirflow_Tutorial/py_env/lib/python3.12/site-packages/airflow/example_dags/example_latest_only.py took 0.054 seconds
[2025-03-17T14:43:02.010-0400] {processor.py:186} INFO - Started process (PID=32887) to work on /Users/nidhipatel/ApacheAirflow_Tutorial/py_env/lib/python3.12/site-packages/airflow/example_dags/example_latest_only.py
[2025-03-17T14:43:02.011-0400] {processor.py:914} INFO - Processing file /Users/nidhipatel/ApacheAirflow_Tutorial/py_env/lib/python3.12/site-packages/airflow/example_dags/example_latest_only.py for tasks to queue
[2025-03-17T14:43:02.011-0400] {logging_mixin.py:190} INFO - [2025-03-17T14:43:02.011-0400] {dagbag.py:588} INFO - Filling up the DagBag from /Users/nidhipatel/ApacheAirflow_Tutorial/py_env/lib/python3.12/site-packages/airflow/example_dags/example_latest_only.py
[2025-03-17T14:43:02.014-0400] {processor.py:925} INFO - DAG(s) 'latest_only' retrieved from /Users/nidhipatel/ApacheAirflow_Tutorial/py_env/lib/python3.12/site-packages/airflow/example_dags/example_latest_only.py
[2025-03-17T14:43:02.048-0400] {logging_mixin.py:190} INFO - [2025-03-17T14:43:02.048-0400] {dag.py:3239} INFO - Sync 1 DAGs
[2025-03-17T14:43:02.055-0400] {logging_mixin.py:190} INFO - [2025-03-17T14:43:02.055-0400] {dag.py:4180} INFO - Setting next_dagrun for latest_only to 2025-03-17 12:00:00+00:00, run_after=2025-03-17 16:00:00+00:00
[2025-03-17T14:43:02.063-0400] {processor.py:208} INFO - Processing /Users/nidhipatel/ApacheAirflow_Tutorial/py_env/lib/python3.12/site-packages/airflow/example_dags/example_latest_only.py took 0.054 seconds
[2025-03-17T14:45:18.227-0400] {processor.py:186} INFO - Started process (PID=33069) to work on /Users/nidhipatel/ApacheAirflow_Tutorial/py_env/lib/python3.12/site-packages/airflow/example_dags/example_latest_only.py
[2025-03-17T14:45:18.228-0400] {processor.py:914} INFO - Processing file /Users/nidhipatel/ApacheAirflow_Tutorial/py_env/lib/python3.12/site-packages/airflow/example_dags/example_latest_only.py for tasks to queue
[2025-03-17T14:45:18.228-0400] {logging_mixin.py:190} INFO - [2025-03-17T14:45:18.228-0400] {dagbag.py:588} INFO - Filling up the DagBag from /Users/nidhipatel/ApacheAirflow_Tutorial/py_env/lib/python3.12/site-packages/airflow/example_dags/example_latest_only.py
[2025-03-17T14:45:18.231-0400] {processor.py:925} INFO - DAG(s) 'latest_only' retrieved from /Users/nidhipatel/ApacheAirflow_Tutorial/py_env/lib/python3.12/site-packages/airflow/example_dags/example_latest_only.py
[2025-03-17T14:45:18.269-0400] {logging_mixin.py:190} INFO - [2025-03-17T14:45:18.269-0400] {dag.py:3239} INFO - Sync 1 DAGs
[2025-03-17T14:45:18.277-0400] {logging_mixin.py:190} INFO - [2025-03-17T14:45:18.277-0400] {dag.py:4180} INFO - Setting next_dagrun for latest_only to 2025-03-17 12:00:00+00:00, run_after=2025-03-17 16:00:00+00:00
[2025-03-17T14:45:18.284-0400] {processor.py:208} INFO - Processing /Users/nidhipatel/ApacheAirflow_Tutorial/py_env/lib/python3.12/site-packages/airflow/example_dags/example_latest_only.py took 0.058 seconds
[2025-03-17T14:47:37.354-0400] {processor.py:186} INFO - Started process (PID=33245) to work on /Users/nidhipatel/ApacheAirflow_Tutorial/py_env/lib/python3.12/site-packages/airflow/example_dags/example_latest_only.py
[2025-03-17T14:47:37.354-0400] {processor.py:914} INFO - Processing file /Users/nidhipatel/ApacheAirflow_Tutorial/py_env/lib/python3.12/site-packages/airflow/example_dags/example_latest_only.py for tasks to queue
[2025-03-17T14:47:37.355-0400] {logging_mixin.py:190} INFO - [2025-03-17T14:47:37.355-0400] {dagbag.py:588} INFO - Filling up the DagBag from /Users/nidhipatel/ApacheAirflow_Tutorial/py_env/lib/python3.12/site-packages/airflow/example_dags/example_latest_only.py
[2025-03-17T14:47:37.358-0400] {processor.py:925} INFO - DAG(s) 'latest_only' retrieved from /Users/nidhipatel/ApacheAirflow_Tutorial/py_env/lib/python3.12/site-packages/airflow/example_dags/example_latest_only.py
[2025-03-17T14:47:37.391-0400] {logging_mixin.py:190} INFO - [2025-03-17T14:47:37.391-0400] {dag.py:3239} INFO - Sync 1 DAGs
[2025-03-17T14:47:37.397-0400] {logging_mixin.py:190} INFO - [2025-03-17T14:47:37.397-0400] {dag.py:4180} INFO - Setting next_dagrun for latest_only to 2025-03-17 12:00:00+00:00, run_after=2025-03-17 16:00:00+00:00
[2025-03-17T14:47:37.404-0400] {processor.py:208} INFO - Processing /Users/nidhipatel/ApacheAirflow_Tutorial/py_env/lib/python3.12/site-packages/airflow/example_dags/example_latest_only.py took 0.051 seconds
[2025-03-17T14:49:48.948-0400] {processor.py:186} INFO - Started process (PID=33441) to work on /Users/nidhipatel/ApacheAirflow_Tutorial/py_env/lib/python3.12/site-packages/airflow/example_dags/example_latest_only.py
[2025-03-17T14:49:48.948-0400] {processor.py:914} INFO - Processing file /Users/nidhipatel/ApacheAirflow_Tutorial/py_env/lib/python3.12/site-packages/airflow/example_dags/example_latest_only.py for tasks to queue
[2025-03-17T14:49:48.949-0400] {logging_mixin.py:190} INFO - [2025-03-17T14:49:48.948-0400] {dagbag.py:588} INFO - Filling up the DagBag from /Users/nidhipatel/ApacheAirflow_Tutorial/py_env/lib/python3.12/site-packages/airflow/example_dags/example_latest_only.py
[2025-03-17T14:49:48.951-0400] {processor.py:925} INFO - DAG(s) 'latest_only' retrieved from /Users/nidhipatel/ApacheAirflow_Tutorial/py_env/lib/python3.12/site-packages/airflow/example_dags/example_latest_only.py
[2025-03-17T14:49:48.986-0400] {logging_mixin.py:190} INFO - [2025-03-17T14:49:48.986-0400] {dag.py:3239} INFO - Sync 1 DAGs
[2025-03-17T14:49:48.992-0400] {logging_mixin.py:190} INFO - [2025-03-17T14:49:48.992-0400] {dag.py:4180} INFO - Setting next_dagrun for latest_only to 2025-03-17 12:00:00+00:00, run_after=2025-03-17 16:00:00+00:00
[2025-03-17T14:49:48.999-0400] {processor.py:208} INFO - Processing /Users/nidhipatel/ApacheAirflow_Tutorial/py_env/lib/python3.12/site-packages/airflow/example_dags/example_latest_only.py took 0.053 seconds
[2025-03-17T14:51:59.728-0400] {processor.py:186} INFO - Started process (PID=33730) to work on /Users/nidhipatel/ApacheAirflow_Tutorial/py_env/lib/python3.12/site-packages/airflow/example_dags/example_latest_only.py
[2025-03-17T14:51:59.731-0400] {processor.py:914} INFO - Processing file /Users/nidhipatel/ApacheAirflow_Tutorial/py_env/lib/python3.12/site-packages/airflow/example_dags/example_latest_only.py for tasks to queue
[2025-03-17T14:51:59.733-0400] {logging_mixin.py:190} INFO - [2025-03-17T14:51:59.733-0400] {dagbag.py:588} INFO - Filling up the DagBag from /Users/nidhipatel/ApacheAirflow_Tutorial/py_env/lib/python3.12/site-packages/airflow/example_dags/example_latest_only.py
[2025-03-17T14:51:59.736-0400] {processor.py:925} INFO - DAG(s) 'latest_only' retrieved from /Users/nidhipatel/ApacheAirflow_Tutorial/py_env/lib/python3.12/site-packages/airflow/example_dags/example_latest_only.py
[2025-03-17T14:51:59.791-0400] {logging_mixin.py:190} INFO - [2025-03-17T14:51:59.791-0400] {dag.py:3239} INFO - Sync 1 DAGs
[2025-03-17T14:51:59.804-0400] {logging_mixin.py:190} INFO - [2025-03-17T14:51:59.804-0400] {dag.py:4180} INFO - Setting next_dagrun for latest_only to 2025-03-17 12:00:00+00:00, run_after=2025-03-17 16:00:00+00:00
[2025-03-17T14:51:59.811-0400] {processor.py:208} INFO - Processing /Users/nidhipatel/ApacheAirflow_Tutorial/py_env/lib/python3.12/site-packages/airflow/example_dags/example_latest_only.py took 0.085 seconds
