[2025-03-17T14:33:13.535-0400] {processor.py:186} INFO - Started process (PID=32042) to work on /Users/nidhipatel/ApacheAirflow_Tutorial/py_env/lib/python3.12/site-packages/airflow/example_dags/example_complex.py
[2025-03-17T14:33:13.536-0400] {processor.py:914} INFO - Processing file /Users/nidhipatel/ApacheAirflow_Tutorial/py_env/lib/python3.12/site-packages/airflow/example_dags/example_complex.py for tasks to queue
[2025-03-17T14:33:13.536-0400] {logging_mixin.py:190} INFO - [2025-03-17T14:33:13.536-0400] {dagbag.py:588} INFO - Filling up the DagBag from /Users/nidhipatel/ApacheAirflow_Tutorial/py_env/lib/python3.12/site-packages/airflow/example_dags/example_complex.py
[2025-03-17T14:33:13.541-0400] {processor.py:925} INFO - DAG(s) 'example_complex' retrieved from /Users/nidhipatel/ApacheAirflow_Tutorial/py_env/lib/python3.12/site-packages/airflow/example_dags/example_complex.py
[2025-03-17T14:33:13.613-0400] {logging_mixin.py:190} INFO - [2025-03-17T14:33:13.613-0400] {override.py:1912} INFO - Created Permission View: can delete on DAG:example_complex
[2025-03-17T14:33:13.616-0400] {logging_mixin.py:190} INFO - [2025-03-17T14:33:13.616-0400] {override.py:1912} INFO - Created Permission View: can read on DAG:example_complex
[2025-03-17T14:33:13.618-0400] {logging_mixin.py:190} INFO - [2025-03-17T14:33:13.618-0400] {override.py:1912} INFO - Created Permission View: can edit on DAG:example_complex
[2025-03-17T14:33:13.620-0400] {logging_mixin.py:190} INFO - [2025-03-17T14:33:13.620-0400] {override.py:1912} INFO - Created Permission View: can delete on DAG Run:example_complex
[2025-03-17T14:33:13.622-0400] {logging_mixin.py:190} INFO - [2025-03-17T14:33:13.622-0400] {override.py:1912} INFO - Created Permission View: menu access on DAG Run:example_complex
[2025-03-17T14:33:13.624-0400] {logging_mixin.py:190} INFO - [2025-03-17T14:33:13.624-0400] {override.py:1912} INFO - Created Permission View: can read on DAG Run:example_complex
[2025-03-17T14:33:13.626-0400] {logging_mixin.py:190} INFO - [2025-03-17T14:33:13.626-0400] {override.py:1912} INFO - Created Permission View: can create on DAG Run:example_complex
[2025-03-17T14:33:13.626-0400] {logging_mixin.py:190} INFO - [2025-03-17T14:33:13.626-0400] {dag.py:3239} INFO - Sync 1 DAGs
[2025-03-17T14:33:13.631-0400] {logging_mixin.py:190} INFO - [2025-03-17T14:33:13.631-0400] {dag.py:3262} INFO - Creating ORM DAG for example_complex
[2025-03-17T14:33:13.631-0400] {logging_mixin.py:190} INFO - [2025-03-17T14:33:13.631-0400] {dag.py:4180} INFO - Setting next_dagrun for example_complex to None, run_after=None
[2025-03-17T14:33:13.637-0400] {processor.py:208} INFO - Processing /Users/nidhipatel/ApacheAirflow_Tutorial/py_env/lib/python3.12/site-packages/airflow/example_dags/example_complex.py took 0.103 seconds
[2025-03-17T14:35:29.824-0400] {processor.py:186} INFO - Started process (PID=32226) to work on /Users/nidhipatel/ApacheAirflow_Tutorial/py_env/lib/python3.12/site-packages/airflow/example_dags/example_complex.py
[2025-03-17T14:35:29.825-0400] {processor.py:914} INFO - Processing file /Users/nidhipatel/ApacheAirflow_Tutorial/py_env/lib/python3.12/site-packages/airflow/example_dags/example_complex.py for tasks to queue
[2025-03-17T14:35:29.825-0400] {logging_mixin.py:190} INFO - [2025-03-17T14:35:29.825-0400] {dagbag.py:588} INFO - Filling up the DagBag from /Users/nidhipatel/ApacheAirflow_Tutorial/py_env/lib/python3.12/site-packages/airflow/example_dags/example_complex.py
[2025-03-17T14:35:29.830-0400] {processor.py:925} INFO - DAG(s) 'example_complex' retrieved from /Users/nidhipatel/ApacheAirflow_Tutorial/py_env/lib/python3.12/site-packages/airflow/example_dags/example_complex.py
[2025-03-17T14:35:29.872-0400] {logging_mixin.py:190} INFO - [2025-03-17T14:35:29.872-0400] {dag.py:3239} INFO - Sync 1 DAGs
[2025-03-17T14:35:29.876-0400] {logging_mixin.py:190} INFO - [2025-03-17T14:35:29.876-0400] {dag.py:4180} INFO - Setting next_dagrun for example_complex to None, run_after=None
[2025-03-17T14:35:29.883-0400] {processor.py:208} INFO - Processing /Users/nidhipatel/ApacheAirflow_Tutorial/py_env/lib/python3.12/site-packages/airflow/example_dags/example_complex.py took 0.060 seconds
[2025-03-17T14:37:39.186-0400] {processor.py:186} INFO - Started process (PID=32392) to work on /Users/nidhipatel/ApacheAirflow_Tutorial/py_env/lib/python3.12/site-packages/airflow/example_dags/example_complex.py
[2025-03-17T14:37:39.187-0400] {processor.py:914} INFO - Processing file /Users/nidhipatel/ApacheAirflow_Tutorial/py_env/lib/python3.12/site-packages/airflow/example_dags/example_complex.py for tasks to queue
[2025-03-17T14:37:39.188-0400] {logging_mixin.py:190} INFO - [2025-03-17T14:37:39.188-0400] {dagbag.py:588} INFO - Filling up the DagBag from /Users/nidhipatel/ApacheAirflow_Tutorial/py_env/lib/python3.12/site-packages/airflow/example_dags/example_complex.py
[2025-03-17T14:37:39.192-0400] {processor.py:925} INFO - DAG(s) 'example_complex' retrieved from /Users/nidhipatel/ApacheAirflow_Tutorial/py_env/lib/python3.12/site-packages/airflow/example_dags/example_complex.py
[2025-03-17T14:37:39.232-0400] {logging_mixin.py:190} INFO - [2025-03-17T14:37:39.231-0400] {dag.py:3239} INFO - Sync 1 DAGs
[2025-03-17T14:37:39.235-0400] {logging_mixin.py:190} INFO - [2025-03-17T14:37:39.235-0400] {dag.py:4180} INFO - Setting next_dagrun for example_complex to None, run_after=None
[2025-03-17T14:37:39.241-0400] {processor.py:208} INFO - Processing /Users/nidhipatel/ApacheAirflow_Tutorial/py_env/lib/python3.12/site-packages/airflow/example_dags/example_complex.py took 0.057 seconds
[2025-03-17T14:39:42.145-0400] {processor.py:186} INFO - Started process (PID=32610) to work on /Users/nidhipatel/ApacheAirflow_Tutorial/py_env/lib/python3.12/site-packages/airflow/example_dags/example_complex.py
[2025-03-17T14:39:42.145-0400] {processor.py:914} INFO - Processing file /Users/nidhipatel/ApacheAirflow_Tutorial/py_env/lib/python3.12/site-packages/airflow/example_dags/example_complex.py for tasks to queue
[2025-03-17T14:39:42.146-0400] {logging_mixin.py:190} INFO - [2025-03-17T14:39:42.146-0400] {dagbag.py:588} INFO - Filling up the DagBag from /Users/nidhipatel/ApacheAirflow_Tutorial/py_env/lib/python3.12/site-packages/airflow/example_dags/example_complex.py
[2025-03-17T14:39:42.151-0400] {processor.py:925} INFO - DAG(s) 'example_complex' retrieved from /Users/nidhipatel/ApacheAirflow_Tutorial/py_env/lib/python3.12/site-packages/airflow/example_dags/example_complex.py
[2025-03-17T14:39:42.195-0400] {logging_mixin.py:190} INFO - [2025-03-17T14:39:42.195-0400] {dag.py:3239} INFO - Sync 1 DAGs
[2025-03-17T14:39:42.199-0400] {logging_mixin.py:190} INFO - [2025-03-17T14:39:42.199-0400] {dag.py:4180} INFO - Setting next_dagrun for example_complex to None, run_after=None
[2025-03-17T14:39:42.208-0400] {processor.py:208} INFO - Processing /Users/nidhipatel/ApacheAirflow_Tutorial/py_env/lib/python3.12/site-packages/airflow/example_dags/example_complex.py took 0.065 seconds
[2025-03-17T14:41:47.983-0400] {processor.py:186} INFO - Started process (PID=32791) to work on /Users/nidhipatel/ApacheAirflow_Tutorial/py_env/lib/python3.12/site-packages/airflow/example_dags/example_complex.py
[2025-03-17T14:41:47.984-0400] {processor.py:914} INFO - Processing file /Users/nidhipatel/ApacheAirflow_Tutorial/py_env/lib/python3.12/site-packages/airflow/example_dags/example_complex.py for tasks to queue
[2025-03-17T14:41:47.984-0400] {logging_mixin.py:190} INFO - [2025-03-17T14:41:47.984-0400] {dagbag.py:588} INFO - Filling up the DagBag from /Users/nidhipatel/ApacheAirflow_Tutorial/py_env/lib/python3.12/site-packages/airflow/example_dags/example_complex.py
[2025-03-17T14:41:47.989-0400] {processor.py:925} INFO - DAG(s) 'example_complex' retrieved from /Users/nidhipatel/ApacheAirflow_Tutorial/py_env/lib/python3.12/site-packages/airflow/example_dags/example_complex.py
[2025-03-17T14:41:48.029-0400] {logging_mixin.py:190} INFO - [2025-03-17T14:41:48.029-0400] {dag.py:3239} INFO - Sync 1 DAGs
[2025-03-17T14:41:48.033-0400] {logging_mixin.py:190} INFO - [2025-03-17T14:41:48.033-0400] {dag.py:4180} INFO - Setting next_dagrun for example_complex to None, run_after=None
[2025-03-17T14:41:48.039-0400] {processor.py:208} INFO - Processing /Users/nidhipatel/ApacheAirflow_Tutorial/py_env/lib/python3.12/site-packages/airflow/example_dags/example_complex.py took 0.057 seconds
[2025-03-17T14:43:59.104-0400] {processor.py:186} INFO - Started process (PID=32957) to work on /Users/nidhipatel/ApacheAirflow_Tutorial/py_env/lib/python3.12/site-packages/airflow/example_dags/example_complex.py
[2025-03-17T14:43:59.104-0400] {processor.py:914} INFO - Processing file /Users/nidhipatel/ApacheAirflow_Tutorial/py_env/lib/python3.12/site-packages/airflow/example_dags/example_complex.py for tasks to queue
[2025-03-17T14:43:59.105-0400] {logging_mixin.py:190} INFO - [2025-03-17T14:43:59.105-0400] {dagbag.py:588} INFO - Filling up the DagBag from /Users/nidhipatel/ApacheAirflow_Tutorial/py_env/lib/python3.12/site-packages/airflow/example_dags/example_complex.py
[2025-03-17T14:43:59.110-0400] {processor.py:925} INFO - DAG(s) 'example_complex' retrieved from /Users/nidhipatel/ApacheAirflow_Tutorial/py_env/lib/python3.12/site-packages/airflow/example_dags/example_complex.py
[2025-03-17T14:43:59.152-0400] {logging_mixin.py:190} INFO - [2025-03-17T14:43:59.152-0400] {dag.py:3239} INFO - Sync 1 DAGs
[2025-03-17T14:43:59.156-0400] {logging_mixin.py:190} INFO - [2025-03-17T14:43:59.156-0400] {dag.py:4180} INFO - Setting next_dagrun for example_complex to None, run_after=None
[2025-03-17T14:43:59.163-0400] {processor.py:208} INFO - Processing /Users/nidhipatel/ApacheAirflow_Tutorial/py_env/lib/python3.12/site-packages/airflow/example_dags/example_complex.py took 0.061 seconds
[2025-03-17T14:46:16.589-0400] {processor.py:186} INFO - Started process (PID=33145) to work on /Users/nidhipatel/ApacheAirflow_Tutorial/py_env/lib/python3.12/site-packages/airflow/example_dags/example_complex.py
[2025-03-17T14:46:16.590-0400] {processor.py:914} INFO - Processing file /Users/nidhipatel/ApacheAirflow_Tutorial/py_env/lib/python3.12/site-packages/airflow/example_dags/example_complex.py for tasks to queue
[2025-03-17T14:46:16.590-0400] {logging_mixin.py:190} INFO - [2025-03-17T14:46:16.590-0400] {dagbag.py:588} INFO - Filling up the DagBag from /Users/nidhipatel/ApacheAirflow_Tutorial/py_env/lib/python3.12/site-packages/airflow/example_dags/example_complex.py
[2025-03-17T14:46:16.595-0400] {processor.py:925} INFO - DAG(s) 'example_complex' retrieved from /Users/nidhipatel/ApacheAirflow_Tutorial/py_env/lib/python3.12/site-packages/airflow/example_dags/example_complex.py
[2025-03-17T14:46:16.639-0400] {logging_mixin.py:190} INFO - [2025-03-17T14:46:16.639-0400] {dag.py:3239} INFO - Sync 1 DAGs
[2025-03-17T14:46:16.643-0400] {logging_mixin.py:190} INFO - [2025-03-17T14:46:16.643-0400] {dag.py:4180} INFO - Setting next_dagrun for example_complex to None, run_after=None
[2025-03-17T14:46:16.649-0400] {processor.py:208} INFO - Processing /Users/nidhipatel/ApacheAirflow_Tutorial/py_env/lib/python3.12/site-packages/airflow/example_dags/example_complex.py took 0.062 seconds
[2025-03-17T14:48:35.342-0400] {processor.py:186} INFO - Started process (PID=33320) to work on /Users/nidhipatel/ApacheAirflow_Tutorial/py_env/lib/python3.12/site-packages/airflow/example_dags/example_complex.py
[2025-03-17T14:48:35.342-0400] {processor.py:914} INFO - Processing file /Users/nidhipatel/ApacheAirflow_Tutorial/py_env/lib/python3.12/site-packages/airflow/example_dags/example_complex.py for tasks to queue
[2025-03-17T14:48:35.343-0400] {logging_mixin.py:190} INFO - [2025-03-17T14:48:35.343-0400] {dagbag.py:588} INFO - Filling up the DagBag from /Users/nidhipatel/ApacheAirflow_Tutorial/py_env/lib/python3.12/site-packages/airflow/example_dags/example_complex.py
[2025-03-17T14:48:35.348-0400] {processor.py:925} INFO - DAG(s) 'example_complex' retrieved from /Users/nidhipatel/ApacheAirflow_Tutorial/py_env/lib/python3.12/site-packages/airflow/example_dags/example_complex.py
[2025-03-17T14:48:35.387-0400] {logging_mixin.py:190} INFO - [2025-03-17T14:48:35.387-0400] {dag.py:3239} INFO - Sync 1 DAGs
[2025-03-17T14:48:35.391-0400] {logging_mixin.py:190} INFO - [2025-03-17T14:48:35.390-0400] {dag.py:4180} INFO - Setting next_dagrun for example_complex to None, run_after=None
[2025-03-17T14:48:35.397-0400] {processor.py:208} INFO - Processing /Users/nidhipatel/ApacheAirflow_Tutorial/py_env/lib/python3.12/site-packages/airflow/example_dags/example_complex.py took 0.057 seconds
[2025-03-17T14:50:43.771-0400] {processor.py:186} INFO - Started process (PID=33521) to work on /Users/nidhipatel/ApacheAirflow_Tutorial/py_env/lib/python3.12/site-packages/airflow/example_dags/example_complex.py
[2025-03-17T14:50:43.772-0400] {processor.py:914} INFO - Processing file /Users/nidhipatel/ApacheAirflow_Tutorial/py_env/lib/python3.12/site-packages/airflow/example_dags/example_complex.py for tasks to queue
[2025-03-17T14:50:43.772-0400] {logging_mixin.py:190} INFO - [2025-03-17T14:50:43.772-0400] {dagbag.py:588} INFO - Filling up the DagBag from /Users/nidhipatel/ApacheAirflow_Tutorial/py_env/lib/python3.12/site-packages/airflow/example_dags/example_complex.py
[2025-03-17T14:50:43.777-0400] {processor.py:925} INFO - DAG(s) 'example_complex' retrieved from /Users/nidhipatel/ApacheAirflow_Tutorial/py_env/lib/python3.12/site-packages/airflow/example_dags/example_complex.py
[2025-03-17T14:50:43.817-0400] {logging_mixin.py:190} INFO - [2025-03-17T14:50:43.817-0400] {dag.py:3239} INFO - Sync 1 DAGs
[2025-03-17T14:50:43.821-0400] {logging_mixin.py:190} INFO - [2025-03-17T14:50:43.821-0400] {dag.py:4180} INFO - Setting next_dagrun for example_complex to None, run_after=None
[2025-03-17T14:50:43.827-0400] {processor.py:208} INFO - Processing /Users/nidhipatel/ApacheAirflow_Tutorial/py_env/lib/python3.12/site-packages/airflow/example_dags/example_complex.py took 0.057 seconds
[2025-03-17T14:52:59.123-0400] {processor.py:186} INFO - Started process (PID=33947) to work on /Users/nidhipatel/ApacheAirflow_Tutorial/py_env/lib/python3.12/site-packages/airflow/example_dags/example_complex.py
[2025-03-17T14:52:59.124-0400] {processor.py:914} INFO - Processing file /Users/nidhipatel/ApacheAirflow_Tutorial/py_env/lib/python3.12/site-packages/airflow/example_dags/example_complex.py for tasks to queue
[2025-03-17T14:52:59.124-0400] {logging_mixin.py:190} INFO - [2025-03-17T14:52:59.124-0400] {dagbag.py:588} INFO - Filling up the DagBag from /Users/nidhipatel/ApacheAirflow_Tutorial/py_env/lib/python3.12/site-packages/airflow/example_dags/example_complex.py
[2025-03-17T14:52:59.129-0400] {processor.py:925} INFO - DAG(s) 'example_complex' retrieved from /Users/nidhipatel/ApacheAirflow_Tutorial/py_env/lib/python3.12/site-packages/airflow/example_dags/example_complex.py
[2025-03-17T14:52:59.169-0400] {logging_mixin.py:190} INFO - [2025-03-17T14:52:59.169-0400] {dag.py:3239} INFO - Sync 1 DAGs
[2025-03-17T14:52:59.173-0400] {logging_mixin.py:190} INFO - [2025-03-17T14:52:59.173-0400] {dag.py:4180} INFO - Setting next_dagrun for example_complex to None, run_after=None
[2025-03-17T14:52:59.179-0400] {processor.py:208} INFO - Processing /Users/nidhipatel/ApacheAirflow_Tutorial/py_env/lib/python3.12/site-packages/airflow/example_dags/example_complex.py took 0.058 seconds
