[2025-03-17T14:33:00.624-0400] {processor.py:186} INFO - Started process (PID=32022) to work on /Users/nidhipatel/ApacheAirflow_Tutorial/py_env/lib/python3.12/site-packages/airflow/example_dags/example_external_task_marker_dag.py
[2025-03-17T14:33:00.624-0400] {processor.py:914} INFO - Processing file /Users/nidhipatel/ApacheAirflow_Tutorial/py_env/lib/python3.12/site-packages/airflow/example_dags/example_external_task_marker_dag.py for tasks to queue
[2025-03-17T14:33:00.624-0400] {logging_mixin.py:190} INFO - [2025-03-17T14:33:00.624-0400] {dagbag.py:588} INFO - Filling up the DagBag from /Users/nidhipatel/ApacheAirflow_Tutorial/py_env/lib/python3.12/site-packages/airflow/example_dags/example_external_task_marker_dag.py
[2025-03-17T14:33:00.629-0400] {processor.py:925} INFO - DAG(s) 'example_external_task_marker_child', 'example_external_task_marker_parent' retrieved from /Users/nidhipatel/ApacheAirflow_Tutorial/py_env/lib/python3.12/site-packages/airflow/example_dags/example_external_task_marker_dag.py
[2025-03-17T14:33:00.663-0400] {logging_mixin.py:190} INFO - [2025-03-17T14:33:00.662-0400] {workday.py:41} WARNING - Could not import pandas. Holidays will not be considered.
[2025-03-17T14:33:00.700-0400] {logging_mixin.py:190} INFO - [2025-03-17T14:33:00.700-0400] {override.py:1912} INFO - Created Permission View: can read on DAG:example_external_task_marker_child
[2025-03-17T14:33:00.703-0400] {logging_mixin.py:190} INFO - [2025-03-17T14:33:00.703-0400] {override.py:1912} INFO - Created Permission View: can edit on DAG:example_external_task_marker_child
[2025-03-17T14:33:00.705-0400] {logging_mixin.py:190} INFO - [2025-03-17T14:33:00.705-0400] {override.py:1912} INFO - Created Permission View: can delete on DAG:example_external_task_marker_child
[2025-03-17T14:33:00.708-0400] {logging_mixin.py:190} INFO - [2025-03-17T14:33:00.708-0400] {override.py:1912} INFO - Created Permission View: can read on DAG Run:example_external_task_marker_child
[2025-03-17T14:33:00.710-0400] {logging_mixin.py:190} INFO - [2025-03-17T14:33:00.710-0400] {override.py:1912} INFO - Created Permission View: can delete on DAG Run:example_external_task_marker_child
[2025-03-17T14:33:00.712-0400] {logging_mixin.py:190} INFO - [2025-03-17T14:33:00.712-0400] {override.py:1912} INFO - Created Permission View: menu access on DAG Run:example_external_task_marker_child
[2025-03-17T14:33:00.714-0400] {logging_mixin.py:190} INFO - [2025-03-17T14:33:00.714-0400] {override.py:1912} INFO - Created Permission View: can create on DAG Run:example_external_task_marker_child
[2025-03-17T14:33:00.718-0400] {logging_mixin.py:190} INFO - [2025-03-17T14:33:00.718-0400] {override.py:1912} INFO - Created Permission View: can read on DAG:example_external_task_marker_parent
[2025-03-17T14:33:00.720-0400] {logging_mixin.py:190} INFO - [2025-03-17T14:33:00.720-0400] {override.py:1912} INFO - Created Permission View: can edit on DAG:example_external_task_marker_parent
[2025-03-17T14:33:00.721-0400] {logging_mixin.py:190} INFO - [2025-03-17T14:33:00.721-0400] {override.py:1912} INFO - Created Permission View: can delete on DAG:example_external_task_marker_parent
[2025-03-17T14:33:00.724-0400] {logging_mixin.py:190} INFO - [2025-03-17T14:33:00.724-0400] {override.py:1912} INFO - Created Permission View: can read on DAG Run:example_external_task_marker_parent
[2025-03-17T14:33:00.726-0400] {logging_mixin.py:190} INFO - [2025-03-17T14:33:00.726-0400] {override.py:1912} INFO - Created Permission View: can delete on DAG Run:example_external_task_marker_parent
[2025-03-17T14:33:00.728-0400] {logging_mixin.py:190} INFO - [2025-03-17T14:33:00.728-0400] {override.py:1912} INFO - Created Permission View: menu access on DAG Run:example_external_task_marker_parent
[2025-03-17T14:33:00.730-0400] {logging_mixin.py:190} INFO - [2025-03-17T14:33:00.729-0400] {override.py:1912} INFO - Created Permission View: can create on DAG Run:example_external_task_marker_parent
[2025-03-17T14:33:00.730-0400] {logging_mixin.py:190} INFO - [2025-03-17T14:33:00.730-0400] {dag.py:3239} INFO - Sync 2 DAGs
[2025-03-17T14:33:00.734-0400] {logging_mixin.py:190} INFO - [2025-03-17T14:33:00.734-0400] {dag.py:3262} INFO - Creating ORM DAG for example_external_task_marker_parent
[2025-03-17T14:33:00.735-0400] {logging_mixin.py:190} INFO - [2025-03-17T14:33:00.735-0400] {dag.py:3262} INFO - Creating ORM DAG for example_external_task_marker_child
[2025-03-17T14:33:00.735-0400] {logging_mixin.py:190} INFO - [2025-03-17T14:33:00.735-0400] {dag.py:4180} INFO - Setting next_dagrun for example_external_task_marker_child to None, run_after=None
[2025-03-17T14:33:00.735-0400] {logging_mixin.py:190} INFO - [2025-03-17T14:33:00.735-0400] {dag.py:4180} INFO - Setting next_dagrun for example_external_task_marker_parent to None, run_after=None
[2025-03-17T14:33:00.741-0400] {processor.py:208} INFO - Processing /Users/nidhipatel/ApacheAirflow_Tutorial/py_env/lib/python3.12/site-packages/airflow/example_dags/example_external_task_marker_dag.py took 0.119 seconds
[2025-03-17T14:35:15.787-0400] {processor.py:186} INFO - Started process (PID=32210) to work on /Users/nidhipatel/ApacheAirflow_Tutorial/py_env/lib/python3.12/site-packages/airflow/example_dags/example_external_task_marker_dag.py
[2025-03-17T14:35:15.788-0400] {processor.py:914} INFO - Processing file /Users/nidhipatel/ApacheAirflow_Tutorial/py_env/lib/python3.12/site-packages/airflow/example_dags/example_external_task_marker_dag.py for tasks to queue
[2025-03-17T14:35:15.788-0400] {logging_mixin.py:190} INFO - [2025-03-17T14:35:15.788-0400] {dagbag.py:588} INFO - Filling up the DagBag from /Users/nidhipatel/ApacheAirflow_Tutorial/py_env/lib/python3.12/site-packages/airflow/example_dags/example_external_task_marker_dag.py
[2025-03-17T14:35:15.794-0400] {processor.py:925} INFO - DAG(s) 'example_external_task_marker_parent', 'example_external_task_marker_child' retrieved from /Users/nidhipatel/ApacheAirflow_Tutorial/py_env/lib/python3.12/site-packages/airflow/example_dags/example_external_task_marker_dag.py
[2025-03-17T14:35:15.831-0400] {logging_mixin.py:190} INFO - [2025-03-17T14:35:15.830-0400] {workday.py:41} WARNING - Could not import pandas. Holidays will not be considered.
[2025-03-17T14:35:15.836-0400] {logging_mixin.py:190} INFO - [2025-03-17T14:35:15.836-0400] {dag.py:3239} INFO - Sync 2 DAGs
[2025-03-17T14:35:15.840-0400] {logging_mixin.py:190} INFO - [2025-03-17T14:35:15.840-0400] {dag.py:4180} INFO - Setting next_dagrun for example_external_task_marker_child to None, run_after=None
[2025-03-17T14:35:15.842-0400] {logging_mixin.py:190} INFO - [2025-03-17T14:35:15.841-0400] {dag.py:4180} INFO - Setting next_dagrun for example_external_task_marker_parent to None, run_after=None
[2025-03-17T14:35:15.848-0400] {processor.py:208} INFO - Processing /Users/nidhipatel/ApacheAirflow_Tutorial/py_env/lib/python3.12/site-packages/airflow/example_dags/example_external_task_marker_dag.py took 0.062 seconds
[2025-03-17T14:37:26.130-0400] {processor.py:186} INFO - Started process (PID=32376) to work on /Users/nidhipatel/ApacheAirflow_Tutorial/py_env/lib/python3.12/site-packages/airflow/example_dags/example_external_task_marker_dag.py
[2025-03-17T14:37:26.131-0400] {processor.py:914} INFO - Processing file /Users/nidhipatel/ApacheAirflow_Tutorial/py_env/lib/python3.12/site-packages/airflow/example_dags/example_external_task_marker_dag.py for tasks to queue
[2025-03-17T14:37:26.131-0400] {logging_mixin.py:190} INFO - [2025-03-17T14:37:26.131-0400] {dagbag.py:588} INFO - Filling up the DagBag from /Users/nidhipatel/ApacheAirflow_Tutorial/py_env/lib/python3.12/site-packages/airflow/example_dags/example_external_task_marker_dag.py
[2025-03-17T14:37:26.136-0400] {processor.py:925} INFO - DAG(s) 'example_external_task_marker_parent', 'example_external_task_marker_child' retrieved from /Users/nidhipatel/ApacheAirflow_Tutorial/py_env/lib/python3.12/site-packages/airflow/example_dags/example_external_task_marker_dag.py
[2025-03-17T14:37:26.168-0400] {logging_mixin.py:190} INFO - [2025-03-17T14:37:26.168-0400] {workday.py:41} WARNING - Could not import pandas. Holidays will not be considered.
[2025-03-17T14:37:26.173-0400] {logging_mixin.py:190} INFO - [2025-03-17T14:37:26.173-0400] {dag.py:3239} INFO - Sync 2 DAGs
[2025-03-17T14:37:26.176-0400] {logging_mixin.py:190} INFO - [2025-03-17T14:37:26.176-0400] {dag.py:4180} INFO - Setting next_dagrun for example_external_task_marker_child to None, run_after=None
[2025-03-17T14:37:26.178-0400] {logging_mixin.py:190} INFO - [2025-03-17T14:37:26.177-0400] {dag.py:4180} INFO - Setting next_dagrun for example_external_task_marker_parent to None, run_after=None
[2025-03-17T14:37:26.183-0400] {processor.py:208} INFO - Processing /Users/nidhipatel/ApacheAirflow_Tutorial/py_env/lib/python3.12/site-packages/airflow/example_dags/example_external_task_marker_dag.py took 0.054 seconds
[2025-03-17T14:39:27.445-0400] {processor.py:186} INFO - Started process (PID=32566) to work on /Users/nidhipatel/ApacheAirflow_Tutorial/py_env/lib/python3.12/site-packages/airflow/example_dags/example_external_task_marker_dag.py
[2025-03-17T14:39:27.446-0400] {processor.py:914} INFO - Processing file /Users/nidhipatel/ApacheAirflow_Tutorial/py_env/lib/python3.12/site-packages/airflow/example_dags/example_external_task_marker_dag.py for tasks to queue
[2025-03-17T14:39:27.446-0400] {logging_mixin.py:190} INFO - [2025-03-17T14:39:27.446-0400] {dagbag.py:588} INFO - Filling up the DagBag from /Users/nidhipatel/ApacheAirflow_Tutorial/py_env/lib/python3.12/site-packages/airflow/example_dags/example_external_task_marker_dag.py
[2025-03-17T14:39:27.451-0400] {processor.py:925} INFO - DAG(s) 'example_external_task_marker_parent', 'example_external_task_marker_child' retrieved from /Users/nidhipatel/ApacheAirflow_Tutorial/py_env/lib/python3.12/site-packages/airflow/example_dags/example_external_task_marker_dag.py
[2025-03-17T14:39:27.486-0400] {logging_mixin.py:190} INFO - [2025-03-17T14:39:27.486-0400] {workday.py:41} WARNING - Could not import pandas. Holidays will not be considered.
[2025-03-17T14:39:27.492-0400] {logging_mixin.py:190} INFO - [2025-03-17T14:39:27.492-0400] {dag.py:3239} INFO - Sync 2 DAGs
[2025-03-17T14:39:27.496-0400] {logging_mixin.py:190} INFO - [2025-03-17T14:39:27.496-0400] {dag.py:4180} INFO - Setting next_dagrun for example_external_task_marker_child to None, run_after=None
[2025-03-17T14:39:27.497-0400] {logging_mixin.py:190} INFO - [2025-03-17T14:39:27.497-0400] {dag.py:4180} INFO - Setting next_dagrun for example_external_task_marker_parent to None, run_after=None
[2025-03-17T14:39:27.504-0400] {processor.py:208} INFO - Processing /Users/nidhipatel/ApacheAirflow_Tutorial/py_env/lib/python3.12/site-packages/airflow/example_dags/example_external_task_marker_dag.py took 0.060 seconds
[2025-03-17T14:41:33.811-0400] {processor.py:186} INFO - Started process (PID=32775) to work on /Users/nidhipatel/ApacheAirflow_Tutorial/py_env/lib/python3.12/site-packages/airflow/example_dags/example_external_task_marker_dag.py
[2025-03-17T14:41:33.811-0400] {processor.py:914} INFO - Processing file /Users/nidhipatel/ApacheAirflow_Tutorial/py_env/lib/python3.12/site-packages/airflow/example_dags/example_external_task_marker_dag.py for tasks to queue
[2025-03-17T14:41:33.812-0400] {logging_mixin.py:190} INFO - [2025-03-17T14:41:33.812-0400] {dagbag.py:588} INFO - Filling up the DagBag from /Users/nidhipatel/ApacheAirflow_Tutorial/py_env/lib/python3.12/site-packages/airflow/example_dags/example_external_task_marker_dag.py
[2025-03-17T14:41:33.817-0400] {processor.py:925} INFO - DAG(s) 'example_external_task_marker_parent', 'example_external_task_marker_child' retrieved from /Users/nidhipatel/ApacheAirflow_Tutorial/py_env/lib/python3.12/site-packages/airflow/example_dags/example_external_task_marker_dag.py
[2025-03-17T14:41:33.853-0400] {logging_mixin.py:190} INFO - [2025-03-17T14:41:33.853-0400] {workday.py:41} WARNING - Could not import pandas. Holidays will not be considered.
[2025-03-17T14:41:33.858-0400] {logging_mixin.py:190} INFO - [2025-03-17T14:41:33.857-0400] {dag.py:3239} INFO - Sync 2 DAGs
[2025-03-17T14:41:33.862-0400] {logging_mixin.py:190} INFO - [2025-03-17T14:41:33.862-0400] {dag.py:4180} INFO - Setting next_dagrun for example_external_task_marker_child to None, run_after=None
[2025-03-17T14:41:33.864-0400] {logging_mixin.py:190} INFO - [2025-03-17T14:41:33.864-0400] {dag.py:4180} INFO - Setting next_dagrun for example_external_task_marker_parent to None, run_after=None
[2025-03-17T14:41:33.870-0400] {processor.py:208} INFO - Processing /Users/nidhipatel/ApacheAirflow_Tutorial/py_env/lib/python3.12/site-packages/airflow/example_dags/example_external_task_marker_dag.py took 0.061 seconds
[2025-03-17T14:43:47.592-0400] {processor.py:186} INFO - Started process (PID=32939) to work on /Users/nidhipatel/ApacheAirflow_Tutorial/py_env/lib/python3.12/site-packages/airflow/example_dags/example_external_task_marker_dag.py
[2025-03-17T14:43:47.593-0400] {processor.py:914} INFO - Processing file /Users/nidhipatel/ApacheAirflow_Tutorial/py_env/lib/python3.12/site-packages/airflow/example_dags/example_external_task_marker_dag.py for tasks to queue
[2025-03-17T14:43:47.593-0400] {logging_mixin.py:190} INFO - [2025-03-17T14:43:47.593-0400] {dagbag.py:588} INFO - Filling up the DagBag from /Users/nidhipatel/ApacheAirflow_Tutorial/py_env/lib/python3.12/site-packages/airflow/example_dags/example_external_task_marker_dag.py
[2025-03-17T14:43:47.598-0400] {processor.py:925} INFO - DAG(s) 'example_external_task_marker_parent', 'example_external_task_marker_child' retrieved from /Users/nidhipatel/ApacheAirflow_Tutorial/py_env/lib/python3.12/site-packages/airflow/example_dags/example_external_task_marker_dag.py
[2025-03-17T14:43:47.631-0400] {logging_mixin.py:190} INFO - [2025-03-17T14:43:47.631-0400] {workday.py:41} WARNING - Could not import pandas. Holidays will not be considered.
[2025-03-17T14:43:47.635-0400] {logging_mixin.py:190} INFO - [2025-03-17T14:43:47.635-0400] {dag.py:3239} INFO - Sync 2 DAGs
[2025-03-17T14:43:47.639-0400] {logging_mixin.py:190} INFO - [2025-03-17T14:43:47.639-0400] {dag.py:4180} INFO - Setting next_dagrun for example_external_task_marker_child to None, run_after=None
[2025-03-17T14:43:47.640-0400] {logging_mixin.py:190} INFO - [2025-03-17T14:43:47.640-0400] {dag.py:4180} INFO - Setting next_dagrun for example_external_task_marker_parent to None, run_after=None
[2025-03-17T14:43:47.646-0400] {processor.py:208} INFO - Processing /Users/nidhipatel/ApacheAirflow_Tutorial/py_env/lib/python3.12/site-packages/airflow/example_dags/example_external_task_marker_dag.py took 0.055 seconds
[2025-03-17T14:46:03.540-0400] {processor.py:186} INFO - Started process (PID=33129) to work on /Users/nidhipatel/ApacheAirflow_Tutorial/py_env/lib/python3.12/site-packages/airflow/example_dags/example_external_task_marker_dag.py
[2025-03-17T14:46:03.541-0400] {processor.py:914} INFO - Processing file /Users/nidhipatel/ApacheAirflow_Tutorial/py_env/lib/python3.12/site-packages/airflow/example_dags/example_external_task_marker_dag.py for tasks to queue
[2025-03-17T14:46:03.541-0400] {logging_mixin.py:190} INFO - [2025-03-17T14:46:03.541-0400] {dagbag.py:588} INFO - Filling up the DagBag from /Users/nidhipatel/ApacheAirflow_Tutorial/py_env/lib/python3.12/site-packages/airflow/example_dags/example_external_task_marker_dag.py
[2025-03-17T14:46:03.546-0400] {processor.py:925} INFO - DAG(s) 'example_external_task_marker_child', 'example_external_task_marker_parent' retrieved from /Users/nidhipatel/ApacheAirflow_Tutorial/py_env/lib/python3.12/site-packages/airflow/example_dags/example_external_task_marker_dag.py
[2025-03-17T14:46:03.579-0400] {logging_mixin.py:190} INFO - [2025-03-17T14:46:03.579-0400] {workday.py:41} WARNING - Could not import pandas. Holidays will not be considered.
[2025-03-17T14:46:03.586-0400] {logging_mixin.py:190} INFO - [2025-03-17T14:46:03.586-0400] {dag.py:3239} INFO - Sync 2 DAGs
[2025-03-17T14:46:03.591-0400] {logging_mixin.py:190} INFO - [2025-03-17T14:46:03.591-0400] {dag.py:4180} INFO - Setting next_dagrun for example_external_task_marker_child to None, run_after=None
[2025-03-17T14:46:03.594-0400] {logging_mixin.py:190} INFO - [2025-03-17T14:46:03.594-0400] {dag.py:4180} INFO - Setting next_dagrun for example_external_task_marker_parent to None, run_after=None
[2025-03-17T14:46:03.600-0400] {processor.py:208} INFO - Processing /Users/nidhipatel/ApacheAirflow_Tutorial/py_env/lib/python3.12/site-packages/airflow/example_dags/example_external_task_marker_dag.py took 0.061 seconds
[2025-03-17T14:48:21.040-0400] {processor.py:186} INFO - Started process (PID=33297) to work on /Users/nidhipatel/ApacheAirflow_Tutorial/py_env/lib/python3.12/site-packages/airflow/example_dags/example_external_task_marker_dag.py
[2025-03-17T14:48:21.041-0400] {processor.py:914} INFO - Processing file /Users/nidhipatel/ApacheAirflow_Tutorial/py_env/lib/python3.12/site-packages/airflow/example_dags/example_external_task_marker_dag.py for tasks to queue
[2025-03-17T14:48:21.041-0400] {logging_mixin.py:190} INFO - [2025-03-17T14:48:21.041-0400] {dagbag.py:588} INFO - Filling up the DagBag from /Users/nidhipatel/ApacheAirflow_Tutorial/py_env/lib/python3.12/site-packages/airflow/example_dags/example_external_task_marker_dag.py
[2025-03-17T14:48:21.047-0400] {processor.py:925} INFO - DAG(s) 'example_external_task_marker_child', 'example_external_task_marker_parent' retrieved from /Users/nidhipatel/ApacheAirflow_Tutorial/py_env/lib/python3.12/site-packages/airflow/example_dags/example_external_task_marker_dag.py
[2025-03-17T14:48:21.077-0400] {logging_mixin.py:190} INFO - [2025-03-17T14:48:21.077-0400] {workday.py:41} WARNING - Could not import pandas. Holidays will not be considered.
[2025-03-17T14:48:21.083-0400] {logging_mixin.py:190} INFO - [2025-03-17T14:48:21.083-0400] {dag.py:3239} INFO - Sync 2 DAGs
[2025-03-17T14:48:21.087-0400] {logging_mixin.py:190} INFO - [2025-03-17T14:48:21.087-0400] {dag.py:4180} INFO - Setting next_dagrun for example_external_task_marker_child to None, run_after=None
[2025-03-17T14:48:21.088-0400] {logging_mixin.py:190} INFO - [2025-03-17T14:48:21.088-0400] {dag.py:4180} INFO - Setting next_dagrun for example_external_task_marker_parent to None, run_after=None
[2025-03-17T14:48:21.093-0400] {processor.py:208} INFO - Processing /Users/nidhipatel/ApacheAirflow_Tutorial/py_env/lib/python3.12/site-packages/airflow/example_dags/example_external_task_marker_dag.py took 0.054 seconds
[2025-03-17T14:50:29.564-0400] {processor.py:186} INFO - Started process (PID=33493) to work on /Users/nidhipatel/ApacheAirflow_Tutorial/py_env/lib/python3.12/site-packages/airflow/example_dags/example_external_task_marker_dag.py
[2025-03-17T14:50:29.565-0400] {processor.py:914} INFO - Processing file /Users/nidhipatel/ApacheAirflow_Tutorial/py_env/lib/python3.12/site-packages/airflow/example_dags/example_external_task_marker_dag.py for tasks to queue
[2025-03-17T14:50:29.565-0400] {logging_mixin.py:190} INFO - [2025-03-17T14:50:29.565-0400] {dagbag.py:588} INFO - Filling up the DagBag from /Users/nidhipatel/ApacheAirflow_Tutorial/py_env/lib/python3.12/site-packages/airflow/example_dags/example_external_task_marker_dag.py
[2025-03-17T14:50:29.571-0400] {processor.py:925} INFO - DAG(s) 'example_external_task_marker_parent', 'example_external_task_marker_child' retrieved from /Users/nidhipatel/ApacheAirflow_Tutorial/py_env/lib/python3.12/site-packages/airflow/example_dags/example_external_task_marker_dag.py
[2025-03-17T14:50:29.607-0400] {logging_mixin.py:190} INFO - [2025-03-17T14:50:29.607-0400] {workday.py:41} WARNING - Could not import pandas. Holidays will not be considered.
[2025-03-17T14:50:29.612-0400] {logging_mixin.py:190} INFO - [2025-03-17T14:50:29.612-0400] {dag.py:3239} INFO - Sync 2 DAGs
[2025-03-17T14:50:29.616-0400] {logging_mixin.py:190} INFO - [2025-03-17T14:50:29.616-0400] {dag.py:4180} INFO - Setting next_dagrun for example_external_task_marker_child to None, run_after=None
[2025-03-17T14:50:29.617-0400] {logging_mixin.py:190} INFO - [2025-03-17T14:50:29.617-0400] {dag.py:4180} INFO - Setting next_dagrun for example_external_task_marker_parent to None, run_after=None
[2025-03-17T14:50:29.622-0400] {processor.py:208} INFO - Processing /Users/nidhipatel/ApacheAirflow_Tutorial/py_env/lib/python3.12/site-packages/airflow/example_dags/example_external_task_marker_dag.py took 0.059 seconds
[2025-03-17T14:52:44.937-0400] {processor.py:186} INFO - Started process (PID=33905) to work on /Users/nidhipatel/ApacheAirflow_Tutorial/py_env/lib/python3.12/site-packages/airflow/example_dags/example_external_task_marker_dag.py
[2025-03-17T14:52:44.937-0400] {processor.py:914} INFO - Processing file /Users/nidhipatel/ApacheAirflow_Tutorial/py_env/lib/python3.12/site-packages/airflow/example_dags/example_external_task_marker_dag.py for tasks to queue
[2025-03-17T14:52:44.938-0400] {logging_mixin.py:190} INFO - [2025-03-17T14:52:44.938-0400] {dagbag.py:588} INFO - Filling up the DagBag from /Users/nidhipatel/ApacheAirflow_Tutorial/py_env/lib/python3.12/site-packages/airflow/example_dags/example_external_task_marker_dag.py
[2025-03-17T14:52:44.943-0400] {processor.py:925} INFO - DAG(s) 'example_external_task_marker_child', 'example_external_task_marker_parent' retrieved from /Users/nidhipatel/ApacheAirflow_Tutorial/py_env/lib/python3.12/site-packages/airflow/example_dags/example_external_task_marker_dag.py
[2025-03-17T14:52:44.974-0400] {logging_mixin.py:190} INFO - [2025-03-17T14:52:44.974-0400] {workday.py:41} WARNING - Could not import pandas. Holidays will not be considered.
[2025-03-17T14:52:44.981-0400] {logging_mixin.py:190} INFO - [2025-03-17T14:52:44.981-0400] {dag.py:3239} INFO - Sync 2 DAGs
[2025-03-17T14:52:44.984-0400] {logging_mixin.py:190} INFO - [2025-03-17T14:52:44.984-0400] {dag.py:4180} INFO - Setting next_dagrun for example_external_task_marker_child to None, run_after=None
[2025-03-17T14:52:44.985-0400] {logging_mixin.py:190} INFO - [2025-03-17T14:52:44.985-0400] {dag.py:4180} INFO - Setting next_dagrun for example_external_task_marker_parent to None, run_after=None
[2025-03-17T14:52:44.991-0400] {processor.py:208} INFO - Processing /Users/nidhipatel/ApacheAirflow_Tutorial/py_env/lib/python3.12/site-packages/airflow/example_dags/example_external_task_marker_dag.py took 0.056 seconds
