[2025-03-17T14:32:08.655-0400] {processor.py:186} INFO - Started process (PID=31931) to work on /Users/nidhipatel/ApacheAirflow_Tutorial/py_env/lib/python3.12/site-packages/airflow/example_dags/example_xcom.py
[2025-03-17T14:32:08.655-0400] {processor.py:914} INFO - Processing file /Users/nidhipatel/ApacheAirflow_Tutorial/py_env/lib/python3.12/site-packages/airflow/example_dags/example_xcom.py for tasks to queue
[2025-03-17T14:32:08.655-0400] {logging_mixin.py:190} INFO - [2025-03-17T14:32:08.655-0400] {dagbag.py:588} INFO - Filling up the DagBag from /Users/nidhipatel/ApacheAirflow_Tutorial/py_env/lib/python3.12/site-packages/airflow/example_dags/example_xcom.py
[2025-03-17T14:32:08.671-0400] {processor.py:925} INFO - DAG(s) 'example_xcom' retrieved from /Users/nidhipatel/ApacheAirflow_Tutorial/py_env/lib/python3.12/site-packages/airflow/example_dags/example_xcom.py
[2025-03-17T14:32:08.753-0400] {logging_mixin.py:190} INFO - [2025-03-17T14:32:08.752-0400] {override.py:1912} INFO - Created Permission View: can delete on DAG:example_xcom
[2025-03-17T14:32:08.756-0400] {logging_mixin.py:190} INFO - [2025-03-17T14:32:08.756-0400] {override.py:1912} INFO - Created Permission View: can edit on DAG:example_xcom
[2025-03-17T14:32:08.758-0400] {logging_mixin.py:190} INFO - [2025-03-17T14:32:08.758-0400] {override.py:1912} INFO - Created Permission View: can read on DAG:example_xcom
[2025-03-17T14:32:08.760-0400] {logging_mixin.py:190} INFO - [2025-03-17T14:32:08.760-0400] {override.py:1912} INFO - Created Permission View: can delete on DAG Run:example_xcom
[2025-03-17T14:32:08.762-0400] {logging_mixin.py:190} INFO - [2025-03-17T14:32:08.762-0400] {override.py:1912} INFO - Created Permission View: can create on DAG Run:example_xcom
[2025-03-17T14:32:08.764-0400] {logging_mixin.py:190} INFO - [2025-03-17T14:32:08.764-0400] {override.py:1912} INFO - Created Permission View: can read on DAG Run:example_xcom
[2025-03-17T14:32:08.766-0400] {logging_mixin.py:190} INFO - [2025-03-17T14:32:08.766-0400] {override.py:1912} INFO - Created Permission View: menu access on DAG Run:example_xcom
[2025-03-17T14:32:08.766-0400] {logging_mixin.py:190} INFO - [2025-03-17T14:32:08.766-0400] {dag.py:3239} INFO - Sync 1 DAGs
[2025-03-17T14:32:08.770-0400] {logging_mixin.py:190} INFO - [2025-03-17T14:32:08.770-0400] {dag.py:3262} INFO - Creating ORM DAG for example_xcom
[2025-03-17T14:32:08.773-0400] {logging_mixin.py:190} INFO - [2025-03-17T14:32:08.773-0400] {dag.py:4180} INFO - Setting next_dagrun for example_xcom to 2021-01-01 00:00:00+00:00, run_after=2021-01-01 00:00:00+00:00
[2025-03-17T14:32:08.781-0400] {processor.py:208} INFO - Processing /Users/nidhipatel/ApacheAirflow_Tutorial/py_env/lib/python3.12/site-packages/airflow/example_dags/example_xcom.py took 0.128 seconds
[2025-03-17T14:33:50.162-0400] {processor.py:186} INFO - Started process (PID=32101) to work on /Users/nidhipatel/ApacheAirflow_Tutorial/py_env/lib/python3.12/site-packages/airflow/example_dags/example_xcom.py
[2025-03-17T14:33:50.163-0400] {processor.py:914} INFO - Processing file /Users/nidhipatel/ApacheAirflow_Tutorial/py_env/lib/python3.12/site-packages/airflow/example_dags/example_xcom.py for tasks to queue
[2025-03-17T14:33:50.163-0400] {logging_mixin.py:190} INFO - [2025-03-17T14:33:50.163-0400] {dagbag.py:588} INFO - Filling up the DagBag from /Users/nidhipatel/ApacheAirflow_Tutorial/py_env/lib/python3.12/site-packages/airflow/example_dags/example_xcom.py
[2025-03-17T14:33:50.178-0400] {processor.py:925} INFO - DAG(s) 'example_xcom' retrieved from /Users/nidhipatel/ApacheAirflow_Tutorial/py_env/lib/python3.12/site-packages/airflow/example_dags/example_xcom.py
[2025-03-17T14:33:50.214-0400] {logging_mixin.py:190} INFO - [2025-03-17T14:33:50.214-0400] {dag.py:3239} INFO - Sync 1 DAGs
[2025-03-17T14:33:50.220-0400] {logging_mixin.py:190} INFO - [2025-03-17T14:33:50.220-0400] {dag.py:4180} INFO - Setting next_dagrun for example_xcom to 2021-01-01 00:00:00+00:00, run_after=2021-01-01 00:00:00+00:00
[2025-03-17T14:33:50.226-0400] {processor.py:208} INFO - Processing /Users/nidhipatel/ApacheAirflow_Tutorial/py_env/lib/python3.12/site-packages/airflow/example_dags/example_xcom.py took 0.065 seconds
[2025-03-17T14:34:56.335-0400] {processor.py:186} INFO - Started process (PID=32187) to work on /Users/nidhipatel/ApacheAirflow_Tutorial/py_env/lib/python3.12/site-packages/airflow/example_dags/example_xcom.py
[2025-03-17T14:34:56.336-0400] {processor.py:914} INFO - Processing file /Users/nidhipatel/ApacheAirflow_Tutorial/py_env/lib/python3.12/site-packages/airflow/example_dags/example_xcom.py for tasks to queue
[2025-03-17T14:34:56.336-0400] {logging_mixin.py:190} INFO - [2025-03-17T14:34:56.336-0400] {dagbag.py:588} INFO - Filling up the DagBag from /Users/nidhipatel/ApacheAirflow_Tutorial/py_env/lib/python3.12/site-packages/airflow/example_dags/example_xcom.py
[2025-03-17T14:34:56.350-0400] {processor.py:925} INFO - DAG(s) 'example_xcom' retrieved from /Users/nidhipatel/ApacheAirflow_Tutorial/py_env/lib/python3.12/site-packages/airflow/example_dags/example_xcom.py
[2025-03-17T14:34:56.385-0400] {logging_mixin.py:190} INFO - [2025-03-17T14:34:56.385-0400] {dag.py:3239} INFO - Sync 1 DAGs
[2025-03-17T14:34:56.391-0400] {logging_mixin.py:190} INFO - [2025-03-17T14:34:56.391-0400] {dag.py:4180} INFO - Setting next_dagrun for example_xcom to 2021-01-01 00:00:00+00:00, run_after=2021-01-01 00:00:00+00:00
[2025-03-17T14:34:56.397-0400] {processor.py:208} INFO - Processing /Users/nidhipatel/ApacheAirflow_Tutorial/py_env/lib/python3.12/site-packages/airflow/example_dags/example_xcom.py took 0.064 seconds
[2025-03-17T14:36:04.350-0400] {processor.py:186} INFO - Started process (PID=32270) to work on /Users/nidhipatel/ApacheAirflow_Tutorial/py_env/lib/python3.12/site-packages/airflow/example_dags/example_xcom.py
[2025-03-17T14:36:04.351-0400] {processor.py:914} INFO - Processing file /Users/nidhipatel/ApacheAirflow_Tutorial/py_env/lib/python3.12/site-packages/airflow/example_dags/example_xcom.py for tasks to queue
[2025-03-17T14:36:04.351-0400] {logging_mixin.py:190} INFO - [2025-03-17T14:36:04.351-0400] {dagbag.py:588} INFO - Filling up the DagBag from /Users/nidhipatel/ApacheAirflow_Tutorial/py_env/lib/python3.12/site-packages/airflow/example_dags/example_xcom.py
[2025-03-17T14:36:04.367-0400] {processor.py:925} INFO - DAG(s) 'example_xcom' retrieved from /Users/nidhipatel/ApacheAirflow_Tutorial/py_env/lib/python3.12/site-packages/airflow/example_dags/example_xcom.py
[2025-03-17T14:36:04.405-0400] {logging_mixin.py:190} INFO - [2025-03-17T14:36:04.405-0400] {dag.py:3239} INFO - Sync 1 DAGs
[2025-03-17T14:36:04.411-0400] {logging_mixin.py:190} INFO - [2025-03-17T14:36:04.411-0400] {dag.py:4180} INFO - Setting next_dagrun for example_xcom to 2021-01-01 00:00:00+00:00, run_after=2021-01-01 00:00:00+00:00
[2025-03-17T14:36:04.418-0400] {processor.py:208} INFO - Processing /Users/nidhipatel/ApacheAirflow_Tutorial/py_env/lib/python3.12/site-packages/airflow/example_dags/example_xcom.py took 0.069 seconds
[2025-03-17T14:37:09.376-0400] {processor.py:186} INFO - Started process (PID=32354) to work on /Users/nidhipatel/ApacheAirflow_Tutorial/py_env/lib/python3.12/site-packages/airflow/example_dags/example_xcom.py
[2025-03-17T14:37:09.376-0400] {processor.py:914} INFO - Processing file /Users/nidhipatel/ApacheAirflow_Tutorial/py_env/lib/python3.12/site-packages/airflow/example_dags/example_xcom.py for tasks to queue
[2025-03-17T14:37:09.377-0400] {logging_mixin.py:190} INFO - [2025-03-17T14:37:09.377-0400] {dagbag.py:588} INFO - Filling up the DagBag from /Users/nidhipatel/ApacheAirflow_Tutorial/py_env/lib/python3.12/site-packages/airflow/example_dags/example_xcom.py
[2025-03-17T14:37:09.391-0400] {processor.py:925} INFO - DAG(s) 'example_xcom' retrieved from /Users/nidhipatel/ApacheAirflow_Tutorial/py_env/lib/python3.12/site-packages/airflow/example_dags/example_xcom.py
[2025-03-17T14:37:09.426-0400] {logging_mixin.py:190} INFO - [2025-03-17T14:37:09.426-0400] {dag.py:3239} INFO - Sync 1 DAGs
[2025-03-17T14:37:09.432-0400] {logging_mixin.py:190} INFO - [2025-03-17T14:37:09.432-0400] {dag.py:4180} INFO - Setting next_dagrun for example_xcom to 2021-01-01 00:00:00+00:00, run_after=2021-01-01 00:00:00+00:00
[2025-03-17T14:37:09.438-0400] {processor.py:208} INFO - Processing /Users/nidhipatel/ApacheAirflow_Tutorial/py_env/lib/python3.12/site-packages/airflow/example_dags/example_xcom.py took 0.064 seconds
[2025-03-17T14:38:12.279-0400] {processor.py:186} INFO - Started process (PID=32453) to work on /Users/nidhipatel/ApacheAirflow_Tutorial/py_env/lib/python3.12/site-packages/airflow/example_dags/example_xcom.py
[2025-03-17T14:38:12.279-0400] {processor.py:914} INFO - Processing file /Users/nidhipatel/ApacheAirflow_Tutorial/py_env/lib/python3.12/site-packages/airflow/example_dags/example_xcom.py for tasks to queue
[2025-03-17T14:38:12.280-0400] {logging_mixin.py:190} INFO - [2025-03-17T14:38:12.280-0400] {dagbag.py:588} INFO - Filling up the DagBag from /Users/nidhipatel/ApacheAirflow_Tutorial/py_env/lib/python3.12/site-packages/airflow/example_dags/example_xcom.py
[2025-03-17T14:38:12.295-0400] {processor.py:925} INFO - DAG(s) 'example_xcom' retrieved from /Users/nidhipatel/ApacheAirflow_Tutorial/py_env/lib/python3.12/site-packages/airflow/example_dags/example_xcom.py
[2025-03-17T14:38:12.330-0400] {logging_mixin.py:190} INFO - [2025-03-17T14:38:12.330-0400] {dag.py:3239} INFO - Sync 1 DAGs
[2025-03-17T14:38:12.336-0400] {logging_mixin.py:190} INFO - [2025-03-17T14:38:12.336-0400] {dag.py:4180} INFO - Setting next_dagrun for example_xcom to 2021-01-01 00:00:00+00:00, run_after=2021-01-01 00:00:00+00:00
[2025-03-17T14:38:12.342-0400] {processor.py:208} INFO - Processing /Users/nidhipatel/ApacheAirflow_Tutorial/py_env/lib/python3.12/site-packages/airflow/example_dags/example_xcom.py took 0.064 seconds
[2025-03-17T14:39:11.704-0400] {processor.py:186} INFO - Started process (PID=32542) to work on /Users/nidhipatel/ApacheAirflow_Tutorial/py_env/lib/python3.12/site-packages/airflow/example_dags/example_xcom.py
[2025-03-17T14:39:11.704-0400] {processor.py:914} INFO - Processing file /Users/nidhipatel/ApacheAirflow_Tutorial/py_env/lib/python3.12/site-packages/airflow/example_dags/example_xcom.py for tasks to queue
[2025-03-17T14:39:11.705-0400] {logging_mixin.py:190} INFO - [2025-03-17T14:39:11.705-0400] {dagbag.py:588} INFO - Filling up the DagBag from /Users/nidhipatel/ApacheAirflow_Tutorial/py_env/lib/python3.12/site-packages/airflow/example_dags/example_xcom.py
[2025-03-17T14:39:11.719-0400] {processor.py:925} INFO - DAG(s) 'example_xcom' retrieved from /Users/nidhipatel/ApacheAirflow_Tutorial/py_env/lib/python3.12/site-packages/airflow/example_dags/example_xcom.py
[2025-03-17T14:39:11.753-0400] {logging_mixin.py:190} INFO - [2025-03-17T14:39:11.753-0400] {dag.py:3239} INFO - Sync 1 DAGs
[2025-03-17T14:39:11.759-0400] {logging_mixin.py:190} INFO - [2025-03-17T14:39:11.759-0400] {dag.py:4180} INFO - Setting next_dagrun for example_xcom to 2021-01-01 00:00:00+00:00, run_after=2021-01-01 00:00:00+00:00
[2025-03-17T14:39:11.765-0400] {processor.py:208} INFO - Processing /Users/nidhipatel/ApacheAirflow_Tutorial/py_env/lib/python3.12/site-packages/airflow/example_dags/example_xcom.py took 0.063 seconds
[2025-03-17T14:40:14.893-0400] {processor.py:186} INFO - Started process (PID=32656) to work on /Users/nidhipatel/ApacheAirflow_Tutorial/py_env/lib/python3.12/site-packages/airflow/example_dags/example_xcom.py
[2025-03-17T14:40:14.893-0400] {processor.py:914} INFO - Processing file /Users/nidhipatel/ApacheAirflow_Tutorial/py_env/lib/python3.12/site-packages/airflow/example_dags/example_xcom.py for tasks to queue
[2025-03-17T14:40:14.894-0400] {logging_mixin.py:190} INFO - [2025-03-17T14:40:14.893-0400] {dagbag.py:588} INFO - Filling up the DagBag from /Users/nidhipatel/ApacheAirflow_Tutorial/py_env/lib/python3.12/site-packages/airflow/example_dags/example_xcom.py
[2025-03-17T14:40:14.908-0400] {processor.py:925} INFO - DAG(s) 'example_xcom' retrieved from /Users/nidhipatel/ApacheAirflow_Tutorial/py_env/lib/python3.12/site-packages/airflow/example_dags/example_xcom.py
[2025-03-17T14:40:14.942-0400] {logging_mixin.py:190} INFO - [2025-03-17T14:40:14.942-0400] {dag.py:3239} INFO - Sync 1 DAGs
[2025-03-17T14:40:14.948-0400] {logging_mixin.py:190} INFO - [2025-03-17T14:40:14.948-0400] {dag.py:4180} INFO - Setting next_dagrun for example_xcom to 2021-01-01 00:00:00+00:00, run_after=2021-01-01 00:00:00+00:00
[2025-03-17T14:40:14.954-0400] {processor.py:208} INFO - Processing /Users/nidhipatel/ApacheAirflow_Tutorial/py_env/lib/python3.12/site-packages/airflow/example_dags/example_xcom.py took 0.063 seconds
[2025-03-17T14:41:17.399-0400] {processor.py:186} INFO - Started process (PID=32747) to work on /Users/nidhipatel/ApacheAirflow_Tutorial/py_env/lib/python3.12/site-packages/airflow/example_dags/example_xcom.py
[2025-03-17T14:41:17.400-0400] {processor.py:914} INFO - Processing file /Users/nidhipatel/ApacheAirflow_Tutorial/py_env/lib/python3.12/site-packages/airflow/example_dags/example_xcom.py for tasks to queue
[2025-03-17T14:41:17.400-0400] {logging_mixin.py:190} INFO - [2025-03-17T14:41:17.400-0400] {dagbag.py:588} INFO - Filling up the DagBag from /Users/nidhipatel/ApacheAirflow_Tutorial/py_env/lib/python3.12/site-packages/airflow/example_dags/example_xcom.py
[2025-03-17T14:41:17.415-0400] {processor.py:925} INFO - DAG(s) 'example_xcom' retrieved from /Users/nidhipatel/ApacheAirflow_Tutorial/py_env/lib/python3.12/site-packages/airflow/example_dags/example_xcom.py
[2025-03-17T14:41:17.450-0400] {logging_mixin.py:190} INFO - [2025-03-17T14:41:17.450-0400] {dag.py:3239} INFO - Sync 1 DAGs
[2025-03-17T14:41:17.458-0400] {logging_mixin.py:190} INFO - [2025-03-17T14:41:17.458-0400] {dag.py:4180} INFO - Setting next_dagrun for example_xcom to 2021-01-01 00:00:00+00:00, run_after=2021-01-01 00:00:00+00:00
[2025-03-17T14:41:17.465-0400] {processor.py:208} INFO - Processing /Users/nidhipatel/ApacheAirflow_Tutorial/py_env/lib/python3.12/site-packages/airflow/example_dags/example_xcom.py took 0.067 seconds
[2025-03-17T14:42:21.820-0400] {processor.py:186} INFO - Started process (PID=32839) to work on /Users/nidhipatel/ApacheAirflow_Tutorial/py_env/lib/python3.12/site-packages/airflow/example_dags/example_xcom.py
[2025-03-17T14:42:21.820-0400] {processor.py:914} INFO - Processing file /Users/nidhipatel/ApacheAirflow_Tutorial/py_env/lib/python3.12/site-packages/airflow/example_dags/example_xcom.py for tasks to queue
[2025-03-17T14:42:21.821-0400] {logging_mixin.py:190} INFO - [2025-03-17T14:42:21.821-0400] {dagbag.py:588} INFO - Filling up the DagBag from /Users/nidhipatel/ApacheAirflow_Tutorial/py_env/lib/python3.12/site-packages/airflow/example_dags/example_xcom.py
[2025-03-17T14:42:21.835-0400] {processor.py:925} INFO - DAG(s) 'example_xcom' retrieved from /Users/nidhipatel/ApacheAirflow_Tutorial/py_env/lib/python3.12/site-packages/airflow/example_dags/example_xcom.py
[2025-03-17T14:42:21.870-0400] {logging_mixin.py:190} INFO - [2025-03-17T14:42:21.870-0400] {dag.py:3239} INFO - Sync 1 DAGs
[2025-03-17T14:42:21.876-0400] {logging_mixin.py:190} INFO - [2025-03-17T14:42:21.876-0400] {dag.py:4180} INFO - Setting next_dagrun for example_xcom to 2021-01-01 00:00:00+00:00, run_after=2021-01-01 00:00:00+00:00
[2025-03-17T14:42:21.884-0400] {processor.py:208} INFO - Processing /Users/nidhipatel/ApacheAirflow_Tutorial/py_env/lib/python3.12/site-packages/airflow/example_dags/example_xcom.py took 0.066 seconds
[2025-03-17T14:43:28.338-0400] {processor.py:186} INFO - Started process (PID=32917) to work on /Users/nidhipatel/ApacheAirflow_Tutorial/py_env/lib/python3.12/site-packages/airflow/example_dags/example_xcom.py
[2025-03-17T14:43:28.339-0400] {processor.py:914} INFO - Processing file /Users/nidhipatel/ApacheAirflow_Tutorial/py_env/lib/python3.12/site-packages/airflow/example_dags/example_xcom.py for tasks to queue
[2025-03-17T14:43:28.340-0400] {logging_mixin.py:190} INFO - [2025-03-17T14:43:28.339-0400] {dagbag.py:588} INFO - Filling up the DagBag from /Users/nidhipatel/ApacheAirflow_Tutorial/py_env/lib/python3.12/site-packages/airflow/example_dags/example_xcom.py
[2025-03-17T14:43:28.355-0400] {processor.py:925} INFO - DAG(s) 'example_xcom' retrieved from /Users/nidhipatel/ApacheAirflow_Tutorial/py_env/lib/python3.12/site-packages/airflow/example_dags/example_xcom.py
[2025-03-17T14:43:28.390-0400] {logging_mixin.py:190} INFO - [2025-03-17T14:43:28.390-0400] {dag.py:3239} INFO - Sync 1 DAGs
[2025-03-17T14:43:28.396-0400] {logging_mixin.py:190} INFO - [2025-03-17T14:43:28.396-0400] {dag.py:4180} INFO - Setting next_dagrun for example_xcom to 2021-01-01 00:00:00+00:00, run_after=2021-01-01 00:00:00+00:00
[2025-03-17T14:43:28.402-0400] {processor.py:208} INFO - Processing /Users/nidhipatel/ApacheAirflow_Tutorial/py_env/lib/python3.12/site-packages/airflow/example_dags/example_xcom.py took 0.065 seconds
[2025-03-17T14:44:35.869-0400] {processor.py:186} INFO - Started process (PID=33001) to work on /Users/nidhipatel/ApacheAirflow_Tutorial/py_env/lib/python3.12/site-packages/airflow/example_dags/example_xcom.py
[2025-03-17T14:44:35.870-0400] {processor.py:914} INFO - Processing file /Users/nidhipatel/ApacheAirflow_Tutorial/py_env/lib/python3.12/site-packages/airflow/example_dags/example_xcom.py for tasks to queue
[2025-03-17T14:44:35.870-0400] {logging_mixin.py:190} INFO - [2025-03-17T14:44:35.870-0400] {dagbag.py:588} INFO - Filling up the DagBag from /Users/nidhipatel/ApacheAirflow_Tutorial/py_env/lib/python3.12/site-packages/airflow/example_dags/example_xcom.py
[2025-03-17T14:44:35.885-0400] {processor.py:925} INFO - DAG(s) 'example_xcom' retrieved from /Users/nidhipatel/ApacheAirflow_Tutorial/py_env/lib/python3.12/site-packages/airflow/example_dags/example_xcom.py
[2025-03-17T14:44:35.920-0400] {logging_mixin.py:190} INFO - [2025-03-17T14:44:35.920-0400] {dag.py:3239} INFO - Sync 1 DAGs
[2025-03-17T14:44:35.925-0400] {logging_mixin.py:190} INFO - [2025-03-17T14:44:35.925-0400] {dag.py:4180} INFO - Setting next_dagrun for example_xcom to 2021-01-01 00:00:00+00:00, run_after=2021-01-01 00:00:00+00:00
[2025-03-17T14:44:35.931-0400] {processor.py:208} INFO - Processing /Users/nidhipatel/ApacheAirflow_Tutorial/py_env/lib/python3.12/site-packages/airflow/example_dags/example_xcom.py took 0.064 seconds
[2025-03-17T14:45:45.607-0400] {processor.py:186} INFO - Started process (PID=33107) to work on /Users/nidhipatel/ApacheAirflow_Tutorial/py_env/lib/python3.12/site-packages/airflow/example_dags/example_xcom.py
[2025-03-17T14:45:45.607-0400] {processor.py:914} INFO - Processing file /Users/nidhipatel/ApacheAirflow_Tutorial/py_env/lib/python3.12/site-packages/airflow/example_dags/example_xcom.py for tasks to queue
[2025-03-17T14:45:45.607-0400] {logging_mixin.py:190} INFO - [2025-03-17T14:45:45.607-0400] {dagbag.py:588} INFO - Filling up the DagBag from /Users/nidhipatel/ApacheAirflow_Tutorial/py_env/lib/python3.12/site-packages/airflow/example_dags/example_xcom.py
[2025-03-17T14:45:45.624-0400] {processor.py:925} INFO - DAG(s) 'example_xcom' retrieved from /Users/nidhipatel/ApacheAirflow_Tutorial/py_env/lib/python3.12/site-packages/airflow/example_dags/example_xcom.py
[2025-03-17T14:45:45.665-0400] {logging_mixin.py:190} INFO - [2025-03-17T14:45:45.665-0400] {dag.py:3239} INFO - Sync 1 DAGs
[2025-03-17T14:45:45.673-0400] {logging_mixin.py:190} INFO - [2025-03-17T14:45:45.673-0400] {dag.py:4180} INFO - Setting next_dagrun for example_xcom to 2021-01-01 00:00:00+00:00, run_after=2021-01-01 00:00:00+00:00
[2025-03-17T14:45:45.681-0400] {processor.py:208} INFO - Processing /Users/nidhipatel/ApacheAirflow_Tutorial/py_env/lib/python3.12/site-packages/airflow/example_dags/example_xcom.py took 0.076 seconds
[2025-03-17T14:46:53.839-0400] {processor.py:186} INFO - Started process (PID=33189) to work on /Users/nidhipatel/ApacheAirflow_Tutorial/py_env/lib/python3.12/site-packages/airflow/example_dags/example_xcom.py
[2025-03-17T14:46:53.839-0400] {processor.py:914} INFO - Processing file /Users/nidhipatel/ApacheAirflow_Tutorial/py_env/lib/python3.12/site-packages/airflow/example_dags/example_xcom.py for tasks to queue
[2025-03-17T14:46:53.840-0400] {logging_mixin.py:190} INFO - [2025-03-17T14:46:53.840-0400] {dagbag.py:588} INFO - Filling up the DagBag from /Users/nidhipatel/ApacheAirflow_Tutorial/py_env/lib/python3.12/site-packages/airflow/example_dags/example_xcom.py
[2025-03-17T14:46:53.856-0400] {processor.py:925} INFO - DAG(s) 'example_xcom' retrieved from /Users/nidhipatel/ApacheAirflow_Tutorial/py_env/lib/python3.12/site-packages/airflow/example_dags/example_xcom.py
[2025-03-17T14:46:54.010-0400] {logging_mixin.py:190} INFO - [2025-03-17T14:46:54.010-0400] {dag.py:3239} INFO - Sync 1 DAGs
[2025-03-17T14:46:54.017-0400] {logging_mixin.py:190} INFO - [2025-03-17T14:46:54.017-0400] {dag.py:4180} INFO - Setting next_dagrun for example_xcom to 2021-01-01 00:00:00+00:00, run_after=2021-01-01 00:00:00+00:00
[2025-03-17T14:46:54.024-0400] {processor.py:208} INFO - Processing /Users/nidhipatel/ApacheAirflow_Tutorial/py_env/lib/python3.12/site-packages/airflow/example_dags/example_xcom.py took 0.187 seconds
[2025-03-17T14:48:01.793-0400] {processor.py:186} INFO - Started process (PID=33275) to work on /Users/nidhipatel/ApacheAirflow_Tutorial/py_env/lib/python3.12/site-packages/airflow/example_dags/example_xcom.py
[2025-03-17T14:48:01.793-0400] {processor.py:914} INFO - Processing file /Users/nidhipatel/ApacheAirflow_Tutorial/py_env/lib/python3.12/site-packages/airflow/example_dags/example_xcom.py for tasks to queue
[2025-03-17T14:48:01.794-0400] {logging_mixin.py:190} INFO - [2025-03-17T14:48:01.794-0400] {dagbag.py:588} INFO - Filling up the DagBag from /Users/nidhipatel/ApacheAirflow_Tutorial/py_env/lib/python3.12/site-packages/airflow/example_dags/example_xcom.py
[2025-03-17T14:48:01.808-0400] {processor.py:925} INFO - DAG(s) 'example_xcom' retrieved from /Users/nidhipatel/ApacheAirflow_Tutorial/py_env/lib/python3.12/site-packages/airflow/example_dags/example_xcom.py
[2025-03-17T14:48:01.843-0400] {logging_mixin.py:190} INFO - [2025-03-17T14:48:01.843-0400] {dag.py:3239} INFO - Sync 1 DAGs
[2025-03-17T14:48:01.848-0400] {logging_mixin.py:190} INFO - [2025-03-17T14:48:01.848-0400] {dag.py:4180} INFO - Setting next_dagrun for example_xcom to 2021-01-01 00:00:00+00:00, run_after=2021-01-01 00:00:00+00:00
[2025-03-17T14:48:01.854-0400] {processor.py:208} INFO - Processing /Users/nidhipatel/ApacheAirflow_Tutorial/py_env/lib/python3.12/site-packages/airflow/example_dags/example_xcom.py took 0.063 seconds
[2025-03-17T14:49:08.610-0400] {processor.py:186} INFO - Started process (PID=33383) to work on /Users/nidhipatel/ApacheAirflow_Tutorial/py_env/lib/python3.12/site-packages/airflow/example_dags/example_xcom.py
[2025-03-17T14:49:08.611-0400] {processor.py:914} INFO - Processing file /Users/nidhipatel/ApacheAirflow_Tutorial/py_env/lib/python3.12/site-packages/airflow/example_dags/example_xcom.py for tasks to queue
[2025-03-17T14:49:08.611-0400] {logging_mixin.py:190} INFO - [2025-03-17T14:49:08.611-0400] {dagbag.py:588} INFO - Filling up the DagBag from /Users/nidhipatel/ApacheAirflow_Tutorial/py_env/lib/python3.12/site-packages/airflow/example_dags/example_xcom.py
[2025-03-17T14:49:08.627-0400] {processor.py:925} INFO - DAG(s) 'example_xcom' retrieved from /Users/nidhipatel/ApacheAirflow_Tutorial/py_env/lib/python3.12/site-packages/airflow/example_dags/example_xcom.py
[2025-03-17T14:49:08.664-0400] {logging_mixin.py:190} INFO - [2025-03-17T14:49:08.664-0400] {dag.py:3239} INFO - Sync 1 DAGs
[2025-03-17T14:49:08.670-0400] {logging_mixin.py:190} INFO - [2025-03-17T14:49:08.670-0400] {dag.py:4180} INFO - Setting next_dagrun for example_xcom to 2021-01-01 00:00:00+00:00, run_after=2021-01-01 00:00:00+00:00
[2025-03-17T14:49:08.682-0400] {processor.py:208} INFO - Processing /Users/nidhipatel/ApacheAirflow_Tutorial/py_env/lib/python3.12/site-packages/airflow/example_dags/example_xcom.py took 0.073 seconds
[2025-03-17T14:50:13.235-0400] {processor.py:186} INFO - Started process (PID=33471) to work on /Users/nidhipatel/ApacheAirflow_Tutorial/py_env/lib/python3.12/site-packages/airflow/example_dags/example_xcom.py
[2025-03-17T14:50:13.236-0400] {processor.py:914} INFO - Processing file /Users/nidhipatel/ApacheAirflow_Tutorial/py_env/lib/python3.12/site-packages/airflow/example_dags/example_xcom.py for tasks to queue
[2025-03-17T14:50:13.236-0400] {logging_mixin.py:190} INFO - [2025-03-17T14:50:13.236-0400] {dagbag.py:588} INFO - Filling up the DagBag from /Users/nidhipatel/ApacheAirflow_Tutorial/py_env/lib/python3.12/site-packages/airflow/example_dags/example_xcom.py
[2025-03-17T14:50:13.251-0400] {processor.py:925} INFO - DAG(s) 'example_xcom' retrieved from /Users/nidhipatel/ApacheAirflow_Tutorial/py_env/lib/python3.12/site-packages/airflow/example_dags/example_xcom.py
[2025-03-17T14:50:13.288-0400] {logging_mixin.py:190} INFO - [2025-03-17T14:50:13.288-0400] {dag.py:3239} INFO - Sync 1 DAGs
[2025-03-17T14:50:13.294-0400] {logging_mixin.py:190} INFO - [2025-03-17T14:50:13.294-0400] {dag.py:4180} INFO - Setting next_dagrun for example_xcom to 2021-01-01 00:00:00+00:00, run_after=2021-01-01 00:00:00+00:00
[2025-03-17T14:50:13.300-0400] {processor.py:208} INFO - Processing /Users/nidhipatel/ApacheAirflow_Tutorial/py_env/lib/python3.12/site-packages/airflow/example_dags/example_xcom.py took 0.067 seconds
[2025-03-17T14:51:17.963-0400] {processor.py:186} INFO - Started process (PID=33619) to work on /Users/nidhipatel/ApacheAirflow_Tutorial/py_env/lib/python3.12/site-packages/airflow/example_dags/example_xcom.py
[2025-03-17T14:51:17.966-0400] {processor.py:914} INFO - Processing file /Users/nidhipatel/ApacheAirflow_Tutorial/py_env/lib/python3.12/site-packages/airflow/example_dags/example_xcom.py for tasks to queue
[2025-03-17T14:51:17.966-0400] {logging_mixin.py:190} INFO - [2025-03-17T14:51:17.966-0400] {dagbag.py:588} INFO - Filling up the DagBag from /Users/nidhipatel/ApacheAirflow_Tutorial/py_env/lib/python3.12/site-packages/airflow/example_dags/example_xcom.py
[2025-03-17T14:51:17.983-0400] {processor.py:925} INFO - DAG(s) 'example_xcom' retrieved from /Users/nidhipatel/ApacheAirflow_Tutorial/py_env/lib/python3.12/site-packages/airflow/example_dags/example_xcom.py
[2025-03-17T14:51:18.022-0400] {logging_mixin.py:190} INFO - [2025-03-17T14:51:18.022-0400] {dag.py:3239} INFO - Sync 1 DAGs
[2025-03-17T14:51:18.029-0400] {logging_mixin.py:190} INFO - [2025-03-17T14:51:18.029-0400] {dag.py:4180} INFO - Setting next_dagrun for example_xcom to 2021-01-01 00:00:00+00:00, run_after=2021-01-01 00:00:00+00:00
[2025-03-17T14:51:18.037-0400] {processor.py:208} INFO - Processing /Users/nidhipatel/ApacheAirflow_Tutorial/py_env/lib/python3.12/site-packages/airflow/example_dags/example_xcom.py took 0.075 seconds
[2025-03-17T14:52:25.608-0400] {processor.py:186} INFO - Started process (PID=33858) to work on /Users/nidhipatel/ApacheAirflow_Tutorial/py_env/lib/python3.12/site-packages/airflow/example_dags/example_xcom.py
[2025-03-17T14:52:25.608-0400] {processor.py:914} INFO - Processing file /Users/nidhipatel/ApacheAirflow_Tutorial/py_env/lib/python3.12/site-packages/airflow/example_dags/example_xcom.py for tasks to queue
[2025-03-17T14:52:25.609-0400] {logging_mixin.py:190} INFO - [2025-03-17T14:52:25.609-0400] {dagbag.py:588} INFO - Filling up the DagBag from /Users/nidhipatel/ApacheAirflow_Tutorial/py_env/lib/python3.12/site-packages/airflow/example_dags/example_xcom.py
[2025-03-17T14:52:25.623-0400] {processor.py:925} INFO - DAG(s) 'example_xcom' retrieved from /Users/nidhipatel/ApacheAirflow_Tutorial/py_env/lib/python3.12/site-packages/airflow/example_dags/example_xcom.py
[2025-03-17T14:52:25.664-0400] {logging_mixin.py:190} INFO - [2025-03-17T14:52:25.664-0400] {dag.py:3239} INFO - Sync 1 DAGs
[2025-03-17T14:52:25.673-0400] {logging_mixin.py:190} INFO - [2025-03-17T14:52:25.673-0400] {dag.py:4180} INFO - Setting next_dagrun for example_xcom to 2021-01-01 00:00:00+00:00, run_after=2021-01-01 00:00:00+00:00
[2025-03-17T14:52:25.681-0400] {processor.py:208} INFO - Processing /Users/nidhipatel/ApacheAirflow_Tutorial/py_env/lib/python3.12/site-packages/airflow/example_dags/example_xcom.py took 0.075 seconds
