[2025-03-17T14:33:06.410-0400] {processor.py:186} INFO - Started process (PID=32034) to work on /Users/nidhipatel/ApacheAirflow_Tutorial/py_env/lib/python3.12/site-packages/airflow/example_dags/example_datasets.py
[2025-03-17T14:33:06.411-0400] {processor.py:914} INFO - Processing file /Users/nidhipatel/ApacheAirflow_Tutorial/py_env/lib/python3.12/site-packages/airflow/example_dags/example_datasets.py for tasks to queue
[2025-03-17T14:33:06.411-0400] {logging_mixin.py:190} INFO - [2025-03-17T14:33:06.411-0400] {dagbag.py:588} INFO - Filling up the DagBag from /Users/nidhipatel/ApacheAirflow_Tutorial/py_env/lib/python3.12/site-packages/airflow/example_dags/example_datasets.py
[2025-03-17T14:33:06.429-0400] {processor.py:925} INFO - DAG(s) 'dataset_produces_2', 'consume_1_or_2_with_dataset_expressions', 'dataset_consumes_1_and_2', 'conditional_dataset_and_time_based_timetable', 'dataset_consumes_1_never_scheduled', 'consume_1_or_both_2_and_3_with_dataset_expressions', 'dataset_consumes_unknown_never_scheduled', 'dataset_produces_1', 'dataset_consumes_1', 'consume_1_and_2_with_dataset_expressions' retrieved from /Users/nidhipatel/ApacheAirflow_Tutorial/py_env/lib/python3.12/site-packages/airflow/example_dags/example_datasets.py
[2025-03-17T14:33:06.493-0400] {logging_mixin.py:190} INFO - [2025-03-17T14:33:06.493-0400] {override.py:1912} INFO - Created Permission View: can edit on DAG:dataset_produces_2
[2025-03-17T14:33:06.497-0400] {logging_mixin.py:190} INFO - [2025-03-17T14:33:06.497-0400] {override.py:1912} INFO - Created Permission View: can delete on DAG:dataset_produces_2
[2025-03-17T14:33:06.499-0400] {logging_mixin.py:190} INFO - [2025-03-17T14:33:06.499-0400] {override.py:1912} INFO - Created Permission View: can read on DAG:dataset_produces_2
[2025-03-17T14:33:06.502-0400] {logging_mixin.py:190} INFO - [2025-03-17T14:33:06.502-0400] {override.py:1912} INFO - Created Permission View: can create on DAG Run:dataset_produces_2
[2025-03-17T14:33:06.504-0400] {logging_mixin.py:190} INFO - [2025-03-17T14:33:06.504-0400] {override.py:1912} INFO - Created Permission View: menu access on DAG Run:dataset_produces_2
[2025-03-17T14:33:06.505-0400] {logging_mixin.py:190} INFO - [2025-03-17T14:33:06.505-0400] {override.py:1912} INFO - Created Permission View: can delete on DAG Run:dataset_produces_2
[2025-03-17T14:33:06.507-0400] {logging_mixin.py:190} INFO - [2025-03-17T14:33:06.507-0400] {override.py:1912} INFO - Created Permission View: can read on DAG Run:dataset_produces_2
[2025-03-17T14:33:06.511-0400] {logging_mixin.py:190} INFO - [2025-03-17T14:33:06.511-0400] {override.py:1912} INFO - Created Permission View: can edit on DAG:consume_1_or_2_with_dataset_expressions
[2025-03-17T14:33:06.513-0400] {logging_mixin.py:190} INFO - [2025-03-17T14:33:06.513-0400] {override.py:1912} INFO - Created Permission View: can delete on DAG:consume_1_or_2_with_dataset_expressions
[2025-03-17T14:33:06.515-0400] {logging_mixin.py:190} INFO - [2025-03-17T14:33:06.515-0400] {override.py:1912} INFO - Created Permission View: can read on DAG:consume_1_or_2_with_dataset_expressions
[2025-03-17T14:33:06.517-0400] {logging_mixin.py:190} INFO - [2025-03-17T14:33:06.517-0400] {override.py:1912} INFO - Created Permission View: can create on DAG Run:consume_1_or_2_with_dataset_expressions
[2025-03-17T14:33:06.519-0400] {logging_mixin.py:190} INFO - [2025-03-17T14:33:06.519-0400] {override.py:1912} INFO - Created Permission View: menu access on DAG Run:consume_1_or_2_with_dataset_expressions
[2025-03-17T14:33:06.521-0400] {logging_mixin.py:190} INFO - [2025-03-17T14:33:06.521-0400] {override.py:1912} INFO - Created Permission View: can delete on DAG Run:consume_1_or_2_with_dataset_expressions
[2025-03-17T14:33:06.523-0400] {logging_mixin.py:190} INFO - [2025-03-17T14:33:06.523-0400] {override.py:1912} INFO - Created Permission View: can read on DAG Run:consume_1_or_2_with_dataset_expressions
[2025-03-17T14:33:06.527-0400] {logging_mixin.py:190} INFO - [2025-03-17T14:33:06.527-0400] {override.py:1912} INFO - Created Permission View: can edit on DAG:dataset_consumes_1_and_2
[2025-03-17T14:33:06.529-0400] {logging_mixin.py:190} INFO - [2025-03-17T14:33:06.529-0400] {override.py:1912} INFO - Created Permission View: can delete on DAG:dataset_consumes_1_and_2
[2025-03-17T14:33:06.530-0400] {logging_mixin.py:190} INFO - [2025-03-17T14:33:06.530-0400] {override.py:1912} INFO - Created Permission View: can read on DAG:dataset_consumes_1_and_2
[2025-03-17T14:33:06.533-0400] {logging_mixin.py:190} INFO - [2025-03-17T14:33:06.533-0400] {override.py:1912} INFO - Created Permission View: can create on DAG Run:dataset_consumes_1_and_2
[2025-03-17T14:33:06.535-0400] {logging_mixin.py:190} INFO - [2025-03-17T14:33:06.535-0400] {override.py:1912} INFO - Created Permission View: menu access on DAG Run:dataset_consumes_1_and_2
[2025-03-17T14:33:06.536-0400] {logging_mixin.py:190} INFO - [2025-03-17T14:33:06.536-0400] {override.py:1912} INFO - Created Permission View: can delete on DAG Run:dataset_consumes_1_and_2
[2025-03-17T14:33:06.538-0400] {logging_mixin.py:190} INFO - [2025-03-17T14:33:06.538-0400] {override.py:1912} INFO - Created Permission View: can read on DAG Run:dataset_consumes_1_and_2
[2025-03-17T14:33:06.542-0400] {logging_mixin.py:190} INFO - [2025-03-17T14:33:06.542-0400] {override.py:1912} INFO - Created Permission View: can edit on DAG:conditional_dataset_and_time_based_timetable
[2025-03-17T14:33:06.544-0400] {logging_mixin.py:190} INFO - [2025-03-17T14:33:06.544-0400] {override.py:1912} INFO - Created Permission View: can delete on DAG:conditional_dataset_and_time_based_timetable
[2025-03-17T14:33:06.546-0400] {logging_mixin.py:190} INFO - [2025-03-17T14:33:06.545-0400] {override.py:1912} INFO - Created Permission View: can read on DAG:conditional_dataset_and_time_based_timetable
[2025-03-17T14:33:06.548-0400] {logging_mixin.py:190} INFO - [2025-03-17T14:33:06.548-0400] {override.py:1912} INFO - Created Permission View: can create on DAG Run:conditional_dataset_and_time_based_timetable
[2025-03-17T14:33:06.550-0400] {logging_mixin.py:190} INFO - [2025-03-17T14:33:06.550-0400] {override.py:1912} INFO - Created Permission View: menu access on DAG Run:conditional_dataset_and_time_based_timetable
[2025-03-17T14:33:06.552-0400] {logging_mixin.py:190} INFO - [2025-03-17T14:33:06.551-0400] {override.py:1912} INFO - Created Permission View: can delete on DAG Run:conditional_dataset_and_time_based_timetable
[2025-03-17T14:33:06.553-0400] {logging_mixin.py:190} INFO - [2025-03-17T14:33:06.553-0400] {override.py:1912} INFO - Created Permission View: can read on DAG Run:conditional_dataset_and_time_based_timetable
[2025-03-17T14:33:06.557-0400] {logging_mixin.py:190} INFO - [2025-03-17T14:33:06.557-0400] {override.py:1912} INFO - Created Permission View: can edit on DAG:dataset_consumes_1_never_scheduled
[2025-03-17T14:33:06.559-0400] {logging_mixin.py:190} INFO - [2025-03-17T14:33:06.559-0400] {override.py:1912} INFO - Created Permission View: can delete on DAG:dataset_consumes_1_never_scheduled
[2025-03-17T14:33:06.561-0400] {logging_mixin.py:190} INFO - [2025-03-17T14:33:06.561-0400] {override.py:1912} INFO - Created Permission View: can read on DAG:dataset_consumes_1_never_scheduled
[2025-03-17T14:33:06.563-0400] {logging_mixin.py:190} INFO - [2025-03-17T14:33:06.563-0400] {override.py:1912} INFO - Created Permission View: can create on DAG Run:dataset_consumes_1_never_scheduled
[2025-03-17T14:33:06.565-0400] {logging_mixin.py:190} INFO - [2025-03-17T14:33:06.565-0400] {override.py:1912} INFO - Created Permission View: menu access on DAG Run:dataset_consumes_1_never_scheduled
[2025-03-17T14:33:06.567-0400] {logging_mixin.py:190} INFO - [2025-03-17T14:33:06.567-0400] {override.py:1912} INFO - Created Permission View: can delete on DAG Run:dataset_consumes_1_never_scheduled
[2025-03-17T14:33:06.569-0400] {logging_mixin.py:190} INFO - [2025-03-17T14:33:06.569-0400] {override.py:1912} INFO - Created Permission View: can read on DAG Run:dataset_consumes_1_never_scheduled
[2025-03-17T14:33:06.572-0400] {logging_mixin.py:190} INFO - [2025-03-17T14:33:06.572-0400] {override.py:1912} INFO - Created Permission View: can edit on DAG:consume_1_or_both_2_and_3_with_dataset_expressions
[2025-03-17T14:33:06.574-0400] {logging_mixin.py:190} INFO - [2025-03-17T14:33:06.574-0400] {override.py:1912} INFO - Created Permission View: can delete on DAG:consume_1_or_both_2_and_3_with_dataset_expressions
[2025-03-17T14:33:06.576-0400] {logging_mixin.py:190} INFO - [2025-03-17T14:33:06.576-0400] {override.py:1912} INFO - Created Permission View: can read on DAG:consume_1_or_both_2_and_3_with_dataset_expressions
[2025-03-17T14:33:06.578-0400] {logging_mixin.py:190} INFO - [2025-03-17T14:33:06.578-0400] {override.py:1912} INFO - Created Permission View: can create on DAG Run:consume_1_or_both_2_and_3_with_dataset_expressions
[2025-03-17T14:33:06.580-0400] {logging_mixin.py:190} INFO - [2025-03-17T14:33:06.580-0400] {override.py:1912} INFO - Created Permission View: menu access on DAG Run:consume_1_or_both_2_and_3_with_dataset_expressions
[2025-03-17T14:33:06.582-0400] {logging_mixin.py:190} INFO - [2025-03-17T14:33:06.582-0400] {override.py:1912} INFO - Created Permission View: can delete on DAG Run:consume_1_or_both_2_and_3_with_dataset_expressions
[2025-03-17T14:33:06.584-0400] {logging_mixin.py:190} INFO - [2025-03-17T14:33:06.584-0400] {override.py:1912} INFO - Created Permission View: can read on DAG Run:consume_1_or_both_2_and_3_with_dataset_expressions
[2025-03-17T14:33:06.588-0400] {logging_mixin.py:190} INFO - [2025-03-17T14:33:06.588-0400] {override.py:1912} INFO - Created Permission View: can edit on DAG:dataset_consumes_unknown_never_scheduled
[2025-03-17T14:33:06.589-0400] {logging_mixin.py:190} INFO - [2025-03-17T14:33:06.589-0400] {override.py:1912} INFO - Created Permission View: can delete on DAG:dataset_consumes_unknown_never_scheduled
[2025-03-17T14:33:06.591-0400] {logging_mixin.py:190} INFO - [2025-03-17T14:33:06.591-0400] {override.py:1912} INFO - Created Permission View: can read on DAG:dataset_consumes_unknown_never_scheduled
[2025-03-17T14:33:06.594-0400] {logging_mixin.py:190} INFO - [2025-03-17T14:33:06.594-0400] {override.py:1912} INFO - Created Permission View: can create on DAG Run:dataset_consumes_unknown_never_scheduled
[2025-03-17T14:33:06.596-0400] {logging_mixin.py:190} INFO - [2025-03-17T14:33:06.596-0400] {override.py:1912} INFO - Created Permission View: menu access on DAG Run:dataset_consumes_unknown_never_scheduled
[2025-03-17T14:33:06.598-0400] {logging_mixin.py:190} INFO - [2025-03-17T14:33:06.598-0400] {override.py:1912} INFO - Created Permission View: can delete on DAG Run:dataset_consumes_unknown_never_scheduled
[2025-03-17T14:33:06.600-0400] {logging_mixin.py:190} INFO - [2025-03-17T14:33:06.600-0400] {override.py:1912} INFO - Created Permission View: can read on DAG Run:dataset_consumes_unknown_never_scheduled
[2025-03-17T14:33:06.604-0400] {logging_mixin.py:190} INFO - [2025-03-17T14:33:06.604-0400] {override.py:1912} INFO - Created Permission View: can edit on DAG:dataset_produces_1
[2025-03-17T14:33:06.605-0400] {logging_mixin.py:190} INFO - [2025-03-17T14:33:06.605-0400] {override.py:1912} INFO - Created Permission View: can delete on DAG:dataset_produces_1
[2025-03-17T14:33:06.607-0400] {logging_mixin.py:190} INFO - [2025-03-17T14:33:06.607-0400] {override.py:1912} INFO - Created Permission View: can read on DAG:dataset_produces_1
[2025-03-17T14:33:06.610-0400] {logging_mixin.py:190} INFO - [2025-03-17T14:33:06.610-0400] {override.py:1912} INFO - Created Permission View: can create on DAG Run:dataset_produces_1
[2025-03-17T14:33:06.611-0400] {logging_mixin.py:190} INFO - [2025-03-17T14:33:06.611-0400] {override.py:1912} INFO - Created Permission View: menu access on DAG Run:dataset_produces_1
[2025-03-17T14:33:06.613-0400] {logging_mixin.py:190} INFO - [2025-03-17T14:33:06.613-0400] {override.py:1912} INFO - Created Permission View: can delete on DAG Run:dataset_produces_1
[2025-03-17T14:33:06.615-0400] {logging_mixin.py:190} INFO - [2025-03-17T14:33:06.615-0400] {override.py:1912} INFO - Created Permission View: can read on DAG Run:dataset_produces_1
[2025-03-17T14:33:06.619-0400] {logging_mixin.py:190} INFO - [2025-03-17T14:33:06.619-0400] {override.py:1912} INFO - Created Permission View: can edit on DAG:dataset_consumes_1
[2025-03-17T14:33:06.621-0400] {logging_mixin.py:190} INFO - [2025-03-17T14:33:06.621-0400] {override.py:1912} INFO - Created Permission View: can delete on DAG:dataset_consumes_1
[2025-03-17T14:33:06.623-0400] {logging_mixin.py:190} INFO - [2025-03-17T14:33:06.623-0400] {override.py:1912} INFO - Created Permission View: can read on DAG:dataset_consumes_1
[2025-03-17T14:33:06.626-0400] {logging_mixin.py:190} INFO - [2025-03-17T14:33:06.625-0400] {override.py:1912} INFO - Created Permission View: can create on DAG Run:dataset_consumes_1
[2025-03-17T14:33:06.627-0400] {logging_mixin.py:190} INFO - [2025-03-17T14:33:06.627-0400] {override.py:1912} INFO - Created Permission View: menu access on DAG Run:dataset_consumes_1
[2025-03-17T14:33:06.629-0400] {logging_mixin.py:190} INFO - [2025-03-17T14:33:06.629-0400] {override.py:1912} INFO - Created Permission View: can delete on DAG Run:dataset_consumes_1
[2025-03-17T14:33:06.631-0400] {logging_mixin.py:190} INFO - [2025-03-17T14:33:06.631-0400] {override.py:1912} INFO - Created Permission View: can read on DAG Run:dataset_consumes_1
[2025-03-17T14:33:06.634-0400] {logging_mixin.py:190} INFO - [2025-03-17T14:33:06.634-0400] {override.py:1912} INFO - Created Permission View: can edit on DAG:consume_1_and_2_with_dataset_expressions
[2025-03-17T14:33:06.636-0400] {logging_mixin.py:190} INFO - [2025-03-17T14:33:06.636-0400] {override.py:1912} INFO - Created Permission View: can delete on DAG:consume_1_and_2_with_dataset_expressions
[2025-03-17T14:33:06.638-0400] {logging_mixin.py:190} INFO - [2025-03-17T14:33:06.638-0400] {override.py:1912} INFO - Created Permission View: can read on DAG:consume_1_and_2_with_dataset_expressions
[2025-03-17T14:33:06.640-0400] {logging_mixin.py:190} INFO - [2025-03-17T14:33:06.640-0400] {override.py:1912} INFO - Created Permission View: can create on DAG Run:consume_1_and_2_with_dataset_expressions
[2025-03-17T14:33:06.642-0400] {logging_mixin.py:190} INFO - [2025-03-17T14:33:06.642-0400] {override.py:1912} INFO - Created Permission View: menu access on DAG Run:consume_1_and_2_with_dataset_expressions
[2025-03-17T14:33:06.644-0400] {logging_mixin.py:190} INFO - [2025-03-17T14:33:06.644-0400] {override.py:1912} INFO - Created Permission View: can delete on DAG Run:consume_1_and_2_with_dataset_expressions
[2025-03-17T14:33:06.646-0400] {logging_mixin.py:190} INFO - [2025-03-17T14:33:06.646-0400] {override.py:1912} INFO - Created Permission View: can read on DAG Run:consume_1_and_2_with_dataset_expressions
[2025-03-17T14:33:06.646-0400] {logging_mixin.py:190} INFO - [2025-03-17T14:33:06.646-0400] {dag.py:3239} INFO - Sync 10 DAGs
[2025-03-17T14:33:06.650-0400] {logging_mixin.py:190} INFO - [2025-03-17T14:33:06.650-0400] {dag.py:3262} INFO - Creating ORM DAG for consume_1_or_2_with_dataset_expressions
[2025-03-17T14:33:06.650-0400] {logging_mixin.py:190} INFO - [2025-03-17T14:33:06.650-0400] {dag.py:3262} INFO - Creating ORM DAG for dataset_produces_2
[2025-03-17T14:33:06.651-0400] {logging_mixin.py:190} INFO - [2025-03-17T14:33:06.651-0400] {dag.py:3262} INFO - Creating ORM DAG for dataset_produces_1
[2025-03-17T14:33:06.651-0400] {logging_mixin.py:190} INFO - [2025-03-17T14:33:06.651-0400] {dag.py:3262} INFO - Creating ORM DAG for consume_1_or_both_2_and_3_with_dataset_expressions
[2025-03-17T14:33:06.651-0400] {logging_mixin.py:190} INFO - [2025-03-17T14:33:06.651-0400] {dag.py:3262} INFO - Creating ORM DAG for dataset_consumes_1_and_2
[2025-03-17T14:33:06.651-0400] {logging_mixin.py:190} INFO - [2025-03-17T14:33:06.651-0400] {dag.py:3262} INFO - Creating ORM DAG for dataset_consumes_unknown_never_scheduled
[2025-03-17T14:33:06.651-0400] {logging_mixin.py:190} INFO - [2025-03-17T14:33:06.651-0400] {dag.py:3262} INFO - Creating ORM DAG for consume_1_and_2_with_dataset_expressions
[2025-03-17T14:33:06.651-0400] {logging_mixin.py:190} INFO - [2025-03-17T14:33:06.651-0400] {dag.py:3262} INFO - Creating ORM DAG for dataset_consumes_1_never_scheduled
[2025-03-17T14:33:06.651-0400] {logging_mixin.py:190} INFO - [2025-03-17T14:33:06.651-0400] {dag.py:3262} INFO - Creating ORM DAG for dataset_consumes_1
[2025-03-17T14:33:06.652-0400] {logging_mixin.py:190} INFO - [2025-03-17T14:33:06.652-0400] {dag.py:3262} INFO - Creating ORM DAG for conditional_dataset_and_time_based_timetable
[2025-03-17T14:33:06.655-0400] {logging_mixin.py:190} INFO - [2025-03-17T14:33:06.655-0400] {dag.py:4180} INFO - Setting next_dagrun for conditional_dataset_and_time_based_timetable to 2025-03-12 01:00:00+00:00, run_after=2025-03-12 01:00:00+00:00
[2025-03-17T14:33:06.655-0400] {logging_mixin.py:190} INFO - [2025-03-17T14:33:06.655-0400] {dag.py:4180} INFO - Setting next_dagrun for consume_1_and_2_with_dataset_expressions to None, run_after=None
[2025-03-17T14:33:06.655-0400] {logging_mixin.py:190} INFO - [2025-03-17T14:33:06.655-0400] {dag.py:4180} INFO - Setting next_dagrun for consume_1_or_2_with_dataset_expressions to None, run_after=None
[2025-03-17T14:33:06.655-0400] {logging_mixin.py:190} INFO - [2025-03-17T14:33:06.655-0400] {dag.py:4180} INFO - Setting next_dagrun for consume_1_or_both_2_and_3_with_dataset_expressions to None, run_after=None
[2025-03-17T14:33:06.655-0400] {logging_mixin.py:190} INFO - [2025-03-17T14:33:06.655-0400] {dag.py:4180} INFO - Setting next_dagrun for dataset_consumes_1 to None, run_after=None
[2025-03-17T14:33:06.655-0400] {logging_mixin.py:190} INFO - [2025-03-17T14:33:06.655-0400] {dag.py:4180} INFO - Setting next_dagrun for dataset_consumes_1_and_2 to None, run_after=None
[2025-03-17T14:33:06.656-0400] {logging_mixin.py:190} INFO - [2025-03-17T14:33:06.655-0400] {dag.py:4180} INFO - Setting next_dagrun for dataset_consumes_1_never_scheduled to None, run_after=None
[2025-03-17T14:33:06.656-0400] {logging_mixin.py:190} INFO - [2025-03-17T14:33:06.656-0400] {dag.py:4180} INFO - Setting next_dagrun for dataset_consumes_unknown_never_scheduled to None, run_after=None
[2025-03-17T14:33:06.656-0400] {logging_mixin.py:190} INFO - [2025-03-17T14:33:06.656-0400] {dag.py:4180} INFO - Setting next_dagrun for dataset_produces_1 to 2025-03-16 00:00:00+00:00, run_after=2025-03-17 00:00:00+00:00
[2025-03-17T14:33:06.656-0400] {logging_mixin.py:190} INFO - [2025-03-17T14:33:06.656-0400] {dag.py:4180} INFO - Setting next_dagrun for dataset_produces_2 to None, run_after=None
[2025-03-17T14:33:06.663-0400] {logging_mixin.py:190} INFO - [2025-03-17T14:33:06.663-0400] {workday.py:41} WARNING - Could not import pandas. Holidays will not be considered.
[2025-03-17T14:33:06.696-0400] {processor.py:208} INFO - Processing /Users/nidhipatel/ApacheAirflow_Tutorial/py_env/lib/python3.12/site-packages/airflow/example_dags/example_datasets.py took 0.287 seconds
[2025-03-17T14:35:22.855-0400] {processor.py:186} INFO - Started process (PID=32218) to work on /Users/nidhipatel/ApacheAirflow_Tutorial/py_env/lib/python3.12/site-packages/airflow/example_dags/example_datasets.py
[2025-03-17T14:35:22.855-0400] {processor.py:914} INFO - Processing file /Users/nidhipatel/ApacheAirflow_Tutorial/py_env/lib/python3.12/site-packages/airflow/example_dags/example_datasets.py for tasks to queue
[2025-03-17T14:35:22.856-0400] {logging_mixin.py:190} INFO - [2025-03-17T14:35:22.856-0400] {dagbag.py:588} INFO - Filling up the DagBag from /Users/nidhipatel/ApacheAirflow_Tutorial/py_env/lib/python3.12/site-packages/airflow/example_dags/example_datasets.py
[2025-03-17T14:35:22.879-0400] {processor.py:925} INFO - DAG(s) 'consume_1_or_both_2_and_3_with_dataset_expressions', 'conditional_dataset_and_time_based_timetable', 'dataset_consumes_unknown_never_scheduled', 'dataset_produces_2', 'dataset_produces_1', 'consume_1_or_2_with_dataset_expressions', 'dataset_consumes_1', 'dataset_consumes_1_and_2', 'dataset_consumes_1_never_scheduled', 'consume_1_and_2_with_dataset_expressions' retrieved from /Users/nidhipatel/ApacheAirflow_Tutorial/py_env/lib/python3.12/site-packages/airflow/example_dags/example_datasets.py
[2025-03-17T14:35:22.925-0400] {logging_mixin.py:190} INFO - [2025-03-17T14:35:22.925-0400] {dag.py:3239} INFO - Sync 10 DAGs
[2025-03-17T14:35:22.933-0400] {logging_mixin.py:190} INFO - [2025-03-17T14:35:22.933-0400] {dag.py:4180} INFO - Setting next_dagrun for conditional_dataset_and_time_based_timetable to 2025-03-12 01:00:00+00:00, run_after=2025-03-12 01:00:00+00:00
[2025-03-17T14:35:22.935-0400] {logging_mixin.py:190} INFO - [2025-03-17T14:35:22.935-0400] {dag.py:4180} INFO - Setting next_dagrun for consume_1_and_2_with_dataset_expressions to None, run_after=None
[2025-03-17T14:35:22.936-0400] {logging_mixin.py:190} INFO - [2025-03-17T14:35:22.936-0400] {dag.py:4180} INFO - Setting next_dagrun for consume_1_or_2_with_dataset_expressions to None, run_after=None
[2025-03-17T14:35:22.936-0400] {logging_mixin.py:190} INFO - [2025-03-17T14:35:22.936-0400] {dag.py:4180} INFO - Setting next_dagrun for consume_1_or_both_2_and_3_with_dataset_expressions to None, run_after=None
[2025-03-17T14:35:22.936-0400] {logging_mixin.py:190} INFO - [2025-03-17T14:35:22.936-0400] {dag.py:4180} INFO - Setting next_dagrun for dataset_consumes_1 to None, run_after=None
[2025-03-17T14:35:22.937-0400] {logging_mixin.py:190} INFO - [2025-03-17T14:35:22.937-0400] {dag.py:4180} INFO - Setting next_dagrun for dataset_consumes_1_and_2 to None, run_after=None
[2025-03-17T14:35:22.937-0400] {logging_mixin.py:190} INFO - [2025-03-17T14:35:22.937-0400] {dag.py:4180} INFO - Setting next_dagrun for dataset_consumes_1_never_scheduled to None, run_after=None
[2025-03-17T14:35:22.937-0400] {logging_mixin.py:190} INFO - [2025-03-17T14:35:22.937-0400] {dag.py:4180} INFO - Setting next_dagrun for dataset_consumes_unknown_never_scheduled to None, run_after=None
[2025-03-17T14:35:22.938-0400] {logging_mixin.py:190} INFO - [2025-03-17T14:35:22.938-0400] {dag.py:4180} INFO - Setting next_dagrun for dataset_produces_1 to 2025-03-16 00:00:00+00:00, run_after=2025-03-17 00:00:00+00:00
[2025-03-17T14:35:22.938-0400] {logging_mixin.py:190} INFO - [2025-03-17T14:35:22.938-0400] {dag.py:4180} INFO - Setting next_dagrun for dataset_produces_2 to None, run_after=None
[2025-03-17T14:35:22.947-0400] {processor.py:208} INFO - Processing /Users/nidhipatel/ApacheAirflow_Tutorial/py_env/lib/python3.12/site-packages/airflow/example_dags/example_datasets.py took 0.093 seconds
[2025-03-17T14:37:32.617-0400] {processor.py:186} INFO - Started process (PID=32384) to work on /Users/nidhipatel/ApacheAirflow_Tutorial/py_env/lib/python3.12/site-packages/airflow/example_dags/example_datasets.py
[2025-03-17T14:37:32.617-0400] {processor.py:914} INFO - Processing file /Users/nidhipatel/ApacheAirflow_Tutorial/py_env/lib/python3.12/site-packages/airflow/example_dags/example_datasets.py for tasks to queue
[2025-03-17T14:37:32.618-0400] {logging_mixin.py:190} INFO - [2025-03-17T14:37:32.618-0400] {dagbag.py:588} INFO - Filling up the DagBag from /Users/nidhipatel/ApacheAirflow_Tutorial/py_env/lib/python3.12/site-packages/airflow/example_dags/example_datasets.py
[2025-03-17T14:37:32.650-0400] {processor.py:925} INFO - DAG(s) 'dataset_consumes_unknown_never_scheduled', 'dataset_produces_1', 'dataset_consumes_1', 'dataset_consumes_1_and_2', 'conditional_dataset_and_time_based_timetable', 'dataset_consumes_1_never_scheduled', 'dataset_produces_2', 'consume_1_or_both_2_and_3_with_dataset_expressions', 'consume_1_or_2_with_dataset_expressions', 'consume_1_and_2_with_dataset_expressions' retrieved from /Users/nidhipatel/ApacheAirflow_Tutorial/py_env/lib/python3.12/site-packages/airflow/example_dags/example_datasets.py
[2025-03-17T14:37:32.691-0400] {logging_mixin.py:190} INFO - [2025-03-17T14:37:32.691-0400] {dag.py:3239} INFO - Sync 10 DAGs
[2025-03-17T14:37:32.698-0400] {logging_mixin.py:190} INFO - [2025-03-17T14:37:32.698-0400] {dag.py:4180} INFO - Setting next_dagrun for conditional_dataset_and_time_based_timetable to 2025-03-12 01:00:00+00:00, run_after=2025-03-12 01:00:00+00:00
[2025-03-17T14:37:32.699-0400] {logging_mixin.py:190} INFO - [2025-03-17T14:37:32.699-0400] {dag.py:4180} INFO - Setting next_dagrun for consume_1_and_2_with_dataset_expressions to None, run_after=None
[2025-03-17T14:37:32.699-0400] {logging_mixin.py:190} INFO - [2025-03-17T14:37:32.699-0400] {dag.py:4180} INFO - Setting next_dagrun for consume_1_or_2_with_dataset_expressions to None, run_after=None
[2025-03-17T14:37:32.700-0400] {logging_mixin.py:190} INFO - [2025-03-17T14:37:32.700-0400] {dag.py:4180} INFO - Setting next_dagrun for consume_1_or_both_2_and_3_with_dataset_expressions to None, run_after=None
[2025-03-17T14:37:32.700-0400] {logging_mixin.py:190} INFO - [2025-03-17T14:37:32.700-0400] {dag.py:4180} INFO - Setting next_dagrun for dataset_consumes_1 to None, run_after=None
[2025-03-17T14:37:32.700-0400] {logging_mixin.py:190} INFO - [2025-03-17T14:37:32.700-0400] {dag.py:4180} INFO - Setting next_dagrun for dataset_consumes_1_and_2 to None, run_after=None
[2025-03-17T14:37:32.701-0400] {logging_mixin.py:190} INFO - [2025-03-17T14:37:32.700-0400] {dag.py:4180} INFO - Setting next_dagrun for dataset_consumes_1_never_scheduled to None, run_after=None
[2025-03-17T14:37:32.701-0400] {logging_mixin.py:190} INFO - [2025-03-17T14:37:32.701-0400] {dag.py:4180} INFO - Setting next_dagrun for dataset_consumes_unknown_never_scheduled to None, run_after=None
[2025-03-17T14:37:32.701-0400] {logging_mixin.py:190} INFO - [2025-03-17T14:37:32.701-0400] {dag.py:4180} INFO - Setting next_dagrun for dataset_produces_1 to 2025-03-16 00:00:00+00:00, run_after=2025-03-17 00:00:00+00:00
[2025-03-17T14:37:32.702-0400] {logging_mixin.py:190} INFO - [2025-03-17T14:37:32.702-0400] {dag.py:4180} INFO - Setting next_dagrun for dataset_produces_2 to None, run_after=None
[2025-03-17T14:37:32.711-0400] {processor.py:208} INFO - Processing /Users/nidhipatel/ApacheAirflow_Tutorial/py_env/lib/python3.12/site-packages/airflow/example_dags/example_datasets.py took 0.096 seconds
[2025-03-17T14:39:35.242-0400] {processor.py:186} INFO - Started process (PID=32599) to work on /Users/nidhipatel/ApacheAirflow_Tutorial/py_env/lib/python3.12/site-packages/airflow/example_dags/example_datasets.py
[2025-03-17T14:39:35.243-0400] {processor.py:914} INFO - Processing file /Users/nidhipatel/ApacheAirflow_Tutorial/py_env/lib/python3.12/site-packages/airflow/example_dags/example_datasets.py for tasks to queue
[2025-03-17T14:39:35.243-0400] {logging_mixin.py:190} INFO - [2025-03-17T14:39:35.243-0400] {dagbag.py:588} INFO - Filling up the DagBag from /Users/nidhipatel/ApacheAirflow_Tutorial/py_env/lib/python3.12/site-packages/airflow/example_dags/example_datasets.py
[2025-03-17T14:39:35.278-0400] {processor.py:925} INFO - DAG(s) 'consume_1_and_2_with_dataset_expressions', 'consume_1_or_2_with_dataset_expressions', 'dataset_consumes_1_never_scheduled', 'dataset_produces_1', 'dataset_consumes_1_and_2', 'dataset_consumes_unknown_never_scheduled', 'conditional_dataset_and_time_based_timetable', 'consume_1_or_both_2_and_3_with_dataset_expressions', 'dataset_consumes_1', 'dataset_produces_2' retrieved from /Users/nidhipatel/ApacheAirflow_Tutorial/py_env/lib/python3.12/site-packages/airflow/example_dags/example_datasets.py
[2025-03-17T14:39:35.326-0400] {logging_mixin.py:190} INFO - [2025-03-17T14:39:35.325-0400] {dag.py:3239} INFO - Sync 10 DAGs
[2025-03-17T14:39:35.338-0400] {logging_mixin.py:190} INFO - [2025-03-17T14:39:35.337-0400] {dag.py:4180} INFO - Setting next_dagrun for conditional_dataset_and_time_based_timetable to 2025-03-12 01:00:00+00:00, run_after=2025-03-12 01:00:00+00:00
[2025-03-17T14:39:35.341-0400] {logging_mixin.py:190} INFO - [2025-03-17T14:39:35.341-0400] {dag.py:4180} INFO - Setting next_dagrun for consume_1_and_2_with_dataset_expressions to None, run_after=None
[2025-03-17T14:39:35.341-0400] {logging_mixin.py:190} INFO - [2025-03-17T14:39:35.341-0400] {dag.py:4180} INFO - Setting next_dagrun for consume_1_or_2_with_dataset_expressions to None, run_after=None
[2025-03-17T14:39:35.342-0400] {logging_mixin.py:190} INFO - [2025-03-17T14:39:35.342-0400] {dag.py:4180} INFO - Setting next_dagrun for consume_1_or_both_2_and_3_with_dataset_expressions to None, run_after=None
[2025-03-17T14:39:35.342-0400] {logging_mixin.py:190} INFO - [2025-03-17T14:39:35.342-0400] {dag.py:4180} INFO - Setting next_dagrun for dataset_consumes_1 to None, run_after=None
[2025-03-17T14:39:35.342-0400] {logging_mixin.py:190} INFO - [2025-03-17T14:39:35.342-0400] {dag.py:4180} INFO - Setting next_dagrun for dataset_consumes_1_and_2 to None, run_after=None
[2025-03-17T14:39:35.343-0400] {logging_mixin.py:190} INFO - [2025-03-17T14:39:35.343-0400] {dag.py:4180} INFO - Setting next_dagrun for dataset_consumes_1_never_scheduled to None, run_after=None
[2025-03-17T14:39:35.343-0400] {logging_mixin.py:190} INFO - [2025-03-17T14:39:35.343-0400] {dag.py:4180} INFO - Setting next_dagrun for dataset_consumes_unknown_never_scheduled to None, run_after=None
[2025-03-17T14:39:35.344-0400] {logging_mixin.py:190} INFO - [2025-03-17T14:39:35.344-0400] {dag.py:4180} INFO - Setting next_dagrun for dataset_produces_1 to 2025-03-16 00:00:00+00:00, run_after=2025-03-17 00:00:00+00:00
[2025-03-17T14:39:35.344-0400] {logging_mixin.py:190} INFO - [2025-03-17T14:39:35.344-0400] {dag.py:4180} INFO - Setting next_dagrun for dataset_produces_2 to None, run_after=None
[2025-03-17T14:39:35.359-0400] {processor.py:208} INFO - Processing /Users/nidhipatel/ApacheAirflow_Tutorial/py_env/lib/python3.12/site-packages/airflow/example_dags/example_datasets.py took 0.118 seconds
[2025-03-17T14:41:40.928-0400] {processor.py:186} INFO - Started process (PID=32783) to work on /Users/nidhipatel/ApacheAirflow_Tutorial/py_env/lib/python3.12/site-packages/airflow/example_dags/example_datasets.py
[2025-03-17T14:41:40.929-0400] {processor.py:914} INFO - Processing file /Users/nidhipatel/ApacheAirflow_Tutorial/py_env/lib/python3.12/site-packages/airflow/example_dags/example_datasets.py for tasks to queue
[2025-03-17T14:41:40.929-0400] {logging_mixin.py:190} INFO - [2025-03-17T14:41:40.929-0400] {dagbag.py:588} INFO - Filling up the DagBag from /Users/nidhipatel/ApacheAirflow_Tutorial/py_env/lib/python3.12/site-packages/airflow/example_dags/example_datasets.py
[2025-03-17T14:41:40.962-0400] {processor.py:925} INFO - DAG(s) 'dataset_consumes_unknown_never_scheduled', 'dataset_consumes_1', 'dataset_consumes_1_and_2', 'dataset_produces_2', 'consume_1_or_2_with_dataset_expressions', 'dataset_consumes_1_never_scheduled', 'consume_1_or_both_2_and_3_with_dataset_expressions', 'consume_1_and_2_with_dataset_expressions', 'dataset_produces_1', 'conditional_dataset_and_time_based_timetable' retrieved from /Users/nidhipatel/ApacheAirflow_Tutorial/py_env/lib/python3.12/site-packages/airflow/example_dags/example_datasets.py
[2025-03-17T14:41:41.006-0400] {logging_mixin.py:190} INFO - [2025-03-17T14:41:41.006-0400] {dag.py:3239} INFO - Sync 10 DAGs
[2025-03-17T14:41:41.014-0400] {logging_mixin.py:190} INFO - [2025-03-17T14:41:41.014-0400] {dag.py:4180} INFO - Setting next_dagrun for conditional_dataset_and_time_based_timetable to 2025-03-12 01:00:00+00:00, run_after=2025-03-12 01:00:00+00:00
[2025-03-17T14:41:41.015-0400] {logging_mixin.py:190} INFO - [2025-03-17T14:41:41.015-0400] {dag.py:4180} INFO - Setting next_dagrun for consume_1_and_2_with_dataset_expressions to None, run_after=None
[2025-03-17T14:41:41.015-0400] {logging_mixin.py:190} INFO - [2025-03-17T14:41:41.015-0400] {dag.py:4180} INFO - Setting next_dagrun for consume_1_or_2_with_dataset_expressions to None, run_after=None
[2025-03-17T14:41:41.016-0400] {logging_mixin.py:190} INFO - [2025-03-17T14:41:41.016-0400] {dag.py:4180} INFO - Setting next_dagrun for consume_1_or_both_2_and_3_with_dataset_expressions to None, run_after=None
[2025-03-17T14:41:41.016-0400] {logging_mixin.py:190} INFO - [2025-03-17T14:41:41.016-0400] {dag.py:4180} INFO - Setting next_dagrun for dataset_consumes_1 to None, run_after=None
[2025-03-17T14:41:41.016-0400] {logging_mixin.py:190} INFO - [2025-03-17T14:41:41.016-0400] {dag.py:4180} INFO - Setting next_dagrun for dataset_consumes_1_and_2 to None, run_after=None
[2025-03-17T14:41:41.016-0400] {logging_mixin.py:190} INFO - [2025-03-17T14:41:41.016-0400] {dag.py:4180} INFO - Setting next_dagrun for dataset_consumes_1_never_scheduled to None, run_after=None
[2025-03-17T14:41:41.017-0400] {logging_mixin.py:190} INFO - [2025-03-17T14:41:41.017-0400] {dag.py:4180} INFO - Setting next_dagrun for dataset_consumes_unknown_never_scheduled to None, run_after=None
[2025-03-17T14:41:41.017-0400] {logging_mixin.py:190} INFO - [2025-03-17T14:41:41.017-0400] {dag.py:4180} INFO - Setting next_dagrun for dataset_produces_1 to 2025-03-16 00:00:00+00:00, run_after=2025-03-17 00:00:00+00:00
[2025-03-17T14:41:41.018-0400] {logging_mixin.py:190} INFO - [2025-03-17T14:41:41.018-0400] {dag.py:4180} INFO - Setting next_dagrun for dataset_produces_2 to None, run_after=None
[2025-03-17T14:41:41.029-0400] {processor.py:208} INFO - Processing /Users/nidhipatel/ApacheAirflow_Tutorial/py_env/lib/python3.12/site-packages/airflow/example_dags/example_datasets.py took 0.103 seconds
[2025-03-17T14:43:53.260-0400] {processor.py:186} INFO - Started process (PID=32947) to work on /Users/nidhipatel/ApacheAirflow_Tutorial/py_env/lib/python3.12/site-packages/airflow/example_dags/example_datasets.py
[2025-03-17T14:43:53.261-0400] {processor.py:914} INFO - Processing file /Users/nidhipatel/ApacheAirflow_Tutorial/py_env/lib/python3.12/site-packages/airflow/example_dags/example_datasets.py for tasks to queue
[2025-03-17T14:43:53.262-0400] {logging_mixin.py:190} INFO - [2025-03-17T14:43:53.262-0400] {dagbag.py:588} INFO - Filling up the DagBag from /Users/nidhipatel/ApacheAirflow_Tutorial/py_env/lib/python3.12/site-packages/airflow/example_dags/example_datasets.py
[2025-03-17T14:43:53.303-0400] {processor.py:925} INFO - DAG(s) 'dataset_consumes_1_and_2', 'dataset_produces_1', 'dataset_consumes_1_never_scheduled', 'consume_1_or_both_2_and_3_with_dataset_expressions', 'dataset_produces_2', 'consume_1_and_2_with_dataset_expressions', 'consume_1_or_2_with_dataset_expressions', 'conditional_dataset_and_time_based_timetable', 'dataset_consumes_1', 'dataset_consumes_unknown_never_scheduled' retrieved from /Users/nidhipatel/ApacheAirflow_Tutorial/py_env/lib/python3.12/site-packages/airflow/example_dags/example_datasets.py
[2025-03-17T14:43:53.348-0400] {logging_mixin.py:190} INFO - [2025-03-17T14:43:53.348-0400] {dag.py:3239} INFO - Sync 10 DAGs
[2025-03-17T14:43:53.356-0400] {logging_mixin.py:190} INFO - [2025-03-17T14:43:53.356-0400] {dag.py:4180} INFO - Setting next_dagrun for conditional_dataset_and_time_based_timetable to 2025-03-12 01:00:00+00:00, run_after=2025-03-12 01:00:00+00:00
[2025-03-17T14:43:53.357-0400] {logging_mixin.py:190} INFO - [2025-03-17T14:43:53.357-0400] {dag.py:4180} INFO - Setting next_dagrun for consume_1_and_2_with_dataset_expressions to None, run_after=None
[2025-03-17T14:43:53.357-0400] {logging_mixin.py:190} INFO - [2025-03-17T14:43:53.357-0400] {dag.py:4180} INFO - Setting next_dagrun for consume_1_or_2_with_dataset_expressions to None, run_after=None
[2025-03-17T14:43:53.357-0400] {logging_mixin.py:190} INFO - [2025-03-17T14:43:53.357-0400] {dag.py:4180} INFO - Setting next_dagrun for consume_1_or_both_2_and_3_with_dataset_expressions to None, run_after=None
[2025-03-17T14:43:53.358-0400] {logging_mixin.py:190} INFO - [2025-03-17T14:43:53.358-0400] {dag.py:4180} INFO - Setting next_dagrun for dataset_consumes_1 to None, run_after=None
[2025-03-17T14:43:53.358-0400] {logging_mixin.py:190} INFO - [2025-03-17T14:43:53.358-0400] {dag.py:4180} INFO - Setting next_dagrun for dataset_consumes_1_and_2 to None, run_after=None
[2025-03-17T14:43:53.358-0400] {logging_mixin.py:190} INFO - [2025-03-17T14:43:53.358-0400] {dag.py:4180} INFO - Setting next_dagrun for dataset_consumes_1_never_scheduled to None, run_after=None
[2025-03-17T14:43:53.358-0400] {logging_mixin.py:190} INFO - [2025-03-17T14:43:53.358-0400] {dag.py:4180} INFO - Setting next_dagrun for dataset_consumes_unknown_never_scheduled to None, run_after=None
[2025-03-17T14:43:53.359-0400] {logging_mixin.py:190} INFO - [2025-03-17T14:43:53.359-0400] {dag.py:4180} INFO - Setting next_dagrun for dataset_produces_1 to 2025-03-16 00:00:00+00:00, run_after=2025-03-17 00:00:00+00:00
[2025-03-17T14:43:53.359-0400] {logging_mixin.py:190} INFO - [2025-03-17T14:43:53.359-0400] {dag.py:4180} INFO - Setting next_dagrun for dataset_produces_2 to None, run_after=None
[2025-03-17T14:43:53.368-0400] {processor.py:208} INFO - Processing /Users/nidhipatel/ApacheAirflow_Tutorial/py_env/lib/python3.12/site-packages/airflow/example_dags/example_datasets.py took 0.111 seconds
[2025-03-17T14:46:10.080-0400] {processor.py:186} INFO - Started process (PID=33137) to work on /Users/nidhipatel/ApacheAirflow_Tutorial/py_env/lib/python3.12/site-packages/airflow/example_dags/example_datasets.py
[2025-03-17T14:46:10.081-0400] {processor.py:914} INFO - Processing file /Users/nidhipatel/ApacheAirflow_Tutorial/py_env/lib/python3.12/site-packages/airflow/example_dags/example_datasets.py for tasks to queue
[2025-03-17T14:46:10.081-0400] {logging_mixin.py:190} INFO - [2025-03-17T14:46:10.081-0400] {dagbag.py:588} INFO - Filling up the DagBag from /Users/nidhipatel/ApacheAirflow_Tutorial/py_env/lib/python3.12/site-packages/airflow/example_dags/example_datasets.py
[2025-03-17T14:46:10.115-0400] {processor.py:925} INFO - DAG(s) 'conditional_dataset_and_time_based_timetable', 'consume_1_or_both_2_and_3_with_dataset_expressions', 'dataset_consumes_1_never_scheduled', 'consume_1_or_2_with_dataset_expressions', 'dataset_consumes_1', 'dataset_consumes_unknown_never_scheduled', 'dataset_produces_1', 'consume_1_and_2_with_dataset_expressions', 'dataset_produces_2', 'dataset_consumes_1_and_2' retrieved from /Users/nidhipatel/ApacheAirflow_Tutorial/py_env/lib/python3.12/site-packages/airflow/example_dags/example_datasets.py
[2025-03-17T14:46:10.160-0400] {logging_mixin.py:190} INFO - [2025-03-17T14:46:10.160-0400] {dag.py:3239} INFO - Sync 10 DAGs
[2025-03-17T14:46:10.169-0400] {logging_mixin.py:190} INFO - [2025-03-17T14:46:10.169-0400] {dag.py:4180} INFO - Setting next_dagrun for conditional_dataset_and_time_based_timetable to 2025-03-12 01:00:00+00:00, run_after=2025-03-12 01:00:00+00:00
[2025-03-17T14:46:10.171-0400] {logging_mixin.py:190} INFO - [2025-03-17T14:46:10.171-0400] {dag.py:4180} INFO - Setting next_dagrun for consume_1_and_2_with_dataset_expressions to None, run_after=None
[2025-03-17T14:46:10.171-0400] {logging_mixin.py:190} INFO - [2025-03-17T14:46:10.171-0400] {dag.py:4180} INFO - Setting next_dagrun for consume_1_or_2_with_dataset_expressions to None, run_after=None
[2025-03-17T14:46:10.171-0400] {logging_mixin.py:190} INFO - [2025-03-17T14:46:10.171-0400] {dag.py:4180} INFO - Setting next_dagrun for consume_1_or_both_2_and_3_with_dataset_expressions to None, run_after=None
[2025-03-17T14:46:10.172-0400] {logging_mixin.py:190} INFO - [2025-03-17T14:46:10.172-0400] {dag.py:4180} INFO - Setting next_dagrun for dataset_consumes_1 to None, run_after=None
[2025-03-17T14:46:10.172-0400] {logging_mixin.py:190} INFO - [2025-03-17T14:46:10.172-0400] {dag.py:4180} INFO - Setting next_dagrun for dataset_consumes_1_and_2 to None, run_after=None
[2025-03-17T14:46:10.172-0400] {logging_mixin.py:190} INFO - [2025-03-17T14:46:10.172-0400] {dag.py:4180} INFO - Setting next_dagrun for dataset_consumes_1_never_scheduled to None, run_after=None
[2025-03-17T14:46:10.172-0400] {logging_mixin.py:190} INFO - [2025-03-17T14:46:10.172-0400] {dag.py:4180} INFO - Setting next_dagrun for dataset_consumes_unknown_never_scheduled to None, run_after=None
[2025-03-17T14:46:10.173-0400] {logging_mixin.py:190} INFO - [2025-03-17T14:46:10.173-0400] {dag.py:4180} INFO - Setting next_dagrun for dataset_produces_1 to 2025-03-16 00:00:00+00:00, run_after=2025-03-17 00:00:00+00:00
[2025-03-17T14:46:10.173-0400] {logging_mixin.py:190} INFO - [2025-03-17T14:46:10.173-0400] {dag.py:4180} INFO - Setting next_dagrun for dataset_produces_2 to None, run_after=None
[2025-03-17T14:46:10.184-0400] {processor.py:208} INFO - Processing /Users/nidhipatel/ApacheAirflow_Tutorial/py_env/lib/python3.12/site-packages/airflow/example_dags/example_datasets.py took 0.106 seconds
[2025-03-17T14:48:28.000-0400] {processor.py:186} INFO - Started process (PID=33312) to work on /Users/nidhipatel/ApacheAirflow_Tutorial/py_env/lib/python3.12/site-packages/airflow/example_dags/example_datasets.py
[2025-03-17T14:48:28.001-0400] {processor.py:914} INFO - Processing file /Users/nidhipatel/ApacheAirflow_Tutorial/py_env/lib/python3.12/site-packages/airflow/example_dags/example_datasets.py for tasks to queue
[2025-03-17T14:48:28.002-0400] {logging_mixin.py:190} INFO - [2025-03-17T14:48:28.002-0400] {dagbag.py:588} INFO - Filling up the DagBag from /Users/nidhipatel/ApacheAirflow_Tutorial/py_env/lib/python3.12/site-packages/airflow/example_dags/example_datasets.py
[2025-03-17T14:48:28.035-0400] {processor.py:925} INFO - DAG(s) 'consume_1_or_2_with_dataset_expressions', 'consume_1_and_2_with_dataset_expressions', 'dataset_produces_2', 'dataset_produces_1', 'consume_1_or_both_2_and_3_with_dataset_expressions', 'conditional_dataset_and_time_based_timetable', 'dataset_consumes_1_never_scheduled', 'dataset_consumes_1', 'dataset_consumes_1_and_2', 'dataset_consumes_unknown_never_scheduled' retrieved from /Users/nidhipatel/ApacheAirflow_Tutorial/py_env/lib/python3.12/site-packages/airflow/example_dags/example_datasets.py
[2025-03-17T14:48:28.076-0400] {logging_mixin.py:190} INFO - [2025-03-17T14:48:28.076-0400] {dag.py:3239} INFO - Sync 10 DAGs
[2025-03-17T14:48:28.083-0400] {logging_mixin.py:190} INFO - [2025-03-17T14:48:28.083-0400] {dag.py:4180} INFO - Setting next_dagrun for conditional_dataset_and_time_based_timetable to 2025-03-12 01:00:00+00:00, run_after=2025-03-12 01:00:00+00:00
[2025-03-17T14:48:28.085-0400] {logging_mixin.py:190} INFO - [2025-03-17T14:48:28.085-0400] {dag.py:4180} INFO - Setting next_dagrun for consume_1_and_2_with_dataset_expressions to None, run_after=None
[2025-03-17T14:48:28.086-0400] {logging_mixin.py:190} INFO - [2025-03-17T14:48:28.086-0400] {dag.py:4180} INFO - Setting next_dagrun for consume_1_or_2_with_dataset_expressions to None, run_after=None
[2025-03-17T14:48:28.086-0400] {logging_mixin.py:190} INFO - [2025-03-17T14:48:28.086-0400] {dag.py:4180} INFO - Setting next_dagrun for consume_1_or_both_2_and_3_with_dataset_expressions to None, run_after=None
[2025-03-17T14:48:28.086-0400] {logging_mixin.py:190} INFO - [2025-03-17T14:48:28.086-0400] {dag.py:4180} INFO - Setting next_dagrun for dataset_consumes_1 to None, run_after=None
[2025-03-17T14:48:28.087-0400] {logging_mixin.py:190} INFO - [2025-03-17T14:48:28.087-0400] {dag.py:4180} INFO - Setting next_dagrun for dataset_consumes_1_and_2 to None, run_after=None
[2025-03-17T14:48:28.087-0400] {logging_mixin.py:190} INFO - [2025-03-17T14:48:28.087-0400] {dag.py:4180} INFO - Setting next_dagrun for dataset_consumes_1_never_scheduled to None, run_after=None
[2025-03-17T14:48:28.087-0400] {logging_mixin.py:190} INFO - [2025-03-17T14:48:28.087-0400] {dag.py:4180} INFO - Setting next_dagrun for dataset_consumes_unknown_never_scheduled to None, run_after=None
[2025-03-17T14:48:28.088-0400] {logging_mixin.py:190} INFO - [2025-03-17T14:48:28.088-0400] {dag.py:4180} INFO - Setting next_dagrun for dataset_produces_1 to 2025-03-16 00:00:00+00:00, run_after=2025-03-17 00:00:00+00:00
[2025-03-17T14:48:28.088-0400] {logging_mixin.py:190} INFO - [2025-03-17T14:48:28.088-0400] {dag.py:4180} INFO - Setting next_dagrun for dataset_produces_2 to None, run_after=None
[2025-03-17T14:48:28.097-0400] {processor.py:208} INFO - Processing /Users/nidhipatel/ApacheAirflow_Tutorial/py_env/lib/python3.12/site-packages/airflow/example_dags/example_datasets.py took 0.098 seconds
[2025-03-17T14:50:36.364-0400] {processor.py:186} INFO - Started process (PID=33501) to work on /Users/nidhipatel/ApacheAirflow_Tutorial/py_env/lib/python3.12/site-packages/airflow/example_dags/example_datasets.py
[2025-03-17T14:50:36.364-0400] {processor.py:914} INFO - Processing file /Users/nidhipatel/ApacheAirflow_Tutorial/py_env/lib/python3.12/site-packages/airflow/example_dags/example_datasets.py for tasks to queue
[2025-03-17T14:50:36.365-0400] {logging_mixin.py:190} INFO - [2025-03-17T14:50:36.365-0400] {dagbag.py:588} INFO - Filling up the DagBag from /Users/nidhipatel/ApacheAirflow_Tutorial/py_env/lib/python3.12/site-packages/airflow/example_dags/example_datasets.py
[2025-03-17T14:50:36.399-0400] {processor.py:925} INFO - DAG(s) 'consume_1_or_both_2_and_3_with_dataset_expressions', 'consume_1_or_2_with_dataset_expressions', 'conditional_dataset_and_time_based_timetable', 'dataset_consumes_1', 'dataset_consumes_1_and_2', 'dataset_consumes_unknown_never_scheduled', 'dataset_produces_1', 'dataset_produces_2', 'consume_1_and_2_with_dataset_expressions', 'dataset_consumes_1_never_scheduled' retrieved from /Users/nidhipatel/ApacheAirflow_Tutorial/py_env/lib/python3.12/site-packages/airflow/example_dags/example_datasets.py
[2025-03-17T14:50:36.440-0400] {logging_mixin.py:190} INFO - [2025-03-17T14:50:36.440-0400] {dag.py:3239} INFO - Sync 10 DAGs
[2025-03-17T14:50:36.448-0400] {logging_mixin.py:190} INFO - [2025-03-17T14:50:36.448-0400] {dag.py:4180} INFO - Setting next_dagrun for conditional_dataset_and_time_based_timetable to 2025-03-12 01:00:00+00:00, run_after=2025-03-12 01:00:00+00:00
[2025-03-17T14:50:36.449-0400] {logging_mixin.py:190} INFO - [2025-03-17T14:50:36.449-0400] {dag.py:4180} INFO - Setting next_dagrun for consume_1_and_2_with_dataset_expressions to None, run_after=None
[2025-03-17T14:50:36.450-0400] {logging_mixin.py:190} INFO - [2025-03-17T14:50:36.450-0400] {dag.py:4180} INFO - Setting next_dagrun for consume_1_or_2_with_dataset_expressions to None, run_after=None
[2025-03-17T14:50:36.450-0400] {logging_mixin.py:190} INFO - [2025-03-17T14:50:36.450-0400] {dag.py:4180} INFO - Setting next_dagrun for consume_1_or_both_2_and_3_with_dataset_expressions to None, run_after=None
[2025-03-17T14:50:36.450-0400] {logging_mixin.py:190} INFO - [2025-03-17T14:50:36.450-0400] {dag.py:4180} INFO - Setting next_dagrun for dataset_consumes_1 to None, run_after=None
[2025-03-17T14:50:36.451-0400] {logging_mixin.py:190} INFO - [2025-03-17T14:50:36.451-0400] {dag.py:4180} INFO - Setting next_dagrun for dataset_consumes_1_and_2 to None, run_after=None
[2025-03-17T14:50:36.451-0400] {logging_mixin.py:190} INFO - [2025-03-17T14:50:36.451-0400] {dag.py:4180} INFO - Setting next_dagrun for dataset_consumes_1_never_scheduled to None, run_after=None
[2025-03-17T14:50:36.451-0400] {logging_mixin.py:190} INFO - [2025-03-17T14:50:36.451-0400] {dag.py:4180} INFO - Setting next_dagrun for dataset_consumes_unknown_never_scheduled to None, run_after=None
[2025-03-17T14:50:36.452-0400] {logging_mixin.py:190} INFO - [2025-03-17T14:50:36.452-0400] {dag.py:4180} INFO - Setting next_dagrun for dataset_produces_1 to 2025-03-16 00:00:00+00:00, run_after=2025-03-17 00:00:00+00:00
[2025-03-17T14:50:36.452-0400] {logging_mixin.py:190} INFO - [2025-03-17T14:50:36.452-0400] {dag.py:4180} INFO - Setting next_dagrun for dataset_produces_2 to None, run_after=None
[2025-03-17T14:50:36.461-0400] {processor.py:208} INFO - Processing /Users/nidhipatel/ApacheAirflow_Tutorial/py_env/lib/python3.12/site-packages/airflow/example_dags/example_datasets.py took 0.099 seconds
[2025-03-17T14:52:52.207-0400] {processor.py:186} INFO - Started process (PID=33925) to work on /Users/nidhipatel/ApacheAirflow_Tutorial/py_env/lib/python3.12/site-packages/airflow/example_dags/example_datasets.py
[2025-03-17T14:52:52.208-0400] {processor.py:914} INFO - Processing file /Users/nidhipatel/ApacheAirflow_Tutorial/py_env/lib/python3.12/site-packages/airflow/example_dags/example_datasets.py for tasks to queue
[2025-03-17T14:52:52.208-0400] {logging_mixin.py:190} INFO - [2025-03-17T14:52:52.208-0400] {dagbag.py:588} INFO - Filling up the DagBag from /Users/nidhipatel/ApacheAirflow_Tutorial/py_env/lib/python3.12/site-packages/airflow/example_dags/example_datasets.py
[2025-03-17T14:52:52.237-0400] {processor.py:925} INFO - DAG(s) 'dataset_consumes_1', 'dataset_consumes_unknown_never_scheduled', 'consume_1_or_both_2_and_3_with_dataset_expressions', 'consume_1_or_2_with_dataset_expressions', 'dataset_consumes_1_and_2', 'dataset_produces_1', 'dataset_produces_2', 'dataset_consumes_1_never_scheduled', 'conditional_dataset_and_time_based_timetable', 'consume_1_and_2_with_dataset_expressions' retrieved from /Users/nidhipatel/ApacheAirflow_Tutorial/py_env/lib/python3.12/site-packages/airflow/example_dags/example_datasets.py
[2025-03-17T14:52:52.279-0400] {logging_mixin.py:190} INFO - [2025-03-17T14:52:52.279-0400] {dag.py:3239} INFO - Sync 10 DAGs
[2025-03-17T14:52:52.286-0400] {logging_mixin.py:190} INFO - [2025-03-17T14:52:52.286-0400] {dag.py:4180} INFO - Setting next_dagrun for conditional_dataset_and_time_based_timetable to 2025-03-12 01:00:00+00:00, run_after=2025-03-12 01:00:00+00:00
[2025-03-17T14:52:52.288-0400] {logging_mixin.py:190} INFO - [2025-03-17T14:52:52.287-0400] {dag.py:4180} INFO - Setting next_dagrun for consume_1_and_2_with_dataset_expressions to None, run_after=None
[2025-03-17T14:52:52.288-0400] {logging_mixin.py:190} INFO - [2025-03-17T14:52:52.288-0400] {dag.py:4180} INFO - Setting next_dagrun for consume_1_or_2_with_dataset_expressions to None, run_after=None
[2025-03-17T14:52:52.288-0400] {logging_mixin.py:190} INFO - [2025-03-17T14:52:52.288-0400] {dag.py:4180} INFO - Setting next_dagrun for consume_1_or_both_2_and_3_with_dataset_expressions to None, run_after=None
[2025-03-17T14:52:52.288-0400] {logging_mixin.py:190} INFO - [2025-03-17T14:52:52.288-0400] {dag.py:4180} INFO - Setting next_dagrun for dataset_consumes_1 to None, run_after=None
[2025-03-17T14:52:52.289-0400] {logging_mixin.py:190} INFO - [2025-03-17T14:52:52.289-0400] {dag.py:4180} INFO - Setting next_dagrun for dataset_consumes_1_and_2 to None, run_after=None
[2025-03-17T14:52:52.289-0400] {logging_mixin.py:190} INFO - [2025-03-17T14:52:52.289-0400] {dag.py:4180} INFO - Setting next_dagrun for dataset_consumes_1_never_scheduled to None, run_after=None
[2025-03-17T14:52:52.289-0400] {logging_mixin.py:190} INFO - [2025-03-17T14:52:52.289-0400] {dag.py:4180} INFO - Setting next_dagrun for dataset_consumes_unknown_never_scheduled to None, run_after=None
[2025-03-17T14:52:52.290-0400] {logging_mixin.py:190} INFO - [2025-03-17T14:52:52.290-0400] {dag.py:4180} INFO - Setting next_dagrun for dataset_produces_1 to 2025-03-16 00:00:00+00:00, run_after=2025-03-17 00:00:00+00:00
[2025-03-17T14:52:52.290-0400] {logging_mixin.py:190} INFO - [2025-03-17T14:52:52.290-0400] {dag.py:4180} INFO - Setting next_dagrun for dataset_produces_2 to None, run_after=None
[2025-03-17T14:52:52.299-0400] {processor.py:208} INFO - Processing /Users/nidhipatel/ApacheAirflow_Tutorial/py_env/lib/python3.12/site-packages/airflow/example_dags/example_datasets.py took 0.094 seconds
