[2025-03-17T14:33:17.465-0400] {processor.py:186} INFO - Started process (PID=32056) to work on /Users/nidhipatel/ApacheAirflow_Tutorial/py_env/lib/python3.12/site-packages/airflow/example_dags/example_branch_operator_decorator.py
[2025-03-17T14:33:17.465-0400] {processor.py:914} INFO - Processing file /Users/nidhipatel/ApacheAirflow_Tutorial/py_env/lib/python3.12/site-packages/airflow/example_dags/example_branch_operator_decorator.py for tasks to queue
[2025-03-17T14:33:17.466-0400] {logging_mixin.py:190} INFO - [2025-03-17T14:33:17.466-0400] {dagbag.py:588} INFO - Filling up the DagBag from /Users/nidhipatel/ApacheAirflow_Tutorial/py_env/lib/python3.12/site-packages/airflow/example_dags/example_branch_operator_decorator.py
[2025-03-17T14:33:17.486-0400] {processor.py:925} INFO - DAG(s) 'example_branch_python_operator_decorator' retrieved from /Users/nidhipatel/ApacheAirflow_Tutorial/py_env/lib/python3.12/site-packages/airflow/example_dags/example_branch_operator_decorator.py
[2025-03-17T14:33:17.556-0400] {logging_mixin.py:190} INFO - [2025-03-17T14:33:17.556-0400] {override.py:1912} INFO - Created Permission View: can edit on DAG:example_branch_python_operator_decorator
[2025-03-17T14:33:17.559-0400] {logging_mixin.py:190} INFO - [2025-03-17T14:33:17.559-0400] {override.py:1912} INFO - Created Permission View: can delete on DAG:example_branch_python_operator_decorator
[2025-03-17T14:33:17.561-0400] {logging_mixin.py:190} INFO - [2025-03-17T14:33:17.561-0400] {override.py:1912} INFO - Created Permission View: can read on DAG:example_branch_python_operator_decorator
[2025-03-17T14:33:17.564-0400] {logging_mixin.py:190} INFO - [2025-03-17T14:33:17.564-0400] {override.py:1912} INFO - Created Permission View: can delete on DAG Run:example_branch_python_operator_decorator
[2025-03-17T14:33:17.566-0400] {logging_mixin.py:190} INFO - [2025-03-17T14:33:17.566-0400] {override.py:1912} INFO - Created Permission View: can read on DAG Run:example_branch_python_operator_decorator
[2025-03-17T14:33:17.568-0400] {logging_mixin.py:190} INFO - [2025-03-17T14:33:17.568-0400] {override.py:1912} INFO - Created Permission View: menu access on DAG Run:example_branch_python_operator_decorator
[2025-03-17T14:33:17.569-0400] {logging_mixin.py:190} INFO - [2025-03-17T14:33:17.569-0400] {override.py:1912} INFO - Created Permission View: can create on DAG Run:example_branch_python_operator_decorator
[2025-03-17T14:33:17.570-0400] {logging_mixin.py:190} INFO - [2025-03-17T14:33:17.569-0400] {dag.py:3239} INFO - Sync 1 DAGs
[2025-03-17T14:33:17.573-0400] {logging_mixin.py:190} INFO - [2025-03-17T14:33:17.573-0400] {dag.py:3262} INFO - Creating ORM DAG for example_branch_python_operator_decorator
[2025-03-17T14:33:17.577-0400] {logging_mixin.py:190} INFO - [2025-03-17T14:33:17.577-0400] {dag.py:4180} INFO - Setting next_dagrun for example_branch_python_operator_decorator to 2025-03-16 00:00:00+00:00, run_after=2025-03-17 00:00:00+00:00
[2025-03-17T14:33:17.607-0400] {processor.py:208} INFO - Processing /Users/nidhipatel/ApacheAirflow_Tutorial/py_env/lib/python3.12/site-packages/airflow/example_dags/example_branch_operator_decorator.py took 0.143 seconds
[2025-03-17T14:35:33.409-0400] {processor.py:186} INFO - Started process (PID=32230) to work on /Users/nidhipatel/ApacheAirflow_Tutorial/py_env/lib/python3.12/site-packages/airflow/example_dags/example_branch_operator_decorator.py
[2025-03-17T14:35:33.409-0400] {processor.py:914} INFO - Processing file /Users/nidhipatel/ApacheAirflow_Tutorial/py_env/lib/python3.12/site-packages/airflow/example_dags/example_branch_operator_decorator.py for tasks to queue
[2025-03-17T14:35:33.410-0400] {logging_mixin.py:190} INFO - [2025-03-17T14:35:33.410-0400] {dagbag.py:588} INFO - Filling up the DagBag from /Users/nidhipatel/ApacheAirflow_Tutorial/py_env/lib/python3.12/site-packages/airflow/example_dags/example_branch_operator_decorator.py
[2025-03-17T14:35:33.431-0400] {processor.py:925} INFO - DAG(s) 'example_branch_python_operator_decorator' retrieved from /Users/nidhipatel/ApacheAirflow_Tutorial/py_env/lib/python3.12/site-packages/airflow/example_dags/example_branch_operator_decorator.py
[2025-03-17T14:35:33.527-0400] {logging_mixin.py:190} INFO - [2025-03-17T14:35:33.526-0400] {dag.py:3239} INFO - Sync 1 DAGs
[2025-03-17T14:35:33.533-0400] {logging_mixin.py:190} INFO - [2025-03-17T14:35:33.533-0400] {dag.py:4180} INFO - Setting next_dagrun for example_branch_python_operator_decorator to 2025-03-16 00:00:00+00:00, run_after=2025-03-17 00:00:00+00:00
[2025-03-17T14:35:33.565-0400] {processor.py:208} INFO - Processing /Users/nidhipatel/ApacheAirflow_Tutorial/py_env/lib/python3.12/site-packages/airflow/example_dags/example_branch_operator_decorator.py took 0.158 seconds
[2025-03-17T14:37:42.225-0400] {processor.py:186} INFO - Started process (PID=32396) to work on /Users/nidhipatel/ApacheAirflow_Tutorial/py_env/lib/python3.12/site-packages/airflow/example_dags/example_branch_operator_decorator.py
[2025-03-17T14:37:42.226-0400] {processor.py:914} INFO - Processing file /Users/nidhipatel/ApacheAirflow_Tutorial/py_env/lib/python3.12/site-packages/airflow/example_dags/example_branch_operator_decorator.py for tasks to queue
[2025-03-17T14:37:42.226-0400] {logging_mixin.py:190} INFO - [2025-03-17T14:37:42.226-0400] {dagbag.py:588} INFO - Filling up the DagBag from /Users/nidhipatel/ApacheAirflow_Tutorial/py_env/lib/python3.12/site-packages/airflow/example_dags/example_branch_operator_decorator.py
[2025-03-17T14:37:42.245-0400] {processor.py:925} INFO - DAG(s) 'example_branch_python_operator_decorator' retrieved from /Users/nidhipatel/ApacheAirflow_Tutorial/py_env/lib/python3.12/site-packages/airflow/example_dags/example_branch_operator_decorator.py
[2025-03-17T14:37:42.311-0400] {logging_mixin.py:190} INFO - [2025-03-17T14:37:42.310-0400] {dag.py:3239} INFO - Sync 1 DAGs
[2025-03-17T14:37:42.317-0400] {logging_mixin.py:190} INFO - [2025-03-17T14:37:42.316-0400] {dag.py:4180} INFO - Setting next_dagrun for example_branch_python_operator_decorator to 2025-03-16 00:00:00+00:00, run_after=2025-03-17 00:00:00+00:00
[2025-03-17T14:37:42.346-0400] {processor.py:208} INFO - Processing /Users/nidhipatel/ApacheAirflow_Tutorial/py_env/lib/python3.12/site-packages/airflow/example_dags/example_branch_operator_decorator.py took 0.123 seconds
[2025-03-17T14:39:44.876-0400] {processor.py:186} INFO - Started process (PID=32615) to work on /Users/nidhipatel/ApacheAirflow_Tutorial/py_env/lib/python3.12/site-packages/airflow/example_dags/example_branch_operator_decorator.py
[2025-03-17T14:39:44.876-0400] {processor.py:914} INFO - Processing file /Users/nidhipatel/ApacheAirflow_Tutorial/py_env/lib/python3.12/site-packages/airflow/example_dags/example_branch_operator_decorator.py for tasks to queue
[2025-03-17T14:39:44.877-0400] {logging_mixin.py:190} INFO - [2025-03-17T14:39:44.877-0400] {dagbag.py:588} INFO - Filling up the DagBag from /Users/nidhipatel/ApacheAirflow_Tutorial/py_env/lib/python3.12/site-packages/airflow/example_dags/example_branch_operator_decorator.py
[2025-03-17T14:39:44.897-0400] {processor.py:925} INFO - DAG(s) 'example_branch_python_operator_decorator' retrieved from /Users/nidhipatel/ApacheAirflow_Tutorial/py_env/lib/python3.12/site-packages/airflow/example_dags/example_branch_operator_decorator.py
[2025-03-17T14:39:44.993-0400] {logging_mixin.py:190} INFO - [2025-03-17T14:39:44.992-0400] {dag.py:3239} INFO - Sync 1 DAGs
[2025-03-17T14:39:44.999-0400] {logging_mixin.py:190} INFO - [2025-03-17T14:39:44.999-0400] {dag.py:4180} INFO - Setting next_dagrun for example_branch_python_operator_decorator to 2025-03-16 00:00:00+00:00, run_after=2025-03-17 00:00:00+00:00
[2025-03-17T14:39:45.031-0400] {processor.py:208} INFO - Processing /Users/nidhipatel/ApacheAirflow_Tutorial/py_env/lib/python3.12/site-packages/airflow/example_dags/example_branch_operator_decorator.py took 0.157 seconds
[2025-03-17T14:41:51.227-0400] {processor.py:186} INFO - Started process (PID=32796) to work on /Users/nidhipatel/ApacheAirflow_Tutorial/py_env/lib/python3.12/site-packages/airflow/example_dags/example_branch_operator_decorator.py
[2025-03-17T14:41:51.228-0400] {processor.py:914} INFO - Processing file /Users/nidhipatel/ApacheAirflow_Tutorial/py_env/lib/python3.12/site-packages/airflow/example_dags/example_branch_operator_decorator.py for tasks to queue
[2025-03-17T14:41:51.228-0400] {logging_mixin.py:190} INFO - [2025-03-17T14:41:51.228-0400] {dagbag.py:588} INFO - Filling up the DagBag from /Users/nidhipatel/ApacheAirflow_Tutorial/py_env/lib/python3.12/site-packages/airflow/example_dags/example_branch_operator_decorator.py
[2025-03-17T14:41:51.248-0400] {processor.py:925} INFO - DAG(s) 'example_branch_python_operator_decorator' retrieved from /Users/nidhipatel/ApacheAirflow_Tutorial/py_env/lib/python3.12/site-packages/airflow/example_dags/example_branch_operator_decorator.py
[2025-03-17T14:41:51.337-0400] {logging_mixin.py:190} INFO - [2025-03-17T14:41:51.337-0400] {dag.py:3239} INFO - Sync 1 DAGs
[2025-03-17T14:41:51.343-0400] {logging_mixin.py:190} INFO - [2025-03-17T14:41:51.343-0400] {dag.py:4180} INFO - Setting next_dagrun for example_branch_python_operator_decorator to 2025-03-16 00:00:00+00:00, run_after=2025-03-17 00:00:00+00:00
[2025-03-17T14:41:51.373-0400] {processor.py:208} INFO - Processing /Users/nidhipatel/ApacheAirflow_Tutorial/py_env/lib/python3.12/site-packages/airflow/example_dags/example_branch_operator_decorator.py took 0.147 seconds
[2025-03-17T14:44:02.688-0400] {processor.py:186} INFO - Started process (PID=32961) to work on /Users/nidhipatel/ApacheAirflow_Tutorial/py_env/lib/python3.12/site-packages/airflow/example_dags/example_branch_operator_decorator.py
[2025-03-17T14:44:02.688-0400] {processor.py:914} INFO - Processing file /Users/nidhipatel/ApacheAirflow_Tutorial/py_env/lib/python3.12/site-packages/airflow/example_dags/example_branch_operator_decorator.py for tasks to queue
[2025-03-17T14:44:02.689-0400] {logging_mixin.py:190} INFO - [2025-03-17T14:44:02.689-0400] {dagbag.py:588} INFO - Filling up the DagBag from /Users/nidhipatel/ApacheAirflow_Tutorial/py_env/lib/python3.12/site-packages/airflow/example_dags/example_branch_operator_decorator.py
[2025-03-17T14:44:02.709-0400] {processor.py:925} INFO - DAG(s) 'example_branch_python_operator_decorator' retrieved from /Users/nidhipatel/ApacheAirflow_Tutorial/py_env/lib/python3.12/site-packages/airflow/example_dags/example_branch_operator_decorator.py
[2025-03-17T14:44:02.777-0400] {logging_mixin.py:190} INFO - [2025-03-17T14:44:02.777-0400] {dag.py:3239} INFO - Sync 1 DAGs
[2025-03-17T14:44:02.783-0400] {logging_mixin.py:190} INFO - [2025-03-17T14:44:02.783-0400] {dag.py:4180} INFO - Setting next_dagrun for example_branch_python_operator_decorator to 2025-03-16 00:00:00+00:00, run_after=2025-03-17 00:00:00+00:00
[2025-03-17T14:44:02.815-0400] {processor.py:208} INFO - Processing /Users/nidhipatel/ApacheAirflow_Tutorial/py_env/lib/python3.12/site-packages/airflow/example_dags/example_branch_operator_decorator.py took 0.129 seconds
[2025-03-17T14:46:20.135-0400] {processor.py:186} INFO - Started process (PID=33149) to work on /Users/nidhipatel/ApacheAirflow_Tutorial/py_env/lib/python3.12/site-packages/airflow/example_dags/example_branch_operator_decorator.py
[2025-03-17T14:46:20.136-0400] {processor.py:914} INFO - Processing file /Users/nidhipatel/ApacheAirflow_Tutorial/py_env/lib/python3.12/site-packages/airflow/example_dags/example_branch_operator_decorator.py for tasks to queue
[2025-03-17T14:46:20.136-0400] {logging_mixin.py:190} INFO - [2025-03-17T14:46:20.136-0400] {dagbag.py:588} INFO - Filling up the DagBag from /Users/nidhipatel/ApacheAirflow_Tutorial/py_env/lib/python3.12/site-packages/airflow/example_dags/example_branch_operator_decorator.py
[2025-03-17T14:46:20.158-0400] {processor.py:925} INFO - DAG(s) 'example_branch_python_operator_decorator' retrieved from /Users/nidhipatel/ApacheAirflow_Tutorial/py_env/lib/python3.12/site-packages/airflow/example_dags/example_branch_operator_decorator.py
[2025-03-17T14:46:20.228-0400] {logging_mixin.py:190} INFO - [2025-03-17T14:46:20.228-0400] {dag.py:3239} INFO - Sync 1 DAGs
[2025-03-17T14:46:20.234-0400] {logging_mixin.py:190} INFO - [2025-03-17T14:46:20.234-0400] {dag.py:4180} INFO - Setting next_dagrun for example_branch_python_operator_decorator to 2025-03-16 00:00:00+00:00, run_after=2025-03-17 00:00:00+00:00
[2025-03-17T14:46:20.267-0400] {processor.py:208} INFO - Processing /Users/nidhipatel/ApacheAirflow_Tutorial/py_env/lib/python3.12/site-packages/airflow/example_dags/example_branch_operator_decorator.py took 0.134 seconds
[2025-03-17T14:48:38.782-0400] {processor.py:186} INFO - Started process (PID=33324) to work on /Users/nidhipatel/ApacheAirflow_Tutorial/py_env/lib/python3.12/site-packages/airflow/example_dags/example_branch_operator_decorator.py
[2025-03-17T14:48:38.783-0400] {processor.py:914} INFO - Processing file /Users/nidhipatel/ApacheAirflow_Tutorial/py_env/lib/python3.12/site-packages/airflow/example_dags/example_branch_operator_decorator.py for tasks to queue
[2025-03-17T14:48:38.783-0400] {logging_mixin.py:190} INFO - [2025-03-17T14:48:38.783-0400] {dagbag.py:588} INFO - Filling up the DagBag from /Users/nidhipatel/ApacheAirflow_Tutorial/py_env/lib/python3.12/site-packages/airflow/example_dags/example_branch_operator_decorator.py
[2025-03-17T14:48:38.803-0400] {processor.py:925} INFO - DAG(s) 'example_branch_python_operator_decorator' retrieved from /Users/nidhipatel/ApacheAirflow_Tutorial/py_env/lib/python3.12/site-packages/airflow/example_dags/example_branch_operator_decorator.py
[2025-03-17T14:48:38.869-0400] {logging_mixin.py:190} INFO - [2025-03-17T14:48:38.869-0400] {dag.py:3239} INFO - Sync 1 DAGs
[2025-03-17T14:48:38.876-0400] {logging_mixin.py:190} INFO - [2025-03-17T14:48:38.875-0400] {dag.py:4180} INFO - Setting next_dagrun for example_branch_python_operator_decorator to 2025-03-16 00:00:00+00:00, run_after=2025-03-17 00:00:00+00:00
[2025-03-17T14:48:38.906-0400] {processor.py:208} INFO - Processing /Users/nidhipatel/ApacheAirflow_Tutorial/py_env/lib/python3.12/site-packages/airflow/example_dags/example_branch_operator_decorator.py took 0.125 seconds
[2025-03-17T14:50:47.277-0400] {processor.py:186} INFO - Started process (PID=33541) to work on /Users/nidhipatel/ApacheAirflow_Tutorial/py_env/lib/python3.12/site-packages/airflow/example_dags/example_branch_operator_decorator.py
[2025-03-17T14:50:47.278-0400] {processor.py:914} INFO - Processing file /Users/nidhipatel/ApacheAirflow_Tutorial/py_env/lib/python3.12/site-packages/airflow/example_dags/example_branch_operator_decorator.py for tasks to queue
[2025-03-17T14:50:47.278-0400] {logging_mixin.py:190} INFO - [2025-03-17T14:50:47.278-0400] {dagbag.py:588} INFO - Filling up the DagBag from /Users/nidhipatel/ApacheAirflow_Tutorial/py_env/lib/python3.12/site-packages/airflow/example_dags/example_branch_operator_decorator.py
[2025-03-17T14:50:47.299-0400] {processor.py:925} INFO - DAG(s) 'example_branch_python_operator_decorator' retrieved from /Users/nidhipatel/ApacheAirflow_Tutorial/py_env/lib/python3.12/site-packages/airflow/example_dags/example_branch_operator_decorator.py
[2025-03-17T14:50:47.390-0400] {logging_mixin.py:190} INFO - [2025-03-17T14:50:47.390-0400] {dag.py:3239} INFO - Sync 1 DAGs
[2025-03-17T14:50:47.396-0400] {logging_mixin.py:190} INFO - [2025-03-17T14:50:47.396-0400] {dag.py:4180} INFO - Setting next_dagrun for example_branch_python_operator_decorator to 2025-03-16 00:00:00+00:00, run_after=2025-03-17 00:00:00+00:00
[2025-03-17T14:50:47.428-0400] {processor.py:208} INFO - Processing /Users/nidhipatel/ApacheAirflow_Tutorial/py_env/lib/python3.12/site-packages/airflow/example_dags/example_branch_operator_decorator.py took 0.152 seconds
[2025-03-17T14:53:02.398-0400] {processor.py:186} INFO - Started process (PID=33951) to work on /Users/nidhipatel/ApacheAirflow_Tutorial/py_env/lib/python3.12/site-packages/airflow/example_dags/example_branch_operator_decorator.py
[2025-03-17T14:53:02.399-0400] {processor.py:914} INFO - Processing file /Users/nidhipatel/ApacheAirflow_Tutorial/py_env/lib/python3.12/site-packages/airflow/example_dags/example_branch_operator_decorator.py for tasks to queue
[2025-03-17T14:53:02.400-0400] {logging_mixin.py:190} INFO - [2025-03-17T14:53:02.400-0400] {dagbag.py:588} INFO - Filling up the DagBag from /Users/nidhipatel/ApacheAirflow_Tutorial/py_env/lib/python3.12/site-packages/airflow/example_dags/example_branch_operator_decorator.py
[2025-03-17T14:53:02.422-0400] {processor.py:925} INFO - DAG(s) 'example_branch_python_operator_decorator' retrieved from /Users/nidhipatel/ApacheAirflow_Tutorial/py_env/lib/python3.12/site-packages/airflow/example_dags/example_branch_operator_decorator.py
[2025-03-17T14:53:02.517-0400] {logging_mixin.py:190} INFO - [2025-03-17T14:53:02.517-0400] {dag.py:3239} INFO - Sync 1 DAGs
[2025-03-17T14:53:02.523-0400] {logging_mixin.py:190} INFO - [2025-03-17T14:53:02.523-0400] {dag.py:4180} INFO - Setting next_dagrun for example_branch_python_operator_decorator to 2025-03-16 00:00:00+00:00, run_after=2025-03-17 00:00:00+00:00
[2025-03-17T14:53:02.561-0400] {processor.py:208} INFO - Processing /Users/nidhipatel/ApacheAirflow_Tutorial/py_env/lib/python3.12/site-packages/airflow/example_dags/example_branch_operator_decorator.py took 0.166 seconds
