[2025-03-17T14:33:26.524-0400] {processor.py:186} INFO - Started process (PID=32066) to work on /Users/nidhipatel/ApacheAirflow_Tutorial/py_env/lib/python3.12/site-packages/airflow/example_dags/example_bash_operator.py
[2025-03-17T14:33:26.525-0400] {processor.py:914} INFO - Processing file /Users/nidhipatel/ApacheAirflow_Tutorial/py_env/lib/python3.12/site-packages/airflow/example_dags/example_bash_operator.py for tasks to queue
[2025-03-17T14:33:26.525-0400] {logging_mixin.py:190} INFO - [2025-03-17T14:33:26.525-0400] {dagbag.py:588} INFO - Filling up the DagBag from /Users/nidhipatel/ApacheAirflow_Tutorial/py_env/lib/python3.12/site-packages/airflow/example_dags/example_bash_operator.py
[2025-03-17T14:33:26.530-0400] {processor.py:925} INFO - DAG(s) 'example_bash_operator' retrieved from /Users/nidhipatel/ApacheAirflow_Tutorial/py_env/lib/python3.12/site-packages/airflow/example_dags/example_bash_operator.py
[2025-03-17T14:33:26.602-0400] {logging_mixin.py:190} INFO - [2025-03-17T14:33:26.602-0400] {override.py:1912} INFO - Created Permission View: can delete on DAG:example_bash_operator
[2025-03-17T14:33:26.605-0400] {logging_mixin.py:190} INFO - [2025-03-17T14:33:26.605-0400] {override.py:1912} INFO - Created Permission View: can read on DAG:example_bash_operator
[2025-03-17T14:33:26.607-0400] {logging_mixin.py:190} INFO - [2025-03-17T14:33:26.607-0400] {override.py:1912} INFO - Created Permission View: can edit on DAG:example_bash_operator
[2025-03-17T14:33:26.610-0400] {logging_mixin.py:190} INFO - [2025-03-17T14:33:26.610-0400] {override.py:1912} INFO - Created Permission View: menu access on DAG Run:example_bash_operator
[2025-03-17T14:33:26.612-0400] {logging_mixin.py:190} INFO - [2025-03-17T14:33:26.612-0400] {override.py:1912} INFO - Created Permission View: can create on DAG Run:example_bash_operator
[2025-03-17T14:33:26.614-0400] {logging_mixin.py:190} INFO - [2025-03-17T14:33:26.614-0400] {override.py:1912} INFO - Created Permission View: can delete on DAG Run:example_bash_operator
[2025-03-17T14:33:26.615-0400] {logging_mixin.py:190} INFO - [2025-03-17T14:33:26.615-0400] {override.py:1912} INFO - Created Permission View: can read on DAG Run:example_bash_operator
[2025-03-17T14:33:26.616-0400] {logging_mixin.py:190} INFO - [2025-03-17T14:33:26.616-0400] {dag.py:3239} INFO - Sync 1 DAGs
[2025-03-17T14:33:26.620-0400] {logging_mixin.py:190} INFO - [2025-03-17T14:33:26.620-0400] {dag.py:3262} INFO - Creating ORM DAG for example_bash_operator
[2025-03-17T14:33:26.623-0400] {logging_mixin.py:190} INFO - [2025-03-17T14:33:26.623-0400] {dag.py:4180} INFO - Setting next_dagrun for example_bash_operator to 2025-03-16 00:00:00+00:00, run_after=2025-03-17 00:00:00+00:00
[2025-03-17T14:33:26.629-0400] {processor.py:208} INFO - Processing /Users/nidhipatel/ApacheAirflow_Tutorial/py_env/lib/python3.12/site-packages/airflow/example_dags/example_bash_operator.py took 0.107 seconds
[2025-03-17T14:35:42.375-0400] {processor.py:186} INFO - Started process (PID=32242) to work on /Users/nidhipatel/ApacheAirflow_Tutorial/py_env/lib/python3.12/site-packages/airflow/example_dags/example_bash_operator.py
[2025-03-17T14:35:42.375-0400] {processor.py:914} INFO - Processing file /Users/nidhipatel/ApacheAirflow_Tutorial/py_env/lib/python3.12/site-packages/airflow/example_dags/example_bash_operator.py for tasks to queue
[2025-03-17T14:35:42.376-0400] {logging_mixin.py:190} INFO - [2025-03-17T14:35:42.376-0400] {dagbag.py:588} INFO - Filling up the DagBag from /Users/nidhipatel/ApacheAirflow_Tutorial/py_env/lib/python3.12/site-packages/airflow/example_dags/example_bash_operator.py
[2025-03-17T14:35:42.380-0400] {processor.py:925} INFO - DAG(s) 'example_bash_operator' retrieved from /Users/nidhipatel/ApacheAirflow_Tutorial/py_env/lib/python3.12/site-packages/airflow/example_dags/example_bash_operator.py
[2025-03-17T14:35:42.417-0400] {logging_mixin.py:190} INFO - [2025-03-17T14:35:42.417-0400] {dag.py:3239} INFO - Sync 1 DAGs
[2025-03-17T14:35:42.424-0400] {logging_mixin.py:190} INFO - [2025-03-17T14:35:42.424-0400] {dag.py:4180} INFO - Setting next_dagrun for example_bash_operator to 2025-03-16 00:00:00+00:00, run_after=2025-03-17 00:00:00+00:00
[2025-03-17T14:35:42.430-0400] {processor.py:208} INFO - Processing /Users/nidhipatel/ApacheAirflow_Tutorial/py_env/lib/python3.12/site-packages/airflow/example_dags/example_bash_operator.py took 0.057 seconds
[2025-03-17T14:37:50.168-0400] {processor.py:186} INFO - Started process (PID=32406) to work on /Users/nidhipatel/ApacheAirflow_Tutorial/py_env/lib/python3.12/site-packages/airflow/example_dags/example_bash_operator.py
[2025-03-17T14:37:50.168-0400] {processor.py:914} INFO - Processing file /Users/nidhipatel/ApacheAirflow_Tutorial/py_env/lib/python3.12/site-packages/airflow/example_dags/example_bash_operator.py for tasks to queue
[2025-03-17T14:37:50.169-0400] {logging_mixin.py:190} INFO - [2025-03-17T14:37:50.169-0400] {dagbag.py:588} INFO - Filling up the DagBag from /Users/nidhipatel/ApacheAirflow_Tutorial/py_env/lib/python3.12/site-packages/airflow/example_dags/example_bash_operator.py
[2025-03-17T14:37:50.173-0400] {processor.py:925} INFO - DAG(s) 'example_bash_operator' retrieved from /Users/nidhipatel/ApacheAirflow_Tutorial/py_env/lib/python3.12/site-packages/airflow/example_dags/example_bash_operator.py
[2025-03-17T14:37:50.209-0400] {logging_mixin.py:190} INFO - [2025-03-17T14:37:50.209-0400] {dag.py:3239} INFO - Sync 1 DAGs
[2025-03-17T14:37:50.216-0400] {logging_mixin.py:190} INFO - [2025-03-17T14:37:50.216-0400] {dag.py:4180} INFO - Setting next_dagrun for example_bash_operator to 2025-03-16 00:00:00+00:00, run_after=2025-03-17 00:00:00+00:00
[2025-03-17T14:37:50.224-0400] {processor.py:208} INFO - Processing /Users/nidhipatel/ApacheAirflow_Tutorial/py_env/lib/python3.12/site-packages/airflow/example_dags/example_bash_operator.py took 0.057 seconds
[2025-03-17T14:39:53.042-0400] {processor.py:186} INFO - Started process (PID=32625) to work on /Users/nidhipatel/ApacheAirflow_Tutorial/py_env/lib/python3.12/site-packages/airflow/example_dags/example_bash_operator.py
[2025-03-17T14:39:53.043-0400] {processor.py:914} INFO - Processing file /Users/nidhipatel/ApacheAirflow_Tutorial/py_env/lib/python3.12/site-packages/airflow/example_dags/example_bash_operator.py for tasks to queue
[2025-03-17T14:39:53.043-0400] {logging_mixin.py:190} INFO - [2025-03-17T14:39:53.043-0400] {dagbag.py:588} INFO - Filling up the DagBag from /Users/nidhipatel/ApacheAirflow_Tutorial/py_env/lib/python3.12/site-packages/airflow/example_dags/example_bash_operator.py
[2025-03-17T14:39:53.052-0400] {processor.py:925} INFO - DAG(s) 'example_bash_operator' retrieved from /Users/nidhipatel/ApacheAirflow_Tutorial/py_env/lib/python3.12/site-packages/airflow/example_dags/example_bash_operator.py
[2025-03-17T14:39:53.091-0400] {logging_mixin.py:190} INFO - [2025-03-17T14:39:53.090-0400] {dag.py:3239} INFO - Sync 1 DAGs
[2025-03-17T14:39:53.101-0400] {logging_mixin.py:190} INFO - [2025-03-17T14:39:53.101-0400] {dag.py:4180} INFO - Setting next_dagrun for example_bash_operator to 2025-03-16 00:00:00+00:00, run_after=2025-03-17 00:00:00+00:00
[2025-03-17T14:39:53.109-0400] {processor.py:208} INFO - Processing /Users/nidhipatel/ApacheAirflow_Tutorial/py_env/lib/python3.12/site-packages/airflow/example_dags/example_bash_operator.py took 0.068 seconds
[2025-03-17T14:41:59.871-0400] {processor.py:186} INFO - Started process (PID=32808) to work on /Users/nidhipatel/ApacheAirflow_Tutorial/py_env/lib/python3.12/site-packages/airflow/example_dags/example_bash_operator.py
[2025-03-17T14:41:59.872-0400] {processor.py:914} INFO - Processing file /Users/nidhipatel/ApacheAirflow_Tutorial/py_env/lib/python3.12/site-packages/airflow/example_dags/example_bash_operator.py for tasks to queue
[2025-03-17T14:41:59.872-0400] {logging_mixin.py:190} INFO - [2025-03-17T14:41:59.872-0400] {dagbag.py:588} INFO - Filling up the DagBag from /Users/nidhipatel/ApacheAirflow_Tutorial/py_env/lib/python3.12/site-packages/airflow/example_dags/example_bash_operator.py
[2025-03-17T14:41:59.877-0400] {processor.py:925} INFO - DAG(s) 'example_bash_operator' retrieved from /Users/nidhipatel/ApacheAirflow_Tutorial/py_env/lib/python3.12/site-packages/airflow/example_dags/example_bash_operator.py
[2025-03-17T14:41:59.916-0400] {logging_mixin.py:190} INFO - [2025-03-17T14:41:59.916-0400] {dag.py:3239} INFO - Sync 1 DAGs
[2025-03-17T14:41:59.924-0400] {logging_mixin.py:190} INFO - [2025-03-17T14:41:59.924-0400] {dag.py:4180} INFO - Setting next_dagrun for example_bash_operator to 2025-03-16 00:00:00+00:00, run_after=2025-03-17 00:00:00+00:00
[2025-03-17T14:41:59.933-0400] {processor.py:208} INFO - Processing /Users/nidhipatel/ApacheAirflow_Tutorial/py_env/lib/python3.12/site-packages/airflow/example_dags/example_bash_operator.py took 0.064 seconds
[2025-03-17T14:44:11.240-0400] {processor.py:186} INFO - Started process (PID=32971) to work on /Users/nidhipatel/ApacheAirflow_Tutorial/py_env/lib/python3.12/site-packages/airflow/example_dags/example_bash_operator.py
[2025-03-17T14:44:11.240-0400] {processor.py:914} INFO - Processing file /Users/nidhipatel/ApacheAirflow_Tutorial/py_env/lib/python3.12/site-packages/airflow/example_dags/example_bash_operator.py for tasks to queue
[2025-03-17T14:44:11.241-0400] {logging_mixin.py:190} INFO - [2025-03-17T14:44:11.240-0400] {dagbag.py:588} INFO - Filling up the DagBag from /Users/nidhipatel/ApacheAirflow_Tutorial/py_env/lib/python3.12/site-packages/airflow/example_dags/example_bash_operator.py
[2025-03-17T14:44:11.245-0400] {processor.py:925} INFO - DAG(s) 'example_bash_operator' retrieved from /Users/nidhipatel/ApacheAirflow_Tutorial/py_env/lib/python3.12/site-packages/airflow/example_dags/example_bash_operator.py
[2025-03-17T14:44:11.285-0400] {logging_mixin.py:190} INFO - [2025-03-17T14:44:11.285-0400] {dag.py:3239} INFO - Sync 1 DAGs
[2025-03-17T14:44:11.291-0400] {logging_mixin.py:190} INFO - [2025-03-17T14:44:11.291-0400] {dag.py:4180} INFO - Setting next_dagrun for example_bash_operator to 2025-03-16 00:00:00+00:00, run_after=2025-03-17 00:00:00+00:00
[2025-03-17T14:44:11.298-0400] {processor.py:208} INFO - Processing /Users/nidhipatel/ApacheAirflow_Tutorial/py_env/lib/python3.12/site-packages/airflow/example_dags/example_bash_operator.py took 0.060 seconds
[2025-03-17T14:46:29.060-0400] {processor.py:186} INFO - Started process (PID=33159) to work on /Users/nidhipatel/ApacheAirflow_Tutorial/py_env/lib/python3.12/site-packages/airflow/example_dags/example_bash_operator.py
[2025-03-17T14:46:29.061-0400] {processor.py:914} INFO - Processing file /Users/nidhipatel/ApacheAirflow_Tutorial/py_env/lib/python3.12/site-packages/airflow/example_dags/example_bash_operator.py for tasks to queue
[2025-03-17T14:46:29.061-0400] {logging_mixin.py:190} INFO - [2025-03-17T14:46:29.061-0400] {dagbag.py:588} INFO - Filling up the DagBag from /Users/nidhipatel/ApacheAirflow_Tutorial/py_env/lib/python3.12/site-packages/airflow/example_dags/example_bash_operator.py
[2025-03-17T14:46:29.066-0400] {processor.py:925} INFO - DAG(s) 'example_bash_operator' retrieved from /Users/nidhipatel/ApacheAirflow_Tutorial/py_env/lib/python3.12/site-packages/airflow/example_dags/example_bash_operator.py
[2025-03-17T14:46:29.104-0400] {logging_mixin.py:190} INFO - [2025-03-17T14:46:29.104-0400] {dag.py:3239} INFO - Sync 1 DAGs
[2025-03-17T14:46:29.112-0400] {logging_mixin.py:190} INFO - [2025-03-17T14:46:29.112-0400] {dag.py:4180} INFO - Setting next_dagrun for example_bash_operator to 2025-03-16 00:00:00+00:00, run_after=2025-03-17 00:00:00+00:00
[2025-03-17T14:46:29.119-0400] {processor.py:208} INFO - Processing /Users/nidhipatel/ApacheAirflow_Tutorial/py_env/lib/python3.12/site-packages/airflow/example_dags/example_bash_operator.py took 0.061 seconds
[2025-03-17T14:48:46.334-0400] {processor.py:186} INFO - Started process (PID=33334) to work on /Users/nidhipatel/ApacheAirflow_Tutorial/py_env/lib/python3.12/site-packages/airflow/example_dags/example_bash_operator.py
[2025-03-17T14:48:46.335-0400] {processor.py:914} INFO - Processing file /Users/nidhipatel/ApacheAirflow_Tutorial/py_env/lib/python3.12/site-packages/airflow/example_dags/example_bash_operator.py for tasks to queue
[2025-03-17T14:48:46.335-0400] {logging_mixin.py:190} INFO - [2025-03-17T14:48:46.335-0400] {dagbag.py:588} INFO - Filling up the DagBag from /Users/nidhipatel/ApacheAirflow_Tutorial/py_env/lib/python3.12/site-packages/airflow/example_dags/example_bash_operator.py
[2025-03-17T14:48:46.340-0400] {processor.py:925} INFO - DAG(s) 'example_bash_operator' retrieved from /Users/nidhipatel/ApacheAirflow_Tutorial/py_env/lib/python3.12/site-packages/airflow/example_dags/example_bash_operator.py
[2025-03-17T14:48:46.376-0400] {logging_mixin.py:190} INFO - [2025-03-17T14:48:46.376-0400] {dag.py:3239} INFO - Sync 1 DAGs
[2025-03-17T14:48:46.382-0400] {logging_mixin.py:190} INFO - [2025-03-17T14:48:46.382-0400] {dag.py:4180} INFO - Setting next_dagrun for example_bash_operator to 2025-03-16 00:00:00+00:00, run_after=2025-03-17 00:00:00+00:00
[2025-03-17T14:48:46.388-0400] {processor.py:208} INFO - Processing /Users/nidhipatel/ApacheAirflow_Tutorial/py_env/lib/python3.12/site-packages/airflow/example_dags/example_bash_operator.py took 0.056 seconds
[2025-03-17T14:50:54.869-0400] {processor.py:186} INFO - Started process (PID=33562) to work on /Users/nidhipatel/ApacheAirflow_Tutorial/py_env/lib/python3.12/site-packages/airflow/example_dags/example_bash_operator.py
[2025-03-17T14:50:54.870-0400] {processor.py:914} INFO - Processing file /Users/nidhipatel/ApacheAirflow_Tutorial/py_env/lib/python3.12/site-packages/airflow/example_dags/example_bash_operator.py for tasks to queue
[2025-03-17T14:50:54.870-0400] {logging_mixin.py:190} INFO - [2025-03-17T14:50:54.870-0400] {dagbag.py:588} INFO - Filling up the DagBag from /Users/nidhipatel/ApacheAirflow_Tutorial/py_env/lib/python3.12/site-packages/airflow/example_dags/example_bash_operator.py
[2025-03-17T14:50:54.875-0400] {processor.py:925} INFO - DAG(s) 'example_bash_operator' retrieved from /Users/nidhipatel/ApacheAirflow_Tutorial/py_env/lib/python3.12/site-packages/airflow/example_dags/example_bash_operator.py
[2025-03-17T14:50:54.912-0400] {logging_mixin.py:190} INFO - [2025-03-17T14:50:54.912-0400] {dag.py:3239} INFO - Sync 1 DAGs
[2025-03-17T14:50:54.918-0400] {logging_mixin.py:190} INFO - [2025-03-17T14:50:54.918-0400] {dag.py:4180} INFO - Setting next_dagrun for example_bash_operator to 2025-03-16 00:00:00+00:00, run_after=2025-03-17 00:00:00+00:00
[2025-03-17T14:50:54.925-0400] {processor.py:208} INFO - Processing /Users/nidhipatel/ApacheAirflow_Tutorial/py_env/lib/python3.12/site-packages/airflow/example_dags/example_bash_operator.py took 0.057 seconds
[2025-03-17T14:53:11.974-0400] {processor.py:186} INFO - Started process (PID=34001) to work on /Users/nidhipatel/ApacheAirflow_Tutorial/py_env/lib/python3.12/site-packages/airflow/example_dags/example_bash_operator.py
[2025-03-17T14:53:11.974-0400] {processor.py:914} INFO - Processing file /Users/nidhipatel/ApacheAirflow_Tutorial/py_env/lib/python3.12/site-packages/airflow/example_dags/example_bash_operator.py for tasks to queue
[2025-03-17T14:53:11.975-0400] {logging_mixin.py:190} INFO - [2025-03-17T14:53:11.975-0400] {dagbag.py:588} INFO - Filling up the DagBag from /Users/nidhipatel/ApacheAirflow_Tutorial/py_env/lib/python3.12/site-packages/airflow/example_dags/example_bash_operator.py
[2025-03-17T14:53:11.980-0400] {processor.py:925} INFO - DAG(s) 'example_bash_operator' retrieved from /Users/nidhipatel/ApacheAirflow_Tutorial/py_env/lib/python3.12/site-packages/airflow/example_dags/example_bash_operator.py
[2025-03-17T14:53:12.018-0400] {logging_mixin.py:190} INFO - [2025-03-17T14:53:12.018-0400] {dag.py:3239} INFO - Sync 1 DAGs
[2025-03-17T14:53:12.025-0400] {logging_mixin.py:190} INFO - [2025-03-17T14:53:12.025-0400] {dag.py:4180} INFO - Setting next_dagrun for example_bash_operator to 2025-03-16 00:00:00+00:00, run_after=2025-03-17 00:00:00+00:00
[2025-03-17T14:53:12.033-0400] {processor.py:208} INFO - Processing /Users/nidhipatel/ApacheAirflow_Tutorial/py_env/lib/python3.12/site-packages/airflow/example_dags/example_bash_operator.py took 0.061 seconds
