[2025-03-17T14:32:33.881-0400] {processor.py:186} INFO - Started process (PID=31971) to work on /Users/nidhipatel/ApacheAirflow_Tutorial/py_env/lib/python3.12/site-packages/airflow/example_dags/example_sensors.py
[2025-03-17T14:32:33.882-0400] {processor.py:914} INFO - Processing file /Users/nidhipatel/ApacheAirflow_Tutorial/py_env/lib/python3.12/site-packages/airflow/example_dags/example_sensors.py for tasks to queue
[2025-03-17T14:32:33.882-0400] {logging_mixin.py:190} INFO - [2025-03-17T14:32:33.882-0400] {dagbag.py:588} INFO - Filling up the DagBag from /Users/nidhipatel/ApacheAirflow_Tutorial/py_env/lib/python3.12/site-packages/airflow/example_dags/example_sensors.py
[2025-03-17T14:32:33.888-0400] {processor.py:925} INFO - DAG(s) 'example_sensors' retrieved from /Users/nidhipatel/ApacheAirflow_Tutorial/py_env/lib/python3.12/site-packages/airflow/example_dags/example_sensors.py
[2025-03-17T14:32:33.923-0400] {logging_mixin.py:190} INFO - [2025-03-17T14:32:33.922-0400] {workday.py:41} WARNING - Could not import pandas. Holidays will not be considered.
[2025-03-17T14:32:33.963-0400] {logging_mixin.py:190} INFO - [2025-03-17T14:32:33.962-0400] {override.py:1912} INFO - Created Permission View: can delete on DAG:example_sensors
[2025-03-17T14:32:33.966-0400] {logging_mixin.py:190} INFO - [2025-03-17T14:32:33.966-0400] {override.py:1912} INFO - Created Permission View: can edit on DAG:example_sensors
[2025-03-17T14:32:33.968-0400] {logging_mixin.py:190} INFO - [2025-03-17T14:32:33.968-0400] {override.py:1912} INFO - Created Permission View: can read on DAG:example_sensors
[2025-03-17T14:32:33.971-0400] {logging_mixin.py:190} INFO - [2025-03-17T14:32:33.971-0400] {override.py:1912} INFO - Created Permission View: can delete on DAG Run:example_sensors
[2025-03-17T14:32:33.972-0400] {logging_mixin.py:190} INFO - [2025-03-17T14:32:33.972-0400] {override.py:1912} INFO - Created Permission View: can create on DAG Run:example_sensors
[2025-03-17T14:32:33.974-0400] {logging_mixin.py:190} INFO - [2025-03-17T14:32:33.974-0400] {override.py:1912} INFO - Created Permission View: menu access on DAG Run:example_sensors
[2025-03-17T14:32:33.976-0400] {logging_mixin.py:190} INFO - [2025-03-17T14:32:33.976-0400] {override.py:1912} INFO - Created Permission View: can read on DAG Run:example_sensors
[2025-03-17T14:32:33.976-0400] {logging_mixin.py:190} INFO - [2025-03-17T14:32:33.976-0400] {dag.py:3239} INFO - Sync 1 DAGs
[2025-03-17T14:32:33.980-0400] {logging_mixin.py:190} INFO - [2025-03-17T14:32:33.980-0400] {dag.py:3262} INFO - Creating ORM DAG for example_sensors
[2025-03-17T14:32:33.980-0400] {logging_mixin.py:190} INFO - [2025-03-17T14:32:33.980-0400] {dag.py:4180} INFO - Setting next_dagrun for example_sensors to None, run_after=None
[2025-03-17T14:32:33.986-0400] {processor.py:208} INFO - Processing /Users/nidhipatel/ApacheAirflow_Tutorial/py_env/lib/python3.12/site-packages/airflow/example_dags/example_sensors.py took 0.107 seconds
[2025-03-17T14:34:13.389-0400] {processor.py:186} INFO - Started process (PID=32137) to work on /Users/nidhipatel/ApacheAirflow_Tutorial/py_env/lib/python3.12/site-packages/airflow/example_dags/example_sensors.py
[2025-03-17T14:34:13.390-0400] {processor.py:914} INFO - Processing file /Users/nidhipatel/ApacheAirflow_Tutorial/py_env/lib/python3.12/site-packages/airflow/example_dags/example_sensors.py for tasks to queue
[2025-03-17T14:34:13.390-0400] {logging_mixin.py:190} INFO - [2025-03-17T14:34:13.390-0400] {dagbag.py:588} INFO - Filling up the DagBag from /Users/nidhipatel/ApacheAirflow_Tutorial/py_env/lib/python3.12/site-packages/airflow/example_dags/example_sensors.py
[2025-03-17T14:34:13.400-0400] {processor.py:925} INFO - DAG(s) 'example_sensors' retrieved from /Users/nidhipatel/ApacheAirflow_Tutorial/py_env/lib/python3.12/site-packages/airflow/example_dags/example_sensors.py
[2025-03-17T14:34:13.436-0400] {logging_mixin.py:190} INFO - [2025-03-17T14:34:13.436-0400] {workday.py:41} WARNING - Could not import pandas. Holidays will not be considered.
[2025-03-17T14:34:13.447-0400] {logging_mixin.py:190} INFO - [2025-03-17T14:34:13.447-0400] {dag.py:3239} INFO - Sync 1 DAGs
[2025-03-17T14:34:13.451-0400] {logging_mixin.py:190} INFO - [2025-03-17T14:34:13.451-0400] {dag.py:4180} INFO - Setting next_dagrun for example_sensors to None, run_after=None
[2025-03-17T14:34:13.457-0400] {processor.py:208} INFO - Processing /Users/nidhipatel/ApacheAirflow_Tutorial/py_env/lib/python3.12/site-packages/airflow/example_dags/example_sensors.py took 0.070 seconds
[2025-03-17T14:36:26.386-0400] {processor.py:186} INFO - Started process (PID=32298) to work on /Users/nidhipatel/ApacheAirflow_Tutorial/py_env/lib/python3.12/site-packages/airflow/example_dags/example_sensors.py
[2025-03-17T14:36:26.389-0400] {processor.py:914} INFO - Processing file /Users/nidhipatel/ApacheAirflow_Tutorial/py_env/lib/python3.12/site-packages/airflow/example_dags/example_sensors.py for tasks to queue
[2025-03-17T14:36:26.390-0400] {logging_mixin.py:190} INFO - [2025-03-17T14:36:26.390-0400] {dagbag.py:588} INFO - Filling up the DagBag from /Users/nidhipatel/ApacheAirflow_Tutorial/py_env/lib/python3.12/site-packages/airflow/example_dags/example_sensors.py
[2025-03-17T14:36:26.416-0400] {processor.py:925} INFO - DAG(s) 'example_sensors' retrieved from /Users/nidhipatel/ApacheAirflow_Tutorial/py_env/lib/python3.12/site-packages/airflow/example_dags/example_sensors.py
[2025-03-17T14:36:26.459-0400] {logging_mixin.py:190} INFO - [2025-03-17T14:36:26.459-0400] {workday.py:41} WARNING - Could not import pandas. Holidays will not be considered.
[2025-03-17T14:36:26.470-0400] {logging_mixin.py:190} INFO - [2025-03-17T14:36:26.470-0400] {dag.py:3239} INFO - Sync 1 DAGs
[2025-03-17T14:36:26.474-0400] {logging_mixin.py:190} INFO - [2025-03-17T14:36:26.474-0400] {dag.py:4180} INFO - Setting next_dagrun for example_sensors to None, run_after=None
[2025-03-17T14:36:26.494-0400] {processor.py:208} INFO - Processing /Users/nidhipatel/ApacheAirflow_Tutorial/py_env/lib/python3.12/site-packages/airflow/example_dags/example_sensors.py took 0.109 seconds
[2025-03-17T14:38:30.971-0400] {processor.py:186} INFO - Started process (PID=32486) to work on /Users/nidhipatel/ApacheAirflow_Tutorial/py_env/lib/python3.12/site-packages/airflow/example_dags/example_sensors.py
[2025-03-17T14:38:30.972-0400] {processor.py:914} INFO - Processing file /Users/nidhipatel/ApacheAirflow_Tutorial/py_env/lib/python3.12/site-packages/airflow/example_dags/example_sensors.py for tasks to queue
[2025-03-17T14:38:30.972-0400] {logging_mixin.py:190} INFO - [2025-03-17T14:38:30.972-0400] {dagbag.py:588} INFO - Filling up the DagBag from /Users/nidhipatel/ApacheAirflow_Tutorial/py_env/lib/python3.12/site-packages/airflow/example_dags/example_sensors.py
[2025-03-17T14:38:30.979-0400] {processor.py:925} INFO - DAG(s) 'example_sensors' retrieved from /Users/nidhipatel/ApacheAirflow_Tutorial/py_env/lib/python3.12/site-packages/airflow/example_dags/example_sensors.py
[2025-03-17T14:38:31.011-0400] {logging_mixin.py:190} INFO - [2025-03-17T14:38:31.010-0400] {workday.py:41} WARNING - Could not import pandas. Holidays will not be considered.
[2025-03-17T14:38:31.021-0400] {logging_mixin.py:190} INFO - [2025-03-17T14:38:31.020-0400] {dag.py:3239} INFO - Sync 1 DAGs
[2025-03-17T14:38:31.024-0400] {logging_mixin.py:190} INFO - [2025-03-17T14:38:31.024-0400] {dag.py:4180} INFO - Setting next_dagrun for example_sensors to None, run_after=None
[2025-03-17T14:38:31.031-0400] {processor.py:208} INFO - Processing /Users/nidhipatel/ApacheAirflow_Tutorial/py_env/lib/python3.12/site-packages/airflow/example_dags/example_sensors.py took 0.062 seconds
[2025-03-17T14:40:36.889-0400] {processor.py:186} INFO - Started process (PID=32684) to work on /Users/nidhipatel/ApacheAirflow_Tutorial/py_env/lib/python3.12/site-packages/airflow/example_dags/example_sensors.py
[2025-03-17T14:40:36.889-0400] {processor.py:914} INFO - Processing file /Users/nidhipatel/ApacheAirflow_Tutorial/py_env/lib/python3.12/site-packages/airflow/example_dags/example_sensors.py for tasks to queue
[2025-03-17T14:40:36.890-0400] {logging_mixin.py:190} INFO - [2025-03-17T14:40:36.890-0400] {dagbag.py:588} INFO - Filling up the DagBag from /Users/nidhipatel/ApacheAirflow_Tutorial/py_env/lib/python3.12/site-packages/airflow/example_dags/example_sensors.py
[2025-03-17T14:40:36.896-0400] {processor.py:925} INFO - DAG(s) 'example_sensors' retrieved from /Users/nidhipatel/ApacheAirflow_Tutorial/py_env/lib/python3.12/site-packages/airflow/example_dags/example_sensors.py
[2025-03-17T14:40:36.929-0400] {logging_mixin.py:190} INFO - [2025-03-17T14:40:36.929-0400] {workday.py:41} WARNING - Could not import pandas. Holidays will not be considered.
[2025-03-17T14:40:36.939-0400] {logging_mixin.py:190} INFO - [2025-03-17T14:40:36.939-0400] {dag.py:3239} INFO - Sync 1 DAGs
[2025-03-17T14:40:36.943-0400] {logging_mixin.py:190} INFO - [2025-03-17T14:40:36.943-0400] {dag.py:4180} INFO - Setting next_dagrun for example_sensors to None, run_after=None
[2025-03-17T14:40:36.949-0400] {processor.py:208} INFO - Processing /Users/nidhipatel/ApacheAirflow_Tutorial/py_env/lib/python3.12/site-packages/airflow/example_dags/example_sensors.py took 0.062 seconds
[2025-03-17T14:42:42.715-0400] {processor.py:186} INFO - Started process (PID=32865) to work on /Users/nidhipatel/ApacheAirflow_Tutorial/py_env/lib/python3.12/site-packages/airflow/example_dags/example_sensors.py
[2025-03-17T14:42:42.715-0400] {processor.py:914} INFO - Processing file /Users/nidhipatel/ApacheAirflow_Tutorial/py_env/lib/python3.12/site-packages/airflow/example_dags/example_sensors.py for tasks to queue
[2025-03-17T14:42:42.716-0400] {logging_mixin.py:190} INFO - [2025-03-17T14:42:42.716-0400] {dagbag.py:588} INFO - Filling up the DagBag from /Users/nidhipatel/ApacheAirflow_Tutorial/py_env/lib/python3.12/site-packages/airflow/example_dags/example_sensors.py
[2025-03-17T14:42:42.722-0400] {processor.py:925} INFO - DAG(s) 'example_sensors' retrieved from /Users/nidhipatel/ApacheAirflow_Tutorial/py_env/lib/python3.12/site-packages/airflow/example_dags/example_sensors.py
[2025-03-17T14:42:42.754-0400] {logging_mixin.py:190} INFO - [2025-03-17T14:42:42.754-0400] {workday.py:41} WARNING - Could not import pandas. Holidays will not be considered.
[2025-03-17T14:42:42.764-0400] {logging_mixin.py:190} INFO - [2025-03-17T14:42:42.764-0400] {dag.py:3239} INFO - Sync 1 DAGs
[2025-03-17T14:42:42.769-0400] {logging_mixin.py:190} INFO - [2025-03-17T14:42:42.769-0400] {dag.py:4180} INFO - Setting next_dagrun for example_sensors to None, run_after=None
[2025-03-17T14:42:42.777-0400] {processor.py:208} INFO - Processing /Users/nidhipatel/ApacheAirflow_Tutorial/py_env/lib/python3.12/site-packages/airflow/example_dags/example_sensors.py took 0.064 seconds
[2025-03-17T14:44:58.521-0400] {processor.py:186} INFO - Started process (PID=33044) to work on /Users/nidhipatel/ApacheAirflow_Tutorial/py_env/lib/python3.12/site-packages/airflow/example_dags/example_sensors.py
[2025-03-17T14:44:58.522-0400] {processor.py:914} INFO - Processing file /Users/nidhipatel/ApacheAirflow_Tutorial/py_env/lib/python3.12/site-packages/airflow/example_dags/example_sensors.py for tasks to queue
[2025-03-17T14:44:58.522-0400] {logging_mixin.py:190} INFO - [2025-03-17T14:44:58.522-0400] {dagbag.py:588} INFO - Filling up the DagBag from /Users/nidhipatel/ApacheAirflow_Tutorial/py_env/lib/python3.12/site-packages/airflow/example_dags/example_sensors.py
[2025-03-17T14:44:58.528-0400] {processor.py:925} INFO - DAG(s) 'example_sensors' retrieved from /Users/nidhipatel/ApacheAirflow_Tutorial/py_env/lib/python3.12/site-packages/airflow/example_dags/example_sensors.py
[2025-03-17T14:44:58.561-0400] {logging_mixin.py:190} INFO - [2025-03-17T14:44:58.561-0400] {workday.py:41} WARNING - Could not import pandas. Holidays will not be considered.
[2025-03-17T14:44:58.570-0400] {logging_mixin.py:190} INFO - [2025-03-17T14:44:58.570-0400] {dag.py:3239} INFO - Sync 1 DAGs
[2025-03-17T14:44:58.574-0400] {logging_mixin.py:190} INFO - [2025-03-17T14:44:58.574-0400] {dag.py:4180} INFO - Setting next_dagrun for example_sensors to None, run_after=None
[2025-03-17T14:44:58.580-0400] {processor.py:208} INFO - Processing /Users/nidhipatel/ApacheAirflow_Tutorial/py_env/lib/python3.12/site-packages/airflow/example_dags/example_sensors.py took 0.061 seconds
[2025-03-17T14:47:18.041-0400] {processor.py:186} INFO - Started process (PID=33223) to work on /Users/nidhipatel/ApacheAirflow_Tutorial/py_env/lib/python3.12/site-packages/airflow/example_dags/example_sensors.py
[2025-03-17T14:47:18.042-0400] {processor.py:914} INFO - Processing file /Users/nidhipatel/ApacheAirflow_Tutorial/py_env/lib/python3.12/site-packages/airflow/example_dags/example_sensors.py for tasks to queue
[2025-03-17T14:47:18.042-0400] {logging_mixin.py:190} INFO - [2025-03-17T14:47:18.042-0400] {dagbag.py:588} INFO - Filling up the DagBag from /Users/nidhipatel/ApacheAirflow_Tutorial/py_env/lib/python3.12/site-packages/airflow/example_dags/example_sensors.py
[2025-03-17T14:47:18.051-0400] {processor.py:925} INFO - DAG(s) 'example_sensors' retrieved from /Users/nidhipatel/ApacheAirflow_Tutorial/py_env/lib/python3.12/site-packages/airflow/example_dags/example_sensors.py
[2025-03-17T14:47:18.085-0400] {logging_mixin.py:190} INFO - [2025-03-17T14:47:18.085-0400] {workday.py:41} WARNING - Could not import pandas. Holidays will not be considered.
[2025-03-17T14:47:18.095-0400] {logging_mixin.py:190} INFO - [2025-03-17T14:47:18.095-0400] {dag.py:3239} INFO - Sync 1 DAGs
[2025-03-17T14:47:18.099-0400] {logging_mixin.py:190} INFO - [2025-03-17T14:47:18.099-0400] {dag.py:4180} INFO - Setting next_dagrun for example_sensors to None, run_after=None
[2025-03-17T14:47:18.106-0400] {processor.py:208} INFO - Processing /Users/nidhipatel/ApacheAirflow_Tutorial/py_env/lib/python3.12/site-packages/airflow/example_dags/example_sensors.py took 0.067 seconds
[2025-03-17T14:49:29.649-0400] {processor.py:186} INFO - Started process (PID=33418) to work on /Users/nidhipatel/ApacheAirflow_Tutorial/py_env/lib/python3.12/site-packages/airflow/example_dags/example_sensors.py
[2025-03-17T14:49:29.650-0400] {processor.py:914} INFO - Processing file /Users/nidhipatel/ApacheAirflow_Tutorial/py_env/lib/python3.12/site-packages/airflow/example_dags/example_sensors.py for tasks to queue
[2025-03-17T14:49:29.651-0400] {logging_mixin.py:190} INFO - [2025-03-17T14:49:29.651-0400] {dagbag.py:588} INFO - Filling up the DagBag from /Users/nidhipatel/ApacheAirflow_Tutorial/py_env/lib/python3.12/site-packages/airflow/example_dags/example_sensors.py
[2025-03-17T14:49:29.660-0400] {processor.py:925} INFO - DAG(s) 'example_sensors' retrieved from /Users/nidhipatel/ApacheAirflow_Tutorial/py_env/lib/python3.12/site-packages/airflow/example_dags/example_sensors.py
[2025-03-17T14:49:29.701-0400] {logging_mixin.py:190} INFO - [2025-03-17T14:49:29.701-0400] {workday.py:41} WARNING - Could not import pandas. Holidays will not be considered.
[2025-03-17T14:49:29.715-0400] {logging_mixin.py:190} INFO - [2025-03-17T14:49:29.715-0400] {dag.py:3239} INFO - Sync 1 DAGs
[2025-03-17T14:49:29.719-0400] {logging_mixin.py:190} INFO - [2025-03-17T14:49:29.719-0400] {dag.py:4180} INFO - Setting next_dagrun for example_sensors to None, run_after=None
[2025-03-17T14:49:29.728-0400] {processor.py:208} INFO - Processing /Users/nidhipatel/ApacheAirflow_Tutorial/py_env/lib/python3.12/site-packages/airflow/example_dags/example_sensors.py took 0.081 seconds
[2025-03-17T14:51:40.584-0400] {processor.py:186} INFO - Started process (PID=33680) to work on /Users/nidhipatel/ApacheAirflow_Tutorial/py_env/lib/python3.12/site-packages/airflow/example_dags/example_sensors.py
[2025-03-17T14:51:40.585-0400] {processor.py:914} INFO - Processing file /Users/nidhipatel/ApacheAirflow_Tutorial/py_env/lib/python3.12/site-packages/airflow/example_dags/example_sensors.py for tasks to queue
[2025-03-17T14:51:40.585-0400] {logging_mixin.py:190} INFO - [2025-03-17T14:51:40.585-0400] {dagbag.py:588} INFO - Filling up the DagBag from /Users/nidhipatel/ApacheAirflow_Tutorial/py_env/lib/python3.12/site-packages/airflow/example_dags/example_sensors.py
[2025-03-17T14:51:40.592-0400] {processor.py:925} INFO - DAG(s) 'example_sensors' retrieved from /Users/nidhipatel/ApacheAirflow_Tutorial/py_env/lib/python3.12/site-packages/airflow/example_dags/example_sensors.py
[2025-03-17T14:51:40.629-0400] {logging_mixin.py:190} INFO - [2025-03-17T14:51:40.629-0400] {workday.py:41} WARNING - Could not import pandas. Holidays will not be considered.
[2025-03-17T14:51:40.640-0400] {logging_mixin.py:190} INFO - [2025-03-17T14:51:40.640-0400] {dag.py:3239} INFO - Sync 1 DAGs
[2025-03-17T14:51:40.645-0400] {logging_mixin.py:190} INFO - [2025-03-17T14:51:40.645-0400] {dag.py:4180} INFO - Setting next_dagrun for example_sensors to None, run_after=None
[2025-03-17T14:51:40.652-0400] {processor.py:208} INFO - Processing /Users/nidhipatel/ApacheAirflow_Tutorial/py_env/lib/python3.12/site-packages/airflow/example_dags/example_sensors.py took 0.069 seconds
