[2025-03-17T14:32:59.472-0400] {processor.py:186} INFO - Started process (PID=32018) to work on /Users/nidhipatel/ApacheAirflow_Tutorial/py_env/lib/python3.12/site-packages/airflow/example_dags/example_inlet_event_extra.py
[2025-03-17T14:32:59.473-0400] {processor.py:914} INFO - Processing file /Users/nidhipatel/ApacheAirflow_Tutorial/py_env/lib/python3.12/site-packages/airflow/example_dags/example_inlet_event_extra.py for tasks to queue
[2025-03-17T14:32:59.473-0400] {logging_mixin.py:190} INFO - [2025-03-17T14:32:59.473-0400] {dagbag.py:588} INFO - Filling up the DagBag from /Users/nidhipatel/ApacheAirflow_Tutorial/py_env/lib/python3.12/site-packages/airflow/example_dags/example_inlet_event_extra.py
[2025-03-17T14:32:59.500-0400] {processor.py:925} INFO - DAG(s) 'read_dataset_event_from_classic', 'read_dataset_event' retrieved from /Users/nidhipatel/ApacheAirflow_Tutorial/py_env/lib/python3.12/site-packages/airflow/example_dags/example_inlet_event_extra.py
[2025-03-17T14:32:59.565-0400] {logging_mixin.py:190} INFO - [2025-03-17T14:32:59.565-0400] {override.py:1912} INFO - Created Permission View: can edit on DAG:read_dataset_event_from_classic
[2025-03-17T14:32:59.568-0400] {logging_mixin.py:190} INFO - [2025-03-17T14:32:59.568-0400] {override.py:1912} INFO - Created Permission View: can delete on DAG:read_dataset_event_from_classic
[2025-03-17T14:32:59.570-0400] {logging_mixin.py:190} INFO - [2025-03-17T14:32:59.570-0400] {override.py:1912} INFO - Created Permission View: can read on DAG:read_dataset_event_from_classic
[2025-03-17T14:32:59.572-0400] {logging_mixin.py:190} INFO - [2025-03-17T14:32:59.572-0400] {override.py:1912} INFO - Created Permission View: can create on DAG Run:read_dataset_event_from_classic
[2025-03-17T14:32:59.574-0400] {logging_mixin.py:190} INFO - [2025-03-17T14:32:59.574-0400] {override.py:1912} INFO - Created Permission View: can delete on DAG Run:read_dataset_event_from_classic
[2025-03-17T14:32:59.576-0400] {logging_mixin.py:190} INFO - [2025-03-17T14:32:59.576-0400] {override.py:1912} INFO - Created Permission View: menu access on DAG Run:read_dataset_event_from_classic
[2025-03-17T14:32:59.578-0400] {logging_mixin.py:190} INFO - [2025-03-17T14:32:59.578-0400] {override.py:1912} INFO - Created Permission View: can read on DAG Run:read_dataset_event_from_classic
[2025-03-17T14:32:59.582-0400] {logging_mixin.py:190} INFO - [2025-03-17T14:32:59.582-0400] {override.py:1912} INFO - Created Permission View: can edit on DAG:read_dataset_event
[2025-03-17T14:32:59.584-0400] {logging_mixin.py:190} INFO - [2025-03-17T14:32:59.584-0400] {override.py:1912} INFO - Created Permission View: can delete on DAG:read_dataset_event
[2025-03-17T14:32:59.586-0400] {logging_mixin.py:190} INFO - [2025-03-17T14:32:59.586-0400] {override.py:1912} INFO - Created Permission View: can read on DAG:read_dataset_event
[2025-03-17T14:32:59.588-0400] {logging_mixin.py:190} INFO - [2025-03-17T14:32:59.588-0400] {override.py:1912} INFO - Created Permission View: can create on DAG Run:read_dataset_event
[2025-03-17T14:32:59.590-0400] {logging_mixin.py:190} INFO - [2025-03-17T14:32:59.590-0400] {override.py:1912} INFO - Created Permission View: can delete on DAG Run:read_dataset_event
[2025-03-17T14:32:59.592-0400] {logging_mixin.py:190} INFO - [2025-03-17T14:32:59.591-0400] {override.py:1912} INFO - Created Permission View: menu access on DAG Run:read_dataset_event
[2025-03-17T14:32:59.593-0400] {logging_mixin.py:190} INFO - [2025-03-17T14:32:59.593-0400] {override.py:1912} INFO - Created Permission View: can read on DAG Run:read_dataset_event
[2025-03-17T14:32:59.593-0400] {logging_mixin.py:190} INFO - [2025-03-17T14:32:59.593-0400] {dag.py:3239} INFO - Sync 2 DAGs
[2025-03-17T14:32:59.597-0400] {logging_mixin.py:190} INFO - [2025-03-17T14:32:59.597-0400] {dag.py:3262} INFO - Creating ORM DAG for read_dataset_event
[2025-03-17T14:32:59.598-0400] {logging_mixin.py:190} INFO - [2025-03-17T14:32:59.597-0400] {dag.py:3262} INFO - Creating ORM DAG for read_dataset_event_from_classic
[2025-03-17T14:32:59.601-0400] {logging_mixin.py:190} INFO - [2025-03-17T14:32:59.601-0400] {dag.py:4180} INFO - Setting next_dagrun for read_dataset_event to 2025-03-16 00:00:00+00:00, run_after=2025-03-17 00:00:00+00:00
[2025-03-17T14:32:59.601-0400] {logging_mixin.py:190} INFO - [2025-03-17T14:32:59.601-0400] {dag.py:4180} INFO - Setting next_dagrun for read_dataset_event_from_classic to 2025-03-16 00:00:00+00:00, run_after=2025-03-17 00:00:00+00:00
[2025-03-17T14:32:59.632-0400] {processor.py:208} INFO - Processing /Users/nidhipatel/ApacheAirflow_Tutorial/py_env/lib/python3.12/site-packages/airflow/example_dags/example_inlet_event_extra.py took 0.161 seconds
[2025-03-17T14:35:13.843-0400] {processor.py:186} INFO - Started process (PID=32207) to work on /Users/nidhipatel/ApacheAirflow_Tutorial/py_env/lib/python3.12/site-packages/airflow/example_dags/example_inlet_event_extra.py
[2025-03-17T14:35:13.844-0400] {processor.py:914} INFO - Processing file /Users/nidhipatel/ApacheAirflow_Tutorial/py_env/lib/python3.12/site-packages/airflow/example_dags/example_inlet_event_extra.py for tasks to queue
[2025-03-17T14:35:13.844-0400] {logging_mixin.py:190} INFO - [2025-03-17T14:35:13.844-0400] {dagbag.py:588} INFO - Filling up the DagBag from /Users/nidhipatel/ApacheAirflow_Tutorial/py_env/lib/python3.12/site-packages/airflow/example_dags/example_inlet_event_extra.py
[2025-03-17T14:35:13.881-0400] {processor.py:925} INFO - DAG(s) 'read_dataset_event', 'read_dataset_event_from_classic' retrieved from /Users/nidhipatel/ApacheAirflow_Tutorial/py_env/lib/python3.12/site-packages/airflow/example_dags/example_inlet_event_extra.py
[2025-03-17T14:35:13.914-0400] {logging_mixin.py:190} INFO - [2025-03-17T14:35:13.914-0400] {dag.py:3239} INFO - Sync 2 DAGs
[2025-03-17T14:35:13.921-0400] {logging_mixin.py:190} INFO - [2025-03-17T14:35:13.921-0400] {dag.py:4180} INFO - Setting next_dagrun for read_dataset_event to 2025-03-16 00:00:00+00:00, run_after=2025-03-17 00:00:00+00:00
[2025-03-17T14:35:13.922-0400] {logging_mixin.py:190} INFO - [2025-03-17T14:35:13.922-0400] {dag.py:4180} INFO - Setting next_dagrun for read_dataset_event_from_classic to 2025-03-16 00:00:00+00:00, run_after=2025-03-17 00:00:00+00:00
[2025-03-17T14:35:13.927-0400] {processor.py:208} INFO - Processing /Users/nidhipatel/ApacheAirflow_Tutorial/py_env/lib/python3.12/site-packages/airflow/example_dags/example_inlet_event_extra.py took 0.086 seconds
[2025-03-17T14:36:49.056-0400] {processor.py:186} INFO - Started process (PID=32326) to work on /Users/nidhipatel/ApacheAirflow_Tutorial/py_env/lib/python3.12/site-packages/airflow/example_dags/example_inlet_event_extra.py
[2025-03-17T14:36:49.057-0400] {processor.py:914} INFO - Processing file /Users/nidhipatel/ApacheAirflow_Tutorial/py_env/lib/python3.12/site-packages/airflow/example_dags/example_inlet_event_extra.py for tasks to queue
[2025-03-17T14:36:49.057-0400] {logging_mixin.py:190} INFO - [2025-03-17T14:36:49.057-0400] {dagbag.py:588} INFO - Filling up the DagBag from /Users/nidhipatel/ApacheAirflow_Tutorial/py_env/lib/python3.12/site-packages/airflow/example_dags/example_inlet_event_extra.py
[2025-03-17T14:36:49.093-0400] {processor.py:925} INFO - DAG(s) 'read_dataset_event_from_classic', 'read_dataset_event' retrieved from /Users/nidhipatel/ApacheAirflow_Tutorial/py_env/lib/python3.12/site-packages/airflow/example_dags/example_inlet_event_extra.py
[2025-03-17T14:36:49.126-0400] {logging_mixin.py:190} INFO - [2025-03-17T14:36:49.126-0400] {dag.py:3239} INFO - Sync 2 DAGs
[2025-03-17T14:36:49.133-0400] {logging_mixin.py:190} INFO - [2025-03-17T14:36:49.132-0400] {dag.py:4180} INFO - Setting next_dagrun for read_dataset_event to 2025-03-16 00:00:00+00:00, run_after=2025-03-17 00:00:00+00:00
[2025-03-17T14:36:49.134-0400] {logging_mixin.py:190} INFO - [2025-03-17T14:36:49.134-0400] {dag.py:4180} INFO - Setting next_dagrun for read_dataset_event_from_classic to 2025-03-16 00:00:00+00:00, run_after=2025-03-17 00:00:00+00:00
[2025-03-17T14:36:49.139-0400] {processor.py:208} INFO - Processing /Users/nidhipatel/ApacheAirflow_Tutorial/py_env/lib/python3.12/site-packages/airflow/example_dags/example_inlet_event_extra.py took 0.085 seconds
[2025-03-17T14:38:51.332-0400] {processor.py:186} INFO - Started process (PID=32514) to work on /Users/nidhipatel/ApacheAirflow_Tutorial/py_env/lib/python3.12/site-packages/airflow/example_dags/example_inlet_event_extra.py
[2025-03-17T14:38:51.333-0400] {processor.py:914} INFO - Processing file /Users/nidhipatel/ApacheAirflow_Tutorial/py_env/lib/python3.12/site-packages/airflow/example_dags/example_inlet_event_extra.py for tasks to queue
[2025-03-17T14:38:51.333-0400] {logging_mixin.py:190} INFO - [2025-03-17T14:38:51.333-0400] {dagbag.py:588} INFO - Filling up the DagBag from /Users/nidhipatel/ApacheAirflow_Tutorial/py_env/lib/python3.12/site-packages/airflow/example_dags/example_inlet_event_extra.py
[2025-03-17T14:38:51.373-0400] {processor.py:925} INFO - DAG(s) 'read_dataset_event_from_classic', 'read_dataset_event' retrieved from /Users/nidhipatel/ApacheAirflow_Tutorial/py_env/lib/python3.12/site-packages/airflow/example_dags/example_inlet_event_extra.py
[2025-03-17T14:38:51.410-0400] {logging_mixin.py:190} INFO - [2025-03-17T14:38:51.410-0400] {dag.py:3239} INFO - Sync 2 DAGs
[2025-03-17T14:38:51.417-0400] {logging_mixin.py:190} INFO - [2025-03-17T14:38:51.417-0400] {dag.py:4180} INFO - Setting next_dagrun for read_dataset_event to 2025-03-16 00:00:00+00:00, run_after=2025-03-17 00:00:00+00:00
[2025-03-17T14:38:51.419-0400] {logging_mixin.py:190} INFO - [2025-03-17T14:38:51.419-0400] {dag.py:4180} INFO - Setting next_dagrun for read_dataset_event_from_classic to 2025-03-16 00:00:00+00:00, run_after=2025-03-17 00:00:00+00:00
[2025-03-17T14:38:51.425-0400] {processor.py:208} INFO - Processing /Users/nidhipatel/ApacheAirflow_Tutorial/py_env/lib/python3.12/site-packages/airflow/example_dags/example_inlet_event_extra.py took 0.094 seconds
[2025-03-17T14:40:57.137-0400] {processor.py:186} INFO - Started process (PID=32710) to work on /Users/nidhipatel/ApacheAirflow_Tutorial/py_env/lib/python3.12/site-packages/airflow/example_dags/example_inlet_event_extra.py
[2025-03-17T14:40:57.137-0400] {processor.py:914} INFO - Processing file /Users/nidhipatel/ApacheAirflow_Tutorial/py_env/lib/python3.12/site-packages/airflow/example_dags/example_inlet_event_extra.py for tasks to queue
[2025-03-17T14:40:57.138-0400] {logging_mixin.py:190} INFO - [2025-03-17T14:40:57.138-0400] {dagbag.py:588} INFO - Filling up the DagBag from /Users/nidhipatel/ApacheAirflow_Tutorial/py_env/lib/python3.12/site-packages/airflow/example_dags/example_inlet_event_extra.py
[2025-03-17T14:40:57.177-0400] {processor.py:925} INFO - DAG(s) 'read_dataset_event_from_classic', 'read_dataset_event' retrieved from /Users/nidhipatel/ApacheAirflow_Tutorial/py_env/lib/python3.12/site-packages/airflow/example_dags/example_inlet_event_extra.py
[2025-03-17T14:40:57.213-0400] {logging_mixin.py:190} INFO - [2025-03-17T14:40:57.213-0400] {dag.py:3239} INFO - Sync 2 DAGs
[2025-03-17T14:40:57.219-0400] {logging_mixin.py:190} INFO - [2025-03-17T14:40:57.219-0400] {dag.py:4180} INFO - Setting next_dagrun for read_dataset_event to 2025-03-16 00:00:00+00:00, run_after=2025-03-17 00:00:00+00:00
[2025-03-17T14:40:57.221-0400] {logging_mixin.py:190} INFO - [2025-03-17T14:40:57.221-0400] {dag.py:4180} INFO - Setting next_dagrun for read_dataset_event_from_classic to 2025-03-16 00:00:00+00:00, run_after=2025-03-17 00:00:00+00:00
[2025-03-17T14:40:57.226-0400] {processor.py:208} INFO - Processing /Users/nidhipatel/ApacheAirflow_Tutorial/py_env/lib/python3.12/site-packages/airflow/example_dags/example_inlet_event_extra.py took 0.090 seconds
[2025-03-17T14:43:05.710-0400] {processor.py:186} INFO - Started process (PID=32891) to work on /Users/nidhipatel/ApacheAirflow_Tutorial/py_env/lib/python3.12/site-packages/airflow/example_dags/example_inlet_event_extra.py
[2025-03-17T14:43:05.710-0400] {processor.py:914} INFO - Processing file /Users/nidhipatel/ApacheAirflow_Tutorial/py_env/lib/python3.12/site-packages/airflow/example_dags/example_inlet_event_extra.py for tasks to queue
[2025-03-17T14:43:05.711-0400] {logging_mixin.py:190} INFO - [2025-03-17T14:43:05.711-0400] {dagbag.py:588} INFO - Filling up the DagBag from /Users/nidhipatel/ApacheAirflow_Tutorial/py_env/lib/python3.12/site-packages/airflow/example_dags/example_inlet_event_extra.py
[2025-03-17T14:43:05.755-0400] {processor.py:925} INFO - DAG(s) 'read_dataset_event', 'read_dataset_event_from_classic' retrieved from /Users/nidhipatel/ApacheAirflow_Tutorial/py_env/lib/python3.12/site-packages/airflow/example_dags/example_inlet_event_extra.py
[2025-03-17T14:43:05.791-0400] {logging_mixin.py:190} INFO - [2025-03-17T14:43:05.791-0400] {dag.py:3239} INFO - Sync 2 DAGs
[2025-03-17T14:43:05.798-0400] {logging_mixin.py:190} INFO - [2025-03-17T14:43:05.798-0400] {dag.py:4180} INFO - Setting next_dagrun for read_dataset_event to 2025-03-16 00:00:00+00:00, run_after=2025-03-17 00:00:00+00:00
[2025-03-17T14:43:05.800-0400] {logging_mixin.py:190} INFO - [2025-03-17T14:43:05.800-0400] {dag.py:4180} INFO - Setting next_dagrun for read_dataset_event_from_classic to 2025-03-16 00:00:00+00:00, run_after=2025-03-17 00:00:00+00:00
[2025-03-17T14:43:05.805-0400] {processor.py:208} INFO - Processing /Users/nidhipatel/ApacheAirflow_Tutorial/py_env/lib/python3.12/site-packages/airflow/example_dags/example_inlet_event_extra.py took 0.096 seconds
[2025-03-17T14:45:21.465-0400] {processor.py:186} INFO - Started process (PID=33077) to work on /Users/nidhipatel/ApacheAirflow_Tutorial/py_env/lib/python3.12/site-packages/airflow/example_dags/example_inlet_event_extra.py
[2025-03-17T14:45:21.466-0400] {processor.py:914} INFO - Processing file /Users/nidhipatel/ApacheAirflow_Tutorial/py_env/lib/python3.12/site-packages/airflow/example_dags/example_inlet_event_extra.py for tasks to queue
[2025-03-17T14:45:21.466-0400] {logging_mixin.py:190} INFO - [2025-03-17T14:45:21.466-0400] {dagbag.py:588} INFO - Filling up the DagBag from /Users/nidhipatel/ApacheAirflow_Tutorial/py_env/lib/python3.12/site-packages/airflow/example_dags/example_inlet_event_extra.py
[2025-03-17T14:45:21.507-0400] {processor.py:925} INFO - DAG(s) 'read_dataset_event', 'read_dataset_event_from_classic' retrieved from /Users/nidhipatel/ApacheAirflow_Tutorial/py_env/lib/python3.12/site-packages/airflow/example_dags/example_inlet_event_extra.py
[2025-03-17T14:45:21.545-0400] {logging_mixin.py:190} INFO - [2025-03-17T14:45:21.544-0400] {dag.py:3239} INFO - Sync 2 DAGs
[2025-03-17T14:45:21.552-0400] {logging_mixin.py:190} INFO - [2025-03-17T14:45:21.551-0400] {dag.py:4180} INFO - Setting next_dagrun for read_dataset_event to 2025-03-16 00:00:00+00:00, run_after=2025-03-17 00:00:00+00:00
[2025-03-17T14:45:21.557-0400] {logging_mixin.py:190} INFO - [2025-03-17T14:45:21.557-0400] {dag.py:4180} INFO - Setting next_dagrun for read_dataset_event_from_classic to 2025-03-16 00:00:00+00:00, run_after=2025-03-17 00:00:00+00:00
[2025-03-17T14:45:21.563-0400] {processor.py:208} INFO - Processing /Users/nidhipatel/ApacheAirflow_Tutorial/py_env/lib/python3.12/site-packages/airflow/example_dags/example_inlet_event_extra.py took 0.100 seconds
[2025-03-17T14:47:40.809-0400] {processor.py:186} INFO - Started process (PID=33249) to work on /Users/nidhipatel/ApacheAirflow_Tutorial/py_env/lib/python3.12/site-packages/airflow/example_dags/example_inlet_event_extra.py
[2025-03-17T14:47:40.810-0400] {processor.py:914} INFO - Processing file /Users/nidhipatel/ApacheAirflow_Tutorial/py_env/lib/python3.12/site-packages/airflow/example_dags/example_inlet_event_extra.py for tasks to queue
[2025-03-17T14:47:40.810-0400] {logging_mixin.py:190} INFO - [2025-03-17T14:47:40.810-0400] {dagbag.py:588} INFO - Filling up the DagBag from /Users/nidhipatel/ApacheAirflow_Tutorial/py_env/lib/python3.12/site-packages/airflow/example_dags/example_inlet_event_extra.py
[2025-03-17T14:47:40.835-0400] {processor.py:925} INFO - DAG(s) 'read_dataset_event', 'read_dataset_event_from_classic' retrieved from /Users/nidhipatel/ApacheAirflow_Tutorial/py_env/lib/python3.12/site-packages/airflow/example_dags/example_inlet_event_extra.py
[2025-03-17T14:47:40.869-0400] {logging_mixin.py:190} INFO - [2025-03-17T14:47:40.869-0400] {dag.py:3239} INFO - Sync 2 DAGs
[2025-03-17T14:47:40.876-0400] {logging_mixin.py:190} INFO - [2025-03-17T14:47:40.876-0400] {dag.py:4180} INFO - Setting next_dagrun for read_dataset_event to 2025-03-16 00:00:00+00:00, run_after=2025-03-17 00:00:00+00:00
[2025-03-17T14:47:40.877-0400] {logging_mixin.py:190} INFO - [2025-03-17T14:47:40.877-0400] {dag.py:4180} INFO - Setting next_dagrun for read_dataset_event_from_classic to 2025-03-16 00:00:00+00:00, run_after=2025-03-17 00:00:00+00:00
[2025-03-17T14:47:40.883-0400] {processor.py:208} INFO - Processing /Users/nidhipatel/ApacheAirflow_Tutorial/py_env/lib/python3.12/site-packages/airflow/example_dags/example_inlet_event_extra.py took 0.075 seconds
[2025-03-17T14:49:52.481-0400] {processor.py:186} INFO - Started process (PID=33445) to work on /Users/nidhipatel/ApacheAirflow_Tutorial/py_env/lib/python3.12/site-packages/airflow/example_dags/example_inlet_event_extra.py
[2025-03-17T14:49:52.481-0400] {processor.py:914} INFO - Processing file /Users/nidhipatel/ApacheAirflow_Tutorial/py_env/lib/python3.12/site-packages/airflow/example_dags/example_inlet_event_extra.py for tasks to queue
[2025-03-17T14:49:52.482-0400] {logging_mixin.py:190} INFO - [2025-03-17T14:49:52.482-0400] {dagbag.py:588} INFO - Filling up the DagBag from /Users/nidhipatel/ApacheAirflow_Tutorial/py_env/lib/python3.12/site-packages/airflow/example_dags/example_inlet_event_extra.py
[2025-03-17T14:49:52.516-0400] {processor.py:925} INFO - DAG(s) 'read_dataset_event_from_classic', 'read_dataset_event' retrieved from /Users/nidhipatel/ApacheAirflow_Tutorial/py_env/lib/python3.12/site-packages/airflow/example_dags/example_inlet_event_extra.py
[2025-03-17T14:49:52.551-0400] {logging_mixin.py:190} INFO - [2025-03-17T14:49:52.551-0400] {dag.py:3239} INFO - Sync 2 DAGs
[2025-03-17T14:49:52.557-0400] {logging_mixin.py:190} INFO - [2025-03-17T14:49:52.557-0400] {dag.py:4180} INFO - Setting next_dagrun for read_dataset_event to 2025-03-16 00:00:00+00:00, run_after=2025-03-17 00:00:00+00:00
[2025-03-17T14:49:52.559-0400] {logging_mixin.py:190} INFO - [2025-03-17T14:49:52.559-0400] {dag.py:4180} INFO - Setting next_dagrun for read_dataset_event_from_classic to 2025-03-16 00:00:00+00:00, run_after=2025-03-17 00:00:00+00:00
[2025-03-17T14:49:52.564-0400] {processor.py:208} INFO - Processing /Users/nidhipatel/ApacheAirflow_Tutorial/py_env/lib/python3.12/site-packages/airflow/example_dags/example_inlet_event_extra.py took 0.085 seconds
[2025-03-17T14:52:03.465-0400] {processor.py:186} INFO - Started process (PID=33752) to work on /Users/nidhipatel/ApacheAirflow_Tutorial/py_env/lib/python3.12/site-packages/airflow/example_dags/example_inlet_event_extra.py
[2025-03-17T14:52:03.466-0400] {processor.py:914} INFO - Processing file /Users/nidhipatel/ApacheAirflow_Tutorial/py_env/lib/python3.12/site-packages/airflow/example_dags/example_inlet_event_extra.py for tasks to queue
[2025-03-17T14:52:03.466-0400] {logging_mixin.py:190} INFO - [2025-03-17T14:52:03.466-0400] {dagbag.py:588} INFO - Filling up the DagBag from /Users/nidhipatel/ApacheAirflow_Tutorial/py_env/lib/python3.12/site-packages/airflow/example_dags/example_inlet_event_extra.py
[2025-03-17T14:52:03.504-0400] {processor.py:925} INFO - DAG(s) 'read_dataset_event_from_classic', 'read_dataset_event' retrieved from /Users/nidhipatel/ApacheAirflow_Tutorial/py_env/lib/python3.12/site-packages/airflow/example_dags/example_inlet_event_extra.py
[2025-03-17T14:52:03.543-0400] {logging_mixin.py:190} INFO - [2025-03-17T14:52:03.543-0400] {dag.py:3239} INFO - Sync 2 DAGs
[2025-03-17T14:52:03.552-0400] {logging_mixin.py:190} INFO - [2025-03-17T14:52:03.552-0400] {dag.py:4180} INFO - Setting next_dagrun for read_dataset_event to 2025-03-16 00:00:00+00:00, run_after=2025-03-17 00:00:00+00:00
[2025-03-17T14:52:03.554-0400] {logging_mixin.py:190} INFO - [2025-03-17T14:52:03.554-0400] {dag.py:4180} INFO - Setting next_dagrun for read_dataset_event_from_classic to 2025-03-16 00:00:00+00:00, run_after=2025-03-17 00:00:00+00:00
[2025-03-17T14:52:03.560-0400] {processor.py:208} INFO - Processing /Users/nidhipatel/ApacheAirflow_Tutorial/py_env/lib/python3.12/site-packages/airflow/example_dags/example_inlet_event_extra.py took 0.098 seconds
