[2025-03-17T14:32:10.074-0400] {processor.py:186} INFO - Started process (PID=31933) to work on /Users/nidhipatel/ApacheAirflow_Tutorial/py_env/lib/python3.12/site-packages/airflow/example_dags/example_workday_timetable.py
[2025-03-17T14:32:10.074-0400] {processor.py:914} INFO - Processing file /Users/nidhipatel/ApacheAirflow_Tutorial/py_env/lib/python3.12/site-packages/airflow/example_dags/example_workday_timetable.py for tasks to queue
[2025-03-17T14:32:10.075-0400] {logging_mixin.py:190} INFO - [2025-03-17T14:32:10.075-0400] {dagbag.py:588} INFO - Filling up the DagBag from /Users/nidhipatel/ApacheAirflow_Tutorial/py_env/lib/python3.12/site-packages/airflow/example_dags/example_workday_timetable.py
[2025-03-17T14:32:10.077-0400] {logging_mixin.py:190} INFO - [2025-03-17T14:32:10.077-0400] {workday.py:41} WARNING - Could not import pandas. Holidays will not be considered.
[2025-03-17T14:32:10.079-0400] {processor.py:925} INFO - DAG(s) 'example_workday_timetable' retrieved from /Users/nidhipatel/ApacheAirflow_Tutorial/py_env/lib/python3.12/site-packages/airflow/example_dags/example_workday_timetable.py
[2025-03-17T14:32:10.111-0400] {logging_mixin.py:190} INFO - [2025-03-17T14:32:10.110-0400] {workday.py:41} WARNING - Could not import pandas. Holidays will not be considered.
[2025-03-17T14:32:10.151-0400] {logging_mixin.py:190} INFO - [2025-03-17T14:32:10.151-0400] {override.py:1912} INFO - Created Permission View: can edit on DAG:example_workday_timetable
[2025-03-17T14:32:10.154-0400] {logging_mixin.py:190} INFO - [2025-03-17T14:32:10.154-0400] {override.py:1912} INFO - Created Permission View: can delete on DAG:example_workday_timetable
[2025-03-17T14:32:10.157-0400] {logging_mixin.py:190} INFO - [2025-03-17T14:32:10.157-0400] {override.py:1912} INFO - Created Permission View: can read on DAG:example_workday_timetable
[2025-03-17T14:32:10.160-0400] {logging_mixin.py:190} INFO - [2025-03-17T14:32:10.160-0400] {override.py:1912} INFO - Created Permission View: menu access on DAG Run:example_workday_timetable
[2025-03-17T14:32:10.162-0400] {logging_mixin.py:190} INFO - [2025-03-17T14:32:10.162-0400] {override.py:1912} INFO - Created Permission View: can create on DAG Run:example_workday_timetable
[2025-03-17T14:32:10.164-0400] {logging_mixin.py:190} INFO - [2025-03-17T14:32:10.164-0400] {override.py:1912} INFO - Created Permission View: can delete on DAG Run:example_workday_timetable
[2025-03-17T14:32:10.165-0400] {logging_mixin.py:190} INFO - [2025-03-17T14:32:10.165-0400] {override.py:1912} INFO - Created Permission View: can read on DAG Run:example_workday_timetable
[2025-03-17T14:32:10.166-0400] {logging_mixin.py:190} INFO - [2025-03-17T14:32:10.166-0400] {dag.py:3239} INFO - Sync 1 DAGs
[2025-03-17T14:32:10.171-0400] {logging_mixin.py:190} INFO - [2025-03-17T14:32:10.170-0400] {dag.py:3262} INFO - Creating ORM DAG for example_workday_timetable
[2025-03-17T14:32:10.174-0400] {logging_mixin.py:190} INFO - [2025-03-17T14:32:10.174-0400] {dag.py:4180} INFO - Setting next_dagrun for example_workday_timetable to 2021-01-01 00:00:00+00:00, run_after=2021-01-02 00:00:00+00:00
[2025-03-17T14:32:10.180-0400] {processor.py:208} INFO - Processing /Users/nidhipatel/ApacheAirflow_Tutorial/py_env/lib/python3.12/site-packages/airflow/example_dags/example_workday_timetable.py took 0.107 seconds
[2025-03-17T14:33:51.968-0400] {processor.py:186} INFO - Started process (PID=32103) to work on /Users/nidhipatel/ApacheAirflow_Tutorial/py_env/lib/python3.12/site-packages/airflow/example_dags/example_workday_timetable.py
[2025-03-17T14:33:51.969-0400] {processor.py:914} INFO - Processing file /Users/nidhipatel/ApacheAirflow_Tutorial/py_env/lib/python3.12/site-packages/airflow/example_dags/example_workday_timetable.py for tasks to queue
[2025-03-17T14:33:51.969-0400] {logging_mixin.py:190} INFO - [2025-03-17T14:33:51.969-0400] {dagbag.py:588} INFO - Filling up the DagBag from /Users/nidhipatel/ApacheAirflow_Tutorial/py_env/lib/python3.12/site-packages/airflow/example_dags/example_workday_timetable.py
[2025-03-17T14:33:51.971-0400] {logging_mixin.py:190} INFO - [2025-03-17T14:33:51.971-0400] {workday.py:41} WARNING - Could not import pandas. Holidays will not be considered.
[2025-03-17T14:33:51.973-0400] {processor.py:925} INFO - DAG(s) 'example_workday_timetable' retrieved from /Users/nidhipatel/ApacheAirflow_Tutorial/py_env/lib/python3.12/site-packages/airflow/example_dags/example_workday_timetable.py
[2025-03-17T14:33:52.007-0400] {logging_mixin.py:190} INFO - [2025-03-17T14:33:52.007-0400] {workday.py:41} WARNING - Could not import pandas. Holidays will not be considered.
[2025-03-17T14:33:52.014-0400] {logging_mixin.py:190} INFO - [2025-03-17T14:33:52.014-0400] {dag.py:3239} INFO - Sync 1 DAGs
[2025-03-17T14:33:52.024-0400] {logging_mixin.py:190} INFO - [2025-03-17T14:33:52.024-0400] {dag.py:4180} INFO - Setting next_dagrun for example_workday_timetable to 2021-01-01 00:00:00+00:00, run_after=2021-01-02 00:00:00+00:00
[2025-03-17T14:33:52.032-0400] {processor.py:208} INFO - Processing /Users/nidhipatel/ApacheAirflow_Tutorial/py_env/lib/python3.12/site-packages/airflow/example_dags/example_workday_timetable.py took 0.066 seconds
[2025-03-17T14:34:58.094-0400] {processor.py:186} INFO - Started process (PID=32189) to work on /Users/nidhipatel/ApacheAirflow_Tutorial/py_env/lib/python3.12/site-packages/airflow/example_dags/example_workday_timetable.py
[2025-03-17T14:34:58.094-0400] {processor.py:914} INFO - Processing file /Users/nidhipatel/ApacheAirflow_Tutorial/py_env/lib/python3.12/site-packages/airflow/example_dags/example_workday_timetable.py for tasks to queue
[2025-03-17T14:34:58.095-0400] {logging_mixin.py:190} INFO - [2025-03-17T14:34:58.095-0400] {dagbag.py:588} INFO - Filling up the DagBag from /Users/nidhipatel/ApacheAirflow_Tutorial/py_env/lib/python3.12/site-packages/airflow/example_dags/example_workday_timetable.py
[2025-03-17T14:34:58.097-0400] {logging_mixin.py:190} INFO - [2025-03-17T14:34:58.097-0400] {workday.py:41} WARNING - Could not import pandas. Holidays will not be considered.
[2025-03-17T14:34:58.099-0400] {processor.py:925} INFO - DAG(s) 'example_workday_timetable' retrieved from /Users/nidhipatel/ApacheAirflow_Tutorial/py_env/lib/python3.12/site-packages/airflow/example_dags/example_workday_timetable.py
[2025-03-17T14:34:58.132-0400] {logging_mixin.py:190} INFO - [2025-03-17T14:34:58.132-0400] {workday.py:41} WARNING - Could not import pandas. Holidays will not be considered.
[2025-03-17T14:34:58.139-0400] {logging_mixin.py:190} INFO - [2025-03-17T14:34:58.139-0400] {dag.py:3239} INFO - Sync 1 DAGs
[2025-03-17T14:34:58.148-0400] {logging_mixin.py:190} INFO - [2025-03-17T14:34:58.148-0400] {dag.py:4180} INFO - Setting next_dagrun for example_workday_timetable to 2021-01-01 00:00:00+00:00, run_after=2021-01-02 00:00:00+00:00
[2025-03-17T14:34:58.156-0400] {processor.py:208} INFO - Processing /Users/nidhipatel/ApacheAirflow_Tutorial/py_env/lib/python3.12/site-packages/airflow/example_dags/example_workday_timetable.py took 0.063 seconds
[2025-03-17T14:36:06.112-0400] {processor.py:186} INFO - Started process (PID=32272) to work on /Users/nidhipatel/ApacheAirflow_Tutorial/py_env/lib/python3.12/site-packages/airflow/example_dags/example_workday_timetable.py
[2025-03-17T14:36:06.112-0400] {processor.py:914} INFO - Processing file /Users/nidhipatel/ApacheAirflow_Tutorial/py_env/lib/python3.12/site-packages/airflow/example_dags/example_workday_timetable.py for tasks to queue
[2025-03-17T14:36:06.113-0400] {logging_mixin.py:190} INFO - [2025-03-17T14:36:06.112-0400] {dagbag.py:588} INFO - Filling up the DagBag from /Users/nidhipatel/ApacheAirflow_Tutorial/py_env/lib/python3.12/site-packages/airflow/example_dags/example_workday_timetable.py
[2025-03-17T14:36:06.114-0400] {logging_mixin.py:190} INFO - [2025-03-17T14:36:06.114-0400] {workday.py:41} WARNING - Could not import pandas. Holidays will not be considered.
[2025-03-17T14:36:06.116-0400] {processor.py:925} INFO - DAG(s) 'example_workday_timetable' retrieved from /Users/nidhipatel/ApacheAirflow_Tutorial/py_env/lib/python3.12/site-packages/airflow/example_dags/example_workday_timetable.py
[2025-03-17T14:36:06.148-0400] {logging_mixin.py:190} INFO - [2025-03-17T14:36:06.148-0400] {workday.py:41} WARNING - Could not import pandas. Holidays will not be considered.
[2025-03-17T14:36:06.156-0400] {logging_mixin.py:190} INFO - [2025-03-17T14:36:06.156-0400] {dag.py:3239} INFO - Sync 1 DAGs
[2025-03-17T14:36:06.163-0400] {logging_mixin.py:190} INFO - [2025-03-17T14:36:06.163-0400] {dag.py:4180} INFO - Setting next_dagrun for example_workday_timetable to 2021-01-01 00:00:00+00:00, run_after=2021-01-02 00:00:00+00:00
[2025-03-17T14:36:06.170-0400] {processor.py:208} INFO - Processing /Users/nidhipatel/ApacheAirflow_Tutorial/py_env/lib/python3.12/site-packages/airflow/example_dags/example_workday_timetable.py took 0.060 seconds
[2025-03-17T14:37:10.634-0400] {processor.py:186} INFO - Started process (PID=32356) to work on /Users/nidhipatel/ApacheAirflow_Tutorial/py_env/lib/python3.12/site-packages/airflow/example_dags/example_workday_timetable.py
[2025-03-17T14:37:10.635-0400] {processor.py:914} INFO - Processing file /Users/nidhipatel/ApacheAirflow_Tutorial/py_env/lib/python3.12/site-packages/airflow/example_dags/example_workday_timetable.py for tasks to queue
[2025-03-17T14:37:10.635-0400] {logging_mixin.py:190} INFO - [2025-03-17T14:37:10.635-0400] {dagbag.py:588} INFO - Filling up the DagBag from /Users/nidhipatel/ApacheAirflow_Tutorial/py_env/lib/python3.12/site-packages/airflow/example_dags/example_workday_timetable.py
[2025-03-17T14:37:10.637-0400] {logging_mixin.py:190} INFO - [2025-03-17T14:37:10.637-0400] {workday.py:41} WARNING - Could not import pandas. Holidays will not be considered.
[2025-03-17T14:37:10.639-0400] {processor.py:925} INFO - DAG(s) 'example_workday_timetable' retrieved from /Users/nidhipatel/ApacheAirflow_Tutorial/py_env/lib/python3.12/site-packages/airflow/example_dags/example_workday_timetable.py
[2025-03-17T14:37:10.670-0400] {logging_mixin.py:190} INFO - [2025-03-17T14:37:10.670-0400] {workday.py:41} WARNING - Could not import pandas. Holidays will not be considered.
[2025-03-17T14:37:10.678-0400] {logging_mixin.py:190} INFO - [2025-03-17T14:37:10.677-0400] {dag.py:3239} INFO - Sync 1 DAGs
[2025-03-17T14:37:10.684-0400] {logging_mixin.py:190} INFO - [2025-03-17T14:37:10.683-0400] {dag.py:4180} INFO - Setting next_dagrun for example_workday_timetable to 2021-01-01 00:00:00+00:00, run_after=2021-01-02 00:00:00+00:00
[2025-03-17T14:37:10.691-0400] {processor.py:208} INFO - Processing /Users/nidhipatel/ApacheAirflow_Tutorial/py_env/lib/python3.12/site-packages/airflow/example_dags/example_workday_timetable.py took 0.058 seconds
[2025-03-17T14:38:13.779-0400] {processor.py:186} INFO - Started process (PID=32455) to work on /Users/nidhipatel/ApacheAirflow_Tutorial/py_env/lib/python3.12/site-packages/airflow/example_dags/example_workday_timetable.py
[2025-03-17T14:38:13.780-0400] {processor.py:914} INFO - Processing file /Users/nidhipatel/ApacheAirflow_Tutorial/py_env/lib/python3.12/site-packages/airflow/example_dags/example_workday_timetable.py for tasks to queue
[2025-03-17T14:38:13.780-0400] {logging_mixin.py:190} INFO - [2025-03-17T14:38:13.780-0400] {dagbag.py:588} INFO - Filling up the DagBag from /Users/nidhipatel/ApacheAirflow_Tutorial/py_env/lib/python3.12/site-packages/airflow/example_dags/example_workday_timetable.py
[2025-03-17T14:38:13.782-0400] {logging_mixin.py:190} INFO - [2025-03-17T14:38:13.782-0400] {workday.py:41} WARNING - Could not import pandas. Holidays will not be considered.
[2025-03-17T14:38:13.784-0400] {processor.py:925} INFO - DAG(s) 'example_workday_timetable' retrieved from /Users/nidhipatel/ApacheAirflow_Tutorial/py_env/lib/python3.12/site-packages/airflow/example_dags/example_workday_timetable.py
[2025-03-17T14:38:13.815-0400] {logging_mixin.py:190} INFO - [2025-03-17T14:38:13.815-0400] {workday.py:41} WARNING - Could not import pandas. Holidays will not be considered.
[2025-03-17T14:38:13.823-0400] {logging_mixin.py:190} INFO - [2025-03-17T14:38:13.823-0400] {dag.py:3239} INFO - Sync 1 DAGs
[2025-03-17T14:38:13.829-0400] {logging_mixin.py:190} INFO - [2025-03-17T14:38:13.829-0400] {dag.py:4180} INFO - Setting next_dagrun for example_workday_timetable to 2021-01-01 00:00:00+00:00, run_after=2021-01-02 00:00:00+00:00
[2025-03-17T14:38:13.836-0400] {processor.py:208} INFO - Processing /Users/nidhipatel/ApacheAirflow_Tutorial/py_env/lib/python3.12/site-packages/airflow/example_dags/example_workday_timetable.py took 0.058 seconds
[2025-03-17T14:39:13.442-0400] {processor.py:186} INFO - Started process (PID=32544) to work on /Users/nidhipatel/ApacheAirflow_Tutorial/py_env/lib/python3.12/site-packages/airflow/example_dags/example_workday_timetable.py
[2025-03-17T14:39:13.443-0400] {processor.py:914} INFO - Processing file /Users/nidhipatel/ApacheAirflow_Tutorial/py_env/lib/python3.12/site-packages/airflow/example_dags/example_workday_timetable.py for tasks to queue
[2025-03-17T14:39:13.444-0400] {logging_mixin.py:190} INFO - [2025-03-17T14:39:13.444-0400] {dagbag.py:588} INFO - Filling up the DagBag from /Users/nidhipatel/ApacheAirflow_Tutorial/py_env/lib/python3.12/site-packages/airflow/example_dags/example_workday_timetable.py
[2025-03-17T14:39:13.446-0400] {logging_mixin.py:190} INFO - [2025-03-17T14:39:13.446-0400] {workday.py:41} WARNING - Could not import pandas. Holidays will not be considered.
[2025-03-17T14:39:13.448-0400] {processor.py:925} INFO - DAG(s) 'example_workday_timetable' retrieved from /Users/nidhipatel/ApacheAirflow_Tutorial/py_env/lib/python3.12/site-packages/airflow/example_dags/example_workday_timetable.py
[2025-03-17T14:39:13.480-0400] {logging_mixin.py:190} INFO - [2025-03-17T14:39:13.480-0400] {workday.py:41} WARNING - Could not import pandas. Holidays will not be considered.
[2025-03-17T14:39:13.491-0400] {logging_mixin.py:190} INFO - [2025-03-17T14:39:13.491-0400] {dag.py:3239} INFO - Sync 1 DAGs
[2025-03-17T14:39:13.497-0400] {logging_mixin.py:190} INFO - [2025-03-17T14:39:13.497-0400] {dag.py:4180} INFO - Setting next_dagrun for example_workday_timetable to 2021-01-01 00:00:00+00:00, run_after=2021-01-02 00:00:00+00:00
[2025-03-17T14:39:13.504-0400] {processor.py:208} INFO - Processing /Users/nidhipatel/ApacheAirflow_Tutorial/py_env/lib/python3.12/site-packages/airflow/example_dags/example_workday_timetable.py took 0.064 seconds
[2025-03-17T14:40:16.632-0400] {processor.py:186} INFO - Started process (PID=32658) to work on /Users/nidhipatel/ApacheAirflow_Tutorial/py_env/lib/python3.12/site-packages/airflow/example_dags/example_workday_timetable.py
[2025-03-17T14:40:16.633-0400] {processor.py:914} INFO - Processing file /Users/nidhipatel/ApacheAirflow_Tutorial/py_env/lib/python3.12/site-packages/airflow/example_dags/example_workday_timetable.py for tasks to queue
[2025-03-17T14:40:16.633-0400] {logging_mixin.py:190} INFO - [2025-03-17T14:40:16.633-0400] {dagbag.py:588} INFO - Filling up the DagBag from /Users/nidhipatel/ApacheAirflow_Tutorial/py_env/lib/python3.12/site-packages/airflow/example_dags/example_workday_timetable.py
[2025-03-17T14:40:16.635-0400] {logging_mixin.py:190} INFO - [2025-03-17T14:40:16.635-0400] {workday.py:41} WARNING - Could not import pandas. Holidays will not be considered.
[2025-03-17T14:40:16.637-0400] {processor.py:925} INFO - DAG(s) 'example_workday_timetable' retrieved from /Users/nidhipatel/ApacheAirflow_Tutorial/py_env/lib/python3.12/site-packages/airflow/example_dags/example_workday_timetable.py
[2025-03-17T14:40:16.668-0400] {logging_mixin.py:190} INFO - [2025-03-17T14:40:16.668-0400] {workday.py:41} WARNING - Could not import pandas. Holidays will not be considered.
[2025-03-17T14:40:16.675-0400] {logging_mixin.py:190} INFO - [2025-03-17T14:40:16.675-0400] {dag.py:3239} INFO - Sync 1 DAGs
[2025-03-17T14:40:16.681-0400] {logging_mixin.py:190} INFO - [2025-03-17T14:40:16.681-0400] {dag.py:4180} INFO - Setting next_dagrun for example_workday_timetable to 2021-01-01 00:00:00+00:00, run_after=2021-01-02 00:00:00+00:00
[2025-03-17T14:40:16.687-0400] {processor.py:208} INFO - Processing /Users/nidhipatel/ApacheAirflow_Tutorial/py_env/lib/python3.12/site-packages/airflow/example_dags/example_workday_timetable.py took 0.057 seconds
[2025-03-17T14:41:19.262-0400] {processor.py:186} INFO - Started process (PID=32750) to work on /Users/nidhipatel/ApacheAirflow_Tutorial/py_env/lib/python3.12/site-packages/airflow/example_dags/example_workday_timetable.py
[2025-03-17T14:41:19.263-0400] {processor.py:914} INFO - Processing file /Users/nidhipatel/ApacheAirflow_Tutorial/py_env/lib/python3.12/site-packages/airflow/example_dags/example_workday_timetable.py for tasks to queue
[2025-03-17T14:41:19.264-0400] {logging_mixin.py:190} INFO - [2025-03-17T14:41:19.264-0400] {dagbag.py:588} INFO - Filling up the DagBag from /Users/nidhipatel/ApacheAirflow_Tutorial/py_env/lib/python3.12/site-packages/airflow/example_dags/example_workday_timetable.py
[2025-03-17T14:41:19.266-0400] {logging_mixin.py:190} INFO - [2025-03-17T14:41:19.266-0400] {workday.py:41} WARNING - Could not import pandas. Holidays will not be considered.
[2025-03-17T14:41:19.268-0400] {processor.py:925} INFO - DAG(s) 'example_workday_timetable' retrieved from /Users/nidhipatel/ApacheAirflow_Tutorial/py_env/lib/python3.12/site-packages/airflow/example_dags/example_workday_timetable.py
[2025-03-17T14:41:19.300-0400] {logging_mixin.py:190} INFO - [2025-03-17T14:41:19.300-0400] {workday.py:41} WARNING - Could not import pandas. Holidays will not be considered.
[2025-03-17T14:41:19.308-0400] {logging_mixin.py:190} INFO - [2025-03-17T14:41:19.307-0400] {dag.py:3239} INFO - Sync 1 DAGs
[2025-03-17T14:41:19.314-0400] {logging_mixin.py:190} INFO - [2025-03-17T14:41:19.314-0400] {dag.py:4180} INFO - Setting next_dagrun for example_workday_timetable to 2021-01-01 00:00:00+00:00, run_after=2021-01-02 00:00:00+00:00
[2025-03-17T14:41:19.320-0400] {processor.py:208} INFO - Processing /Users/nidhipatel/ApacheAirflow_Tutorial/py_env/lib/python3.12/site-packages/airflow/example_dags/example_workday_timetable.py took 0.060 seconds
[2025-03-17T14:42:22.618-0400] {processor.py:186} INFO - Started process (PID=32841) to work on /Users/nidhipatel/ApacheAirflow_Tutorial/py_env/lib/python3.12/site-packages/airflow/example_dags/example_workday_timetable.py
[2025-03-17T14:42:22.619-0400] {processor.py:914} INFO - Processing file /Users/nidhipatel/ApacheAirflow_Tutorial/py_env/lib/python3.12/site-packages/airflow/example_dags/example_workday_timetable.py for tasks to queue
[2025-03-17T14:42:22.619-0400] {logging_mixin.py:190} INFO - [2025-03-17T14:42:22.619-0400] {dagbag.py:588} INFO - Filling up the DagBag from /Users/nidhipatel/ApacheAirflow_Tutorial/py_env/lib/python3.12/site-packages/airflow/example_dags/example_workday_timetable.py
[2025-03-17T14:42:22.621-0400] {logging_mixin.py:190} INFO - [2025-03-17T14:42:22.621-0400] {workday.py:41} WARNING - Could not import pandas. Holidays will not be considered.
[2025-03-17T14:42:22.623-0400] {processor.py:925} INFO - DAG(s) 'example_workday_timetable' retrieved from /Users/nidhipatel/ApacheAirflow_Tutorial/py_env/lib/python3.12/site-packages/airflow/example_dags/example_workday_timetable.py
[2025-03-17T14:42:22.654-0400] {logging_mixin.py:190} INFO - [2025-03-17T14:42:22.654-0400] {workday.py:41} WARNING - Could not import pandas. Holidays will not be considered.
[2025-03-17T14:42:22.662-0400] {logging_mixin.py:190} INFO - [2025-03-17T14:42:22.661-0400] {dag.py:3239} INFO - Sync 1 DAGs
[2025-03-17T14:42:22.668-0400] {logging_mixin.py:190} INFO - [2025-03-17T14:42:22.668-0400] {dag.py:4180} INFO - Setting next_dagrun for example_workday_timetable to 2021-01-01 00:00:00+00:00, run_after=2021-01-02 00:00:00+00:00
[2025-03-17T14:42:22.674-0400] {processor.py:208} INFO - Processing /Users/nidhipatel/ApacheAirflow_Tutorial/py_env/lib/python3.12/site-packages/airflow/example_dags/example_workday_timetable.py took 0.058 seconds
[2025-03-17T14:43:30.084-0400] {processor.py:186} INFO - Started process (PID=32919) to work on /Users/nidhipatel/ApacheAirflow_Tutorial/py_env/lib/python3.12/site-packages/airflow/example_dags/example_workday_timetable.py
[2025-03-17T14:43:30.085-0400] {processor.py:914} INFO - Processing file /Users/nidhipatel/ApacheAirflow_Tutorial/py_env/lib/python3.12/site-packages/airflow/example_dags/example_workday_timetable.py for tasks to queue
[2025-03-17T14:43:30.085-0400] {logging_mixin.py:190} INFO - [2025-03-17T14:43:30.085-0400] {dagbag.py:588} INFO - Filling up the DagBag from /Users/nidhipatel/ApacheAirflow_Tutorial/py_env/lib/python3.12/site-packages/airflow/example_dags/example_workday_timetable.py
[2025-03-17T14:43:30.087-0400] {logging_mixin.py:190} INFO - [2025-03-17T14:43:30.087-0400] {workday.py:41} WARNING - Could not import pandas. Holidays will not be considered.
[2025-03-17T14:43:30.089-0400] {processor.py:925} INFO - DAG(s) 'example_workday_timetable' retrieved from /Users/nidhipatel/ApacheAirflow_Tutorial/py_env/lib/python3.12/site-packages/airflow/example_dags/example_workday_timetable.py
[2025-03-17T14:43:30.120-0400] {logging_mixin.py:190} INFO - [2025-03-17T14:43:30.120-0400] {workday.py:41} WARNING - Could not import pandas. Holidays will not be considered.
[2025-03-17T14:43:30.127-0400] {logging_mixin.py:190} INFO - [2025-03-17T14:43:30.127-0400] {dag.py:3239} INFO - Sync 1 DAGs
[2025-03-17T14:43:30.134-0400] {logging_mixin.py:190} INFO - [2025-03-17T14:43:30.134-0400] {dag.py:4180} INFO - Setting next_dagrun for example_workday_timetable to 2021-01-01 00:00:00+00:00, run_after=2021-01-02 00:00:00+00:00
[2025-03-17T14:43:30.142-0400] {processor.py:208} INFO - Processing /Users/nidhipatel/ApacheAirflow_Tutorial/py_env/lib/python3.12/site-packages/airflow/example_dags/example_workday_timetable.py took 0.059 seconds
[2025-03-17T14:44:37.647-0400] {processor.py:186} INFO - Started process (PID=33020) to work on /Users/nidhipatel/ApacheAirflow_Tutorial/py_env/lib/python3.12/site-packages/airflow/example_dags/example_workday_timetable.py
[2025-03-17T14:44:37.648-0400] {processor.py:914} INFO - Processing file /Users/nidhipatel/ApacheAirflow_Tutorial/py_env/lib/python3.12/site-packages/airflow/example_dags/example_workday_timetable.py for tasks to queue
[2025-03-17T14:44:37.648-0400] {logging_mixin.py:190} INFO - [2025-03-17T14:44:37.648-0400] {dagbag.py:588} INFO - Filling up the DagBag from /Users/nidhipatel/ApacheAirflow_Tutorial/py_env/lib/python3.12/site-packages/airflow/example_dags/example_workday_timetable.py
[2025-03-17T14:44:37.650-0400] {logging_mixin.py:190} INFO - [2025-03-17T14:44:37.650-0400] {workday.py:41} WARNING - Could not import pandas. Holidays will not be considered.
[2025-03-17T14:44:37.653-0400] {processor.py:925} INFO - DAG(s) 'example_workday_timetable' retrieved from /Users/nidhipatel/ApacheAirflow_Tutorial/py_env/lib/python3.12/site-packages/airflow/example_dags/example_workday_timetable.py
[2025-03-17T14:44:37.685-0400] {logging_mixin.py:190} INFO - [2025-03-17T14:44:37.685-0400] {workday.py:41} WARNING - Could not import pandas. Holidays will not be considered.
[2025-03-17T14:44:37.693-0400] {logging_mixin.py:190} INFO - [2025-03-17T14:44:37.693-0400] {dag.py:3239} INFO - Sync 1 DAGs
[2025-03-17T14:44:37.700-0400] {logging_mixin.py:190} INFO - [2025-03-17T14:44:37.700-0400] {dag.py:4180} INFO - Setting next_dagrun for example_workday_timetable to 2021-01-01 00:00:00+00:00, run_after=2021-01-02 00:00:00+00:00
[2025-03-17T14:44:37.708-0400] {processor.py:208} INFO - Processing /Users/nidhipatel/ApacheAirflow_Tutorial/py_env/lib/python3.12/site-packages/airflow/example_dags/example_workday_timetable.py took 0.063 seconds
[2025-03-17T14:45:47.423-0400] {processor.py:186} INFO - Started process (PID=33109) to work on /Users/nidhipatel/ApacheAirflow_Tutorial/py_env/lib/python3.12/site-packages/airflow/example_dags/example_workday_timetable.py
[2025-03-17T14:45:47.423-0400] {processor.py:914} INFO - Processing file /Users/nidhipatel/ApacheAirflow_Tutorial/py_env/lib/python3.12/site-packages/airflow/example_dags/example_workday_timetable.py for tasks to queue
[2025-03-17T14:45:47.424-0400] {logging_mixin.py:190} INFO - [2025-03-17T14:45:47.424-0400] {dagbag.py:588} INFO - Filling up the DagBag from /Users/nidhipatel/ApacheAirflow_Tutorial/py_env/lib/python3.12/site-packages/airflow/example_dags/example_workday_timetable.py
[2025-03-17T14:45:47.426-0400] {logging_mixin.py:190} INFO - [2025-03-17T14:45:47.426-0400] {workday.py:41} WARNING - Could not import pandas. Holidays will not be considered.
[2025-03-17T14:45:47.428-0400] {processor.py:925} INFO - DAG(s) 'example_workday_timetable' retrieved from /Users/nidhipatel/ApacheAirflow_Tutorial/py_env/lib/python3.12/site-packages/airflow/example_dags/example_workday_timetable.py
[2025-03-17T14:45:47.461-0400] {logging_mixin.py:190} INFO - [2025-03-17T14:45:47.461-0400] {workday.py:41} WARNING - Could not import pandas. Holidays will not be considered.
[2025-03-17T14:45:47.469-0400] {logging_mixin.py:190} INFO - [2025-03-17T14:45:47.469-0400] {dag.py:3239} INFO - Sync 1 DAGs
[2025-03-17T14:45:47.476-0400] {logging_mixin.py:190} INFO - [2025-03-17T14:45:47.476-0400] {dag.py:4180} INFO - Setting next_dagrun for example_workday_timetable to 2021-01-01 00:00:00+00:00, run_after=2021-01-02 00:00:00+00:00
[2025-03-17T14:45:47.483-0400] {processor.py:208} INFO - Processing /Users/nidhipatel/ApacheAirflow_Tutorial/py_env/lib/python3.12/site-packages/airflow/example_dags/example_workday_timetable.py took 0.062 seconds
[2025-03-17T14:46:55.333-0400] {processor.py:186} INFO - Started process (PID=33191) to work on /Users/nidhipatel/ApacheAirflow_Tutorial/py_env/lib/python3.12/site-packages/airflow/example_dags/example_workday_timetable.py
[2025-03-17T14:46:55.333-0400] {processor.py:914} INFO - Processing file /Users/nidhipatel/ApacheAirflow_Tutorial/py_env/lib/python3.12/site-packages/airflow/example_dags/example_workday_timetable.py for tasks to queue
[2025-03-17T14:46:55.334-0400] {logging_mixin.py:190} INFO - [2025-03-17T14:46:55.334-0400] {dagbag.py:588} INFO - Filling up the DagBag from /Users/nidhipatel/ApacheAirflow_Tutorial/py_env/lib/python3.12/site-packages/airflow/example_dags/example_workday_timetable.py
[2025-03-17T14:46:55.334-0400] {logging_mixin.py:190} INFO - [2025-03-17T14:46:55.334-0400] {workday.py:41} WARNING - Could not import pandas. Holidays will not be considered.
[2025-03-17T14:46:55.336-0400] {processor.py:925} INFO - DAG(s) 'example_workday_timetable' retrieved from /Users/nidhipatel/ApacheAirflow_Tutorial/py_env/lib/python3.12/site-packages/airflow/example_dags/example_workday_timetable.py
[2025-03-17T14:46:55.369-0400] {logging_mixin.py:190} INFO - [2025-03-17T14:46:55.369-0400] {workday.py:41} WARNING - Could not import pandas. Holidays will not be considered.
[2025-03-17T14:46:55.377-0400] {logging_mixin.py:190} INFO - [2025-03-17T14:46:55.377-0400] {dag.py:3239} INFO - Sync 1 DAGs
[2025-03-17T14:46:55.383-0400] {logging_mixin.py:190} INFO - [2025-03-17T14:46:55.383-0400] {dag.py:4180} INFO - Setting next_dagrun for example_workday_timetable to 2021-01-01 00:00:00+00:00, run_after=2021-01-02 00:00:00+00:00
[2025-03-17T14:46:55.390-0400] {processor.py:208} INFO - Processing /Users/nidhipatel/ApacheAirflow_Tutorial/py_env/lib/python3.12/site-packages/airflow/example_dags/example_workday_timetable.py took 0.059 seconds
[2025-03-17T14:48:03.551-0400] {processor.py:186} INFO - Started process (PID=33277) to work on /Users/nidhipatel/ApacheAirflow_Tutorial/py_env/lib/python3.12/site-packages/airflow/example_dags/example_workday_timetable.py
[2025-03-17T14:48:03.552-0400] {processor.py:914} INFO - Processing file /Users/nidhipatel/ApacheAirflow_Tutorial/py_env/lib/python3.12/site-packages/airflow/example_dags/example_workday_timetable.py for tasks to queue
[2025-03-17T14:48:03.552-0400] {logging_mixin.py:190} INFO - [2025-03-17T14:48:03.552-0400] {dagbag.py:588} INFO - Filling up the DagBag from /Users/nidhipatel/ApacheAirflow_Tutorial/py_env/lib/python3.12/site-packages/airflow/example_dags/example_workday_timetable.py
[2025-03-17T14:48:03.553-0400] {logging_mixin.py:190} INFO - [2025-03-17T14:48:03.553-0400] {workday.py:41} WARNING - Could not import pandas. Holidays will not be considered.
[2025-03-17T14:48:03.555-0400] {processor.py:925} INFO - DAG(s) 'example_workday_timetable' retrieved from /Users/nidhipatel/ApacheAirflow_Tutorial/py_env/lib/python3.12/site-packages/airflow/example_dags/example_workday_timetable.py
[2025-03-17T14:48:03.587-0400] {logging_mixin.py:190} INFO - [2025-03-17T14:48:03.587-0400] {workday.py:41} WARNING - Could not import pandas. Holidays will not be considered.
[2025-03-17T14:48:03.594-0400] {logging_mixin.py:190} INFO - [2025-03-17T14:48:03.594-0400] {dag.py:3239} INFO - Sync 1 DAGs
[2025-03-17T14:48:03.601-0400] {logging_mixin.py:190} INFO - [2025-03-17T14:48:03.601-0400] {dag.py:4180} INFO - Setting next_dagrun for example_workday_timetable to 2021-01-01 00:00:00+00:00, run_after=2021-01-02 00:00:00+00:00
[2025-03-17T14:48:03.609-0400] {processor.py:208} INFO - Processing /Users/nidhipatel/ApacheAirflow_Tutorial/py_env/lib/python3.12/site-packages/airflow/example_dags/example_workday_timetable.py took 0.060 seconds
[2025-03-17T14:49:10.614-0400] {processor.py:186} INFO - Started process (PID=33386) to work on /Users/nidhipatel/ApacheAirflow_Tutorial/py_env/lib/python3.12/site-packages/airflow/example_dags/example_workday_timetable.py
[2025-03-17T14:49:10.615-0400] {processor.py:914} INFO - Processing file /Users/nidhipatel/ApacheAirflow_Tutorial/py_env/lib/python3.12/site-packages/airflow/example_dags/example_workday_timetable.py for tasks to queue
[2025-03-17T14:49:10.616-0400] {logging_mixin.py:190} INFO - [2025-03-17T14:49:10.616-0400] {dagbag.py:588} INFO - Filling up the DagBag from /Users/nidhipatel/ApacheAirflow_Tutorial/py_env/lib/python3.12/site-packages/airflow/example_dags/example_workday_timetable.py
[2025-03-17T14:49:10.618-0400] {logging_mixin.py:190} INFO - [2025-03-17T14:49:10.618-0400] {workday.py:41} WARNING - Could not import pandas. Holidays will not be considered.
[2025-03-17T14:49:10.621-0400] {processor.py:925} INFO - DAG(s) 'example_workday_timetable' retrieved from /Users/nidhipatel/ApacheAirflow_Tutorial/py_env/lib/python3.12/site-packages/airflow/example_dags/example_workday_timetable.py
[2025-03-17T14:49:10.655-0400] {logging_mixin.py:190} INFO - [2025-03-17T14:49:10.655-0400] {workday.py:41} WARNING - Could not import pandas. Holidays will not be considered.
[2025-03-17T14:49:10.663-0400] {logging_mixin.py:190} INFO - [2025-03-17T14:49:10.662-0400] {dag.py:3239} INFO - Sync 1 DAGs
[2025-03-17T14:49:10.671-0400] {logging_mixin.py:190} INFO - [2025-03-17T14:49:10.671-0400] {dag.py:4180} INFO - Setting next_dagrun for example_workday_timetable to 2021-01-01 00:00:00+00:00, run_after=2021-01-02 00:00:00+00:00
[2025-03-17T14:49:10.679-0400] {processor.py:208} INFO - Processing /Users/nidhipatel/ApacheAirflow_Tutorial/py_env/lib/python3.12/site-packages/airflow/example_dags/example_workday_timetable.py took 0.066 seconds
[2025-03-17T14:50:14.089-0400] {processor.py:186} INFO - Started process (PID=33473) to work on /Users/nidhipatel/ApacheAirflow_Tutorial/py_env/lib/python3.12/site-packages/airflow/example_dags/example_workday_timetable.py
[2025-03-17T14:50:14.089-0400] {processor.py:914} INFO - Processing file /Users/nidhipatel/ApacheAirflow_Tutorial/py_env/lib/python3.12/site-packages/airflow/example_dags/example_workday_timetable.py for tasks to queue
[2025-03-17T14:50:14.090-0400] {logging_mixin.py:190} INFO - [2025-03-17T14:50:14.090-0400] {dagbag.py:588} INFO - Filling up the DagBag from /Users/nidhipatel/ApacheAirflow_Tutorial/py_env/lib/python3.12/site-packages/airflow/example_dags/example_workday_timetable.py
[2025-03-17T14:50:14.092-0400] {logging_mixin.py:190} INFO - [2025-03-17T14:50:14.092-0400] {workday.py:41} WARNING - Could not import pandas. Holidays will not be considered.
[2025-03-17T14:50:14.094-0400] {processor.py:925} INFO - DAG(s) 'example_workday_timetable' retrieved from /Users/nidhipatel/ApacheAirflow_Tutorial/py_env/lib/python3.12/site-packages/airflow/example_dags/example_workday_timetable.py
[2025-03-17T14:50:14.126-0400] {logging_mixin.py:190} INFO - [2025-03-17T14:50:14.125-0400] {workday.py:41} WARNING - Could not import pandas. Holidays will not be considered.
[2025-03-17T14:50:14.133-0400] {logging_mixin.py:190} INFO - [2025-03-17T14:50:14.133-0400] {dag.py:3239} INFO - Sync 1 DAGs
[2025-03-17T14:50:14.139-0400] {logging_mixin.py:190} INFO - [2025-03-17T14:50:14.139-0400] {dag.py:4180} INFO - Setting next_dagrun for example_workday_timetable to 2021-01-01 00:00:00+00:00, run_after=2021-01-02 00:00:00+00:00
[2025-03-17T14:50:14.146-0400] {processor.py:208} INFO - Processing /Users/nidhipatel/ApacheAirflow_Tutorial/py_env/lib/python3.12/site-packages/airflow/example_dags/example_workday_timetable.py took 0.058 seconds
[2025-03-17T14:51:19.801-0400] {processor.py:186} INFO - Started process (PID=33621) to work on /Users/nidhipatel/ApacheAirflow_Tutorial/py_env/lib/python3.12/site-packages/airflow/example_dags/example_workday_timetable.py
[2025-03-17T14:51:19.801-0400] {processor.py:914} INFO - Processing file /Users/nidhipatel/ApacheAirflow_Tutorial/py_env/lib/python3.12/site-packages/airflow/example_dags/example_workday_timetable.py for tasks to queue
[2025-03-17T14:51:19.802-0400] {logging_mixin.py:190} INFO - [2025-03-17T14:51:19.802-0400] {dagbag.py:588} INFO - Filling up the DagBag from /Users/nidhipatel/ApacheAirflow_Tutorial/py_env/lib/python3.12/site-packages/airflow/example_dags/example_workday_timetable.py
[2025-03-17T14:51:19.804-0400] {logging_mixin.py:190} INFO - [2025-03-17T14:51:19.804-0400] {workday.py:41} WARNING - Could not import pandas. Holidays will not be considered.
[2025-03-17T14:51:19.806-0400] {processor.py:925} INFO - DAG(s) 'example_workday_timetable' retrieved from /Users/nidhipatel/ApacheAirflow_Tutorial/py_env/lib/python3.12/site-packages/airflow/example_dags/example_workday_timetable.py
[2025-03-17T14:51:19.839-0400] {logging_mixin.py:190} INFO - [2025-03-17T14:51:19.839-0400] {workday.py:41} WARNING - Could not import pandas. Holidays will not be considered.
[2025-03-17T14:51:19.847-0400] {logging_mixin.py:190} INFO - [2025-03-17T14:51:19.847-0400] {dag.py:3239} INFO - Sync 1 DAGs
[2025-03-17T14:51:19.854-0400] {logging_mixin.py:190} INFO - [2025-03-17T14:51:19.853-0400] {dag.py:4180} INFO - Setting next_dagrun for example_workday_timetable to 2021-01-01 00:00:00+00:00, run_after=2021-01-02 00:00:00+00:00
[2025-03-17T14:51:19.860-0400] {processor.py:208} INFO - Processing /Users/nidhipatel/ApacheAirflow_Tutorial/py_env/lib/python3.12/site-packages/airflow/example_dags/example_workday_timetable.py took 0.061 seconds
[2025-03-17T14:52:27.390-0400] {processor.py:186} INFO - Started process (PID=33862) to work on /Users/nidhipatel/ApacheAirflow_Tutorial/py_env/lib/python3.12/site-packages/airflow/example_dags/example_workday_timetable.py
[2025-03-17T14:52:27.391-0400] {processor.py:914} INFO - Processing file /Users/nidhipatel/ApacheAirflow_Tutorial/py_env/lib/python3.12/site-packages/airflow/example_dags/example_workday_timetable.py for tasks to queue
[2025-03-17T14:52:27.391-0400] {logging_mixin.py:190} INFO - [2025-03-17T14:52:27.391-0400] {dagbag.py:588} INFO - Filling up the DagBag from /Users/nidhipatel/ApacheAirflow_Tutorial/py_env/lib/python3.12/site-packages/airflow/example_dags/example_workday_timetable.py
[2025-03-17T14:52:27.393-0400] {logging_mixin.py:190} INFO - [2025-03-17T14:52:27.393-0400] {workday.py:41} WARNING - Could not import pandas. Holidays will not be considered.
[2025-03-17T14:52:27.395-0400] {processor.py:925} INFO - DAG(s) 'example_workday_timetable' retrieved from /Users/nidhipatel/ApacheAirflow_Tutorial/py_env/lib/python3.12/site-packages/airflow/example_dags/example_workday_timetable.py
[2025-03-17T14:52:27.426-0400] {logging_mixin.py:190} INFO - [2025-03-17T14:52:27.426-0400] {workday.py:41} WARNING - Could not import pandas. Holidays will not be considered.
[2025-03-17T14:52:27.433-0400] {logging_mixin.py:190} INFO - [2025-03-17T14:52:27.433-0400] {dag.py:3239} INFO - Sync 1 DAGs
[2025-03-17T14:52:27.439-0400] {logging_mixin.py:190} INFO - [2025-03-17T14:52:27.439-0400] {dag.py:4180} INFO - Setting next_dagrun for example_workday_timetable to 2021-01-01 00:00:00+00:00, run_after=2021-01-02 00:00:00+00:00
[2025-03-17T14:52:27.446-0400] {processor.py:208} INFO - Processing /Users/nidhipatel/ApacheAirflow_Tutorial/py_env/lib/python3.12/site-packages/airflow/example_dags/example_workday_timetable.py took 0.057 seconds
