[2025-03-17T14:33:15.642-0400] {processor.py:186} INFO - Started process (PID=32054) to work on /Users/nidhipatel/ApacheAirflow_Tutorial/py_env/lib/python3.12/site-packages/airflow/example_dags/example_branch_python_dop_operator_3.py
[2025-03-17T14:33:15.643-0400] {processor.py:914} INFO - Processing file /Users/nidhipatel/ApacheAirflow_Tutorial/py_env/lib/python3.12/site-packages/airflow/example_dags/example_branch_python_dop_operator_3.py for tasks to queue
[2025-03-17T14:33:15.643-0400] {logging_mixin.py:190} INFO - [2025-03-17T14:33:15.643-0400] {dagbag.py:588} INFO - Filling up the DagBag from /Users/nidhipatel/ApacheAirflow_Tutorial/py_env/lib/python3.12/site-packages/airflow/example_dags/example_branch_python_dop_operator_3.py
[2025-03-17T14:33:15.659-0400] {processor.py:925} INFO - DAG(s) 'example_branch_dop_operator_v3' retrieved from /Users/nidhipatel/ApacheAirflow_Tutorial/py_env/lib/python3.12/site-packages/airflow/example_dags/example_branch_python_dop_operator_3.py
[2025-03-17T14:33:15.726-0400] {logging_mixin.py:190} INFO - [2025-03-17T14:33:15.725-0400] {override.py:1912} INFO - Created Permission View: can edit on DAG:example_branch_dop_operator_v3
[2025-03-17T14:33:15.729-0400] {logging_mixin.py:190} INFO - [2025-03-17T14:33:15.729-0400] {override.py:1912} INFO - Created Permission View: can read on DAG:example_branch_dop_operator_v3
[2025-03-17T14:33:15.731-0400] {logging_mixin.py:190} INFO - [2025-03-17T14:33:15.731-0400] {override.py:1912} INFO - Created Permission View: can delete on DAG:example_branch_dop_operator_v3
[2025-03-17T14:33:15.734-0400] {logging_mixin.py:190} INFO - [2025-03-17T14:33:15.734-0400] {override.py:1912} INFO - Created Permission View: can delete on DAG Run:example_branch_dop_operator_v3
[2025-03-17T14:33:15.736-0400] {logging_mixin.py:190} INFO - [2025-03-17T14:33:15.736-0400] {override.py:1912} INFO - Created Permission View: menu access on DAG Run:example_branch_dop_operator_v3
[2025-03-17T14:33:15.738-0400] {logging_mixin.py:190} INFO - [2025-03-17T14:33:15.738-0400] {override.py:1912} INFO - Created Permission View: can read on DAG Run:example_branch_dop_operator_v3
[2025-03-17T14:33:15.739-0400] {logging_mixin.py:190} INFO - [2025-03-17T14:33:15.739-0400] {override.py:1912} INFO - Created Permission View: can create on DAG Run:example_branch_dop_operator_v3
[2025-03-17T14:33:15.740-0400] {logging_mixin.py:190} INFO - [2025-03-17T14:33:15.740-0400] {dag.py:3239} INFO - Sync 1 DAGs
[2025-03-17T14:33:15.744-0400] {logging_mixin.py:190} INFO - [2025-03-17T14:33:15.744-0400] {dag.py:3262} INFO - Creating ORM DAG for example_branch_dop_operator_v3
[2025-03-17T14:33:15.748-0400] {logging_mixin.py:190} INFO - [2025-03-17T14:33:15.748-0400] {dag.py:4180} INFO - Setting next_dagrun for example_branch_dop_operator_v3 to 2025-03-17 18:32:00+00:00, run_after=2025-03-17 18:33:00+00:00
[2025-03-17T14:33:15.755-0400] {processor.py:208} INFO - Processing /Users/nidhipatel/ApacheAirflow_Tutorial/py_env/lib/python3.12/site-packages/airflow/example_dags/example_branch_python_dop_operator_3.py took 0.115 seconds
[2025-03-17T14:35:31.600-0400] {processor.py:186} INFO - Started process (PID=32228) to work on /Users/nidhipatel/ApacheAirflow_Tutorial/py_env/lib/python3.12/site-packages/airflow/example_dags/example_branch_python_dop_operator_3.py
[2025-03-17T14:35:31.602-0400] {processor.py:914} INFO - Processing file /Users/nidhipatel/ApacheAirflow_Tutorial/py_env/lib/python3.12/site-packages/airflow/example_dags/example_branch_python_dop_operator_3.py for tasks to queue
[2025-03-17T14:35:31.603-0400] {logging_mixin.py:190} INFO - [2025-03-17T14:35:31.603-0400] {dagbag.py:588} INFO - Filling up the DagBag from /Users/nidhipatel/ApacheAirflow_Tutorial/py_env/lib/python3.12/site-packages/airflow/example_dags/example_branch_python_dop_operator_3.py
[2025-03-17T14:35:31.618-0400] {processor.py:925} INFO - DAG(s) 'example_branch_dop_operator_v3' retrieved from /Users/nidhipatel/ApacheAirflow_Tutorial/py_env/lib/python3.12/site-packages/airflow/example_dags/example_branch_python_dop_operator_3.py
[2025-03-17T14:35:31.650-0400] {logging_mixin.py:190} INFO - [2025-03-17T14:35:31.650-0400] {dag.py:3239} INFO - Sync 1 DAGs
[2025-03-17T14:35:31.659-0400] {logging_mixin.py:190} INFO - [2025-03-17T14:35:31.659-0400] {dag.py:4180} INFO - Setting next_dagrun for example_branch_dop_operator_v3 to 2025-03-17 18:34:00+00:00, run_after=2025-03-17 18:35:00+00:00
[2025-03-17T14:35:31.666-0400] {processor.py:208} INFO - Processing /Users/nidhipatel/ApacheAirflow_Tutorial/py_env/lib/python3.12/site-packages/airflow/example_dags/example_branch_python_dop_operator_3.py took 0.069 seconds
[2025-03-17T14:37:40.909-0400] {processor.py:186} INFO - Started process (PID=32394) to work on /Users/nidhipatel/ApacheAirflow_Tutorial/py_env/lib/python3.12/site-packages/airflow/example_dags/example_branch_python_dop_operator_3.py
[2025-03-17T14:37:40.910-0400] {processor.py:914} INFO - Processing file /Users/nidhipatel/ApacheAirflow_Tutorial/py_env/lib/python3.12/site-packages/airflow/example_dags/example_branch_python_dop_operator_3.py for tasks to queue
[2025-03-17T14:37:40.910-0400] {logging_mixin.py:190} INFO - [2025-03-17T14:37:40.910-0400] {dagbag.py:588} INFO - Filling up the DagBag from /Users/nidhipatel/ApacheAirflow_Tutorial/py_env/lib/python3.12/site-packages/airflow/example_dags/example_branch_python_dop_operator_3.py
[2025-03-17T14:37:40.925-0400] {processor.py:925} INFO - DAG(s) 'example_branch_dop_operator_v3' retrieved from /Users/nidhipatel/ApacheAirflow_Tutorial/py_env/lib/python3.12/site-packages/airflow/example_dags/example_branch_python_dop_operator_3.py
[2025-03-17T14:37:40.957-0400] {logging_mixin.py:190} INFO - [2025-03-17T14:37:40.957-0400] {dag.py:3239} INFO - Sync 1 DAGs
[2025-03-17T14:37:40.966-0400] {logging_mixin.py:190} INFO - [2025-03-17T14:37:40.966-0400] {dag.py:4180} INFO - Setting next_dagrun for example_branch_dop_operator_v3 to 2025-03-17 18:36:00+00:00, run_after=2025-03-17 18:37:00+00:00
[2025-03-17T14:37:40.973-0400] {processor.py:208} INFO - Processing /Users/nidhipatel/ApacheAirflow_Tutorial/py_env/lib/python3.12/site-packages/airflow/example_dags/example_branch_python_dop_operator_3.py took 0.065 seconds
[2025-03-17T14:39:43.070-0400] {processor.py:186} INFO - Started process (PID=32612) to work on /Users/nidhipatel/ApacheAirflow_Tutorial/py_env/lib/python3.12/site-packages/airflow/example_dags/example_branch_python_dop_operator_3.py
[2025-03-17T14:39:43.070-0400] {processor.py:914} INFO - Processing file /Users/nidhipatel/ApacheAirflow_Tutorial/py_env/lib/python3.12/site-packages/airflow/example_dags/example_branch_python_dop_operator_3.py for tasks to queue
[2025-03-17T14:39:43.071-0400] {logging_mixin.py:190} INFO - [2025-03-17T14:39:43.071-0400] {dagbag.py:588} INFO - Filling up the DagBag from /Users/nidhipatel/ApacheAirflow_Tutorial/py_env/lib/python3.12/site-packages/airflow/example_dags/example_branch_python_dop_operator_3.py
[2025-03-17T14:39:43.087-0400] {processor.py:925} INFO - DAG(s) 'example_branch_dop_operator_v3' retrieved from /Users/nidhipatel/ApacheAirflow_Tutorial/py_env/lib/python3.12/site-packages/airflow/example_dags/example_branch_python_dop_operator_3.py
[2025-03-17T14:39:43.121-0400] {logging_mixin.py:190} INFO - [2025-03-17T14:39:43.121-0400] {dag.py:3239} INFO - Sync 1 DAGs
[2025-03-17T14:39:43.132-0400] {logging_mixin.py:190} INFO - [2025-03-17T14:39:43.132-0400] {dag.py:4180} INFO - Setting next_dagrun for example_branch_dop_operator_v3 to 2025-03-17 18:38:00+00:00, run_after=2025-03-17 18:39:00+00:00
[2025-03-17T14:39:43.139-0400] {processor.py:208} INFO - Processing /Users/nidhipatel/ApacheAirflow_Tutorial/py_env/lib/python3.12/site-packages/airflow/example_dags/example_branch_python_dop_operator_3.py took 0.070 seconds
[2025-03-17T14:41:49.758-0400] {processor.py:186} INFO - Started process (PID=32793) to work on /Users/nidhipatel/ApacheAirflow_Tutorial/py_env/lib/python3.12/site-packages/airflow/example_dags/example_branch_python_dop_operator_3.py
[2025-03-17T14:41:49.759-0400] {processor.py:914} INFO - Processing file /Users/nidhipatel/ApacheAirflow_Tutorial/py_env/lib/python3.12/site-packages/airflow/example_dags/example_branch_python_dop_operator_3.py for tasks to queue
[2025-03-17T14:41:49.759-0400] {logging_mixin.py:190} INFO - [2025-03-17T14:41:49.759-0400] {dagbag.py:588} INFO - Filling up the DagBag from /Users/nidhipatel/ApacheAirflow_Tutorial/py_env/lib/python3.12/site-packages/airflow/example_dags/example_branch_python_dop_operator_3.py
[2025-03-17T14:41:49.774-0400] {processor.py:925} INFO - DAG(s) 'example_branch_dop_operator_v3' retrieved from /Users/nidhipatel/ApacheAirflow_Tutorial/py_env/lib/python3.12/site-packages/airflow/example_dags/example_branch_python_dop_operator_3.py
[2025-03-17T14:41:49.812-0400] {logging_mixin.py:190} INFO - [2025-03-17T14:41:49.812-0400] {dag.py:3239} INFO - Sync 1 DAGs
[2025-03-17T14:41:49.823-0400] {logging_mixin.py:190} INFO - [2025-03-17T14:41:49.823-0400] {dag.py:4180} INFO - Setting next_dagrun for example_branch_dop_operator_v3 to 2025-03-17 18:40:00+00:00, run_after=2025-03-17 18:41:00+00:00
[2025-03-17T14:41:49.838-0400] {processor.py:208} INFO - Processing /Users/nidhipatel/ApacheAirflow_Tutorial/py_env/lib/python3.12/site-packages/airflow/example_dags/example_branch_python_dop_operator_3.py took 0.082 seconds
[2025-03-17T14:44:00.911-0400] {processor.py:186} INFO - Started process (PID=32959) to work on /Users/nidhipatel/ApacheAirflow_Tutorial/py_env/lib/python3.12/site-packages/airflow/example_dags/example_branch_python_dop_operator_3.py
[2025-03-17T14:44:00.912-0400] {processor.py:914} INFO - Processing file /Users/nidhipatel/ApacheAirflow_Tutorial/py_env/lib/python3.12/site-packages/airflow/example_dags/example_branch_python_dop_operator_3.py for tasks to queue
[2025-03-17T14:44:00.913-0400] {logging_mixin.py:190} INFO - [2025-03-17T14:44:00.913-0400] {dagbag.py:588} INFO - Filling up the DagBag from /Users/nidhipatel/ApacheAirflow_Tutorial/py_env/lib/python3.12/site-packages/airflow/example_dags/example_branch_python_dop_operator_3.py
[2025-03-17T14:44:00.929-0400] {processor.py:925} INFO - DAG(s) 'example_branch_dop_operator_v3' retrieved from /Users/nidhipatel/ApacheAirflow_Tutorial/py_env/lib/python3.12/site-packages/airflow/example_dags/example_branch_python_dop_operator_3.py
[2025-03-17T14:44:00.967-0400] {logging_mixin.py:190} INFO - [2025-03-17T14:44:00.967-0400] {dag.py:3239} INFO - Sync 1 DAGs
[2025-03-17T14:44:00.977-0400] {logging_mixin.py:190} INFO - [2025-03-17T14:44:00.977-0400] {dag.py:4180} INFO - Setting next_dagrun for example_branch_dop_operator_v3 to 2025-03-17 18:43:00+00:00, run_after=2025-03-17 18:44:00+00:00
[2025-03-17T14:44:00.985-0400] {processor.py:208} INFO - Processing /Users/nidhipatel/ApacheAirflow_Tutorial/py_env/lib/python3.12/site-packages/airflow/example_dags/example_branch_python_dop_operator_3.py took 0.075 seconds
[2025-03-17T14:46:18.353-0400] {processor.py:186} INFO - Started process (PID=33147) to work on /Users/nidhipatel/ApacheAirflow_Tutorial/py_env/lib/python3.12/site-packages/airflow/example_dags/example_branch_python_dop_operator_3.py
[2025-03-17T14:46:18.354-0400] {processor.py:914} INFO - Processing file /Users/nidhipatel/ApacheAirflow_Tutorial/py_env/lib/python3.12/site-packages/airflow/example_dags/example_branch_python_dop_operator_3.py for tasks to queue
[2025-03-17T14:46:18.354-0400] {logging_mixin.py:190} INFO - [2025-03-17T14:46:18.354-0400] {dagbag.py:588} INFO - Filling up the DagBag from /Users/nidhipatel/ApacheAirflow_Tutorial/py_env/lib/python3.12/site-packages/airflow/example_dags/example_branch_python_dop_operator_3.py
[2025-03-17T14:46:18.370-0400] {processor.py:925} INFO - DAG(s) 'example_branch_dop_operator_v3' retrieved from /Users/nidhipatel/ApacheAirflow_Tutorial/py_env/lib/python3.12/site-packages/airflow/example_dags/example_branch_python_dop_operator_3.py
[2025-03-17T14:46:18.404-0400] {logging_mixin.py:190} INFO - [2025-03-17T14:46:18.403-0400] {dag.py:3239} INFO - Sync 1 DAGs
[2025-03-17T14:46:18.412-0400] {logging_mixin.py:190} INFO - [2025-03-17T14:46:18.412-0400] {dag.py:4180} INFO - Setting next_dagrun for example_branch_dop_operator_v3 to 2025-03-17 18:45:00+00:00, run_after=2025-03-17 18:46:00+00:00
[2025-03-17T14:46:18.422-0400] {processor.py:208} INFO - Processing /Users/nidhipatel/ApacheAirflow_Tutorial/py_env/lib/python3.12/site-packages/airflow/example_dags/example_branch_python_dop_operator_3.py took 0.071 seconds
[2025-03-17T14:48:37.076-0400] {processor.py:186} INFO - Started process (PID=33322) to work on /Users/nidhipatel/ApacheAirflow_Tutorial/py_env/lib/python3.12/site-packages/airflow/example_dags/example_branch_python_dop_operator_3.py
[2025-03-17T14:48:37.077-0400] {processor.py:914} INFO - Processing file /Users/nidhipatel/ApacheAirflow_Tutorial/py_env/lib/python3.12/site-packages/airflow/example_dags/example_branch_python_dop_operator_3.py for tasks to queue
[2025-03-17T14:48:37.078-0400] {logging_mixin.py:190} INFO - [2025-03-17T14:48:37.077-0400] {dagbag.py:588} INFO - Filling up the DagBag from /Users/nidhipatel/ApacheAirflow_Tutorial/py_env/lib/python3.12/site-packages/airflow/example_dags/example_branch_python_dop_operator_3.py
[2025-03-17T14:48:37.092-0400] {processor.py:925} INFO - DAG(s) 'example_branch_dop_operator_v3' retrieved from /Users/nidhipatel/ApacheAirflow_Tutorial/py_env/lib/python3.12/site-packages/airflow/example_dags/example_branch_python_dop_operator_3.py
[2025-03-17T14:48:37.125-0400] {logging_mixin.py:190} INFO - [2025-03-17T14:48:37.125-0400] {dag.py:3239} INFO - Sync 1 DAGs
[2025-03-17T14:48:37.134-0400] {logging_mixin.py:190} INFO - [2025-03-17T14:48:37.133-0400] {dag.py:4180} INFO - Setting next_dagrun for example_branch_dop_operator_v3 to 2025-03-17 18:47:00+00:00, run_after=2025-03-17 18:48:00+00:00
[2025-03-17T14:48:37.140-0400] {processor.py:208} INFO - Processing /Users/nidhipatel/ApacheAirflow_Tutorial/py_env/lib/python3.12/site-packages/airflow/example_dags/example_branch_python_dop_operator_3.py took 0.065 seconds
[2025-03-17T14:50:45.514-0400] {processor.py:186} INFO - Started process (PID=33534) to work on /Users/nidhipatel/ApacheAirflow_Tutorial/py_env/lib/python3.12/site-packages/airflow/example_dags/example_branch_python_dop_operator_3.py
[2025-03-17T14:50:45.515-0400] {processor.py:914} INFO - Processing file /Users/nidhipatel/ApacheAirflow_Tutorial/py_env/lib/python3.12/site-packages/airflow/example_dags/example_branch_python_dop_operator_3.py for tasks to queue
[2025-03-17T14:50:45.515-0400] {logging_mixin.py:190} INFO - [2025-03-17T14:50:45.515-0400] {dagbag.py:588} INFO - Filling up the DagBag from /Users/nidhipatel/ApacheAirflow_Tutorial/py_env/lib/python3.12/site-packages/airflow/example_dags/example_branch_python_dop_operator_3.py
[2025-03-17T14:50:45.530-0400] {processor.py:925} INFO - DAG(s) 'example_branch_dop_operator_v3' retrieved from /Users/nidhipatel/ApacheAirflow_Tutorial/py_env/lib/python3.12/site-packages/airflow/example_dags/example_branch_python_dop_operator_3.py
[2025-03-17T14:50:45.563-0400] {logging_mixin.py:190} INFO - [2025-03-17T14:50:45.563-0400] {dag.py:3239} INFO - Sync 1 DAGs
[2025-03-17T14:50:45.570-0400] {logging_mixin.py:190} INFO - [2025-03-17T14:50:45.570-0400] {dag.py:4180} INFO - Setting next_dagrun for example_branch_dop_operator_v3 to 2025-03-17 18:49:00+00:00, run_after=2025-03-17 18:50:00+00:00
[2025-03-17T14:50:45.578-0400] {processor.py:208} INFO - Processing /Users/nidhipatel/ApacheAirflow_Tutorial/py_env/lib/python3.12/site-packages/airflow/example_dags/example_branch_python_dop_operator_3.py took 0.066 seconds
[2025-03-17T14:53:00.579-0400] {processor.py:186} INFO - Started process (PID=33949) to work on /Users/nidhipatel/ApacheAirflow_Tutorial/py_env/lib/python3.12/site-packages/airflow/example_dags/example_branch_python_dop_operator_3.py
[2025-03-17T14:53:00.580-0400] {processor.py:914} INFO - Processing file /Users/nidhipatel/ApacheAirflow_Tutorial/py_env/lib/python3.12/site-packages/airflow/example_dags/example_branch_python_dop_operator_3.py for tasks to queue
[2025-03-17T14:53:00.581-0400] {logging_mixin.py:190} INFO - [2025-03-17T14:53:00.581-0400] {dagbag.py:588} INFO - Filling up the DagBag from /Users/nidhipatel/ApacheAirflow_Tutorial/py_env/lib/python3.12/site-packages/airflow/example_dags/example_branch_python_dop_operator_3.py
[2025-03-17T14:53:00.596-0400] {processor.py:925} INFO - DAG(s) 'example_branch_dop_operator_v3' retrieved from /Users/nidhipatel/ApacheAirflow_Tutorial/py_env/lib/python3.12/site-packages/airflow/example_dags/example_branch_python_dop_operator_3.py
[2025-03-17T14:53:00.629-0400] {logging_mixin.py:190} INFO - [2025-03-17T14:53:00.629-0400] {dag.py:3239} INFO - Sync 1 DAGs
[2025-03-17T14:53:00.639-0400] {logging_mixin.py:190} INFO - [2025-03-17T14:53:00.639-0400] {dag.py:4180} INFO - Setting next_dagrun for example_branch_dop_operator_v3 to 2025-03-17 18:52:00+00:00, run_after=2025-03-17 18:53:00+00:00
[2025-03-17T14:53:00.647-0400] {processor.py:208} INFO - Processing /Users/nidhipatel/ApacheAirflow_Tutorial/py_env/lib/python3.12/site-packages/airflow/example_dags/example_branch_python_dop_operator_3.py took 0.070 seconds
