[2025-03-17T14:32:44.914-0400] {processor.py:186} INFO - Started process (PID=31985) to work on /Users/nidhipatel/ApacheAirflow_Tutorial/py_env/lib/python3.12/site-packages/airflow/example_dags/example_params_trigger_ui.py
[2025-03-17T14:32:44.914-0400] {processor.py:914} INFO - Processing file /Users/nidhipatel/ApacheAirflow_Tutorial/py_env/lib/python3.12/site-packages/airflow/example_dags/example_params_trigger_ui.py for tasks to queue
[2025-03-17T14:32:44.915-0400] {logging_mixin.py:190} INFO - [2025-03-17T14:32:44.915-0400] {dagbag.py:588} INFO - Filling up the DagBag from /Users/nidhipatel/ApacheAirflow_Tutorial/py_env/lib/python3.12/site-packages/airflow/example_dags/example_params_trigger_ui.py
[2025-03-17T14:32:44.953-0400] {processor.py:925} INFO - DAG(s) 'example_params_trigger_ui' retrieved from /Users/nidhipatel/ApacheAirflow_Tutorial/py_env/lib/python3.12/site-packages/airflow/example_dags/example_params_trigger_ui.py
[2025-03-17T14:32:45.041-0400] {logging_mixin.py:190} INFO - [2025-03-17T14:32:45.041-0400] {override.py:1912} INFO - Created Permission View: can edit on DAG:example_params_trigger_ui
[2025-03-17T14:32:45.045-0400] {logging_mixin.py:190} INFO - [2025-03-17T14:32:45.044-0400] {override.py:1912} INFO - Created Permission View: can read on DAG:example_params_trigger_ui
[2025-03-17T14:32:45.048-0400] {logging_mixin.py:190} INFO - [2025-03-17T14:32:45.048-0400] {override.py:1912} INFO - Created Permission View: can delete on DAG:example_params_trigger_ui
[2025-03-17T14:32:45.051-0400] {logging_mixin.py:190} INFO - [2025-03-17T14:32:45.051-0400] {override.py:1912} INFO - Created Permission View: can delete on DAG Run:example_params_trigger_ui
[2025-03-17T14:32:45.053-0400] {logging_mixin.py:190} INFO - [2025-03-17T14:32:45.053-0400] {override.py:1912} INFO - Created Permission View: menu access on DAG Run:example_params_trigger_ui
[2025-03-17T14:32:45.055-0400] {logging_mixin.py:190} INFO - [2025-03-17T14:32:45.055-0400] {override.py:1912} INFO - Created Permission View: can read on DAG Run:example_params_trigger_ui
[2025-03-17T14:32:45.057-0400] {logging_mixin.py:190} INFO - [2025-03-17T14:32:45.057-0400] {override.py:1912} INFO - Created Permission View: can create on DAG Run:example_params_trigger_ui
[2025-03-17T14:32:45.057-0400] {logging_mixin.py:190} INFO - [2025-03-17T14:32:45.057-0400] {dag.py:3239} INFO - Sync 1 DAGs
[2025-03-17T14:32:45.062-0400] {logging_mixin.py:190} INFO - [2025-03-17T14:32:45.062-0400] {dag.py:3262} INFO - Creating ORM DAG for example_params_trigger_ui
[2025-03-17T14:32:45.062-0400] {logging_mixin.py:190} INFO - [2025-03-17T14:32:45.062-0400] {dag.py:4180} INFO - Setting next_dagrun for example_params_trigger_ui to None, run_after=None
[2025-03-17T14:32:45.068-0400] {processor.py:208} INFO - Processing /Users/nidhipatel/ApacheAirflow_Tutorial/py_env/lib/python3.12/site-packages/airflow/example_dags/example_params_trigger_ui.py took 0.157 seconds
[2025-03-17T14:34:24.993-0400] {processor.py:186} INFO - Started process (PID=32149) to work on /Users/nidhipatel/ApacheAirflow_Tutorial/py_env/lib/python3.12/site-packages/airflow/example_dags/example_params_trigger_ui.py
[2025-03-17T14:34:24.993-0400] {processor.py:914} INFO - Processing file /Users/nidhipatel/ApacheAirflow_Tutorial/py_env/lib/python3.12/site-packages/airflow/example_dags/example_params_trigger_ui.py for tasks to queue
[2025-03-17T14:34:24.994-0400] {logging_mixin.py:190} INFO - [2025-03-17T14:34:24.994-0400] {dagbag.py:588} INFO - Filling up the DagBag from /Users/nidhipatel/ApacheAirflow_Tutorial/py_env/lib/python3.12/site-packages/airflow/example_dags/example_params_trigger_ui.py
[2025-03-17T14:34:25.009-0400] {processor.py:925} INFO - DAG(s) 'example_params_trigger_ui' retrieved from /Users/nidhipatel/ApacheAirflow_Tutorial/py_env/lib/python3.12/site-packages/airflow/example_dags/example_params_trigger_ui.py
[2025-03-17T14:34:25.055-0400] {logging_mixin.py:190} INFO - [2025-03-17T14:34:25.055-0400] {dag.py:3239} INFO - Sync 1 DAGs
[2025-03-17T14:34:25.061-0400] {logging_mixin.py:190} INFO - [2025-03-17T14:34:25.061-0400] {dag.py:4180} INFO - Setting next_dagrun for example_params_trigger_ui to None, run_after=None
[2025-03-17T14:34:25.069-0400] {processor.py:208} INFO - Processing /Users/nidhipatel/ApacheAirflow_Tutorial/py_env/lib/python3.12/site-packages/airflow/example_dags/example_params_trigger_ui.py took 0.078 seconds
[2025-03-17T14:36:37.241-0400] {processor.py:186} INFO - Started process (PID=32312) to work on /Users/nidhipatel/ApacheAirflow_Tutorial/py_env/lib/python3.12/site-packages/airflow/example_dags/example_params_trigger_ui.py
[2025-03-17T14:36:37.242-0400] {processor.py:914} INFO - Processing file /Users/nidhipatel/ApacheAirflow_Tutorial/py_env/lib/python3.12/site-packages/airflow/example_dags/example_params_trigger_ui.py for tasks to queue
[2025-03-17T14:36:37.242-0400] {logging_mixin.py:190} INFO - [2025-03-17T14:36:37.242-0400] {dagbag.py:588} INFO - Filling up the DagBag from /Users/nidhipatel/ApacheAirflow_Tutorial/py_env/lib/python3.12/site-packages/airflow/example_dags/example_params_trigger_ui.py
[2025-03-17T14:36:37.258-0400] {processor.py:925} INFO - DAG(s) 'example_params_trigger_ui' retrieved from /Users/nidhipatel/ApacheAirflow_Tutorial/py_env/lib/python3.12/site-packages/airflow/example_dags/example_params_trigger_ui.py
[2025-03-17T14:36:37.300-0400] {logging_mixin.py:190} INFO - [2025-03-17T14:36:37.300-0400] {dag.py:3239} INFO - Sync 1 DAGs
[2025-03-17T14:36:37.303-0400] {logging_mixin.py:190} INFO - [2025-03-17T14:36:37.303-0400] {dag.py:4180} INFO - Setting next_dagrun for example_params_trigger_ui to None, run_after=None
[2025-03-17T14:36:37.310-0400] {processor.py:208} INFO - Processing /Users/nidhipatel/ApacheAirflow_Tutorial/py_env/lib/python3.12/site-packages/airflow/example_dags/example_params_trigger_ui.py took 0.070 seconds
[2025-03-17T14:38:40.279-0400] {processor.py:186} INFO - Started process (PID=32498) to work on /Users/nidhipatel/ApacheAirflow_Tutorial/py_env/lib/python3.12/site-packages/airflow/example_dags/example_params_trigger_ui.py
[2025-03-17T14:38:40.279-0400] {processor.py:914} INFO - Processing file /Users/nidhipatel/ApacheAirflow_Tutorial/py_env/lib/python3.12/site-packages/airflow/example_dags/example_params_trigger_ui.py for tasks to queue
[2025-03-17T14:38:40.280-0400] {logging_mixin.py:190} INFO - [2025-03-17T14:38:40.279-0400] {dagbag.py:588} INFO - Filling up the DagBag from /Users/nidhipatel/ApacheAirflow_Tutorial/py_env/lib/python3.12/site-packages/airflow/example_dags/example_params_trigger_ui.py
[2025-03-17T14:38:40.295-0400] {processor.py:925} INFO - DAG(s) 'example_params_trigger_ui' retrieved from /Users/nidhipatel/ApacheAirflow_Tutorial/py_env/lib/python3.12/site-packages/airflow/example_dags/example_params_trigger_ui.py
[2025-03-17T14:38:40.337-0400] {logging_mixin.py:190} INFO - [2025-03-17T14:38:40.337-0400] {dag.py:3239} INFO - Sync 1 DAGs
[2025-03-17T14:38:40.341-0400] {logging_mixin.py:190} INFO - [2025-03-17T14:38:40.341-0400] {dag.py:4180} INFO - Setting next_dagrun for example_params_trigger_ui to None, run_after=None
[2025-03-17T14:38:40.347-0400] {processor.py:208} INFO - Processing /Users/nidhipatel/ApacheAirflow_Tutorial/py_env/lib/python3.12/site-packages/airflow/example_dags/example_params_trigger_ui.py took 0.070 seconds
[2025-03-17T14:40:46.129-0400] {processor.py:186} INFO - Started process (PID=32696) to work on /Users/nidhipatel/ApacheAirflow_Tutorial/py_env/lib/python3.12/site-packages/airflow/example_dags/example_params_trigger_ui.py
[2025-03-17T14:40:46.130-0400] {processor.py:914} INFO - Processing file /Users/nidhipatel/ApacheAirflow_Tutorial/py_env/lib/python3.12/site-packages/airflow/example_dags/example_params_trigger_ui.py for tasks to queue
[2025-03-17T14:40:46.130-0400] {logging_mixin.py:190} INFO - [2025-03-17T14:40:46.130-0400] {dagbag.py:588} INFO - Filling up the DagBag from /Users/nidhipatel/ApacheAirflow_Tutorial/py_env/lib/python3.12/site-packages/airflow/example_dags/example_params_trigger_ui.py
[2025-03-17T14:40:46.145-0400] {processor.py:925} INFO - DAG(s) 'example_params_trigger_ui' retrieved from /Users/nidhipatel/ApacheAirflow_Tutorial/py_env/lib/python3.12/site-packages/airflow/example_dags/example_params_trigger_ui.py
[2025-03-17T14:40:46.187-0400] {logging_mixin.py:190} INFO - [2025-03-17T14:40:46.187-0400] {dag.py:3239} INFO - Sync 1 DAGs
[2025-03-17T14:40:46.191-0400] {logging_mixin.py:190} INFO - [2025-03-17T14:40:46.191-0400] {dag.py:4180} INFO - Setting next_dagrun for example_params_trigger_ui to None, run_after=None
[2025-03-17T14:40:46.197-0400] {processor.py:208} INFO - Processing /Users/nidhipatel/ApacheAirflow_Tutorial/py_env/lib/python3.12/site-packages/airflow/example_dags/example_params_trigger_ui.py took 0.070 seconds
[2025-03-17T14:42:53.445-0400] {processor.py:186} INFO - Started process (PID=32877) to work on /Users/nidhipatel/ApacheAirflow_Tutorial/py_env/lib/python3.12/site-packages/airflow/example_dags/example_params_trigger_ui.py
[2025-03-17T14:42:53.446-0400] {processor.py:914} INFO - Processing file /Users/nidhipatel/ApacheAirflow_Tutorial/py_env/lib/python3.12/site-packages/airflow/example_dags/example_params_trigger_ui.py for tasks to queue
[2025-03-17T14:42:53.446-0400] {logging_mixin.py:190} INFO - [2025-03-17T14:42:53.446-0400] {dagbag.py:588} INFO - Filling up the DagBag from /Users/nidhipatel/ApacheAirflow_Tutorial/py_env/lib/python3.12/site-packages/airflow/example_dags/example_params_trigger_ui.py
[2025-03-17T14:42:53.461-0400] {processor.py:925} INFO - DAG(s) 'example_params_trigger_ui' retrieved from /Users/nidhipatel/ApacheAirflow_Tutorial/py_env/lib/python3.12/site-packages/airflow/example_dags/example_params_trigger_ui.py
[2025-03-17T14:42:53.501-0400] {logging_mixin.py:190} INFO - [2025-03-17T14:42:53.501-0400] {dag.py:3239} INFO - Sync 1 DAGs
[2025-03-17T14:42:53.505-0400] {logging_mixin.py:190} INFO - [2025-03-17T14:42:53.505-0400] {dag.py:4180} INFO - Setting next_dagrun for example_params_trigger_ui to None, run_after=None
[2025-03-17T14:42:53.511-0400] {processor.py:208} INFO - Processing /Users/nidhipatel/ApacheAirflow_Tutorial/py_env/lib/python3.12/site-packages/airflow/example_dags/example_params_trigger_ui.py took 0.068 seconds
[2025-03-17T14:45:09.207-0400] {processor.py:186} INFO - Started process (PID=33059) to work on /Users/nidhipatel/ApacheAirflow_Tutorial/py_env/lib/python3.12/site-packages/airflow/example_dags/example_params_trigger_ui.py
[2025-03-17T14:45:09.208-0400] {processor.py:914} INFO - Processing file /Users/nidhipatel/ApacheAirflow_Tutorial/py_env/lib/python3.12/site-packages/airflow/example_dags/example_params_trigger_ui.py for tasks to queue
[2025-03-17T14:45:09.208-0400] {logging_mixin.py:190} INFO - [2025-03-17T14:45:09.208-0400] {dagbag.py:588} INFO - Filling up the DagBag from /Users/nidhipatel/ApacheAirflow_Tutorial/py_env/lib/python3.12/site-packages/airflow/example_dags/example_params_trigger_ui.py
[2025-03-17T14:45:09.225-0400] {processor.py:925} INFO - DAG(s) 'example_params_trigger_ui' retrieved from /Users/nidhipatel/ApacheAirflow_Tutorial/py_env/lib/python3.12/site-packages/airflow/example_dags/example_params_trigger_ui.py
[2025-03-17T14:45:09.270-0400] {logging_mixin.py:190} INFO - [2025-03-17T14:45:09.270-0400] {dag.py:3239} INFO - Sync 1 DAGs
[2025-03-17T14:45:09.273-0400] {logging_mixin.py:190} INFO - [2025-03-17T14:45:09.273-0400] {dag.py:4180} INFO - Setting next_dagrun for example_params_trigger_ui to None, run_after=None
[2025-03-17T14:45:09.281-0400] {processor.py:208} INFO - Processing /Users/nidhipatel/ApacheAirflow_Tutorial/py_env/lib/python3.12/site-packages/airflow/example_dags/example_params_trigger_ui.py took 0.075 seconds
[2025-03-17T14:47:28.641-0400] {processor.py:186} INFO - Started process (PID=33235) to work on /Users/nidhipatel/ApacheAirflow_Tutorial/py_env/lib/python3.12/site-packages/airflow/example_dags/example_params_trigger_ui.py
[2025-03-17T14:47:28.641-0400] {processor.py:914} INFO - Processing file /Users/nidhipatel/ApacheAirflow_Tutorial/py_env/lib/python3.12/site-packages/airflow/example_dags/example_params_trigger_ui.py for tasks to queue
[2025-03-17T14:47:28.642-0400] {logging_mixin.py:190} INFO - [2025-03-17T14:47:28.642-0400] {dagbag.py:588} INFO - Filling up the DagBag from /Users/nidhipatel/ApacheAirflow_Tutorial/py_env/lib/python3.12/site-packages/airflow/example_dags/example_params_trigger_ui.py
[2025-03-17T14:47:28.657-0400] {processor.py:925} INFO - DAG(s) 'example_params_trigger_ui' retrieved from /Users/nidhipatel/ApacheAirflow_Tutorial/py_env/lib/python3.12/site-packages/airflow/example_dags/example_params_trigger_ui.py
[2025-03-17T14:47:28.700-0400] {logging_mixin.py:190} INFO - [2025-03-17T14:47:28.700-0400] {dag.py:3239} INFO - Sync 1 DAGs
[2025-03-17T14:47:28.704-0400] {logging_mixin.py:190} INFO - [2025-03-17T14:47:28.704-0400] {dag.py:4180} INFO - Setting next_dagrun for example_params_trigger_ui to None, run_after=None
[2025-03-17T14:47:28.710-0400] {processor.py:208} INFO - Processing /Users/nidhipatel/ApacheAirflow_Tutorial/py_env/lib/python3.12/site-packages/airflow/example_dags/example_params_trigger_ui.py took 0.071 seconds
[2025-03-17T14:49:40.566-0400] {processor.py:186} INFO - Started process (PID=33431) to work on /Users/nidhipatel/ApacheAirflow_Tutorial/py_env/lib/python3.12/site-packages/airflow/example_dags/example_params_trigger_ui.py
[2025-03-17T14:49:40.567-0400] {processor.py:914} INFO - Processing file /Users/nidhipatel/ApacheAirflow_Tutorial/py_env/lib/python3.12/site-packages/airflow/example_dags/example_params_trigger_ui.py for tasks to queue
[2025-03-17T14:49:40.567-0400] {logging_mixin.py:190} INFO - [2025-03-17T14:49:40.567-0400] {dagbag.py:588} INFO - Filling up the DagBag from /Users/nidhipatel/ApacheAirflow_Tutorial/py_env/lib/python3.12/site-packages/airflow/example_dags/example_params_trigger_ui.py
[2025-03-17T14:49:40.584-0400] {processor.py:925} INFO - DAG(s) 'example_params_trigger_ui' retrieved from /Users/nidhipatel/ApacheAirflow_Tutorial/py_env/lib/python3.12/site-packages/airflow/example_dags/example_params_trigger_ui.py
[2025-03-17T14:49:40.626-0400] {logging_mixin.py:190} INFO - [2025-03-17T14:49:40.626-0400] {dag.py:3239} INFO - Sync 1 DAGs
[2025-03-17T14:49:40.630-0400] {logging_mixin.py:190} INFO - [2025-03-17T14:49:40.630-0400] {dag.py:4180} INFO - Setting next_dagrun for example_params_trigger_ui to None, run_after=None
[2025-03-17T14:49:40.636-0400] {processor.py:208} INFO - Processing /Users/nidhipatel/ApacheAirflow_Tutorial/py_env/lib/python3.12/site-packages/airflow/example_dags/example_params_trigger_ui.py took 0.072 seconds
[2025-03-17T14:51:50.715-0400] {processor.py:186} INFO - Started process (PID=33701) to work on /Users/nidhipatel/ApacheAirflow_Tutorial/py_env/lib/python3.12/site-packages/airflow/example_dags/example_params_trigger_ui.py
[2025-03-17T14:51:50.715-0400] {processor.py:914} INFO - Processing file /Users/nidhipatel/ApacheAirflow_Tutorial/py_env/lib/python3.12/site-packages/airflow/example_dags/example_params_trigger_ui.py for tasks to queue
[2025-03-17T14:51:50.715-0400] {logging_mixin.py:190} INFO - [2025-03-17T14:51:50.715-0400] {dagbag.py:588} INFO - Filling up the DagBag from /Users/nidhipatel/ApacheAirflow_Tutorial/py_env/lib/python3.12/site-packages/airflow/example_dags/example_params_trigger_ui.py
[2025-03-17T14:51:50.732-0400] {processor.py:925} INFO - DAG(s) 'example_params_trigger_ui' retrieved from /Users/nidhipatel/ApacheAirflow_Tutorial/py_env/lib/python3.12/site-packages/airflow/example_dags/example_params_trigger_ui.py
[2025-03-17T14:51:50.778-0400] {logging_mixin.py:190} INFO - [2025-03-17T14:51:50.777-0400] {dag.py:3239} INFO - Sync 1 DAGs
[2025-03-17T14:51:50.784-0400] {logging_mixin.py:190} INFO - [2025-03-17T14:51:50.784-0400] {dag.py:4180} INFO - Setting next_dagrun for example_params_trigger_ui to None, run_after=None
[2025-03-17T14:51:50.792-0400] {processor.py:208} INFO - Processing /Users/nidhipatel/ApacheAirflow_Tutorial/py_env/lib/python3.12/site-packages/airflow/example_dags/example_params_trigger_ui.py took 0.079 seconds
