[2025-03-17T14:33:04.250-0400] {processor.py:186} INFO - Started process (PID=32028) to work on /Users/nidhipatel/ApacheAirflow_Tutorial/py_env/lib/python3.12/site-packages/airflow/example_dags/example_dynamic_task_mapping.py
[2025-03-17T14:33:04.250-0400] {processor.py:914} INFO - Processing file /Users/nidhipatel/ApacheAirflow_Tutorial/py_env/lib/python3.12/site-packages/airflow/example_dags/example_dynamic_task_mapping.py for tasks to queue
[2025-03-17T14:33:04.250-0400] {logging_mixin.py:190} INFO - [2025-03-17T14:33:04.250-0400] {dagbag.py:588} INFO - Filling up the DagBag from /Users/nidhipatel/ApacheAirflow_Tutorial/py_env/lib/python3.12/site-packages/airflow/example_dags/example_dynamic_task_mapping.py
[2025-03-17T14:33:04.267-0400] {processor.py:925} INFO - DAG(s) 'example_dynamic_task_mapping' retrieved from /Users/nidhipatel/ApacheAirflow_Tutorial/py_env/lib/python3.12/site-packages/airflow/example_dags/example_dynamic_task_mapping.py
[2025-03-17T14:33:04.333-0400] {logging_mixin.py:190} INFO - [2025-03-17T14:33:04.332-0400] {override.py:1912} INFO - Created Permission View: can read on DAG:example_dynamic_task_mapping
[2025-03-17T14:33:04.336-0400] {logging_mixin.py:190} INFO - [2025-03-17T14:33:04.335-0400] {override.py:1912} INFO - Created Permission View: can delete on DAG:example_dynamic_task_mapping
[2025-03-17T14:33:04.338-0400] {logging_mixin.py:190} INFO - [2025-03-17T14:33:04.337-0400] {override.py:1912} INFO - Created Permission View: can edit on DAG:example_dynamic_task_mapping
[2025-03-17T14:33:04.340-0400] {logging_mixin.py:190} INFO - [2025-03-17T14:33:04.340-0400] {override.py:1912} INFO - Created Permission View: can read on DAG Run:example_dynamic_task_mapping
[2025-03-17T14:33:04.342-0400] {logging_mixin.py:190} INFO - [2025-03-17T14:33:04.342-0400] {override.py:1912} INFO - Created Permission View: can delete on DAG Run:example_dynamic_task_mapping
[2025-03-17T14:33:04.344-0400] {logging_mixin.py:190} INFO - [2025-03-17T14:33:04.343-0400] {override.py:1912} INFO - Created Permission View: menu access on DAG Run:example_dynamic_task_mapping
[2025-03-17T14:33:04.345-0400] {logging_mixin.py:190} INFO - [2025-03-17T14:33:04.345-0400] {override.py:1912} INFO - Created Permission View: can create on DAG Run:example_dynamic_task_mapping
[2025-03-17T14:33:04.345-0400] {logging_mixin.py:190} INFO - [2025-03-17T14:33:04.345-0400] {dag.py:3239} INFO - Sync 1 DAGs
[2025-03-17T14:33:04.349-0400] {logging_mixin.py:190} INFO - [2025-03-17T14:33:04.349-0400] {dag.py:3262} INFO - Creating ORM DAG for example_dynamic_task_mapping
[2025-03-17T14:33:04.349-0400] {logging_mixin.py:190} INFO - [2025-03-17T14:33:04.349-0400] {dag.py:4180} INFO - Setting next_dagrun for example_dynamic_task_mapping to None, run_after=None
[2025-03-17T14:33:04.355-0400] {processor.py:208} INFO - Processing /Users/nidhipatel/ApacheAirflow_Tutorial/py_env/lib/python3.12/site-packages/airflow/example_dags/example_dynamic_task_mapping.py took 0.106 seconds
[2025-03-17T14:35:19.338-0400] {processor.py:186} INFO - Started process (PID=32214) to work on /Users/nidhipatel/ApacheAirflow_Tutorial/py_env/lib/python3.12/site-packages/airflow/example_dags/example_dynamic_task_mapping.py
[2025-03-17T14:35:19.339-0400] {processor.py:914} INFO - Processing file /Users/nidhipatel/ApacheAirflow_Tutorial/py_env/lib/python3.12/site-packages/airflow/example_dags/example_dynamic_task_mapping.py for tasks to queue
[2025-03-17T14:35:19.340-0400] {logging_mixin.py:190} INFO - [2025-03-17T14:35:19.340-0400] {dagbag.py:588} INFO - Filling up the DagBag from /Users/nidhipatel/ApacheAirflow_Tutorial/py_env/lib/python3.12/site-packages/airflow/example_dags/example_dynamic_task_mapping.py
[2025-03-17T14:35:19.355-0400] {processor.py:925} INFO - DAG(s) 'example_dynamic_task_mapping' retrieved from /Users/nidhipatel/ApacheAirflow_Tutorial/py_env/lib/python3.12/site-packages/airflow/example_dags/example_dynamic_task_mapping.py
[2025-03-17T14:35:19.388-0400] {logging_mixin.py:190} INFO - [2025-03-17T14:35:19.388-0400] {dag.py:3239} INFO - Sync 1 DAGs
[2025-03-17T14:35:19.391-0400] {logging_mixin.py:190} INFO - [2025-03-17T14:35:19.391-0400] {dag.py:4180} INFO - Setting next_dagrun for example_dynamic_task_mapping to None, run_after=None
[2025-03-17T14:35:19.398-0400] {processor.py:208} INFO - Processing /Users/nidhipatel/ApacheAirflow_Tutorial/py_env/lib/python3.12/site-packages/airflow/example_dags/example_dynamic_task_mapping.py took 0.061 seconds
[2025-03-17T14:37:29.738-0400] {processor.py:186} INFO - Started process (PID=32380) to work on /Users/nidhipatel/ApacheAirflow_Tutorial/py_env/lib/python3.12/site-packages/airflow/example_dags/example_dynamic_task_mapping.py
[2025-03-17T14:37:29.738-0400] {processor.py:914} INFO - Processing file /Users/nidhipatel/ApacheAirflow_Tutorial/py_env/lib/python3.12/site-packages/airflow/example_dags/example_dynamic_task_mapping.py for tasks to queue
[2025-03-17T14:37:29.739-0400] {logging_mixin.py:190} INFO - [2025-03-17T14:37:29.738-0400] {dagbag.py:588} INFO - Filling up the DagBag from /Users/nidhipatel/ApacheAirflow_Tutorial/py_env/lib/python3.12/site-packages/airflow/example_dags/example_dynamic_task_mapping.py
[2025-03-17T14:37:29.753-0400] {processor.py:925} INFO - DAG(s) 'example_dynamic_task_mapping' retrieved from /Users/nidhipatel/ApacheAirflow_Tutorial/py_env/lib/python3.12/site-packages/airflow/example_dags/example_dynamic_task_mapping.py
[2025-03-17T14:37:29.786-0400] {logging_mixin.py:190} INFO - [2025-03-17T14:37:29.786-0400] {dag.py:3239} INFO - Sync 1 DAGs
[2025-03-17T14:37:29.789-0400] {logging_mixin.py:190} INFO - [2025-03-17T14:37:29.789-0400] {dag.py:4180} INFO - Setting next_dagrun for example_dynamic_task_mapping to None, run_after=None
[2025-03-17T14:37:29.796-0400] {processor.py:208} INFO - Processing /Users/nidhipatel/ApacheAirflow_Tutorial/py_env/lib/python3.12/site-packages/airflow/example_dags/example_dynamic_task_mapping.py took 0.060 seconds
[2025-03-17T14:39:31.304-0400] {processor.py:186} INFO - Started process (PID=32585) to work on /Users/nidhipatel/ApacheAirflow_Tutorial/py_env/lib/python3.12/site-packages/airflow/example_dags/example_dynamic_task_mapping.py
[2025-03-17T14:39:31.305-0400] {processor.py:914} INFO - Processing file /Users/nidhipatel/ApacheAirflow_Tutorial/py_env/lib/python3.12/site-packages/airflow/example_dags/example_dynamic_task_mapping.py for tasks to queue
[2025-03-17T14:39:31.306-0400] {logging_mixin.py:190} INFO - [2025-03-17T14:39:31.305-0400] {dagbag.py:588} INFO - Filling up the DagBag from /Users/nidhipatel/ApacheAirflow_Tutorial/py_env/lib/python3.12/site-packages/airflow/example_dags/example_dynamic_task_mapping.py
[2025-03-17T14:39:31.325-0400] {processor.py:925} INFO - DAG(s) 'example_dynamic_task_mapping' retrieved from /Users/nidhipatel/ApacheAirflow_Tutorial/py_env/lib/python3.12/site-packages/airflow/example_dags/example_dynamic_task_mapping.py
[2025-03-17T14:39:31.371-0400] {logging_mixin.py:190} INFO - [2025-03-17T14:39:31.371-0400] {dag.py:3239} INFO - Sync 1 DAGs
[2025-03-17T14:39:31.379-0400] {logging_mixin.py:190} INFO - [2025-03-17T14:39:31.379-0400] {dag.py:4180} INFO - Setting next_dagrun for example_dynamic_task_mapping to None, run_after=None
[2025-03-17T14:39:31.388-0400] {processor.py:208} INFO - Processing /Users/nidhipatel/ApacheAirflow_Tutorial/py_env/lib/python3.12/site-packages/airflow/example_dags/example_dynamic_task_mapping.py took 0.086 seconds
[2025-03-17T14:41:37.189-0400] {processor.py:186} INFO - Started process (PID=32779) to work on /Users/nidhipatel/ApacheAirflow_Tutorial/py_env/lib/python3.12/site-packages/airflow/example_dags/example_dynamic_task_mapping.py
[2025-03-17T14:41:37.190-0400] {processor.py:914} INFO - Processing file /Users/nidhipatel/ApacheAirflow_Tutorial/py_env/lib/python3.12/site-packages/airflow/example_dags/example_dynamic_task_mapping.py for tasks to queue
[2025-03-17T14:41:37.190-0400] {logging_mixin.py:190} INFO - [2025-03-17T14:41:37.190-0400] {dagbag.py:588} INFO - Filling up the DagBag from /Users/nidhipatel/ApacheAirflow_Tutorial/py_env/lib/python3.12/site-packages/airflow/example_dags/example_dynamic_task_mapping.py
[2025-03-17T14:41:37.204-0400] {processor.py:925} INFO - DAG(s) 'example_dynamic_task_mapping' retrieved from /Users/nidhipatel/ApacheAirflow_Tutorial/py_env/lib/python3.12/site-packages/airflow/example_dags/example_dynamic_task_mapping.py
[2025-03-17T14:41:37.237-0400] {logging_mixin.py:190} INFO - [2025-03-17T14:41:37.237-0400] {dag.py:3239} INFO - Sync 1 DAGs
[2025-03-17T14:41:37.241-0400] {logging_mixin.py:190} INFO - [2025-03-17T14:41:37.241-0400] {dag.py:4180} INFO - Setting next_dagrun for example_dynamic_task_mapping to None, run_after=None
[2025-03-17T14:41:37.247-0400] {processor.py:208} INFO - Processing /Users/nidhipatel/ApacheAirflow_Tutorial/py_env/lib/python3.12/site-packages/airflow/example_dags/example_dynamic_task_mapping.py took 0.059 seconds
[2025-03-17T14:43:51.058-0400] {processor.py:186} INFO - Started process (PID=32943) to work on /Users/nidhipatel/ApacheAirflow_Tutorial/py_env/lib/python3.12/site-packages/airflow/example_dags/example_dynamic_task_mapping.py
[2025-03-17T14:43:51.059-0400] {processor.py:914} INFO - Processing file /Users/nidhipatel/ApacheAirflow_Tutorial/py_env/lib/python3.12/site-packages/airflow/example_dags/example_dynamic_task_mapping.py for tasks to queue
[2025-03-17T14:43:51.059-0400] {logging_mixin.py:190} INFO - [2025-03-17T14:43:51.059-0400] {dagbag.py:588} INFO - Filling up the DagBag from /Users/nidhipatel/ApacheAirflow_Tutorial/py_env/lib/python3.12/site-packages/airflow/example_dags/example_dynamic_task_mapping.py
[2025-03-17T14:43:51.075-0400] {processor.py:925} INFO - DAG(s) 'example_dynamic_task_mapping' retrieved from /Users/nidhipatel/ApacheAirflow_Tutorial/py_env/lib/python3.12/site-packages/airflow/example_dags/example_dynamic_task_mapping.py
[2025-03-17T14:43:51.110-0400] {logging_mixin.py:190} INFO - [2025-03-17T14:43:51.110-0400] {dag.py:3239} INFO - Sync 1 DAGs
[2025-03-17T14:43:51.113-0400] {logging_mixin.py:190} INFO - [2025-03-17T14:43:51.113-0400] {dag.py:4180} INFO - Setting next_dagrun for example_dynamic_task_mapping to None, run_after=None
[2025-03-17T14:43:51.120-0400] {processor.py:208} INFO - Processing /Users/nidhipatel/ApacheAirflow_Tutorial/py_env/lib/python3.12/site-packages/airflow/example_dags/example_dynamic_task_mapping.py took 0.064 seconds
[2025-03-17T14:46:07.075-0400] {processor.py:186} INFO - Started process (PID=33133) to work on /Users/nidhipatel/ApacheAirflow_Tutorial/py_env/lib/python3.12/site-packages/airflow/example_dags/example_dynamic_task_mapping.py
[2025-03-17T14:46:07.076-0400] {processor.py:914} INFO - Processing file /Users/nidhipatel/ApacheAirflow_Tutorial/py_env/lib/python3.12/site-packages/airflow/example_dags/example_dynamic_task_mapping.py for tasks to queue
[2025-03-17T14:46:07.077-0400] {logging_mixin.py:190} INFO - [2025-03-17T14:46:07.076-0400] {dagbag.py:588} INFO - Filling up the DagBag from /Users/nidhipatel/ApacheAirflow_Tutorial/py_env/lib/python3.12/site-packages/airflow/example_dags/example_dynamic_task_mapping.py
[2025-03-17T14:46:07.091-0400] {processor.py:925} INFO - DAG(s) 'example_dynamic_task_mapping' retrieved from /Users/nidhipatel/ApacheAirflow_Tutorial/py_env/lib/python3.12/site-packages/airflow/example_dags/example_dynamic_task_mapping.py
[2025-03-17T14:46:07.125-0400] {logging_mixin.py:190} INFO - [2025-03-17T14:46:07.125-0400] {dag.py:3239} INFO - Sync 1 DAGs
[2025-03-17T14:46:07.129-0400] {logging_mixin.py:190} INFO - [2025-03-17T14:46:07.129-0400] {dag.py:4180} INFO - Setting next_dagrun for example_dynamic_task_mapping to None, run_after=None
[2025-03-17T14:46:07.135-0400] {processor.py:208} INFO - Processing /Users/nidhipatel/ApacheAirflow_Tutorial/py_env/lib/python3.12/site-packages/airflow/example_dags/example_dynamic_task_mapping.py took 0.061 seconds
[2025-03-17T14:48:24.490-0400] {processor.py:186} INFO - Started process (PID=33301) to work on /Users/nidhipatel/ApacheAirflow_Tutorial/py_env/lib/python3.12/site-packages/airflow/example_dags/example_dynamic_task_mapping.py
[2025-03-17T14:48:24.490-0400] {processor.py:914} INFO - Processing file /Users/nidhipatel/ApacheAirflow_Tutorial/py_env/lib/python3.12/site-packages/airflow/example_dags/example_dynamic_task_mapping.py for tasks to queue
[2025-03-17T14:48:24.491-0400] {logging_mixin.py:190} INFO - [2025-03-17T14:48:24.491-0400] {dagbag.py:588} INFO - Filling up the DagBag from /Users/nidhipatel/ApacheAirflow_Tutorial/py_env/lib/python3.12/site-packages/airflow/example_dags/example_dynamic_task_mapping.py
[2025-03-17T14:48:24.507-0400] {processor.py:925} INFO - DAG(s) 'example_dynamic_task_mapping' retrieved from /Users/nidhipatel/ApacheAirflow_Tutorial/py_env/lib/python3.12/site-packages/airflow/example_dags/example_dynamic_task_mapping.py
[2025-03-17T14:48:24.541-0400] {logging_mixin.py:190} INFO - [2025-03-17T14:48:24.541-0400] {dag.py:3239} INFO - Sync 1 DAGs
[2025-03-17T14:48:24.545-0400] {logging_mixin.py:190} INFO - [2025-03-17T14:48:24.545-0400] {dag.py:4180} INFO - Setting next_dagrun for example_dynamic_task_mapping to None, run_after=None
[2025-03-17T14:48:24.551-0400] {processor.py:208} INFO - Processing /Users/nidhipatel/ApacheAirflow_Tutorial/py_env/lib/python3.12/site-packages/airflow/example_dags/example_dynamic_task_mapping.py took 0.062 seconds
[2025-03-17T14:50:33.122-0400] {processor.py:186} INFO - Started process (PID=33497) to work on /Users/nidhipatel/ApacheAirflow_Tutorial/py_env/lib/python3.12/site-packages/airflow/example_dags/example_dynamic_task_mapping.py
[2025-03-17T14:50:33.123-0400] {processor.py:914} INFO - Processing file /Users/nidhipatel/ApacheAirflow_Tutorial/py_env/lib/python3.12/site-packages/airflow/example_dags/example_dynamic_task_mapping.py for tasks to queue
[2025-03-17T14:50:33.124-0400] {logging_mixin.py:190} INFO - [2025-03-17T14:50:33.124-0400] {dagbag.py:588} INFO - Filling up the DagBag from /Users/nidhipatel/ApacheAirflow_Tutorial/py_env/lib/python3.12/site-packages/airflow/example_dags/example_dynamic_task_mapping.py
[2025-03-17T14:50:33.139-0400] {processor.py:925} INFO - DAG(s) 'example_dynamic_task_mapping' retrieved from /Users/nidhipatel/ApacheAirflow_Tutorial/py_env/lib/python3.12/site-packages/airflow/example_dags/example_dynamic_task_mapping.py
[2025-03-17T14:50:33.175-0400] {logging_mixin.py:190} INFO - [2025-03-17T14:50:33.174-0400] {dag.py:3239} INFO - Sync 1 DAGs
[2025-03-17T14:50:33.179-0400] {logging_mixin.py:190} INFO - [2025-03-17T14:50:33.179-0400] {dag.py:4180} INFO - Setting next_dagrun for example_dynamic_task_mapping to None, run_after=None
[2025-03-17T14:50:33.188-0400] {processor.py:208} INFO - Processing /Users/nidhipatel/ApacheAirflow_Tutorial/py_env/lib/python3.12/site-packages/airflow/example_dags/example_dynamic_task_mapping.py took 0.067 seconds
[2025-03-17T14:52:48.649-0400] {processor.py:186} INFO - Started process (PID=33917) to work on /Users/nidhipatel/ApacheAirflow_Tutorial/py_env/lib/python3.12/site-packages/airflow/example_dags/example_dynamic_task_mapping.py
[2025-03-17T14:52:48.650-0400] {processor.py:914} INFO - Processing file /Users/nidhipatel/ApacheAirflow_Tutorial/py_env/lib/python3.12/site-packages/airflow/example_dags/example_dynamic_task_mapping.py for tasks to queue
[2025-03-17T14:52:48.650-0400] {logging_mixin.py:190} INFO - [2025-03-17T14:52:48.650-0400] {dagbag.py:588} INFO - Filling up the DagBag from /Users/nidhipatel/ApacheAirflow_Tutorial/py_env/lib/python3.12/site-packages/airflow/example_dags/example_dynamic_task_mapping.py
[2025-03-17T14:52:48.668-0400] {processor.py:925} INFO - DAG(s) 'example_dynamic_task_mapping' retrieved from /Users/nidhipatel/ApacheAirflow_Tutorial/py_env/lib/python3.12/site-packages/airflow/example_dags/example_dynamic_task_mapping.py
[2025-03-17T14:52:48.704-0400] {logging_mixin.py:190} INFO - [2025-03-17T14:52:48.704-0400] {dag.py:3239} INFO - Sync 1 DAGs
[2025-03-17T14:52:48.708-0400] {logging_mixin.py:190} INFO - [2025-03-17T14:52:48.708-0400] {dag.py:4180} INFO - Setting next_dagrun for example_dynamic_task_mapping to None, run_after=None
[2025-03-17T14:52:48.714-0400] {processor.py:208} INFO - Processing /Users/nidhipatel/ApacheAirflow_Tutorial/py_env/lib/python3.12/site-packages/airflow/example_dags/example_dynamic_task_mapping.py took 0.068 seconds
