[2025-03-17T14:32:32.050-0400] {processor.py:186} INFO - Started process (PID=31969) to work on /Users/nidhipatel/ApacheAirflow_Tutorial/py_env/lib/python3.12/site-packages/airflow/example_dags/example_setup_teardown.py
[2025-03-17T14:32:32.051-0400] {processor.py:914} INFO - Processing file /Users/nidhipatel/ApacheAirflow_Tutorial/py_env/lib/python3.12/site-packages/airflow/example_dags/example_setup_teardown.py for tasks to queue
[2025-03-17T14:32:32.051-0400] {logging_mixin.py:190} INFO - [2025-03-17T14:32:32.051-0400] {dagbag.py:588} INFO - Filling up the DagBag from /Users/nidhipatel/ApacheAirflow_Tutorial/py_env/lib/python3.12/site-packages/airflow/example_dags/example_setup_teardown.py
[2025-03-17T14:32:32.054-0400] {processor.py:925} INFO - DAG(s) 'example_setup_teardown' retrieved from /Users/nidhipatel/ApacheAirflow_Tutorial/py_env/lib/python3.12/site-packages/airflow/example_dags/example_setup_teardown.py
[2025-03-17T14:32:32.122-0400] {logging_mixin.py:190} INFO - [2025-03-17T14:32:32.122-0400] {override.py:1912} INFO - Created Permission View: can read on DAG:example_setup_teardown
[2025-03-17T14:32:32.125-0400] {logging_mixin.py:190} INFO - [2025-03-17T14:32:32.125-0400] {override.py:1912} INFO - Created Permission View: can edit on DAG:example_setup_teardown
[2025-03-17T14:32:32.127-0400] {logging_mixin.py:190} INFO - [2025-03-17T14:32:32.127-0400] {override.py:1912} INFO - Created Permission View: can delete on DAG:example_setup_teardown
[2025-03-17T14:32:32.130-0400] {logging_mixin.py:190} INFO - [2025-03-17T14:32:32.130-0400] {override.py:1912} INFO - Created Permission View: can read on DAG Run:example_setup_teardown
[2025-03-17T14:32:32.132-0400] {logging_mixin.py:190} INFO - [2025-03-17T14:32:32.132-0400] {override.py:1912} INFO - Created Permission View: can create on DAG Run:example_setup_teardown
[2025-03-17T14:32:32.134-0400] {logging_mixin.py:190} INFO - [2025-03-17T14:32:32.134-0400] {override.py:1912} INFO - Created Permission View: can delete on DAG Run:example_setup_teardown
[2025-03-17T14:32:32.136-0400] {logging_mixin.py:190} INFO - [2025-03-17T14:32:32.136-0400] {override.py:1912} INFO - Created Permission View: menu access on DAG Run:example_setup_teardown
[2025-03-17T14:32:32.136-0400] {logging_mixin.py:190} INFO - [2025-03-17T14:32:32.136-0400] {dag.py:3239} INFO - Sync 1 DAGs
[2025-03-17T14:32:32.141-0400] {logging_mixin.py:190} INFO - [2025-03-17T14:32:32.140-0400] {dag.py:3262} INFO - Creating ORM DAG for example_setup_teardown
[2025-03-17T14:32:32.141-0400] {logging_mixin.py:190} INFO - [2025-03-17T14:32:32.141-0400] {dag.py:4180} INFO - Setting next_dagrun for example_setup_teardown to None, run_after=None
[2025-03-17T14:32:32.146-0400] {processor.py:208} INFO - Processing /Users/nidhipatel/ApacheAirflow_Tutorial/py_env/lib/python3.12/site-packages/airflow/example_dags/example_setup_teardown.py took 0.100 seconds
[2025-03-17T14:34:11.579-0400] {processor.py:186} INFO - Started process (PID=32135) to work on /Users/nidhipatel/ApacheAirflow_Tutorial/py_env/lib/python3.12/site-packages/airflow/example_dags/example_setup_teardown.py
[2025-03-17T14:34:11.579-0400] {processor.py:914} INFO - Processing file /Users/nidhipatel/ApacheAirflow_Tutorial/py_env/lib/python3.12/site-packages/airflow/example_dags/example_setup_teardown.py for tasks to queue
[2025-03-17T14:34:11.580-0400] {logging_mixin.py:190} INFO - [2025-03-17T14:34:11.580-0400] {dagbag.py:588} INFO - Filling up the DagBag from /Users/nidhipatel/ApacheAirflow_Tutorial/py_env/lib/python3.12/site-packages/airflow/example_dags/example_setup_teardown.py
[2025-03-17T14:34:11.584-0400] {processor.py:925} INFO - DAG(s) 'example_setup_teardown' retrieved from /Users/nidhipatel/ApacheAirflow_Tutorial/py_env/lib/python3.12/site-packages/airflow/example_dags/example_setup_teardown.py
[2025-03-17T14:34:11.625-0400] {logging_mixin.py:190} INFO - [2025-03-17T14:34:11.625-0400] {dag.py:3239} INFO - Sync 1 DAGs
[2025-03-17T14:34:11.631-0400] {logging_mixin.py:190} INFO - [2025-03-17T14:34:11.630-0400] {dag.py:4180} INFO - Setting next_dagrun for example_setup_teardown to None, run_after=None
[2025-03-17T14:34:11.638-0400] {processor.py:208} INFO - Processing /Users/nidhipatel/ApacheAirflow_Tutorial/py_env/lib/python3.12/site-packages/airflow/example_dags/example_setup_teardown.py took 0.061 seconds
[2025-03-17T14:36:24.600-0400] {processor.py:186} INFO - Started process (PID=32296) to work on /Users/nidhipatel/ApacheAirflow_Tutorial/py_env/lib/python3.12/site-packages/airflow/example_dags/example_setup_teardown.py
[2025-03-17T14:36:24.600-0400] {processor.py:914} INFO - Processing file /Users/nidhipatel/ApacheAirflow_Tutorial/py_env/lib/python3.12/site-packages/airflow/example_dags/example_setup_teardown.py for tasks to queue
[2025-03-17T14:36:24.601-0400] {logging_mixin.py:190} INFO - [2025-03-17T14:36:24.601-0400] {dagbag.py:588} INFO - Filling up the DagBag from /Users/nidhipatel/ApacheAirflow_Tutorial/py_env/lib/python3.12/site-packages/airflow/example_dags/example_setup_teardown.py
[2025-03-17T14:36:24.604-0400] {processor.py:925} INFO - DAG(s) 'example_setup_teardown' retrieved from /Users/nidhipatel/ApacheAirflow_Tutorial/py_env/lib/python3.12/site-packages/airflow/example_dags/example_setup_teardown.py
[2025-03-17T14:36:24.640-0400] {logging_mixin.py:190} INFO - [2025-03-17T14:36:24.640-0400] {dag.py:3239} INFO - Sync 1 DAGs
[2025-03-17T14:36:24.644-0400] {logging_mixin.py:190} INFO - [2025-03-17T14:36:24.644-0400] {dag.py:4180} INFO - Setting next_dagrun for example_setup_teardown to None, run_after=None
[2025-03-17T14:36:24.650-0400] {processor.py:208} INFO - Processing /Users/nidhipatel/ApacheAirflow_Tutorial/py_env/lib/python3.12/site-packages/airflow/example_dags/example_setup_teardown.py took 0.052 seconds
[2025-03-17T14:38:29.115-0400] {processor.py:186} INFO - Started process (PID=32484) to work on /Users/nidhipatel/ApacheAirflow_Tutorial/py_env/lib/python3.12/site-packages/airflow/example_dags/example_setup_teardown.py
[2025-03-17T14:38:29.118-0400] {processor.py:914} INFO - Processing file /Users/nidhipatel/ApacheAirflow_Tutorial/py_env/lib/python3.12/site-packages/airflow/example_dags/example_setup_teardown.py for tasks to queue
[2025-03-17T14:38:29.120-0400] {logging_mixin.py:190} INFO - [2025-03-17T14:38:29.120-0400] {dagbag.py:588} INFO - Filling up the DagBag from /Users/nidhipatel/ApacheAirflow_Tutorial/py_env/lib/python3.12/site-packages/airflow/example_dags/example_setup_teardown.py
[2025-03-17T14:38:29.134-0400] {processor.py:925} INFO - DAG(s) 'example_setup_teardown' retrieved from /Users/nidhipatel/ApacheAirflow_Tutorial/py_env/lib/python3.12/site-packages/airflow/example_dags/example_setup_teardown.py
[2025-03-17T14:38:29.182-0400] {logging_mixin.py:190} INFO - [2025-03-17T14:38:29.182-0400] {dag.py:3239} INFO - Sync 1 DAGs
[2025-03-17T14:38:29.186-0400] {logging_mixin.py:190} INFO - [2025-03-17T14:38:29.186-0400] {dag.py:4180} INFO - Setting next_dagrun for example_setup_teardown to None, run_after=None
[2025-03-17T14:38:29.193-0400] {processor.py:208} INFO - Processing /Users/nidhipatel/ApacheAirflow_Tutorial/py_env/lib/python3.12/site-packages/airflow/example_dags/example_setup_teardown.py took 0.083 seconds
[2025-03-17T14:40:35.145-0400] {processor.py:186} INFO - Started process (PID=32682) to work on /Users/nidhipatel/ApacheAirflow_Tutorial/py_env/lib/python3.12/site-packages/airflow/example_dags/example_setup_teardown.py
[2025-03-17T14:40:35.146-0400] {processor.py:914} INFO - Processing file /Users/nidhipatel/ApacheAirflow_Tutorial/py_env/lib/python3.12/site-packages/airflow/example_dags/example_setup_teardown.py for tasks to queue
[2025-03-17T14:40:35.147-0400] {logging_mixin.py:190} INFO - [2025-03-17T14:40:35.146-0400] {dagbag.py:588} INFO - Filling up the DagBag from /Users/nidhipatel/ApacheAirflow_Tutorial/py_env/lib/python3.12/site-packages/airflow/example_dags/example_setup_teardown.py
[2025-03-17T14:40:35.150-0400] {processor.py:925} INFO - DAG(s) 'example_setup_teardown' retrieved from /Users/nidhipatel/ApacheAirflow_Tutorial/py_env/lib/python3.12/site-packages/airflow/example_dags/example_setup_teardown.py
[2025-03-17T14:40:35.190-0400] {logging_mixin.py:190} INFO - [2025-03-17T14:40:35.189-0400] {dag.py:3239} INFO - Sync 1 DAGs
[2025-03-17T14:40:35.194-0400] {logging_mixin.py:190} INFO - [2025-03-17T14:40:35.194-0400] {dag.py:4180} INFO - Setting next_dagrun for example_setup_teardown to None, run_after=None
[2025-03-17T14:40:35.202-0400] {processor.py:208} INFO - Processing /Users/nidhipatel/ApacheAirflow_Tutorial/py_env/lib/python3.12/site-packages/airflow/example_dags/example_setup_teardown.py took 0.057 seconds
[2025-03-17T14:42:40.898-0400] {processor.py:186} INFO - Started process (PID=32863) to work on /Users/nidhipatel/ApacheAirflow_Tutorial/py_env/lib/python3.12/site-packages/airflow/example_dags/example_setup_teardown.py
[2025-03-17T14:42:40.899-0400] {processor.py:914} INFO - Processing file /Users/nidhipatel/ApacheAirflow_Tutorial/py_env/lib/python3.12/site-packages/airflow/example_dags/example_setup_teardown.py for tasks to queue
[2025-03-17T14:42:40.900-0400] {logging_mixin.py:190} INFO - [2025-03-17T14:42:40.900-0400] {dagbag.py:588} INFO - Filling up the DagBag from /Users/nidhipatel/ApacheAirflow_Tutorial/py_env/lib/python3.12/site-packages/airflow/example_dags/example_setup_teardown.py
[2025-03-17T14:42:40.903-0400] {processor.py:925} INFO - DAG(s) 'example_setup_teardown' retrieved from /Users/nidhipatel/ApacheAirflow_Tutorial/py_env/lib/python3.12/site-packages/airflow/example_dags/example_setup_teardown.py
[2025-03-17T14:42:40.937-0400] {logging_mixin.py:190} INFO - [2025-03-17T14:42:40.937-0400] {dag.py:3239} INFO - Sync 1 DAGs
[2025-03-17T14:42:40.941-0400] {logging_mixin.py:190} INFO - [2025-03-17T14:42:40.941-0400] {dag.py:4180} INFO - Setting next_dagrun for example_setup_teardown to None, run_after=None
[2025-03-17T14:42:40.947-0400] {processor.py:208} INFO - Processing /Users/nidhipatel/ApacheAirflow_Tutorial/py_env/lib/python3.12/site-packages/airflow/example_dags/example_setup_teardown.py took 0.050 seconds
[2025-03-17T14:44:56.782-0400] {processor.py:186} INFO - Started process (PID=33042) to work on /Users/nidhipatel/ApacheAirflow_Tutorial/py_env/lib/python3.12/site-packages/airflow/example_dags/example_setup_teardown.py
[2025-03-17T14:44:56.783-0400] {processor.py:914} INFO - Processing file /Users/nidhipatel/ApacheAirflow_Tutorial/py_env/lib/python3.12/site-packages/airflow/example_dags/example_setup_teardown.py for tasks to queue
[2025-03-17T14:44:56.783-0400] {logging_mixin.py:190} INFO - [2025-03-17T14:44:56.783-0400] {dagbag.py:588} INFO - Filling up the DagBag from /Users/nidhipatel/ApacheAirflow_Tutorial/py_env/lib/python3.12/site-packages/airflow/example_dags/example_setup_teardown.py
[2025-03-17T14:44:56.787-0400] {processor.py:925} INFO - DAG(s) 'example_setup_teardown' retrieved from /Users/nidhipatel/ApacheAirflow_Tutorial/py_env/lib/python3.12/site-packages/airflow/example_dags/example_setup_teardown.py
[2025-03-17T14:44:56.822-0400] {logging_mixin.py:190} INFO - [2025-03-17T14:44:56.822-0400] {dag.py:3239} INFO - Sync 1 DAGs
[2025-03-17T14:44:56.826-0400] {logging_mixin.py:190} INFO - [2025-03-17T14:44:56.826-0400] {dag.py:4180} INFO - Setting next_dagrun for example_setup_teardown to None, run_after=None
[2025-03-17T14:44:56.832-0400] {processor.py:208} INFO - Processing /Users/nidhipatel/ApacheAirflow_Tutorial/py_env/lib/python3.12/site-packages/airflow/example_dags/example_setup_teardown.py took 0.051 seconds
[2025-03-17T14:47:16.309-0400] {processor.py:186} INFO - Started process (PID=33221) to work on /Users/nidhipatel/ApacheAirflow_Tutorial/py_env/lib/python3.12/site-packages/airflow/example_dags/example_setup_teardown.py
[2025-03-17T14:47:16.310-0400] {processor.py:914} INFO - Processing file /Users/nidhipatel/ApacheAirflow_Tutorial/py_env/lib/python3.12/site-packages/airflow/example_dags/example_setup_teardown.py for tasks to queue
[2025-03-17T14:47:16.310-0400] {logging_mixin.py:190} INFO - [2025-03-17T14:47:16.310-0400] {dagbag.py:588} INFO - Filling up the DagBag from /Users/nidhipatel/ApacheAirflow_Tutorial/py_env/lib/python3.12/site-packages/airflow/example_dags/example_setup_teardown.py
[2025-03-17T14:47:16.314-0400] {processor.py:925} INFO - DAG(s) 'example_setup_teardown' retrieved from /Users/nidhipatel/ApacheAirflow_Tutorial/py_env/lib/python3.12/site-packages/airflow/example_dags/example_setup_teardown.py
[2025-03-17T14:47:16.349-0400] {logging_mixin.py:190} INFO - [2025-03-17T14:47:16.349-0400] {dag.py:3239} INFO - Sync 1 DAGs
[2025-03-17T14:47:16.352-0400] {logging_mixin.py:190} INFO - [2025-03-17T14:47:16.352-0400] {dag.py:4180} INFO - Setting next_dagrun for example_setup_teardown to None, run_after=None
[2025-03-17T14:47:16.358-0400] {processor.py:208} INFO - Processing /Users/nidhipatel/ApacheAirflow_Tutorial/py_env/lib/python3.12/site-packages/airflow/example_dags/example_setup_teardown.py took 0.050 seconds
[2025-03-17T14:49:27.751-0400] {processor.py:186} INFO - Started process (PID=33414) to work on /Users/nidhipatel/ApacheAirflow_Tutorial/py_env/lib/python3.12/site-packages/airflow/example_dags/example_setup_teardown.py
[2025-03-17T14:49:27.752-0400] {processor.py:914} INFO - Processing file /Users/nidhipatel/ApacheAirflow_Tutorial/py_env/lib/python3.12/site-packages/airflow/example_dags/example_setup_teardown.py for tasks to queue
[2025-03-17T14:49:27.752-0400] {logging_mixin.py:190} INFO - [2025-03-17T14:49:27.752-0400] {dagbag.py:588} INFO - Filling up the DagBag from /Users/nidhipatel/ApacheAirflow_Tutorial/py_env/lib/python3.12/site-packages/airflow/example_dags/example_setup_teardown.py
[2025-03-17T14:49:27.757-0400] {processor.py:925} INFO - DAG(s) 'example_setup_teardown' retrieved from /Users/nidhipatel/ApacheAirflow_Tutorial/py_env/lib/python3.12/site-packages/airflow/example_dags/example_setup_teardown.py
[2025-03-17T14:49:27.794-0400] {logging_mixin.py:190} INFO - [2025-03-17T14:49:27.794-0400] {dag.py:3239} INFO - Sync 1 DAGs
[2025-03-17T14:49:27.798-0400] {logging_mixin.py:190} INFO - [2025-03-17T14:49:27.798-0400] {dag.py:4180} INFO - Setting next_dagrun for example_setup_teardown to None, run_after=None
[2025-03-17T14:49:27.806-0400] {processor.py:208} INFO - Processing /Users/nidhipatel/ApacheAirflow_Tutorial/py_env/lib/python3.12/site-packages/airflow/example_dags/example_setup_teardown.py took 0.056 seconds
[2025-03-17T14:51:38.791-0400] {processor.py:186} INFO - Started process (PID=33677) to work on /Users/nidhipatel/ApacheAirflow_Tutorial/py_env/lib/python3.12/site-packages/airflow/example_dags/example_setup_teardown.py
[2025-03-17T14:51:38.793-0400] {processor.py:914} INFO - Processing file /Users/nidhipatel/ApacheAirflow_Tutorial/py_env/lib/python3.12/site-packages/airflow/example_dags/example_setup_teardown.py for tasks to queue
[2025-03-17T14:51:38.793-0400] {logging_mixin.py:190} INFO - [2025-03-17T14:51:38.793-0400] {dagbag.py:588} INFO - Filling up the DagBag from /Users/nidhipatel/ApacheAirflow_Tutorial/py_env/lib/python3.12/site-packages/airflow/example_dags/example_setup_teardown.py
[2025-03-17T14:51:38.797-0400] {processor.py:925} INFO - DAG(s) 'example_setup_teardown' retrieved from /Users/nidhipatel/ApacheAirflow_Tutorial/py_env/lib/python3.12/site-packages/airflow/example_dags/example_setup_teardown.py
[2025-03-17T14:51:38.835-0400] {logging_mixin.py:190} INFO - [2025-03-17T14:51:38.835-0400] {dag.py:3239} INFO - Sync 1 DAGs
[2025-03-17T14:51:38.839-0400] {logging_mixin.py:190} INFO - [2025-03-17T14:51:38.839-0400] {dag.py:4180} INFO - Setting next_dagrun for example_setup_teardown to None, run_after=None
[2025-03-17T14:51:38.845-0400] {processor.py:208} INFO - Processing /Users/nidhipatel/ApacheAirflow_Tutorial/py_env/lib/python3.12/site-packages/airflow/example_dags/example_setup_teardown.py took 0.056 seconds
