[2025-03-17T14:32:30.918-0400] {processor.py:186} INFO - Started process (PID=31967) to work on /Users/nidhipatel/ApacheAirflow_Tutorial/py_env/lib/python3.12/site-packages/airflow/example_dags/example_setup_teardown_taskflow.py
[2025-03-17T14:32:30.919-0400] {processor.py:914} INFO - Processing file /Users/nidhipatel/ApacheAirflow_Tutorial/py_env/lib/python3.12/site-packages/airflow/example_dags/example_setup_teardown_taskflow.py for tasks to queue
[2025-03-17T14:32:30.919-0400] {logging_mixin.py:190} INFO - [2025-03-17T14:32:30.919-0400] {dagbag.py:588} INFO - Filling up the DagBag from /Users/nidhipatel/ApacheAirflow_Tutorial/py_env/lib/python3.12/site-packages/airflow/example_dags/example_setup_teardown_taskflow.py
[2025-03-17T14:32:30.935-0400] {processor.py:925} INFO - DAG(s) 'example_setup_teardown_taskflow' retrieved from /Users/nidhipatel/ApacheAirflow_Tutorial/py_env/lib/python3.12/site-packages/airflow/example_dags/example_setup_teardown_taskflow.py
[2025-03-17T14:32:31.003-0400] {logging_mixin.py:190} INFO - [2025-03-17T14:32:31.002-0400] {override.py:1912} INFO - Created Permission View: can edit on DAG:example_setup_teardown_taskflow
[2025-03-17T14:32:31.006-0400] {logging_mixin.py:190} INFO - [2025-03-17T14:32:31.006-0400] {override.py:1912} INFO - Created Permission View: can read on DAG:example_setup_teardown_taskflow
[2025-03-17T14:32:31.008-0400] {logging_mixin.py:190} INFO - [2025-03-17T14:32:31.008-0400] {override.py:1912} INFO - Created Permission View: can delete on DAG:example_setup_teardown_taskflow
[2025-03-17T14:32:31.010-0400] {logging_mixin.py:190} INFO - [2025-03-17T14:32:31.010-0400] {override.py:1912} INFO - Created Permission View: can delete on DAG Run:example_setup_teardown_taskflow
[2025-03-17T14:32:31.012-0400] {logging_mixin.py:190} INFO - [2025-03-17T14:32:31.012-0400] {override.py:1912} INFO - Created Permission View: menu access on DAG Run:example_setup_teardown_taskflow
[2025-03-17T14:32:31.014-0400] {logging_mixin.py:190} INFO - [2025-03-17T14:32:31.014-0400] {override.py:1912} INFO - Created Permission View: can read on DAG Run:example_setup_teardown_taskflow
[2025-03-17T14:32:31.016-0400] {logging_mixin.py:190} INFO - [2025-03-17T14:32:31.016-0400] {override.py:1912} INFO - Created Permission View: can create on DAG Run:example_setup_teardown_taskflow
[2025-03-17T14:32:31.016-0400] {logging_mixin.py:190} INFO - [2025-03-17T14:32:31.016-0400] {dag.py:3239} INFO - Sync 1 DAGs
[2025-03-17T14:32:31.020-0400] {logging_mixin.py:190} INFO - [2025-03-17T14:32:31.020-0400] {dag.py:3262} INFO - Creating ORM DAG for example_setup_teardown_taskflow
[2025-03-17T14:32:31.020-0400] {logging_mixin.py:190} INFO - [2025-03-17T14:32:31.020-0400] {dag.py:4180} INFO - Setting next_dagrun for example_setup_teardown_taskflow to None, run_after=None
[2025-03-17T14:32:31.026-0400] {processor.py:208} INFO - Processing /Users/nidhipatel/ApacheAirflow_Tutorial/py_env/lib/python3.12/site-packages/airflow/example_dags/example_setup_teardown_taskflow.py took 0.109 seconds
[2025-03-17T14:34:09.706-0400] {processor.py:186} INFO - Started process (PID=32132) to work on /Users/nidhipatel/ApacheAirflow_Tutorial/py_env/lib/python3.12/site-packages/airflow/example_dags/example_setup_teardown_taskflow.py
[2025-03-17T14:34:09.707-0400] {processor.py:914} INFO - Processing file /Users/nidhipatel/ApacheAirflow_Tutorial/py_env/lib/python3.12/site-packages/airflow/example_dags/example_setup_teardown_taskflow.py for tasks to queue
[2025-03-17T14:34:09.708-0400] {logging_mixin.py:190} INFO - [2025-03-17T14:34:09.707-0400] {dagbag.py:588} INFO - Filling up the DagBag from /Users/nidhipatel/ApacheAirflow_Tutorial/py_env/lib/python3.12/site-packages/airflow/example_dags/example_setup_teardown_taskflow.py
[2025-03-17T14:34:09.726-0400] {processor.py:925} INFO - DAG(s) 'example_setup_teardown_taskflow' retrieved from /Users/nidhipatel/ApacheAirflow_Tutorial/py_env/lib/python3.12/site-packages/airflow/example_dags/example_setup_teardown_taskflow.py
[2025-03-17T14:34:09.767-0400] {logging_mixin.py:190} INFO - [2025-03-17T14:34:09.767-0400] {dag.py:3239} INFO - Sync 1 DAGs
[2025-03-17T14:34:09.774-0400] {logging_mixin.py:190} INFO - [2025-03-17T14:34:09.774-0400] {dag.py:4180} INFO - Setting next_dagrun for example_setup_teardown_taskflow to None, run_after=None
[2025-03-17T14:34:09.782-0400] {processor.py:208} INFO - Processing /Users/nidhipatel/ApacheAirflow_Tutorial/py_env/lib/python3.12/site-packages/airflow/example_dags/example_setup_teardown_taskflow.py took 0.078 seconds
[2025-03-17T14:36:22.833-0400] {processor.py:186} INFO - Started process (PID=32294) to work on /Users/nidhipatel/ApacheAirflow_Tutorial/py_env/lib/python3.12/site-packages/airflow/example_dags/example_setup_teardown_taskflow.py
[2025-03-17T14:36:22.834-0400] {processor.py:914} INFO - Processing file /Users/nidhipatel/ApacheAirflow_Tutorial/py_env/lib/python3.12/site-packages/airflow/example_dags/example_setup_teardown_taskflow.py for tasks to queue
[2025-03-17T14:36:22.834-0400] {logging_mixin.py:190} INFO - [2025-03-17T14:36:22.834-0400] {dagbag.py:588} INFO - Filling up the DagBag from /Users/nidhipatel/ApacheAirflow_Tutorial/py_env/lib/python3.12/site-packages/airflow/example_dags/example_setup_teardown_taskflow.py
[2025-03-17T14:36:22.849-0400] {processor.py:925} INFO - DAG(s) 'example_setup_teardown_taskflow' retrieved from /Users/nidhipatel/ApacheAirflow_Tutorial/py_env/lib/python3.12/site-packages/airflow/example_dags/example_setup_teardown_taskflow.py
[2025-03-17T14:36:22.885-0400] {logging_mixin.py:190} INFO - [2025-03-17T14:36:22.885-0400] {dag.py:3239} INFO - Sync 1 DAGs
[2025-03-17T14:36:22.888-0400] {logging_mixin.py:190} INFO - [2025-03-17T14:36:22.888-0400] {dag.py:4180} INFO - Setting next_dagrun for example_setup_teardown_taskflow to None, run_after=None
[2025-03-17T14:36:22.894-0400] {processor.py:208} INFO - Processing /Users/nidhipatel/ApacheAirflow_Tutorial/py_env/lib/python3.12/site-packages/airflow/example_dags/example_setup_teardown_taskflow.py took 0.063 seconds
[2025-03-17T14:38:27.273-0400] {processor.py:186} INFO - Started process (PID=32480) to work on /Users/nidhipatel/ApacheAirflow_Tutorial/py_env/lib/python3.12/site-packages/airflow/example_dags/example_setup_teardown_taskflow.py
[2025-03-17T14:38:27.274-0400] {processor.py:914} INFO - Processing file /Users/nidhipatel/ApacheAirflow_Tutorial/py_env/lib/python3.12/site-packages/airflow/example_dags/example_setup_teardown_taskflow.py for tasks to queue
[2025-03-17T14:38:27.274-0400] {logging_mixin.py:190} INFO - [2025-03-17T14:38:27.274-0400] {dagbag.py:588} INFO - Filling up the DagBag from /Users/nidhipatel/ApacheAirflow_Tutorial/py_env/lib/python3.12/site-packages/airflow/example_dags/example_setup_teardown_taskflow.py
[2025-03-17T14:38:27.289-0400] {processor.py:925} INFO - DAG(s) 'example_setup_teardown_taskflow' retrieved from /Users/nidhipatel/ApacheAirflow_Tutorial/py_env/lib/python3.12/site-packages/airflow/example_dags/example_setup_teardown_taskflow.py
[2025-03-17T14:38:27.327-0400] {logging_mixin.py:190} INFO - [2025-03-17T14:38:27.327-0400] {dag.py:3239} INFO - Sync 1 DAGs
[2025-03-17T14:38:27.332-0400] {logging_mixin.py:190} INFO - [2025-03-17T14:38:27.332-0400] {dag.py:4180} INFO - Setting next_dagrun for example_setup_teardown_taskflow to None, run_after=None
[2025-03-17T14:38:27.339-0400] {processor.py:208} INFO - Processing /Users/nidhipatel/ApacheAirflow_Tutorial/py_env/lib/python3.12/site-packages/airflow/example_dags/example_setup_teardown_taskflow.py took 0.068 seconds
[2025-03-17T14:40:33.376-0400] {processor.py:186} INFO - Started process (PID=32680) to work on /Users/nidhipatel/ApacheAirflow_Tutorial/py_env/lib/python3.12/site-packages/airflow/example_dags/example_setup_teardown_taskflow.py
[2025-03-17T14:40:33.376-0400] {processor.py:914} INFO - Processing file /Users/nidhipatel/ApacheAirflow_Tutorial/py_env/lib/python3.12/site-packages/airflow/example_dags/example_setup_teardown_taskflow.py for tasks to queue
[2025-03-17T14:40:33.377-0400] {logging_mixin.py:190} INFO - [2025-03-17T14:40:33.377-0400] {dagbag.py:588} INFO - Filling up the DagBag from /Users/nidhipatel/ApacheAirflow_Tutorial/py_env/lib/python3.12/site-packages/airflow/example_dags/example_setup_teardown_taskflow.py
[2025-03-17T14:40:33.392-0400] {processor.py:925} INFO - DAG(s) 'example_setup_teardown_taskflow' retrieved from /Users/nidhipatel/ApacheAirflow_Tutorial/py_env/lib/python3.12/site-packages/airflow/example_dags/example_setup_teardown_taskflow.py
[2025-03-17T14:40:33.427-0400] {logging_mixin.py:190} INFO - [2025-03-17T14:40:33.427-0400] {dag.py:3239} INFO - Sync 1 DAGs
[2025-03-17T14:40:33.430-0400] {logging_mixin.py:190} INFO - [2025-03-17T14:40:33.430-0400] {dag.py:4180} INFO - Setting next_dagrun for example_setup_teardown_taskflow to None, run_after=None
[2025-03-17T14:40:33.436-0400] {processor.py:208} INFO - Processing /Users/nidhipatel/ApacheAirflow_Tutorial/py_env/lib/python3.12/site-packages/airflow/example_dags/example_setup_teardown_taskflow.py took 0.062 seconds
[2025-03-17T14:42:39.104-0400] {processor.py:186} INFO - Started process (PID=32861) to work on /Users/nidhipatel/ApacheAirflow_Tutorial/py_env/lib/python3.12/site-packages/airflow/example_dags/example_setup_teardown_taskflow.py
[2025-03-17T14:42:39.105-0400] {processor.py:914} INFO - Processing file /Users/nidhipatel/ApacheAirflow_Tutorial/py_env/lib/python3.12/site-packages/airflow/example_dags/example_setup_teardown_taskflow.py for tasks to queue
[2025-03-17T14:42:39.105-0400] {logging_mixin.py:190} INFO - [2025-03-17T14:42:39.105-0400] {dagbag.py:588} INFO - Filling up the DagBag from /Users/nidhipatel/ApacheAirflow_Tutorial/py_env/lib/python3.12/site-packages/airflow/example_dags/example_setup_teardown_taskflow.py
[2025-03-17T14:42:39.122-0400] {processor.py:925} INFO - DAG(s) 'example_setup_teardown_taskflow' retrieved from /Users/nidhipatel/ApacheAirflow_Tutorial/py_env/lib/python3.12/site-packages/airflow/example_dags/example_setup_teardown_taskflow.py
[2025-03-17T14:42:39.158-0400] {logging_mixin.py:190} INFO - [2025-03-17T14:42:39.158-0400] {dag.py:3239} INFO - Sync 1 DAGs
[2025-03-17T14:42:39.162-0400] {logging_mixin.py:190} INFO - [2025-03-17T14:42:39.162-0400] {dag.py:4180} INFO - Setting next_dagrun for example_setup_teardown_taskflow to None, run_after=None
[2025-03-17T14:42:39.169-0400] {processor.py:208} INFO - Processing /Users/nidhipatel/ApacheAirflow_Tutorial/py_env/lib/python3.12/site-packages/airflow/example_dags/example_setup_teardown_taskflow.py took 0.067 seconds
[2025-03-17T14:44:55.020-0400] {processor.py:186} INFO - Started process (PID=33040) to work on /Users/nidhipatel/ApacheAirflow_Tutorial/py_env/lib/python3.12/site-packages/airflow/example_dags/example_setup_teardown_taskflow.py
[2025-03-17T14:44:55.021-0400] {processor.py:914} INFO - Processing file /Users/nidhipatel/ApacheAirflow_Tutorial/py_env/lib/python3.12/site-packages/airflow/example_dags/example_setup_teardown_taskflow.py for tasks to queue
[2025-03-17T14:44:55.021-0400] {logging_mixin.py:190} INFO - [2025-03-17T14:44:55.021-0400] {dagbag.py:588} INFO - Filling up the DagBag from /Users/nidhipatel/ApacheAirflow_Tutorial/py_env/lib/python3.12/site-packages/airflow/example_dags/example_setup_teardown_taskflow.py
[2025-03-17T14:44:55.038-0400] {processor.py:925} INFO - DAG(s) 'example_setup_teardown_taskflow' retrieved from /Users/nidhipatel/ApacheAirflow_Tutorial/py_env/lib/python3.12/site-packages/airflow/example_dags/example_setup_teardown_taskflow.py
[2025-03-17T14:44:55.072-0400] {logging_mixin.py:190} INFO - [2025-03-17T14:44:55.072-0400] {dag.py:3239} INFO - Sync 1 DAGs
[2025-03-17T14:44:55.076-0400] {logging_mixin.py:190} INFO - [2025-03-17T14:44:55.076-0400] {dag.py:4180} INFO - Setting next_dagrun for example_setup_teardown_taskflow to None, run_after=None
[2025-03-17T14:44:55.082-0400] {processor.py:208} INFO - Processing /Users/nidhipatel/ApacheAirflow_Tutorial/py_env/lib/python3.12/site-packages/airflow/example_dags/example_setup_teardown_taskflow.py took 0.063 seconds
[2025-03-17T14:47:14.570-0400] {processor.py:186} INFO - Started process (PID=33219) to work on /Users/nidhipatel/ApacheAirflow_Tutorial/py_env/lib/python3.12/site-packages/airflow/example_dags/example_setup_teardown_taskflow.py
[2025-03-17T14:47:14.571-0400] {processor.py:914} INFO - Processing file /Users/nidhipatel/ApacheAirflow_Tutorial/py_env/lib/python3.12/site-packages/airflow/example_dags/example_setup_teardown_taskflow.py for tasks to queue
[2025-03-17T14:47:14.571-0400] {logging_mixin.py:190} INFO - [2025-03-17T14:47:14.571-0400] {dagbag.py:588} INFO - Filling up the DagBag from /Users/nidhipatel/ApacheAirflow_Tutorial/py_env/lib/python3.12/site-packages/airflow/example_dags/example_setup_teardown_taskflow.py
[2025-03-17T14:47:14.586-0400] {processor.py:925} INFO - DAG(s) 'example_setup_teardown_taskflow' retrieved from /Users/nidhipatel/ApacheAirflow_Tutorial/py_env/lib/python3.12/site-packages/airflow/example_dags/example_setup_teardown_taskflow.py
[2025-03-17T14:47:14.621-0400] {logging_mixin.py:190} INFO - [2025-03-17T14:47:14.621-0400] {dag.py:3239} INFO - Sync 1 DAGs
[2025-03-17T14:47:14.625-0400] {logging_mixin.py:190} INFO - [2025-03-17T14:47:14.624-0400] {dag.py:4180} INFO - Setting next_dagrun for example_setup_teardown_taskflow to None, run_after=None
[2025-03-17T14:47:14.631-0400] {processor.py:208} INFO - Processing /Users/nidhipatel/ApacheAirflow_Tutorial/py_env/lib/python3.12/site-packages/airflow/example_dags/example_setup_teardown_taskflow.py took 0.062 seconds
[2025-03-17T14:49:25.892-0400] {processor.py:186} INFO - Started process (PID=33412) to work on /Users/nidhipatel/ApacheAirflow_Tutorial/py_env/lib/python3.12/site-packages/airflow/example_dags/example_setup_teardown_taskflow.py
[2025-03-17T14:49:25.893-0400] {processor.py:914} INFO - Processing file /Users/nidhipatel/ApacheAirflow_Tutorial/py_env/lib/python3.12/site-packages/airflow/example_dags/example_setup_teardown_taskflow.py for tasks to queue
[2025-03-17T14:49:25.894-0400] {logging_mixin.py:190} INFO - [2025-03-17T14:49:25.894-0400] {dagbag.py:588} INFO - Filling up the DagBag from /Users/nidhipatel/ApacheAirflow_Tutorial/py_env/lib/python3.12/site-packages/airflow/example_dags/example_setup_teardown_taskflow.py
[2025-03-17T14:49:25.912-0400] {processor.py:925} INFO - DAG(s) 'example_setup_teardown_taskflow' retrieved from /Users/nidhipatel/ApacheAirflow_Tutorial/py_env/lib/python3.12/site-packages/airflow/example_dags/example_setup_teardown_taskflow.py
[2025-03-17T14:49:25.949-0400] {logging_mixin.py:190} INFO - [2025-03-17T14:49:25.948-0400] {dag.py:3239} INFO - Sync 1 DAGs
[2025-03-17T14:49:25.952-0400] {logging_mixin.py:190} INFO - [2025-03-17T14:49:25.952-0400] {dag.py:4180} INFO - Setting next_dagrun for example_setup_teardown_taskflow to None, run_after=None
[2025-03-17T14:49:25.959-0400] {processor.py:208} INFO - Processing /Users/nidhipatel/ApacheAirflow_Tutorial/py_env/lib/python3.12/site-packages/airflow/example_dags/example_setup_teardown_taskflow.py took 0.068 seconds
[2025-03-17T14:51:37.566-0400] {processor.py:186} INFO - Started process (PID=33675) to work on /Users/nidhipatel/ApacheAirflow_Tutorial/py_env/lib/python3.12/site-packages/airflow/example_dags/example_setup_teardown_taskflow.py
[2025-03-17T14:51:37.566-0400] {processor.py:914} INFO - Processing file /Users/nidhipatel/ApacheAirflow_Tutorial/py_env/lib/python3.12/site-packages/airflow/example_dags/example_setup_teardown_taskflow.py for tasks to queue
[2025-03-17T14:51:37.567-0400] {logging_mixin.py:190} INFO - [2025-03-17T14:51:37.567-0400] {dagbag.py:588} INFO - Filling up the DagBag from /Users/nidhipatel/ApacheAirflow_Tutorial/py_env/lib/python3.12/site-packages/airflow/example_dags/example_setup_teardown_taskflow.py
[2025-03-17T14:51:37.582-0400] {processor.py:925} INFO - DAG(s) 'example_setup_teardown_taskflow' retrieved from /Users/nidhipatel/ApacheAirflow_Tutorial/py_env/lib/python3.12/site-packages/airflow/example_dags/example_setup_teardown_taskflow.py
[2025-03-17T14:51:37.617-0400] {logging_mixin.py:190} INFO - [2025-03-17T14:51:37.617-0400] {dag.py:3239} INFO - Sync 1 DAGs
[2025-03-17T14:51:37.623-0400] {logging_mixin.py:190} INFO - [2025-03-17T14:51:37.623-0400] {dag.py:4180} INFO - Setting next_dagrun for example_setup_teardown_taskflow to None, run_after=None
[2025-03-17T14:51:37.631-0400] {processor.py:208} INFO - Processing /Users/nidhipatel/ApacheAirflow_Tutorial/py_env/lib/python3.12/site-packages/airflow/example_dags/example_setup_teardown_taskflow.py took 0.068 seconds
