[2025-03-17T14:33:09.563-0400] {processor.py:186} INFO - Started process (PID=32038) to work on /Users/nidhipatel/ApacheAirflow_Tutorial/py_env/lib/python3.12/site-packages/airflow/example_dags/example_dataset_alias.py
[2025-03-17T14:33:09.564-0400] {processor.py:914} INFO - Processing file /Users/nidhipatel/ApacheAirflow_Tutorial/py_env/lib/python3.12/site-packages/airflow/example_dags/example_dataset_alias.py for tasks to queue
[2025-03-17T14:33:09.565-0400] {logging_mixin.py:190} INFO - [2025-03-17T14:33:09.564-0400] {dagbag.py:588} INFO - Filling up the DagBag from /Users/nidhipatel/ApacheAirflow_Tutorial/py_env/lib/python3.12/site-packages/airflow/example_dags/example_dataset_alias.py
[2025-03-17T14:33:09.621-0400] {processor.py:925} INFO - DAG(s) 'dataset_s3_bucket_consumer', 'dataset_alias_example_alias_consumer', 'dataset_alias_example_alias_producer', 'dataset_s3_bucket_producer' retrieved from /Users/nidhipatel/ApacheAirflow_Tutorial/py_env/lib/python3.12/site-packages/airflow/example_dags/example_dataset_alias.py
[2025-03-17T14:33:09.657-0400] {logging_mixin.py:190} INFO - [2025-03-17T14:33:09.657-0400] {override.py:1912} INFO - Created Permission View: can read on DAG:dataset_s3_bucket_consumer
[2025-03-17T14:33:09.660-0400] {logging_mixin.py:190} INFO - [2025-03-17T14:33:09.660-0400] {override.py:1912} INFO - Created Permission View: can delete on DAG:dataset_s3_bucket_consumer
[2025-03-17T14:33:09.662-0400] {logging_mixin.py:190} INFO - [2025-03-17T14:33:09.662-0400] {override.py:1912} INFO - Created Permission View: can edit on DAG:dataset_s3_bucket_consumer
[2025-03-17T14:33:09.665-0400] {logging_mixin.py:190} INFO - [2025-03-17T14:33:09.665-0400] {override.py:1912} INFO - Created Permission View: can create on DAG Run:dataset_s3_bucket_consumer
[2025-03-17T14:33:09.667-0400] {logging_mixin.py:190} INFO - [2025-03-17T14:33:09.666-0400] {override.py:1912} INFO - Created Permission View: can read on DAG Run:dataset_s3_bucket_consumer
[2025-03-17T14:33:09.668-0400] {logging_mixin.py:190} INFO - [2025-03-17T14:33:09.668-0400] {override.py:1912} INFO - Created Permission View: menu access on DAG Run:dataset_s3_bucket_consumer
[2025-03-17T14:33:09.670-0400] {logging_mixin.py:190} INFO - [2025-03-17T14:33:09.670-0400] {override.py:1912} INFO - Created Permission View: can delete on DAG Run:dataset_s3_bucket_consumer
[2025-03-17T14:33:09.674-0400] {logging_mixin.py:190} INFO - [2025-03-17T14:33:09.674-0400] {override.py:1912} INFO - Created Permission View: can read on DAG:dataset_alias_example_alias_consumer
[2025-03-17T14:33:09.676-0400] {logging_mixin.py:190} INFO - [2025-03-17T14:33:09.676-0400] {override.py:1912} INFO - Created Permission View: can delete on DAG:dataset_alias_example_alias_consumer
[2025-03-17T14:33:09.678-0400] {logging_mixin.py:190} INFO - [2025-03-17T14:33:09.678-0400] {override.py:1912} INFO - Created Permission View: can edit on DAG:dataset_alias_example_alias_consumer
[2025-03-17T14:33:09.681-0400] {logging_mixin.py:190} INFO - [2025-03-17T14:33:09.681-0400] {override.py:1912} INFO - Created Permission View: can create on DAG Run:dataset_alias_example_alias_consumer
[2025-03-17T14:33:09.684-0400] {logging_mixin.py:190} INFO - [2025-03-17T14:33:09.683-0400] {override.py:1912} INFO - Created Permission View: can read on DAG Run:dataset_alias_example_alias_consumer
[2025-03-17T14:33:09.686-0400] {logging_mixin.py:190} INFO - [2025-03-17T14:33:09.686-0400] {override.py:1912} INFO - Created Permission View: menu access on DAG Run:dataset_alias_example_alias_consumer
[2025-03-17T14:33:09.688-0400] {logging_mixin.py:190} INFO - [2025-03-17T14:33:09.688-0400] {override.py:1912} INFO - Created Permission View: can delete on DAG Run:dataset_alias_example_alias_consumer
[2025-03-17T14:33:09.692-0400] {logging_mixin.py:190} INFO - [2025-03-17T14:33:09.692-0400] {override.py:1912} INFO - Created Permission View: can read on DAG:dataset_alias_example_alias_producer
[2025-03-17T14:33:09.694-0400] {logging_mixin.py:190} INFO - [2025-03-17T14:33:09.694-0400] {override.py:1912} INFO - Created Permission View: can delete on DAG:dataset_alias_example_alias_producer
[2025-03-17T14:33:09.696-0400] {logging_mixin.py:190} INFO - [2025-03-17T14:33:09.696-0400] {override.py:1912} INFO - Created Permission View: can edit on DAG:dataset_alias_example_alias_producer
[2025-03-17T14:33:09.699-0400] {logging_mixin.py:190} INFO - [2025-03-17T14:33:09.698-0400] {override.py:1912} INFO - Created Permission View: can create on DAG Run:dataset_alias_example_alias_producer
[2025-03-17T14:33:09.700-0400] {logging_mixin.py:190} INFO - [2025-03-17T14:33:09.700-0400] {override.py:1912} INFO - Created Permission View: can read on DAG Run:dataset_alias_example_alias_producer
[2025-03-17T14:33:09.702-0400] {logging_mixin.py:190} INFO - [2025-03-17T14:33:09.702-0400] {override.py:1912} INFO - Created Permission View: menu access on DAG Run:dataset_alias_example_alias_producer
[2025-03-17T14:33:09.704-0400] {logging_mixin.py:190} INFO - [2025-03-17T14:33:09.704-0400] {override.py:1912} INFO - Created Permission View: can delete on DAG Run:dataset_alias_example_alias_producer
[2025-03-17T14:33:09.708-0400] {logging_mixin.py:190} INFO - [2025-03-17T14:33:09.708-0400] {override.py:1912} INFO - Created Permission View: can read on DAG:dataset_s3_bucket_producer
[2025-03-17T14:33:09.710-0400] {logging_mixin.py:190} INFO - [2025-03-17T14:33:09.709-0400] {override.py:1912} INFO - Created Permission View: can delete on DAG:dataset_s3_bucket_producer
[2025-03-17T14:33:09.711-0400] {logging_mixin.py:190} INFO - [2025-03-17T14:33:09.711-0400] {override.py:1912} INFO - Created Permission View: can edit on DAG:dataset_s3_bucket_producer
[2025-03-17T14:33:09.715-0400] {logging_mixin.py:190} INFO - [2025-03-17T14:33:09.714-0400] {override.py:1912} INFO - Created Permission View: can create on DAG Run:dataset_s3_bucket_producer
[2025-03-17T14:33:09.717-0400] {logging_mixin.py:190} INFO - [2025-03-17T14:33:09.717-0400] {override.py:1912} INFO - Created Permission View: can read on DAG Run:dataset_s3_bucket_producer
[2025-03-17T14:33:09.718-0400] {logging_mixin.py:190} INFO - [2025-03-17T14:33:09.718-0400] {override.py:1912} INFO - Created Permission View: menu access on DAG Run:dataset_s3_bucket_producer
[2025-03-17T14:33:09.720-0400] {logging_mixin.py:190} INFO - [2025-03-17T14:33:09.720-0400] {override.py:1912} INFO - Created Permission View: can delete on DAG Run:dataset_s3_bucket_producer
[2025-03-17T14:33:09.720-0400] {logging_mixin.py:190} INFO - [2025-03-17T14:33:09.720-0400] {dag.py:3239} INFO - Sync 4 DAGs
[2025-03-17T14:33:09.725-0400] {logging_mixin.py:190} INFO - [2025-03-17T14:33:09.725-0400] {dag.py:3262} INFO - Creating ORM DAG for dataset_alias_example_alias_consumer
[2025-03-17T14:33:09.725-0400] {logging_mixin.py:190} INFO - [2025-03-17T14:33:09.725-0400] {dag.py:3262} INFO - Creating ORM DAG for dataset_s3_bucket_consumer
[2025-03-17T14:33:09.725-0400] {logging_mixin.py:190} INFO - [2025-03-17T14:33:09.725-0400] {dag.py:3262} INFO - Creating ORM DAG for dataset_s3_bucket_producer
[2025-03-17T14:33:09.725-0400] {logging_mixin.py:190} INFO - [2025-03-17T14:33:09.725-0400] {dag.py:3262} INFO - Creating ORM DAG for dataset_alias_example_alias_producer
[2025-03-17T14:33:09.752-0400] {logging_mixin.py:190} INFO - [2025-03-17T14:33:09.752-0400] {dag.py:4180} INFO - Setting next_dagrun for dataset_alias_example_alias_consumer to None, run_after=None
[2025-03-17T14:33:09.752-0400] {logging_mixin.py:190} INFO - [2025-03-17T14:33:09.752-0400] {dag.py:4180} INFO - Setting next_dagrun for dataset_alias_example_alias_producer to None, run_after=None
[2025-03-17T14:33:09.752-0400] {logging_mixin.py:190} INFO - [2025-03-17T14:33:09.752-0400] {dag.py:4180} INFO - Setting next_dagrun for dataset_s3_bucket_consumer to None, run_after=None
[2025-03-17T14:33:09.752-0400] {logging_mixin.py:190} INFO - [2025-03-17T14:33:09.752-0400] {dag.py:4180} INFO - Setting next_dagrun for dataset_s3_bucket_producer to None, run_after=None
[2025-03-17T14:33:09.757-0400] {logging_mixin.py:190} INFO - [2025-03-17T14:33:09.757-0400] {workday.py:41} WARNING - Could not import pandas. Holidays will not be considered.
[2025-03-17T14:33:09.763-0400] {processor.py:208} INFO - Processing /Users/nidhipatel/ApacheAirflow_Tutorial/py_env/lib/python3.12/site-packages/airflow/example_dags/example_dataset_alias.py took 0.202 seconds
[2025-03-17T14:35:26.386-0400] {processor.py:186} INFO - Started process (PID=32222) to work on /Users/nidhipatel/ApacheAirflow_Tutorial/py_env/lib/python3.12/site-packages/airflow/example_dags/example_dataset_alias.py
[2025-03-17T14:35:26.386-0400] {processor.py:914} INFO - Processing file /Users/nidhipatel/ApacheAirflow_Tutorial/py_env/lib/python3.12/site-packages/airflow/example_dags/example_dataset_alias.py for tasks to queue
[2025-03-17T14:35:26.387-0400] {logging_mixin.py:190} INFO - [2025-03-17T14:35:26.386-0400] {dagbag.py:588} INFO - Filling up the DagBag from /Users/nidhipatel/ApacheAirflow_Tutorial/py_env/lib/python3.12/site-packages/airflow/example_dags/example_dataset_alias.py
[2025-03-17T14:35:26.442-0400] {processor.py:925} INFO - DAG(s) 'dataset_alias_example_alias_producer', 'dataset_s3_bucket_producer', 'dataset_s3_bucket_consumer', 'dataset_alias_example_alias_consumer' retrieved from /Users/nidhipatel/ApacheAirflow_Tutorial/py_env/lib/python3.12/site-packages/airflow/example_dags/example_dataset_alias.py
[2025-03-17T14:35:26.451-0400] {logging_mixin.py:190} INFO - [2025-03-17T14:35:26.451-0400] {dag.py:3239} INFO - Sync 4 DAGs
[2025-03-17T14:35:26.457-0400] {logging_mixin.py:190} INFO - [2025-03-17T14:35:26.457-0400] {dag.py:4180} INFO - Setting next_dagrun for dataset_alias_example_alias_consumer to None, run_after=None
[2025-03-17T14:35:26.458-0400] {logging_mixin.py:190} INFO - [2025-03-17T14:35:26.458-0400] {dag.py:4180} INFO - Setting next_dagrun for dataset_alias_example_alias_producer to None, run_after=None
[2025-03-17T14:35:26.458-0400] {logging_mixin.py:190} INFO - [2025-03-17T14:35:26.458-0400] {dag.py:4180} INFO - Setting next_dagrun for dataset_s3_bucket_consumer to None, run_after=None
[2025-03-17T14:35:26.459-0400] {logging_mixin.py:190} INFO - [2025-03-17T14:35:26.458-0400] {dag.py:4180} INFO - Setting next_dagrun for dataset_s3_bucket_producer to None, run_after=None
[2025-03-17T14:35:26.465-0400] {processor.py:208} INFO - Processing /Users/nidhipatel/ApacheAirflow_Tutorial/py_env/lib/python3.12/site-packages/airflow/example_dags/example_dataset_alias.py took 0.081 seconds
[2025-03-17T14:37:35.477-0400] {processor.py:186} INFO - Started process (PID=32388) to work on /Users/nidhipatel/ApacheAirflow_Tutorial/py_env/lib/python3.12/site-packages/airflow/example_dags/example_dataset_alias.py
[2025-03-17T14:37:35.477-0400] {processor.py:914} INFO - Processing file /Users/nidhipatel/ApacheAirflow_Tutorial/py_env/lib/python3.12/site-packages/airflow/example_dags/example_dataset_alias.py for tasks to queue
[2025-03-17T14:37:35.478-0400] {logging_mixin.py:190} INFO - [2025-03-17T14:37:35.478-0400] {dagbag.py:588} INFO - Filling up the DagBag from /Users/nidhipatel/ApacheAirflow_Tutorial/py_env/lib/python3.12/site-packages/airflow/example_dags/example_dataset_alias.py
[2025-03-17T14:37:35.531-0400] {processor.py:925} INFO - DAG(s) 'dataset_s3_bucket_consumer', 'dataset_alias_example_alias_consumer', 'dataset_alias_example_alias_producer', 'dataset_s3_bucket_producer' retrieved from /Users/nidhipatel/ApacheAirflow_Tutorial/py_env/lib/python3.12/site-packages/airflow/example_dags/example_dataset_alias.py
[2025-03-17T14:37:35.540-0400] {logging_mixin.py:190} INFO - [2025-03-17T14:37:35.540-0400] {dag.py:3239} INFO - Sync 4 DAGs
[2025-03-17T14:37:35.546-0400] {logging_mixin.py:190} INFO - [2025-03-17T14:37:35.546-0400] {dag.py:4180} INFO - Setting next_dagrun for dataset_alias_example_alias_consumer to None, run_after=None
[2025-03-17T14:37:35.548-0400] {logging_mixin.py:190} INFO - [2025-03-17T14:37:35.548-0400] {dag.py:4180} INFO - Setting next_dagrun for dataset_alias_example_alias_producer to None, run_after=None
[2025-03-17T14:37:35.548-0400] {logging_mixin.py:190} INFO - [2025-03-17T14:37:35.548-0400] {dag.py:4180} INFO - Setting next_dagrun for dataset_s3_bucket_consumer to None, run_after=None
[2025-03-17T14:37:35.548-0400] {logging_mixin.py:190} INFO - [2025-03-17T14:37:35.548-0400] {dag.py:4180} INFO - Setting next_dagrun for dataset_s3_bucket_producer to None, run_after=None
[2025-03-17T14:37:35.555-0400] {processor.py:208} INFO - Processing /Users/nidhipatel/ApacheAirflow_Tutorial/py_env/lib/python3.12/site-packages/airflow/example_dags/example_dataset_alias.py took 0.080 seconds
[2025-03-17T14:39:38.250-0400] {processor.py:186} INFO - Started process (PID=32605) to work on /Users/nidhipatel/ApacheAirflow_Tutorial/py_env/lib/python3.12/site-packages/airflow/example_dags/example_dataset_alias.py
[2025-03-17T14:39:38.251-0400] {processor.py:914} INFO - Processing file /Users/nidhipatel/ApacheAirflow_Tutorial/py_env/lib/python3.12/site-packages/airflow/example_dags/example_dataset_alias.py for tasks to queue
[2025-03-17T14:39:38.251-0400] {logging_mixin.py:190} INFO - [2025-03-17T14:39:38.251-0400] {dagbag.py:588} INFO - Filling up the DagBag from /Users/nidhipatel/ApacheAirflow_Tutorial/py_env/lib/python3.12/site-packages/airflow/example_dags/example_dataset_alias.py
[2025-03-17T14:39:38.317-0400] {processor.py:925} INFO - DAG(s) 'dataset_s3_bucket_consumer', 'dataset_alias_example_alias_producer', 'dataset_s3_bucket_producer', 'dataset_alias_example_alias_consumer' retrieved from /Users/nidhipatel/ApacheAirflow_Tutorial/py_env/lib/python3.12/site-packages/airflow/example_dags/example_dataset_alias.py
[2025-03-17T14:39:38.329-0400] {logging_mixin.py:190} INFO - [2025-03-17T14:39:38.329-0400] {dag.py:3239} INFO - Sync 4 DAGs
[2025-03-17T14:39:38.336-0400] {logging_mixin.py:190} INFO - [2025-03-17T14:39:38.336-0400] {dag.py:4180} INFO - Setting next_dagrun for dataset_alias_example_alias_consumer to None, run_after=None
[2025-03-17T14:39:38.338-0400] {logging_mixin.py:190} INFO - [2025-03-17T14:39:38.338-0400] {dag.py:4180} INFO - Setting next_dagrun for dataset_alias_example_alias_producer to None, run_after=None
[2025-03-17T14:39:38.339-0400] {logging_mixin.py:190} INFO - [2025-03-17T14:39:38.339-0400] {dag.py:4180} INFO - Setting next_dagrun for dataset_s3_bucket_consumer to None, run_after=None
[2025-03-17T14:39:38.339-0400] {logging_mixin.py:190} INFO - [2025-03-17T14:39:38.339-0400] {dag.py:4180} INFO - Setting next_dagrun for dataset_s3_bucket_producer to None, run_after=None
[2025-03-17T14:39:38.349-0400] {processor.py:208} INFO - Processing /Users/nidhipatel/ApacheAirflow_Tutorial/py_env/lib/python3.12/site-packages/airflow/example_dags/example_dataset_alias.py took 0.101 seconds
[2025-03-17T14:41:44.138-0400] {processor.py:186} INFO - Started process (PID=32787) to work on /Users/nidhipatel/ApacheAirflow_Tutorial/py_env/lib/python3.12/site-packages/airflow/example_dags/example_dataset_alias.py
[2025-03-17T14:41:44.138-0400] {processor.py:914} INFO - Processing file /Users/nidhipatel/ApacheAirflow_Tutorial/py_env/lib/python3.12/site-packages/airflow/example_dags/example_dataset_alias.py for tasks to queue
[2025-03-17T14:41:44.139-0400] {logging_mixin.py:190} INFO - [2025-03-17T14:41:44.139-0400] {dagbag.py:588} INFO - Filling up the DagBag from /Users/nidhipatel/ApacheAirflow_Tutorial/py_env/lib/python3.12/site-packages/airflow/example_dags/example_dataset_alias.py
[2025-03-17T14:41:44.201-0400] {processor.py:925} INFO - DAG(s) 'dataset_alias_example_alias_consumer', 'dataset_s3_bucket_producer', 'dataset_alias_example_alias_producer', 'dataset_s3_bucket_consumer' retrieved from /Users/nidhipatel/ApacheAirflow_Tutorial/py_env/lib/python3.12/site-packages/airflow/example_dags/example_dataset_alias.py
[2025-03-17T14:41:44.210-0400] {logging_mixin.py:190} INFO - [2025-03-17T14:41:44.210-0400] {dag.py:3239} INFO - Sync 4 DAGs
[2025-03-17T14:41:44.217-0400] {logging_mixin.py:190} INFO - [2025-03-17T14:41:44.216-0400] {dag.py:4180} INFO - Setting next_dagrun for dataset_alias_example_alias_consumer to None, run_after=None
[2025-03-17T14:41:44.218-0400] {logging_mixin.py:190} INFO - [2025-03-17T14:41:44.218-0400] {dag.py:4180} INFO - Setting next_dagrun for dataset_alias_example_alias_producer to None, run_after=None
[2025-03-17T14:41:44.218-0400] {logging_mixin.py:190} INFO - [2025-03-17T14:41:44.218-0400] {dag.py:4180} INFO - Setting next_dagrun for dataset_s3_bucket_consumer to None, run_after=None
[2025-03-17T14:41:44.219-0400] {logging_mixin.py:190} INFO - [2025-03-17T14:41:44.219-0400] {dag.py:4180} INFO - Setting next_dagrun for dataset_s3_bucket_producer to None, run_after=None
[2025-03-17T14:41:44.226-0400] {processor.py:208} INFO - Processing /Users/nidhipatel/ApacheAirflow_Tutorial/py_env/lib/python3.12/site-packages/airflow/example_dags/example_dataset_alias.py took 0.090 seconds
[2025-03-17T14:43:56.052-0400] {processor.py:186} INFO - Started process (PID=32953) to work on /Users/nidhipatel/ApacheAirflow_Tutorial/py_env/lib/python3.12/site-packages/airflow/example_dags/example_dataset_alias.py
[2025-03-17T14:43:56.053-0400] {processor.py:914} INFO - Processing file /Users/nidhipatel/ApacheAirflow_Tutorial/py_env/lib/python3.12/site-packages/airflow/example_dags/example_dataset_alias.py for tasks to queue
[2025-03-17T14:43:56.053-0400] {logging_mixin.py:190} INFO - [2025-03-17T14:43:56.053-0400] {dagbag.py:588} INFO - Filling up the DagBag from /Users/nidhipatel/ApacheAirflow_Tutorial/py_env/lib/python3.12/site-packages/airflow/example_dags/example_dataset_alias.py
[2025-03-17T14:43:56.114-0400] {processor.py:925} INFO - DAG(s) 'dataset_s3_bucket_consumer', 'dataset_s3_bucket_producer', 'dataset_alias_example_alias_producer', 'dataset_alias_example_alias_consumer' retrieved from /Users/nidhipatel/ApacheAirflow_Tutorial/py_env/lib/python3.12/site-packages/airflow/example_dags/example_dataset_alias.py
[2025-03-17T14:43:56.123-0400] {logging_mixin.py:190} INFO - [2025-03-17T14:43:56.123-0400] {dag.py:3239} INFO - Sync 4 DAGs
[2025-03-17T14:43:56.130-0400] {logging_mixin.py:190} INFO - [2025-03-17T14:43:56.130-0400] {dag.py:4180} INFO - Setting next_dagrun for dataset_alias_example_alias_consumer to None, run_after=None
[2025-03-17T14:43:56.132-0400] {logging_mixin.py:190} INFO - [2025-03-17T14:43:56.132-0400] {dag.py:4180} INFO - Setting next_dagrun for dataset_alias_example_alias_producer to None, run_after=None
[2025-03-17T14:43:56.133-0400] {logging_mixin.py:190} INFO - [2025-03-17T14:43:56.133-0400] {dag.py:4180} INFO - Setting next_dagrun for dataset_s3_bucket_consumer to None, run_after=None
[2025-03-17T14:43:56.133-0400] {logging_mixin.py:190} INFO - [2025-03-17T14:43:56.133-0400] {dag.py:4180} INFO - Setting next_dagrun for dataset_s3_bucket_producer to None, run_after=None
[2025-03-17T14:43:56.140-0400] {processor.py:208} INFO - Processing /Users/nidhipatel/ApacheAirflow_Tutorial/py_env/lib/python3.12/site-packages/airflow/example_dags/example_dataset_alias.py took 0.089 seconds
[2025-03-17T14:46:12.832-0400] {processor.py:186} INFO - Started process (PID=33141) to work on /Users/nidhipatel/ApacheAirflow_Tutorial/py_env/lib/python3.12/site-packages/airflow/example_dags/example_dataset_alias.py
[2025-03-17T14:46:12.833-0400] {processor.py:914} INFO - Processing file /Users/nidhipatel/ApacheAirflow_Tutorial/py_env/lib/python3.12/site-packages/airflow/example_dags/example_dataset_alias.py for tasks to queue
[2025-03-17T14:46:12.833-0400] {logging_mixin.py:190} INFO - [2025-03-17T14:46:12.833-0400] {dagbag.py:588} INFO - Filling up the DagBag from /Users/nidhipatel/ApacheAirflow_Tutorial/py_env/lib/python3.12/site-packages/airflow/example_dags/example_dataset_alias.py
[2025-03-17T14:46:12.891-0400] {processor.py:925} INFO - DAG(s) 'dataset_alias_example_alias_producer', 'dataset_s3_bucket_producer', 'dataset_s3_bucket_consumer', 'dataset_alias_example_alias_consumer' retrieved from /Users/nidhipatel/ApacheAirflow_Tutorial/py_env/lib/python3.12/site-packages/airflow/example_dags/example_dataset_alias.py
[2025-03-17T14:46:12.901-0400] {logging_mixin.py:190} INFO - [2025-03-17T14:46:12.901-0400] {dag.py:3239} INFO - Sync 4 DAGs
[2025-03-17T14:46:12.907-0400] {logging_mixin.py:190} INFO - [2025-03-17T14:46:12.907-0400] {dag.py:4180} INFO - Setting next_dagrun for dataset_alias_example_alias_consumer to None, run_after=None
[2025-03-17T14:46:12.908-0400] {logging_mixin.py:190} INFO - [2025-03-17T14:46:12.908-0400] {dag.py:4180} INFO - Setting next_dagrun for dataset_alias_example_alias_producer to None, run_after=None
[2025-03-17T14:46:12.908-0400] {logging_mixin.py:190} INFO - [2025-03-17T14:46:12.908-0400] {dag.py:4180} INFO - Setting next_dagrun for dataset_s3_bucket_consumer to None, run_after=None
[2025-03-17T14:46:12.908-0400] {logging_mixin.py:190} INFO - [2025-03-17T14:46:12.908-0400] {dag.py:4180} INFO - Setting next_dagrun for dataset_s3_bucket_producer to None, run_after=None
[2025-03-17T14:46:12.916-0400] {processor.py:208} INFO - Processing /Users/nidhipatel/ApacheAirflow_Tutorial/py_env/lib/python3.12/site-packages/airflow/example_dags/example_dataset_alias.py took 0.085 seconds
[2025-03-17T14:48:31.591-0400] {processor.py:186} INFO - Started process (PID=33316) to work on /Users/nidhipatel/ApacheAirflow_Tutorial/py_env/lib/python3.12/site-packages/airflow/example_dags/example_dataset_alias.py
[2025-03-17T14:48:31.591-0400] {processor.py:914} INFO - Processing file /Users/nidhipatel/ApacheAirflow_Tutorial/py_env/lib/python3.12/site-packages/airflow/example_dags/example_dataset_alias.py for tasks to queue
[2025-03-17T14:48:31.592-0400] {logging_mixin.py:190} INFO - [2025-03-17T14:48:31.592-0400] {dagbag.py:588} INFO - Filling up the DagBag from /Users/nidhipatel/ApacheAirflow_Tutorial/py_env/lib/python3.12/site-packages/airflow/example_dags/example_dataset_alias.py
[2025-03-17T14:48:31.648-0400] {processor.py:925} INFO - DAG(s) 'dataset_alias_example_alias_producer', 'dataset_alias_example_alias_consumer', 'dataset_s3_bucket_producer', 'dataset_s3_bucket_consumer' retrieved from /Users/nidhipatel/ApacheAirflow_Tutorial/py_env/lib/python3.12/site-packages/airflow/example_dags/example_dataset_alias.py
[2025-03-17T14:48:31.657-0400] {logging_mixin.py:190} INFO - [2025-03-17T14:48:31.656-0400] {dag.py:3239} INFO - Sync 4 DAGs
[2025-03-17T14:48:31.663-0400] {logging_mixin.py:190} INFO - [2025-03-17T14:48:31.663-0400] {dag.py:4180} INFO - Setting next_dagrun for dataset_alias_example_alias_consumer to None, run_after=None
[2025-03-17T14:48:31.664-0400] {logging_mixin.py:190} INFO - [2025-03-17T14:48:31.664-0400] {dag.py:4180} INFO - Setting next_dagrun for dataset_alias_example_alias_producer to None, run_after=None
[2025-03-17T14:48:31.664-0400] {logging_mixin.py:190} INFO - [2025-03-17T14:48:31.664-0400] {dag.py:4180} INFO - Setting next_dagrun for dataset_s3_bucket_consumer to None, run_after=None
[2025-03-17T14:48:31.665-0400] {logging_mixin.py:190} INFO - [2025-03-17T14:48:31.665-0400] {dag.py:4180} INFO - Setting next_dagrun for dataset_s3_bucket_producer to None, run_after=None
[2025-03-17T14:48:31.674-0400] {processor.py:208} INFO - Processing /Users/nidhipatel/ApacheAirflow_Tutorial/py_env/lib/python3.12/site-packages/airflow/example_dags/example_dataset_alias.py took 0.085 seconds
[2025-03-17T14:50:40.033-0400] {processor.py:186} INFO - Started process (PID=33505) to work on /Users/nidhipatel/ApacheAirflow_Tutorial/py_env/lib/python3.12/site-packages/airflow/example_dags/example_dataset_alias.py
[2025-03-17T14:50:40.034-0400] {processor.py:914} INFO - Processing file /Users/nidhipatel/ApacheAirflow_Tutorial/py_env/lib/python3.12/site-packages/airflow/example_dags/example_dataset_alias.py for tasks to queue
[2025-03-17T14:50:40.034-0400] {logging_mixin.py:190} INFO - [2025-03-17T14:50:40.034-0400] {dagbag.py:588} INFO - Filling up the DagBag from /Users/nidhipatel/ApacheAirflow_Tutorial/py_env/lib/python3.12/site-packages/airflow/example_dags/example_dataset_alias.py
[2025-03-17T14:50:40.093-0400] {processor.py:925} INFO - DAG(s) 'dataset_s3_bucket_producer', 'dataset_alias_example_alias_consumer', 'dataset_alias_example_alias_producer', 'dataset_s3_bucket_consumer' retrieved from /Users/nidhipatel/ApacheAirflow_Tutorial/py_env/lib/python3.12/site-packages/airflow/example_dags/example_dataset_alias.py
[2025-03-17T14:50:40.102-0400] {logging_mixin.py:190} INFO - [2025-03-17T14:50:40.102-0400] {dag.py:3239} INFO - Sync 4 DAGs
[2025-03-17T14:50:40.109-0400] {logging_mixin.py:190} INFO - [2025-03-17T14:50:40.109-0400] {dag.py:4180} INFO - Setting next_dagrun for dataset_alias_example_alias_consumer to None, run_after=None
[2025-03-17T14:50:40.111-0400] {logging_mixin.py:190} INFO - [2025-03-17T14:50:40.111-0400] {dag.py:4180} INFO - Setting next_dagrun for dataset_alias_example_alias_producer to None, run_after=None
[2025-03-17T14:50:40.111-0400] {logging_mixin.py:190} INFO - [2025-03-17T14:50:40.111-0400] {dag.py:4180} INFO - Setting next_dagrun for dataset_s3_bucket_consumer to None, run_after=None
[2025-03-17T14:50:40.111-0400] {logging_mixin.py:190} INFO - [2025-03-17T14:50:40.111-0400] {dag.py:4180} INFO - Setting next_dagrun for dataset_s3_bucket_producer to None, run_after=None
[2025-03-17T14:50:40.118-0400] {processor.py:208} INFO - Processing /Users/nidhipatel/ApacheAirflow_Tutorial/py_env/lib/python3.12/site-packages/airflow/example_dags/example_dataset_alias.py took 0.087 seconds
[2025-03-17T14:52:55.939-0400] {processor.py:186} INFO - Started process (PID=33938) to work on /Users/nidhipatel/ApacheAirflow_Tutorial/py_env/lib/python3.12/site-packages/airflow/example_dags/example_dataset_alias.py
[2025-03-17T14:52:55.940-0400] {processor.py:914} INFO - Processing file /Users/nidhipatel/ApacheAirflow_Tutorial/py_env/lib/python3.12/site-packages/airflow/example_dags/example_dataset_alias.py for tasks to queue
[2025-03-17T14:52:55.941-0400] {logging_mixin.py:190} INFO - [2025-03-17T14:52:55.941-0400] {dagbag.py:588} INFO - Filling up the DagBag from /Users/nidhipatel/ApacheAirflow_Tutorial/py_env/lib/python3.12/site-packages/airflow/example_dags/example_dataset_alias.py
[2025-03-17T14:52:55.997-0400] {processor.py:925} INFO - DAG(s) 'dataset_alias_example_alias_consumer', 'dataset_s3_bucket_consumer', 'dataset_alias_example_alias_producer', 'dataset_s3_bucket_producer' retrieved from /Users/nidhipatel/ApacheAirflow_Tutorial/py_env/lib/python3.12/site-packages/airflow/example_dags/example_dataset_alias.py
[2025-03-17T14:52:56.005-0400] {logging_mixin.py:190} INFO - [2025-03-17T14:52:56.005-0400] {dag.py:3239} INFO - Sync 4 DAGs
[2025-03-17T14:52:56.011-0400] {logging_mixin.py:190} INFO - [2025-03-17T14:52:56.011-0400] {dag.py:4180} INFO - Setting next_dagrun for dataset_alias_example_alias_consumer to None, run_after=None
[2025-03-17T14:52:56.012-0400] {logging_mixin.py:190} INFO - [2025-03-17T14:52:56.012-0400] {dag.py:4180} INFO - Setting next_dagrun for dataset_alias_example_alias_producer to None, run_after=None
[2025-03-17T14:52:56.012-0400] {logging_mixin.py:190} INFO - [2025-03-17T14:52:56.012-0400] {dag.py:4180} INFO - Setting next_dagrun for dataset_s3_bucket_consumer to None, run_after=None
[2025-03-17T14:52:56.013-0400] {logging_mixin.py:190} INFO - [2025-03-17T14:52:56.013-0400] {dag.py:4180} INFO - Setting next_dagrun for dataset_s3_bucket_producer to None, run_after=None
[2025-03-17T14:52:56.019-0400] {processor.py:208} INFO - Processing /Users/nidhipatel/ApacheAirflow_Tutorial/py_env/lib/python3.12/site-packages/airflow/example_dags/example_dataset_alias.py took 0.082 seconds
