[2025-03-17T14:33:28.384-0400] {processor.py:186} INFO - Started process (PID=32072) to work on /Users/nidhipatel/ApacheAirflow_Tutorial/py_env/lib/python3.12/site-packages/airflow/example_dags/example_bash_decorator.py
[2025-03-17T14:33:28.384-0400] {processor.py:914} INFO - Processing file /Users/nidhipatel/ApacheAirflow_Tutorial/py_env/lib/python3.12/site-packages/airflow/example_dags/example_bash_decorator.py for tasks to queue
[2025-03-17T14:33:28.385-0400] {logging_mixin.py:190} INFO - [2025-03-17T14:33:28.385-0400] {dagbag.py:588} INFO - Filling up the DagBag from /Users/nidhipatel/ApacheAirflow_Tutorial/py_env/lib/python3.12/site-packages/airflow/example_dags/example_bash_decorator.py
[2025-03-17T14:33:28.404-0400] {processor.py:925} INFO - DAG(s) 'example_bash_decorator' retrieved from /Users/nidhipatel/ApacheAirflow_Tutorial/py_env/lib/python3.12/site-packages/airflow/example_dags/example_bash_decorator.py
[2025-03-17T14:33:28.478-0400] {logging_mixin.py:190} INFO - [2025-03-17T14:33:28.478-0400] {override.py:1912} INFO - Created Permission View: can read on DAG:example_bash_decorator
[2025-03-17T14:33:28.481-0400] {logging_mixin.py:190} INFO - [2025-03-17T14:33:28.481-0400] {override.py:1912} INFO - Created Permission View: can edit on DAG:example_bash_decorator
[2025-03-17T14:33:28.483-0400] {logging_mixin.py:190} INFO - [2025-03-17T14:33:28.483-0400] {override.py:1912} INFO - Created Permission View: can delete on DAG:example_bash_decorator
[2025-03-17T14:33:28.486-0400] {logging_mixin.py:190} INFO - [2025-03-17T14:33:28.486-0400] {override.py:1912} INFO - Created Permission View: can read on DAG Run:example_bash_decorator
[2025-03-17T14:33:28.488-0400] {logging_mixin.py:190} INFO - [2025-03-17T14:33:28.488-0400] {override.py:1912} INFO - Created Permission View: can create on DAG Run:example_bash_decorator
[2025-03-17T14:33:28.490-0400] {logging_mixin.py:190} INFO - [2025-03-17T14:33:28.490-0400] {override.py:1912} INFO - Created Permission View: menu access on DAG Run:example_bash_decorator
[2025-03-17T14:33:28.492-0400] {logging_mixin.py:190} INFO - [2025-03-17T14:33:28.492-0400] {override.py:1912} INFO - Created Permission View: can delete on DAG Run:example_bash_decorator
[2025-03-17T14:33:28.492-0400] {logging_mixin.py:190} INFO - [2025-03-17T14:33:28.492-0400] {dag.py:3239} INFO - Sync 1 DAGs
[2025-03-17T14:33:28.496-0400] {logging_mixin.py:190} INFO - [2025-03-17T14:33:28.496-0400] {dag.py:3262} INFO - Creating ORM DAG for example_bash_decorator
[2025-03-17T14:33:28.496-0400] {logging_mixin.py:190} INFO - [2025-03-17T14:33:28.496-0400] {dag.py:4180} INFO - Setting next_dagrun for example_bash_decorator to None, run_after=None
[2025-03-17T14:33:28.502-0400] {processor.py:208} INFO - Processing /Users/nidhipatel/ApacheAirflow_Tutorial/py_env/lib/python3.12/site-packages/airflow/example_dags/example_bash_decorator.py took 0.120 seconds
[2025-03-17T14:35:43.799-0400] {processor.py:186} INFO - Started process (PID=32244) to work on /Users/nidhipatel/ApacheAirflow_Tutorial/py_env/lib/python3.12/site-packages/airflow/example_dags/example_bash_decorator.py
[2025-03-17T14:35:43.799-0400] {processor.py:914} INFO - Processing file /Users/nidhipatel/ApacheAirflow_Tutorial/py_env/lib/python3.12/site-packages/airflow/example_dags/example_bash_decorator.py for tasks to queue
[2025-03-17T14:35:43.800-0400] {logging_mixin.py:190} INFO - [2025-03-17T14:35:43.800-0400] {dagbag.py:588} INFO - Filling up the DagBag from /Users/nidhipatel/ApacheAirflow_Tutorial/py_env/lib/python3.12/site-packages/airflow/example_dags/example_bash_decorator.py
[2025-03-17T14:35:43.818-0400] {processor.py:925} INFO - DAG(s) 'example_bash_decorator' retrieved from /Users/nidhipatel/ApacheAirflow_Tutorial/py_env/lib/python3.12/site-packages/airflow/example_dags/example_bash_decorator.py
[2025-03-17T14:35:43.885-0400] {logging_mixin.py:190} INFO - [2025-03-17T14:35:43.885-0400] {dag.py:3239} INFO - Sync 1 DAGs
[2025-03-17T14:35:43.889-0400] {logging_mixin.py:190} INFO - [2025-03-17T14:35:43.889-0400] {dag.py:4180} INFO - Setting next_dagrun for example_bash_decorator to None, run_after=None
[2025-03-17T14:35:43.895-0400] {processor.py:208} INFO - Processing /Users/nidhipatel/ApacheAirflow_Tutorial/py_env/lib/python3.12/site-packages/airflow/example_dags/example_bash_decorator.py took 0.098 seconds
[2025-03-17T14:37:51.307-0400] {processor.py:186} INFO - Started process (PID=32408) to work on /Users/nidhipatel/ApacheAirflow_Tutorial/py_env/lib/python3.12/site-packages/airflow/example_dags/example_bash_decorator.py
[2025-03-17T14:37:51.308-0400] {processor.py:914} INFO - Processing file /Users/nidhipatel/ApacheAirflow_Tutorial/py_env/lib/python3.12/site-packages/airflow/example_dags/example_bash_decorator.py for tasks to queue
[2025-03-17T14:37:51.308-0400] {logging_mixin.py:190} INFO - [2025-03-17T14:37:51.308-0400] {dagbag.py:588} INFO - Filling up the DagBag from /Users/nidhipatel/ApacheAirflow_Tutorial/py_env/lib/python3.12/site-packages/airflow/example_dags/example_bash_decorator.py
[2025-03-17T14:37:51.325-0400] {processor.py:925} INFO - DAG(s) 'example_bash_decorator' retrieved from /Users/nidhipatel/ApacheAirflow_Tutorial/py_env/lib/python3.12/site-packages/airflow/example_dags/example_bash_decorator.py
[2025-03-17T14:37:51.390-0400] {logging_mixin.py:190} INFO - [2025-03-17T14:37:51.390-0400] {dag.py:3239} INFO - Sync 1 DAGs
[2025-03-17T14:37:51.393-0400] {logging_mixin.py:190} INFO - [2025-03-17T14:37:51.393-0400] {dag.py:4180} INFO - Setting next_dagrun for example_bash_decorator to None, run_after=None
[2025-03-17T14:37:51.400-0400] {processor.py:208} INFO - Processing /Users/nidhipatel/ApacheAirflow_Tutorial/py_env/lib/python3.12/site-packages/airflow/example_dags/example_bash_decorator.py took 0.094 seconds
[2025-03-17T14:39:54.408-0400] {processor.py:186} INFO - Started process (PID=32627) to work on /Users/nidhipatel/ApacheAirflow_Tutorial/py_env/lib/python3.12/site-packages/airflow/example_dags/example_bash_decorator.py
[2025-03-17T14:39:54.408-0400] {processor.py:914} INFO - Processing file /Users/nidhipatel/ApacheAirflow_Tutorial/py_env/lib/python3.12/site-packages/airflow/example_dags/example_bash_decorator.py for tasks to queue
[2025-03-17T14:39:54.409-0400] {logging_mixin.py:190} INFO - [2025-03-17T14:39:54.408-0400] {dagbag.py:588} INFO - Filling up the DagBag from /Users/nidhipatel/ApacheAirflow_Tutorial/py_env/lib/python3.12/site-packages/airflow/example_dags/example_bash_decorator.py
[2025-03-17T14:39:54.427-0400] {processor.py:925} INFO - DAG(s) 'example_bash_decorator' retrieved from /Users/nidhipatel/ApacheAirflow_Tutorial/py_env/lib/python3.12/site-packages/airflow/example_dags/example_bash_decorator.py
[2025-03-17T14:39:54.523-0400] {logging_mixin.py:190} INFO - [2025-03-17T14:39:54.523-0400] {dag.py:3239} INFO - Sync 1 DAGs
[2025-03-17T14:39:54.527-0400] {logging_mixin.py:190} INFO - [2025-03-17T14:39:54.527-0400] {dag.py:4180} INFO - Setting next_dagrun for example_bash_decorator to None, run_after=None
[2025-03-17T14:39:54.534-0400] {processor.py:208} INFO - Processing /Users/nidhipatel/ApacheAirflow_Tutorial/py_env/lib/python3.12/site-packages/airflow/example_dags/example_bash_decorator.py took 0.128 seconds
[2025-03-17T14:42:00.592-0400] {processor.py:186} INFO - Started process (PID=32810) to work on /Users/nidhipatel/ApacheAirflow_Tutorial/py_env/lib/python3.12/site-packages/airflow/example_dags/example_bash_decorator.py
[2025-03-17T14:42:00.593-0400] {processor.py:914} INFO - Processing file /Users/nidhipatel/ApacheAirflow_Tutorial/py_env/lib/python3.12/site-packages/airflow/example_dags/example_bash_decorator.py for tasks to queue
[2025-03-17T14:42:00.593-0400] {logging_mixin.py:190} INFO - [2025-03-17T14:42:00.593-0400] {dagbag.py:588} INFO - Filling up the DagBag from /Users/nidhipatel/ApacheAirflow_Tutorial/py_env/lib/python3.12/site-packages/airflow/example_dags/example_bash_decorator.py
[2025-03-17T14:42:00.612-0400] {processor.py:925} INFO - DAG(s) 'example_bash_decorator' retrieved from /Users/nidhipatel/ApacheAirflow_Tutorial/py_env/lib/python3.12/site-packages/airflow/example_dags/example_bash_decorator.py
[2025-03-17T14:42:00.680-0400] {logging_mixin.py:190} INFO - [2025-03-17T14:42:00.680-0400] {dag.py:3239} INFO - Sync 1 DAGs
[2025-03-17T14:42:00.684-0400] {logging_mixin.py:190} INFO - [2025-03-17T14:42:00.684-0400] {dag.py:4180} INFO - Setting next_dagrun for example_bash_decorator to None, run_after=None
[2025-03-17T14:42:00.690-0400] {processor.py:208} INFO - Processing /Users/nidhipatel/ApacheAirflow_Tutorial/py_env/lib/python3.12/site-packages/airflow/example_dags/example_bash_decorator.py took 0.100 seconds
[2025-03-17T14:44:13.042-0400] {processor.py:186} INFO - Started process (PID=32973) to work on /Users/nidhipatel/ApacheAirflow_Tutorial/py_env/lib/python3.12/site-packages/airflow/example_dags/example_bash_decorator.py
[2025-03-17T14:44:13.043-0400] {processor.py:914} INFO - Processing file /Users/nidhipatel/ApacheAirflow_Tutorial/py_env/lib/python3.12/site-packages/airflow/example_dags/example_bash_decorator.py for tasks to queue
[2025-03-17T14:44:13.043-0400] {logging_mixin.py:190} INFO - [2025-03-17T14:44:13.043-0400] {dagbag.py:588} INFO - Filling up the DagBag from /Users/nidhipatel/ApacheAirflow_Tutorial/py_env/lib/python3.12/site-packages/airflow/example_dags/example_bash_decorator.py
[2025-03-17T14:44:13.062-0400] {processor.py:925} INFO - DAG(s) 'example_bash_decorator' retrieved from /Users/nidhipatel/ApacheAirflow_Tutorial/py_env/lib/python3.12/site-packages/airflow/example_dags/example_bash_decorator.py
[2025-03-17T14:44:13.130-0400] {logging_mixin.py:190} INFO - [2025-03-17T14:44:13.129-0400] {dag.py:3239} INFO - Sync 1 DAGs
[2025-03-17T14:44:13.133-0400] {logging_mixin.py:190} INFO - [2025-03-17T14:44:13.133-0400] {dag.py:4180} INFO - Setting next_dagrun for example_bash_decorator to None, run_after=None
[2025-03-17T14:44:13.139-0400] {processor.py:208} INFO - Processing /Users/nidhipatel/ApacheAirflow_Tutorial/py_env/lib/python3.12/site-packages/airflow/example_dags/example_bash_decorator.py took 0.099 seconds
[2025-03-17T14:46:30.827-0400] {processor.py:186} INFO - Started process (PID=33161) to work on /Users/nidhipatel/ApacheAirflow_Tutorial/py_env/lib/python3.12/site-packages/airflow/example_dags/example_bash_decorator.py
[2025-03-17T14:46:30.827-0400] {processor.py:914} INFO - Processing file /Users/nidhipatel/ApacheAirflow_Tutorial/py_env/lib/python3.12/site-packages/airflow/example_dags/example_bash_decorator.py for tasks to queue
[2025-03-17T14:46:30.828-0400] {logging_mixin.py:190} INFO - [2025-03-17T14:46:30.828-0400] {dagbag.py:588} INFO - Filling up the DagBag from /Users/nidhipatel/ApacheAirflow_Tutorial/py_env/lib/python3.12/site-packages/airflow/example_dags/example_bash_decorator.py
[2025-03-17T14:46:30.845-0400] {processor.py:925} INFO - DAG(s) 'example_bash_decorator' retrieved from /Users/nidhipatel/ApacheAirflow_Tutorial/py_env/lib/python3.12/site-packages/airflow/example_dags/example_bash_decorator.py
[2025-03-17T14:46:30.912-0400] {logging_mixin.py:190} INFO - [2025-03-17T14:46:30.911-0400] {dag.py:3239} INFO - Sync 1 DAGs
[2025-03-17T14:46:30.915-0400] {logging_mixin.py:190} INFO - [2025-03-17T14:46:30.915-0400] {dag.py:4180} INFO - Setting next_dagrun for example_bash_decorator to None, run_after=None
[2025-03-17T14:46:30.921-0400] {processor.py:208} INFO - Processing /Users/nidhipatel/ApacheAirflow_Tutorial/py_env/lib/python3.12/site-packages/airflow/example_dags/example_bash_decorator.py took 0.096 seconds
[2025-03-17T14:48:48.066-0400] {processor.py:186} INFO - Started process (PID=33336) to work on /Users/nidhipatel/ApacheAirflow_Tutorial/py_env/lib/python3.12/site-packages/airflow/example_dags/example_bash_decorator.py
[2025-03-17T14:48:48.067-0400] {processor.py:914} INFO - Processing file /Users/nidhipatel/ApacheAirflow_Tutorial/py_env/lib/python3.12/site-packages/airflow/example_dags/example_bash_decorator.py for tasks to queue
[2025-03-17T14:48:48.067-0400] {logging_mixin.py:190} INFO - [2025-03-17T14:48:48.067-0400] {dagbag.py:588} INFO - Filling up the DagBag from /Users/nidhipatel/ApacheAirflow_Tutorial/py_env/lib/python3.12/site-packages/airflow/example_dags/example_bash_decorator.py
[2025-03-17T14:48:48.083-0400] {processor.py:925} INFO - DAG(s) 'example_bash_decorator' retrieved from /Users/nidhipatel/ApacheAirflow_Tutorial/py_env/lib/python3.12/site-packages/airflow/example_dags/example_bash_decorator.py
[2025-03-17T14:48:48.147-0400] {logging_mixin.py:190} INFO - [2025-03-17T14:48:48.147-0400] {dag.py:3239} INFO - Sync 1 DAGs
[2025-03-17T14:48:48.151-0400] {logging_mixin.py:190} INFO - [2025-03-17T14:48:48.150-0400] {dag.py:4180} INFO - Setting next_dagrun for example_bash_decorator to None, run_after=None
[2025-03-17T14:48:48.157-0400] {processor.py:208} INFO - Processing /Users/nidhipatel/ApacheAirflow_Tutorial/py_env/lib/python3.12/site-packages/airflow/example_dags/example_bash_decorator.py took 0.093 seconds
[2025-03-17T14:50:56.263-0400] {processor.py:186} INFO - Started process (PID=33564) to work on /Users/nidhipatel/ApacheAirflow_Tutorial/py_env/lib/python3.12/site-packages/airflow/example_dags/example_bash_decorator.py
[2025-03-17T14:50:56.264-0400] {processor.py:914} INFO - Processing file /Users/nidhipatel/ApacheAirflow_Tutorial/py_env/lib/python3.12/site-packages/airflow/example_dags/example_bash_decorator.py for tasks to queue
[2025-03-17T14:50:56.265-0400] {logging_mixin.py:190} INFO - [2025-03-17T14:50:56.264-0400] {dagbag.py:588} INFO - Filling up the DagBag from /Users/nidhipatel/ApacheAirflow_Tutorial/py_env/lib/python3.12/site-packages/airflow/example_dags/example_bash_decorator.py
[2025-03-17T14:50:56.282-0400] {processor.py:925} INFO - DAG(s) 'example_bash_decorator' retrieved from /Users/nidhipatel/ApacheAirflow_Tutorial/py_env/lib/python3.12/site-packages/airflow/example_dags/example_bash_decorator.py
[2025-03-17T14:50:56.359-0400] {logging_mixin.py:190} INFO - [2025-03-17T14:50:56.359-0400] {dag.py:3239} INFO - Sync 1 DAGs
[2025-03-17T14:50:56.364-0400] {logging_mixin.py:190} INFO - [2025-03-17T14:50:56.364-0400] {dag.py:4180} INFO - Setting next_dagrun for example_bash_decorator to None, run_after=None
[2025-03-17T14:50:56.373-0400] {processor.py:208} INFO - Processing /Users/nidhipatel/ApacheAirflow_Tutorial/py_env/lib/python3.12/site-packages/airflow/example_dags/example_bash_decorator.py took 0.112 seconds
[2025-03-17T14:53:13.153-0400] {processor.py:186} INFO - Started process (PID=34005) to work on /Users/nidhipatel/ApacheAirflow_Tutorial/py_env/lib/python3.12/site-packages/airflow/example_dags/example_bash_decorator.py
[2025-03-17T14:53:13.154-0400] {processor.py:914} INFO - Processing file /Users/nidhipatel/ApacheAirflow_Tutorial/py_env/lib/python3.12/site-packages/airflow/example_dags/example_bash_decorator.py for tasks to queue
[2025-03-17T14:53:13.154-0400] {logging_mixin.py:190} INFO - [2025-03-17T14:53:13.154-0400] {dagbag.py:588} INFO - Filling up the DagBag from /Users/nidhipatel/ApacheAirflow_Tutorial/py_env/lib/python3.12/site-packages/airflow/example_dags/example_bash_decorator.py
[2025-03-17T14:53:13.173-0400] {processor.py:925} INFO - DAG(s) 'example_bash_decorator' retrieved from /Users/nidhipatel/ApacheAirflow_Tutorial/py_env/lib/python3.12/site-packages/airflow/example_dags/example_bash_decorator.py
[2025-03-17T14:53:13.248-0400] {logging_mixin.py:190} INFO - [2025-03-17T14:53:13.247-0400] {dag.py:3239} INFO - Sync 1 DAGs
[2025-03-17T14:53:13.251-0400] {logging_mixin.py:190} INFO - [2025-03-17T14:53:13.251-0400] {dag.py:4180} INFO - Setting next_dagrun for example_bash_decorator to None, run_after=None
[2025-03-17T14:53:13.258-0400] {processor.py:208} INFO - Processing /Users/nidhipatel/ApacheAirflow_Tutorial/py_env/lib/python3.12/site-packages/airflow/example_dags/example_bash_decorator.py took 0.106 seconds
