[2025-03-17T14:32:13.990-0400] {processor.py:186} INFO - Started process (PID=31941) to work on /Users/nidhipatel/ApacheAirflow_Tutorial/py_env/lib/python3.12/site-packages/airflow/example_dags/example_trigger_controller_dag.py
[2025-03-17T14:32:13.991-0400] {processor.py:914} INFO - Processing file /Users/nidhipatel/ApacheAirflow_Tutorial/py_env/lib/python3.12/site-packages/airflow/example_dags/example_trigger_controller_dag.py for tasks to queue
[2025-03-17T14:32:13.991-0400] {logging_mixin.py:190} INFO - [2025-03-17T14:32:13.991-0400] {dagbag.py:588} INFO - Filling up the DagBag from /Users/nidhipatel/ApacheAirflow_Tutorial/py_env/lib/python3.12/site-packages/airflow/example_dags/example_trigger_controller_dag.py
[2025-03-17T14:32:13.996-0400] {processor.py:925} INFO - DAG(s) 'example_trigger_controller_dag' retrieved from /Users/nidhipatel/ApacheAirflow_Tutorial/py_env/lib/python3.12/site-packages/airflow/example_dags/example_trigger_controller_dag.py
[2025-03-17T14:32:14.062-0400] {logging_mixin.py:190} INFO - [2025-03-17T14:32:14.062-0400] {override.py:1912} INFO - Created Permission View: can delete on DAG:example_trigger_controller_dag
[2025-03-17T14:32:14.065-0400] {logging_mixin.py:190} INFO - [2025-03-17T14:32:14.065-0400] {override.py:1912} INFO - Created Permission View: can edit on DAG:example_trigger_controller_dag
[2025-03-17T14:32:14.068-0400] {logging_mixin.py:190} INFO - [2025-03-17T14:32:14.067-0400] {override.py:1912} INFO - Created Permission View: can read on DAG:example_trigger_controller_dag
[2025-03-17T14:32:14.070-0400] {logging_mixin.py:190} INFO - [2025-03-17T14:32:14.070-0400] {override.py:1912} INFO - Created Permission View: can delete on DAG Run:example_trigger_controller_dag
[2025-03-17T14:32:14.072-0400] {logging_mixin.py:190} INFO - [2025-03-17T14:32:14.072-0400] {override.py:1912} INFO - Created Permission View: can create on DAG Run:example_trigger_controller_dag
[2025-03-17T14:32:14.074-0400] {logging_mixin.py:190} INFO - [2025-03-17T14:32:14.074-0400] {override.py:1912} INFO - Created Permission View: menu access on DAG Run:example_trigger_controller_dag
[2025-03-17T14:32:14.076-0400] {logging_mixin.py:190} INFO - [2025-03-17T14:32:14.076-0400] {override.py:1912} INFO - Created Permission View: can read on DAG Run:example_trigger_controller_dag
[2025-03-17T14:32:14.076-0400] {logging_mixin.py:190} INFO - [2025-03-17T14:32:14.076-0400] {dag.py:3239} INFO - Sync 1 DAGs
[2025-03-17T14:32:14.080-0400] {logging_mixin.py:190} INFO - [2025-03-17T14:32:14.080-0400] {dag.py:3262} INFO - Creating ORM DAG for example_trigger_controller_dag
[2025-03-17T14:32:14.083-0400] {logging_mixin.py:190} INFO - [2025-03-17T14:32:14.083-0400] {dag.py:4180} INFO - Setting next_dagrun for example_trigger_controller_dag to 2021-01-01 00:00:00+00:00, run_after=2021-01-01 00:00:00+00:00
[2025-03-17T14:32:14.092-0400] {processor.py:208} INFO - Processing /Users/nidhipatel/ApacheAirflow_Tutorial/py_env/lib/python3.12/site-packages/airflow/example_dags/example_trigger_controller_dag.py took 0.104 seconds
[2025-03-17T14:33:54.693-0400] {processor.py:186} INFO - Started process (PID=32107) to work on /Users/nidhipatel/ApacheAirflow_Tutorial/py_env/lib/python3.12/site-packages/airflow/example_dags/example_trigger_controller_dag.py
[2025-03-17T14:33:54.693-0400] {processor.py:914} INFO - Processing file /Users/nidhipatel/ApacheAirflow_Tutorial/py_env/lib/python3.12/site-packages/airflow/example_dags/example_trigger_controller_dag.py for tasks to queue
[2025-03-17T14:33:54.693-0400] {logging_mixin.py:190} INFO - [2025-03-17T14:33:54.693-0400] {dagbag.py:588} INFO - Filling up the DagBag from /Users/nidhipatel/ApacheAirflow_Tutorial/py_env/lib/python3.12/site-packages/airflow/example_dags/example_trigger_controller_dag.py
[2025-03-17T14:33:54.698-0400] {processor.py:925} INFO - DAG(s) 'example_trigger_controller_dag' retrieved from /Users/nidhipatel/ApacheAirflow_Tutorial/py_env/lib/python3.12/site-packages/airflow/example_dags/example_trigger_controller_dag.py
[2025-03-17T14:33:54.731-0400] {logging_mixin.py:190} INFO - [2025-03-17T14:33:54.731-0400] {dag.py:3239} INFO - Sync 1 DAGs
[2025-03-17T14:33:54.739-0400] {logging_mixin.py:190} INFO - [2025-03-17T14:33:54.739-0400] {dag.py:4180} INFO - Setting next_dagrun for example_trigger_controller_dag to 2021-01-01 00:00:00+00:00, run_after=2021-01-01 00:00:00+00:00
[2025-03-17T14:33:54.749-0400] {processor.py:208} INFO - Processing /Users/nidhipatel/ApacheAirflow_Tutorial/py_env/lib/python3.12/site-packages/airflow/example_dags/example_trigger_controller_dag.py took 0.058 seconds
[2025-03-17T14:35:01.611-0400] {processor.py:186} INFO - Started process (PID=32193) to work on /Users/nidhipatel/ApacheAirflow_Tutorial/py_env/lib/python3.12/site-packages/airflow/example_dags/example_trigger_controller_dag.py
[2025-03-17T14:35:01.612-0400] {processor.py:914} INFO - Processing file /Users/nidhipatel/ApacheAirflow_Tutorial/py_env/lib/python3.12/site-packages/airflow/example_dags/example_trigger_controller_dag.py for tasks to queue
[2025-03-17T14:35:01.612-0400] {logging_mixin.py:190} INFO - [2025-03-17T14:35:01.612-0400] {dagbag.py:588} INFO - Filling up the DagBag from /Users/nidhipatel/ApacheAirflow_Tutorial/py_env/lib/python3.12/site-packages/airflow/example_dags/example_trigger_controller_dag.py
[2025-03-17T14:35:01.617-0400] {processor.py:925} INFO - DAG(s) 'example_trigger_controller_dag' retrieved from /Users/nidhipatel/ApacheAirflow_Tutorial/py_env/lib/python3.12/site-packages/airflow/example_dags/example_trigger_controller_dag.py
[2025-03-17T14:35:01.649-0400] {logging_mixin.py:190} INFO - [2025-03-17T14:35:01.649-0400] {dag.py:3239} INFO - Sync 1 DAGs
[2025-03-17T14:35:01.654-0400] {logging_mixin.py:190} INFO - [2025-03-17T14:35:01.654-0400] {dag.py:4180} INFO - Setting next_dagrun for example_trigger_controller_dag to 2021-01-01 00:00:00+00:00, run_after=2021-01-01 00:00:00+00:00
[2025-03-17T14:35:01.660-0400] {processor.py:208} INFO - Processing /Users/nidhipatel/ApacheAirflow_Tutorial/py_env/lib/python3.12/site-packages/airflow/example_dags/example_trigger_controller_dag.py took 0.051 seconds
[2025-03-17T14:36:08.298-0400] {processor.py:186} INFO - Started process (PID=32276) to work on /Users/nidhipatel/ApacheAirflow_Tutorial/py_env/lib/python3.12/site-packages/airflow/example_dags/example_trigger_controller_dag.py
[2025-03-17T14:36:08.299-0400] {processor.py:914} INFO - Processing file /Users/nidhipatel/ApacheAirflow_Tutorial/py_env/lib/python3.12/site-packages/airflow/example_dags/example_trigger_controller_dag.py for tasks to queue
[2025-03-17T14:36:08.299-0400] {logging_mixin.py:190} INFO - [2025-03-17T14:36:08.299-0400] {dagbag.py:588} INFO - Filling up the DagBag from /Users/nidhipatel/ApacheAirflow_Tutorial/py_env/lib/python3.12/site-packages/airflow/example_dags/example_trigger_controller_dag.py
[2025-03-17T14:36:08.304-0400] {processor.py:925} INFO - DAG(s) 'example_trigger_controller_dag' retrieved from /Users/nidhipatel/ApacheAirflow_Tutorial/py_env/lib/python3.12/site-packages/airflow/example_dags/example_trigger_controller_dag.py
[2025-03-17T14:36:08.338-0400] {logging_mixin.py:190} INFO - [2025-03-17T14:36:08.338-0400] {dag.py:3239} INFO - Sync 1 DAGs
[2025-03-17T14:36:08.344-0400] {logging_mixin.py:190} INFO - [2025-03-17T14:36:08.343-0400] {dag.py:4180} INFO - Setting next_dagrun for example_trigger_controller_dag to 2021-01-01 00:00:00+00:00, run_after=2021-01-01 00:00:00+00:00
[2025-03-17T14:36:08.350-0400] {processor.py:208} INFO - Processing /Users/nidhipatel/ApacheAirflow_Tutorial/py_env/lib/python3.12/site-packages/airflow/example_dags/example_trigger_controller_dag.py took 0.053 seconds
[2025-03-17T14:37:13.380-0400] {processor.py:186} INFO - Started process (PID=32360) to work on /Users/nidhipatel/ApacheAirflow_Tutorial/py_env/lib/python3.12/site-packages/airflow/example_dags/example_trigger_controller_dag.py
[2025-03-17T14:37:13.380-0400] {processor.py:914} INFO - Processing file /Users/nidhipatel/ApacheAirflow_Tutorial/py_env/lib/python3.12/site-packages/airflow/example_dags/example_trigger_controller_dag.py for tasks to queue
[2025-03-17T14:37:13.381-0400] {logging_mixin.py:190} INFO - [2025-03-17T14:37:13.381-0400] {dagbag.py:588} INFO - Filling up the DagBag from /Users/nidhipatel/ApacheAirflow_Tutorial/py_env/lib/python3.12/site-packages/airflow/example_dags/example_trigger_controller_dag.py
[2025-03-17T14:37:13.385-0400] {processor.py:925} INFO - DAG(s) 'example_trigger_controller_dag' retrieved from /Users/nidhipatel/ApacheAirflow_Tutorial/py_env/lib/python3.12/site-packages/airflow/example_dags/example_trigger_controller_dag.py
[2025-03-17T14:37:13.417-0400] {logging_mixin.py:190} INFO - [2025-03-17T14:37:13.417-0400] {dag.py:3239} INFO - Sync 1 DAGs
[2025-03-17T14:37:13.424-0400] {logging_mixin.py:190} INFO - [2025-03-17T14:37:13.424-0400] {dag.py:4180} INFO - Setting next_dagrun for example_trigger_controller_dag to 2021-01-01 00:00:00+00:00, run_after=2021-01-01 00:00:00+00:00
[2025-03-17T14:37:13.432-0400] {processor.py:208} INFO - Processing /Users/nidhipatel/ApacheAirflow_Tutorial/py_env/lib/python3.12/site-packages/airflow/example_dags/example_trigger_controller_dag.py took 0.053 seconds
[2025-03-17T14:38:16.226-0400] {processor.py:186} INFO - Started process (PID=32459) to work on /Users/nidhipatel/ApacheAirflow_Tutorial/py_env/lib/python3.12/site-packages/airflow/example_dags/example_trigger_controller_dag.py
[2025-03-17T14:38:16.226-0400] {processor.py:914} INFO - Processing file /Users/nidhipatel/ApacheAirflow_Tutorial/py_env/lib/python3.12/site-packages/airflow/example_dags/example_trigger_controller_dag.py for tasks to queue
[2025-03-17T14:38:16.227-0400] {logging_mixin.py:190} INFO - [2025-03-17T14:38:16.227-0400] {dagbag.py:588} INFO - Filling up the DagBag from /Users/nidhipatel/ApacheAirflow_Tutorial/py_env/lib/python3.12/site-packages/airflow/example_dags/example_trigger_controller_dag.py
[2025-03-17T14:38:16.231-0400] {processor.py:925} INFO - DAG(s) 'example_trigger_controller_dag' retrieved from /Users/nidhipatel/ApacheAirflow_Tutorial/py_env/lib/python3.12/site-packages/airflow/example_dags/example_trigger_controller_dag.py
[2025-03-17T14:38:16.263-0400] {logging_mixin.py:190} INFO - [2025-03-17T14:38:16.263-0400] {dag.py:3239} INFO - Sync 1 DAGs
[2025-03-17T14:38:16.268-0400] {logging_mixin.py:190} INFO - [2025-03-17T14:38:16.268-0400] {dag.py:4180} INFO - Setting next_dagrun for example_trigger_controller_dag to 2021-01-01 00:00:00+00:00, run_after=2021-01-01 00:00:00+00:00
[2025-03-17T14:38:16.274-0400] {processor.py:208} INFO - Processing /Users/nidhipatel/ApacheAirflow_Tutorial/py_env/lib/python3.12/site-packages/airflow/example_dags/example_trigger_controller_dag.py took 0.050 seconds
[2025-03-17T14:39:16.928-0400] {processor.py:186} INFO - Started process (PID=32548) to work on /Users/nidhipatel/ApacheAirflow_Tutorial/py_env/lib/python3.12/site-packages/airflow/example_dags/example_trigger_controller_dag.py
[2025-03-17T14:39:16.929-0400] {processor.py:914} INFO - Processing file /Users/nidhipatel/ApacheAirflow_Tutorial/py_env/lib/python3.12/site-packages/airflow/example_dags/example_trigger_controller_dag.py for tasks to queue
[2025-03-17T14:39:16.929-0400] {logging_mixin.py:190} INFO - [2025-03-17T14:39:16.929-0400] {dagbag.py:588} INFO - Filling up the DagBag from /Users/nidhipatel/ApacheAirflow_Tutorial/py_env/lib/python3.12/site-packages/airflow/example_dags/example_trigger_controller_dag.py
[2025-03-17T14:39:16.933-0400] {processor.py:925} INFO - DAG(s) 'example_trigger_controller_dag' retrieved from /Users/nidhipatel/ApacheAirflow_Tutorial/py_env/lib/python3.12/site-packages/airflow/example_dags/example_trigger_controller_dag.py
[2025-03-17T14:39:16.965-0400] {logging_mixin.py:190} INFO - [2025-03-17T14:39:16.965-0400] {dag.py:3239} INFO - Sync 1 DAGs
[2025-03-17T14:39:16.971-0400] {logging_mixin.py:190} INFO - [2025-03-17T14:39:16.971-0400] {dag.py:4180} INFO - Setting next_dagrun for example_trigger_controller_dag to 2021-01-01 00:00:00+00:00, run_after=2021-01-01 00:00:00+00:00
[2025-03-17T14:39:16.977-0400] {processor.py:208} INFO - Processing /Users/nidhipatel/ApacheAirflow_Tutorial/py_env/lib/python3.12/site-packages/airflow/example_dags/example_trigger_controller_dag.py took 0.050 seconds
[2025-03-17T14:40:20.136-0400] {processor.py:186} INFO - Started process (PID=32662) to work on /Users/nidhipatel/ApacheAirflow_Tutorial/py_env/lib/python3.12/site-packages/airflow/example_dags/example_trigger_controller_dag.py
[2025-03-17T14:40:20.137-0400] {processor.py:914} INFO - Processing file /Users/nidhipatel/ApacheAirflow_Tutorial/py_env/lib/python3.12/site-packages/airflow/example_dags/example_trigger_controller_dag.py for tasks to queue
[2025-03-17T14:40:20.137-0400] {logging_mixin.py:190} INFO - [2025-03-17T14:40:20.137-0400] {dagbag.py:588} INFO - Filling up the DagBag from /Users/nidhipatel/ApacheAirflow_Tutorial/py_env/lib/python3.12/site-packages/airflow/example_dags/example_trigger_controller_dag.py
[2025-03-17T14:40:20.141-0400] {processor.py:925} INFO - DAG(s) 'example_trigger_controller_dag' retrieved from /Users/nidhipatel/ApacheAirflow_Tutorial/py_env/lib/python3.12/site-packages/airflow/example_dags/example_trigger_controller_dag.py
[2025-03-17T14:40:20.177-0400] {logging_mixin.py:190} INFO - [2025-03-17T14:40:20.177-0400] {dag.py:3239} INFO - Sync 1 DAGs
[2025-03-17T14:40:20.184-0400] {logging_mixin.py:190} INFO - [2025-03-17T14:40:20.184-0400] {dag.py:4180} INFO - Setting next_dagrun for example_trigger_controller_dag to 2021-01-01 00:00:00+00:00, run_after=2021-01-01 00:00:00+00:00
[2025-03-17T14:40:20.193-0400] {processor.py:208} INFO - Processing /Users/nidhipatel/ApacheAirflow_Tutorial/py_env/lib/python3.12/site-packages/airflow/example_dags/example_trigger_controller_dag.py took 0.058 seconds
[2025-03-17T14:41:22.903-0400] {processor.py:186} INFO - Started process (PID=32757) to work on /Users/nidhipatel/ApacheAirflow_Tutorial/py_env/lib/python3.12/site-packages/airflow/example_dags/example_trigger_controller_dag.py
[2025-03-17T14:41:22.903-0400] {processor.py:914} INFO - Processing file /Users/nidhipatel/ApacheAirflow_Tutorial/py_env/lib/python3.12/site-packages/airflow/example_dags/example_trigger_controller_dag.py for tasks to queue
[2025-03-17T14:41:22.904-0400] {logging_mixin.py:190} INFO - [2025-03-17T14:41:22.904-0400] {dagbag.py:588} INFO - Filling up the DagBag from /Users/nidhipatel/ApacheAirflow_Tutorial/py_env/lib/python3.12/site-packages/airflow/example_dags/example_trigger_controller_dag.py
[2025-03-17T14:41:22.908-0400] {processor.py:925} INFO - DAG(s) 'example_trigger_controller_dag' retrieved from /Users/nidhipatel/ApacheAirflow_Tutorial/py_env/lib/python3.12/site-packages/airflow/example_dags/example_trigger_controller_dag.py
[2025-03-17T14:41:22.944-0400] {logging_mixin.py:190} INFO - [2025-03-17T14:41:22.944-0400] {dag.py:3239} INFO - Sync 1 DAGs
[2025-03-17T14:41:22.953-0400] {logging_mixin.py:190} INFO - [2025-03-17T14:41:22.953-0400] {dag.py:4180} INFO - Setting next_dagrun for example_trigger_controller_dag to 2021-01-01 00:00:00+00:00, run_after=2021-01-01 00:00:00+00:00
[2025-03-17T14:41:22.961-0400] {processor.py:208} INFO - Processing /Users/nidhipatel/ApacheAirflow_Tutorial/py_env/lib/python3.12/site-packages/airflow/example_dags/example_trigger_controller_dag.py took 0.060 seconds
[2025-03-17T14:42:26.172-0400] {processor.py:186} INFO - Started process (PID=32845) to work on /Users/nidhipatel/ApacheAirflow_Tutorial/py_env/lib/python3.12/site-packages/airflow/example_dags/example_trigger_controller_dag.py
[2025-03-17T14:42:26.173-0400] {processor.py:914} INFO - Processing file /Users/nidhipatel/ApacheAirflow_Tutorial/py_env/lib/python3.12/site-packages/airflow/example_dags/example_trigger_controller_dag.py for tasks to queue
[2025-03-17T14:42:26.173-0400] {logging_mixin.py:190} INFO - [2025-03-17T14:42:26.173-0400] {dagbag.py:588} INFO - Filling up the DagBag from /Users/nidhipatel/ApacheAirflow_Tutorial/py_env/lib/python3.12/site-packages/airflow/example_dags/example_trigger_controller_dag.py
[2025-03-17T14:42:26.177-0400] {processor.py:925} INFO - DAG(s) 'example_trigger_controller_dag' retrieved from /Users/nidhipatel/ApacheAirflow_Tutorial/py_env/lib/python3.12/site-packages/airflow/example_dags/example_trigger_controller_dag.py
[2025-03-17T14:42:26.210-0400] {logging_mixin.py:190} INFO - [2025-03-17T14:42:26.210-0400] {dag.py:3239} INFO - Sync 1 DAGs
[2025-03-17T14:42:26.217-0400] {logging_mixin.py:190} INFO - [2025-03-17T14:42:26.217-0400] {dag.py:4180} INFO - Setting next_dagrun for example_trigger_controller_dag to 2021-01-01 00:00:00+00:00, run_after=2021-01-01 00:00:00+00:00
[2025-03-17T14:42:26.223-0400] {processor.py:208} INFO - Processing /Users/nidhipatel/ApacheAirflow_Tutorial/py_env/lib/python3.12/site-packages/airflow/example_dags/example_trigger_controller_dag.py took 0.053 seconds
[2025-03-17T14:43:33.539-0400] {processor.py:186} INFO - Started process (PID=32923) to work on /Users/nidhipatel/ApacheAirflow_Tutorial/py_env/lib/python3.12/site-packages/airflow/example_dags/example_trigger_controller_dag.py
[2025-03-17T14:43:33.540-0400] {processor.py:914} INFO - Processing file /Users/nidhipatel/ApacheAirflow_Tutorial/py_env/lib/python3.12/site-packages/airflow/example_dags/example_trigger_controller_dag.py for tasks to queue
[2025-03-17T14:43:33.540-0400] {logging_mixin.py:190} INFO - [2025-03-17T14:43:33.540-0400] {dagbag.py:588} INFO - Filling up the DagBag from /Users/nidhipatel/ApacheAirflow_Tutorial/py_env/lib/python3.12/site-packages/airflow/example_dags/example_trigger_controller_dag.py
[2025-03-17T14:43:33.544-0400] {processor.py:925} INFO - DAG(s) 'example_trigger_controller_dag' retrieved from /Users/nidhipatel/ApacheAirflow_Tutorial/py_env/lib/python3.12/site-packages/airflow/example_dags/example_trigger_controller_dag.py
[2025-03-17T14:43:33.577-0400] {logging_mixin.py:190} INFO - [2025-03-17T14:43:33.577-0400] {dag.py:3239} INFO - Sync 1 DAGs
[2025-03-17T14:43:33.583-0400] {logging_mixin.py:190} INFO - [2025-03-17T14:43:33.583-0400] {dag.py:4180} INFO - Setting next_dagrun for example_trigger_controller_dag to 2021-01-01 00:00:00+00:00, run_after=2021-01-01 00:00:00+00:00
[2025-03-17T14:43:33.589-0400] {processor.py:208} INFO - Processing /Users/nidhipatel/ApacheAirflow_Tutorial/py_env/lib/python3.12/site-packages/airflow/example_dags/example_trigger_controller_dag.py took 0.051 seconds
[2025-03-17T14:44:41.224-0400] {processor.py:186} INFO - Started process (PID=33024) to work on /Users/nidhipatel/ApacheAirflow_Tutorial/py_env/lib/python3.12/site-packages/airflow/example_dags/example_trigger_controller_dag.py
[2025-03-17T14:44:41.224-0400] {processor.py:914} INFO - Processing file /Users/nidhipatel/ApacheAirflow_Tutorial/py_env/lib/python3.12/site-packages/airflow/example_dags/example_trigger_controller_dag.py for tasks to queue
[2025-03-17T14:44:41.225-0400] {logging_mixin.py:190} INFO - [2025-03-17T14:44:41.225-0400] {dagbag.py:588} INFO - Filling up the DagBag from /Users/nidhipatel/ApacheAirflow_Tutorial/py_env/lib/python3.12/site-packages/airflow/example_dags/example_trigger_controller_dag.py
[2025-03-17T14:44:41.229-0400] {processor.py:925} INFO - DAG(s) 'example_trigger_controller_dag' retrieved from /Users/nidhipatel/ApacheAirflow_Tutorial/py_env/lib/python3.12/site-packages/airflow/example_dags/example_trigger_controller_dag.py
[2025-03-17T14:44:41.263-0400] {logging_mixin.py:190} INFO - [2025-03-17T14:44:41.262-0400] {dag.py:3239} INFO - Sync 1 DAGs
[2025-03-17T14:44:41.269-0400] {logging_mixin.py:190} INFO - [2025-03-17T14:44:41.268-0400] {dag.py:4180} INFO - Setting next_dagrun for example_trigger_controller_dag to 2021-01-01 00:00:00+00:00, run_after=2021-01-01 00:00:00+00:00
[2025-03-17T14:44:41.276-0400] {processor.py:208} INFO - Processing /Users/nidhipatel/ApacheAirflow_Tutorial/py_env/lib/python3.12/site-packages/airflow/example_dags/example_trigger_controller_dag.py took 0.054 seconds
[2025-03-17T14:45:51.004-0400] {processor.py:186} INFO - Started process (PID=33113) to work on /Users/nidhipatel/ApacheAirflow_Tutorial/py_env/lib/python3.12/site-packages/airflow/example_dags/example_trigger_controller_dag.py
[2025-03-17T14:45:51.004-0400] {processor.py:914} INFO - Processing file /Users/nidhipatel/ApacheAirflow_Tutorial/py_env/lib/python3.12/site-packages/airflow/example_dags/example_trigger_controller_dag.py for tasks to queue
[2025-03-17T14:45:51.005-0400] {logging_mixin.py:190} INFO - [2025-03-17T14:45:51.005-0400] {dagbag.py:588} INFO - Filling up the DagBag from /Users/nidhipatel/ApacheAirflow_Tutorial/py_env/lib/python3.12/site-packages/airflow/example_dags/example_trigger_controller_dag.py
[2025-03-17T14:45:51.009-0400] {processor.py:925} INFO - DAG(s) 'example_trigger_controller_dag' retrieved from /Users/nidhipatel/ApacheAirflow_Tutorial/py_env/lib/python3.12/site-packages/airflow/example_dags/example_trigger_controller_dag.py
[2025-03-17T14:45:51.047-0400] {logging_mixin.py:190} INFO - [2025-03-17T14:45:51.047-0400] {dag.py:3239} INFO - Sync 1 DAGs
[2025-03-17T14:45:51.054-0400] {logging_mixin.py:190} INFO - [2025-03-17T14:45:51.054-0400] {dag.py:4180} INFO - Setting next_dagrun for example_trigger_controller_dag to 2021-01-01 00:00:00+00:00, run_after=2021-01-01 00:00:00+00:00
[2025-03-17T14:45:51.061-0400] {processor.py:208} INFO - Processing /Users/nidhipatel/ApacheAirflow_Tutorial/py_env/lib/python3.12/site-packages/airflow/example_dags/example_trigger_controller_dag.py took 0.059 seconds
[2025-03-17T14:46:58.385-0400] {processor.py:186} INFO - Started process (PID=33197) to work on /Users/nidhipatel/ApacheAirflow_Tutorial/py_env/lib/python3.12/site-packages/airflow/example_dags/example_trigger_controller_dag.py
[2025-03-17T14:46:58.386-0400] {processor.py:914} INFO - Processing file /Users/nidhipatel/ApacheAirflow_Tutorial/py_env/lib/python3.12/site-packages/airflow/example_dags/example_trigger_controller_dag.py for tasks to queue
[2025-03-17T14:46:58.386-0400] {logging_mixin.py:190} INFO - [2025-03-17T14:46:58.386-0400] {dagbag.py:588} INFO - Filling up the DagBag from /Users/nidhipatel/ApacheAirflow_Tutorial/py_env/lib/python3.12/site-packages/airflow/example_dags/example_trigger_controller_dag.py
[2025-03-17T14:46:58.390-0400] {processor.py:925} INFO - DAG(s) 'example_trigger_controller_dag' retrieved from /Users/nidhipatel/ApacheAirflow_Tutorial/py_env/lib/python3.12/site-packages/airflow/example_dags/example_trigger_controller_dag.py
[2025-03-17T14:46:58.422-0400] {logging_mixin.py:190} INFO - [2025-03-17T14:46:58.422-0400] {dag.py:3239} INFO - Sync 1 DAGs
[2025-03-17T14:46:58.429-0400] {logging_mixin.py:190} INFO - [2025-03-17T14:46:58.429-0400] {dag.py:4180} INFO - Setting next_dagrun for example_trigger_controller_dag to 2021-01-01 00:00:00+00:00, run_after=2021-01-01 00:00:00+00:00
[2025-03-17T14:46:58.437-0400] {processor.py:208} INFO - Processing /Users/nidhipatel/ApacheAirflow_Tutorial/py_env/lib/python3.12/site-packages/airflow/example_dags/example_trigger_controller_dag.py took 0.053 seconds
[2025-03-17T14:48:07.077-0400] {processor.py:186} INFO - Started process (PID=33281) to work on /Users/nidhipatel/ApacheAirflow_Tutorial/py_env/lib/python3.12/site-packages/airflow/example_dags/example_trigger_controller_dag.py
[2025-03-17T14:48:07.078-0400] {processor.py:914} INFO - Processing file /Users/nidhipatel/ApacheAirflow_Tutorial/py_env/lib/python3.12/site-packages/airflow/example_dags/example_trigger_controller_dag.py for tasks to queue
[2025-03-17T14:48:07.078-0400] {logging_mixin.py:190} INFO - [2025-03-17T14:48:07.078-0400] {dagbag.py:588} INFO - Filling up the DagBag from /Users/nidhipatel/ApacheAirflow_Tutorial/py_env/lib/python3.12/site-packages/airflow/example_dags/example_trigger_controller_dag.py
[2025-03-17T14:48:07.082-0400] {processor.py:925} INFO - DAG(s) 'example_trigger_controller_dag' retrieved from /Users/nidhipatel/ApacheAirflow_Tutorial/py_env/lib/python3.12/site-packages/airflow/example_dags/example_trigger_controller_dag.py
[2025-03-17T14:48:07.114-0400] {logging_mixin.py:190} INFO - [2025-03-17T14:48:07.114-0400] {dag.py:3239} INFO - Sync 1 DAGs
[2025-03-17T14:48:07.119-0400] {logging_mixin.py:190} INFO - [2025-03-17T14:48:07.119-0400] {dag.py:4180} INFO - Setting next_dagrun for example_trigger_controller_dag to 2021-01-01 00:00:00+00:00, run_after=2021-01-01 00:00:00+00:00
[2025-03-17T14:48:07.125-0400] {processor.py:208} INFO - Processing /Users/nidhipatel/ApacheAirflow_Tutorial/py_env/lib/python3.12/site-packages/airflow/example_dags/example_trigger_controller_dag.py took 0.050 seconds
[2025-03-17T14:49:14.349-0400] {processor.py:186} INFO - Started process (PID=33396) to work on /Users/nidhipatel/ApacheAirflow_Tutorial/py_env/lib/python3.12/site-packages/airflow/example_dags/example_trigger_controller_dag.py
[2025-03-17T14:49:14.351-0400] {processor.py:914} INFO - Processing file /Users/nidhipatel/ApacheAirflow_Tutorial/py_env/lib/python3.12/site-packages/airflow/example_dags/example_trigger_controller_dag.py for tasks to queue
[2025-03-17T14:49:14.351-0400] {logging_mixin.py:190} INFO - [2025-03-17T14:49:14.351-0400] {dagbag.py:588} INFO - Filling up the DagBag from /Users/nidhipatel/ApacheAirflow_Tutorial/py_env/lib/python3.12/site-packages/airflow/example_dags/example_trigger_controller_dag.py
[2025-03-17T14:49:14.357-0400] {processor.py:925} INFO - DAG(s) 'example_trigger_controller_dag' retrieved from /Users/nidhipatel/ApacheAirflow_Tutorial/py_env/lib/python3.12/site-packages/airflow/example_dags/example_trigger_controller_dag.py
[2025-03-17T14:49:14.390-0400] {logging_mixin.py:190} INFO - [2025-03-17T14:49:14.390-0400] {dag.py:3239} INFO - Sync 1 DAGs
[2025-03-17T14:49:14.396-0400] {logging_mixin.py:190} INFO - [2025-03-17T14:49:14.396-0400] {dag.py:4180} INFO - Setting next_dagrun for example_trigger_controller_dag to 2021-01-01 00:00:00+00:00, run_after=2021-01-01 00:00:00+00:00
[2025-03-17T14:49:14.402-0400] {processor.py:208} INFO - Processing /Users/nidhipatel/ApacheAirflow_Tutorial/py_env/lib/python3.12/site-packages/airflow/example_dags/example_trigger_controller_dag.py took 0.054 seconds
[2025-03-17T14:50:17.222-0400] {processor.py:186} INFO - Started process (PID=33477) to work on /Users/nidhipatel/ApacheAirflow_Tutorial/py_env/lib/python3.12/site-packages/airflow/example_dags/example_trigger_controller_dag.py
[2025-03-17T14:50:17.223-0400] {processor.py:914} INFO - Processing file /Users/nidhipatel/ApacheAirflow_Tutorial/py_env/lib/python3.12/site-packages/airflow/example_dags/example_trigger_controller_dag.py for tasks to queue
[2025-03-17T14:50:17.223-0400] {logging_mixin.py:190} INFO - [2025-03-17T14:50:17.223-0400] {dagbag.py:588} INFO - Filling up the DagBag from /Users/nidhipatel/ApacheAirflow_Tutorial/py_env/lib/python3.12/site-packages/airflow/example_dags/example_trigger_controller_dag.py
[2025-03-17T14:50:17.228-0400] {processor.py:925} INFO - DAG(s) 'example_trigger_controller_dag' retrieved from /Users/nidhipatel/ApacheAirflow_Tutorial/py_env/lib/python3.12/site-packages/airflow/example_dags/example_trigger_controller_dag.py
[2025-03-17T14:50:17.261-0400] {logging_mixin.py:190} INFO - [2025-03-17T14:50:17.260-0400] {dag.py:3239} INFO - Sync 1 DAGs
[2025-03-17T14:50:17.266-0400] {logging_mixin.py:190} INFO - [2025-03-17T14:50:17.266-0400] {dag.py:4180} INFO - Setting next_dagrun for example_trigger_controller_dag to 2021-01-01 00:00:00+00:00, run_after=2021-01-01 00:00:00+00:00
[2025-03-17T14:50:17.273-0400] {processor.py:208} INFO - Processing /Users/nidhipatel/ApacheAirflow_Tutorial/py_env/lib/python3.12/site-packages/airflow/example_dags/example_trigger_controller_dag.py took 0.052 seconds
[2025-03-17T14:51:23.021-0400] {processor.py:186} INFO - Started process (PID=33629) to work on /Users/nidhipatel/ApacheAirflow_Tutorial/py_env/lib/python3.12/site-packages/airflow/example_dags/example_trigger_controller_dag.py
[2025-03-17T14:51:23.022-0400] {processor.py:914} INFO - Processing file /Users/nidhipatel/ApacheAirflow_Tutorial/py_env/lib/python3.12/site-packages/airflow/example_dags/example_trigger_controller_dag.py for tasks to queue
[2025-03-17T14:51:23.022-0400] {logging_mixin.py:190} INFO - [2025-03-17T14:51:23.022-0400] {dagbag.py:588} INFO - Filling up the DagBag from /Users/nidhipatel/ApacheAirflow_Tutorial/py_env/lib/python3.12/site-packages/airflow/example_dags/example_trigger_controller_dag.py
[2025-03-17T14:51:23.027-0400] {processor.py:925} INFO - DAG(s) 'example_trigger_controller_dag' retrieved from /Users/nidhipatel/ApacheAirflow_Tutorial/py_env/lib/python3.12/site-packages/airflow/example_dags/example_trigger_controller_dag.py
[2025-03-17T14:51:23.060-0400] {logging_mixin.py:190} INFO - [2025-03-17T14:51:23.060-0400] {dag.py:3239} INFO - Sync 1 DAGs
[2025-03-17T14:51:23.067-0400] {logging_mixin.py:190} INFO - [2025-03-17T14:51:23.067-0400] {dag.py:4180} INFO - Setting next_dagrun for example_trigger_controller_dag to 2021-01-01 00:00:00+00:00, run_after=2021-01-01 00:00:00+00:00
[2025-03-17T14:51:23.073-0400] {processor.py:208} INFO - Processing /Users/nidhipatel/ApacheAirflow_Tutorial/py_env/lib/python3.12/site-packages/airflow/example_dags/example_trigger_controller_dag.py took 0.054 seconds
[2025-03-17T14:52:30.947-0400] {processor.py:186} INFO - Started process (PID=33869) to work on /Users/nidhipatel/ApacheAirflow_Tutorial/py_env/lib/python3.12/site-packages/airflow/example_dags/example_trigger_controller_dag.py
[2025-03-17T14:52:30.948-0400] {processor.py:914} INFO - Processing file /Users/nidhipatel/ApacheAirflow_Tutorial/py_env/lib/python3.12/site-packages/airflow/example_dags/example_trigger_controller_dag.py for tasks to queue
[2025-03-17T14:52:30.948-0400] {logging_mixin.py:190} INFO - [2025-03-17T14:52:30.948-0400] {dagbag.py:588} INFO - Filling up the DagBag from /Users/nidhipatel/ApacheAirflow_Tutorial/py_env/lib/python3.12/site-packages/airflow/example_dags/example_trigger_controller_dag.py
[2025-03-17T14:52:30.953-0400] {processor.py:925} INFO - DAG(s) 'example_trigger_controller_dag' retrieved from /Users/nidhipatel/ApacheAirflow_Tutorial/py_env/lib/python3.12/site-packages/airflow/example_dags/example_trigger_controller_dag.py
[2025-03-17T14:52:30.985-0400] {logging_mixin.py:190} INFO - [2025-03-17T14:52:30.985-0400] {dag.py:3239} INFO - Sync 1 DAGs
[2025-03-17T14:52:30.991-0400] {logging_mixin.py:190} INFO - [2025-03-17T14:52:30.991-0400] {dag.py:4180} INFO - Setting next_dagrun for example_trigger_controller_dag to 2021-01-01 00:00:00+00:00, run_after=2021-01-01 00:00:00+00:00
[2025-03-17T14:52:30.997-0400] {processor.py:208} INFO - Processing /Users/nidhipatel/ApacheAirflow_Tutorial/py_env/lib/python3.12/site-packages/airflow/example_dags/example_trigger_controller_dag.py took 0.052 seconds
