[2025-03-17T14:32:29.027-0400] {processor.py:186} INFO - Started process (PID=31965) to work on /Users/nidhipatel/ApacheAirflow_Tutorial/py_env/lib/python3.12/site-packages/airflow/example_dags/example_short_circuit_decorator.py
[2025-03-17T14:32:29.028-0400] {processor.py:914} INFO - Processing file /Users/nidhipatel/ApacheAirflow_Tutorial/py_env/lib/python3.12/site-packages/airflow/example_dags/example_short_circuit_decorator.py for tasks to queue
[2025-03-17T14:32:29.028-0400] {logging_mixin.py:190} INFO - [2025-03-17T14:32:29.028-0400] {dagbag.py:588} INFO - Filling up the DagBag from /Users/nidhipatel/ApacheAirflow_Tutorial/py_env/lib/python3.12/site-packages/airflow/example_dags/example_short_circuit_decorator.py
[2025-03-17T14:32:29.047-0400] {processor.py:925} INFO - DAG(s) 'example_short_circuit_decorator' retrieved from /Users/nidhipatel/ApacheAirflow_Tutorial/py_env/lib/python3.12/site-packages/airflow/example_dags/example_short_circuit_decorator.py
[2025-03-17T14:32:29.118-0400] {logging_mixin.py:190} INFO - [2025-03-17T14:32:29.118-0400] {override.py:1912} INFO - Created Permission View: can edit on DAG:example_short_circuit_decorator
[2025-03-17T14:32:29.122-0400] {logging_mixin.py:190} INFO - [2025-03-17T14:32:29.122-0400] {override.py:1912} INFO - Created Permission View: can read on DAG:example_short_circuit_decorator
[2025-03-17T14:32:29.126-0400] {logging_mixin.py:190} INFO - [2025-03-17T14:32:29.126-0400] {override.py:1912} INFO - Created Permission View: can delete on DAG:example_short_circuit_decorator
[2025-03-17T14:32:29.129-0400] {logging_mixin.py:190} INFO - [2025-03-17T14:32:29.129-0400] {override.py:1912} INFO - Created Permission View: can create on DAG Run:example_short_circuit_decorator
[2025-03-17T14:32:29.131-0400] {logging_mixin.py:190} INFO - [2025-03-17T14:32:29.131-0400] {override.py:1912} INFO - Created Permission View: can read on DAG Run:example_short_circuit_decorator
[2025-03-17T14:32:29.133-0400] {logging_mixin.py:190} INFO - [2025-03-17T14:32:29.132-0400] {override.py:1912} INFO - Created Permission View: menu access on DAG Run:example_short_circuit_decorator
[2025-03-17T14:32:29.134-0400] {logging_mixin.py:190} INFO - [2025-03-17T14:32:29.134-0400] {override.py:1912} INFO - Created Permission View: can delete on DAG Run:example_short_circuit_decorator
[2025-03-17T14:32:29.134-0400] {logging_mixin.py:190} INFO - [2025-03-17T14:32:29.134-0400] {dag.py:3239} INFO - Sync 1 DAGs
[2025-03-17T14:32:29.138-0400] {logging_mixin.py:190} INFO - [2025-03-17T14:32:29.138-0400] {dag.py:3262} INFO - Creating ORM DAG for example_short_circuit_decorator
[2025-03-17T14:32:29.139-0400] {logging_mixin.py:190} INFO - [2025-03-17T14:32:29.139-0400] {dag.py:4180} INFO - Setting next_dagrun for example_short_circuit_decorator to None, run_after=None
[2025-03-17T14:32:29.144-0400] {processor.py:208} INFO - Processing /Users/nidhipatel/ApacheAirflow_Tutorial/py_env/lib/python3.12/site-packages/airflow/example_dags/example_short_circuit_decorator.py took 0.118 seconds
[2025-03-17T14:34:07.755-0400] {processor.py:186} INFO - Started process (PID=32130) to work on /Users/nidhipatel/ApacheAirflow_Tutorial/py_env/lib/python3.12/site-packages/airflow/example_dags/example_short_circuit_decorator.py
[2025-03-17T14:34:07.756-0400] {processor.py:914} INFO - Processing file /Users/nidhipatel/ApacheAirflow_Tutorial/py_env/lib/python3.12/site-packages/airflow/example_dags/example_short_circuit_decorator.py for tasks to queue
[2025-03-17T14:34:07.757-0400] {logging_mixin.py:190} INFO - [2025-03-17T14:34:07.756-0400] {dagbag.py:588} INFO - Filling up the DagBag from /Users/nidhipatel/ApacheAirflow_Tutorial/py_env/lib/python3.12/site-packages/airflow/example_dags/example_short_circuit_decorator.py
[2025-03-17T14:34:07.778-0400] {processor.py:925} INFO - DAG(s) 'example_short_circuit_decorator' retrieved from /Users/nidhipatel/ApacheAirflow_Tutorial/py_env/lib/python3.12/site-packages/airflow/example_dags/example_short_circuit_decorator.py
[2025-03-17T14:34:07.937-0400] {logging_mixin.py:190} INFO - [2025-03-17T14:34:07.937-0400] {dag.py:3239} INFO - Sync 1 DAGs
[2025-03-17T14:34:07.948-0400] {logging_mixin.py:190} INFO - [2025-03-17T14:34:07.948-0400] {dag.py:4180} INFO - Setting next_dagrun for example_short_circuit_decorator to None, run_after=None
[2025-03-17T14:34:07.995-0400] {processor.py:208} INFO - Processing /Users/nidhipatel/ApacheAirflow_Tutorial/py_env/lib/python3.12/site-packages/airflow/example_dags/example_short_circuit_decorator.py took 0.241 seconds
[2025-03-17T14:36:21.066-0400] {processor.py:186} INFO - Started process (PID=32292) to work on /Users/nidhipatel/ApacheAirflow_Tutorial/py_env/lib/python3.12/site-packages/airflow/example_dags/example_short_circuit_decorator.py
[2025-03-17T14:36:21.067-0400] {processor.py:914} INFO - Processing file /Users/nidhipatel/ApacheAirflow_Tutorial/py_env/lib/python3.12/site-packages/airflow/example_dags/example_short_circuit_decorator.py for tasks to queue
[2025-03-17T14:36:21.067-0400] {logging_mixin.py:190} INFO - [2025-03-17T14:36:21.067-0400] {dagbag.py:588} INFO - Filling up the DagBag from /Users/nidhipatel/ApacheAirflow_Tutorial/py_env/lib/python3.12/site-packages/airflow/example_dags/example_short_circuit_decorator.py
[2025-03-17T14:36:21.084-0400] {processor.py:925} INFO - DAG(s) 'example_short_circuit_decorator' retrieved from /Users/nidhipatel/ApacheAirflow_Tutorial/py_env/lib/python3.12/site-packages/airflow/example_dags/example_short_circuit_decorator.py
[2025-03-17T14:36:21.123-0400] {logging_mixin.py:190} INFO - [2025-03-17T14:36:21.123-0400] {dag.py:3239} INFO - Sync 1 DAGs
[2025-03-17T14:36:21.127-0400] {logging_mixin.py:190} INFO - [2025-03-17T14:36:21.126-0400] {dag.py:4180} INFO - Setting next_dagrun for example_short_circuit_decorator to None, run_after=None
[2025-03-17T14:36:21.133-0400] {processor.py:208} INFO - Processing /Users/nidhipatel/ApacheAirflow_Tutorial/py_env/lib/python3.12/site-packages/airflow/example_dags/example_short_circuit_decorator.py took 0.068 seconds
[2025-03-17T14:38:25.521-0400] {processor.py:186} INFO - Started process (PID=32478) to work on /Users/nidhipatel/ApacheAirflow_Tutorial/py_env/lib/python3.12/site-packages/airflow/example_dags/example_short_circuit_decorator.py
[2025-03-17T14:38:25.522-0400] {processor.py:914} INFO - Processing file /Users/nidhipatel/ApacheAirflow_Tutorial/py_env/lib/python3.12/site-packages/airflow/example_dags/example_short_circuit_decorator.py for tasks to queue
[2025-03-17T14:38:25.522-0400] {logging_mixin.py:190} INFO - [2025-03-17T14:38:25.522-0400] {dagbag.py:588} INFO - Filling up the DagBag from /Users/nidhipatel/ApacheAirflow_Tutorial/py_env/lib/python3.12/site-packages/airflow/example_dags/example_short_circuit_decorator.py
[2025-03-17T14:38:25.537-0400] {processor.py:925} INFO - DAG(s) 'example_short_circuit_decorator' retrieved from /Users/nidhipatel/ApacheAirflow_Tutorial/py_env/lib/python3.12/site-packages/airflow/example_dags/example_short_circuit_decorator.py
[2025-03-17T14:38:25.571-0400] {logging_mixin.py:190} INFO - [2025-03-17T14:38:25.571-0400] {dag.py:3239} INFO - Sync 1 DAGs
[2025-03-17T14:38:25.575-0400] {logging_mixin.py:190} INFO - [2025-03-17T14:38:25.575-0400] {dag.py:4180} INFO - Setting next_dagrun for example_short_circuit_decorator to None, run_after=None
[2025-03-17T14:38:25.581-0400] {processor.py:208} INFO - Processing /Users/nidhipatel/ApacheAirflow_Tutorial/py_env/lib/python3.12/site-packages/airflow/example_dags/example_short_circuit_decorator.py took 0.062 seconds
[2025-03-17T14:40:32.620-0400] {processor.py:186} INFO - Started process (PID=32678) to work on /Users/nidhipatel/ApacheAirflow_Tutorial/py_env/lib/python3.12/site-packages/airflow/example_dags/example_short_circuit_decorator.py
[2025-03-17T14:40:32.621-0400] {processor.py:914} INFO - Processing file /Users/nidhipatel/ApacheAirflow_Tutorial/py_env/lib/python3.12/site-packages/airflow/example_dags/example_short_circuit_decorator.py for tasks to queue
[2025-03-17T14:40:32.621-0400] {logging_mixin.py:190} INFO - [2025-03-17T14:40:32.621-0400] {dagbag.py:588} INFO - Filling up the DagBag from /Users/nidhipatel/ApacheAirflow_Tutorial/py_env/lib/python3.12/site-packages/airflow/example_dags/example_short_circuit_decorator.py
[2025-03-17T14:40:32.636-0400] {processor.py:925} INFO - DAG(s) 'example_short_circuit_decorator' retrieved from /Users/nidhipatel/ApacheAirflow_Tutorial/py_env/lib/python3.12/site-packages/airflow/example_dags/example_short_circuit_decorator.py
[2025-03-17T14:40:32.670-0400] {logging_mixin.py:190} INFO - [2025-03-17T14:40:32.670-0400] {dag.py:3239} INFO - Sync 1 DAGs
[2025-03-17T14:40:32.675-0400] {logging_mixin.py:190} INFO - [2025-03-17T14:40:32.675-0400] {dag.py:4180} INFO - Setting next_dagrun for example_short_circuit_decorator to None, run_after=None
[2025-03-17T14:40:32.681-0400] {processor.py:208} INFO - Processing /Users/nidhipatel/ApacheAirflow_Tutorial/py_env/lib/python3.12/site-packages/airflow/example_dags/example_short_circuit_decorator.py took 0.062 seconds
[2025-03-17T14:42:37.266-0400] {processor.py:186} INFO - Started process (PID=32859) to work on /Users/nidhipatel/ApacheAirflow_Tutorial/py_env/lib/python3.12/site-packages/airflow/example_dags/example_short_circuit_decorator.py
[2025-03-17T14:42:37.267-0400] {processor.py:914} INFO - Processing file /Users/nidhipatel/ApacheAirflow_Tutorial/py_env/lib/python3.12/site-packages/airflow/example_dags/example_short_circuit_decorator.py for tasks to queue
[2025-03-17T14:42:37.267-0400] {logging_mixin.py:190} INFO - [2025-03-17T14:42:37.267-0400] {dagbag.py:588} INFO - Filling up the DagBag from /Users/nidhipatel/ApacheAirflow_Tutorial/py_env/lib/python3.12/site-packages/airflow/example_dags/example_short_circuit_decorator.py
[2025-03-17T14:42:37.282-0400] {processor.py:925} INFO - DAG(s) 'example_short_circuit_decorator' retrieved from /Users/nidhipatel/ApacheAirflow_Tutorial/py_env/lib/python3.12/site-packages/airflow/example_dags/example_short_circuit_decorator.py
[2025-03-17T14:42:37.318-0400] {logging_mixin.py:190} INFO - [2025-03-17T14:42:37.317-0400] {dag.py:3239} INFO - Sync 1 DAGs
[2025-03-17T14:42:37.321-0400] {logging_mixin.py:190} INFO - [2025-03-17T14:42:37.321-0400] {dag.py:4180} INFO - Setting next_dagrun for example_short_circuit_decorator to None, run_after=None
[2025-03-17T14:42:37.327-0400] {processor.py:208} INFO - Processing /Users/nidhipatel/ApacheAirflow_Tutorial/py_env/lib/python3.12/site-packages/airflow/example_dags/example_short_circuit_decorator.py took 0.062 seconds
[2025-03-17T14:44:53.398-0400] {processor.py:186} INFO - Started process (PID=33038) to work on /Users/nidhipatel/ApacheAirflow_Tutorial/py_env/lib/python3.12/site-packages/airflow/example_dags/example_short_circuit_decorator.py
[2025-03-17T14:44:53.398-0400] {processor.py:914} INFO - Processing file /Users/nidhipatel/ApacheAirflow_Tutorial/py_env/lib/python3.12/site-packages/airflow/example_dags/example_short_circuit_decorator.py for tasks to queue
[2025-03-17T14:44:53.399-0400] {logging_mixin.py:190} INFO - [2025-03-17T14:44:53.399-0400] {dagbag.py:588} INFO - Filling up the DagBag from /Users/nidhipatel/ApacheAirflow_Tutorial/py_env/lib/python3.12/site-packages/airflow/example_dags/example_short_circuit_decorator.py
[2025-03-17T14:44:53.414-0400] {processor.py:925} INFO - DAG(s) 'example_short_circuit_decorator' retrieved from /Users/nidhipatel/ApacheAirflow_Tutorial/py_env/lib/python3.12/site-packages/airflow/example_dags/example_short_circuit_decorator.py
[2025-03-17T14:44:53.448-0400] {logging_mixin.py:190} INFO - [2025-03-17T14:44:53.448-0400] {dag.py:3239} INFO - Sync 1 DAGs
[2025-03-17T14:44:53.451-0400] {logging_mixin.py:190} INFO - [2025-03-17T14:44:53.451-0400] {dag.py:4180} INFO - Setting next_dagrun for example_short_circuit_decorator to None, run_after=None
[2025-03-17T14:44:53.457-0400] {processor.py:208} INFO - Processing /Users/nidhipatel/ApacheAirflow_Tutorial/py_env/lib/python3.12/site-packages/airflow/example_dags/example_short_circuit_decorator.py took 0.061 seconds
[2025-03-17T14:47:12.834-0400] {processor.py:186} INFO - Started process (PID=33217) to work on /Users/nidhipatel/ApacheAirflow_Tutorial/py_env/lib/python3.12/site-packages/airflow/example_dags/example_short_circuit_decorator.py
[2025-03-17T14:47:12.835-0400] {processor.py:914} INFO - Processing file /Users/nidhipatel/ApacheAirflow_Tutorial/py_env/lib/python3.12/site-packages/airflow/example_dags/example_short_circuit_decorator.py for tasks to queue
[2025-03-17T14:47:12.836-0400] {logging_mixin.py:190} INFO - [2025-03-17T14:47:12.836-0400] {dagbag.py:588} INFO - Filling up the DagBag from /Users/nidhipatel/ApacheAirflow_Tutorial/py_env/lib/python3.12/site-packages/airflow/example_dags/example_short_circuit_decorator.py
[2025-03-17T14:47:12.851-0400] {processor.py:925} INFO - DAG(s) 'example_short_circuit_decorator' retrieved from /Users/nidhipatel/ApacheAirflow_Tutorial/py_env/lib/python3.12/site-packages/airflow/example_dags/example_short_circuit_decorator.py
[2025-03-17T14:47:12.885-0400] {logging_mixin.py:190} INFO - [2025-03-17T14:47:12.885-0400] {dag.py:3239} INFO - Sync 1 DAGs
[2025-03-17T14:47:12.889-0400] {logging_mixin.py:190} INFO - [2025-03-17T14:47:12.889-0400] {dag.py:4180} INFO - Setting next_dagrun for example_short_circuit_decorator to None, run_after=None
[2025-03-17T14:47:12.895-0400] {processor.py:208} INFO - Processing /Users/nidhipatel/ApacheAirflow_Tutorial/py_env/lib/python3.12/site-packages/airflow/example_dags/example_short_circuit_decorator.py took 0.062 seconds
[2025-03-17T14:49:25.110-0400] {processor.py:186} INFO - Started process (PID=33410) to work on /Users/nidhipatel/ApacheAirflow_Tutorial/py_env/lib/python3.12/site-packages/airflow/example_dags/example_short_circuit_decorator.py
[2025-03-17T14:49:25.110-0400] {processor.py:914} INFO - Processing file /Users/nidhipatel/ApacheAirflow_Tutorial/py_env/lib/python3.12/site-packages/airflow/example_dags/example_short_circuit_decorator.py for tasks to queue
[2025-03-17T14:49:25.111-0400] {logging_mixin.py:190} INFO - [2025-03-17T14:49:25.111-0400] {dagbag.py:588} INFO - Filling up the DagBag from /Users/nidhipatel/ApacheAirflow_Tutorial/py_env/lib/python3.12/site-packages/airflow/example_dags/example_short_circuit_decorator.py
[2025-03-17T14:49:25.126-0400] {processor.py:925} INFO - DAG(s) 'example_short_circuit_decorator' retrieved from /Users/nidhipatel/ApacheAirflow_Tutorial/py_env/lib/python3.12/site-packages/airflow/example_dags/example_short_circuit_decorator.py
[2025-03-17T14:49:25.162-0400] {logging_mixin.py:190} INFO - [2025-03-17T14:49:25.162-0400] {dag.py:3239} INFO - Sync 1 DAGs
[2025-03-17T14:49:25.166-0400] {logging_mixin.py:190} INFO - [2025-03-17T14:49:25.165-0400] {dag.py:4180} INFO - Setting next_dagrun for example_short_circuit_decorator to None, run_after=None
[2025-03-17T14:49:25.172-0400] {processor.py:208} INFO - Processing /Users/nidhipatel/ApacheAirflow_Tutorial/py_env/lib/python3.12/site-packages/airflow/example_dags/example_short_circuit_decorator.py took 0.063 seconds
[2025-03-17T14:51:35.765-0400] {processor.py:186} INFO - Started process (PID=33672) to work on /Users/nidhipatel/ApacheAirflow_Tutorial/py_env/lib/python3.12/site-packages/airflow/example_dags/example_short_circuit_decorator.py
[2025-03-17T14:51:35.766-0400] {processor.py:914} INFO - Processing file /Users/nidhipatel/ApacheAirflow_Tutorial/py_env/lib/python3.12/site-packages/airflow/example_dags/example_short_circuit_decorator.py for tasks to queue
[2025-03-17T14:51:35.766-0400] {logging_mixin.py:190} INFO - [2025-03-17T14:51:35.766-0400] {dagbag.py:588} INFO - Filling up the DagBag from /Users/nidhipatel/ApacheAirflow_Tutorial/py_env/lib/python3.12/site-packages/airflow/example_dags/example_short_circuit_decorator.py
[2025-03-17T14:51:35.782-0400] {processor.py:925} INFO - DAG(s) 'example_short_circuit_decorator' retrieved from /Users/nidhipatel/ApacheAirflow_Tutorial/py_env/lib/python3.12/site-packages/airflow/example_dags/example_short_circuit_decorator.py
[2025-03-17T14:51:35.820-0400] {logging_mixin.py:190} INFO - [2025-03-17T14:51:35.820-0400] {dag.py:3239} INFO - Sync 1 DAGs
[2025-03-17T14:51:35.825-0400] {logging_mixin.py:190} INFO - [2025-03-17T14:51:35.825-0400] {dag.py:4180} INFO - Setting next_dagrun for example_short_circuit_decorator to None, run_after=None
[2025-03-17T14:51:35.831-0400] {processor.py:208} INFO - Processing /Users/nidhipatel/ApacheAirflow_Tutorial/py_env/lib/python3.12/site-packages/airflow/example_dags/example_short_circuit_decorator.py took 0.069 seconds
