[2025-03-17T14:33:21.166-0400] {processor.py:186} INFO - Started process (PID=32060) to work on /Users/nidhipatel/ApacheAirflow_Tutorial/py_env/lib/python3.12/site-packages/airflow/example_dags/example_branch_labels.py
[2025-03-17T14:33:21.167-0400] {processor.py:914} INFO - Processing file /Users/nidhipatel/ApacheAirflow_Tutorial/py_env/lib/python3.12/site-packages/airflow/example_dags/example_branch_labels.py for tasks to queue
[2025-03-17T14:33:21.167-0400] {logging_mixin.py:190} INFO - [2025-03-17T14:33:21.167-0400] {dagbag.py:588} INFO - Filling up the DagBag from /Users/nidhipatel/ApacheAirflow_Tutorial/py_env/lib/python3.12/site-packages/airflow/example_dags/example_branch_labels.py
[2025-03-17T14:33:21.171-0400] {processor.py:925} INFO - DAG(s) 'example_branch_labels' retrieved from /Users/nidhipatel/ApacheAirflow_Tutorial/py_env/lib/python3.12/site-packages/airflow/example_dags/example_branch_labels.py
[2025-03-17T14:33:21.236-0400] {logging_mixin.py:190} INFO - [2025-03-17T14:33:21.236-0400] {override.py:1912} INFO - Created Permission View: can read on DAG:example_branch_labels
[2025-03-17T14:33:21.239-0400] {logging_mixin.py:190} INFO - [2025-03-17T14:33:21.239-0400] {override.py:1912} INFO - Created Permission View: can edit on DAG:example_branch_labels
[2025-03-17T14:33:21.241-0400] {logging_mixin.py:190} INFO - [2025-03-17T14:33:21.241-0400] {override.py:1912} INFO - Created Permission View: can delete on DAG:example_branch_labels
[2025-03-17T14:33:21.244-0400] {logging_mixin.py:190} INFO - [2025-03-17T14:33:21.244-0400] {override.py:1912} INFO - Created Permission View: menu access on DAG Run:example_branch_labels
[2025-03-17T14:33:21.246-0400] {logging_mixin.py:190} INFO - [2025-03-17T14:33:21.246-0400] {override.py:1912} INFO - Created Permission View: can read on DAG Run:example_branch_labels
[2025-03-17T14:33:21.248-0400] {logging_mixin.py:190} INFO - [2025-03-17T14:33:21.247-0400] {override.py:1912} INFO - Created Permission View: can create on DAG Run:example_branch_labels
[2025-03-17T14:33:21.249-0400] {logging_mixin.py:190} INFO - [2025-03-17T14:33:21.249-0400] {override.py:1912} INFO - Created Permission View: can delete on DAG Run:example_branch_labels
[2025-03-17T14:33:21.250-0400] {logging_mixin.py:190} INFO - [2025-03-17T14:33:21.249-0400] {dag.py:3239} INFO - Sync 1 DAGs
[2025-03-17T14:33:21.254-0400] {logging_mixin.py:190} INFO - [2025-03-17T14:33:21.254-0400] {dag.py:3262} INFO - Creating ORM DAG for example_branch_labels
[2025-03-17T14:33:21.257-0400] {logging_mixin.py:190} INFO - [2025-03-17T14:33:21.257-0400] {dag.py:4180} INFO - Setting next_dagrun for example_branch_labels to 2025-03-16 00:00:00+00:00, run_after=2025-03-17 00:00:00+00:00
[2025-03-17T14:33:21.263-0400] {processor.py:208} INFO - Processing /Users/nidhipatel/ApacheAirflow_Tutorial/py_env/lib/python3.12/site-packages/airflow/example_dags/example_branch_labels.py took 0.098 seconds
[2025-03-17T14:35:37.128-0400] {processor.py:186} INFO - Started process (PID=32234) to work on /Users/nidhipatel/ApacheAirflow_Tutorial/py_env/lib/python3.12/site-packages/airflow/example_dags/example_branch_labels.py
[2025-03-17T14:35:37.129-0400] {processor.py:914} INFO - Processing file /Users/nidhipatel/ApacheAirflow_Tutorial/py_env/lib/python3.12/site-packages/airflow/example_dags/example_branch_labels.py for tasks to queue
[2025-03-17T14:35:37.129-0400] {logging_mixin.py:190} INFO - [2025-03-17T14:35:37.129-0400] {dagbag.py:588} INFO - Filling up the DagBag from /Users/nidhipatel/ApacheAirflow_Tutorial/py_env/lib/python3.12/site-packages/airflow/example_dags/example_branch_labels.py
[2025-03-17T14:35:37.133-0400] {processor.py:925} INFO - DAG(s) 'example_branch_labels' retrieved from /Users/nidhipatel/ApacheAirflow_Tutorial/py_env/lib/python3.12/site-packages/airflow/example_dags/example_branch_labels.py
[2025-03-17T14:35:37.168-0400] {logging_mixin.py:190} INFO - [2025-03-17T14:35:37.168-0400] {dag.py:3239} INFO - Sync 1 DAGs
[2025-03-17T14:35:37.175-0400] {logging_mixin.py:190} INFO - [2025-03-17T14:35:37.175-0400] {dag.py:4180} INFO - Setting next_dagrun for example_branch_labels to 2025-03-16 00:00:00+00:00, run_after=2025-03-17 00:00:00+00:00
[2025-03-17T14:35:37.181-0400] {processor.py:208} INFO - Processing /Users/nidhipatel/ApacheAirflow_Tutorial/py_env/lib/python3.12/site-packages/airflow/example_dags/example_branch_labels.py took 0.055 seconds
[2025-03-17T14:37:45.820-0400] {processor.py:186} INFO - Started process (PID=32400) to work on /Users/nidhipatel/ApacheAirflow_Tutorial/py_env/lib/python3.12/site-packages/airflow/example_dags/example_branch_labels.py
[2025-03-17T14:37:45.821-0400] {processor.py:914} INFO - Processing file /Users/nidhipatel/ApacheAirflow_Tutorial/py_env/lib/python3.12/site-packages/airflow/example_dags/example_branch_labels.py for tasks to queue
[2025-03-17T14:37:45.821-0400] {logging_mixin.py:190} INFO - [2025-03-17T14:37:45.821-0400] {dagbag.py:588} INFO - Filling up the DagBag from /Users/nidhipatel/ApacheAirflow_Tutorial/py_env/lib/python3.12/site-packages/airflow/example_dags/example_branch_labels.py
[2025-03-17T14:37:45.824-0400] {processor.py:925} INFO - DAG(s) 'example_branch_labels' retrieved from /Users/nidhipatel/ApacheAirflow_Tutorial/py_env/lib/python3.12/site-packages/airflow/example_dags/example_branch_labels.py
[2025-03-17T14:37:45.859-0400] {logging_mixin.py:190} INFO - [2025-03-17T14:37:45.858-0400] {dag.py:3239} INFO - Sync 1 DAGs
[2025-03-17T14:37:45.865-0400] {logging_mixin.py:190} INFO - [2025-03-17T14:37:45.864-0400] {dag.py:4180} INFO - Setting next_dagrun for example_branch_labels to 2025-03-16 00:00:00+00:00, run_after=2025-03-17 00:00:00+00:00
[2025-03-17T14:37:45.871-0400] {processor.py:208} INFO - Processing /Users/nidhipatel/ApacheAirflow_Tutorial/py_env/lib/python3.12/site-packages/airflow/example_dags/example_branch_labels.py took 0.052 seconds
[2025-03-17T14:39:48.632-0400] {processor.py:186} INFO - Started process (PID=32619) to work on /Users/nidhipatel/ApacheAirflow_Tutorial/py_env/lib/python3.12/site-packages/airflow/example_dags/example_branch_labels.py
[2025-03-17T14:39:48.633-0400] {processor.py:914} INFO - Processing file /Users/nidhipatel/ApacheAirflow_Tutorial/py_env/lib/python3.12/site-packages/airflow/example_dags/example_branch_labels.py for tasks to queue
[2025-03-17T14:39:48.633-0400] {logging_mixin.py:190} INFO - [2025-03-17T14:39:48.633-0400] {dagbag.py:588} INFO - Filling up the DagBag from /Users/nidhipatel/ApacheAirflow_Tutorial/py_env/lib/python3.12/site-packages/airflow/example_dags/example_branch_labels.py
[2025-03-17T14:39:48.637-0400] {processor.py:925} INFO - DAG(s) 'example_branch_labels' retrieved from /Users/nidhipatel/ApacheAirflow_Tutorial/py_env/lib/python3.12/site-packages/airflow/example_dags/example_branch_labels.py
[2025-03-17T14:39:48.675-0400] {logging_mixin.py:190} INFO - [2025-03-17T14:39:48.675-0400] {dag.py:3239} INFO - Sync 1 DAGs
[2025-03-17T14:39:48.683-0400] {logging_mixin.py:190} INFO - [2025-03-17T14:39:48.683-0400] {dag.py:4180} INFO - Setting next_dagrun for example_branch_labels to 2025-03-16 00:00:00+00:00, run_after=2025-03-17 00:00:00+00:00
[2025-03-17T14:39:48.692-0400] {processor.py:208} INFO - Processing /Users/nidhipatel/ApacheAirflow_Tutorial/py_env/lib/python3.12/site-packages/airflow/example_dags/example_branch_labels.py took 0.061 seconds
[2025-03-17T14:41:54.886-0400] {processor.py:186} INFO - Started process (PID=32802) to work on /Users/nidhipatel/ApacheAirflow_Tutorial/py_env/lib/python3.12/site-packages/airflow/example_dags/example_branch_labels.py
[2025-03-17T14:41:54.887-0400] {processor.py:914} INFO - Processing file /Users/nidhipatel/ApacheAirflow_Tutorial/py_env/lib/python3.12/site-packages/airflow/example_dags/example_branch_labels.py for tasks to queue
[2025-03-17T14:41:54.887-0400] {logging_mixin.py:190} INFO - [2025-03-17T14:41:54.887-0400] {dagbag.py:588} INFO - Filling up the DagBag from /Users/nidhipatel/ApacheAirflow_Tutorial/py_env/lib/python3.12/site-packages/airflow/example_dags/example_branch_labels.py
[2025-03-17T14:41:54.890-0400] {processor.py:925} INFO - DAG(s) 'example_branch_labels' retrieved from /Users/nidhipatel/ApacheAirflow_Tutorial/py_env/lib/python3.12/site-packages/airflow/example_dags/example_branch_labels.py
[2025-03-17T14:41:54.926-0400] {logging_mixin.py:190} INFO - [2025-03-17T14:41:54.926-0400] {dag.py:3239} INFO - Sync 1 DAGs
[2025-03-17T14:41:54.934-0400] {logging_mixin.py:190} INFO - [2025-03-17T14:41:54.934-0400] {dag.py:4180} INFO - Setting next_dagrun for example_branch_labels to 2025-03-16 00:00:00+00:00, run_after=2025-03-17 00:00:00+00:00
[2025-03-17T14:41:54.941-0400] {processor.py:208} INFO - Processing /Users/nidhipatel/ApacheAirflow_Tutorial/py_env/lib/python3.12/site-packages/airflow/example_dags/example_branch_labels.py took 0.057 seconds
[2025-03-17T14:44:05.898-0400] {processor.py:186} INFO - Started process (PID=32965) to work on /Users/nidhipatel/ApacheAirflow_Tutorial/py_env/lib/python3.12/site-packages/airflow/example_dags/example_branch_labels.py
[2025-03-17T14:44:05.899-0400] {processor.py:914} INFO - Processing file /Users/nidhipatel/ApacheAirflow_Tutorial/py_env/lib/python3.12/site-packages/airflow/example_dags/example_branch_labels.py for tasks to queue
[2025-03-17T14:44:05.899-0400] {logging_mixin.py:190} INFO - [2025-03-17T14:44:05.899-0400] {dagbag.py:588} INFO - Filling up the DagBag from /Users/nidhipatel/ApacheAirflow_Tutorial/py_env/lib/python3.12/site-packages/airflow/example_dags/example_branch_labels.py
[2025-03-17T14:44:05.903-0400] {processor.py:925} INFO - DAG(s) 'example_branch_labels' retrieved from /Users/nidhipatel/ApacheAirflow_Tutorial/py_env/lib/python3.12/site-packages/airflow/example_dags/example_branch_labels.py
[2025-03-17T14:44:05.940-0400] {logging_mixin.py:190} INFO - [2025-03-17T14:44:05.939-0400] {dag.py:3239} INFO - Sync 1 DAGs
[2025-03-17T14:44:05.946-0400] {logging_mixin.py:190} INFO - [2025-03-17T14:44:05.946-0400] {dag.py:4180} INFO - Setting next_dagrun for example_branch_labels to 2025-03-16 00:00:00+00:00, run_after=2025-03-17 00:00:00+00:00
[2025-03-17T14:44:05.953-0400] {processor.py:208} INFO - Processing /Users/nidhipatel/ApacheAirflow_Tutorial/py_env/lib/python3.12/site-packages/airflow/example_dags/example_branch_labels.py took 0.056 seconds
[2025-03-17T14:46:23.784-0400] {processor.py:186} INFO - Started process (PID=33153) to work on /Users/nidhipatel/ApacheAirflow_Tutorial/py_env/lib/python3.12/site-packages/airflow/example_dags/example_branch_labels.py
[2025-03-17T14:46:23.784-0400] {processor.py:914} INFO - Processing file /Users/nidhipatel/ApacheAirflow_Tutorial/py_env/lib/python3.12/site-packages/airflow/example_dags/example_branch_labels.py for tasks to queue
[2025-03-17T14:46:23.785-0400] {logging_mixin.py:190} INFO - [2025-03-17T14:46:23.785-0400] {dagbag.py:588} INFO - Filling up the DagBag from /Users/nidhipatel/ApacheAirflow_Tutorial/py_env/lib/python3.12/site-packages/airflow/example_dags/example_branch_labels.py
[2025-03-17T14:46:23.789-0400] {processor.py:925} INFO - DAG(s) 'example_branch_labels' retrieved from /Users/nidhipatel/ApacheAirflow_Tutorial/py_env/lib/python3.12/site-packages/airflow/example_dags/example_branch_labels.py
[2025-03-17T14:46:23.826-0400] {logging_mixin.py:190} INFO - [2025-03-17T14:46:23.826-0400] {dag.py:3239} INFO - Sync 1 DAGs
[2025-03-17T14:46:23.832-0400] {logging_mixin.py:190} INFO - [2025-03-17T14:46:23.832-0400] {dag.py:4180} INFO - Setting next_dagrun for example_branch_labels to 2025-03-16 00:00:00+00:00, run_after=2025-03-17 00:00:00+00:00
[2025-03-17T14:46:23.839-0400] {processor.py:208} INFO - Processing /Users/nidhipatel/ApacheAirflow_Tutorial/py_env/lib/python3.12/site-packages/airflow/example_dags/example_branch_labels.py took 0.057 seconds
[2025-03-17T14:48:42.364-0400] {processor.py:186} INFO - Started process (PID=33328) to work on /Users/nidhipatel/ApacheAirflow_Tutorial/py_env/lib/python3.12/site-packages/airflow/example_dags/example_branch_labels.py
[2025-03-17T14:48:42.364-0400] {processor.py:914} INFO - Processing file /Users/nidhipatel/ApacheAirflow_Tutorial/py_env/lib/python3.12/site-packages/airflow/example_dags/example_branch_labels.py for tasks to queue
[2025-03-17T14:48:42.365-0400] {logging_mixin.py:190} INFO - [2025-03-17T14:48:42.365-0400] {dagbag.py:588} INFO - Filling up the DagBag from /Users/nidhipatel/ApacheAirflow_Tutorial/py_env/lib/python3.12/site-packages/airflow/example_dags/example_branch_labels.py
[2025-03-17T14:48:42.368-0400] {processor.py:925} INFO - DAG(s) 'example_branch_labels' retrieved from /Users/nidhipatel/ApacheAirflow_Tutorial/py_env/lib/python3.12/site-packages/airflow/example_dags/example_branch_labels.py
[2025-03-17T14:48:42.402-0400] {logging_mixin.py:190} INFO - [2025-03-17T14:48:42.402-0400] {dag.py:3239} INFO - Sync 1 DAGs
[2025-03-17T14:48:42.409-0400] {logging_mixin.py:190} INFO - [2025-03-17T14:48:42.409-0400] {dag.py:4180} INFO - Setting next_dagrun for example_branch_labels to 2025-03-16 00:00:00+00:00, run_after=2025-03-17 00:00:00+00:00
[2025-03-17T14:48:42.415-0400] {processor.py:208} INFO - Processing /Users/nidhipatel/ApacheAirflow_Tutorial/py_env/lib/python3.12/site-packages/airflow/example_dags/example_branch_labels.py took 0.053 seconds
[2025-03-17T14:50:50.921-0400] {processor.py:186} INFO - Started process (PID=33555) to work on /Users/nidhipatel/ApacheAirflow_Tutorial/py_env/lib/python3.12/site-packages/airflow/example_dags/example_branch_labels.py
[2025-03-17T14:50:50.922-0400] {processor.py:914} INFO - Processing file /Users/nidhipatel/ApacheAirflow_Tutorial/py_env/lib/python3.12/site-packages/airflow/example_dags/example_branch_labels.py for tasks to queue
[2025-03-17T14:50:50.922-0400] {logging_mixin.py:190} INFO - [2025-03-17T14:50:50.922-0400] {dagbag.py:588} INFO - Filling up the DagBag from /Users/nidhipatel/ApacheAirflow_Tutorial/py_env/lib/python3.12/site-packages/airflow/example_dags/example_branch_labels.py
[2025-03-17T14:50:50.926-0400] {processor.py:925} INFO - DAG(s) 'example_branch_labels' retrieved from /Users/nidhipatel/ApacheAirflow_Tutorial/py_env/lib/python3.12/site-packages/airflow/example_dags/example_branch_labels.py
[2025-03-17T14:50:50.960-0400] {logging_mixin.py:190} INFO - [2025-03-17T14:50:50.960-0400] {dag.py:3239} INFO - Sync 1 DAGs
[2025-03-17T14:50:50.966-0400] {logging_mixin.py:190} INFO - [2025-03-17T14:50:50.966-0400] {dag.py:4180} INFO - Setting next_dagrun for example_branch_labels to 2025-03-16 00:00:00+00:00, run_after=2025-03-17 00:00:00+00:00
[2025-03-17T14:50:50.973-0400] {processor.py:208} INFO - Processing /Users/nidhipatel/ApacheAirflow_Tutorial/py_env/lib/python3.12/site-packages/airflow/example_dags/example_branch_labels.py took 0.054 seconds
[2025-03-17T14:53:06.448-0400] {processor.py:186} INFO - Started process (PID=33976) to work on /Users/nidhipatel/ApacheAirflow_Tutorial/py_env/lib/python3.12/site-packages/airflow/example_dags/example_branch_labels.py
[2025-03-17T14:53:06.449-0400] {processor.py:914} INFO - Processing file /Users/nidhipatel/ApacheAirflow_Tutorial/py_env/lib/python3.12/site-packages/airflow/example_dags/example_branch_labels.py for tasks to queue
[2025-03-17T14:53:06.450-0400] {logging_mixin.py:190} INFO - [2025-03-17T14:53:06.450-0400] {dagbag.py:588} INFO - Filling up the DagBag from /Users/nidhipatel/ApacheAirflow_Tutorial/py_env/lib/python3.12/site-packages/airflow/example_dags/example_branch_labels.py
[2025-03-17T14:53:06.454-0400] {processor.py:925} INFO - DAG(s) 'example_branch_labels' retrieved from /Users/nidhipatel/ApacheAirflow_Tutorial/py_env/lib/python3.12/site-packages/airflow/example_dags/example_branch_labels.py
[2025-03-17T14:53:06.490-0400] {logging_mixin.py:190} INFO - [2025-03-17T14:53:06.490-0400] {dag.py:3239} INFO - Sync 1 DAGs
[2025-03-17T14:53:06.496-0400] {logging_mixin.py:190} INFO - [2025-03-17T14:53:06.496-0400] {dag.py:4180} INFO - Setting next_dagrun for example_branch_labels to 2025-03-16 00:00:00+00:00, run_after=2025-03-17 00:00:00+00:00
[2025-03-17T14:53:06.503-0400] {processor.py:208} INFO - Processing /Users/nidhipatel/ApacheAirflow_Tutorial/py_env/lib/python3.12/site-packages/airflow/example_dags/example_branch_labels.py took 0.059 seconds
