[2025-03-17T14:32:48.632-0400] {processor.py:186} INFO - Started process (PID=31991) to work on /Users/nidhipatel/ApacheAirflow_Tutorial/py_env/lib/python3.12/site-packages/airflow/example_dags/example_outlet_event_extra.py
[2025-03-17T14:32:48.632-0400] {processor.py:914} INFO - Processing file /Users/nidhipatel/ApacheAirflow_Tutorial/py_env/lib/python3.12/site-packages/airflow/example_dags/example_outlet_event_extra.py for tasks to queue
[2025-03-17T14:32:48.632-0400] {logging_mixin.py:190} INFO - [2025-03-17T14:32:48.632-0400] {dagbag.py:588} INFO - Filling up the DagBag from /Users/nidhipatel/ApacheAirflow_Tutorial/py_env/lib/python3.12/site-packages/airflow/example_dags/example_outlet_event_extra.py
[2025-03-17T14:32:48.678-0400] {processor.py:925} INFO - DAG(s) 'dataset_with_extra_by_context', 'dataset_with_extra_from_classic_operator', 'dataset_with_extra_by_yield' retrieved from /Users/nidhipatel/ApacheAirflow_Tutorial/py_env/lib/python3.12/site-packages/airflow/example_dags/example_outlet_event_extra.py
[2025-03-17T14:32:48.749-0400] {logging_mixin.py:190} INFO - [2025-03-17T14:32:48.749-0400] {override.py:1912} INFO - Created Permission View: can delete on DAG:dataset_with_extra_by_context
[2025-03-17T14:32:48.752-0400] {logging_mixin.py:190} INFO - [2025-03-17T14:32:48.752-0400] {override.py:1912} INFO - Created Permission View: can edit on DAG:dataset_with_extra_by_context
[2025-03-17T14:32:48.754-0400] {logging_mixin.py:190} INFO - [2025-03-17T14:32:48.754-0400] {override.py:1912} INFO - Created Permission View: can read on DAG:dataset_with_extra_by_context
[2025-03-17T14:32:48.757-0400] {logging_mixin.py:190} INFO - [2025-03-17T14:32:48.757-0400] {override.py:1912} INFO - Created Permission View: menu access on DAG Run:dataset_with_extra_by_context
[2025-03-17T14:32:48.759-0400] {logging_mixin.py:190} INFO - [2025-03-17T14:32:48.759-0400] {override.py:1912} INFO - Created Permission View: can delete on DAG Run:dataset_with_extra_by_context
[2025-03-17T14:32:48.761-0400] {logging_mixin.py:190} INFO - [2025-03-17T14:32:48.761-0400] {override.py:1912} INFO - Created Permission View: can create on DAG Run:dataset_with_extra_by_context
[2025-03-17T14:32:48.763-0400] {logging_mixin.py:190} INFO - [2025-03-17T14:32:48.763-0400] {override.py:1912} INFO - Created Permission View: can read on DAG Run:dataset_with_extra_by_context
[2025-03-17T14:32:48.767-0400] {logging_mixin.py:190} INFO - [2025-03-17T14:32:48.767-0400] {override.py:1912} INFO - Created Permission View: can delete on DAG:dataset_with_extra_from_classic_operator
[2025-03-17T14:32:48.769-0400] {logging_mixin.py:190} INFO - [2025-03-17T14:32:48.769-0400] {override.py:1912} INFO - Created Permission View: can edit on DAG:dataset_with_extra_from_classic_operator
[2025-03-17T14:32:48.771-0400] {logging_mixin.py:190} INFO - [2025-03-17T14:32:48.771-0400] {override.py:1912} INFO - Created Permission View: can read on DAG:dataset_with_extra_from_classic_operator
[2025-03-17T14:32:48.773-0400] {logging_mixin.py:190} INFO - [2025-03-17T14:32:48.773-0400] {override.py:1912} INFO - Created Permission View: menu access on DAG Run:dataset_with_extra_from_classic_operator
[2025-03-17T14:32:48.775-0400] {logging_mixin.py:190} INFO - [2025-03-17T14:32:48.775-0400] {override.py:1912} INFO - Created Permission View: can delete on DAG Run:dataset_with_extra_from_classic_operator
[2025-03-17T14:32:48.777-0400] {logging_mixin.py:190} INFO - [2025-03-17T14:32:48.777-0400] {override.py:1912} INFO - Created Permission View: can create on DAG Run:dataset_with_extra_from_classic_operator
[2025-03-17T14:32:48.779-0400] {logging_mixin.py:190} INFO - [2025-03-17T14:32:48.779-0400] {override.py:1912} INFO - Created Permission View: can read on DAG Run:dataset_with_extra_from_classic_operator
[2025-03-17T14:32:48.783-0400] {logging_mixin.py:190} INFO - [2025-03-17T14:32:48.782-0400] {override.py:1912} INFO - Created Permission View: can delete on DAG:dataset_with_extra_by_yield
[2025-03-17T14:32:48.784-0400] {logging_mixin.py:190} INFO - [2025-03-17T14:32:48.784-0400] {override.py:1912} INFO - Created Permission View: can edit on DAG:dataset_with_extra_by_yield
[2025-03-17T14:32:48.786-0400] {logging_mixin.py:190} INFO - [2025-03-17T14:32:48.786-0400] {override.py:1912} INFO - Created Permission View: can read on DAG:dataset_with_extra_by_yield
[2025-03-17T14:32:48.789-0400] {logging_mixin.py:190} INFO - [2025-03-17T14:32:48.788-0400] {override.py:1912} INFO - Created Permission View: menu access on DAG Run:dataset_with_extra_by_yield
[2025-03-17T14:32:48.790-0400] {logging_mixin.py:190} INFO - [2025-03-17T14:32:48.790-0400] {override.py:1912} INFO - Created Permission View: can delete on DAG Run:dataset_with_extra_by_yield
[2025-03-17T14:32:48.792-0400] {logging_mixin.py:190} INFO - [2025-03-17T14:32:48.792-0400] {override.py:1912} INFO - Created Permission View: can create on DAG Run:dataset_with_extra_by_yield
[2025-03-17T14:32:48.794-0400] {logging_mixin.py:190} INFO - [2025-03-17T14:32:48.794-0400] {override.py:1912} INFO - Created Permission View: can read on DAG Run:dataset_with_extra_by_yield
[2025-03-17T14:32:48.794-0400] {logging_mixin.py:190} INFO - [2025-03-17T14:32:48.794-0400] {dag.py:3239} INFO - Sync 3 DAGs
[2025-03-17T14:32:48.798-0400] {logging_mixin.py:190} INFO - [2025-03-17T14:32:48.798-0400] {dag.py:3262} INFO - Creating ORM DAG for dataset_with_extra_from_classic_operator
[2025-03-17T14:32:48.798-0400] {logging_mixin.py:190} INFO - [2025-03-17T14:32:48.798-0400] {dag.py:3262} INFO - Creating ORM DAG for dataset_with_extra_by_yield
[2025-03-17T14:32:48.798-0400] {logging_mixin.py:190} INFO - [2025-03-17T14:32:48.798-0400] {dag.py:3262} INFO - Creating ORM DAG for dataset_with_extra_by_context
[2025-03-17T14:32:48.828-0400] {logging_mixin.py:190} INFO - [2025-03-17T14:32:48.828-0400] {dag.py:4180} INFO - Setting next_dagrun for dataset_with_extra_by_context to 2025-03-16 00:00:00+00:00, run_after=2025-03-17 00:00:00+00:00
[2025-03-17T14:32:48.829-0400] {logging_mixin.py:190} INFO - [2025-03-17T14:32:48.829-0400] {dag.py:4180} INFO - Setting next_dagrun for dataset_with_extra_by_yield to 2025-03-16 00:00:00+00:00, run_after=2025-03-17 00:00:00+00:00
[2025-03-17T14:32:48.829-0400] {logging_mixin.py:190} INFO - [2025-03-17T14:32:48.829-0400] {dag.py:4180} INFO - Setting next_dagrun for dataset_with_extra_from_classic_operator to 2025-03-16 00:00:00+00:00, run_after=2025-03-17 00:00:00+00:00
[2025-03-17T14:32:48.838-0400] {logging_mixin.py:190} INFO - [2025-03-17T14:32:48.838-0400] {workday.py:41} WARNING - Could not import pandas. Holidays will not be considered.
[2025-03-17T14:32:48.843-0400] {processor.py:208} INFO - Processing /Users/nidhipatel/ApacheAirflow_Tutorial/py_env/lib/python3.12/site-packages/airflow/example_dags/example_outlet_event_extra.py took 0.213 seconds
[2025-03-17T14:34:27.090-0400] {processor.py:186} INFO - Started process (PID=32151) to work on /Users/nidhipatel/ApacheAirflow_Tutorial/py_env/lib/python3.12/site-packages/airflow/example_dags/example_outlet_event_extra.py
[2025-03-17T14:34:27.091-0400] {processor.py:914} INFO - Processing file /Users/nidhipatel/ApacheAirflow_Tutorial/py_env/lib/python3.12/site-packages/airflow/example_dags/example_outlet_event_extra.py for tasks to queue
[2025-03-17T14:34:27.091-0400] {logging_mixin.py:190} INFO - [2025-03-17T14:34:27.091-0400] {dagbag.py:588} INFO - Filling up the DagBag from /Users/nidhipatel/ApacheAirflow_Tutorial/py_env/lib/python3.12/site-packages/airflow/example_dags/example_outlet_event_extra.py
[2025-03-17T14:34:27.143-0400] {processor.py:925} INFO - DAG(s) 'dataset_with_extra_by_context', 'dataset_with_extra_from_classic_operator', 'dataset_with_extra_by_yield' retrieved from /Users/nidhipatel/ApacheAirflow_Tutorial/py_env/lib/python3.12/site-packages/airflow/example_dags/example_outlet_event_extra.py
[2025-03-17T14:34:27.183-0400] {logging_mixin.py:190} INFO - [2025-03-17T14:34:27.183-0400] {dag.py:3239} INFO - Sync 3 DAGs
[2025-03-17T14:34:27.190-0400] {logging_mixin.py:190} INFO - [2025-03-17T14:34:27.190-0400] {dag.py:4180} INFO - Setting next_dagrun for dataset_with_extra_by_context to 2025-03-16 00:00:00+00:00, run_after=2025-03-17 00:00:00+00:00
[2025-03-17T14:34:27.192-0400] {logging_mixin.py:190} INFO - [2025-03-17T14:34:27.192-0400] {dag.py:4180} INFO - Setting next_dagrun for dataset_with_extra_by_yield to 2025-03-16 00:00:00+00:00, run_after=2025-03-17 00:00:00+00:00
[2025-03-17T14:34:27.193-0400] {logging_mixin.py:190} INFO - [2025-03-17T14:34:27.193-0400] {dag.py:4180} INFO - Setting next_dagrun for dataset_with_extra_from_classic_operator to 2025-03-16 00:00:00+00:00, run_after=2025-03-17 00:00:00+00:00
[2025-03-17T14:34:27.201-0400] {processor.py:208} INFO - Processing /Users/nidhipatel/ApacheAirflow_Tutorial/py_env/lib/python3.12/site-packages/airflow/example_dags/example_outlet_event_extra.py took 0.113 seconds
[2025-03-17T14:36:39.014-0400] {processor.py:186} INFO - Started process (PID=32314) to work on /Users/nidhipatel/ApacheAirflow_Tutorial/py_env/lib/python3.12/site-packages/airflow/example_dags/example_outlet_event_extra.py
[2025-03-17T14:36:39.015-0400] {processor.py:914} INFO - Processing file /Users/nidhipatel/ApacheAirflow_Tutorial/py_env/lib/python3.12/site-packages/airflow/example_dags/example_outlet_event_extra.py for tasks to queue
[2025-03-17T14:36:39.015-0400] {logging_mixin.py:190} INFO - [2025-03-17T14:36:39.015-0400] {dagbag.py:588} INFO - Filling up the DagBag from /Users/nidhipatel/ApacheAirflow_Tutorial/py_env/lib/python3.12/site-packages/airflow/example_dags/example_outlet_event_extra.py
[2025-03-17T14:36:39.058-0400] {processor.py:925} INFO - DAG(s) 'dataset_with_extra_from_classic_operator', 'dataset_with_extra_by_yield', 'dataset_with_extra_by_context' retrieved from /Users/nidhipatel/ApacheAirflow_Tutorial/py_env/lib/python3.12/site-packages/airflow/example_dags/example_outlet_event_extra.py
[2025-03-17T14:36:39.093-0400] {logging_mixin.py:190} INFO - [2025-03-17T14:36:39.093-0400] {dag.py:3239} INFO - Sync 3 DAGs
[2025-03-17T14:36:39.101-0400] {logging_mixin.py:190} INFO - [2025-03-17T14:36:39.101-0400] {dag.py:4180} INFO - Setting next_dagrun for dataset_with_extra_by_context to 2025-03-16 00:00:00+00:00, run_after=2025-03-17 00:00:00+00:00
[2025-03-17T14:36:39.103-0400] {logging_mixin.py:190} INFO - [2025-03-17T14:36:39.103-0400] {dag.py:4180} INFO - Setting next_dagrun for dataset_with_extra_by_yield to 2025-03-16 00:00:00+00:00, run_after=2025-03-17 00:00:00+00:00
[2025-03-17T14:36:39.104-0400] {logging_mixin.py:190} INFO - [2025-03-17T14:36:39.104-0400] {dag.py:4180} INFO - Setting next_dagrun for dataset_with_extra_from_classic_operator to 2025-03-16 00:00:00+00:00, run_after=2025-03-17 00:00:00+00:00
[2025-03-17T14:36:39.110-0400] {processor.py:208} INFO - Processing /Users/nidhipatel/ApacheAirflow_Tutorial/py_env/lib/python3.12/site-packages/airflow/example_dags/example_outlet_event_extra.py took 0.098 seconds
[2025-03-17T14:38:42.042-0400] {processor.py:186} INFO - Started process (PID=32500) to work on /Users/nidhipatel/ApacheAirflow_Tutorial/py_env/lib/python3.12/site-packages/airflow/example_dags/example_outlet_event_extra.py
[2025-03-17T14:38:42.043-0400] {processor.py:914} INFO - Processing file /Users/nidhipatel/ApacheAirflow_Tutorial/py_env/lib/python3.12/site-packages/airflow/example_dags/example_outlet_event_extra.py for tasks to queue
[2025-03-17T14:38:42.043-0400] {logging_mixin.py:190} INFO - [2025-03-17T14:38:42.043-0400] {dagbag.py:588} INFO - Filling up the DagBag from /Users/nidhipatel/ApacheAirflow_Tutorial/py_env/lib/python3.12/site-packages/airflow/example_dags/example_outlet_event_extra.py
[2025-03-17T14:38:42.086-0400] {processor.py:925} INFO - DAG(s) 'dataset_with_extra_by_yield', 'dataset_with_extra_from_classic_operator', 'dataset_with_extra_by_context' retrieved from /Users/nidhipatel/ApacheAirflow_Tutorial/py_env/lib/python3.12/site-packages/airflow/example_dags/example_outlet_event_extra.py
[2025-03-17T14:38:42.120-0400] {logging_mixin.py:190} INFO - [2025-03-17T14:38:42.120-0400] {dag.py:3239} INFO - Sync 3 DAGs
[2025-03-17T14:38:42.126-0400] {logging_mixin.py:190} INFO - [2025-03-17T14:38:42.126-0400] {dag.py:4180} INFO - Setting next_dagrun for dataset_with_extra_by_context to 2025-03-16 00:00:00+00:00, run_after=2025-03-17 00:00:00+00:00
[2025-03-17T14:38:42.128-0400] {logging_mixin.py:190} INFO - [2025-03-17T14:38:42.128-0400] {dag.py:4180} INFO - Setting next_dagrun for dataset_with_extra_by_yield to 2025-03-16 00:00:00+00:00, run_after=2025-03-17 00:00:00+00:00
[2025-03-17T14:38:42.129-0400] {logging_mixin.py:190} INFO - [2025-03-17T14:38:42.128-0400] {dag.py:4180} INFO - Setting next_dagrun for dataset_with_extra_from_classic_operator to 2025-03-16 00:00:00+00:00, run_after=2025-03-17 00:00:00+00:00
[2025-03-17T14:38:42.136-0400] {processor.py:208} INFO - Processing /Users/nidhipatel/ApacheAirflow_Tutorial/py_env/lib/python3.12/site-packages/airflow/example_dags/example_outlet_event_extra.py took 0.096 seconds
[2025-03-17T14:40:47.881-0400] {processor.py:186} INFO - Started process (PID=32698) to work on /Users/nidhipatel/ApacheAirflow_Tutorial/py_env/lib/python3.12/site-packages/airflow/example_dags/example_outlet_event_extra.py
[2025-03-17T14:40:47.882-0400] {processor.py:914} INFO - Processing file /Users/nidhipatel/ApacheAirflow_Tutorial/py_env/lib/python3.12/site-packages/airflow/example_dags/example_outlet_event_extra.py for tasks to queue
[2025-03-17T14:40:47.882-0400] {logging_mixin.py:190} INFO - [2025-03-17T14:40:47.882-0400] {dagbag.py:588} INFO - Filling up the DagBag from /Users/nidhipatel/ApacheAirflow_Tutorial/py_env/lib/python3.12/site-packages/airflow/example_dags/example_outlet_event_extra.py
[2025-03-17T14:40:47.919-0400] {processor.py:925} INFO - DAG(s) 'dataset_with_extra_by_context', 'dataset_with_extra_from_classic_operator', 'dataset_with_extra_by_yield' retrieved from /Users/nidhipatel/ApacheAirflow_Tutorial/py_env/lib/python3.12/site-packages/airflow/example_dags/example_outlet_event_extra.py
[2025-03-17T14:40:47.953-0400] {logging_mixin.py:190} INFO - [2025-03-17T14:40:47.953-0400] {dag.py:3239} INFO - Sync 3 DAGs
[2025-03-17T14:40:47.960-0400] {logging_mixin.py:190} INFO - [2025-03-17T14:40:47.960-0400] {dag.py:4180} INFO - Setting next_dagrun for dataset_with_extra_by_context to 2025-03-16 00:00:00+00:00, run_after=2025-03-17 00:00:00+00:00
[2025-03-17T14:40:47.962-0400] {logging_mixin.py:190} INFO - [2025-03-17T14:40:47.962-0400] {dag.py:4180} INFO - Setting next_dagrun for dataset_with_extra_by_yield to 2025-03-16 00:00:00+00:00, run_after=2025-03-17 00:00:00+00:00
[2025-03-17T14:40:47.962-0400] {logging_mixin.py:190} INFO - [2025-03-17T14:40:47.962-0400] {dag.py:4180} INFO - Setting next_dagrun for dataset_with_extra_from_classic_operator to 2025-03-16 00:00:00+00:00, run_after=2025-03-17 00:00:00+00:00
[2025-03-17T14:40:47.969-0400] {processor.py:208} INFO - Processing /Users/nidhipatel/ApacheAirflow_Tutorial/py_env/lib/python3.12/site-packages/airflow/example_dags/example_outlet_event_extra.py took 0.089 seconds
[2025-03-17T14:42:55.184-0400] {processor.py:186} INFO - Started process (PID=32879) to work on /Users/nidhipatel/ApacheAirflow_Tutorial/py_env/lib/python3.12/site-packages/airflow/example_dags/example_outlet_event_extra.py
[2025-03-17T14:42:55.185-0400] {processor.py:914} INFO - Processing file /Users/nidhipatel/ApacheAirflow_Tutorial/py_env/lib/python3.12/site-packages/airflow/example_dags/example_outlet_event_extra.py for tasks to queue
[2025-03-17T14:42:55.185-0400] {logging_mixin.py:190} INFO - [2025-03-17T14:42:55.185-0400] {dagbag.py:588} INFO - Filling up the DagBag from /Users/nidhipatel/ApacheAirflow_Tutorial/py_env/lib/python3.12/site-packages/airflow/example_dags/example_outlet_event_extra.py
[2025-03-17T14:42:55.229-0400] {processor.py:925} INFO - DAG(s) 'dataset_with_extra_by_context', 'dataset_with_extra_from_classic_operator', 'dataset_with_extra_by_yield' retrieved from /Users/nidhipatel/ApacheAirflow_Tutorial/py_env/lib/python3.12/site-packages/airflow/example_dags/example_outlet_event_extra.py
[2025-03-17T14:42:55.263-0400] {logging_mixin.py:190} INFO - [2025-03-17T14:42:55.263-0400] {dag.py:3239} INFO - Sync 3 DAGs
[2025-03-17T14:42:55.269-0400] {logging_mixin.py:190} INFO - [2025-03-17T14:42:55.269-0400] {dag.py:4180} INFO - Setting next_dagrun for dataset_with_extra_by_context to 2025-03-16 00:00:00+00:00, run_after=2025-03-17 00:00:00+00:00
[2025-03-17T14:42:55.271-0400] {logging_mixin.py:190} INFO - [2025-03-17T14:42:55.271-0400] {dag.py:4180} INFO - Setting next_dagrun for dataset_with_extra_by_yield to 2025-03-16 00:00:00+00:00, run_after=2025-03-17 00:00:00+00:00
[2025-03-17T14:42:55.272-0400] {logging_mixin.py:190} INFO - [2025-03-17T14:42:55.272-0400] {dag.py:4180} INFO - Setting next_dagrun for dataset_with_extra_from_classic_operator to 2025-03-16 00:00:00+00:00, run_after=2025-03-17 00:00:00+00:00
[2025-03-17T14:42:55.278-0400] {processor.py:208} INFO - Processing /Users/nidhipatel/ApacheAirflow_Tutorial/py_env/lib/python3.12/site-packages/airflow/example_dags/example_outlet_event_extra.py took 0.096 seconds
[2025-03-17T14:45:11.020-0400] {processor.py:186} INFO - Started process (PID=33061) to work on /Users/nidhipatel/ApacheAirflow_Tutorial/py_env/lib/python3.12/site-packages/airflow/example_dags/example_outlet_event_extra.py
[2025-03-17T14:45:11.020-0400] {processor.py:914} INFO - Processing file /Users/nidhipatel/ApacheAirflow_Tutorial/py_env/lib/python3.12/site-packages/airflow/example_dags/example_outlet_event_extra.py for tasks to queue
[2025-03-17T14:45:11.021-0400] {logging_mixin.py:190} INFO - [2025-03-17T14:45:11.021-0400] {dagbag.py:588} INFO - Filling up the DagBag from /Users/nidhipatel/ApacheAirflow_Tutorial/py_env/lib/python3.12/site-packages/airflow/example_dags/example_outlet_event_extra.py
[2025-03-17T14:45:11.065-0400] {processor.py:925} INFO - DAG(s) 'dataset_with_extra_by_yield', 'dataset_with_extra_from_classic_operator', 'dataset_with_extra_by_context' retrieved from /Users/nidhipatel/ApacheAirflow_Tutorial/py_env/lib/python3.12/site-packages/airflow/example_dags/example_outlet_event_extra.py
[2025-03-17T14:45:11.101-0400] {logging_mixin.py:190} INFO - [2025-03-17T14:45:11.101-0400] {dag.py:3239} INFO - Sync 3 DAGs
[2025-03-17T14:45:11.108-0400] {logging_mixin.py:190} INFO - [2025-03-17T14:45:11.108-0400] {dag.py:4180} INFO - Setting next_dagrun for dataset_with_extra_by_context to 2025-03-16 00:00:00+00:00, run_after=2025-03-17 00:00:00+00:00
[2025-03-17T14:45:11.110-0400] {logging_mixin.py:190} INFO - [2025-03-17T14:45:11.109-0400] {dag.py:4180} INFO - Setting next_dagrun for dataset_with_extra_by_yield to 2025-03-16 00:00:00+00:00, run_after=2025-03-17 00:00:00+00:00
[2025-03-17T14:45:11.110-0400] {logging_mixin.py:190} INFO - [2025-03-17T14:45:11.110-0400] {dag.py:4180} INFO - Setting next_dagrun for dataset_with_extra_from_classic_operator to 2025-03-16 00:00:00+00:00, run_after=2025-03-17 00:00:00+00:00
[2025-03-17T14:45:11.117-0400] {processor.py:208} INFO - Processing /Users/nidhipatel/ApacheAirflow_Tutorial/py_env/lib/python3.12/site-packages/airflow/example_dags/example_outlet_event_extra.py took 0.099 seconds
[2025-03-17T14:47:30.395-0400] {processor.py:186} INFO - Started process (PID=33237) to work on /Users/nidhipatel/ApacheAirflow_Tutorial/py_env/lib/python3.12/site-packages/airflow/example_dags/example_outlet_event_extra.py
[2025-03-17T14:47:30.396-0400] {processor.py:914} INFO - Processing file /Users/nidhipatel/ApacheAirflow_Tutorial/py_env/lib/python3.12/site-packages/airflow/example_dags/example_outlet_event_extra.py for tasks to queue
[2025-03-17T14:47:30.396-0400] {logging_mixin.py:190} INFO - [2025-03-17T14:47:30.396-0400] {dagbag.py:588} INFO - Filling up the DagBag from /Users/nidhipatel/ApacheAirflow_Tutorial/py_env/lib/python3.12/site-packages/airflow/example_dags/example_outlet_event_extra.py
[2025-03-17T14:47:30.439-0400] {processor.py:925} INFO - DAG(s) 'dataset_with_extra_by_yield', 'dataset_with_extra_from_classic_operator', 'dataset_with_extra_by_context' retrieved from /Users/nidhipatel/ApacheAirflow_Tutorial/py_env/lib/python3.12/site-packages/airflow/example_dags/example_outlet_event_extra.py
[2025-03-17T14:47:30.474-0400] {logging_mixin.py:190} INFO - [2025-03-17T14:47:30.474-0400] {dag.py:3239} INFO - Sync 3 DAGs
[2025-03-17T14:47:30.480-0400] {logging_mixin.py:190} INFO - [2025-03-17T14:47:30.480-0400] {dag.py:4180} INFO - Setting next_dagrun for dataset_with_extra_by_context to 2025-03-16 00:00:00+00:00, run_after=2025-03-17 00:00:00+00:00
[2025-03-17T14:47:30.482-0400] {logging_mixin.py:190} INFO - [2025-03-17T14:47:30.482-0400] {dag.py:4180} INFO - Setting next_dagrun for dataset_with_extra_by_yield to 2025-03-16 00:00:00+00:00, run_after=2025-03-17 00:00:00+00:00
[2025-03-17T14:47:30.482-0400] {logging_mixin.py:190} INFO - [2025-03-17T14:47:30.482-0400] {dag.py:4180} INFO - Setting next_dagrun for dataset_with_extra_from_classic_operator to 2025-03-16 00:00:00+00:00, run_after=2025-03-17 00:00:00+00:00
[2025-03-17T14:47:30.489-0400] {processor.py:208} INFO - Processing /Users/nidhipatel/ApacheAirflow_Tutorial/py_env/lib/python3.12/site-packages/airflow/example_dags/example_outlet_event_extra.py took 0.095 seconds
[2025-03-17T14:49:42.308-0400] {processor.py:186} INFO - Started process (PID=33433) to work on /Users/nidhipatel/ApacheAirflow_Tutorial/py_env/lib/python3.12/site-packages/airflow/example_dags/example_outlet_event_extra.py
[2025-03-17T14:49:42.309-0400] {processor.py:914} INFO - Processing file /Users/nidhipatel/ApacheAirflow_Tutorial/py_env/lib/python3.12/site-packages/airflow/example_dags/example_outlet_event_extra.py for tasks to queue
[2025-03-17T14:49:42.309-0400] {logging_mixin.py:190} INFO - [2025-03-17T14:49:42.309-0400] {dagbag.py:588} INFO - Filling up the DagBag from /Users/nidhipatel/ApacheAirflow_Tutorial/py_env/lib/python3.12/site-packages/airflow/example_dags/example_outlet_event_extra.py
[2025-03-17T14:49:42.354-0400] {processor.py:925} INFO - DAG(s) 'dataset_with_extra_from_classic_operator', 'dataset_with_extra_by_context', 'dataset_with_extra_by_yield' retrieved from /Users/nidhipatel/ApacheAirflow_Tutorial/py_env/lib/python3.12/site-packages/airflow/example_dags/example_outlet_event_extra.py
[2025-03-17T14:49:42.390-0400] {logging_mixin.py:190} INFO - [2025-03-17T14:49:42.389-0400] {dag.py:3239} INFO - Sync 3 DAGs
[2025-03-17T14:49:42.396-0400] {logging_mixin.py:190} INFO - [2025-03-17T14:49:42.396-0400] {dag.py:4180} INFO - Setting next_dagrun for dataset_with_extra_by_context to 2025-03-16 00:00:00+00:00, run_after=2025-03-17 00:00:00+00:00
[2025-03-17T14:49:42.398-0400] {logging_mixin.py:190} INFO - [2025-03-17T14:49:42.398-0400] {dag.py:4180} INFO - Setting next_dagrun for dataset_with_extra_by_yield to 2025-03-16 00:00:00+00:00, run_after=2025-03-17 00:00:00+00:00
[2025-03-17T14:49:42.399-0400] {logging_mixin.py:190} INFO - [2025-03-17T14:49:42.399-0400] {dag.py:4180} INFO - Setting next_dagrun for dataset_with_extra_from_classic_operator to 2025-03-16 00:00:00+00:00, run_after=2025-03-17 00:00:00+00:00
[2025-03-17T14:49:42.405-0400] {processor.py:208} INFO - Processing /Users/nidhipatel/ApacheAirflow_Tutorial/py_env/lib/python3.12/site-packages/airflow/example_dags/example_outlet_event_extra.py took 0.099 seconds
[2025-03-17T14:51:52.566-0400] {processor.py:186} INFO - Started process (PID=33710) to work on /Users/nidhipatel/ApacheAirflow_Tutorial/py_env/lib/python3.12/site-packages/airflow/example_dags/example_outlet_event_extra.py
[2025-03-17T14:51:52.566-0400] {processor.py:914} INFO - Processing file /Users/nidhipatel/ApacheAirflow_Tutorial/py_env/lib/python3.12/site-packages/airflow/example_dags/example_outlet_event_extra.py for tasks to queue
[2025-03-17T14:51:52.567-0400] {logging_mixin.py:190} INFO - [2025-03-17T14:51:52.567-0400] {dagbag.py:588} INFO - Filling up the DagBag from /Users/nidhipatel/ApacheAirflow_Tutorial/py_env/lib/python3.12/site-packages/airflow/example_dags/example_outlet_event_extra.py
[2025-03-17T14:51:52.613-0400] {processor.py:925} INFO - DAG(s) 'dataset_with_extra_by_context', 'dataset_with_extra_from_classic_operator', 'dataset_with_extra_by_yield' retrieved from /Users/nidhipatel/ApacheAirflow_Tutorial/py_env/lib/python3.12/site-packages/airflow/example_dags/example_outlet_event_extra.py
[2025-03-17T14:51:52.651-0400] {logging_mixin.py:190} INFO - [2025-03-17T14:51:52.651-0400] {dag.py:3239} INFO - Sync 3 DAGs
[2025-03-17T14:51:52.658-0400] {logging_mixin.py:190} INFO - [2025-03-17T14:51:52.658-0400] {dag.py:4180} INFO - Setting next_dagrun for dataset_with_extra_by_context to 2025-03-16 00:00:00+00:00, run_after=2025-03-17 00:00:00+00:00
[2025-03-17T14:51:52.659-0400] {logging_mixin.py:190} INFO - [2025-03-17T14:51:52.659-0400] {dag.py:4180} INFO - Setting next_dagrun for dataset_with_extra_by_yield to 2025-03-16 00:00:00+00:00, run_after=2025-03-17 00:00:00+00:00
[2025-03-17T14:51:52.660-0400] {logging_mixin.py:190} INFO - [2025-03-17T14:51:52.660-0400] {dag.py:4180} INFO - Setting next_dagrun for dataset_with_extra_from_classic_operator to 2025-03-16 00:00:00+00:00, run_after=2025-03-17 00:00:00+00:00
[2025-03-17T14:51:52.668-0400] {processor.py:208} INFO - Processing /Users/nidhipatel/ApacheAirflow_Tutorial/py_env/lib/python3.12/site-packages/airflow/example_dags/example_outlet_event_extra.py took 0.105 seconds
