[2025-03-17T14:32:15.885-0400] {processor.py:186} INFO - Started process (PID=31943) to work on /Users/nidhipatel/ApacheAirflow_Tutorial/py_env/lib/python3.12/site-packages/airflow/example_dags/example_time_delta_sensor_async.py
[2025-03-17T14:32:15.886-0400] {processor.py:914} INFO - Processing file /Users/nidhipatel/ApacheAirflow_Tutorial/py_env/lib/python3.12/site-packages/airflow/example_dags/example_time_delta_sensor_async.py for tasks to queue
[2025-03-17T14:32:15.886-0400] {logging_mixin.py:190} INFO - [2025-03-17T14:32:15.886-0400] {dagbag.py:588} INFO - Filling up the DagBag from /Users/nidhipatel/ApacheAirflow_Tutorial/py_env/lib/python3.12/site-packages/airflow/example_dags/example_time_delta_sensor_async.py
[2025-03-17T14:32:15.890-0400] {processor.py:925} INFO - DAG(s) 'example_time_delta_sensor_async' retrieved from /Users/nidhipatel/ApacheAirflow_Tutorial/py_env/lib/python3.12/site-packages/airflow/example_dags/example_time_delta_sensor_async.py
[2025-03-17T14:32:15.926-0400] {logging_mixin.py:190} INFO - [2025-03-17T14:32:15.926-0400] {workday.py:41} WARNING - Could not import pandas. Holidays will not be considered.
[2025-03-17T14:32:15.968-0400] {logging_mixin.py:190} INFO - [2025-03-17T14:32:15.968-0400] {override.py:1912} INFO - Created Permission View: can edit on DAG:example_time_delta_sensor_async
[2025-03-17T14:32:15.971-0400] {logging_mixin.py:190} INFO - [2025-03-17T14:32:15.971-0400] {override.py:1912} INFO - Created Permission View: can delete on DAG:example_time_delta_sensor_async
[2025-03-17T14:32:15.973-0400] {logging_mixin.py:190} INFO - [2025-03-17T14:32:15.973-0400] {override.py:1912} INFO - Created Permission View: can read on DAG:example_time_delta_sensor_async
[2025-03-17T14:32:15.976-0400] {logging_mixin.py:190} INFO - [2025-03-17T14:32:15.976-0400] {override.py:1912} INFO - Created Permission View: can delete on DAG Run:example_time_delta_sensor_async
[2025-03-17T14:32:15.978-0400] {logging_mixin.py:190} INFO - [2025-03-17T14:32:15.978-0400] {override.py:1912} INFO - Created Permission View: can create on DAG Run:example_time_delta_sensor_async
[2025-03-17T14:32:15.980-0400] {logging_mixin.py:190} INFO - [2025-03-17T14:32:15.980-0400] {override.py:1912} INFO - Created Permission View: menu access on DAG Run:example_time_delta_sensor_async
[2025-03-17T14:32:15.982-0400] {logging_mixin.py:190} INFO - [2025-03-17T14:32:15.982-0400] {override.py:1912} INFO - Created Permission View: can read on DAG Run:example_time_delta_sensor_async
[2025-03-17T14:32:15.982-0400] {logging_mixin.py:190} INFO - [2025-03-17T14:32:15.982-0400] {dag.py:3239} INFO - Sync 1 DAGs
[2025-03-17T14:32:15.987-0400] {logging_mixin.py:190} INFO - [2025-03-17T14:32:15.986-0400] {dag.py:3262} INFO - Creating ORM DAG for example_time_delta_sensor_async
[2025-03-17T14:32:15.987-0400] {logging_mixin.py:190} INFO - [2025-03-17T14:32:15.987-0400] {dag.py:4180} INFO - Setting next_dagrun for example_time_delta_sensor_async to None, run_after=None
[2025-03-17T14:32:15.993-0400] {processor.py:208} INFO - Processing /Users/nidhipatel/ApacheAirflow_Tutorial/py_env/lib/python3.12/site-packages/airflow/example_dags/example_time_delta_sensor_async.py took 0.109 seconds
[2025-03-17T14:33:56.007-0400] {processor.py:186} INFO - Started process (PID=32109) to work on /Users/nidhipatel/ApacheAirflow_Tutorial/py_env/lib/python3.12/site-packages/airflow/example_dags/example_time_delta_sensor_async.py
[2025-03-17T14:33:56.007-0400] {processor.py:914} INFO - Processing file /Users/nidhipatel/ApacheAirflow_Tutorial/py_env/lib/python3.12/site-packages/airflow/example_dags/example_time_delta_sensor_async.py for tasks to queue
[2025-03-17T14:33:56.008-0400] {logging_mixin.py:190} INFO - [2025-03-17T14:33:56.008-0400] {dagbag.py:588} INFO - Filling up the DagBag from /Users/nidhipatel/ApacheAirflow_Tutorial/py_env/lib/python3.12/site-packages/airflow/example_dags/example_time_delta_sensor_async.py
[2025-03-17T14:33:56.011-0400] {processor.py:925} INFO - DAG(s) 'example_time_delta_sensor_async' retrieved from /Users/nidhipatel/ApacheAirflow_Tutorial/py_env/lib/python3.12/site-packages/airflow/example_dags/example_time_delta_sensor_async.py
[2025-03-17T14:33:56.044-0400] {logging_mixin.py:190} INFO - [2025-03-17T14:33:56.044-0400] {workday.py:41} WARNING - Could not import pandas. Holidays will not be considered.
[2025-03-17T14:33:56.051-0400] {logging_mixin.py:190} INFO - [2025-03-17T14:33:56.051-0400] {dag.py:3239} INFO - Sync 1 DAGs
[2025-03-17T14:33:56.055-0400] {logging_mixin.py:190} INFO - [2025-03-17T14:33:56.055-0400] {dag.py:4180} INFO - Setting next_dagrun for example_time_delta_sensor_async to None, run_after=None
[2025-03-17T14:33:56.062-0400] {processor.py:208} INFO - Processing /Users/nidhipatel/ApacheAirflow_Tutorial/py_env/lib/python3.12/site-packages/airflow/example_dags/example_time_delta_sensor_async.py took 0.056 seconds
[2025-03-17T14:35:03.335-0400] {processor.py:186} INFO - Started process (PID=32195) to work on /Users/nidhipatel/ApacheAirflow_Tutorial/py_env/lib/python3.12/site-packages/airflow/example_dags/example_time_delta_sensor_async.py
[2025-03-17T14:35:03.337-0400] {processor.py:914} INFO - Processing file /Users/nidhipatel/ApacheAirflow_Tutorial/py_env/lib/python3.12/site-packages/airflow/example_dags/example_time_delta_sensor_async.py for tasks to queue
[2025-03-17T14:35:03.337-0400] {logging_mixin.py:190} INFO - [2025-03-17T14:35:03.337-0400] {dagbag.py:588} INFO - Filling up the DagBag from /Users/nidhipatel/ApacheAirflow_Tutorial/py_env/lib/python3.12/site-packages/airflow/example_dags/example_time_delta_sensor_async.py
[2025-03-17T14:35:03.340-0400] {processor.py:925} INFO - DAG(s) 'example_time_delta_sensor_async' retrieved from /Users/nidhipatel/ApacheAirflow_Tutorial/py_env/lib/python3.12/site-packages/airflow/example_dags/example_time_delta_sensor_async.py
[2025-03-17T14:35:03.372-0400] {logging_mixin.py:190} INFO - [2025-03-17T14:35:03.372-0400] {workday.py:41} WARNING - Could not import pandas. Holidays will not be considered.
[2025-03-17T14:35:03.379-0400] {logging_mixin.py:190} INFO - [2025-03-17T14:35:03.379-0400] {dag.py:3239} INFO - Sync 1 DAGs
[2025-03-17T14:35:03.382-0400] {logging_mixin.py:190} INFO - [2025-03-17T14:35:03.382-0400] {dag.py:4180} INFO - Setting next_dagrun for example_time_delta_sensor_async to None, run_after=None
[2025-03-17T14:35:03.389-0400] {processor.py:208} INFO - Processing /Users/nidhipatel/ApacheAirflow_Tutorial/py_env/lib/python3.12/site-packages/airflow/example_dags/example_time_delta_sensor_async.py took 0.054 seconds
[2025-03-17T14:36:10.045-0400] {processor.py:186} INFO - Started process (PID=32278) to work on /Users/nidhipatel/ApacheAirflow_Tutorial/py_env/lib/python3.12/site-packages/airflow/example_dags/example_time_delta_sensor_async.py
[2025-03-17T14:36:10.045-0400] {processor.py:914} INFO - Processing file /Users/nidhipatel/ApacheAirflow_Tutorial/py_env/lib/python3.12/site-packages/airflow/example_dags/example_time_delta_sensor_async.py for tasks to queue
[2025-03-17T14:36:10.046-0400] {logging_mixin.py:190} INFO - [2025-03-17T14:36:10.046-0400] {dagbag.py:588} INFO - Filling up the DagBag from /Users/nidhipatel/ApacheAirflow_Tutorial/py_env/lib/python3.12/site-packages/airflow/example_dags/example_time_delta_sensor_async.py
[2025-03-17T14:36:10.049-0400] {processor.py:925} INFO - DAG(s) 'example_time_delta_sensor_async' retrieved from /Users/nidhipatel/ApacheAirflow_Tutorial/py_env/lib/python3.12/site-packages/airflow/example_dags/example_time_delta_sensor_async.py
[2025-03-17T14:36:10.080-0400] {logging_mixin.py:190} INFO - [2025-03-17T14:36:10.080-0400] {workday.py:41} WARNING - Could not import pandas. Holidays will not be considered.
[2025-03-17T14:36:10.087-0400] {logging_mixin.py:190} INFO - [2025-03-17T14:36:10.087-0400] {dag.py:3239} INFO - Sync 1 DAGs
[2025-03-17T14:36:10.091-0400] {logging_mixin.py:190} INFO - [2025-03-17T14:36:10.091-0400] {dag.py:4180} INFO - Setting next_dagrun for example_time_delta_sensor_async to None, run_after=None
[2025-03-17T14:36:10.097-0400] {processor.py:208} INFO - Processing /Users/nidhipatel/ApacheAirflow_Tutorial/py_env/lib/python3.12/site-packages/airflow/example_dags/example_time_delta_sensor_async.py took 0.053 seconds
[2025-03-17T14:37:15.141-0400] {processor.py:186} INFO - Started process (PID=32362) to work on /Users/nidhipatel/ApacheAirflow_Tutorial/py_env/lib/python3.12/site-packages/airflow/example_dags/example_time_delta_sensor_async.py
[2025-03-17T14:37:15.142-0400] {processor.py:914} INFO - Processing file /Users/nidhipatel/ApacheAirflow_Tutorial/py_env/lib/python3.12/site-packages/airflow/example_dags/example_time_delta_sensor_async.py for tasks to queue
[2025-03-17T14:37:15.143-0400] {logging_mixin.py:190} INFO - [2025-03-17T14:37:15.143-0400] {dagbag.py:588} INFO - Filling up the DagBag from /Users/nidhipatel/ApacheAirflow_Tutorial/py_env/lib/python3.12/site-packages/airflow/example_dags/example_time_delta_sensor_async.py
[2025-03-17T14:37:15.146-0400] {processor.py:925} INFO - DAG(s) 'example_time_delta_sensor_async' retrieved from /Users/nidhipatel/ApacheAirflow_Tutorial/py_env/lib/python3.12/site-packages/airflow/example_dags/example_time_delta_sensor_async.py
[2025-03-17T14:37:15.177-0400] {logging_mixin.py:190} INFO - [2025-03-17T14:37:15.176-0400] {workday.py:41} WARNING - Could not import pandas. Holidays will not be considered.
[2025-03-17T14:37:15.183-0400] {logging_mixin.py:190} INFO - [2025-03-17T14:37:15.183-0400] {dag.py:3239} INFO - Sync 1 DAGs
[2025-03-17T14:37:15.187-0400] {logging_mixin.py:190} INFO - [2025-03-17T14:37:15.187-0400] {dag.py:4180} INFO - Setting next_dagrun for example_time_delta_sensor_async to None, run_after=None
[2025-03-17T14:37:15.193-0400] {processor.py:208} INFO - Processing /Users/nidhipatel/ApacheAirflow_Tutorial/py_env/lib/python3.12/site-packages/airflow/example_dags/example_time_delta_sensor_async.py took 0.054 seconds
[2025-03-17T14:38:17.961-0400] {processor.py:186} INFO - Started process (PID=32461) to work on /Users/nidhipatel/ApacheAirflow_Tutorial/py_env/lib/python3.12/site-packages/airflow/example_dags/example_time_delta_sensor_async.py
[2025-03-17T14:38:17.961-0400] {processor.py:914} INFO - Processing file /Users/nidhipatel/ApacheAirflow_Tutorial/py_env/lib/python3.12/site-packages/airflow/example_dags/example_time_delta_sensor_async.py for tasks to queue
[2025-03-17T14:38:17.962-0400] {logging_mixin.py:190} INFO - [2025-03-17T14:38:17.962-0400] {dagbag.py:588} INFO - Filling up the DagBag from /Users/nidhipatel/ApacheAirflow_Tutorial/py_env/lib/python3.12/site-packages/airflow/example_dags/example_time_delta_sensor_async.py
[2025-03-17T14:38:17.965-0400] {processor.py:925} INFO - DAG(s) 'example_time_delta_sensor_async' retrieved from /Users/nidhipatel/ApacheAirflow_Tutorial/py_env/lib/python3.12/site-packages/airflow/example_dags/example_time_delta_sensor_async.py
[2025-03-17T14:38:17.996-0400] {logging_mixin.py:190} INFO - [2025-03-17T14:38:17.996-0400] {workday.py:41} WARNING - Could not import pandas. Holidays will not be considered.
[2025-03-17T14:38:18.003-0400] {logging_mixin.py:190} INFO - [2025-03-17T14:38:18.003-0400] {dag.py:3239} INFO - Sync 1 DAGs
[2025-03-17T14:38:18.006-0400] {logging_mixin.py:190} INFO - [2025-03-17T14:38:18.006-0400] {dag.py:4180} INFO - Setting next_dagrun for example_time_delta_sensor_async to None, run_after=None
[2025-03-17T14:38:18.012-0400] {processor.py:208} INFO - Processing /Users/nidhipatel/ApacheAirflow_Tutorial/py_env/lib/python3.12/site-packages/airflow/example_dags/example_time_delta_sensor_async.py took 0.053 seconds
[2025-03-17T14:39:18.662-0400] {processor.py:186} INFO - Started process (PID=32550) to work on /Users/nidhipatel/ApacheAirflow_Tutorial/py_env/lib/python3.12/site-packages/airflow/example_dags/example_time_delta_sensor_async.py
[2025-03-17T14:39:18.663-0400] {processor.py:914} INFO - Processing file /Users/nidhipatel/ApacheAirflow_Tutorial/py_env/lib/python3.12/site-packages/airflow/example_dags/example_time_delta_sensor_async.py for tasks to queue
[2025-03-17T14:39:18.663-0400] {logging_mixin.py:190} INFO - [2025-03-17T14:39:18.663-0400] {dagbag.py:588} INFO - Filling up the DagBag from /Users/nidhipatel/ApacheAirflow_Tutorial/py_env/lib/python3.12/site-packages/airflow/example_dags/example_time_delta_sensor_async.py
[2025-03-17T14:39:18.666-0400] {processor.py:925} INFO - DAG(s) 'example_time_delta_sensor_async' retrieved from /Users/nidhipatel/ApacheAirflow_Tutorial/py_env/lib/python3.12/site-packages/airflow/example_dags/example_time_delta_sensor_async.py
[2025-03-17T14:39:18.702-0400] {logging_mixin.py:190} INFO - [2025-03-17T14:39:18.702-0400] {workday.py:41} WARNING - Could not import pandas. Holidays will not be considered.
[2025-03-17T14:39:18.709-0400] {logging_mixin.py:190} INFO - [2025-03-17T14:39:18.709-0400] {dag.py:3239} INFO - Sync 1 DAGs
[2025-03-17T14:39:18.714-0400] {logging_mixin.py:190} INFO - [2025-03-17T14:39:18.714-0400] {dag.py:4180} INFO - Setting next_dagrun for example_time_delta_sensor_async to None, run_after=None
[2025-03-17T14:39:18.721-0400] {processor.py:208} INFO - Processing /Users/nidhipatel/ApacheAirflow_Tutorial/py_env/lib/python3.12/site-packages/airflow/example_dags/example_time_delta_sensor_async.py took 0.061 seconds
[2025-03-17T14:40:22.220-0400] {processor.py:186} INFO - Started process (PID=32666) to work on /Users/nidhipatel/ApacheAirflow_Tutorial/py_env/lib/python3.12/site-packages/airflow/example_dags/example_time_delta_sensor_async.py
[2025-03-17T14:40:22.222-0400] {processor.py:914} INFO - Processing file /Users/nidhipatel/ApacheAirflow_Tutorial/py_env/lib/python3.12/site-packages/airflow/example_dags/example_time_delta_sensor_async.py for tasks to queue
[2025-03-17T14:40:22.225-0400] {logging_mixin.py:190} INFO - [2025-03-17T14:40:22.225-0400] {dagbag.py:588} INFO - Filling up the DagBag from /Users/nidhipatel/ApacheAirflow_Tutorial/py_env/lib/python3.12/site-packages/airflow/example_dags/example_time_delta_sensor_async.py
[2025-03-17T14:40:22.231-0400] {processor.py:925} INFO - DAG(s) 'example_time_delta_sensor_async' retrieved from /Users/nidhipatel/ApacheAirflow_Tutorial/py_env/lib/python3.12/site-packages/airflow/example_dags/example_time_delta_sensor_async.py
[2025-03-17T14:40:22.270-0400] {logging_mixin.py:190} INFO - [2025-03-17T14:40:22.270-0400] {workday.py:41} WARNING - Could not import pandas. Holidays will not be considered.
[2025-03-17T14:40:22.280-0400] {logging_mixin.py:190} INFO - [2025-03-17T14:40:22.280-0400] {dag.py:3239} INFO - Sync 1 DAGs
[2025-03-17T14:40:22.285-0400] {logging_mixin.py:190} INFO - [2025-03-17T14:40:22.285-0400] {dag.py:4180} INFO - Setting next_dagrun for example_time_delta_sensor_async to None, run_after=None
[2025-03-17T14:40:22.293-0400] {processor.py:208} INFO - Processing /Users/nidhipatel/ApacheAirflow_Tutorial/py_env/lib/python3.12/site-packages/airflow/example_dags/example_time_delta_sensor_async.py took 0.076 seconds
[2025-03-17T14:41:24.650-0400] {processor.py:186} INFO - Started process (PID=32759) to work on /Users/nidhipatel/ApacheAirflow_Tutorial/py_env/lib/python3.12/site-packages/airflow/example_dags/example_time_delta_sensor_async.py
[2025-03-17T14:41:24.651-0400] {processor.py:914} INFO - Processing file /Users/nidhipatel/ApacheAirflow_Tutorial/py_env/lib/python3.12/site-packages/airflow/example_dags/example_time_delta_sensor_async.py for tasks to queue
[2025-03-17T14:41:24.652-0400] {logging_mixin.py:190} INFO - [2025-03-17T14:41:24.652-0400] {dagbag.py:588} INFO - Filling up the DagBag from /Users/nidhipatel/ApacheAirflow_Tutorial/py_env/lib/python3.12/site-packages/airflow/example_dags/example_time_delta_sensor_async.py
[2025-03-17T14:41:24.656-0400] {processor.py:925} INFO - DAG(s) 'example_time_delta_sensor_async' retrieved from /Users/nidhipatel/ApacheAirflow_Tutorial/py_env/lib/python3.12/site-packages/airflow/example_dags/example_time_delta_sensor_async.py
[2025-03-17T14:41:24.693-0400] {logging_mixin.py:190} INFO - [2025-03-17T14:41:24.693-0400] {workday.py:41} WARNING - Could not import pandas. Holidays will not be considered.
[2025-03-17T14:41:24.701-0400] {logging_mixin.py:190} INFO - [2025-03-17T14:41:24.701-0400] {dag.py:3239} INFO - Sync 1 DAGs
[2025-03-17T14:41:24.705-0400] {logging_mixin.py:190} INFO - [2025-03-17T14:41:24.705-0400] {dag.py:4180} INFO - Setting next_dagrun for example_time_delta_sensor_async to None, run_after=None
[2025-03-17T14:41:24.712-0400] {processor.py:208} INFO - Processing /Users/nidhipatel/ApacheAirflow_Tutorial/py_env/lib/python3.12/site-packages/airflow/example_dags/example_time_delta_sensor_async.py took 0.066 seconds
[2025-03-17T14:42:27.932-0400] {processor.py:186} INFO - Started process (PID=32847) to work on /Users/nidhipatel/ApacheAirflow_Tutorial/py_env/lib/python3.12/site-packages/airflow/example_dags/example_time_delta_sensor_async.py
[2025-03-17T14:42:27.932-0400] {processor.py:914} INFO - Processing file /Users/nidhipatel/ApacheAirflow_Tutorial/py_env/lib/python3.12/site-packages/airflow/example_dags/example_time_delta_sensor_async.py for tasks to queue
[2025-03-17T14:42:27.933-0400] {logging_mixin.py:190} INFO - [2025-03-17T14:42:27.933-0400] {dagbag.py:588} INFO - Filling up the DagBag from /Users/nidhipatel/ApacheAirflow_Tutorial/py_env/lib/python3.12/site-packages/airflow/example_dags/example_time_delta_sensor_async.py
[2025-03-17T14:42:27.936-0400] {processor.py:925} INFO - DAG(s) 'example_time_delta_sensor_async' retrieved from /Users/nidhipatel/ApacheAirflow_Tutorial/py_env/lib/python3.12/site-packages/airflow/example_dags/example_time_delta_sensor_async.py
[2025-03-17T14:42:27.972-0400] {logging_mixin.py:190} INFO - [2025-03-17T14:42:27.972-0400] {workday.py:41} WARNING - Could not import pandas. Holidays will not be considered.
[2025-03-17T14:42:27.980-0400] {logging_mixin.py:190} INFO - [2025-03-17T14:42:27.980-0400] {dag.py:3239} INFO - Sync 1 DAGs
[2025-03-17T14:42:27.983-0400] {logging_mixin.py:190} INFO - [2025-03-17T14:42:27.983-0400] {dag.py:4180} INFO - Setting next_dagrun for example_time_delta_sensor_async to None, run_after=None
[2025-03-17T14:42:27.991-0400] {processor.py:208} INFO - Processing /Users/nidhipatel/ApacheAirflow_Tutorial/py_env/lib/python3.12/site-packages/airflow/example_dags/example_time_delta_sensor_async.py took 0.063 seconds
[2025-03-17T14:43:35.272-0400] {processor.py:186} INFO - Started process (PID=32925) to work on /Users/nidhipatel/ApacheAirflow_Tutorial/py_env/lib/python3.12/site-packages/airflow/example_dags/example_time_delta_sensor_async.py
[2025-03-17T14:43:35.273-0400] {processor.py:914} INFO - Processing file /Users/nidhipatel/ApacheAirflow_Tutorial/py_env/lib/python3.12/site-packages/airflow/example_dags/example_time_delta_sensor_async.py for tasks to queue
[2025-03-17T14:43:35.273-0400] {logging_mixin.py:190} INFO - [2025-03-17T14:43:35.273-0400] {dagbag.py:588} INFO - Filling up the DagBag from /Users/nidhipatel/ApacheAirflow_Tutorial/py_env/lib/python3.12/site-packages/airflow/example_dags/example_time_delta_sensor_async.py
[2025-03-17T14:43:35.277-0400] {processor.py:925} INFO - DAG(s) 'example_time_delta_sensor_async' retrieved from /Users/nidhipatel/ApacheAirflow_Tutorial/py_env/lib/python3.12/site-packages/airflow/example_dags/example_time_delta_sensor_async.py
[2025-03-17T14:43:35.308-0400] {logging_mixin.py:190} INFO - [2025-03-17T14:43:35.308-0400] {workday.py:41} WARNING - Could not import pandas. Holidays will not be considered.
[2025-03-17T14:43:35.315-0400] {logging_mixin.py:190} INFO - [2025-03-17T14:43:35.315-0400] {dag.py:3239} INFO - Sync 1 DAGs
[2025-03-17T14:43:35.319-0400] {logging_mixin.py:190} INFO - [2025-03-17T14:43:35.319-0400] {dag.py:4180} INFO - Setting next_dagrun for example_time_delta_sensor_async to None, run_after=None
[2025-03-17T14:43:35.326-0400] {processor.py:208} INFO - Processing /Users/nidhipatel/ApacheAirflow_Tutorial/py_env/lib/python3.12/site-packages/airflow/example_dags/example_time_delta_sensor_async.py took 0.055 seconds
[2025-03-17T14:44:42.999-0400] {processor.py:186} INFO - Started process (PID=33026) to work on /Users/nidhipatel/ApacheAirflow_Tutorial/py_env/lib/python3.12/site-packages/airflow/example_dags/example_time_delta_sensor_async.py
[2025-03-17T14:44:43.000-0400] {processor.py:914} INFO - Processing file /Users/nidhipatel/ApacheAirflow_Tutorial/py_env/lib/python3.12/site-packages/airflow/example_dags/example_time_delta_sensor_async.py for tasks to queue
[2025-03-17T14:44:43.000-0400] {logging_mixin.py:190} INFO - [2025-03-17T14:44:43.000-0400] {dagbag.py:588} INFO - Filling up the DagBag from /Users/nidhipatel/ApacheAirflow_Tutorial/py_env/lib/python3.12/site-packages/airflow/example_dags/example_time_delta_sensor_async.py
[2025-03-17T14:44:43.004-0400] {processor.py:925} INFO - DAG(s) 'example_time_delta_sensor_async' retrieved from /Users/nidhipatel/ApacheAirflow_Tutorial/py_env/lib/python3.12/site-packages/airflow/example_dags/example_time_delta_sensor_async.py
[2025-03-17T14:44:43.038-0400] {logging_mixin.py:190} INFO - [2025-03-17T14:44:43.038-0400] {workday.py:41} WARNING - Could not import pandas. Holidays will not be considered.
[2025-03-17T14:44:43.046-0400] {logging_mixin.py:190} INFO - [2025-03-17T14:44:43.046-0400] {dag.py:3239} INFO - Sync 1 DAGs
[2025-03-17T14:44:43.050-0400] {logging_mixin.py:190} INFO - [2025-03-17T14:44:43.050-0400] {dag.py:4180} INFO - Setting next_dagrun for example_time_delta_sensor_async to None, run_after=None
[2025-03-17T14:44:43.057-0400] {processor.py:208} INFO - Processing /Users/nidhipatel/ApacheAirflow_Tutorial/py_env/lib/python3.12/site-packages/airflow/example_dags/example_time_delta_sensor_async.py took 0.060 seconds
[2025-03-17T14:45:52.574-0400] {processor.py:186} INFO - Started process (PID=33115) to work on /Users/nidhipatel/ApacheAirflow_Tutorial/py_env/lib/python3.12/site-packages/airflow/example_dags/example_time_delta_sensor_async.py
[2025-03-17T14:45:52.574-0400] {processor.py:914} INFO - Processing file /Users/nidhipatel/ApacheAirflow_Tutorial/py_env/lib/python3.12/site-packages/airflow/example_dags/example_time_delta_sensor_async.py for tasks to queue
[2025-03-17T14:45:52.575-0400] {logging_mixin.py:190} INFO - [2025-03-17T14:45:52.575-0400] {dagbag.py:588} INFO - Filling up the DagBag from /Users/nidhipatel/ApacheAirflow_Tutorial/py_env/lib/python3.12/site-packages/airflow/example_dags/example_time_delta_sensor_async.py
[2025-03-17T14:45:52.578-0400] {processor.py:925} INFO - DAG(s) 'example_time_delta_sensor_async' retrieved from /Users/nidhipatel/ApacheAirflow_Tutorial/py_env/lib/python3.12/site-packages/airflow/example_dags/example_time_delta_sensor_async.py
[2025-03-17T14:45:52.610-0400] {logging_mixin.py:190} INFO - [2025-03-17T14:45:52.610-0400] {workday.py:41} WARNING - Could not import pandas. Holidays will not be considered.
[2025-03-17T14:45:52.618-0400] {logging_mixin.py:190} INFO - [2025-03-17T14:45:52.618-0400] {dag.py:3239} INFO - Sync 1 DAGs
[2025-03-17T14:45:52.622-0400] {logging_mixin.py:190} INFO - [2025-03-17T14:45:52.622-0400] {dag.py:4180} INFO - Setting next_dagrun for example_time_delta_sensor_async to None, run_after=None
[2025-03-17T14:45:52.628-0400] {processor.py:208} INFO - Processing /Users/nidhipatel/ApacheAirflow_Tutorial/py_env/lib/python3.12/site-packages/airflow/example_dags/example_time_delta_sensor_async.py took 0.056 seconds
[2025-03-17T14:47:00.581-0400] {processor.py:186} INFO - Started process (PID=33200) to work on /Users/nidhipatel/ApacheAirflow_Tutorial/py_env/lib/python3.12/site-packages/airflow/example_dags/example_time_delta_sensor_async.py
[2025-03-17T14:47:00.592-0400] {processor.py:914} INFO - Processing file /Users/nidhipatel/ApacheAirflow_Tutorial/py_env/lib/python3.12/site-packages/airflow/example_dags/example_time_delta_sensor_async.py for tasks to queue
[2025-03-17T14:47:00.592-0400] {logging_mixin.py:190} INFO - [2025-03-17T14:47:00.592-0400] {dagbag.py:588} INFO - Filling up the DagBag from /Users/nidhipatel/ApacheAirflow_Tutorial/py_env/lib/python3.12/site-packages/airflow/example_dags/example_time_delta_sensor_async.py
[2025-03-17T14:47:00.610-0400] {processor.py:925} INFO - DAG(s) 'example_time_delta_sensor_async' retrieved from /Users/nidhipatel/ApacheAirflow_Tutorial/py_env/lib/python3.12/site-packages/airflow/example_dags/example_time_delta_sensor_async.py
[2025-03-17T14:47:00.646-0400] {logging_mixin.py:190} INFO - [2025-03-17T14:47:00.646-0400] {workday.py:41} WARNING - Could not import pandas. Holidays will not be considered.
[2025-03-17T14:47:00.655-0400] {logging_mixin.py:190} INFO - [2025-03-17T14:47:00.654-0400] {dag.py:3239} INFO - Sync 1 DAGs
[2025-03-17T14:47:00.659-0400] {logging_mixin.py:190} INFO - [2025-03-17T14:47:00.659-0400] {dag.py:4180} INFO - Setting next_dagrun for example_time_delta_sensor_async to None, run_after=None
[2025-03-17T14:47:00.666-0400] {processor.py:208} INFO - Processing /Users/nidhipatel/ApacheAirflow_Tutorial/py_env/lib/python3.12/site-packages/airflow/example_dags/example_time_delta_sensor_async.py took 0.087 seconds
[2025-03-17T14:48:08.802-0400] {processor.py:186} INFO - Started process (PID=33283) to work on /Users/nidhipatel/ApacheAirflow_Tutorial/py_env/lib/python3.12/site-packages/airflow/example_dags/example_time_delta_sensor_async.py
[2025-03-17T14:48:08.802-0400] {processor.py:914} INFO - Processing file /Users/nidhipatel/ApacheAirflow_Tutorial/py_env/lib/python3.12/site-packages/airflow/example_dags/example_time_delta_sensor_async.py for tasks to queue
[2025-03-17T14:48:08.803-0400] {logging_mixin.py:190} INFO - [2025-03-17T14:48:08.802-0400] {dagbag.py:588} INFO - Filling up the DagBag from /Users/nidhipatel/ApacheAirflow_Tutorial/py_env/lib/python3.12/site-packages/airflow/example_dags/example_time_delta_sensor_async.py
[2025-03-17T14:48:08.806-0400] {processor.py:925} INFO - DAG(s) 'example_time_delta_sensor_async' retrieved from /Users/nidhipatel/ApacheAirflow_Tutorial/py_env/lib/python3.12/site-packages/airflow/example_dags/example_time_delta_sensor_async.py
[2025-03-17T14:48:08.838-0400] {logging_mixin.py:190} INFO - [2025-03-17T14:48:08.838-0400] {workday.py:41} WARNING - Could not import pandas. Holidays will not be considered.
[2025-03-17T14:48:08.845-0400] {logging_mixin.py:190} INFO - [2025-03-17T14:48:08.845-0400] {dag.py:3239} INFO - Sync 1 DAGs
[2025-03-17T14:48:08.849-0400] {logging_mixin.py:190} INFO - [2025-03-17T14:48:08.849-0400] {dag.py:4180} INFO - Setting next_dagrun for example_time_delta_sensor_async to None, run_after=None
[2025-03-17T14:48:08.855-0400] {processor.py:208} INFO - Processing /Users/nidhipatel/ApacheAirflow_Tutorial/py_env/lib/python3.12/site-packages/airflow/example_dags/example_time_delta_sensor_async.py took 0.054 seconds
[2025-03-17T14:49:16.154-0400] {processor.py:186} INFO - Started process (PID=33398) to work on /Users/nidhipatel/ApacheAirflow_Tutorial/py_env/lib/python3.12/site-packages/airflow/example_dags/example_time_delta_sensor_async.py
[2025-03-17T14:49:16.155-0400] {processor.py:914} INFO - Processing file /Users/nidhipatel/ApacheAirflow_Tutorial/py_env/lib/python3.12/site-packages/airflow/example_dags/example_time_delta_sensor_async.py for tasks to queue
[2025-03-17T14:49:16.156-0400] {logging_mixin.py:190} INFO - [2025-03-17T14:49:16.155-0400] {dagbag.py:588} INFO - Filling up the DagBag from /Users/nidhipatel/ApacheAirflow_Tutorial/py_env/lib/python3.12/site-packages/airflow/example_dags/example_time_delta_sensor_async.py
[2025-03-17T14:49:16.159-0400] {processor.py:925} INFO - DAG(s) 'example_time_delta_sensor_async' retrieved from /Users/nidhipatel/ApacheAirflow_Tutorial/py_env/lib/python3.12/site-packages/airflow/example_dags/example_time_delta_sensor_async.py
[2025-03-17T14:49:16.196-0400] {logging_mixin.py:190} INFO - [2025-03-17T14:49:16.196-0400] {workday.py:41} WARNING - Could not import pandas. Holidays will not be considered.
[2025-03-17T14:49:16.204-0400] {logging_mixin.py:190} INFO - [2025-03-17T14:49:16.204-0400] {dag.py:3239} INFO - Sync 1 DAGs
[2025-03-17T14:49:16.208-0400] {logging_mixin.py:190} INFO - [2025-03-17T14:49:16.208-0400] {dag.py:4180} INFO - Setting next_dagrun for example_time_delta_sensor_async to None, run_after=None
[2025-03-17T14:49:16.216-0400] {processor.py:208} INFO - Processing /Users/nidhipatel/ApacheAirflow_Tutorial/py_env/lib/python3.12/site-packages/airflow/example_dags/example_time_delta_sensor_async.py took 0.063 seconds
[2025-03-17T14:50:19.016-0400] {processor.py:186} INFO - Started process (PID=33479) to work on /Users/nidhipatel/ApacheAirflow_Tutorial/py_env/lib/python3.12/site-packages/airflow/example_dags/example_time_delta_sensor_async.py
[2025-03-17T14:50:19.017-0400] {processor.py:914} INFO - Processing file /Users/nidhipatel/ApacheAirflow_Tutorial/py_env/lib/python3.12/site-packages/airflow/example_dags/example_time_delta_sensor_async.py for tasks to queue
[2025-03-17T14:50:19.018-0400] {logging_mixin.py:190} INFO - [2025-03-17T14:50:19.018-0400] {dagbag.py:588} INFO - Filling up the DagBag from /Users/nidhipatel/ApacheAirflow_Tutorial/py_env/lib/python3.12/site-packages/airflow/example_dags/example_time_delta_sensor_async.py
[2025-03-17T14:50:19.021-0400] {processor.py:925} INFO - DAG(s) 'example_time_delta_sensor_async' retrieved from /Users/nidhipatel/ApacheAirflow_Tutorial/py_env/lib/python3.12/site-packages/airflow/example_dags/example_time_delta_sensor_async.py
[2025-03-17T14:50:19.054-0400] {logging_mixin.py:190} INFO - [2025-03-17T14:50:19.053-0400] {workday.py:41} WARNING - Could not import pandas. Holidays will not be considered.
[2025-03-17T14:50:19.061-0400] {logging_mixin.py:190} INFO - [2025-03-17T14:50:19.061-0400] {dag.py:3239} INFO - Sync 1 DAGs
[2025-03-17T14:50:19.064-0400] {logging_mixin.py:190} INFO - [2025-03-17T14:50:19.064-0400] {dag.py:4180} INFO - Setting next_dagrun for example_time_delta_sensor_async to None, run_after=None
[2025-03-17T14:50:19.070-0400] {processor.py:208} INFO - Processing /Users/nidhipatel/ApacheAirflow_Tutorial/py_env/lib/python3.12/site-packages/airflow/example_dags/example_time_delta_sensor_async.py took 0.055 seconds
[2025-03-17T14:51:24.857-0400] {processor.py:186} INFO - Started process (PID=33638) to work on /Users/nidhipatel/ApacheAirflow_Tutorial/py_env/lib/python3.12/site-packages/airflow/example_dags/example_time_delta_sensor_async.py
[2025-03-17T14:51:24.858-0400] {processor.py:914} INFO - Processing file /Users/nidhipatel/ApacheAirflow_Tutorial/py_env/lib/python3.12/site-packages/airflow/example_dags/example_time_delta_sensor_async.py for tasks to queue
[2025-03-17T14:51:24.859-0400] {logging_mixin.py:190} INFO - [2025-03-17T14:51:24.859-0400] {dagbag.py:588} INFO - Filling up the DagBag from /Users/nidhipatel/ApacheAirflow_Tutorial/py_env/lib/python3.12/site-packages/airflow/example_dags/example_time_delta_sensor_async.py
[2025-03-17T14:51:24.862-0400] {processor.py:925} INFO - DAG(s) 'example_time_delta_sensor_async' retrieved from /Users/nidhipatel/ApacheAirflow_Tutorial/py_env/lib/python3.12/site-packages/airflow/example_dags/example_time_delta_sensor_async.py
[2025-03-17T14:51:24.897-0400] {logging_mixin.py:190} INFO - [2025-03-17T14:51:24.897-0400] {workday.py:41} WARNING - Could not import pandas. Holidays will not be considered.
[2025-03-17T14:51:24.905-0400] {logging_mixin.py:190} INFO - [2025-03-17T14:51:24.905-0400] {dag.py:3239} INFO - Sync 1 DAGs
[2025-03-17T14:51:24.910-0400] {logging_mixin.py:190} INFO - [2025-03-17T14:51:24.910-0400] {dag.py:4180} INFO - Setting next_dagrun for example_time_delta_sensor_async to None, run_after=None
[2025-03-17T14:51:24.917-0400] {processor.py:208} INFO - Processing /Users/nidhipatel/ApacheAirflow_Tutorial/py_env/lib/python3.12/site-packages/airflow/example_dags/example_time_delta_sensor_async.py took 0.061 seconds
[2025-03-17T14:52:32.703-0400] {processor.py:186} INFO - Started process (PID=33872) to work on /Users/nidhipatel/ApacheAirflow_Tutorial/py_env/lib/python3.12/site-packages/airflow/example_dags/example_time_delta_sensor_async.py
[2025-03-17T14:52:32.703-0400] {processor.py:914} INFO - Processing file /Users/nidhipatel/ApacheAirflow_Tutorial/py_env/lib/python3.12/site-packages/airflow/example_dags/example_time_delta_sensor_async.py for tasks to queue
[2025-03-17T14:52:32.704-0400] {logging_mixin.py:190} INFO - [2025-03-17T14:52:32.704-0400] {dagbag.py:588} INFO - Filling up the DagBag from /Users/nidhipatel/ApacheAirflow_Tutorial/py_env/lib/python3.12/site-packages/airflow/example_dags/example_time_delta_sensor_async.py
[2025-03-17T14:52:32.707-0400] {processor.py:925} INFO - DAG(s) 'example_time_delta_sensor_async' retrieved from /Users/nidhipatel/ApacheAirflow_Tutorial/py_env/lib/python3.12/site-packages/airflow/example_dags/example_time_delta_sensor_async.py
[2025-03-17T14:52:32.742-0400] {logging_mixin.py:190} INFO - [2025-03-17T14:52:32.741-0400] {workday.py:41} WARNING - Could not import pandas. Holidays will not be considered.
[2025-03-17T14:52:32.751-0400] {logging_mixin.py:190} INFO - [2025-03-17T14:52:32.750-0400] {dag.py:3239} INFO - Sync 1 DAGs
[2025-03-17T14:52:32.755-0400] {logging_mixin.py:190} INFO - [2025-03-17T14:52:32.754-0400] {dag.py:4180} INFO - Setting next_dagrun for example_time_delta_sensor_async to None, run_after=None
[2025-03-17T14:52:32.761-0400] {processor.py:208} INFO - Processing /Users/nidhipatel/ApacheAirflow_Tutorial/py_env/lib/python3.12/site-packages/airflow/example_dags/example_time_delta_sensor_async.py took 0.060 seconds
