[2025-03-17T14:33:23.058-0400] {processor.py:186} INFO - Started process (PID=32062) to work on /Users/nidhipatel/ApacheAirflow_Tutorial/py_env/lib/python3.12/site-packages/airflow/example_dags/example_branch_day_of_week_operator.py
[2025-03-17T14:33:23.058-0400] {processor.py:914} INFO - Processing file /Users/nidhipatel/ApacheAirflow_Tutorial/py_env/lib/python3.12/site-packages/airflow/example_dags/example_branch_day_of_week_operator.py for tasks to queue
[2025-03-17T14:33:23.058-0400] {logging_mixin.py:190} INFO - [2025-03-17T14:33:23.058-0400] {dagbag.py:588} INFO - Filling up the DagBag from /Users/nidhipatel/ApacheAirflow_Tutorial/py_env/lib/python3.12/site-packages/airflow/example_dags/example_branch_day_of_week_operator.py
[2025-03-17T14:33:23.063-0400] {processor.py:925} INFO - DAG(s) 'example_weekday_branch_operator' retrieved from /Users/nidhipatel/ApacheAirflow_Tutorial/py_env/lib/python3.12/site-packages/airflow/example_dags/example_branch_day_of_week_operator.py
[2025-03-17T14:33:23.138-0400] {logging_mixin.py:190} INFO - [2025-03-17T14:33:23.138-0400] {override.py:1912} INFO - Created Permission View: can read on DAG:example_weekday_branch_operator
[2025-03-17T14:33:23.141-0400] {logging_mixin.py:190} INFO - [2025-03-17T14:33:23.141-0400] {override.py:1912} INFO - Created Permission View: can edit on DAG:example_weekday_branch_operator
[2025-03-17T14:33:23.143-0400] {logging_mixin.py:190} INFO - [2025-03-17T14:33:23.143-0400] {override.py:1912} INFO - Created Permission View: can delete on DAG:example_weekday_branch_operator
[2025-03-17T14:33:23.146-0400] {logging_mixin.py:190} INFO - [2025-03-17T14:33:23.146-0400] {override.py:1912} INFO - Created Permission View: can read on DAG Run:example_weekday_branch_operator
[2025-03-17T14:33:23.150-0400] {logging_mixin.py:190} INFO - [2025-03-17T14:33:23.149-0400] {override.py:1912} INFO - Created Permission View: menu access on DAG Run:example_weekday_branch_operator
[2025-03-17T14:33:23.151-0400] {logging_mixin.py:190} INFO - [2025-03-17T14:33:23.151-0400] {override.py:1912} INFO - Created Permission View: can delete on DAG Run:example_weekday_branch_operator
[2025-03-17T14:33:23.153-0400] {logging_mixin.py:190} INFO - [2025-03-17T14:33:23.153-0400] {override.py:1912} INFO - Created Permission View: can create on DAG Run:example_weekday_branch_operator
[2025-03-17T14:33:23.154-0400] {logging_mixin.py:190} INFO - [2025-03-17T14:33:23.153-0400] {dag.py:3239} INFO - Sync 1 DAGs
[2025-03-17T14:33:23.158-0400] {logging_mixin.py:190} INFO - [2025-03-17T14:33:23.158-0400] {dag.py:3262} INFO - Creating ORM DAG for example_weekday_branch_operator
[2025-03-17T14:33:23.161-0400] {logging_mixin.py:190} INFO - [2025-03-17T14:33:23.161-0400] {dag.py:4180} INFO - Setting next_dagrun for example_weekday_branch_operator to 2025-03-16 00:00:00+00:00, run_after=2025-03-17 00:00:00+00:00
[2025-03-17T14:33:23.167-0400] {processor.py:208} INFO - Processing /Users/nidhipatel/ApacheAirflow_Tutorial/py_env/lib/python3.12/site-packages/airflow/example_dags/example_branch_day_of_week_operator.py took 0.111 seconds
[2025-03-17T14:35:38.871-0400] {processor.py:186} INFO - Started process (PID=32236) to work on /Users/nidhipatel/ApacheAirflow_Tutorial/py_env/lib/python3.12/site-packages/airflow/example_dags/example_branch_day_of_week_operator.py
[2025-03-17T14:35:38.872-0400] {processor.py:914} INFO - Processing file /Users/nidhipatel/ApacheAirflow_Tutorial/py_env/lib/python3.12/site-packages/airflow/example_dags/example_branch_day_of_week_operator.py for tasks to queue
[2025-03-17T14:35:38.872-0400] {logging_mixin.py:190} INFO - [2025-03-17T14:35:38.872-0400] {dagbag.py:588} INFO - Filling up the DagBag from /Users/nidhipatel/ApacheAirflow_Tutorial/py_env/lib/python3.12/site-packages/airflow/example_dags/example_branch_day_of_week_operator.py
[2025-03-17T14:35:38.877-0400] {processor.py:925} INFO - DAG(s) 'example_weekday_branch_operator' retrieved from /Users/nidhipatel/ApacheAirflow_Tutorial/py_env/lib/python3.12/site-packages/airflow/example_dags/example_branch_day_of_week_operator.py
[2025-03-17T14:35:38.912-0400] {logging_mixin.py:190} INFO - [2025-03-17T14:35:38.912-0400] {dag.py:3239} INFO - Sync 1 DAGs
[2025-03-17T14:35:38.919-0400] {logging_mixin.py:190} INFO - [2025-03-17T14:35:38.918-0400] {dag.py:4180} INFO - Setting next_dagrun for example_weekday_branch_operator to 2025-03-16 00:00:00+00:00, run_after=2025-03-17 00:00:00+00:00
[2025-03-17T14:35:38.925-0400] {processor.py:208} INFO - Processing /Users/nidhipatel/ApacheAirflow_Tutorial/py_env/lib/python3.12/site-packages/airflow/example_dags/example_branch_day_of_week_operator.py took 0.055 seconds
[2025-03-17T14:37:46.661-0400] {processor.py:186} INFO - Started process (PID=32402) to work on /Users/nidhipatel/ApacheAirflow_Tutorial/py_env/lib/python3.12/site-packages/airflow/example_dags/example_branch_day_of_week_operator.py
[2025-03-17T14:37:46.662-0400] {processor.py:914} INFO - Processing file /Users/nidhipatel/ApacheAirflow_Tutorial/py_env/lib/python3.12/site-packages/airflow/example_dags/example_branch_day_of_week_operator.py for tasks to queue
[2025-03-17T14:37:46.662-0400] {logging_mixin.py:190} INFO - [2025-03-17T14:37:46.662-0400] {dagbag.py:588} INFO - Filling up the DagBag from /Users/nidhipatel/ApacheAirflow_Tutorial/py_env/lib/python3.12/site-packages/airflow/example_dags/example_branch_day_of_week_operator.py
[2025-03-17T14:37:46.667-0400] {processor.py:925} INFO - DAG(s) 'example_weekday_branch_operator' retrieved from /Users/nidhipatel/ApacheAirflow_Tutorial/py_env/lib/python3.12/site-packages/airflow/example_dags/example_branch_day_of_week_operator.py
[2025-03-17T14:37:46.703-0400] {logging_mixin.py:190} INFO - [2025-03-17T14:37:46.703-0400] {dag.py:3239} INFO - Sync 1 DAGs
[2025-03-17T14:37:46.710-0400] {logging_mixin.py:190} INFO - [2025-03-17T14:37:46.710-0400] {dag.py:4180} INFO - Setting next_dagrun for example_weekday_branch_operator to 2025-03-16 00:00:00+00:00, run_after=2025-03-17 00:00:00+00:00
[2025-03-17T14:37:46.717-0400] {processor.py:208} INFO - Processing /Users/nidhipatel/ApacheAirflow_Tutorial/py_env/lib/python3.12/site-packages/airflow/example_dags/example_branch_day_of_week_operator.py took 0.058 seconds
[2025-03-17T14:39:50.417-0400] {processor.py:186} INFO - Started process (PID=32621) to work on /Users/nidhipatel/ApacheAirflow_Tutorial/py_env/lib/python3.12/site-packages/airflow/example_dags/example_branch_day_of_week_operator.py
[2025-03-17T14:39:50.418-0400] {processor.py:914} INFO - Processing file /Users/nidhipatel/ApacheAirflow_Tutorial/py_env/lib/python3.12/site-packages/airflow/example_dags/example_branch_day_of_week_operator.py for tasks to queue
[2025-03-17T14:39:50.418-0400] {logging_mixin.py:190} INFO - [2025-03-17T14:39:50.418-0400] {dagbag.py:588} INFO - Filling up the DagBag from /Users/nidhipatel/ApacheAirflow_Tutorial/py_env/lib/python3.12/site-packages/airflow/example_dags/example_branch_day_of_week_operator.py
[2025-03-17T14:39:50.423-0400] {processor.py:925} INFO - DAG(s) 'example_weekday_branch_operator' retrieved from /Users/nidhipatel/ApacheAirflow_Tutorial/py_env/lib/python3.12/site-packages/airflow/example_dags/example_branch_day_of_week_operator.py
[2025-03-17T14:39:50.462-0400] {logging_mixin.py:190} INFO - [2025-03-17T14:39:50.462-0400] {dag.py:3239} INFO - Sync 1 DAGs
[2025-03-17T14:39:50.470-0400] {logging_mixin.py:190} INFO - [2025-03-17T14:39:50.470-0400] {dag.py:4180} INFO - Setting next_dagrun for example_weekday_branch_operator to 2025-03-16 00:00:00+00:00, run_after=2025-03-17 00:00:00+00:00
[2025-03-17T14:39:50.479-0400] {processor.py:208} INFO - Processing /Users/nidhipatel/ApacheAirflow_Tutorial/py_env/lib/python3.12/site-packages/airflow/example_dags/example_branch_day_of_week_operator.py took 0.063 seconds
[2025-03-17T14:41:56.641-0400] {processor.py:186} INFO - Started process (PID=32804) to work on /Users/nidhipatel/ApacheAirflow_Tutorial/py_env/lib/python3.12/site-packages/airflow/example_dags/example_branch_day_of_week_operator.py
[2025-03-17T14:41:56.642-0400] {processor.py:914} INFO - Processing file /Users/nidhipatel/ApacheAirflow_Tutorial/py_env/lib/python3.12/site-packages/airflow/example_dags/example_branch_day_of_week_operator.py for tasks to queue
[2025-03-17T14:41:56.642-0400] {logging_mixin.py:190} INFO - [2025-03-17T14:41:56.642-0400] {dagbag.py:588} INFO - Filling up the DagBag from /Users/nidhipatel/ApacheAirflow_Tutorial/py_env/lib/python3.12/site-packages/airflow/example_dags/example_branch_day_of_week_operator.py
[2025-03-17T14:41:56.646-0400] {processor.py:925} INFO - DAG(s) 'example_weekday_branch_operator' retrieved from /Users/nidhipatel/ApacheAirflow_Tutorial/py_env/lib/python3.12/site-packages/airflow/example_dags/example_branch_day_of_week_operator.py
[2025-03-17T14:41:56.683-0400] {logging_mixin.py:190} INFO - [2025-03-17T14:41:56.683-0400] {dag.py:3239} INFO - Sync 1 DAGs
[2025-03-17T14:41:56.690-0400] {logging_mixin.py:190} INFO - [2025-03-17T14:41:56.689-0400] {dag.py:4180} INFO - Setting next_dagrun for example_weekday_branch_operator to 2025-03-16 00:00:00+00:00, run_after=2025-03-17 00:00:00+00:00
[2025-03-17T14:41:56.697-0400] {processor.py:208} INFO - Processing /Users/nidhipatel/ApacheAirflow_Tutorial/py_env/lib/python3.12/site-packages/airflow/example_dags/example_branch_day_of_week_operator.py took 0.057 seconds
[2025-03-17T14:44:07.653-0400] {processor.py:186} INFO - Started process (PID=32967) to work on /Users/nidhipatel/ApacheAirflow_Tutorial/py_env/lib/python3.12/site-packages/airflow/example_dags/example_branch_day_of_week_operator.py
[2025-03-17T14:44:07.653-0400] {processor.py:914} INFO - Processing file /Users/nidhipatel/ApacheAirflow_Tutorial/py_env/lib/python3.12/site-packages/airflow/example_dags/example_branch_day_of_week_operator.py for tasks to queue
[2025-03-17T14:44:07.654-0400] {logging_mixin.py:190} INFO - [2025-03-17T14:44:07.654-0400] {dagbag.py:588} INFO - Filling up the DagBag from /Users/nidhipatel/ApacheAirflow_Tutorial/py_env/lib/python3.12/site-packages/airflow/example_dags/example_branch_day_of_week_operator.py
[2025-03-17T14:44:07.658-0400] {processor.py:925} INFO - DAG(s) 'example_weekday_branch_operator' retrieved from /Users/nidhipatel/ApacheAirflow_Tutorial/py_env/lib/python3.12/site-packages/airflow/example_dags/example_branch_day_of_week_operator.py
[2025-03-17T14:44:07.694-0400] {logging_mixin.py:190} INFO - [2025-03-17T14:44:07.694-0400] {dag.py:3239} INFO - Sync 1 DAGs
[2025-03-17T14:44:07.702-0400] {logging_mixin.py:190} INFO - [2025-03-17T14:44:07.702-0400] {dag.py:4180} INFO - Setting next_dagrun for example_weekday_branch_operator to 2025-03-16 00:00:00+00:00, run_after=2025-03-17 00:00:00+00:00
[2025-03-17T14:44:07.709-0400] {processor.py:208} INFO - Processing /Users/nidhipatel/ApacheAirflow_Tutorial/py_env/lib/python3.12/site-packages/airflow/example_dags/example_branch_day_of_week_operator.py took 0.058 seconds
[2025-03-17T14:46:25.545-0400] {processor.py:186} INFO - Started process (PID=33155) to work on /Users/nidhipatel/ApacheAirflow_Tutorial/py_env/lib/python3.12/site-packages/airflow/example_dags/example_branch_day_of_week_operator.py
[2025-03-17T14:46:25.546-0400] {processor.py:914} INFO - Processing file /Users/nidhipatel/ApacheAirflow_Tutorial/py_env/lib/python3.12/site-packages/airflow/example_dags/example_branch_day_of_week_operator.py for tasks to queue
[2025-03-17T14:46:25.546-0400] {logging_mixin.py:190} INFO - [2025-03-17T14:46:25.546-0400] {dagbag.py:588} INFO - Filling up the DagBag from /Users/nidhipatel/ApacheAirflow_Tutorial/py_env/lib/python3.12/site-packages/airflow/example_dags/example_branch_day_of_week_operator.py
[2025-03-17T14:46:25.553-0400] {processor.py:925} INFO - DAG(s) 'example_weekday_branch_operator' retrieved from /Users/nidhipatel/ApacheAirflow_Tutorial/py_env/lib/python3.12/site-packages/airflow/example_dags/example_branch_day_of_week_operator.py
[2025-03-17T14:46:25.590-0400] {logging_mixin.py:190} INFO - [2025-03-17T14:46:25.590-0400] {dag.py:3239} INFO - Sync 1 DAGs
[2025-03-17T14:46:25.596-0400] {logging_mixin.py:190} INFO - [2025-03-17T14:46:25.596-0400] {dag.py:4180} INFO - Setting next_dagrun for example_weekday_branch_operator to 2025-03-16 00:00:00+00:00, run_after=2025-03-17 00:00:00+00:00
[2025-03-17T14:46:25.603-0400] {processor.py:208} INFO - Processing /Users/nidhipatel/ApacheAirflow_Tutorial/py_env/lib/python3.12/site-packages/airflow/example_dags/example_branch_day_of_week_operator.py took 0.059 seconds
[2025-03-17T14:48:44.089-0400] {processor.py:186} INFO - Started process (PID=33330) to work on /Users/nidhipatel/ApacheAirflow_Tutorial/py_env/lib/python3.12/site-packages/airflow/example_dags/example_branch_day_of_week_operator.py
[2025-03-17T14:48:44.089-0400] {processor.py:914} INFO - Processing file /Users/nidhipatel/ApacheAirflow_Tutorial/py_env/lib/python3.12/site-packages/airflow/example_dags/example_branch_day_of_week_operator.py for tasks to queue
[2025-03-17T14:48:44.090-0400] {logging_mixin.py:190} INFO - [2025-03-17T14:48:44.090-0400] {dagbag.py:588} INFO - Filling up the DagBag from /Users/nidhipatel/ApacheAirflow_Tutorial/py_env/lib/python3.12/site-packages/airflow/example_dags/example_branch_day_of_week_operator.py
[2025-03-17T14:48:44.094-0400] {processor.py:925} INFO - DAG(s) 'example_weekday_branch_operator' retrieved from /Users/nidhipatel/ApacheAirflow_Tutorial/py_env/lib/python3.12/site-packages/airflow/example_dags/example_branch_day_of_week_operator.py
[2025-03-17T14:48:44.129-0400] {logging_mixin.py:190} INFO - [2025-03-17T14:48:44.129-0400] {dag.py:3239} INFO - Sync 1 DAGs
[2025-03-17T14:48:44.135-0400] {logging_mixin.py:190} INFO - [2025-03-17T14:48:44.135-0400] {dag.py:4180} INFO - Setting next_dagrun for example_weekday_branch_operator to 2025-03-16 00:00:00+00:00, run_after=2025-03-17 00:00:00+00:00
[2025-03-17T14:48:44.142-0400] {processor.py:208} INFO - Processing /Users/nidhipatel/ApacheAirflow_Tutorial/py_env/lib/python3.12/site-packages/airflow/example_dags/example_branch_day_of_week_operator.py took 0.055 seconds
[2025-03-17T14:50:52.159-0400] {processor.py:186} INFO - Started process (PID=33558) to work on /Users/nidhipatel/ApacheAirflow_Tutorial/py_env/lib/python3.12/site-packages/airflow/example_dags/example_branch_day_of_week_operator.py
[2025-03-17T14:50:52.159-0400] {processor.py:914} INFO - Processing file /Users/nidhipatel/ApacheAirflow_Tutorial/py_env/lib/python3.12/site-packages/airflow/example_dags/example_branch_day_of_week_operator.py for tasks to queue
[2025-03-17T14:50:52.160-0400] {logging_mixin.py:190} INFO - [2025-03-17T14:50:52.160-0400] {dagbag.py:588} INFO - Filling up the DagBag from /Users/nidhipatel/ApacheAirflow_Tutorial/py_env/lib/python3.12/site-packages/airflow/example_dags/example_branch_day_of_week_operator.py
[2025-03-17T14:50:52.164-0400] {processor.py:925} INFO - DAG(s) 'example_weekday_branch_operator' retrieved from /Users/nidhipatel/ApacheAirflow_Tutorial/py_env/lib/python3.12/site-packages/airflow/example_dags/example_branch_day_of_week_operator.py
[2025-03-17T14:50:52.201-0400] {logging_mixin.py:190} INFO - [2025-03-17T14:50:52.201-0400] {dag.py:3239} INFO - Sync 1 DAGs
[2025-03-17T14:50:52.207-0400] {logging_mixin.py:190} INFO - [2025-03-17T14:50:52.207-0400] {dag.py:4180} INFO - Setting next_dagrun for example_weekday_branch_operator to 2025-03-16 00:00:00+00:00, run_after=2025-03-17 00:00:00+00:00
[2025-03-17T14:50:52.214-0400] {processor.py:208} INFO - Processing /Users/nidhipatel/ApacheAirflow_Tutorial/py_env/lib/python3.12/site-packages/airflow/example_dags/example_branch_day_of_week_operator.py took 0.057 seconds
[2025-03-17T14:53:08.287-0400] {processor.py:186} INFO - Started process (PID=33982) to work on /Users/nidhipatel/ApacheAirflow_Tutorial/py_env/lib/python3.12/site-packages/airflow/example_dags/example_branch_day_of_week_operator.py
[2025-03-17T14:53:08.287-0400] {processor.py:914} INFO - Processing file /Users/nidhipatel/ApacheAirflow_Tutorial/py_env/lib/python3.12/site-packages/airflow/example_dags/example_branch_day_of_week_operator.py for tasks to queue
[2025-03-17T14:53:08.288-0400] {logging_mixin.py:190} INFO - [2025-03-17T14:53:08.288-0400] {dagbag.py:588} INFO - Filling up the DagBag from /Users/nidhipatel/ApacheAirflow_Tutorial/py_env/lib/python3.12/site-packages/airflow/example_dags/example_branch_day_of_week_operator.py
[2025-03-17T14:53:08.292-0400] {processor.py:925} INFO - DAG(s) 'example_weekday_branch_operator' retrieved from /Users/nidhipatel/ApacheAirflow_Tutorial/py_env/lib/python3.12/site-packages/airflow/example_dags/example_branch_day_of_week_operator.py
[2025-03-17T14:53:08.327-0400] {logging_mixin.py:190} INFO - [2025-03-17T14:53:08.327-0400] {dag.py:3239} INFO - Sync 1 DAGs
[2025-03-17T14:53:08.334-0400] {logging_mixin.py:190} INFO - [2025-03-17T14:53:08.333-0400] {dag.py:4180} INFO - Setting next_dagrun for example_weekday_branch_operator to 2025-03-16 00:00:00+00:00, run_after=2025-03-17 00:00:00+00:00
[2025-03-17T14:53:08.340-0400] {processor.py:208} INFO - Processing /Users/nidhipatel/ApacheAirflow_Tutorial/py_env/lib/python3.12/site-packages/airflow/example_dags/example_branch_day_of_week_operator.py took 0.055 seconds
