[2025-03-17T14:32:12.075-0400] {processor.py:186} INFO - Started process (PID=31939) to work on /Users/nidhipatel/ApacheAirflow_Tutorial/py_env/lib/python3.12/site-packages/airflow/example_dags/example_trigger_target_dag.py
[2025-03-17T14:32:12.076-0400] {processor.py:914} INFO - Processing file /Users/nidhipatel/ApacheAirflow_Tutorial/py_env/lib/python3.12/site-packages/airflow/example_dags/example_trigger_target_dag.py for tasks to queue
[2025-03-17T14:32:12.076-0400] {logging_mixin.py:190} INFO - [2025-03-17T14:32:12.076-0400] {dagbag.py:588} INFO - Filling up the DagBag from /Users/nidhipatel/ApacheAirflow_Tutorial/py_env/lib/python3.12/site-packages/airflow/example_dags/example_trigger_target_dag.py
[2025-03-17T14:32:12.093-0400] {processor.py:925} INFO - DAG(s) 'example_trigger_target_dag' retrieved from /Users/nidhipatel/ApacheAirflow_Tutorial/py_env/lib/python3.12/site-packages/airflow/example_dags/example_trigger_target_dag.py
[2025-03-17T14:32:12.169-0400] {logging_mixin.py:190} INFO - [2025-03-17T14:32:12.169-0400] {override.py:1912} INFO - Created Permission View: can delete on DAG:example_trigger_target_dag
[2025-03-17T14:32:12.173-0400] {logging_mixin.py:190} INFO - [2025-03-17T14:32:12.173-0400] {override.py:1912} INFO - Created Permission View: can edit on DAG:example_trigger_target_dag
[2025-03-17T14:32:12.175-0400] {logging_mixin.py:190} INFO - [2025-03-17T14:32:12.175-0400] {override.py:1912} INFO - Created Permission View: can read on DAG:example_trigger_target_dag
[2025-03-17T14:32:12.179-0400] {logging_mixin.py:190} INFO - [2025-03-17T14:32:12.179-0400] {override.py:1912} INFO - Created Permission View: can delete on DAG Run:example_trigger_target_dag
[2025-03-17T14:32:12.182-0400] {logging_mixin.py:190} INFO - [2025-03-17T14:32:12.182-0400] {override.py:1912} INFO - Created Permission View: menu access on DAG Run:example_trigger_target_dag
[2025-03-17T14:32:12.185-0400] {logging_mixin.py:190} INFO - [2025-03-17T14:32:12.185-0400] {override.py:1912} INFO - Created Permission View: can create on DAG Run:example_trigger_target_dag
[2025-03-17T14:32:12.189-0400] {logging_mixin.py:190} INFO - [2025-03-17T14:32:12.189-0400] {override.py:1912} INFO - Created Permission View: can read on DAG Run:example_trigger_target_dag
[2025-03-17T14:32:12.191-0400] {logging_mixin.py:190} INFO - [2025-03-17T14:32:12.191-0400] {dag.py:3239} INFO - Sync 1 DAGs
[2025-03-17T14:32:12.195-0400] {logging_mixin.py:190} INFO - [2025-03-17T14:32:12.195-0400] {dag.py:3262} INFO - Creating ORM DAG for example_trigger_target_dag
[2025-03-17T14:32:12.195-0400] {logging_mixin.py:190} INFO - [2025-03-17T14:32:12.195-0400] {dag.py:4180} INFO - Setting next_dagrun for example_trigger_target_dag to None, run_after=None
[2025-03-17T14:32:12.201-0400] {processor.py:208} INFO - Processing /Users/nidhipatel/ApacheAirflow_Tutorial/py_env/lib/python3.12/site-packages/airflow/example_dags/example_trigger_target_dag.py took 0.127 seconds
[2025-03-17T14:33:53.782-0400] {processor.py:186} INFO - Started process (PID=32105) to work on /Users/nidhipatel/ApacheAirflow_Tutorial/py_env/lib/python3.12/site-packages/airflow/example_dags/example_trigger_target_dag.py
[2025-03-17T14:33:53.783-0400] {processor.py:914} INFO - Processing file /Users/nidhipatel/ApacheAirflow_Tutorial/py_env/lib/python3.12/site-packages/airflow/example_dags/example_trigger_target_dag.py for tasks to queue
[2025-03-17T14:33:53.783-0400] {logging_mixin.py:190} INFO - [2025-03-17T14:33:53.783-0400] {dagbag.py:588} INFO - Filling up the DagBag from /Users/nidhipatel/ApacheAirflow_Tutorial/py_env/lib/python3.12/site-packages/airflow/example_dags/example_trigger_target_dag.py
[2025-03-17T14:33:53.799-0400] {processor.py:925} INFO - DAG(s) 'example_trigger_target_dag' retrieved from /Users/nidhipatel/ApacheAirflow_Tutorial/py_env/lib/python3.12/site-packages/airflow/example_dags/example_trigger_target_dag.py
[2025-03-17T14:33:53.834-0400] {logging_mixin.py:190} INFO - [2025-03-17T14:33:53.834-0400] {dag.py:3239} INFO - Sync 1 DAGs
[2025-03-17T14:33:53.839-0400] {logging_mixin.py:190} INFO - [2025-03-17T14:33:53.839-0400] {dag.py:4180} INFO - Setting next_dagrun for example_trigger_target_dag to None, run_after=None
[2025-03-17T14:33:53.845-0400] {processor.py:208} INFO - Processing /Users/nidhipatel/ApacheAirflow_Tutorial/py_env/lib/python3.12/site-packages/airflow/example_dags/example_trigger_target_dag.py took 0.064 seconds
[2025-03-17T14:34:59.856-0400] {processor.py:186} INFO - Started process (PID=32191) to work on /Users/nidhipatel/ApacheAirflow_Tutorial/py_env/lib/python3.12/site-packages/airflow/example_dags/example_trigger_target_dag.py
[2025-03-17T14:34:59.857-0400] {processor.py:914} INFO - Processing file /Users/nidhipatel/ApacheAirflow_Tutorial/py_env/lib/python3.12/site-packages/airflow/example_dags/example_trigger_target_dag.py for tasks to queue
[2025-03-17T14:34:59.857-0400] {logging_mixin.py:190} INFO - [2025-03-17T14:34:59.857-0400] {dagbag.py:588} INFO - Filling up the DagBag from /Users/nidhipatel/ApacheAirflow_Tutorial/py_env/lib/python3.12/site-packages/airflow/example_dags/example_trigger_target_dag.py
[2025-03-17T14:34:59.871-0400] {processor.py:925} INFO - DAG(s) 'example_trigger_target_dag' retrieved from /Users/nidhipatel/ApacheAirflow_Tutorial/py_env/lib/python3.12/site-packages/airflow/example_dags/example_trigger_target_dag.py
[2025-03-17T14:34:59.905-0400] {logging_mixin.py:190} INFO - [2025-03-17T14:34:59.905-0400] {dag.py:3239} INFO - Sync 1 DAGs
[2025-03-17T14:34:59.909-0400] {logging_mixin.py:190} INFO - [2025-03-17T14:34:59.909-0400] {dag.py:4180} INFO - Setting next_dagrun for example_trigger_target_dag to None, run_after=None
[2025-03-17T14:34:59.915-0400] {processor.py:208} INFO - Processing /Users/nidhipatel/ApacheAirflow_Tutorial/py_env/lib/python3.12/site-packages/airflow/example_dags/example_trigger_target_dag.py took 0.060 seconds
[2025-03-17T14:36:07.037-0400] {processor.py:186} INFO - Started process (PID=32274) to work on /Users/nidhipatel/ApacheAirflow_Tutorial/py_env/lib/python3.12/site-packages/airflow/example_dags/example_trigger_target_dag.py
[2025-03-17T14:36:07.038-0400] {processor.py:914} INFO - Processing file /Users/nidhipatel/ApacheAirflow_Tutorial/py_env/lib/python3.12/site-packages/airflow/example_dags/example_trigger_target_dag.py for tasks to queue
[2025-03-17T14:36:07.039-0400] {logging_mixin.py:190} INFO - [2025-03-17T14:36:07.039-0400] {dagbag.py:588} INFO - Filling up the DagBag from /Users/nidhipatel/ApacheAirflow_Tutorial/py_env/lib/python3.12/site-packages/airflow/example_dags/example_trigger_target_dag.py
[2025-03-17T14:36:07.052-0400] {processor.py:925} INFO - DAG(s) 'example_trigger_target_dag' retrieved from /Users/nidhipatel/ApacheAirflow_Tutorial/py_env/lib/python3.12/site-packages/airflow/example_dags/example_trigger_target_dag.py
[2025-03-17T14:36:07.086-0400] {logging_mixin.py:190} INFO - [2025-03-17T14:36:07.086-0400] {dag.py:3239} INFO - Sync 1 DAGs
[2025-03-17T14:36:07.090-0400] {logging_mixin.py:190} INFO - [2025-03-17T14:36:07.090-0400] {dag.py:4180} INFO - Setting next_dagrun for example_trigger_target_dag to None, run_after=None
[2025-03-17T14:36:07.096-0400] {processor.py:208} INFO - Processing /Users/nidhipatel/ApacheAirflow_Tutorial/py_env/lib/python3.12/site-packages/airflow/example_dags/example_trigger_target_dag.py took 0.060 seconds
[2025-03-17T14:37:12.362-0400] {processor.py:186} INFO - Started process (PID=32358) to work on /Users/nidhipatel/ApacheAirflow_Tutorial/py_env/lib/python3.12/site-packages/airflow/example_dags/example_trigger_target_dag.py
[2025-03-17T14:37:12.363-0400] {processor.py:914} INFO - Processing file /Users/nidhipatel/ApacheAirflow_Tutorial/py_env/lib/python3.12/site-packages/airflow/example_dags/example_trigger_target_dag.py for tasks to queue
[2025-03-17T14:37:12.363-0400] {logging_mixin.py:190} INFO - [2025-03-17T14:37:12.363-0400] {dagbag.py:588} INFO - Filling up the DagBag from /Users/nidhipatel/ApacheAirflow_Tutorial/py_env/lib/python3.12/site-packages/airflow/example_dags/example_trigger_target_dag.py
[2025-03-17T14:37:12.378-0400] {processor.py:925} INFO - DAG(s) 'example_trigger_target_dag' retrieved from /Users/nidhipatel/ApacheAirflow_Tutorial/py_env/lib/python3.12/site-packages/airflow/example_dags/example_trigger_target_dag.py
[2025-03-17T14:37:12.411-0400] {logging_mixin.py:190} INFO - [2025-03-17T14:37:12.411-0400] {dag.py:3239} INFO - Sync 1 DAGs
[2025-03-17T14:37:12.415-0400] {logging_mixin.py:190} INFO - [2025-03-17T14:37:12.415-0400] {dag.py:4180} INFO - Setting next_dagrun for example_trigger_target_dag to None, run_after=None
[2025-03-17T14:37:12.421-0400] {processor.py:208} INFO - Processing /Users/nidhipatel/ApacheAirflow_Tutorial/py_env/lib/python3.12/site-packages/airflow/example_dags/example_trigger_target_dag.py took 0.060 seconds
[2025-03-17T14:38:14.489-0400] {processor.py:186} INFO - Started process (PID=32457) to work on /Users/nidhipatel/ApacheAirflow_Tutorial/py_env/lib/python3.12/site-packages/airflow/example_dags/example_trigger_target_dag.py
[2025-03-17T14:38:14.490-0400] {processor.py:914} INFO - Processing file /Users/nidhipatel/ApacheAirflow_Tutorial/py_env/lib/python3.12/site-packages/airflow/example_dags/example_trigger_target_dag.py for tasks to queue
[2025-03-17T14:38:14.490-0400] {logging_mixin.py:190} INFO - [2025-03-17T14:38:14.490-0400] {dagbag.py:588} INFO - Filling up the DagBag from /Users/nidhipatel/ApacheAirflow_Tutorial/py_env/lib/python3.12/site-packages/airflow/example_dags/example_trigger_target_dag.py
[2025-03-17T14:38:14.504-0400] {processor.py:925} INFO - DAG(s) 'example_trigger_target_dag' retrieved from /Users/nidhipatel/ApacheAirflow_Tutorial/py_env/lib/python3.12/site-packages/airflow/example_dags/example_trigger_target_dag.py
[2025-03-17T14:38:14.537-0400] {logging_mixin.py:190} INFO - [2025-03-17T14:38:14.537-0400] {dag.py:3239} INFO - Sync 1 DAGs
[2025-03-17T14:38:14.541-0400] {logging_mixin.py:190} INFO - [2025-03-17T14:38:14.541-0400] {dag.py:4180} INFO - Setting next_dagrun for example_trigger_target_dag to None, run_after=None
[2025-03-17T14:38:14.547-0400] {processor.py:208} INFO - Processing /Users/nidhipatel/ApacheAirflow_Tutorial/py_env/lib/python3.12/site-packages/airflow/example_dags/example_trigger_target_dag.py took 0.059 seconds
[2025-03-17T14:39:15.181-0400] {processor.py:186} INFO - Started process (PID=32546) to work on /Users/nidhipatel/ApacheAirflow_Tutorial/py_env/lib/python3.12/site-packages/airflow/example_dags/example_trigger_target_dag.py
[2025-03-17T14:39:15.182-0400] {processor.py:914} INFO - Processing file /Users/nidhipatel/ApacheAirflow_Tutorial/py_env/lib/python3.12/site-packages/airflow/example_dags/example_trigger_target_dag.py for tasks to queue
[2025-03-17T14:39:15.182-0400] {logging_mixin.py:190} INFO - [2025-03-17T14:39:15.182-0400] {dagbag.py:588} INFO - Filling up the DagBag from /Users/nidhipatel/ApacheAirflow_Tutorial/py_env/lib/python3.12/site-packages/airflow/example_dags/example_trigger_target_dag.py
[2025-03-17T14:39:15.196-0400] {processor.py:925} INFO - DAG(s) 'example_trigger_target_dag' retrieved from /Users/nidhipatel/ApacheAirflow_Tutorial/py_env/lib/python3.12/site-packages/airflow/example_dags/example_trigger_target_dag.py
[2025-03-17T14:39:15.229-0400] {logging_mixin.py:190} INFO - [2025-03-17T14:39:15.229-0400] {dag.py:3239} INFO - Sync 1 DAGs
[2025-03-17T14:39:15.233-0400] {logging_mixin.py:190} INFO - [2025-03-17T14:39:15.233-0400] {dag.py:4180} INFO - Setting next_dagrun for example_trigger_target_dag to None, run_after=None
[2025-03-17T14:39:15.239-0400] {processor.py:208} INFO - Processing /Users/nidhipatel/ApacheAirflow_Tutorial/py_env/lib/python3.12/site-packages/airflow/example_dags/example_trigger_target_dag.py took 0.059 seconds
[2025-03-17T14:40:18.382-0400] {processor.py:186} INFO - Started process (PID=32660) to work on /Users/nidhipatel/ApacheAirflow_Tutorial/py_env/lib/python3.12/site-packages/airflow/example_dags/example_trigger_target_dag.py
[2025-03-17T14:40:18.382-0400] {processor.py:914} INFO - Processing file /Users/nidhipatel/ApacheAirflow_Tutorial/py_env/lib/python3.12/site-packages/airflow/example_dags/example_trigger_target_dag.py for tasks to queue
[2025-03-17T14:40:18.383-0400] {logging_mixin.py:190} INFO - [2025-03-17T14:40:18.382-0400] {dagbag.py:588} INFO - Filling up the DagBag from /Users/nidhipatel/ApacheAirflow_Tutorial/py_env/lib/python3.12/site-packages/airflow/example_dags/example_trigger_target_dag.py
[2025-03-17T14:40:18.397-0400] {processor.py:925} INFO - DAG(s) 'example_trigger_target_dag' retrieved from /Users/nidhipatel/ApacheAirflow_Tutorial/py_env/lib/python3.12/site-packages/airflow/example_dags/example_trigger_target_dag.py
[2025-03-17T14:40:18.429-0400] {logging_mixin.py:190} INFO - [2025-03-17T14:40:18.429-0400] {dag.py:3239} INFO - Sync 1 DAGs
[2025-03-17T14:40:18.433-0400] {logging_mixin.py:190} INFO - [2025-03-17T14:40:18.433-0400] {dag.py:4180} INFO - Setting next_dagrun for example_trigger_target_dag to None, run_after=None
[2025-03-17T14:40:18.439-0400] {processor.py:208} INFO - Processing /Users/nidhipatel/ApacheAirflow_Tutorial/py_env/lib/python3.12/site-packages/airflow/example_dags/example_trigger_target_dag.py took 0.059 seconds
[2025-03-17T14:41:21.034-0400] {processor.py:186} INFO - Started process (PID=32755) to work on /Users/nidhipatel/ApacheAirflow_Tutorial/py_env/lib/python3.12/site-packages/airflow/example_dags/example_trigger_target_dag.py
[2025-03-17T14:41:21.034-0400] {processor.py:914} INFO - Processing file /Users/nidhipatel/ApacheAirflow_Tutorial/py_env/lib/python3.12/site-packages/airflow/example_dags/example_trigger_target_dag.py for tasks to queue
[2025-03-17T14:41:21.035-0400] {logging_mixin.py:190} INFO - [2025-03-17T14:41:21.035-0400] {dagbag.py:588} INFO - Filling up the DagBag from /Users/nidhipatel/ApacheAirflow_Tutorial/py_env/lib/python3.12/site-packages/airflow/example_dags/example_trigger_target_dag.py
[2025-03-17T14:41:21.049-0400] {processor.py:925} INFO - DAG(s) 'example_trigger_target_dag' retrieved from /Users/nidhipatel/ApacheAirflow_Tutorial/py_env/lib/python3.12/site-packages/airflow/example_dags/example_trigger_target_dag.py
[2025-03-17T14:41:21.085-0400] {logging_mixin.py:190} INFO - [2025-03-17T14:41:21.085-0400] {dag.py:3239} INFO - Sync 1 DAGs
[2025-03-17T14:41:21.090-0400] {logging_mixin.py:190} INFO - [2025-03-17T14:41:21.089-0400] {dag.py:4180} INFO - Setting next_dagrun for example_trigger_target_dag to None, run_after=None
[2025-03-17T14:41:21.096-0400] {processor.py:208} INFO - Processing /Users/nidhipatel/ApacheAirflow_Tutorial/py_env/lib/python3.12/site-packages/airflow/example_dags/example_trigger_target_dag.py took 0.064 seconds
[2025-03-17T14:42:24.370-0400] {processor.py:186} INFO - Started process (PID=32843) to work on /Users/nidhipatel/ApacheAirflow_Tutorial/py_env/lib/python3.12/site-packages/airflow/example_dags/example_trigger_target_dag.py
[2025-03-17T14:42:24.371-0400] {processor.py:914} INFO - Processing file /Users/nidhipatel/ApacheAirflow_Tutorial/py_env/lib/python3.12/site-packages/airflow/example_dags/example_trigger_target_dag.py for tasks to queue
[2025-03-17T14:42:24.371-0400] {logging_mixin.py:190} INFO - [2025-03-17T14:42:24.371-0400] {dagbag.py:588} INFO - Filling up the DagBag from /Users/nidhipatel/ApacheAirflow_Tutorial/py_env/lib/python3.12/site-packages/airflow/example_dags/example_trigger_target_dag.py
[2025-03-17T14:42:24.386-0400] {processor.py:925} INFO - DAG(s) 'example_trigger_target_dag' retrieved from /Users/nidhipatel/ApacheAirflow_Tutorial/py_env/lib/python3.12/site-packages/airflow/example_dags/example_trigger_target_dag.py
[2025-03-17T14:42:24.420-0400] {logging_mixin.py:190} INFO - [2025-03-17T14:42:24.420-0400] {dag.py:3239} INFO - Sync 1 DAGs
[2025-03-17T14:42:24.425-0400] {logging_mixin.py:190} INFO - [2025-03-17T14:42:24.425-0400] {dag.py:4180} INFO - Setting next_dagrun for example_trigger_target_dag to None, run_after=None
[2025-03-17T14:42:24.431-0400] {processor.py:208} INFO - Processing /Users/nidhipatel/ApacheAirflow_Tutorial/py_env/lib/python3.12/site-packages/airflow/example_dags/example_trigger_target_dag.py took 0.063 seconds
[2025-03-17T14:43:31.785-0400] {processor.py:186} INFO - Started process (PID=32921) to work on /Users/nidhipatel/ApacheAirflow_Tutorial/py_env/lib/python3.12/site-packages/airflow/example_dags/example_trigger_target_dag.py
[2025-03-17T14:43:31.786-0400] {processor.py:914} INFO - Processing file /Users/nidhipatel/ApacheAirflow_Tutorial/py_env/lib/python3.12/site-packages/airflow/example_dags/example_trigger_target_dag.py for tasks to queue
[2025-03-17T14:43:31.786-0400] {logging_mixin.py:190} INFO - [2025-03-17T14:43:31.786-0400] {dagbag.py:588} INFO - Filling up the DagBag from /Users/nidhipatel/ApacheAirflow_Tutorial/py_env/lib/python3.12/site-packages/airflow/example_dags/example_trigger_target_dag.py
[2025-03-17T14:43:31.800-0400] {processor.py:925} INFO - DAG(s) 'example_trigger_target_dag' retrieved from /Users/nidhipatel/ApacheAirflow_Tutorial/py_env/lib/python3.12/site-packages/airflow/example_dags/example_trigger_target_dag.py
[2025-03-17T14:43:31.835-0400] {logging_mixin.py:190} INFO - [2025-03-17T14:43:31.835-0400] {dag.py:3239} INFO - Sync 1 DAGs
[2025-03-17T14:43:31.839-0400] {logging_mixin.py:190} INFO - [2025-03-17T14:43:31.839-0400] {dag.py:4180} INFO - Setting next_dagrun for example_trigger_target_dag to None, run_after=None
[2025-03-17T14:43:31.845-0400] {processor.py:208} INFO - Processing /Users/nidhipatel/ApacheAirflow_Tutorial/py_env/lib/python3.12/site-packages/airflow/example_dags/example_trigger_target_dag.py took 0.061 seconds
[2025-03-17T14:44:39.432-0400] {processor.py:186} INFO - Started process (PID=33022) to work on /Users/nidhipatel/ApacheAirflow_Tutorial/py_env/lib/python3.12/site-packages/airflow/example_dags/example_trigger_target_dag.py
[2025-03-17T14:44:39.432-0400] {processor.py:914} INFO - Processing file /Users/nidhipatel/ApacheAirflow_Tutorial/py_env/lib/python3.12/site-packages/airflow/example_dags/example_trigger_target_dag.py for tasks to queue
[2025-03-17T14:44:39.433-0400] {logging_mixin.py:190} INFO - [2025-03-17T14:44:39.433-0400] {dagbag.py:588} INFO - Filling up the DagBag from /Users/nidhipatel/ApacheAirflow_Tutorial/py_env/lib/python3.12/site-packages/airflow/example_dags/example_trigger_target_dag.py
[2025-03-17T14:44:39.448-0400] {processor.py:925} INFO - DAG(s) 'example_trigger_target_dag' retrieved from /Users/nidhipatel/ApacheAirflow_Tutorial/py_env/lib/python3.12/site-packages/airflow/example_dags/example_trigger_target_dag.py
[2025-03-17T14:44:39.482-0400] {logging_mixin.py:190} INFO - [2025-03-17T14:44:39.482-0400] {dag.py:3239} INFO - Sync 1 DAGs
[2025-03-17T14:44:39.486-0400] {logging_mixin.py:190} INFO - [2025-03-17T14:44:39.486-0400] {dag.py:4180} INFO - Setting next_dagrun for example_trigger_target_dag to None, run_after=None
[2025-03-17T14:44:39.493-0400] {processor.py:208} INFO - Processing /Users/nidhipatel/ApacheAirflow_Tutorial/py_env/lib/python3.12/site-packages/airflow/example_dags/example_trigger_target_dag.py took 0.064 seconds
[2025-03-17T14:45:49.210-0400] {processor.py:186} INFO - Started process (PID=33111) to work on /Users/nidhipatel/ApacheAirflow_Tutorial/py_env/lib/python3.12/site-packages/airflow/example_dags/example_trigger_target_dag.py
[2025-03-17T14:45:49.211-0400] {processor.py:914} INFO - Processing file /Users/nidhipatel/ApacheAirflow_Tutorial/py_env/lib/python3.12/site-packages/airflow/example_dags/example_trigger_target_dag.py for tasks to queue
[2025-03-17T14:45:49.211-0400] {logging_mixin.py:190} INFO - [2025-03-17T14:45:49.211-0400] {dagbag.py:588} INFO - Filling up the DagBag from /Users/nidhipatel/ApacheAirflow_Tutorial/py_env/lib/python3.12/site-packages/airflow/example_dags/example_trigger_target_dag.py
[2025-03-17T14:45:49.226-0400] {processor.py:925} INFO - DAG(s) 'example_trigger_target_dag' retrieved from /Users/nidhipatel/ApacheAirflow_Tutorial/py_env/lib/python3.12/site-packages/airflow/example_dags/example_trigger_target_dag.py
[2025-03-17T14:45:49.260-0400] {logging_mixin.py:190} INFO - [2025-03-17T14:45:49.260-0400] {dag.py:3239} INFO - Sync 1 DAGs
[2025-03-17T14:45:49.265-0400] {logging_mixin.py:190} INFO - [2025-03-17T14:45:49.265-0400] {dag.py:4180} INFO - Setting next_dagrun for example_trigger_target_dag to None, run_after=None
[2025-03-17T14:45:49.272-0400] {processor.py:208} INFO - Processing /Users/nidhipatel/ApacheAirflow_Tutorial/py_env/lib/python3.12/site-packages/airflow/example_dags/example_trigger_target_dag.py took 0.063 seconds
[2025-03-17T14:46:56.577-0400] {processor.py:186} INFO - Started process (PID=33195) to work on /Users/nidhipatel/ApacheAirflow_Tutorial/py_env/lib/python3.12/site-packages/airflow/example_dags/example_trigger_target_dag.py
[2025-03-17T14:46:56.577-0400] {processor.py:914} INFO - Processing file /Users/nidhipatel/ApacheAirflow_Tutorial/py_env/lib/python3.12/site-packages/airflow/example_dags/example_trigger_target_dag.py for tasks to queue
[2025-03-17T14:46:56.578-0400] {logging_mixin.py:190} INFO - [2025-03-17T14:46:56.578-0400] {dagbag.py:588} INFO - Filling up the DagBag from /Users/nidhipatel/ApacheAirflow_Tutorial/py_env/lib/python3.12/site-packages/airflow/example_dags/example_trigger_target_dag.py
[2025-03-17T14:46:56.591-0400] {processor.py:925} INFO - DAG(s) 'example_trigger_target_dag' retrieved from /Users/nidhipatel/ApacheAirflow_Tutorial/py_env/lib/python3.12/site-packages/airflow/example_dags/example_trigger_target_dag.py
[2025-03-17T14:46:56.625-0400] {logging_mixin.py:190} INFO - [2025-03-17T14:46:56.625-0400] {dag.py:3239} INFO - Sync 1 DAGs
[2025-03-17T14:46:56.629-0400] {logging_mixin.py:190} INFO - [2025-03-17T14:46:56.629-0400] {dag.py:4180} INFO - Setting next_dagrun for example_trigger_target_dag to None, run_after=None
[2025-03-17T14:46:56.635-0400] {processor.py:208} INFO - Processing /Users/nidhipatel/ApacheAirflow_Tutorial/py_env/lib/python3.12/site-packages/airflow/example_dags/example_trigger_target_dag.py took 0.060 seconds
[2025-03-17T14:48:05.336-0400] {processor.py:186} INFO - Started process (PID=33279) to work on /Users/nidhipatel/ApacheAirflow_Tutorial/py_env/lib/python3.12/site-packages/airflow/example_dags/example_trigger_target_dag.py
[2025-03-17T14:48:05.337-0400] {processor.py:914} INFO - Processing file /Users/nidhipatel/ApacheAirflow_Tutorial/py_env/lib/python3.12/site-packages/airflow/example_dags/example_trigger_target_dag.py for tasks to queue
[2025-03-17T14:48:05.337-0400] {logging_mixin.py:190} INFO - [2025-03-17T14:48:05.337-0400] {dagbag.py:588} INFO - Filling up the DagBag from /Users/nidhipatel/ApacheAirflow_Tutorial/py_env/lib/python3.12/site-packages/airflow/example_dags/example_trigger_target_dag.py
[2025-03-17T14:48:05.352-0400] {processor.py:925} INFO - DAG(s) 'example_trigger_target_dag' retrieved from /Users/nidhipatel/ApacheAirflow_Tutorial/py_env/lib/python3.12/site-packages/airflow/example_dags/example_trigger_target_dag.py
[2025-03-17T14:48:05.385-0400] {logging_mixin.py:190} INFO - [2025-03-17T14:48:05.385-0400] {dag.py:3239} INFO - Sync 1 DAGs
[2025-03-17T14:48:05.389-0400] {logging_mixin.py:190} INFO - [2025-03-17T14:48:05.389-0400] {dag.py:4180} INFO - Setting next_dagrun for example_trigger_target_dag to None, run_after=None
[2025-03-17T14:48:05.395-0400] {processor.py:208} INFO - Processing /Users/nidhipatel/ApacheAirflow_Tutorial/py_env/lib/python3.12/site-packages/airflow/example_dags/example_trigger_target_dag.py took 0.060 seconds
[2025-03-17T14:49:12.420-0400] {processor.py:186} INFO - Started process (PID=33390) to work on /Users/nidhipatel/ApacheAirflow_Tutorial/py_env/lib/python3.12/site-packages/airflow/example_dags/example_trigger_target_dag.py
[2025-03-17T14:49:12.420-0400] {processor.py:914} INFO - Processing file /Users/nidhipatel/ApacheAirflow_Tutorial/py_env/lib/python3.12/site-packages/airflow/example_dags/example_trigger_target_dag.py for tasks to queue
[2025-03-17T14:49:12.421-0400] {logging_mixin.py:190} INFO - [2025-03-17T14:49:12.421-0400] {dagbag.py:588} INFO - Filling up the DagBag from /Users/nidhipatel/ApacheAirflow_Tutorial/py_env/lib/python3.12/site-packages/airflow/example_dags/example_trigger_target_dag.py
[2025-03-17T14:49:12.438-0400] {processor.py:925} INFO - DAG(s) 'example_trigger_target_dag' retrieved from /Users/nidhipatel/ApacheAirflow_Tutorial/py_env/lib/python3.12/site-packages/airflow/example_dags/example_trigger_target_dag.py
[2025-03-17T14:49:12.477-0400] {logging_mixin.py:190} INFO - [2025-03-17T14:49:12.477-0400] {dag.py:3239} INFO - Sync 1 DAGs
[2025-03-17T14:49:12.482-0400] {logging_mixin.py:190} INFO - [2025-03-17T14:49:12.482-0400] {dag.py:4180} INFO - Setting next_dagrun for example_trigger_target_dag to None, run_after=None
[2025-03-17T14:49:12.538-0400] {processor.py:208} INFO - Processing /Users/nidhipatel/ApacheAirflow_Tutorial/py_env/lib/python3.12/site-packages/airflow/example_dags/example_trigger_target_dag.py took 0.120 seconds
[2025-03-17T14:50:15.440-0400] {processor.py:186} INFO - Started process (PID=33475) to work on /Users/nidhipatel/ApacheAirflow_Tutorial/py_env/lib/python3.12/site-packages/airflow/example_dags/example_trigger_target_dag.py
[2025-03-17T14:50:15.441-0400] {processor.py:914} INFO - Processing file /Users/nidhipatel/ApacheAirflow_Tutorial/py_env/lib/python3.12/site-packages/airflow/example_dags/example_trigger_target_dag.py for tasks to queue
[2025-03-17T14:50:15.441-0400] {logging_mixin.py:190} INFO - [2025-03-17T14:50:15.441-0400] {dagbag.py:588} INFO - Filling up the DagBag from /Users/nidhipatel/ApacheAirflow_Tutorial/py_env/lib/python3.12/site-packages/airflow/example_dags/example_trigger_target_dag.py
[2025-03-17T14:50:15.457-0400] {processor.py:925} INFO - DAG(s) 'example_trigger_target_dag' retrieved from /Users/nidhipatel/ApacheAirflow_Tutorial/py_env/lib/python3.12/site-packages/airflow/example_dags/example_trigger_target_dag.py
[2025-03-17T14:50:15.493-0400] {logging_mixin.py:190} INFO - [2025-03-17T14:50:15.493-0400] {dag.py:3239} INFO - Sync 1 DAGs
[2025-03-17T14:50:15.498-0400] {logging_mixin.py:190} INFO - [2025-03-17T14:50:15.497-0400] {dag.py:4180} INFO - Setting next_dagrun for example_trigger_target_dag to None, run_after=None
[2025-03-17T14:50:15.504-0400] {processor.py:208} INFO - Processing /Users/nidhipatel/ApacheAirflow_Tutorial/py_env/lib/python3.12/site-packages/airflow/example_dags/example_trigger_target_dag.py took 0.066 seconds
[2025-03-17T14:51:21.597-0400] {processor.py:186} INFO - Started process (PID=33627) to work on /Users/nidhipatel/ApacheAirflow_Tutorial/py_env/lib/python3.12/site-packages/airflow/example_dags/example_trigger_target_dag.py
[2025-03-17T14:51:21.598-0400] {processor.py:914} INFO - Processing file /Users/nidhipatel/ApacheAirflow_Tutorial/py_env/lib/python3.12/site-packages/airflow/example_dags/example_trigger_target_dag.py for tasks to queue
[2025-03-17T14:51:21.599-0400] {logging_mixin.py:190} INFO - [2025-03-17T14:51:21.598-0400] {dagbag.py:588} INFO - Filling up the DagBag from /Users/nidhipatel/ApacheAirflow_Tutorial/py_env/lib/python3.12/site-packages/airflow/example_dags/example_trigger_target_dag.py
[2025-03-17T14:51:21.613-0400] {processor.py:925} INFO - DAG(s) 'example_trigger_target_dag' retrieved from /Users/nidhipatel/ApacheAirflow_Tutorial/py_env/lib/python3.12/site-packages/airflow/example_dags/example_trigger_target_dag.py
[2025-03-17T14:51:21.648-0400] {logging_mixin.py:190} INFO - [2025-03-17T14:51:21.648-0400] {dag.py:3239} INFO - Sync 1 DAGs
[2025-03-17T14:51:21.653-0400] {logging_mixin.py:190} INFO - [2025-03-17T14:51:21.653-0400] {dag.py:4180} INFO - Setting next_dagrun for example_trigger_target_dag to None, run_after=None
[2025-03-17T14:51:21.660-0400] {processor.py:208} INFO - Processing /Users/nidhipatel/ApacheAirflow_Tutorial/py_env/lib/python3.12/site-packages/airflow/example_dags/example_trigger_target_dag.py took 0.064 seconds
[2025-03-17T14:52:29.168-0400] {processor.py:186} INFO - Started process (PID=33865) to work on /Users/nidhipatel/ApacheAirflow_Tutorial/py_env/lib/python3.12/site-packages/airflow/example_dags/example_trigger_target_dag.py
[2025-03-17T14:52:29.168-0400] {processor.py:914} INFO - Processing file /Users/nidhipatel/ApacheAirflow_Tutorial/py_env/lib/python3.12/site-packages/airflow/example_dags/example_trigger_target_dag.py for tasks to queue
[2025-03-17T14:52:29.169-0400] {logging_mixin.py:190} INFO - [2025-03-17T14:52:29.169-0400] {dagbag.py:588} INFO - Filling up the DagBag from /Users/nidhipatel/ApacheAirflow_Tutorial/py_env/lib/python3.12/site-packages/airflow/example_dags/example_trigger_target_dag.py
[2025-03-17T14:52:29.185-0400] {processor.py:925} INFO - DAG(s) 'example_trigger_target_dag' retrieved from /Users/nidhipatel/ApacheAirflow_Tutorial/py_env/lib/python3.12/site-packages/airflow/example_dags/example_trigger_target_dag.py
[2025-03-17T14:52:29.220-0400] {logging_mixin.py:190} INFO - [2025-03-17T14:52:29.220-0400] {dag.py:3239} INFO - Sync 1 DAGs
[2025-03-17T14:52:29.224-0400] {logging_mixin.py:190} INFO - [2025-03-17T14:52:29.224-0400] {dag.py:4180} INFO - Setting next_dagrun for example_trigger_target_dag to None, run_after=None
[2025-03-17T14:52:29.231-0400] {processor.py:208} INFO - Processing /Users/nidhipatel/ApacheAirflow_Tutorial/py_env/lib/python3.12/site-packages/airflow/example_dags/example_trigger_target_dag.py took 0.065 seconds
