[2025-03-17T14:32:27.006-0400] {processor.py:186} INFO - Started process (PID=31963) to work on /Users/nidhipatel/ApacheAirflow_Tutorial/py_env/lib/python3.12/site-packages/airflow/example_dags/example_short_circuit_operator.py
[2025-03-17T14:32:27.006-0400] {processor.py:914} INFO - Processing file /Users/nidhipatel/ApacheAirflow_Tutorial/py_env/lib/python3.12/site-packages/airflow/example_dags/example_short_circuit_operator.py for tasks to queue
[2025-03-17T14:32:27.007-0400] {logging_mixin.py:190} INFO - [2025-03-17T14:32:27.007-0400] {dagbag.py:588} INFO - Filling up the DagBag from /Users/nidhipatel/ApacheAirflow_Tutorial/py_env/lib/python3.12/site-packages/airflow/example_dags/example_short_circuit_operator.py
[2025-03-17T14:32:27.017-0400] {processor.py:925} INFO - DAG(s) 'example_short_circuit_operator' retrieved from /Users/nidhipatel/ApacheAirflow_Tutorial/py_env/lib/python3.12/site-packages/airflow/example_dags/example_short_circuit_operator.py
[2025-03-17T14:32:27.089-0400] {logging_mixin.py:190} INFO - [2025-03-17T14:32:27.088-0400] {override.py:1912} INFO - Created Permission View: can read on DAG:example_short_circuit_operator
[2025-03-17T14:32:27.091-0400] {logging_mixin.py:190} INFO - [2025-03-17T14:32:27.091-0400] {override.py:1912} INFO - Created Permission View: can edit on DAG:example_short_circuit_operator
[2025-03-17T14:32:27.094-0400] {logging_mixin.py:190} INFO - [2025-03-17T14:32:27.093-0400] {override.py:1912} INFO - Created Permission View: can delete on DAG:example_short_circuit_operator
[2025-03-17T14:32:27.096-0400] {logging_mixin.py:190} INFO - [2025-03-17T14:32:27.096-0400] {override.py:1912} INFO - Created Permission View: can read on DAG Run:example_short_circuit_operator
[2025-03-17T14:32:27.098-0400] {logging_mixin.py:190} INFO - [2025-03-17T14:32:27.098-0400] {override.py:1912} INFO - Created Permission View: menu access on DAG Run:example_short_circuit_operator
[2025-03-17T14:32:27.100-0400] {logging_mixin.py:190} INFO - [2025-03-17T14:32:27.100-0400] {override.py:1912} INFO - Created Permission View: can delete on DAG Run:example_short_circuit_operator
[2025-03-17T14:32:27.102-0400] {logging_mixin.py:190} INFO - [2025-03-17T14:32:27.102-0400] {override.py:1912} INFO - Created Permission View: can create on DAG Run:example_short_circuit_operator
[2025-03-17T14:32:27.102-0400] {logging_mixin.py:190} INFO - [2025-03-17T14:32:27.102-0400] {dag.py:3239} INFO - Sync 1 DAGs
[2025-03-17T14:32:27.106-0400] {logging_mixin.py:190} INFO - [2025-03-17T14:32:27.106-0400] {dag.py:3262} INFO - Creating ORM DAG for example_short_circuit_operator
[2025-03-17T14:32:27.106-0400] {logging_mixin.py:190} INFO - [2025-03-17T14:32:27.106-0400] {dag.py:4180} INFO - Setting next_dagrun for example_short_circuit_operator to None, run_after=None
[2025-03-17T14:32:27.112-0400] {processor.py:208} INFO - Processing /Users/nidhipatel/ApacheAirflow_Tutorial/py_env/lib/python3.12/site-packages/airflow/example_dags/example_short_circuit_operator.py took 0.108 seconds
[2025-03-17T14:34:06.061-0400] {processor.py:186} INFO - Started process (PID=32128) to work on /Users/nidhipatel/ApacheAirflow_Tutorial/py_env/lib/python3.12/site-packages/airflow/example_dags/example_short_circuit_operator.py
[2025-03-17T14:34:06.062-0400] {processor.py:914} INFO - Processing file /Users/nidhipatel/ApacheAirflow_Tutorial/py_env/lib/python3.12/site-packages/airflow/example_dags/example_short_circuit_operator.py for tasks to queue
[2025-03-17T14:34:06.063-0400] {logging_mixin.py:190} INFO - [2025-03-17T14:34:06.062-0400] {dagbag.py:588} INFO - Filling up the DagBag from /Users/nidhipatel/ApacheAirflow_Tutorial/py_env/lib/python3.12/site-packages/airflow/example_dags/example_short_circuit_operator.py
[2025-03-17T14:34:06.075-0400] {processor.py:925} INFO - DAG(s) 'example_short_circuit_operator' retrieved from /Users/nidhipatel/ApacheAirflow_Tutorial/py_env/lib/python3.12/site-packages/airflow/example_dags/example_short_circuit_operator.py
[2025-03-17T14:34:06.115-0400] {logging_mixin.py:190} INFO - [2025-03-17T14:34:06.115-0400] {dag.py:3239} INFO - Sync 1 DAGs
[2025-03-17T14:34:06.120-0400] {logging_mixin.py:190} INFO - [2025-03-17T14:34:06.119-0400] {dag.py:4180} INFO - Setting next_dagrun for example_short_circuit_operator to None, run_after=None
[2025-03-17T14:34:06.126-0400] {processor.py:208} INFO - Processing /Users/nidhipatel/ApacheAirflow_Tutorial/py_env/lib/python3.12/site-packages/airflow/example_dags/example_short_circuit_operator.py took 0.067 seconds
[2025-03-17T14:36:19.281-0400] {processor.py:186} INFO - Started process (PID=32290) to work on /Users/nidhipatel/ApacheAirflow_Tutorial/py_env/lib/python3.12/site-packages/airflow/example_dags/example_short_circuit_operator.py
[2025-03-17T14:36:19.281-0400] {processor.py:914} INFO - Processing file /Users/nidhipatel/ApacheAirflow_Tutorial/py_env/lib/python3.12/site-packages/airflow/example_dags/example_short_circuit_operator.py for tasks to queue
[2025-03-17T14:36:19.282-0400] {logging_mixin.py:190} INFO - [2025-03-17T14:36:19.282-0400] {dagbag.py:588} INFO - Filling up the DagBag from /Users/nidhipatel/ApacheAirflow_Tutorial/py_env/lib/python3.12/site-packages/airflow/example_dags/example_short_circuit_operator.py
[2025-03-17T14:36:19.292-0400] {processor.py:925} INFO - DAG(s) 'example_short_circuit_operator' retrieved from /Users/nidhipatel/ApacheAirflow_Tutorial/py_env/lib/python3.12/site-packages/airflow/example_dags/example_short_circuit_operator.py
[2025-03-17T14:36:19.326-0400] {logging_mixin.py:190} INFO - [2025-03-17T14:36:19.326-0400] {dag.py:3239} INFO - Sync 1 DAGs
[2025-03-17T14:36:19.330-0400] {logging_mixin.py:190} INFO - [2025-03-17T14:36:19.330-0400] {dag.py:4180} INFO - Setting next_dagrun for example_short_circuit_operator to None, run_after=None
[2025-03-17T14:36:19.336-0400] {processor.py:208} INFO - Processing /Users/nidhipatel/ApacheAirflow_Tutorial/py_env/lib/python3.12/site-packages/airflow/example_dags/example_short_circuit_operator.py took 0.057 seconds
[2025-03-17T14:37:24.384-0400] {processor.py:186} INFO - Started process (PID=32374) to work on /Users/nidhipatel/ApacheAirflow_Tutorial/py_env/lib/python3.12/site-packages/airflow/example_dags/example_short_circuit_operator.py
[2025-03-17T14:37:24.385-0400] {processor.py:914} INFO - Processing file /Users/nidhipatel/ApacheAirflow_Tutorial/py_env/lib/python3.12/site-packages/airflow/example_dags/example_short_circuit_operator.py for tasks to queue
[2025-03-17T14:37:24.385-0400] {logging_mixin.py:190} INFO - [2025-03-17T14:37:24.385-0400] {dagbag.py:588} INFO - Filling up the DagBag from /Users/nidhipatel/ApacheAirflow_Tutorial/py_env/lib/python3.12/site-packages/airflow/example_dags/example_short_circuit_operator.py
[2025-03-17T14:37:24.395-0400] {processor.py:925} INFO - DAG(s) 'example_short_circuit_operator' retrieved from /Users/nidhipatel/ApacheAirflow_Tutorial/py_env/lib/python3.12/site-packages/airflow/example_dags/example_short_circuit_operator.py
[2025-03-17T14:37:24.428-0400] {logging_mixin.py:190} INFO - [2025-03-17T14:37:24.428-0400] {dag.py:3239} INFO - Sync 1 DAGs
[2025-03-17T14:37:24.432-0400] {logging_mixin.py:190} INFO - [2025-03-17T14:37:24.432-0400] {dag.py:4180} INFO - Setting next_dagrun for example_short_circuit_operator to None, run_after=None
[2025-03-17T14:37:24.440-0400] {processor.py:208} INFO - Processing /Users/nidhipatel/ApacheAirflow_Tutorial/py_env/lib/python3.12/site-packages/airflow/example_dags/example_short_circuit_operator.py took 0.057 seconds
[2025-03-17T14:39:25.639-0400] {processor.py:186} INFO - Started process (PID=32560) to work on /Users/nidhipatel/ApacheAirflow_Tutorial/py_env/lib/python3.12/site-packages/airflow/example_dags/example_short_circuit_operator.py
[2025-03-17T14:39:25.640-0400] {processor.py:914} INFO - Processing file /Users/nidhipatel/ApacheAirflow_Tutorial/py_env/lib/python3.12/site-packages/airflow/example_dags/example_short_circuit_operator.py for tasks to queue
[2025-03-17T14:39:25.640-0400] {logging_mixin.py:190} INFO - [2025-03-17T14:39:25.640-0400] {dagbag.py:588} INFO - Filling up the DagBag from /Users/nidhipatel/ApacheAirflow_Tutorial/py_env/lib/python3.12/site-packages/airflow/example_dags/example_short_circuit_operator.py
[2025-03-17T14:39:25.650-0400] {processor.py:925} INFO - DAG(s) 'example_short_circuit_operator' retrieved from /Users/nidhipatel/ApacheAirflow_Tutorial/py_env/lib/python3.12/site-packages/airflow/example_dags/example_short_circuit_operator.py
[2025-03-17T14:39:25.688-0400] {logging_mixin.py:190} INFO - [2025-03-17T14:39:25.688-0400] {dag.py:3239} INFO - Sync 1 DAGs
[2025-03-17T14:39:25.693-0400] {logging_mixin.py:190} INFO - [2025-03-17T14:39:25.693-0400] {dag.py:4180} INFO - Setting next_dagrun for example_short_circuit_operator to None, run_after=None
[2025-03-17T14:39:25.701-0400] {processor.py:208} INFO - Processing /Users/nidhipatel/ApacheAirflow_Tutorial/py_env/lib/python3.12/site-packages/airflow/example_dags/example_short_circuit_operator.py took 0.063 seconds
[2025-03-17T14:41:32.056-0400] {processor.py:186} INFO - Started process (PID=32773) to work on /Users/nidhipatel/ApacheAirflow_Tutorial/py_env/lib/python3.12/site-packages/airflow/example_dags/example_short_circuit_operator.py
[2025-03-17T14:41:32.057-0400] {processor.py:914} INFO - Processing file /Users/nidhipatel/ApacheAirflow_Tutorial/py_env/lib/python3.12/site-packages/airflow/example_dags/example_short_circuit_operator.py for tasks to queue
[2025-03-17T14:41:32.057-0400] {logging_mixin.py:190} INFO - [2025-03-17T14:41:32.057-0400] {dagbag.py:588} INFO - Filling up the DagBag from /Users/nidhipatel/ApacheAirflow_Tutorial/py_env/lib/python3.12/site-packages/airflow/example_dags/example_short_circuit_operator.py
[2025-03-17T14:41:32.067-0400] {processor.py:925} INFO - DAG(s) 'example_short_circuit_operator' retrieved from /Users/nidhipatel/ApacheAirflow_Tutorial/py_env/lib/python3.12/site-packages/airflow/example_dags/example_short_circuit_operator.py
[2025-03-17T14:41:32.102-0400] {logging_mixin.py:190} INFO - [2025-03-17T14:41:32.102-0400] {dag.py:3239} INFO - Sync 1 DAGs
[2025-03-17T14:41:32.106-0400] {logging_mixin.py:190} INFO - [2025-03-17T14:41:32.106-0400] {dag.py:4180} INFO - Setting next_dagrun for example_short_circuit_operator to None, run_after=None
[2025-03-17T14:41:32.112-0400] {processor.py:208} INFO - Processing /Users/nidhipatel/ApacheAirflow_Tutorial/py_env/lib/python3.12/site-packages/airflow/example_dags/example_short_circuit_operator.py took 0.058 seconds
[2025-03-17T14:43:45.824-0400] {processor.py:186} INFO - Started process (PID=32937) to work on /Users/nidhipatel/ApacheAirflow_Tutorial/py_env/lib/python3.12/site-packages/airflow/example_dags/example_short_circuit_operator.py
[2025-03-17T14:43:45.826-0400] {processor.py:914} INFO - Processing file /Users/nidhipatel/ApacheAirflow_Tutorial/py_env/lib/python3.12/site-packages/airflow/example_dags/example_short_circuit_operator.py for tasks to queue
[2025-03-17T14:43:45.826-0400] {logging_mixin.py:190} INFO - [2025-03-17T14:43:45.826-0400] {dagbag.py:588} INFO - Filling up the DagBag from /Users/nidhipatel/ApacheAirflow_Tutorial/py_env/lib/python3.12/site-packages/airflow/example_dags/example_short_circuit_operator.py
[2025-03-17T14:43:45.836-0400] {processor.py:925} INFO - DAG(s) 'example_short_circuit_operator' retrieved from /Users/nidhipatel/ApacheAirflow_Tutorial/py_env/lib/python3.12/site-packages/airflow/example_dags/example_short_circuit_operator.py
[2025-03-17T14:43:45.870-0400] {logging_mixin.py:190} INFO - [2025-03-17T14:43:45.870-0400] {dag.py:3239} INFO - Sync 1 DAGs
[2025-03-17T14:43:45.874-0400] {logging_mixin.py:190} INFO - [2025-03-17T14:43:45.874-0400] {dag.py:4180} INFO - Setting next_dagrun for example_short_circuit_operator to None, run_after=None
[2025-03-17T14:43:45.880-0400] {processor.py:208} INFO - Processing /Users/nidhipatel/ApacheAirflow_Tutorial/py_env/lib/python3.12/site-packages/airflow/example_dags/example_short_circuit_operator.py took 0.057 seconds
[2025-03-17T14:46:01.787-0400] {processor.py:186} INFO - Started process (PID=33127) to work on /Users/nidhipatel/ApacheAirflow_Tutorial/py_env/lib/python3.12/site-packages/airflow/example_dags/example_short_circuit_operator.py
[2025-03-17T14:46:01.787-0400] {processor.py:914} INFO - Processing file /Users/nidhipatel/ApacheAirflow_Tutorial/py_env/lib/python3.12/site-packages/airflow/example_dags/example_short_circuit_operator.py for tasks to queue
[2025-03-17T14:46:01.788-0400] {logging_mixin.py:190} INFO - [2025-03-17T14:46:01.788-0400] {dagbag.py:588} INFO - Filling up the DagBag from /Users/nidhipatel/ApacheAirflow_Tutorial/py_env/lib/python3.12/site-packages/airflow/example_dags/example_short_circuit_operator.py
[2025-03-17T14:46:01.798-0400] {processor.py:925} INFO - DAG(s) 'example_short_circuit_operator' retrieved from /Users/nidhipatel/ApacheAirflow_Tutorial/py_env/lib/python3.12/site-packages/airflow/example_dags/example_short_circuit_operator.py
[2025-03-17T14:46:01.835-0400] {logging_mixin.py:190} INFO - [2025-03-17T14:46:01.835-0400] {dag.py:3239} INFO - Sync 1 DAGs
[2025-03-17T14:46:01.840-0400] {logging_mixin.py:190} INFO - [2025-03-17T14:46:01.840-0400] {dag.py:4180} INFO - Setting next_dagrun for example_short_circuit_operator to None, run_after=None
[2025-03-17T14:46:01.846-0400] {processor.py:208} INFO - Processing /Users/nidhipatel/ApacheAirflow_Tutorial/py_env/lib/python3.12/site-packages/airflow/example_dags/example_short_circuit_operator.py took 0.061 seconds
[2025-03-17T14:47:11.090-0400] {processor.py:186} INFO - Started process (PID=33215) to work on /Users/nidhipatel/ApacheAirflow_Tutorial/py_env/lib/python3.12/site-packages/airflow/example_dags/example_short_circuit_operator.py
[2025-03-17T14:47:11.091-0400] {processor.py:914} INFO - Processing file /Users/nidhipatel/ApacheAirflow_Tutorial/py_env/lib/python3.12/site-packages/airflow/example_dags/example_short_circuit_operator.py for tasks to queue
[2025-03-17T14:47:11.092-0400] {logging_mixin.py:190} INFO - [2025-03-17T14:47:11.091-0400] {dagbag.py:588} INFO - Filling up the DagBag from /Users/nidhipatel/ApacheAirflow_Tutorial/py_env/lib/python3.12/site-packages/airflow/example_dags/example_short_circuit_operator.py
[2025-03-17T14:47:11.101-0400] {processor.py:925} INFO - DAG(s) 'example_short_circuit_operator' retrieved from /Users/nidhipatel/ApacheAirflow_Tutorial/py_env/lib/python3.12/site-packages/airflow/example_dags/example_short_circuit_operator.py
[2025-03-17T14:47:11.136-0400] {logging_mixin.py:190} INFO - [2025-03-17T14:47:11.136-0400] {dag.py:3239} INFO - Sync 1 DAGs
[2025-03-17T14:47:11.140-0400] {logging_mixin.py:190} INFO - [2025-03-17T14:47:11.140-0400] {dag.py:4180} INFO - Setting next_dagrun for example_short_circuit_operator to None, run_after=None
[2025-03-17T14:47:11.146-0400] {processor.py:208} INFO - Processing /Users/nidhipatel/ApacheAirflow_Tutorial/py_env/lib/python3.12/site-packages/airflow/example_dags/example_short_circuit_operator.py took 0.057 seconds
[2025-03-17T14:48:19.286-0400] {processor.py:186} INFO - Started process (PID=33295) to work on /Users/nidhipatel/ApacheAirflow_Tutorial/py_env/lib/python3.12/site-packages/airflow/example_dags/example_short_circuit_operator.py
[2025-03-17T14:48:19.287-0400] {processor.py:914} INFO - Processing file /Users/nidhipatel/ApacheAirflow_Tutorial/py_env/lib/python3.12/site-packages/airflow/example_dags/example_short_circuit_operator.py for tasks to queue
[2025-03-17T14:48:19.287-0400] {logging_mixin.py:190} INFO - [2025-03-17T14:48:19.287-0400] {dagbag.py:588} INFO - Filling up the DagBag from /Users/nidhipatel/ApacheAirflow_Tutorial/py_env/lib/python3.12/site-packages/airflow/example_dags/example_short_circuit_operator.py
[2025-03-17T14:48:19.297-0400] {processor.py:925} INFO - DAG(s) 'example_short_circuit_operator' retrieved from /Users/nidhipatel/ApacheAirflow_Tutorial/py_env/lib/python3.12/site-packages/airflow/example_dags/example_short_circuit_operator.py
[2025-03-17T14:48:19.333-0400] {logging_mixin.py:190} INFO - [2025-03-17T14:48:19.333-0400] {dag.py:3239} INFO - Sync 1 DAGs
[2025-03-17T14:48:19.337-0400] {logging_mixin.py:190} INFO - [2025-03-17T14:48:19.337-0400] {dag.py:4180} INFO - Setting next_dagrun for example_short_circuit_operator to None, run_after=None
[2025-03-17T14:48:19.344-0400] {processor.py:208} INFO - Processing /Users/nidhipatel/ApacheAirflow_Tutorial/py_env/lib/python3.12/site-packages/airflow/example_dags/example_short_circuit_operator.py took 0.059 seconds
[2025-03-17T14:50:27.768-0400] {processor.py:186} INFO - Started process (PID=33491) to work on /Users/nidhipatel/ApacheAirflow_Tutorial/py_env/lib/python3.12/site-packages/airflow/example_dags/example_short_circuit_operator.py
[2025-03-17T14:50:27.768-0400] {processor.py:914} INFO - Processing file /Users/nidhipatel/ApacheAirflow_Tutorial/py_env/lib/python3.12/site-packages/airflow/example_dags/example_short_circuit_operator.py for tasks to queue
[2025-03-17T14:50:27.769-0400] {logging_mixin.py:190} INFO - [2025-03-17T14:50:27.768-0400] {dagbag.py:588} INFO - Filling up the DagBag from /Users/nidhipatel/ApacheAirflow_Tutorial/py_env/lib/python3.12/site-packages/airflow/example_dags/example_short_circuit_operator.py
[2025-03-17T14:50:27.779-0400] {processor.py:925} INFO - DAG(s) 'example_short_circuit_operator' retrieved from /Users/nidhipatel/ApacheAirflow_Tutorial/py_env/lib/python3.12/site-packages/airflow/example_dags/example_short_circuit_operator.py
[2025-03-17T14:50:27.819-0400] {logging_mixin.py:190} INFO - [2025-03-17T14:50:27.818-0400] {dag.py:3239} INFO - Sync 1 DAGs
[2025-03-17T14:50:27.823-0400] {logging_mixin.py:190} INFO - [2025-03-17T14:50:27.823-0400] {dag.py:4180} INFO - Setting next_dagrun for example_short_circuit_operator to None, run_after=None
[2025-03-17T14:50:27.831-0400] {processor.py:208} INFO - Processing /Users/nidhipatel/ApacheAirflow_Tutorial/py_env/lib/python3.12/site-packages/airflow/example_dags/example_short_circuit_operator.py took 0.065 seconds
[2025-03-17T14:52:43.165-0400] {processor.py:186} INFO - Started process (PID=33901) to work on /Users/nidhipatel/ApacheAirflow_Tutorial/py_env/lib/python3.12/site-packages/airflow/example_dags/example_short_circuit_operator.py
[2025-03-17T14:52:43.166-0400] {processor.py:914} INFO - Processing file /Users/nidhipatel/ApacheAirflow_Tutorial/py_env/lib/python3.12/site-packages/airflow/example_dags/example_short_circuit_operator.py for tasks to queue
[2025-03-17T14:52:43.166-0400] {logging_mixin.py:190} INFO - [2025-03-17T14:52:43.166-0400] {dagbag.py:588} INFO - Filling up the DagBag from /Users/nidhipatel/ApacheAirflow_Tutorial/py_env/lib/python3.12/site-packages/airflow/example_dags/example_short_circuit_operator.py
[2025-03-17T14:52:43.176-0400] {processor.py:925} INFO - DAG(s) 'example_short_circuit_operator' retrieved from /Users/nidhipatel/ApacheAirflow_Tutorial/py_env/lib/python3.12/site-packages/airflow/example_dags/example_short_circuit_operator.py
[2025-03-17T14:52:43.214-0400] {logging_mixin.py:190} INFO - [2025-03-17T14:52:43.214-0400] {dag.py:3239} INFO - Sync 1 DAGs
[2025-03-17T14:52:43.218-0400] {logging_mixin.py:190} INFO - [2025-03-17T14:52:43.218-0400] {dag.py:4180} INFO - Setting next_dagrun for example_short_circuit_operator to None, run_after=None
[2025-03-17T14:52:43.224-0400] {processor.py:208} INFO - Processing /Users/nidhipatel/ApacheAirflow_Tutorial/py_env/lib/python3.12/site-packages/airflow/example_dags/example_short_circuit_operator.py took 0.060 seconds
