[2025-03-17T14:32:25.073-0400] {processor.py:186} INFO - Started process (PID=31958) to work on /Users/nidhipatel/ApacheAirflow_Tutorial/py_env/lib/python3.12/site-packages/airflow/example_dags/example_skip_dag.py
[2025-03-17T14:32:25.074-0400] {processor.py:914} INFO - Processing file /Users/nidhipatel/ApacheAirflow_Tutorial/py_env/lib/python3.12/site-packages/airflow/example_dags/example_skip_dag.py for tasks to queue
[2025-03-17T14:32:25.075-0400] {logging_mixin.py:190} INFO - [2025-03-17T14:32:25.075-0400] {dagbag.py:588} INFO - Filling up the DagBag from /Users/nidhipatel/ApacheAirflow_Tutorial/py_env/lib/python3.12/site-packages/airflow/example_dags/example_skip_dag.py
[2025-03-17T14:32:25.079-0400] {processor.py:925} INFO - DAG(s) 'example_skip_dag' retrieved from /Users/nidhipatel/ApacheAirflow_Tutorial/py_env/lib/python3.12/site-packages/airflow/example_dags/example_skip_dag.py
[2025-03-17T14:32:25.195-0400] {logging_mixin.py:190} INFO - [2025-03-17T14:32:25.195-0400] {override.py:1912} INFO - Created Permission View: can edit on DAG:example_skip_dag
[2025-03-17T14:32:25.199-0400] {logging_mixin.py:190} INFO - [2025-03-17T14:32:25.199-0400] {override.py:1912} INFO - Created Permission View: can delete on DAG:example_skip_dag
[2025-03-17T14:32:25.202-0400] {logging_mixin.py:190} INFO - [2025-03-17T14:32:25.202-0400] {override.py:1912} INFO - Created Permission View: can read on DAG:example_skip_dag
[2025-03-17T14:32:25.206-0400] {logging_mixin.py:190} INFO - [2025-03-17T14:32:25.205-0400] {override.py:1912} INFO - Created Permission View: can create on DAG Run:example_skip_dag
[2025-03-17T14:32:25.209-0400] {logging_mixin.py:190} INFO - [2025-03-17T14:32:25.209-0400] {override.py:1912} INFO - Created Permission View: can read on DAG Run:example_skip_dag
[2025-03-17T14:32:25.211-0400] {logging_mixin.py:190} INFO - [2025-03-17T14:32:25.211-0400] {override.py:1912} INFO - Created Permission View: menu access on DAG Run:example_skip_dag
[2025-03-17T14:32:25.213-0400] {logging_mixin.py:190} INFO - [2025-03-17T14:32:25.213-0400] {override.py:1912} INFO - Created Permission View: can delete on DAG Run:example_skip_dag
[2025-03-17T14:32:25.214-0400] {logging_mixin.py:190} INFO - [2025-03-17T14:32:25.214-0400] {dag.py:3239} INFO - Sync 1 DAGs
[2025-03-17T14:32:25.219-0400] {logging_mixin.py:190} INFO - [2025-03-17T14:32:25.219-0400] {dag.py:3262} INFO - Creating ORM DAG for example_skip_dag
[2025-03-17T14:32:25.223-0400] {logging_mixin.py:190} INFO - [2025-03-17T14:32:25.223-0400] {dag.py:4180} INFO - Setting next_dagrun for example_skip_dag to 2025-03-16 00:00:00+00:00, run_after=2025-03-17 00:00:00+00:00
[2025-03-17T14:32:25.230-0400] {processor.py:208} INFO - Processing /Users/nidhipatel/ApacheAirflow_Tutorial/py_env/lib/python3.12/site-packages/airflow/example_dags/example_skip_dag.py took 0.158 seconds
[2025-03-17T14:34:04.018-0400] {processor.py:186} INFO - Started process (PID=32124) to work on /Users/nidhipatel/ApacheAirflow_Tutorial/py_env/lib/python3.12/site-packages/airflow/example_dags/example_skip_dag.py
[2025-03-17T14:34:04.019-0400] {processor.py:914} INFO - Processing file /Users/nidhipatel/ApacheAirflow_Tutorial/py_env/lib/python3.12/site-packages/airflow/example_dags/example_skip_dag.py for tasks to queue
[2025-03-17T14:34:04.019-0400] {logging_mixin.py:190} INFO - [2025-03-17T14:34:04.019-0400] {dagbag.py:588} INFO - Filling up the DagBag from /Users/nidhipatel/ApacheAirflow_Tutorial/py_env/lib/python3.12/site-packages/airflow/example_dags/example_skip_dag.py
[2025-03-17T14:34:04.024-0400] {processor.py:925} INFO - DAG(s) 'example_skip_dag' retrieved from /Users/nidhipatel/ApacheAirflow_Tutorial/py_env/lib/python3.12/site-packages/airflow/example_dags/example_skip_dag.py
[2025-03-17T14:34:04.076-0400] {logging_mixin.py:190} INFO - [2025-03-17T14:34:04.076-0400] {dag.py:3239} INFO - Sync 1 DAGs
[2025-03-17T14:34:04.086-0400] {logging_mixin.py:190} INFO - [2025-03-17T14:34:04.086-0400] {dag.py:4180} INFO - Setting next_dagrun for example_skip_dag to 2025-03-16 00:00:00+00:00, run_after=2025-03-17 00:00:00+00:00
[2025-03-17T14:34:04.095-0400] {processor.py:208} INFO - Processing /Users/nidhipatel/ApacheAirflow_Tutorial/py_env/lib/python3.12/site-packages/airflow/example_dags/example_skip_dag.py took 0.079 seconds
[2025-03-17T14:35:12.099-0400] {processor.py:186} INFO - Started process (PID=32205) to work on /Users/nidhipatel/ApacheAirflow_Tutorial/py_env/lib/python3.12/site-packages/airflow/example_dags/example_skip_dag.py
[2025-03-17T14:35:12.100-0400] {processor.py:914} INFO - Processing file /Users/nidhipatel/ApacheAirflow_Tutorial/py_env/lib/python3.12/site-packages/airflow/example_dags/example_skip_dag.py for tasks to queue
[2025-03-17T14:35:12.100-0400] {logging_mixin.py:190} INFO - [2025-03-17T14:35:12.100-0400] {dagbag.py:588} INFO - Filling up the DagBag from /Users/nidhipatel/ApacheAirflow_Tutorial/py_env/lib/python3.12/site-packages/airflow/example_dags/example_skip_dag.py
[2025-03-17T14:35:12.104-0400] {processor.py:925} INFO - DAG(s) 'example_skip_dag' retrieved from /Users/nidhipatel/ApacheAirflow_Tutorial/py_env/lib/python3.12/site-packages/airflow/example_dags/example_skip_dag.py
[2025-03-17T14:35:12.139-0400] {logging_mixin.py:190} INFO - [2025-03-17T14:35:12.139-0400] {dag.py:3239} INFO - Sync 1 DAGs
[2025-03-17T14:35:12.146-0400] {logging_mixin.py:190} INFO - [2025-03-17T14:35:12.146-0400] {dag.py:4180} INFO - Setting next_dagrun for example_skip_dag to 2025-03-16 00:00:00+00:00, run_after=2025-03-17 00:00:00+00:00
[2025-03-17T14:35:12.155-0400] {processor.py:208} INFO - Processing /Users/nidhipatel/ApacheAirflow_Tutorial/py_env/lib/python3.12/site-packages/airflow/example_dags/example_skip_dag.py took 0.057 seconds
[2025-03-17T14:36:17.790-0400] {processor.py:186} INFO - Started process (PID=32288) to work on /Users/nidhipatel/ApacheAirflow_Tutorial/py_env/lib/python3.12/site-packages/airflow/example_dags/example_skip_dag.py
[2025-03-17T14:36:17.791-0400] {processor.py:914} INFO - Processing file /Users/nidhipatel/ApacheAirflow_Tutorial/py_env/lib/python3.12/site-packages/airflow/example_dags/example_skip_dag.py for tasks to queue
[2025-03-17T14:36:17.791-0400] {logging_mixin.py:190} INFO - [2025-03-17T14:36:17.791-0400] {dagbag.py:588} INFO - Filling up the DagBag from /Users/nidhipatel/ApacheAirflow_Tutorial/py_env/lib/python3.12/site-packages/airflow/example_dags/example_skip_dag.py
[2025-03-17T14:36:17.794-0400] {processor.py:925} INFO - DAG(s) 'example_skip_dag' retrieved from /Users/nidhipatel/ApacheAirflow_Tutorial/py_env/lib/python3.12/site-packages/airflow/example_dags/example_skip_dag.py
[2025-03-17T14:36:17.828-0400] {logging_mixin.py:190} INFO - [2025-03-17T14:36:17.828-0400] {dag.py:3239} INFO - Sync 1 DAGs
[2025-03-17T14:36:17.834-0400] {logging_mixin.py:190} INFO - [2025-03-17T14:36:17.834-0400] {dag.py:4180} INFO - Setting next_dagrun for example_skip_dag to 2025-03-16 00:00:00+00:00, run_after=2025-03-17 00:00:00+00:00
[2025-03-17T14:36:17.841-0400] {processor.py:208} INFO - Processing /Users/nidhipatel/ApacheAirflow_Tutorial/py_env/lib/python3.12/site-packages/airflow/example_dags/example_skip_dag.py took 0.052 seconds
[2025-03-17T14:37:23.121-0400] {processor.py:186} INFO - Started process (PID=32372) to work on /Users/nidhipatel/ApacheAirflow_Tutorial/py_env/lib/python3.12/site-packages/airflow/example_dags/example_skip_dag.py
[2025-03-17T14:37:23.122-0400] {processor.py:914} INFO - Processing file /Users/nidhipatel/ApacheAirflow_Tutorial/py_env/lib/python3.12/site-packages/airflow/example_dags/example_skip_dag.py for tasks to queue
[2025-03-17T14:37:23.123-0400] {logging_mixin.py:190} INFO - [2025-03-17T14:37:23.123-0400] {dagbag.py:588} INFO - Filling up the DagBag from /Users/nidhipatel/ApacheAirflow_Tutorial/py_env/lib/python3.12/site-packages/airflow/example_dags/example_skip_dag.py
[2025-03-17T14:37:23.126-0400] {processor.py:925} INFO - DAG(s) 'example_skip_dag' retrieved from /Users/nidhipatel/ApacheAirflow_Tutorial/py_env/lib/python3.12/site-packages/airflow/example_dags/example_skip_dag.py
[2025-03-17T14:37:23.161-0400] {logging_mixin.py:190} INFO - [2025-03-17T14:37:23.161-0400] {dag.py:3239} INFO - Sync 1 DAGs
[2025-03-17T14:37:23.167-0400] {logging_mixin.py:190} INFO - [2025-03-17T14:37:23.167-0400] {dag.py:4180} INFO - Setting next_dagrun for example_skip_dag to 2025-03-16 00:00:00+00:00, run_after=2025-03-17 00:00:00+00:00
[2025-03-17T14:37:23.173-0400] {processor.py:208} INFO - Processing /Users/nidhipatel/ApacheAirflow_Tutorial/py_env/lib/python3.12/site-packages/airflow/example_dags/example_skip_dag.py took 0.053 seconds
[2025-03-17T14:39:23.873-0400] {processor.py:186} INFO - Started process (PID=32556) to work on /Users/nidhipatel/ApacheAirflow_Tutorial/py_env/lib/python3.12/site-packages/airflow/example_dags/example_skip_dag.py
[2025-03-17T14:39:23.874-0400] {processor.py:914} INFO - Processing file /Users/nidhipatel/ApacheAirflow_Tutorial/py_env/lib/python3.12/site-packages/airflow/example_dags/example_skip_dag.py for tasks to queue
[2025-03-17T14:39:23.874-0400] {logging_mixin.py:190} INFO - [2025-03-17T14:39:23.874-0400] {dagbag.py:588} INFO - Filling up the DagBag from /Users/nidhipatel/ApacheAirflow_Tutorial/py_env/lib/python3.12/site-packages/airflow/example_dags/example_skip_dag.py
[2025-03-17T14:39:23.877-0400] {processor.py:925} INFO - DAG(s) 'example_skip_dag' retrieved from /Users/nidhipatel/ApacheAirflow_Tutorial/py_env/lib/python3.12/site-packages/airflow/example_dags/example_skip_dag.py
[2025-03-17T14:39:23.913-0400] {logging_mixin.py:190} INFO - [2025-03-17T14:39:23.913-0400] {dag.py:3239} INFO - Sync 1 DAGs
[2025-03-17T14:39:23.921-0400] {logging_mixin.py:190} INFO - [2025-03-17T14:39:23.921-0400] {dag.py:4180} INFO - Setting next_dagrun for example_skip_dag to 2025-03-16 00:00:00+00:00, run_after=2025-03-17 00:00:00+00:00
[2025-03-17T14:39:23.927-0400] {processor.py:208} INFO - Processing /Users/nidhipatel/ApacheAirflow_Tutorial/py_env/lib/python3.12/site-packages/airflow/example_dags/example_skip_dag.py took 0.055 seconds
[2025-03-17T14:40:30.879-0400] {processor.py:186} INFO - Started process (PID=32676) to work on /Users/nidhipatel/ApacheAirflow_Tutorial/py_env/lib/python3.12/site-packages/airflow/example_dags/example_skip_dag.py
[2025-03-17T14:40:30.880-0400] {processor.py:914} INFO - Processing file /Users/nidhipatel/ApacheAirflow_Tutorial/py_env/lib/python3.12/site-packages/airflow/example_dags/example_skip_dag.py for tasks to queue
[2025-03-17T14:40:30.881-0400] {logging_mixin.py:190} INFO - [2025-03-17T14:40:30.880-0400] {dagbag.py:588} INFO - Filling up the DagBag from /Users/nidhipatel/ApacheAirflow_Tutorial/py_env/lib/python3.12/site-packages/airflow/example_dags/example_skip_dag.py
[2025-03-17T14:40:30.883-0400] {processor.py:925} INFO - DAG(s) 'example_skip_dag' retrieved from /Users/nidhipatel/ApacheAirflow_Tutorial/py_env/lib/python3.12/site-packages/airflow/example_dags/example_skip_dag.py
[2025-03-17T14:40:30.919-0400] {logging_mixin.py:190} INFO - [2025-03-17T14:40:30.919-0400] {dag.py:3239} INFO - Sync 1 DAGs
[2025-03-17T14:40:30.926-0400] {logging_mixin.py:190} INFO - [2025-03-17T14:40:30.926-0400] {dag.py:4180} INFO - Setting next_dagrun for example_skip_dag to 2025-03-16 00:00:00+00:00, run_after=2025-03-17 00:00:00+00:00
[2025-03-17T14:40:30.932-0400] {processor.py:208} INFO - Processing /Users/nidhipatel/ApacheAirflow_Tutorial/py_env/lib/python3.12/site-packages/airflow/example_dags/example_skip_dag.py took 0.055 seconds
[2025-03-17T14:42:35.512-0400] {processor.py:186} INFO - Started process (PID=32857) to work on /Users/nidhipatel/ApacheAirflow_Tutorial/py_env/lib/python3.12/site-packages/airflow/example_dags/example_skip_dag.py
[2025-03-17T14:42:35.513-0400] {processor.py:914} INFO - Processing file /Users/nidhipatel/ApacheAirflow_Tutorial/py_env/lib/python3.12/site-packages/airflow/example_dags/example_skip_dag.py for tasks to queue
[2025-03-17T14:42:35.513-0400] {logging_mixin.py:190} INFO - [2025-03-17T14:42:35.513-0400] {dagbag.py:588} INFO - Filling up the DagBag from /Users/nidhipatel/ApacheAirflow_Tutorial/py_env/lib/python3.12/site-packages/airflow/example_dags/example_skip_dag.py
[2025-03-17T14:42:35.516-0400] {processor.py:925} INFO - DAG(s) 'example_skip_dag' retrieved from /Users/nidhipatel/ApacheAirflow_Tutorial/py_env/lib/python3.12/site-packages/airflow/example_dags/example_skip_dag.py
[2025-03-17T14:42:35.552-0400] {logging_mixin.py:190} INFO - [2025-03-17T14:42:35.552-0400] {dag.py:3239} INFO - Sync 1 DAGs
[2025-03-17T14:42:35.558-0400] {logging_mixin.py:190} INFO - [2025-03-17T14:42:35.558-0400] {dag.py:4180} INFO - Setting next_dagrun for example_skip_dag to 2025-03-16 00:00:00+00:00, run_after=2025-03-17 00:00:00+00:00
[2025-03-17T14:42:35.565-0400] {processor.py:208} INFO - Processing /Users/nidhipatel/ApacheAirflow_Tutorial/py_env/lib/python3.12/site-packages/airflow/example_dags/example_skip_dag.py took 0.054 seconds
[2025-03-17T14:43:44.086-0400] {processor.py:186} INFO - Started process (PID=32935) to work on /Users/nidhipatel/ApacheAirflow_Tutorial/py_env/lib/python3.12/site-packages/airflow/example_dags/example_skip_dag.py
[2025-03-17T14:43:44.086-0400] {processor.py:914} INFO - Processing file /Users/nidhipatel/ApacheAirflow_Tutorial/py_env/lib/python3.12/site-packages/airflow/example_dags/example_skip_dag.py for tasks to queue
[2025-03-17T14:43:44.087-0400] {logging_mixin.py:190} INFO - [2025-03-17T14:43:44.087-0400] {dagbag.py:588} INFO - Filling up the DagBag from /Users/nidhipatel/ApacheAirflow_Tutorial/py_env/lib/python3.12/site-packages/airflow/example_dags/example_skip_dag.py
[2025-03-17T14:43:44.090-0400] {processor.py:925} INFO - DAG(s) 'example_skip_dag' retrieved from /Users/nidhipatel/ApacheAirflow_Tutorial/py_env/lib/python3.12/site-packages/airflow/example_dags/example_skip_dag.py
[2025-03-17T14:43:44.124-0400] {logging_mixin.py:190} INFO - [2025-03-17T14:43:44.124-0400] {dag.py:3239} INFO - Sync 1 DAGs
[2025-03-17T14:43:44.130-0400] {logging_mixin.py:190} INFO - [2025-03-17T14:43:44.130-0400] {dag.py:4180} INFO - Setting next_dagrun for example_skip_dag to 2025-03-16 00:00:00+00:00, run_after=2025-03-17 00:00:00+00:00
[2025-03-17T14:43:44.138-0400] {processor.py:208} INFO - Processing /Users/nidhipatel/ApacheAirflow_Tutorial/py_env/lib/python3.12/site-packages/airflow/example_dags/example_skip_dag.py took 0.053 seconds
[2025-03-17T14:44:51.624-0400] {processor.py:186} INFO - Started process (PID=33036) to work on /Users/nidhipatel/ApacheAirflow_Tutorial/py_env/lib/python3.12/site-packages/airflow/example_dags/example_skip_dag.py
[2025-03-17T14:44:51.625-0400] {processor.py:914} INFO - Processing file /Users/nidhipatel/ApacheAirflow_Tutorial/py_env/lib/python3.12/site-packages/airflow/example_dags/example_skip_dag.py for tasks to queue
[2025-03-17T14:44:51.625-0400] {logging_mixin.py:190} INFO - [2025-03-17T14:44:51.625-0400] {dagbag.py:588} INFO - Filling up the DagBag from /Users/nidhipatel/ApacheAirflow_Tutorial/py_env/lib/python3.12/site-packages/airflow/example_dags/example_skip_dag.py
[2025-03-17T14:44:51.628-0400] {processor.py:925} INFO - DAG(s) 'example_skip_dag' retrieved from /Users/nidhipatel/ApacheAirflow_Tutorial/py_env/lib/python3.12/site-packages/airflow/example_dags/example_skip_dag.py
[2025-03-17T14:44:51.663-0400] {logging_mixin.py:190} INFO - [2025-03-17T14:44:51.663-0400] {dag.py:3239} INFO - Sync 1 DAGs
[2025-03-17T14:44:51.669-0400] {logging_mixin.py:190} INFO - [2025-03-17T14:44:51.669-0400] {dag.py:4180} INFO - Setting next_dagrun for example_skip_dag to 2025-03-16 00:00:00+00:00, run_after=2025-03-17 00:00:00+00:00
[2025-03-17T14:44:51.676-0400] {processor.py:208} INFO - Processing /Users/nidhipatel/ApacheAirflow_Tutorial/py_env/lib/python3.12/site-packages/airflow/example_dags/example_skip_dag.py took 0.053 seconds
[2025-03-17T14:46:00.324-0400] {processor.py:186} INFO - Started process (PID=33125) to work on /Users/nidhipatel/ApacheAirflow_Tutorial/py_env/lib/python3.12/site-packages/airflow/example_dags/example_skip_dag.py
[2025-03-17T14:46:00.325-0400] {processor.py:914} INFO - Processing file /Users/nidhipatel/ApacheAirflow_Tutorial/py_env/lib/python3.12/site-packages/airflow/example_dags/example_skip_dag.py for tasks to queue
[2025-03-17T14:46:00.325-0400] {logging_mixin.py:190} INFO - [2025-03-17T14:46:00.325-0400] {dagbag.py:588} INFO - Filling up the DagBag from /Users/nidhipatel/ApacheAirflow_Tutorial/py_env/lib/python3.12/site-packages/airflow/example_dags/example_skip_dag.py
[2025-03-17T14:46:00.328-0400] {processor.py:925} INFO - DAG(s) 'example_skip_dag' retrieved from /Users/nidhipatel/ApacheAirflow_Tutorial/py_env/lib/python3.12/site-packages/airflow/example_dags/example_skip_dag.py
[2025-03-17T14:46:00.364-0400] {logging_mixin.py:190} INFO - [2025-03-17T14:46:00.364-0400] {dag.py:3239} INFO - Sync 1 DAGs
[2025-03-17T14:46:00.370-0400] {logging_mixin.py:190} INFO - [2025-03-17T14:46:00.370-0400] {dag.py:4180} INFO - Setting next_dagrun for example_skip_dag to 2025-03-16 00:00:00+00:00, run_after=2025-03-17 00:00:00+00:00
[2025-03-17T14:46:00.377-0400] {processor.py:208} INFO - Processing /Users/nidhipatel/ApacheAirflow_Tutorial/py_env/lib/python3.12/site-packages/airflow/example_dags/example_skip_dag.py took 0.054 seconds
[2025-03-17T14:47:09.540-0400] {processor.py:186} INFO - Started process (PID=33213) to work on /Users/nidhipatel/ApacheAirflow_Tutorial/py_env/lib/python3.12/site-packages/airflow/example_dags/example_skip_dag.py
[2025-03-17T14:47:09.541-0400] {processor.py:914} INFO - Processing file /Users/nidhipatel/ApacheAirflow_Tutorial/py_env/lib/python3.12/site-packages/airflow/example_dags/example_skip_dag.py for tasks to queue
[2025-03-17T14:47:09.542-0400] {logging_mixin.py:190} INFO - [2025-03-17T14:47:09.542-0400] {dagbag.py:588} INFO - Filling up the DagBag from /Users/nidhipatel/ApacheAirflow_Tutorial/py_env/lib/python3.12/site-packages/airflow/example_dags/example_skip_dag.py
[2025-03-17T14:47:09.545-0400] {processor.py:925} INFO - DAG(s) 'example_skip_dag' retrieved from /Users/nidhipatel/ApacheAirflow_Tutorial/py_env/lib/python3.12/site-packages/airflow/example_dags/example_skip_dag.py
[2025-03-17T14:47:09.580-0400] {logging_mixin.py:190} INFO - [2025-03-17T14:47:09.579-0400] {dag.py:3239} INFO - Sync 1 DAGs
[2025-03-17T14:47:09.586-0400] {logging_mixin.py:190} INFO - [2025-03-17T14:47:09.585-0400] {dag.py:4180} INFO - Setting next_dagrun for example_skip_dag to 2025-03-16 00:00:00+00:00, run_after=2025-03-17 00:00:00+00:00
[2025-03-17T14:47:09.593-0400] {processor.py:208} INFO - Processing /Users/nidhipatel/ApacheAirflow_Tutorial/py_env/lib/python3.12/site-packages/airflow/example_dags/example_skip_dag.py took 0.054 seconds
[2025-03-17T14:48:17.544-0400] {processor.py:186} INFO - Started process (PID=33293) to work on /Users/nidhipatel/ApacheAirflow_Tutorial/py_env/lib/python3.12/site-packages/airflow/example_dags/example_skip_dag.py
[2025-03-17T14:48:17.545-0400] {processor.py:914} INFO - Processing file /Users/nidhipatel/ApacheAirflow_Tutorial/py_env/lib/python3.12/site-packages/airflow/example_dags/example_skip_dag.py for tasks to queue
[2025-03-17T14:48:17.545-0400] {logging_mixin.py:190} INFO - [2025-03-17T14:48:17.545-0400] {dagbag.py:588} INFO - Filling up the DagBag from /Users/nidhipatel/ApacheAirflow_Tutorial/py_env/lib/python3.12/site-packages/airflow/example_dags/example_skip_dag.py
[2025-03-17T14:48:17.548-0400] {processor.py:925} INFO - DAG(s) 'example_skip_dag' retrieved from /Users/nidhipatel/ApacheAirflow_Tutorial/py_env/lib/python3.12/site-packages/airflow/example_dags/example_skip_dag.py
[2025-03-17T14:48:17.583-0400] {logging_mixin.py:190} INFO - [2025-03-17T14:48:17.582-0400] {dag.py:3239} INFO - Sync 1 DAGs
[2025-03-17T14:48:17.589-0400] {logging_mixin.py:190} INFO - [2025-03-17T14:48:17.588-0400] {dag.py:4180} INFO - Setting next_dagrun for example_skip_dag to 2025-03-16 00:00:00+00:00, run_after=2025-03-17 00:00:00+00:00
[2025-03-17T14:48:17.596-0400] {processor.py:208} INFO - Processing /Users/nidhipatel/ApacheAirflow_Tutorial/py_env/lib/python3.12/site-packages/airflow/example_dags/example_skip_dag.py took 0.053 seconds
[2025-03-17T14:49:23.324-0400] {processor.py:186} INFO - Started process (PID=33408) to work on /Users/nidhipatel/ApacheAirflow_Tutorial/py_env/lib/python3.12/site-packages/airflow/example_dags/example_skip_dag.py
[2025-03-17T14:49:23.325-0400] {processor.py:914} INFO - Processing file /Users/nidhipatel/ApacheAirflow_Tutorial/py_env/lib/python3.12/site-packages/airflow/example_dags/example_skip_dag.py for tasks to queue
[2025-03-17T14:49:23.325-0400] {logging_mixin.py:190} INFO - [2025-03-17T14:49:23.325-0400] {dagbag.py:588} INFO - Filling up the DagBag from /Users/nidhipatel/ApacheAirflow_Tutorial/py_env/lib/python3.12/site-packages/airflow/example_dags/example_skip_dag.py
[2025-03-17T14:49:23.329-0400] {processor.py:925} INFO - DAG(s) 'example_skip_dag' retrieved from /Users/nidhipatel/ApacheAirflow_Tutorial/py_env/lib/python3.12/site-packages/airflow/example_dags/example_skip_dag.py
[2025-03-17T14:49:23.368-0400] {logging_mixin.py:190} INFO - [2025-03-17T14:49:23.367-0400] {dag.py:3239} INFO - Sync 1 DAGs
[2025-03-17T14:49:23.374-0400] {logging_mixin.py:190} INFO - [2025-03-17T14:49:23.374-0400] {dag.py:4180} INFO - Setting next_dagrun for example_skip_dag to 2025-03-16 00:00:00+00:00, run_after=2025-03-17 00:00:00+00:00
[2025-03-17T14:49:23.382-0400] {processor.py:208} INFO - Processing /Users/nidhipatel/ApacheAirflow_Tutorial/py_env/lib/python3.12/site-packages/airflow/example_dags/example_skip_dag.py took 0.060 seconds
[2025-03-17T14:51:33.991-0400] {processor.py:186} INFO - Started process (PID=33668) to work on /Users/nidhipatel/ApacheAirflow_Tutorial/py_env/lib/python3.12/site-packages/airflow/example_dags/example_skip_dag.py
[2025-03-17T14:51:33.992-0400] {processor.py:914} INFO - Processing file /Users/nidhipatel/ApacheAirflow_Tutorial/py_env/lib/python3.12/site-packages/airflow/example_dags/example_skip_dag.py for tasks to queue
[2025-03-17T14:51:33.992-0400] {logging_mixin.py:190} INFO - [2025-03-17T14:51:33.992-0400] {dagbag.py:588} INFO - Filling up the DagBag from /Users/nidhipatel/ApacheAirflow_Tutorial/py_env/lib/python3.12/site-packages/airflow/example_dags/example_skip_dag.py
[2025-03-17T14:51:33.995-0400] {processor.py:925} INFO - DAG(s) 'example_skip_dag' retrieved from /Users/nidhipatel/ApacheAirflow_Tutorial/py_env/lib/python3.12/site-packages/airflow/example_dags/example_skip_dag.py
[2025-03-17T14:51:34.032-0400] {logging_mixin.py:190} INFO - [2025-03-17T14:51:34.032-0400] {dag.py:3239} INFO - Sync 1 DAGs
[2025-03-17T14:51:34.040-0400] {logging_mixin.py:190} INFO - [2025-03-17T14:51:34.040-0400] {dag.py:4180} INFO - Setting next_dagrun for example_skip_dag to 2025-03-16 00:00:00+00:00, run_after=2025-03-17 00:00:00+00:00
[2025-03-17T14:51:34.048-0400] {processor.py:208} INFO - Processing /Users/nidhipatel/ApacheAirflow_Tutorial/py_env/lib/python3.12/site-packages/airflow/example_dags/example_skip_dag.py took 0.058 seconds
[2025-03-17T14:52:41.391-0400] {processor.py:186} INFO - Started process (PID=33898) to work on /Users/nidhipatel/ApacheAirflow_Tutorial/py_env/lib/python3.12/site-packages/airflow/example_dags/example_skip_dag.py
[2025-03-17T14:52:41.391-0400] {processor.py:914} INFO - Processing file /Users/nidhipatel/ApacheAirflow_Tutorial/py_env/lib/python3.12/site-packages/airflow/example_dags/example_skip_dag.py for tasks to queue
[2025-03-17T14:52:41.392-0400] {logging_mixin.py:190} INFO - [2025-03-17T14:52:41.391-0400] {dagbag.py:588} INFO - Filling up the DagBag from /Users/nidhipatel/ApacheAirflow_Tutorial/py_env/lib/python3.12/site-packages/airflow/example_dags/example_skip_dag.py
[2025-03-17T14:52:41.394-0400] {processor.py:925} INFO - DAG(s) 'example_skip_dag' retrieved from /Users/nidhipatel/ApacheAirflow_Tutorial/py_env/lib/python3.12/site-packages/airflow/example_dags/example_skip_dag.py
[2025-03-17T14:52:41.430-0400] {logging_mixin.py:190} INFO - [2025-03-17T14:52:41.430-0400] {dag.py:3239} INFO - Sync 1 DAGs
[2025-03-17T14:52:41.438-0400] {logging_mixin.py:190} INFO - [2025-03-17T14:52:41.437-0400] {dag.py:4180} INFO - Setting next_dagrun for example_skip_dag to 2025-03-16 00:00:00+00:00, run_after=2025-03-17 00:00:00+00:00
[2025-03-17T14:52:41.445-0400] {processor.py:208} INFO - Processing /Users/nidhipatel/ApacheAirflow_Tutorial/py_env/lib/python3.12/site-packages/airflow/example_dags/example_skip_dag.py took 0.057 seconds
