[2025-03-17T14:33:07.480-0400] {processor.py:186} INFO - Started process (PID=32036) to work on /Users/nidhipatel/ApacheAirflow_Tutorial/py_env/lib/python3.12/site-packages/airflow/example_dags/example_dataset_alias_with_no_taskflow.py
[2025-03-17T14:33:07.481-0400] {processor.py:914} INFO - Processing file /Users/nidhipatel/ApacheAirflow_Tutorial/py_env/lib/python3.12/site-packages/airflow/example_dags/example_dataset_alias_with_no_taskflow.py for tasks to queue
[2025-03-17T14:33:07.481-0400] {logging_mixin.py:190} INFO - [2025-03-17T14:33:07.481-0400] {dagbag.py:588} INFO - Filling up the DagBag from /Users/nidhipatel/ApacheAirflow_Tutorial/py_env/lib/python3.12/site-packages/airflow/example_dags/example_dataset_alias_with_no_taskflow.py
[2025-03-17T14:33:07.531-0400] {processor.py:925} INFO - DAG(s) 'dataset_alias_example_alias_producer_with_no_taskflow', 'dataset_s3_bucket_producer_with_no_taskflow', 'dataset_s3_bucket_consumer_with_no_taskflow', 'dataset_alias_example_alias_consumer_with_no_taskflow' retrieved from /Users/nidhipatel/ApacheAirflow_Tutorial/py_env/lib/python3.12/site-packages/airflow/example_dags/example_dataset_alias_with_no_taskflow.py
[2025-03-17T14:33:07.573-0400] {logging_mixin.py:190} INFO - [2025-03-17T14:33:07.572-0400] {override.py:1912} INFO - Created Permission View: can read on DAG:dataset_alias_example_alias_producer_with_no_taskflow
[2025-03-17T14:33:07.576-0400] {logging_mixin.py:190} INFO - [2025-03-17T14:33:07.576-0400] {override.py:1912} INFO - Created Permission View: can edit on DAG:dataset_alias_example_alias_producer_with_no_taskflow
[2025-03-17T14:33:07.578-0400] {logging_mixin.py:190} INFO - [2025-03-17T14:33:07.578-0400] {override.py:1912} INFO - Created Permission View: can delete on DAG:dataset_alias_example_alias_producer_with_no_taskflow
[2025-03-17T14:33:07.580-0400] {logging_mixin.py:190} INFO - [2025-03-17T14:33:07.580-0400] {override.py:1912} INFO - Created Permission View: can read on DAG Run:dataset_alias_example_alias_producer_with_no_taskflow
[2025-03-17T14:33:07.582-0400] {logging_mixin.py:190} INFO - [2025-03-17T14:33:07.582-0400] {override.py:1912} INFO - Created Permission View: can create on DAG Run:dataset_alias_example_alias_producer_with_no_taskflow
[2025-03-17T14:33:07.584-0400] {logging_mixin.py:190} INFO - [2025-03-17T14:33:07.584-0400] {override.py:1912} INFO - Created Permission View: can delete on DAG Run:dataset_alias_example_alias_producer_with_no_taskflow
[2025-03-17T14:33:07.586-0400] {logging_mixin.py:190} INFO - [2025-03-17T14:33:07.585-0400] {override.py:1912} INFO - Created Permission View: menu access on DAG Run:dataset_alias_example_alias_producer_with_no_taskflow
[2025-03-17T14:33:07.590-0400] {logging_mixin.py:190} INFO - [2025-03-17T14:33:07.590-0400] {override.py:1912} INFO - Created Permission View: can read on DAG:dataset_s3_bucket_producer_with_no_taskflow
[2025-03-17T14:33:07.591-0400] {logging_mixin.py:190} INFO - [2025-03-17T14:33:07.591-0400] {override.py:1912} INFO - Created Permission View: can edit on DAG:dataset_s3_bucket_producer_with_no_taskflow
[2025-03-17T14:33:07.593-0400] {logging_mixin.py:190} INFO - [2025-03-17T14:33:07.593-0400] {override.py:1912} INFO - Created Permission View: can delete on DAG:dataset_s3_bucket_producer_with_no_taskflow
[2025-03-17T14:33:07.596-0400] {logging_mixin.py:190} INFO - [2025-03-17T14:33:07.596-0400] {override.py:1912} INFO - Created Permission View: can read on DAG Run:dataset_s3_bucket_producer_with_no_taskflow
[2025-03-17T14:33:07.598-0400] {logging_mixin.py:190} INFO - [2025-03-17T14:33:07.597-0400] {override.py:1912} INFO - Created Permission View: can create on DAG Run:dataset_s3_bucket_producer_with_no_taskflow
[2025-03-17T14:33:07.600-0400] {logging_mixin.py:190} INFO - [2025-03-17T14:33:07.599-0400] {override.py:1912} INFO - Created Permission View: can delete on DAG Run:dataset_s3_bucket_producer_with_no_taskflow
[2025-03-17T14:33:07.602-0400] {logging_mixin.py:190} INFO - [2025-03-17T14:33:07.601-0400] {override.py:1912} INFO - Created Permission View: menu access on DAG Run:dataset_s3_bucket_producer_with_no_taskflow
[2025-03-17T14:33:07.612-0400] {logging_mixin.py:190} INFO - [2025-03-17T14:33:07.611-0400] {override.py:1912} INFO - Created Permission View: can read on DAG:dataset_s3_bucket_consumer_with_no_taskflow
[2025-03-17T14:33:07.616-0400] {logging_mixin.py:190} INFO - [2025-03-17T14:33:07.615-0400] {override.py:1912} INFO - Created Permission View: can edit on DAG:dataset_s3_bucket_consumer_with_no_taskflow
[2025-03-17T14:33:07.651-0400] {logging_mixin.py:190} INFO - [2025-03-17T14:33:07.650-0400] {override.py:1912} INFO - Created Permission View: can delete on DAG:dataset_s3_bucket_consumer_with_no_taskflow
[2025-03-17T14:33:07.679-0400] {logging_mixin.py:190} INFO - [2025-03-17T14:33:07.679-0400] {override.py:1912} INFO - Created Permission View: can read on DAG Run:dataset_s3_bucket_consumer_with_no_taskflow
[2025-03-17T14:33:07.683-0400] {logging_mixin.py:190} INFO - [2025-03-17T14:33:07.683-0400] {override.py:1912} INFO - Created Permission View: can create on DAG Run:dataset_s3_bucket_consumer_with_no_taskflow
[2025-03-17T14:33:07.685-0400] {logging_mixin.py:190} INFO - [2025-03-17T14:33:07.685-0400] {override.py:1912} INFO - Created Permission View: can delete on DAG Run:dataset_s3_bucket_consumer_with_no_taskflow
[2025-03-17T14:33:07.687-0400] {logging_mixin.py:190} INFO - [2025-03-17T14:33:07.687-0400] {override.py:1912} INFO - Created Permission View: menu access on DAG Run:dataset_s3_bucket_consumer_with_no_taskflow
[2025-03-17T14:33:07.692-0400] {logging_mixin.py:190} INFO - [2025-03-17T14:33:07.692-0400] {override.py:1912} INFO - Created Permission View: can read on DAG:dataset_alias_example_alias_consumer_with_no_taskflow
[2025-03-17T14:33:07.694-0400] {logging_mixin.py:190} INFO - [2025-03-17T14:33:07.694-0400] {override.py:1912} INFO - Created Permission View: can edit on DAG:dataset_alias_example_alias_consumer_with_no_taskflow
[2025-03-17T14:33:07.696-0400] {logging_mixin.py:190} INFO - [2025-03-17T14:33:07.696-0400] {override.py:1912} INFO - Created Permission View: can delete on DAG:dataset_alias_example_alias_consumer_with_no_taskflow
[2025-03-17T14:33:07.699-0400] {logging_mixin.py:190} INFO - [2025-03-17T14:33:07.699-0400] {override.py:1912} INFO - Created Permission View: can read on DAG Run:dataset_alias_example_alias_consumer_with_no_taskflow
[2025-03-17T14:33:07.701-0400] {logging_mixin.py:190} INFO - [2025-03-17T14:33:07.701-0400] {override.py:1912} INFO - Created Permission View: can create on DAG Run:dataset_alias_example_alias_consumer_with_no_taskflow
[2025-03-17T14:33:07.703-0400] {logging_mixin.py:190} INFO - [2025-03-17T14:33:07.703-0400] {override.py:1912} INFO - Created Permission View: can delete on DAG Run:dataset_alias_example_alias_consumer_with_no_taskflow
[2025-03-17T14:33:07.705-0400] {logging_mixin.py:190} INFO - [2025-03-17T14:33:07.705-0400] {override.py:1912} INFO - Created Permission View: menu access on DAG Run:dataset_alias_example_alias_consumer_with_no_taskflow
[2025-03-17T14:33:07.705-0400] {logging_mixin.py:190} INFO - [2025-03-17T14:33:07.705-0400] {dag.py:3239} INFO - Sync 4 DAGs
[2025-03-17T14:33:07.710-0400] {logging_mixin.py:190} INFO - [2025-03-17T14:33:07.710-0400] {dag.py:3262} INFO - Creating ORM DAG for dataset_alias_example_alias_consumer_with_no_taskflow
[2025-03-17T14:33:07.710-0400] {logging_mixin.py:190} INFO - [2025-03-17T14:33:07.710-0400] {dag.py:3262} INFO - Creating ORM DAG for dataset_s3_bucket_producer_with_no_taskflow
[2025-03-17T14:33:07.710-0400] {logging_mixin.py:190} INFO - [2025-03-17T14:33:07.710-0400] {dag.py:3262} INFO - Creating ORM DAG for dataset_s3_bucket_consumer_with_no_taskflow
[2025-03-17T14:33:07.710-0400] {logging_mixin.py:190} INFO - [2025-03-17T14:33:07.710-0400] {dag.py:3262} INFO - Creating ORM DAG for dataset_alias_example_alias_producer_with_no_taskflow
[2025-03-17T14:33:07.713-0400] {logging_mixin.py:190} INFO - [2025-03-17T14:33:07.713-0400] {dag.py:4180} INFO - Setting next_dagrun for dataset_alias_example_alias_consumer_with_no_taskflow to None, run_after=None
[2025-03-17T14:33:07.714-0400] {logging_mixin.py:190} INFO - [2025-03-17T14:33:07.714-0400] {dag.py:4180} INFO - Setting next_dagrun for dataset_alias_example_alias_producer_with_no_taskflow to None, run_after=None
[2025-03-17T14:33:07.714-0400] {logging_mixin.py:190} INFO - [2025-03-17T14:33:07.714-0400] {dag.py:4180} INFO - Setting next_dagrun for dataset_s3_bucket_consumer_with_no_taskflow to None, run_after=None
[2025-03-17T14:33:07.714-0400] {logging_mixin.py:190} INFO - [2025-03-17T14:33:07.714-0400] {dag.py:4180} INFO - Setting next_dagrun for dataset_s3_bucket_producer_with_no_taskflow to None, run_after=None
[2025-03-17T14:33:07.753-0400] {logging_mixin.py:190} INFO - [2025-03-17T14:33:07.753-0400] {workday.py:41} WARNING - Could not import pandas. Holidays will not be considered.
[2025-03-17T14:33:07.760-0400] {processor.py:208} INFO - Processing /Users/nidhipatel/ApacheAirflow_Tutorial/py_env/lib/python3.12/site-packages/airflow/example_dags/example_dataset_alias_with_no_taskflow.py took 0.282 seconds
[2025-03-17T14:35:24.619-0400] {processor.py:186} INFO - Started process (PID=32220) to work on /Users/nidhipatel/ApacheAirflow_Tutorial/py_env/lib/python3.12/site-packages/airflow/example_dags/example_dataset_alias_with_no_taskflow.py
[2025-03-17T14:35:24.619-0400] {processor.py:914} INFO - Processing file /Users/nidhipatel/ApacheAirflow_Tutorial/py_env/lib/python3.12/site-packages/airflow/example_dags/example_dataset_alias_with_no_taskflow.py for tasks to queue
[2025-03-17T14:35:24.620-0400] {logging_mixin.py:190} INFO - [2025-03-17T14:35:24.620-0400] {dagbag.py:588} INFO - Filling up the DagBag from /Users/nidhipatel/ApacheAirflow_Tutorial/py_env/lib/python3.12/site-packages/airflow/example_dags/example_dataset_alias_with_no_taskflow.py
[2025-03-17T14:35:24.671-0400] {processor.py:925} INFO - DAG(s) 'dataset_alias_example_alias_producer_with_no_taskflow', 'dataset_alias_example_alias_consumer_with_no_taskflow', 'dataset_s3_bucket_producer_with_no_taskflow', 'dataset_s3_bucket_consumer_with_no_taskflow' retrieved from /Users/nidhipatel/ApacheAirflow_Tutorial/py_env/lib/python3.12/site-packages/airflow/example_dags/example_dataset_alias_with_no_taskflow.py
[2025-03-17T14:35:24.680-0400] {logging_mixin.py:190} INFO - [2025-03-17T14:35:24.680-0400] {dag.py:3239} INFO - Sync 4 DAGs
[2025-03-17T14:35:24.686-0400] {logging_mixin.py:190} INFO - [2025-03-17T14:35:24.686-0400] {dag.py:4180} INFO - Setting next_dagrun for dataset_alias_example_alias_consumer_with_no_taskflow to None, run_after=None
[2025-03-17T14:35:24.686-0400] {logging_mixin.py:190} INFO - [2025-03-17T14:35:24.686-0400] {dag.py:4180} INFO - Setting next_dagrun for dataset_alias_example_alias_producer_with_no_taskflow to None, run_after=None
[2025-03-17T14:35:24.687-0400] {logging_mixin.py:190} INFO - [2025-03-17T14:35:24.687-0400] {dag.py:4180} INFO - Setting next_dagrun for dataset_s3_bucket_consumer_with_no_taskflow to None, run_after=None
[2025-03-17T14:35:24.687-0400] {logging_mixin.py:190} INFO - [2025-03-17T14:35:24.687-0400] {dag.py:4180} INFO - Setting next_dagrun for dataset_s3_bucket_producer_with_no_taskflow to None, run_after=None
[2025-03-17T14:35:24.694-0400] {processor.py:208} INFO - Processing /Users/nidhipatel/ApacheAirflow_Tutorial/py_env/lib/python3.12/site-packages/airflow/example_dags/example_dataset_alias_with_no_taskflow.py took 0.077 seconds
[2025-03-17T14:37:34.395-0400] {processor.py:186} INFO - Started process (PID=32386) to work on /Users/nidhipatel/ApacheAirflow_Tutorial/py_env/lib/python3.12/site-packages/airflow/example_dags/example_dataset_alias_with_no_taskflow.py
[2025-03-17T14:37:34.396-0400] {processor.py:914} INFO - Processing file /Users/nidhipatel/ApacheAirflow_Tutorial/py_env/lib/python3.12/site-packages/airflow/example_dags/example_dataset_alias_with_no_taskflow.py for tasks to queue
[2025-03-17T14:37:34.396-0400] {logging_mixin.py:190} INFO - [2025-03-17T14:37:34.396-0400] {dagbag.py:588} INFO - Filling up the DagBag from /Users/nidhipatel/ApacheAirflow_Tutorial/py_env/lib/python3.12/site-packages/airflow/example_dags/example_dataset_alias_with_no_taskflow.py
[2025-03-17T14:37:34.448-0400] {processor.py:925} INFO - DAG(s) 'dataset_alias_example_alias_producer_with_no_taskflow', 'dataset_alias_example_alias_consumer_with_no_taskflow', 'dataset_s3_bucket_consumer_with_no_taskflow', 'dataset_s3_bucket_producer_with_no_taskflow' retrieved from /Users/nidhipatel/ApacheAirflow_Tutorial/py_env/lib/python3.12/site-packages/airflow/example_dags/example_dataset_alias_with_no_taskflow.py
[2025-03-17T14:37:34.456-0400] {logging_mixin.py:190} INFO - [2025-03-17T14:37:34.456-0400] {dag.py:3239} INFO - Sync 4 DAGs
[2025-03-17T14:37:34.462-0400] {logging_mixin.py:190} INFO - [2025-03-17T14:37:34.462-0400] {dag.py:4180} INFO - Setting next_dagrun for dataset_alias_example_alias_consumer_with_no_taskflow to None, run_after=None
[2025-03-17T14:37:34.463-0400] {logging_mixin.py:190} INFO - [2025-03-17T14:37:34.463-0400] {dag.py:4180} INFO - Setting next_dagrun for dataset_alias_example_alias_producer_with_no_taskflow to None, run_after=None
[2025-03-17T14:37:34.463-0400] {logging_mixin.py:190} INFO - [2025-03-17T14:37:34.463-0400] {dag.py:4180} INFO - Setting next_dagrun for dataset_s3_bucket_consumer_with_no_taskflow to None, run_after=None
[2025-03-17T14:37:34.463-0400] {logging_mixin.py:190} INFO - [2025-03-17T14:37:34.463-0400] {dag.py:4180} INFO - Setting next_dagrun for dataset_s3_bucket_producer_with_no_taskflow to None, run_after=None
[2025-03-17T14:37:34.470-0400] {processor.py:208} INFO - Processing /Users/nidhipatel/ApacheAirflow_Tutorial/py_env/lib/python3.12/site-packages/airflow/example_dags/example_dataset_alias_with_no_taskflow.py took 0.076 seconds
[2025-03-17T14:39:37.214-0400] {processor.py:186} INFO - Started process (PID=32603) to work on /Users/nidhipatel/ApacheAirflow_Tutorial/py_env/lib/python3.12/site-packages/airflow/example_dags/example_dataset_alias_with_no_taskflow.py
[2025-03-17T14:39:37.217-0400] {processor.py:914} INFO - Processing file /Users/nidhipatel/ApacheAirflow_Tutorial/py_env/lib/python3.12/site-packages/airflow/example_dags/example_dataset_alias_with_no_taskflow.py for tasks to queue
[2025-03-17T14:39:37.218-0400] {logging_mixin.py:190} INFO - [2025-03-17T14:39:37.218-0400] {dagbag.py:588} INFO - Filling up the DagBag from /Users/nidhipatel/ApacheAirflow_Tutorial/py_env/lib/python3.12/site-packages/airflow/example_dags/example_dataset_alias_with_no_taskflow.py
[2025-03-17T14:39:37.282-0400] {processor.py:925} INFO - DAG(s) 'dataset_s3_bucket_producer_with_no_taskflow', 'dataset_alias_example_alias_producer_with_no_taskflow', 'dataset_s3_bucket_consumer_with_no_taskflow', 'dataset_alias_example_alias_consumer_with_no_taskflow' retrieved from /Users/nidhipatel/ApacheAirflow_Tutorial/py_env/lib/python3.12/site-packages/airflow/example_dags/example_dataset_alias_with_no_taskflow.py
[2025-03-17T14:39:37.292-0400] {logging_mixin.py:190} INFO - [2025-03-17T14:39:37.292-0400] {dag.py:3239} INFO - Sync 4 DAGs
[2025-03-17T14:39:37.299-0400] {logging_mixin.py:190} INFO - [2025-03-17T14:39:37.299-0400] {dag.py:4180} INFO - Setting next_dagrun for dataset_alias_example_alias_consumer_with_no_taskflow to None, run_after=None
[2025-03-17T14:39:37.300-0400] {logging_mixin.py:190} INFO - [2025-03-17T14:39:37.300-0400] {dag.py:4180} INFO - Setting next_dagrun for dataset_alias_example_alias_producer_with_no_taskflow to None, run_after=None
[2025-03-17T14:39:37.300-0400] {logging_mixin.py:190} INFO - [2025-03-17T14:39:37.300-0400] {dag.py:4180} INFO - Setting next_dagrun for dataset_s3_bucket_consumer_with_no_taskflow to None, run_after=None
[2025-03-17T14:39:37.300-0400] {logging_mixin.py:190} INFO - [2025-03-17T14:39:37.300-0400] {dag.py:4180} INFO - Setting next_dagrun for dataset_s3_bucket_producer_with_no_taskflow to None, run_after=None
[2025-03-17T14:39:37.309-0400] {processor.py:208} INFO - Processing /Users/nidhipatel/ApacheAirflow_Tutorial/py_env/lib/python3.12/site-packages/airflow/example_dags/example_dataset_alias_with_no_taskflow.py took 0.097 seconds
[2025-03-17T14:41:42.344-0400] {processor.py:186} INFO - Started process (PID=32785) to work on /Users/nidhipatel/ApacheAirflow_Tutorial/py_env/lib/python3.12/site-packages/airflow/example_dags/example_dataset_alias_with_no_taskflow.py
[2025-03-17T14:41:42.345-0400] {processor.py:914} INFO - Processing file /Users/nidhipatel/ApacheAirflow_Tutorial/py_env/lib/python3.12/site-packages/airflow/example_dags/example_dataset_alias_with_no_taskflow.py for tasks to queue
[2025-03-17T14:41:42.345-0400] {logging_mixin.py:190} INFO - [2025-03-17T14:41:42.345-0400] {dagbag.py:588} INFO - Filling up the DagBag from /Users/nidhipatel/ApacheAirflow_Tutorial/py_env/lib/python3.12/site-packages/airflow/example_dags/example_dataset_alias_with_no_taskflow.py
[2025-03-17T14:41:42.399-0400] {processor.py:925} INFO - DAG(s) 'dataset_alias_example_alias_producer_with_no_taskflow', 'dataset_s3_bucket_producer_with_no_taskflow', 'dataset_s3_bucket_consumer_with_no_taskflow', 'dataset_alias_example_alias_consumer_with_no_taskflow' retrieved from /Users/nidhipatel/ApacheAirflow_Tutorial/py_env/lib/python3.12/site-packages/airflow/example_dags/example_dataset_alias_with_no_taskflow.py
[2025-03-17T14:41:42.408-0400] {logging_mixin.py:190} INFO - [2025-03-17T14:41:42.408-0400] {dag.py:3239} INFO - Sync 4 DAGs
[2025-03-17T14:41:42.414-0400] {logging_mixin.py:190} INFO - [2025-03-17T14:41:42.414-0400] {dag.py:4180} INFO - Setting next_dagrun for dataset_alias_example_alias_consumer_with_no_taskflow to None, run_after=None
[2025-03-17T14:41:42.415-0400] {logging_mixin.py:190} INFO - [2025-03-17T14:41:42.415-0400] {dag.py:4180} INFO - Setting next_dagrun for dataset_alias_example_alias_producer_with_no_taskflow to None, run_after=None
[2025-03-17T14:41:42.415-0400] {logging_mixin.py:190} INFO - [2025-03-17T14:41:42.415-0400] {dag.py:4180} INFO - Setting next_dagrun for dataset_s3_bucket_consumer_with_no_taskflow to None, run_after=None
[2025-03-17T14:41:42.415-0400] {logging_mixin.py:190} INFO - [2025-03-17T14:41:42.415-0400] {dag.py:4180} INFO - Setting next_dagrun for dataset_s3_bucket_producer_with_no_taskflow to None, run_after=None
[2025-03-17T14:41:42.422-0400] {processor.py:208} INFO - Processing /Users/nidhipatel/ApacheAirflow_Tutorial/py_env/lib/python3.12/site-packages/airflow/example_dags/example_dataset_alias_with_no_taskflow.py took 0.080 seconds
[2025-03-17T14:43:54.232-0400] {processor.py:186} INFO - Started process (PID=32951) to work on /Users/nidhipatel/ApacheAirflow_Tutorial/py_env/lib/python3.12/site-packages/airflow/example_dags/example_dataset_alias_with_no_taskflow.py
[2025-03-17T14:43:54.232-0400] {processor.py:914} INFO - Processing file /Users/nidhipatel/ApacheAirflow_Tutorial/py_env/lib/python3.12/site-packages/airflow/example_dags/example_dataset_alias_with_no_taskflow.py for tasks to queue
[2025-03-17T14:43:54.233-0400] {logging_mixin.py:190} INFO - [2025-03-17T14:43:54.233-0400] {dagbag.py:588} INFO - Filling up the DagBag from /Users/nidhipatel/ApacheAirflow_Tutorial/py_env/lib/python3.12/site-packages/airflow/example_dags/example_dataset_alias_with_no_taskflow.py
[2025-03-17T14:43:54.289-0400] {processor.py:925} INFO - DAG(s) 'dataset_alias_example_alias_producer_with_no_taskflow', 'dataset_s3_bucket_consumer_with_no_taskflow', 'dataset_s3_bucket_producer_with_no_taskflow', 'dataset_alias_example_alias_consumer_with_no_taskflow' retrieved from /Users/nidhipatel/ApacheAirflow_Tutorial/py_env/lib/python3.12/site-packages/airflow/example_dags/example_dataset_alias_with_no_taskflow.py
[2025-03-17T14:43:54.298-0400] {logging_mixin.py:190} INFO - [2025-03-17T14:43:54.298-0400] {dag.py:3239} INFO - Sync 4 DAGs
[2025-03-17T14:43:54.305-0400] {logging_mixin.py:190} INFO - [2025-03-17T14:43:54.305-0400] {dag.py:4180} INFO - Setting next_dagrun for dataset_alias_example_alias_consumer_with_no_taskflow to None, run_after=None
[2025-03-17T14:43:54.306-0400] {logging_mixin.py:190} INFO - [2025-03-17T14:43:54.306-0400] {dag.py:4180} INFO - Setting next_dagrun for dataset_alias_example_alias_producer_with_no_taskflow to None, run_after=None
[2025-03-17T14:43:54.306-0400] {logging_mixin.py:190} INFO - [2025-03-17T14:43:54.306-0400] {dag.py:4180} INFO - Setting next_dagrun for dataset_s3_bucket_consumer_with_no_taskflow to None, run_after=None
[2025-03-17T14:43:54.306-0400] {logging_mixin.py:190} INFO - [2025-03-17T14:43:54.306-0400] {dag.py:4180} INFO - Setting next_dagrun for dataset_s3_bucket_producer_with_no_taskflow to None, run_after=None
[2025-03-17T14:43:54.313-0400] {processor.py:208} INFO - Processing /Users/nidhipatel/ApacheAirflow_Tutorial/py_env/lib/python3.12/site-packages/airflow/example_dags/example_dataset_alias_with_no_taskflow.py took 0.083 seconds
[2025-03-17T14:46:11.908-0400] {processor.py:186} INFO - Started process (PID=33139) to work on /Users/nidhipatel/ApacheAirflow_Tutorial/py_env/lib/python3.12/site-packages/airflow/example_dags/example_dataset_alias_with_no_taskflow.py
[2025-03-17T14:46:11.909-0400] {processor.py:914} INFO - Processing file /Users/nidhipatel/ApacheAirflow_Tutorial/py_env/lib/python3.12/site-packages/airflow/example_dags/example_dataset_alias_with_no_taskflow.py for tasks to queue
[2025-03-17T14:46:11.910-0400] {logging_mixin.py:190} INFO - [2025-03-17T14:46:11.909-0400] {dagbag.py:588} INFO - Filling up the DagBag from /Users/nidhipatel/ApacheAirflow_Tutorial/py_env/lib/python3.12/site-packages/airflow/example_dags/example_dataset_alias_with_no_taskflow.py
[2025-03-17T14:46:11.963-0400] {processor.py:925} INFO - DAG(s) 'dataset_s3_bucket_producer_with_no_taskflow', 'dataset_s3_bucket_consumer_with_no_taskflow', 'dataset_alias_example_alias_producer_with_no_taskflow', 'dataset_alias_example_alias_consumer_with_no_taskflow' retrieved from /Users/nidhipatel/ApacheAirflow_Tutorial/py_env/lib/python3.12/site-packages/airflow/example_dags/example_dataset_alias_with_no_taskflow.py
[2025-03-17T14:46:11.972-0400] {logging_mixin.py:190} INFO - [2025-03-17T14:46:11.972-0400] {dag.py:3239} INFO - Sync 4 DAGs
[2025-03-17T14:46:11.979-0400] {logging_mixin.py:190} INFO - [2025-03-17T14:46:11.979-0400] {dag.py:4180} INFO - Setting next_dagrun for dataset_alias_example_alias_consumer_with_no_taskflow to None, run_after=None
[2025-03-17T14:46:11.980-0400] {logging_mixin.py:190} INFO - [2025-03-17T14:46:11.979-0400] {dag.py:4180} INFO - Setting next_dagrun for dataset_alias_example_alias_producer_with_no_taskflow to None, run_after=None
[2025-03-17T14:46:11.980-0400] {logging_mixin.py:190} INFO - [2025-03-17T14:46:11.980-0400] {dag.py:4180} INFO - Setting next_dagrun for dataset_s3_bucket_consumer_with_no_taskflow to None, run_after=None
[2025-03-17T14:46:11.980-0400] {logging_mixin.py:190} INFO - [2025-03-17T14:46:11.980-0400] {dag.py:4180} INFO - Setting next_dagrun for dataset_s3_bucket_producer_with_no_taskflow to None, run_after=None
[2025-03-17T14:46:11.988-0400] {processor.py:208} INFO - Processing /Users/nidhipatel/ApacheAirflow_Tutorial/py_env/lib/python3.12/site-packages/airflow/example_dags/example_dataset_alias_with_no_taskflow.py took 0.081 seconds
[2025-03-17T14:48:29.780-0400] {processor.py:186} INFO - Started process (PID=33314) to work on /Users/nidhipatel/ApacheAirflow_Tutorial/py_env/lib/python3.12/site-packages/airflow/example_dags/example_dataset_alias_with_no_taskflow.py
[2025-03-17T14:48:29.781-0400] {processor.py:914} INFO - Processing file /Users/nidhipatel/ApacheAirflow_Tutorial/py_env/lib/python3.12/site-packages/airflow/example_dags/example_dataset_alias_with_no_taskflow.py for tasks to queue
[2025-03-17T14:48:29.781-0400] {logging_mixin.py:190} INFO - [2025-03-17T14:48:29.781-0400] {dagbag.py:588} INFO - Filling up the DagBag from /Users/nidhipatel/ApacheAirflow_Tutorial/py_env/lib/python3.12/site-packages/airflow/example_dags/example_dataset_alias_with_no_taskflow.py
[2025-03-17T14:48:29.833-0400] {processor.py:925} INFO - DAG(s) 'dataset_s3_bucket_producer_with_no_taskflow', 'dataset_alias_example_alias_consumer_with_no_taskflow', 'dataset_s3_bucket_consumer_with_no_taskflow', 'dataset_alias_example_alias_producer_with_no_taskflow' retrieved from /Users/nidhipatel/ApacheAirflow_Tutorial/py_env/lib/python3.12/site-packages/airflow/example_dags/example_dataset_alias_with_no_taskflow.py
[2025-03-17T14:48:29.841-0400] {logging_mixin.py:190} INFO - [2025-03-17T14:48:29.841-0400] {dag.py:3239} INFO - Sync 4 DAGs
[2025-03-17T14:48:29.847-0400] {logging_mixin.py:190} INFO - [2025-03-17T14:48:29.847-0400] {dag.py:4180} INFO - Setting next_dagrun for dataset_alias_example_alias_consumer_with_no_taskflow to None, run_after=None
[2025-03-17T14:48:29.848-0400] {logging_mixin.py:190} INFO - [2025-03-17T14:48:29.848-0400] {dag.py:4180} INFO - Setting next_dagrun for dataset_alias_example_alias_producer_with_no_taskflow to None, run_after=None
[2025-03-17T14:48:29.848-0400] {logging_mixin.py:190} INFO - [2025-03-17T14:48:29.848-0400] {dag.py:4180} INFO - Setting next_dagrun for dataset_s3_bucket_consumer_with_no_taskflow to None, run_after=None
[2025-03-17T14:48:29.848-0400] {logging_mixin.py:190} INFO - [2025-03-17T14:48:29.848-0400] {dag.py:4180} INFO - Setting next_dagrun for dataset_s3_bucket_producer_with_no_taskflow to None, run_after=None
[2025-03-17T14:48:29.855-0400] {processor.py:208} INFO - Processing /Users/nidhipatel/ApacheAirflow_Tutorial/py_env/lib/python3.12/site-packages/airflow/example_dags/example_dataset_alias_with_no_taskflow.py took 0.076 seconds
[2025-03-17T14:50:38.172-0400] {processor.py:186} INFO - Started process (PID=33503) to work on /Users/nidhipatel/ApacheAirflow_Tutorial/py_env/lib/python3.12/site-packages/airflow/example_dags/example_dataset_alias_with_no_taskflow.py
[2025-03-17T14:50:38.172-0400] {processor.py:914} INFO - Processing file /Users/nidhipatel/ApacheAirflow_Tutorial/py_env/lib/python3.12/site-packages/airflow/example_dags/example_dataset_alias_with_no_taskflow.py for tasks to queue
[2025-03-17T14:50:38.173-0400] {logging_mixin.py:190} INFO - [2025-03-17T14:50:38.173-0400] {dagbag.py:588} INFO - Filling up the DagBag from /Users/nidhipatel/ApacheAirflow_Tutorial/py_env/lib/python3.12/site-packages/airflow/example_dags/example_dataset_alias_with_no_taskflow.py
[2025-03-17T14:50:38.228-0400] {processor.py:925} INFO - DAG(s) 'dataset_alias_example_alias_producer_with_no_taskflow', 'dataset_alias_example_alias_consumer_with_no_taskflow', 'dataset_s3_bucket_consumer_with_no_taskflow', 'dataset_s3_bucket_producer_with_no_taskflow' retrieved from /Users/nidhipatel/ApacheAirflow_Tutorial/py_env/lib/python3.12/site-packages/airflow/example_dags/example_dataset_alias_with_no_taskflow.py
[2025-03-17T14:50:38.237-0400] {logging_mixin.py:190} INFO - [2025-03-17T14:50:38.237-0400] {dag.py:3239} INFO - Sync 4 DAGs
[2025-03-17T14:50:38.243-0400] {logging_mixin.py:190} INFO - [2025-03-17T14:50:38.243-0400] {dag.py:4180} INFO - Setting next_dagrun for dataset_alias_example_alias_consumer_with_no_taskflow to None, run_after=None
[2025-03-17T14:50:38.244-0400] {logging_mixin.py:190} INFO - [2025-03-17T14:50:38.244-0400] {dag.py:4180} INFO - Setting next_dagrun for dataset_alias_example_alias_producer_with_no_taskflow to None, run_after=None
[2025-03-17T14:50:38.244-0400] {logging_mixin.py:190} INFO - [2025-03-17T14:50:38.244-0400] {dag.py:4180} INFO - Setting next_dagrun for dataset_s3_bucket_consumer_with_no_taskflow to None, run_after=None
[2025-03-17T14:50:38.245-0400] {logging_mixin.py:190} INFO - [2025-03-17T14:50:38.244-0400] {dag.py:4180} INFO - Setting next_dagrun for dataset_s3_bucket_producer_with_no_taskflow to None, run_after=None
[2025-03-17T14:50:38.251-0400] {processor.py:208} INFO - Processing /Users/nidhipatel/ApacheAirflow_Tutorial/py_env/lib/python3.12/site-packages/airflow/example_dags/example_dataset_alias_with_no_taskflow.py took 0.081 seconds
[2025-03-17T14:52:54.122-0400] {processor.py:186} INFO - Started process (PID=33935) to work on /Users/nidhipatel/ApacheAirflow_Tutorial/py_env/lib/python3.12/site-packages/airflow/example_dags/example_dataset_alias_with_no_taskflow.py
[2025-03-17T14:52:54.123-0400] {processor.py:914} INFO - Processing file /Users/nidhipatel/ApacheAirflow_Tutorial/py_env/lib/python3.12/site-packages/airflow/example_dags/example_dataset_alias_with_no_taskflow.py for tasks to queue
[2025-03-17T14:52:54.123-0400] {logging_mixin.py:190} INFO - [2025-03-17T14:52:54.123-0400] {dagbag.py:588} INFO - Filling up the DagBag from /Users/nidhipatel/ApacheAirflow_Tutorial/py_env/lib/python3.12/site-packages/airflow/example_dags/example_dataset_alias_with_no_taskflow.py
[2025-03-17T14:52:54.178-0400] {processor.py:925} INFO - DAG(s) 'dataset_alias_example_alias_producer_with_no_taskflow', 'dataset_s3_bucket_consumer_with_no_taskflow', 'dataset_alias_example_alias_consumer_with_no_taskflow', 'dataset_s3_bucket_producer_with_no_taskflow' retrieved from /Users/nidhipatel/ApacheAirflow_Tutorial/py_env/lib/python3.12/site-packages/airflow/example_dags/example_dataset_alias_with_no_taskflow.py
[2025-03-17T14:52:54.187-0400] {logging_mixin.py:190} INFO - [2025-03-17T14:52:54.187-0400] {dag.py:3239} INFO - Sync 4 DAGs
[2025-03-17T14:52:54.193-0400] {logging_mixin.py:190} INFO - [2025-03-17T14:52:54.193-0400] {dag.py:4180} INFO - Setting next_dagrun for dataset_alias_example_alias_consumer_with_no_taskflow to None, run_after=None
[2025-03-17T14:52:54.195-0400] {logging_mixin.py:190} INFO - [2025-03-17T14:52:54.195-0400] {dag.py:4180} INFO - Setting next_dagrun for dataset_alias_example_alias_producer_with_no_taskflow to None, run_after=None
[2025-03-17T14:52:54.195-0400] {logging_mixin.py:190} INFO - [2025-03-17T14:52:54.195-0400] {dag.py:4180} INFO - Setting next_dagrun for dataset_s3_bucket_consumer_with_no_taskflow to None, run_after=None
[2025-03-17T14:52:54.196-0400] {logging_mixin.py:190} INFO - [2025-03-17T14:52:54.195-0400] {dag.py:4180} INFO - Setting next_dagrun for dataset_s3_bucket_producer_with_no_taskflow to None, run_after=None
[2025-03-17T14:52:54.203-0400] {processor.py:208} INFO - Processing /Users/nidhipatel/ApacheAirflow_Tutorial/py_env/lib/python3.12/site-packages/airflow/example_dags/example_dataset_alias_with_no_taskflow.py took 0.083 seconds
