[2025-03-17T14:32:57.682-0400] {processor.py:186} INFO - Started process (PID=32013) to work on /Users/nidhipatel/ApacheAirflow_Tutorial/py_env/lib/python3.12/site-packages/airflow/example_dags/example_kubernetes_executor.py
[2025-03-17T14:32:57.683-0400] {processor.py:914} INFO - Processing file /Users/nidhipatel/ApacheAirflow_Tutorial/py_env/lib/python3.12/site-packages/airflow/example_dags/example_kubernetes_executor.py for tasks to queue
[2025-03-17T14:32:57.684-0400] {logging_mixin.py:190} INFO - [2025-03-17T14:32:57.683-0400] {dagbag.py:588} INFO - Filling up the DagBag from /Users/nidhipatel/ApacheAirflow_Tutorial/py_env/lib/python3.12/site-packages/airflow/example_dags/example_kubernetes_executor.py
[2025-03-17T14:32:57.698-0400] {logging_mixin.py:190} INFO - [2025-03-17T14:32:57.698-0400] {example_kubernetes_executor.py:39} WARNING - The example_kubernetes_executor example DAG requires the kubernetes provider. Please install it with: pip install apache-airflow[cncf.kubernetes]
[2025-03-17T14:32:57.698-0400] {processor.py:927} WARNING - No viable dags retrieved from /Users/nidhipatel/ApacheAirflow_Tutorial/py_env/lib/python3.12/site-packages/airflow/example_dags/example_kubernetes_executor.py
[2025-03-17T14:32:57.727-0400] {processor.py:208} INFO - Processing /Users/nidhipatel/ApacheAirflow_Tutorial/py_env/lib/python3.12/site-packages/airflow/example_dags/example_kubernetes_executor.py took 0.048 seconds
[2025-03-17T14:34:35.211-0400] {processor.py:186} INFO - Started process (PID=32161) to work on /Users/nidhipatel/ApacheAirflow_Tutorial/py_env/lib/python3.12/site-packages/airflow/example_dags/example_kubernetes_executor.py
[2025-03-17T14:34:35.212-0400] {processor.py:914} INFO - Processing file /Users/nidhipatel/ApacheAirflow_Tutorial/py_env/lib/python3.12/site-packages/airflow/example_dags/example_kubernetes_executor.py for tasks to queue
[2025-03-17T14:34:35.212-0400] {logging_mixin.py:190} INFO - [2025-03-17T14:34:35.212-0400] {dagbag.py:588} INFO - Filling up the DagBag from /Users/nidhipatel/ApacheAirflow_Tutorial/py_env/lib/python3.12/site-packages/airflow/example_dags/example_kubernetes_executor.py
[2025-03-17T14:34:35.225-0400] {logging_mixin.py:190} INFO - [2025-03-17T14:34:35.225-0400] {example_kubernetes_executor.py:39} WARNING - The example_kubernetes_executor example DAG requires the kubernetes provider. Please install it with: pip install apache-airflow[cncf.kubernetes]
[2025-03-17T14:34:35.226-0400] {processor.py:927} WARNING - No viable dags retrieved from /Users/nidhipatel/ApacheAirflow_Tutorial/py_env/lib/python3.12/site-packages/airflow/example_dags/example_kubernetes_executor.py
[2025-03-17T14:34:35.258-0400] {processor.py:208} INFO - Processing /Users/nidhipatel/ApacheAirflow_Tutorial/py_env/lib/python3.12/site-packages/airflow/example_dags/example_kubernetes_executor.py took 0.048 seconds
[2025-03-17T14:36:47.598-0400] {processor.py:186} INFO - Started process (PID=32324) to work on /Users/nidhipatel/ApacheAirflow_Tutorial/py_env/lib/python3.12/site-packages/airflow/example_dags/example_kubernetes_executor.py
[2025-03-17T14:36:47.599-0400] {processor.py:914} INFO - Processing file /Users/nidhipatel/ApacheAirflow_Tutorial/py_env/lib/python3.12/site-packages/airflow/example_dags/example_kubernetes_executor.py for tasks to queue
[2025-03-17T14:36:47.599-0400] {logging_mixin.py:190} INFO - [2025-03-17T14:36:47.599-0400] {dagbag.py:588} INFO - Filling up the DagBag from /Users/nidhipatel/ApacheAirflow_Tutorial/py_env/lib/python3.12/site-packages/airflow/example_dags/example_kubernetes_executor.py
[2025-03-17T14:36:47.612-0400] {logging_mixin.py:190} INFO - [2025-03-17T14:36:47.612-0400] {example_kubernetes_executor.py:39} WARNING - The example_kubernetes_executor example DAG requires the kubernetes provider. Please install it with: pip install apache-airflow[cncf.kubernetes]
[2025-03-17T14:36:47.613-0400] {processor.py:927} WARNING - No viable dags retrieved from /Users/nidhipatel/ApacheAirflow_Tutorial/py_env/lib/python3.12/site-packages/airflow/example_dags/example_kubernetes_executor.py
[2025-03-17T14:36:47.641-0400] {processor.py:208} INFO - Processing /Users/nidhipatel/ApacheAirflow_Tutorial/py_env/lib/python3.12/site-packages/airflow/example_dags/example_kubernetes_executor.py took 0.044 seconds
[2025-03-17T14:38:49.620-0400] {processor.py:186} INFO - Started process (PID=32511) to work on /Users/nidhipatel/ApacheAirflow_Tutorial/py_env/lib/python3.12/site-packages/airflow/example_dags/example_kubernetes_executor.py
[2025-03-17T14:38:49.620-0400] {processor.py:914} INFO - Processing file /Users/nidhipatel/ApacheAirflow_Tutorial/py_env/lib/python3.12/site-packages/airflow/example_dags/example_kubernetes_executor.py for tasks to queue
[2025-03-17T14:38:49.621-0400] {logging_mixin.py:190} INFO - [2025-03-17T14:38:49.620-0400] {dagbag.py:588} INFO - Filling up the DagBag from /Users/nidhipatel/ApacheAirflow_Tutorial/py_env/lib/python3.12/site-packages/airflow/example_dags/example_kubernetes_executor.py
[2025-03-17T14:38:49.634-0400] {logging_mixin.py:190} INFO - [2025-03-17T14:38:49.634-0400] {example_kubernetes_executor.py:39} WARNING - The example_kubernetes_executor example DAG requires the kubernetes provider. Please install it with: pip install apache-airflow[cncf.kubernetes]
[2025-03-17T14:38:49.634-0400] {processor.py:927} WARNING - No viable dags retrieved from /Users/nidhipatel/ApacheAirflow_Tutorial/py_env/lib/python3.12/site-packages/airflow/example_dags/example_kubernetes_executor.py
[2025-03-17T14:38:49.664-0400] {processor.py:208} INFO - Processing /Users/nidhipatel/ApacheAirflow_Tutorial/py_env/lib/python3.12/site-packages/airflow/example_dags/example_kubernetes_executor.py took 0.046 seconds
[2025-03-17T14:40:55.404-0400] {processor.py:186} INFO - Started process (PID=32708) to work on /Users/nidhipatel/ApacheAirflow_Tutorial/py_env/lib/python3.12/site-packages/airflow/example_dags/example_kubernetes_executor.py
[2025-03-17T14:40:55.405-0400] {processor.py:914} INFO - Processing file /Users/nidhipatel/ApacheAirflow_Tutorial/py_env/lib/python3.12/site-packages/airflow/example_dags/example_kubernetes_executor.py for tasks to queue
[2025-03-17T14:40:55.406-0400] {logging_mixin.py:190} INFO - [2025-03-17T14:40:55.405-0400] {dagbag.py:588} INFO - Filling up the DagBag from /Users/nidhipatel/ApacheAirflow_Tutorial/py_env/lib/python3.12/site-packages/airflow/example_dags/example_kubernetes_executor.py
[2025-03-17T14:40:55.419-0400] {logging_mixin.py:190} INFO - [2025-03-17T14:40:55.419-0400] {example_kubernetes_executor.py:39} WARNING - The example_kubernetes_executor example DAG requires the kubernetes provider. Please install it with: pip install apache-airflow[cncf.kubernetes]
[2025-03-17T14:40:55.419-0400] {processor.py:927} WARNING - No viable dags retrieved from /Users/nidhipatel/ApacheAirflow_Tutorial/py_env/lib/python3.12/site-packages/airflow/example_dags/example_kubernetes_executor.py
[2025-03-17T14:40:55.449-0400] {processor.py:208} INFO - Processing /Users/nidhipatel/ApacheAirflow_Tutorial/py_env/lib/python3.12/site-packages/airflow/example_dags/example_kubernetes_executor.py took 0.046 seconds
[2025-03-17T14:43:03.774-0400] {processor.py:186} INFO - Started process (PID=32889) to work on /Users/nidhipatel/ApacheAirflow_Tutorial/py_env/lib/python3.12/site-packages/airflow/example_dags/example_kubernetes_executor.py
[2025-03-17T14:43:03.775-0400] {processor.py:914} INFO - Processing file /Users/nidhipatel/ApacheAirflow_Tutorial/py_env/lib/python3.12/site-packages/airflow/example_dags/example_kubernetes_executor.py for tasks to queue
[2025-03-17T14:43:03.776-0400] {logging_mixin.py:190} INFO - [2025-03-17T14:43:03.776-0400] {dagbag.py:588} INFO - Filling up the DagBag from /Users/nidhipatel/ApacheAirflow_Tutorial/py_env/lib/python3.12/site-packages/airflow/example_dags/example_kubernetes_executor.py
[2025-03-17T14:43:03.791-0400] {logging_mixin.py:190} INFO - [2025-03-17T14:43:03.791-0400] {example_kubernetes_executor.py:39} WARNING - The example_kubernetes_executor example DAG requires the kubernetes provider. Please install it with: pip install apache-airflow[cncf.kubernetes]
[2025-03-17T14:43:03.791-0400] {processor.py:927} WARNING - No viable dags retrieved from /Users/nidhipatel/ApacheAirflow_Tutorial/py_env/lib/python3.12/site-packages/airflow/example_dags/example_kubernetes_executor.py
[2025-03-17T14:43:03.820-0400] {processor.py:208} INFO - Processing /Users/nidhipatel/ApacheAirflow_Tutorial/py_env/lib/python3.12/site-packages/airflow/example_dags/example_kubernetes_executor.py took 0.047 seconds
[2025-03-17T14:45:20.231-0400] {processor.py:186} INFO - Started process (PID=33075) to work on /Users/nidhipatel/ApacheAirflow_Tutorial/py_env/lib/python3.12/site-packages/airflow/example_dags/example_kubernetes_executor.py
[2025-03-17T14:45:20.233-0400] {processor.py:914} INFO - Processing file /Users/nidhipatel/ApacheAirflow_Tutorial/py_env/lib/python3.12/site-packages/airflow/example_dags/example_kubernetes_executor.py for tasks to queue
[2025-03-17T14:45:20.233-0400] {logging_mixin.py:190} INFO - [2025-03-17T14:45:20.233-0400] {dagbag.py:588} INFO - Filling up the DagBag from /Users/nidhipatel/ApacheAirflow_Tutorial/py_env/lib/python3.12/site-packages/airflow/example_dags/example_kubernetes_executor.py
[2025-03-17T14:45:20.251-0400] {logging_mixin.py:190} INFO - [2025-03-17T14:45:20.251-0400] {example_kubernetes_executor.py:39} WARNING - The example_kubernetes_executor example DAG requires the kubernetes provider. Please install it with: pip install apache-airflow[cncf.kubernetes]
[2025-03-17T14:45:20.251-0400] {processor.py:927} WARNING - No viable dags retrieved from /Users/nidhipatel/ApacheAirflow_Tutorial/py_env/lib/python3.12/site-packages/airflow/example_dags/example_kubernetes_executor.py
[2025-03-17T14:45:20.287-0400] {processor.py:208} INFO - Processing /Users/nidhipatel/ApacheAirflow_Tutorial/py_env/lib/python3.12/site-packages/airflow/example_dags/example_kubernetes_executor.py took 0.058 seconds
[2025-03-17T14:47:39.095-0400] {processor.py:186} INFO - Started process (PID=33247) to work on /Users/nidhipatel/ApacheAirflow_Tutorial/py_env/lib/python3.12/site-packages/airflow/example_dags/example_kubernetes_executor.py
[2025-03-17T14:47:39.096-0400] {processor.py:914} INFO - Processing file /Users/nidhipatel/ApacheAirflow_Tutorial/py_env/lib/python3.12/site-packages/airflow/example_dags/example_kubernetes_executor.py for tasks to queue
[2025-03-17T14:47:39.097-0400] {logging_mixin.py:190} INFO - [2025-03-17T14:47:39.097-0400] {dagbag.py:588} INFO - Filling up the DagBag from /Users/nidhipatel/ApacheAirflow_Tutorial/py_env/lib/python3.12/site-packages/airflow/example_dags/example_kubernetes_executor.py
[2025-03-17T14:47:39.110-0400] {logging_mixin.py:190} INFO - [2025-03-17T14:47:39.110-0400] {example_kubernetes_executor.py:39} WARNING - The example_kubernetes_executor example DAG requires the kubernetes provider. Please install it with: pip install apache-airflow[cncf.kubernetes]
[2025-03-17T14:47:39.110-0400] {processor.py:927} WARNING - No viable dags retrieved from /Users/nidhipatel/ApacheAirflow_Tutorial/py_env/lib/python3.12/site-packages/airflow/example_dags/example_kubernetes_executor.py
[2025-03-17T14:47:39.139-0400] {processor.py:208} INFO - Processing /Users/nidhipatel/ApacheAirflow_Tutorial/py_env/lib/python3.12/site-packages/airflow/example_dags/example_kubernetes_executor.py took 0.045 seconds
[2025-03-17T14:49:50.690-0400] {processor.py:186} INFO - Started process (PID=33443) to work on /Users/nidhipatel/ApacheAirflow_Tutorial/py_env/lib/python3.12/site-packages/airflow/example_dags/example_kubernetes_executor.py
[2025-03-17T14:49:50.690-0400] {processor.py:914} INFO - Processing file /Users/nidhipatel/ApacheAirflow_Tutorial/py_env/lib/python3.12/site-packages/airflow/example_dags/example_kubernetes_executor.py for tasks to queue
[2025-03-17T14:49:50.691-0400] {logging_mixin.py:190} INFO - [2025-03-17T14:49:50.691-0400] {dagbag.py:588} INFO - Filling up the DagBag from /Users/nidhipatel/ApacheAirflow_Tutorial/py_env/lib/python3.12/site-packages/airflow/example_dags/example_kubernetes_executor.py
[2025-03-17T14:49:50.706-0400] {logging_mixin.py:190} INFO - [2025-03-17T14:49:50.705-0400] {example_kubernetes_executor.py:39} WARNING - The example_kubernetes_executor example DAG requires the kubernetes provider. Please install it with: pip install apache-airflow[cncf.kubernetes]
[2025-03-17T14:49:50.706-0400] {processor.py:927} WARNING - No viable dags retrieved from /Users/nidhipatel/ApacheAirflow_Tutorial/py_env/lib/python3.12/site-packages/airflow/example_dags/example_kubernetes_executor.py
[2025-03-17T14:49:50.736-0400] {processor.py:208} INFO - Processing /Users/nidhipatel/ApacheAirflow_Tutorial/py_env/lib/python3.12/site-packages/airflow/example_dags/example_kubernetes_executor.py took 0.048 seconds
[2025-03-17T14:52:01.605-0400] {processor.py:186} INFO - Started process (PID=33741) to work on /Users/nidhipatel/ApacheAirflow_Tutorial/py_env/lib/python3.12/site-packages/airflow/example_dags/example_kubernetes_executor.py
[2025-03-17T14:52:01.606-0400] {processor.py:914} INFO - Processing file /Users/nidhipatel/ApacheAirflow_Tutorial/py_env/lib/python3.12/site-packages/airflow/example_dags/example_kubernetes_executor.py for tasks to queue
[2025-03-17T14:52:01.606-0400] {logging_mixin.py:190} INFO - [2025-03-17T14:52:01.606-0400] {dagbag.py:588} INFO - Filling up the DagBag from /Users/nidhipatel/ApacheAirflow_Tutorial/py_env/lib/python3.12/site-packages/airflow/example_dags/example_kubernetes_executor.py
[2025-03-17T14:52:01.620-0400] {logging_mixin.py:190} INFO - [2025-03-17T14:52:01.620-0400] {example_kubernetes_executor.py:39} WARNING - The example_kubernetes_executor example DAG requires the kubernetes provider. Please install it with: pip install apache-airflow[cncf.kubernetes]
[2025-03-17T14:52:01.620-0400] {processor.py:927} WARNING - No viable dags retrieved from /Users/nidhipatel/ApacheAirflow_Tutorial/py_env/lib/python3.12/site-packages/airflow/example_dags/example_kubernetes_executor.py
[2025-03-17T14:52:01.655-0400] {processor.py:208} INFO - Processing /Users/nidhipatel/ApacheAirflow_Tutorial/py_env/lib/python3.12/site-packages/airflow/example_dags/example_kubernetes_executor.py took 0.052 seconds
