[2025-03-17T14:32:23.059-0400] {processor.py:186} INFO - Started process (PID=31953) to work on /Users/nidhipatel/ApacheAirflow_Tutorial/py_env/lib/python3.12/site-packages/airflow/example_dags/example_sla_dag.py
[2025-03-17T14:32:23.060-0400] {processor.py:914} INFO - Processing file /Users/nidhipatel/ApacheAirflow_Tutorial/py_env/lib/python3.12/site-packages/airflow/example_dags/example_sla_dag.py for tasks to queue
[2025-03-17T14:32:23.060-0400] {logging_mixin.py:190} INFO - [2025-03-17T14:32:23.060-0400] {dagbag.py:588} INFO - Filling up the DagBag from /Users/nidhipatel/ApacheAirflow_Tutorial/py_env/lib/python3.12/site-packages/airflow/example_dags/example_sla_dag.py
[2025-03-17T14:32:23.081-0400] {processor.py:925} INFO - DAG(s) 'example_sla_dag' retrieved from /Users/nidhipatel/ApacheAirflow_Tutorial/py_env/lib/python3.12/site-packages/airflow/example_dags/example_sla_dag.py
[2025-03-17T14:32:23.148-0400] {logging_mixin.py:190} INFO - [2025-03-17T14:32:23.148-0400] {override.py:1912} INFO - Created Permission View: can read on DAG:example_sla_dag
[2025-03-17T14:32:23.151-0400] {logging_mixin.py:190} INFO - [2025-03-17T14:32:23.151-0400] {override.py:1912} INFO - Created Permission View: can edit on DAG:example_sla_dag
[2025-03-17T14:32:23.153-0400] {logging_mixin.py:190} INFO - [2025-03-17T14:32:23.153-0400] {override.py:1912} INFO - Created Permission View: can delete on DAG:example_sla_dag
[2025-03-17T14:32:23.156-0400] {logging_mixin.py:190} INFO - [2025-03-17T14:32:23.156-0400] {override.py:1912} INFO - Created Permission View: menu access on DAG Run:example_sla_dag
[2025-03-17T14:32:23.158-0400] {logging_mixin.py:190} INFO - [2025-03-17T14:32:23.158-0400] {override.py:1912} INFO - Created Permission View: can read on DAG Run:example_sla_dag
[2025-03-17T14:32:23.160-0400] {logging_mixin.py:190} INFO - [2025-03-17T14:32:23.160-0400] {override.py:1912} INFO - Created Permission View: can create on DAG Run:example_sla_dag
[2025-03-17T14:32:23.162-0400] {logging_mixin.py:190} INFO - [2025-03-17T14:32:23.162-0400] {override.py:1912} INFO - Created Permission View: can delete on DAG Run:example_sla_dag
[2025-03-17T14:32:23.162-0400] {logging_mixin.py:190} INFO - [2025-03-17T14:32:23.162-0400] {dag.py:3239} INFO - Sync 1 DAGs
[2025-03-17T14:32:23.166-0400] {logging_mixin.py:190} INFO - [2025-03-17T14:32:23.166-0400] {dag.py:3262} INFO - Creating ORM DAG for example_sla_dag
[2025-03-17T14:32:23.169-0400] {logging_mixin.py:190} INFO - [2025-03-17T14:32:23.169-0400] {dag.py:4180} INFO - Setting next_dagrun for example_sla_dag to 2025-03-17 18:30:00+00:00, run_after=2025-03-17 18:32:00+00:00
[2025-03-17T14:32:23.175-0400] {processor.py:208} INFO - Processing /Users/nidhipatel/ApacheAirflow_Tutorial/py_env/lib/python3.12/site-packages/airflow/example_dags/example_sla_dag.py took 0.118 seconds
[2025-03-17T14:34:01.816-0400] {processor.py:186} INFO - Started process (PID=32121) to work on /Users/nidhipatel/ApacheAirflow_Tutorial/py_env/lib/python3.12/site-packages/airflow/example_dags/example_sla_dag.py
[2025-03-17T14:34:01.817-0400] {processor.py:914} INFO - Processing file /Users/nidhipatel/ApacheAirflow_Tutorial/py_env/lib/python3.12/site-packages/airflow/example_dags/example_sla_dag.py for tasks to queue
[2025-03-17T14:34:01.817-0400] {logging_mixin.py:190} INFO - [2025-03-17T14:34:01.817-0400] {dagbag.py:588} INFO - Filling up the DagBag from /Users/nidhipatel/ApacheAirflow_Tutorial/py_env/lib/python3.12/site-packages/airflow/example_dags/example_sla_dag.py
[2025-03-17T14:34:01.832-0400] {processor.py:925} INFO - DAG(s) 'example_sla_dag' retrieved from /Users/nidhipatel/ApacheAirflow_Tutorial/py_env/lib/python3.12/site-packages/airflow/example_dags/example_sla_dag.py
[2025-03-17T14:34:01.867-0400] {logging_mixin.py:190} INFO - [2025-03-17T14:34:01.867-0400] {dag.py:3239} INFO - Sync 1 DAGs
[2025-03-17T14:34:01.879-0400] {logging_mixin.py:190} INFO - [2025-03-17T14:34:01.879-0400] {dag.py:4180} INFO - Setting next_dagrun for example_sla_dag to 2025-03-17 18:32:00+00:00, run_after=2025-03-17 18:34:00+00:00
[2025-03-17T14:34:01.886-0400] {processor.py:208} INFO - Processing /Users/nidhipatel/ApacheAirflow_Tutorial/py_env/lib/python3.12/site-packages/airflow/example_dags/example_sla_dag.py took 0.071 seconds
[2025-03-17T14:35:10.331-0400] {processor.py:186} INFO - Started process (PID=32203) to work on /Users/nidhipatel/ApacheAirflow_Tutorial/py_env/lib/python3.12/site-packages/airflow/example_dags/example_sla_dag.py
[2025-03-17T14:35:10.332-0400] {processor.py:914} INFO - Processing file /Users/nidhipatel/ApacheAirflow_Tutorial/py_env/lib/python3.12/site-packages/airflow/example_dags/example_sla_dag.py for tasks to queue
[2025-03-17T14:35:10.332-0400] {logging_mixin.py:190} INFO - [2025-03-17T14:35:10.332-0400] {dagbag.py:588} INFO - Filling up the DagBag from /Users/nidhipatel/ApacheAirflow_Tutorial/py_env/lib/python3.12/site-packages/airflow/example_dags/example_sla_dag.py
[2025-03-17T14:35:10.348-0400] {processor.py:925} INFO - DAG(s) 'example_sla_dag' retrieved from /Users/nidhipatel/ApacheAirflow_Tutorial/py_env/lib/python3.12/site-packages/airflow/example_dags/example_sla_dag.py
[2025-03-17T14:35:10.383-0400] {logging_mixin.py:190} INFO - [2025-03-17T14:35:10.383-0400] {dag.py:3239} INFO - Sync 1 DAGs
[2025-03-17T14:35:10.393-0400] {logging_mixin.py:190} INFO - [2025-03-17T14:35:10.393-0400] {dag.py:4180} INFO - Setting next_dagrun for example_sla_dag to 2025-03-17 18:32:00+00:00, run_after=2025-03-17 18:34:00+00:00
[2025-03-17T14:35:10.399-0400] {processor.py:208} INFO - Processing /Users/nidhipatel/ApacheAirflow_Tutorial/py_env/lib/python3.12/site-packages/airflow/example_dags/example_sla_dag.py took 0.069 seconds
[2025-03-17T14:36:16.571-0400] {processor.py:186} INFO - Started process (PID=32286) to work on /Users/nidhipatel/ApacheAirflow_Tutorial/py_env/lib/python3.12/site-packages/airflow/example_dags/example_sla_dag.py
[2025-03-17T14:36:16.572-0400] {processor.py:914} INFO - Processing file /Users/nidhipatel/ApacheAirflow_Tutorial/py_env/lib/python3.12/site-packages/airflow/example_dags/example_sla_dag.py for tasks to queue
[2025-03-17T14:36:16.572-0400] {logging_mixin.py:190} INFO - [2025-03-17T14:36:16.572-0400] {dagbag.py:588} INFO - Filling up the DagBag from /Users/nidhipatel/ApacheAirflow_Tutorial/py_env/lib/python3.12/site-packages/airflow/example_dags/example_sla_dag.py
[2025-03-17T14:36:16.588-0400] {processor.py:925} INFO - DAG(s) 'example_sla_dag' retrieved from /Users/nidhipatel/ApacheAirflow_Tutorial/py_env/lib/python3.12/site-packages/airflow/example_dags/example_sla_dag.py
[2025-03-17T14:36:16.624-0400] {logging_mixin.py:190} INFO - [2025-03-17T14:36:16.624-0400] {dag.py:3239} INFO - Sync 1 DAGs
[2025-03-17T14:36:16.632-0400] {logging_mixin.py:190} INFO - [2025-03-17T14:36:16.632-0400] {dag.py:4180} INFO - Setting next_dagrun for example_sla_dag to 2025-03-17 18:34:00+00:00, run_after=2025-03-17 18:36:00+00:00
[2025-03-17T14:36:16.639-0400] {processor.py:208} INFO - Processing /Users/nidhipatel/ApacheAirflow_Tutorial/py_env/lib/python3.12/site-packages/airflow/example_dags/example_sla_dag.py took 0.069 seconds
[2025-03-17T14:37:21.376-0400] {processor.py:186} INFO - Started process (PID=32370) to work on /Users/nidhipatel/ApacheAirflow_Tutorial/py_env/lib/python3.12/site-packages/airflow/example_dags/example_sla_dag.py
[2025-03-17T14:37:21.377-0400] {processor.py:914} INFO - Processing file /Users/nidhipatel/ApacheAirflow_Tutorial/py_env/lib/python3.12/site-packages/airflow/example_dags/example_sla_dag.py for tasks to queue
[2025-03-17T14:37:21.377-0400] {logging_mixin.py:190} INFO - [2025-03-17T14:37:21.377-0400] {dagbag.py:588} INFO - Filling up the DagBag from /Users/nidhipatel/ApacheAirflow_Tutorial/py_env/lib/python3.12/site-packages/airflow/example_dags/example_sla_dag.py
[2025-03-17T14:37:21.392-0400] {processor.py:925} INFO - DAG(s) 'example_sla_dag' retrieved from /Users/nidhipatel/ApacheAirflow_Tutorial/py_env/lib/python3.12/site-packages/airflow/example_dags/example_sla_dag.py
[2025-03-17T14:37:21.426-0400] {logging_mixin.py:190} INFO - [2025-03-17T14:37:21.426-0400] {dag.py:3239} INFO - Sync 1 DAGs
[2025-03-17T14:37:21.435-0400] {logging_mixin.py:190} INFO - [2025-03-17T14:37:21.435-0400] {dag.py:4180} INFO - Setting next_dagrun for example_sla_dag to 2025-03-17 18:34:00+00:00, run_after=2025-03-17 18:36:00+00:00
[2025-03-17T14:37:21.441-0400] {processor.py:208} INFO - Processing /Users/nidhipatel/ApacheAirflow_Tutorial/py_env/lib/python3.12/site-packages/airflow/example_dags/example_sla_dag.py took 0.066 seconds
[2025-03-17T14:38:24.509-0400] {processor.py:186} INFO - Started process (PID=32476) to work on /Users/nidhipatel/ApacheAirflow_Tutorial/py_env/lib/python3.12/site-packages/airflow/example_dags/example_sla_dag.py
[2025-03-17T14:38:24.510-0400] {processor.py:914} INFO - Processing file /Users/nidhipatel/ApacheAirflow_Tutorial/py_env/lib/python3.12/site-packages/airflow/example_dags/example_sla_dag.py for tasks to queue
[2025-03-17T14:38:24.510-0400] {logging_mixin.py:190} INFO - [2025-03-17T14:38:24.510-0400] {dagbag.py:588} INFO - Filling up the DagBag from /Users/nidhipatel/ApacheAirflow_Tutorial/py_env/lib/python3.12/site-packages/airflow/example_dags/example_sla_dag.py
[2025-03-17T14:38:24.524-0400] {processor.py:925} INFO - DAG(s) 'example_sla_dag' retrieved from /Users/nidhipatel/ApacheAirflow_Tutorial/py_env/lib/python3.12/site-packages/airflow/example_dags/example_sla_dag.py
[2025-03-17T14:38:24.557-0400] {logging_mixin.py:190} INFO - [2025-03-17T14:38:24.557-0400] {dag.py:3239} INFO - Sync 1 DAGs
[2025-03-17T14:38:24.567-0400] {logging_mixin.py:190} INFO - [2025-03-17T14:38:24.567-0400] {dag.py:4180} INFO - Setting next_dagrun for example_sla_dag to 2025-03-17 18:36:00+00:00, run_after=2025-03-17 18:38:00+00:00
[2025-03-17T14:38:24.573-0400] {processor.py:208} INFO - Processing /Users/nidhipatel/ApacheAirflow_Tutorial/py_env/lib/python3.12/site-packages/airflow/example_dags/example_sla_dag.py took 0.066 seconds
[2025-03-17T14:40:29.415-0400] {processor.py:186} INFO - Started process (PID=32674) to work on /Users/nidhipatel/ApacheAirflow_Tutorial/py_env/lib/python3.12/site-packages/airflow/example_dags/example_sla_dag.py
[2025-03-17T14:40:29.416-0400] {processor.py:914} INFO - Processing file /Users/nidhipatel/ApacheAirflow_Tutorial/py_env/lib/python3.12/site-packages/airflow/example_dags/example_sla_dag.py for tasks to queue
[2025-03-17T14:40:29.416-0400] {logging_mixin.py:190} INFO - [2025-03-17T14:40:29.416-0400] {dagbag.py:588} INFO - Filling up the DagBag from /Users/nidhipatel/ApacheAirflow_Tutorial/py_env/lib/python3.12/site-packages/airflow/example_dags/example_sla_dag.py
[2025-03-17T14:40:29.431-0400] {processor.py:925} INFO - DAG(s) 'example_sla_dag' retrieved from /Users/nidhipatel/ApacheAirflow_Tutorial/py_env/lib/python3.12/site-packages/airflow/example_dags/example_sla_dag.py
[2025-03-17T14:40:29.468-0400] {logging_mixin.py:190} INFO - [2025-03-17T14:40:29.468-0400] {dag.py:3239} INFO - Sync 1 DAGs
[2025-03-17T14:40:29.479-0400] {logging_mixin.py:190} INFO - [2025-03-17T14:40:29.479-0400] {dag.py:4180} INFO - Setting next_dagrun for example_sla_dag to 2025-03-17 18:38:00+00:00, run_after=2025-03-17 18:40:00+00:00
[2025-03-17T14:40:29.486-0400] {processor.py:208} INFO - Processing /Users/nidhipatel/ApacheAirflow_Tutorial/py_env/lib/python3.12/site-packages/airflow/example_dags/example_sla_dag.py took 0.073 seconds
[2025-03-17T14:42:33.709-0400] {processor.py:186} INFO - Started process (PID=32855) to work on /Users/nidhipatel/ApacheAirflow_Tutorial/py_env/lib/python3.12/site-packages/airflow/example_dags/example_sla_dag.py
[2025-03-17T14:42:33.709-0400] {processor.py:914} INFO - Processing file /Users/nidhipatel/ApacheAirflow_Tutorial/py_env/lib/python3.12/site-packages/airflow/example_dags/example_sla_dag.py for tasks to queue
[2025-03-17T14:42:33.710-0400] {logging_mixin.py:190} INFO - [2025-03-17T14:42:33.710-0400] {dagbag.py:588} INFO - Filling up the DagBag from /Users/nidhipatel/ApacheAirflow_Tutorial/py_env/lib/python3.12/site-packages/airflow/example_dags/example_sla_dag.py
[2025-03-17T14:42:33.726-0400] {processor.py:925} INFO - DAG(s) 'example_sla_dag' retrieved from /Users/nidhipatel/ApacheAirflow_Tutorial/py_env/lib/python3.12/site-packages/airflow/example_dags/example_sla_dag.py
[2025-03-17T14:42:33.761-0400] {logging_mixin.py:190} INFO - [2025-03-17T14:42:33.761-0400] {dag.py:3239} INFO - Sync 1 DAGs
[2025-03-17T14:42:33.770-0400] {logging_mixin.py:190} INFO - [2025-03-17T14:42:33.770-0400] {dag.py:4180} INFO - Setting next_dagrun for example_sla_dag to 2025-03-17 18:40:00+00:00, run_after=2025-03-17 18:42:00+00:00
[2025-03-17T14:42:33.777-0400] {processor.py:208} INFO - Processing /Users/nidhipatel/ApacheAirflow_Tutorial/py_env/lib/python3.12/site-packages/airflow/example_dags/example_sla_dag.py took 0.069 seconds
[2025-03-17T14:43:42.332-0400] {processor.py:186} INFO - Started process (PID=32933) to work on /Users/nidhipatel/ApacheAirflow_Tutorial/py_env/lib/python3.12/site-packages/airflow/example_dags/example_sla_dag.py
[2025-03-17T14:43:42.332-0400] {processor.py:914} INFO - Processing file /Users/nidhipatel/ApacheAirflow_Tutorial/py_env/lib/python3.12/site-packages/airflow/example_dags/example_sla_dag.py for tasks to queue
[2025-03-17T14:43:42.333-0400] {logging_mixin.py:190} INFO - [2025-03-17T14:43:42.333-0400] {dagbag.py:588} INFO - Filling up the DagBag from /Users/nidhipatel/ApacheAirflow_Tutorial/py_env/lib/python3.12/site-packages/airflow/example_dags/example_sla_dag.py
[2025-03-17T14:43:42.347-0400] {processor.py:925} INFO - DAG(s) 'example_sla_dag' retrieved from /Users/nidhipatel/ApacheAirflow_Tutorial/py_env/lib/python3.12/site-packages/airflow/example_dags/example_sla_dag.py
[2025-03-17T14:43:42.381-0400] {logging_mixin.py:190} INFO - [2025-03-17T14:43:42.381-0400] {dag.py:3239} INFO - Sync 1 DAGs
[2025-03-17T14:43:42.390-0400] {logging_mixin.py:190} INFO - [2025-03-17T14:43:42.390-0400] {dag.py:4180} INFO - Setting next_dagrun for example_sla_dag to 2025-03-17 18:40:00+00:00, run_after=2025-03-17 18:42:00+00:00
[2025-03-17T14:43:42.396-0400] {processor.py:208} INFO - Processing /Users/nidhipatel/ApacheAirflow_Tutorial/py_env/lib/python3.12/site-packages/airflow/example_dags/example_sla_dag.py took 0.066 seconds
[2025-03-17T14:44:49.857-0400] {processor.py:186} INFO - Started process (PID=33034) to work on /Users/nidhipatel/ApacheAirflow_Tutorial/py_env/lib/python3.12/site-packages/airflow/example_dags/example_sla_dag.py
[2025-03-17T14:44:49.857-0400] {processor.py:914} INFO - Processing file /Users/nidhipatel/ApacheAirflow_Tutorial/py_env/lib/python3.12/site-packages/airflow/example_dags/example_sla_dag.py for tasks to queue
[2025-03-17T14:44:49.858-0400] {logging_mixin.py:190} INFO - [2025-03-17T14:44:49.858-0400] {dagbag.py:588} INFO - Filling up the DagBag from /Users/nidhipatel/ApacheAirflow_Tutorial/py_env/lib/python3.12/site-packages/airflow/example_dags/example_sla_dag.py
[2025-03-17T14:44:49.872-0400] {processor.py:925} INFO - DAG(s) 'example_sla_dag' retrieved from /Users/nidhipatel/ApacheAirflow_Tutorial/py_env/lib/python3.12/site-packages/airflow/example_dags/example_sla_dag.py
[2025-03-17T14:44:49.906-0400] {logging_mixin.py:190} INFO - [2025-03-17T14:44:49.905-0400] {dag.py:3239} INFO - Sync 1 DAGs
[2025-03-17T14:44:49.914-0400] {logging_mixin.py:190} INFO - [2025-03-17T14:44:49.914-0400] {dag.py:4180} INFO - Setting next_dagrun for example_sla_dag to 2025-03-17 18:42:00+00:00, run_after=2025-03-17 18:44:00+00:00
[2025-03-17T14:44:49.920-0400] {processor.py:208} INFO - Processing /Users/nidhipatel/ApacheAirflow_Tutorial/py_env/lib/python3.12/site-packages/airflow/example_dags/example_sla_dag.py took 0.065 seconds
[2025-03-17T14:45:58.543-0400] {processor.py:186} INFO - Started process (PID=33123) to work on /Users/nidhipatel/ApacheAirflow_Tutorial/py_env/lib/python3.12/site-packages/airflow/example_dags/example_sla_dag.py
[2025-03-17T14:45:58.544-0400] {processor.py:914} INFO - Processing file /Users/nidhipatel/ApacheAirflow_Tutorial/py_env/lib/python3.12/site-packages/airflow/example_dags/example_sla_dag.py for tasks to queue
[2025-03-17T14:45:58.544-0400] {logging_mixin.py:190} INFO - [2025-03-17T14:45:58.544-0400] {dagbag.py:588} INFO - Filling up the DagBag from /Users/nidhipatel/ApacheAirflow_Tutorial/py_env/lib/python3.12/site-packages/airflow/example_dags/example_sla_dag.py
[2025-03-17T14:45:58.559-0400] {processor.py:925} INFO - DAG(s) 'example_sla_dag' retrieved from /Users/nidhipatel/ApacheAirflow_Tutorial/py_env/lib/python3.12/site-packages/airflow/example_dags/example_sla_dag.py
[2025-03-17T14:45:58.594-0400] {logging_mixin.py:190} INFO - [2025-03-17T14:45:58.594-0400] {dag.py:3239} INFO - Sync 1 DAGs
[2025-03-17T14:45:58.603-0400] {logging_mixin.py:190} INFO - [2025-03-17T14:45:58.603-0400] {dag.py:4180} INFO - Setting next_dagrun for example_sla_dag to 2025-03-17 18:42:00+00:00, run_after=2025-03-17 18:44:00+00:00
[2025-03-17T14:45:58.611-0400] {processor.py:208} INFO - Processing /Users/nidhipatel/ApacheAirflow_Tutorial/py_env/lib/python3.12/site-packages/airflow/example_dags/example_sla_dag.py took 0.069 seconds
[2025-03-17T14:47:07.778-0400] {processor.py:186} INFO - Started process (PID=33211) to work on /Users/nidhipatel/ApacheAirflow_Tutorial/py_env/lib/python3.12/site-packages/airflow/example_dags/example_sla_dag.py
[2025-03-17T14:47:07.779-0400] {processor.py:914} INFO - Processing file /Users/nidhipatel/ApacheAirflow_Tutorial/py_env/lib/python3.12/site-packages/airflow/example_dags/example_sla_dag.py for tasks to queue
[2025-03-17T14:47:07.780-0400] {logging_mixin.py:190} INFO - [2025-03-17T14:47:07.780-0400] {dagbag.py:588} INFO - Filling up the DagBag from /Users/nidhipatel/ApacheAirflow_Tutorial/py_env/lib/python3.12/site-packages/airflow/example_dags/example_sla_dag.py
[2025-03-17T14:47:07.796-0400] {processor.py:925} INFO - DAG(s) 'example_sla_dag' retrieved from /Users/nidhipatel/ApacheAirflow_Tutorial/py_env/lib/python3.12/site-packages/airflow/example_dags/example_sla_dag.py
[2025-03-17T14:47:07.833-0400] {logging_mixin.py:190} INFO - [2025-03-17T14:47:07.833-0400] {dag.py:3239} INFO - Sync 1 DAGs
[2025-03-17T14:47:07.842-0400] {logging_mixin.py:190} INFO - [2025-03-17T14:47:07.842-0400] {dag.py:4180} INFO - Setting next_dagrun for example_sla_dag to 2025-03-17 18:44:00+00:00, run_after=2025-03-17 18:46:00+00:00
[2025-03-17T14:47:07.849-0400] {processor.py:208} INFO - Processing /Users/nidhipatel/ApacheAirflow_Tutorial/py_env/lib/python3.12/site-packages/airflow/example_dags/example_sla_dag.py took 0.072 seconds
[2025-03-17T14:48:15.792-0400] {processor.py:186} INFO - Started process (PID=33291) to work on /Users/nidhipatel/ApacheAirflow_Tutorial/py_env/lib/python3.12/site-packages/airflow/example_dags/example_sla_dag.py
[2025-03-17T14:48:15.792-0400] {processor.py:914} INFO - Processing file /Users/nidhipatel/ApacheAirflow_Tutorial/py_env/lib/python3.12/site-packages/airflow/example_dags/example_sla_dag.py for tasks to queue
[2025-03-17T14:48:15.793-0400] {logging_mixin.py:190} INFO - [2025-03-17T14:48:15.793-0400] {dagbag.py:588} INFO - Filling up the DagBag from /Users/nidhipatel/ApacheAirflow_Tutorial/py_env/lib/python3.12/site-packages/airflow/example_dags/example_sla_dag.py
[2025-03-17T14:48:15.807-0400] {processor.py:925} INFO - DAG(s) 'example_sla_dag' retrieved from /Users/nidhipatel/ApacheAirflow_Tutorial/py_env/lib/python3.12/site-packages/airflow/example_dags/example_sla_dag.py
[2025-03-17T14:48:15.841-0400] {logging_mixin.py:190} INFO - [2025-03-17T14:48:15.841-0400] {dag.py:3239} INFO - Sync 1 DAGs
[2025-03-17T14:48:15.850-0400] {logging_mixin.py:190} INFO - [2025-03-17T14:48:15.849-0400] {dag.py:4180} INFO - Setting next_dagrun for example_sla_dag to 2025-03-17 18:46:00+00:00, run_after=2025-03-17 18:48:00+00:00
[2025-03-17T14:48:15.855-0400] {processor.py:208} INFO - Processing /Users/nidhipatel/ApacheAirflow_Tutorial/py_env/lib/python3.12/site-packages/airflow/example_dags/example_sla_dag.py took 0.065 seconds
[2025-03-17T14:49:21.426-0400] {processor.py:186} INFO - Started process (PID=33406) to work on /Users/nidhipatel/ApacheAirflow_Tutorial/py_env/lib/python3.12/site-packages/airflow/example_dags/example_sla_dag.py
[2025-03-17T14:49:21.427-0400] {processor.py:914} INFO - Processing file /Users/nidhipatel/ApacheAirflow_Tutorial/py_env/lib/python3.12/site-packages/airflow/example_dags/example_sla_dag.py for tasks to queue
[2025-03-17T14:49:21.427-0400] {logging_mixin.py:190} INFO - [2025-03-17T14:49:21.427-0400] {dagbag.py:588} INFO - Filling up the DagBag from /Users/nidhipatel/ApacheAirflow_Tutorial/py_env/lib/python3.12/site-packages/airflow/example_dags/example_sla_dag.py
[2025-03-17T14:49:21.444-0400] {processor.py:925} INFO - DAG(s) 'example_sla_dag' retrieved from /Users/nidhipatel/ApacheAirflow_Tutorial/py_env/lib/python3.12/site-packages/airflow/example_dags/example_sla_dag.py
[2025-03-17T14:49:21.480-0400] {logging_mixin.py:190} INFO - [2025-03-17T14:49:21.479-0400] {dag.py:3239} INFO - Sync 1 DAGs
[2025-03-17T14:49:21.489-0400] {logging_mixin.py:190} INFO - [2025-03-17T14:49:21.489-0400] {dag.py:4180} INFO - Setting next_dagrun for example_sla_dag to 2025-03-17 18:46:00+00:00, run_after=2025-03-17 18:48:00+00:00
[2025-03-17T14:49:21.495-0400] {processor.py:208} INFO - Processing /Users/nidhipatel/ApacheAirflow_Tutorial/py_env/lib/python3.12/site-packages/airflow/example_dags/example_sla_dag.py took 0.070 seconds
[2025-03-17T14:50:25.980-0400] {processor.py:186} INFO - Started process (PID=33489) to work on /Users/nidhipatel/ApacheAirflow_Tutorial/py_env/lib/python3.12/site-packages/airflow/example_dags/example_sla_dag.py
[2025-03-17T14:50:25.981-0400] {processor.py:914} INFO - Processing file /Users/nidhipatel/ApacheAirflow_Tutorial/py_env/lib/python3.12/site-packages/airflow/example_dags/example_sla_dag.py for tasks to queue
[2025-03-17T14:50:25.981-0400] {logging_mixin.py:190} INFO - [2025-03-17T14:50:25.981-0400] {dagbag.py:588} INFO - Filling up the DagBag from /Users/nidhipatel/ApacheAirflow_Tutorial/py_env/lib/python3.12/site-packages/airflow/example_dags/example_sla_dag.py
[2025-03-17T14:50:25.998-0400] {processor.py:925} INFO - DAG(s) 'example_sla_dag' retrieved from /Users/nidhipatel/ApacheAirflow_Tutorial/py_env/lib/python3.12/site-packages/airflow/example_dags/example_sla_dag.py
[2025-03-17T14:50:26.035-0400] {logging_mixin.py:190} INFO - [2025-03-17T14:50:26.034-0400] {dag.py:3239} INFO - Sync 1 DAGs
[2025-03-17T14:50:26.044-0400] {logging_mixin.py:190} INFO - [2025-03-17T14:50:26.044-0400] {dag.py:4180} INFO - Setting next_dagrun for example_sla_dag to 2025-03-17 18:48:00+00:00, run_after=2025-03-17 18:50:00+00:00
[2025-03-17T14:50:26.050-0400] {processor.py:208} INFO - Processing /Users/nidhipatel/ApacheAirflow_Tutorial/py_env/lib/python3.12/site-packages/airflow/example_dags/example_sla_dag.py took 0.072 seconds
[2025-03-17T14:51:32.200-0400] {processor.py:186} INFO - Started process (PID=33659) to work on /Users/nidhipatel/ApacheAirflow_Tutorial/py_env/lib/python3.12/site-packages/airflow/example_dags/example_sla_dag.py
[2025-03-17T14:51:32.200-0400] {processor.py:914} INFO - Processing file /Users/nidhipatel/ApacheAirflow_Tutorial/py_env/lib/python3.12/site-packages/airflow/example_dags/example_sla_dag.py for tasks to queue
[2025-03-17T14:51:32.201-0400] {logging_mixin.py:190} INFO - [2025-03-17T14:51:32.201-0400] {dagbag.py:588} INFO - Filling up the DagBag from /Users/nidhipatel/ApacheAirflow_Tutorial/py_env/lib/python3.12/site-packages/airflow/example_dags/example_sla_dag.py
[2025-03-17T14:51:32.217-0400] {processor.py:925} INFO - DAG(s) 'example_sla_dag' retrieved from /Users/nidhipatel/ApacheAirflow_Tutorial/py_env/lib/python3.12/site-packages/airflow/example_dags/example_sla_dag.py
[2025-03-17T14:51:32.257-0400] {logging_mixin.py:190} INFO - [2025-03-17T14:51:32.257-0400] {dag.py:3239} INFO - Sync 1 DAGs
[2025-03-17T14:51:32.270-0400] {logging_mixin.py:190} INFO - [2025-03-17T14:51:32.270-0400] {dag.py:4180} INFO - Setting next_dagrun for example_sla_dag to 2025-03-17 18:48:00+00:00, run_after=2025-03-17 18:50:00+00:00
[2025-03-17T14:51:32.276-0400] {processor.py:208} INFO - Processing /Users/nidhipatel/ApacheAirflow_Tutorial/py_env/lib/python3.12/site-packages/airflow/example_dags/example_sla_dag.py took 0.078 seconds
[2025-03-17T14:52:39.831-0400] {processor.py:186} INFO - Started process (PID=33894) to work on /Users/nidhipatel/ApacheAirflow_Tutorial/py_env/lib/python3.12/site-packages/airflow/example_dags/example_sla_dag.py
[2025-03-17T14:52:39.832-0400] {processor.py:914} INFO - Processing file /Users/nidhipatel/ApacheAirflow_Tutorial/py_env/lib/python3.12/site-packages/airflow/example_dags/example_sla_dag.py for tasks to queue
[2025-03-17T14:52:39.833-0400] {logging_mixin.py:190} INFO - [2025-03-17T14:52:39.832-0400] {dagbag.py:588} INFO - Filling up the DagBag from /Users/nidhipatel/ApacheAirflow_Tutorial/py_env/lib/python3.12/site-packages/airflow/example_dags/example_sla_dag.py
[2025-03-17T14:52:39.849-0400] {processor.py:925} INFO - DAG(s) 'example_sla_dag' retrieved from /Users/nidhipatel/ApacheAirflow_Tutorial/py_env/lib/python3.12/site-packages/airflow/example_dags/example_sla_dag.py
[2025-03-17T14:52:39.883-0400] {logging_mixin.py:190} INFO - [2025-03-17T14:52:39.883-0400] {dag.py:3239} INFO - Sync 1 DAGs
[2025-03-17T14:52:39.892-0400] {logging_mixin.py:190} INFO - [2025-03-17T14:52:39.892-0400] {dag.py:4180} INFO - Setting next_dagrun for example_sla_dag to 2025-03-17 18:50:00+00:00, run_after=2025-03-17 18:52:00+00:00
[2025-03-17T14:52:39.898-0400] {processor.py:208} INFO - Processing /Users/nidhipatel/ApacheAirflow_Tutorial/py_env/lib/python3.12/site-packages/airflow/example_dags/example_sla_dag.py took 0.070 seconds
