[2025-03-17T14:32:06.727-0400] {processor.py:186} INFO - Started process (PID=31929) to work on /Users/nidhipatel/ApacheAirflow_Tutorial/py_env/lib/python3.12/site-packages/airflow/example_dags/example_xcomargs.py
[2025-03-17T14:32:06.728-0400] {processor.py:914} INFO - Processing file /Users/nidhipatel/ApacheAirflow_Tutorial/py_env/lib/python3.12/site-packages/airflow/example_dags/example_xcomargs.py for tasks to queue
[2025-03-17T14:32:06.728-0400] {logging_mixin.py:190} INFO - [2025-03-17T14:32:06.728-0400] {dagbag.py:588} INFO - Filling up the DagBag from /Users/nidhipatel/ApacheAirflow_Tutorial/py_env/lib/python3.12/site-packages/airflow/example_dags/example_xcomargs.py
[2025-03-17T14:32:06.743-0400] {processor.py:925} INFO - DAG(s) 'example_xcom_args', 'example_xcom_args_with_operators' retrieved from /Users/nidhipatel/ApacheAirflow_Tutorial/py_env/lib/python3.12/site-packages/airflow/example_dags/example_xcomargs.py
[2025-03-17T14:32:06.806-0400] {logging_mixin.py:190} INFO - [2025-03-17T14:32:06.806-0400] {override.py:1912} INFO - Created Permission View: can delete on DAG:example_xcom_args
[2025-03-17T14:32:06.809-0400] {logging_mixin.py:190} INFO - [2025-03-17T14:32:06.809-0400] {override.py:1912} INFO - Created Permission View: can read on DAG:example_xcom_args
[2025-03-17T14:32:06.811-0400] {logging_mixin.py:190} INFO - [2025-03-17T14:32:06.811-0400] {override.py:1912} INFO - Created Permission View: can edit on DAG:example_xcom_args
[2025-03-17T14:32:06.814-0400] {logging_mixin.py:190} INFO - [2025-03-17T14:32:06.814-0400] {override.py:1912} INFO - Created Permission View: can create on DAG Run:example_xcom_args
[2025-03-17T14:32:06.816-0400] {logging_mixin.py:190} INFO - [2025-03-17T14:32:06.816-0400] {override.py:1912} INFO - Created Permission View: can read on DAG Run:example_xcom_args
[2025-03-17T14:32:06.818-0400] {logging_mixin.py:190} INFO - [2025-03-17T14:32:06.818-0400] {override.py:1912} INFO - Created Permission View: can delete on DAG Run:example_xcom_args
[2025-03-17T14:32:06.820-0400] {logging_mixin.py:190} INFO - [2025-03-17T14:32:06.819-0400] {override.py:1912} INFO - Created Permission View: menu access on DAG Run:example_xcom_args
[2025-03-17T14:32:06.824-0400] {logging_mixin.py:190} INFO - [2025-03-17T14:32:06.824-0400] {override.py:1912} INFO - Created Permission View: can delete on DAG:example_xcom_args_with_operators
[2025-03-17T14:32:06.826-0400] {logging_mixin.py:190} INFO - [2025-03-17T14:32:06.826-0400] {override.py:1912} INFO - Created Permission View: can read on DAG:example_xcom_args_with_operators
[2025-03-17T14:32:06.828-0400] {logging_mixin.py:190} INFO - [2025-03-17T14:32:06.828-0400] {override.py:1912} INFO - Created Permission View: can edit on DAG:example_xcom_args_with_operators
[2025-03-17T14:32:06.830-0400] {logging_mixin.py:190} INFO - [2025-03-17T14:32:06.830-0400] {override.py:1912} INFO - Created Permission View: can create on DAG Run:example_xcom_args_with_operators
[2025-03-17T14:32:06.832-0400] {logging_mixin.py:190} INFO - [2025-03-17T14:32:06.832-0400] {override.py:1912} INFO - Created Permission View: can read on DAG Run:example_xcom_args_with_operators
[2025-03-17T14:32:06.834-0400] {logging_mixin.py:190} INFO - [2025-03-17T14:32:06.833-0400] {override.py:1912} INFO - Created Permission View: can delete on DAG Run:example_xcom_args_with_operators
[2025-03-17T14:32:06.835-0400] {logging_mixin.py:190} INFO - [2025-03-17T14:32:06.835-0400] {override.py:1912} INFO - Created Permission View: menu access on DAG Run:example_xcom_args_with_operators
[2025-03-17T14:32:06.835-0400] {logging_mixin.py:190} INFO - [2025-03-17T14:32:06.835-0400] {dag.py:3239} INFO - Sync 2 DAGs
[2025-03-17T14:32:06.839-0400] {logging_mixin.py:190} INFO - [2025-03-17T14:32:06.839-0400] {dag.py:3262} INFO - Creating ORM DAG for example_xcom_args_with_operators
[2025-03-17T14:32:06.839-0400] {logging_mixin.py:190} INFO - [2025-03-17T14:32:06.839-0400] {dag.py:3262} INFO - Creating ORM DAG for example_xcom_args
[2025-03-17T14:32:06.840-0400] {logging_mixin.py:190} INFO - [2025-03-17T14:32:06.840-0400] {dag.py:4180} INFO - Setting next_dagrun for example_xcom_args to None, run_after=None
[2025-03-17T14:32:06.840-0400] {logging_mixin.py:190} INFO - [2025-03-17T14:32:06.840-0400] {dag.py:4180} INFO - Setting next_dagrun for example_xcom_args_with_operators to None, run_after=None
[2025-03-17T14:32:06.846-0400] {processor.py:208} INFO - Processing /Users/nidhipatel/ApacheAirflow_Tutorial/py_env/lib/python3.12/site-packages/airflow/example_dags/example_xcomargs.py took 0.120 seconds
[2025-03-17T14:33:49.093-0400] {processor.py:186} INFO - Started process (PID=32099) to work on /Users/nidhipatel/ApacheAirflow_Tutorial/py_env/lib/python3.12/site-packages/airflow/example_dags/example_xcomargs.py
[2025-03-17T14:33:49.094-0400] {processor.py:914} INFO - Processing file /Users/nidhipatel/ApacheAirflow_Tutorial/py_env/lib/python3.12/site-packages/airflow/example_dags/example_xcomargs.py for tasks to queue
[2025-03-17T14:33:49.095-0400] {logging_mixin.py:190} INFO - [2025-03-17T14:33:49.095-0400] {dagbag.py:588} INFO - Filling up the DagBag from /Users/nidhipatel/ApacheAirflow_Tutorial/py_env/lib/python3.12/site-packages/airflow/example_dags/example_xcomargs.py
[2025-03-17T14:33:49.111-0400] {processor.py:925} INFO - DAG(s) 'example_xcom_args', 'example_xcom_args_with_operators' retrieved from /Users/nidhipatel/ApacheAirflow_Tutorial/py_env/lib/python3.12/site-packages/airflow/example_dags/example_xcomargs.py
[2025-03-17T14:33:49.146-0400] {logging_mixin.py:190} INFO - [2025-03-17T14:33:49.146-0400] {dag.py:3239} INFO - Sync 2 DAGs
[2025-03-17T14:33:49.150-0400] {logging_mixin.py:190} INFO - [2025-03-17T14:33:49.150-0400] {dag.py:4180} INFO - Setting next_dagrun for example_xcom_args to None, run_after=None
[2025-03-17T14:33:49.151-0400] {logging_mixin.py:190} INFO - [2025-03-17T14:33:49.151-0400] {dag.py:4180} INFO - Setting next_dagrun for example_xcom_args_with_operators to None, run_after=None
[2025-03-17T14:33:49.157-0400] {processor.py:208} INFO - Processing /Users/nidhipatel/ApacheAirflow_Tutorial/py_env/lib/python3.12/site-packages/airflow/example_dags/example_xcomargs.py took 0.065 seconds
[2025-03-17T14:34:54.576-0400] {processor.py:186} INFO - Started process (PID=32185) to work on /Users/nidhipatel/ApacheAirflow_Tutorial/py_env/lib/python3.12/site-packages/airflow/example_dags/example_xcomargs.py
[2025-03-17T14:34:54.577-0400] {processor.py:914} INFO - Processing file /Users/nidhipatel/ApacheAirflow_Tutorial/py_env/lib/python3.12/site-packages/airflow/example_dags/example_xcomargs.py for tasks to queue
[2025-03-17T14:34:54.577-0400] {logging_mixin.py:190} INFO - [2025-03-17T14:34:54.577-0400] {dagbag.py:588} INFO - Filling up the DagBag from /Users/nidhipatel/ApacheAirflow_Tutorial/py_env/lib/python3.12/site-packages/airflow/example_dags/example_xcomargs.py
[2025-03-17T14:34:54.594-0400] {processor.py:925} INFO - DAG(s) 'example_xcom_args_with_operators', 'example_xcom_args' retrieved from /Users/nidhipatel/ApacheAirflow_Tutorial/py_env/lib/python3.12/site-packages/airflow/example_dags/example_xcomargs.py
[2025-03-17T14:34:54.630-0400] {logging_mixin.py:190} INFO - [2025-03-17T14:34:54.630-0400] {dag.py:3239} INFO - Sync 2 DAGs
[2025-03-17T14:34:54.633-0400] {logging_mixin.py:190} INFO - [2025-03-17T14:34:54.633-0400] {dag.py:4180} INFO - Setting next_dagrun for example_xcom_args to None, run_after=None
[2025-03-17T14:34:54.634-0400] {logging_mixin.py:190} INFO - [2025-03-17T14:34:54.634-0400] {dag.py:4180} INFO - Setting next_dagrun for example_xcom_args_with_operators to None, run_after=None
[2025-03-17T14:34:54.640-0400] {processor.py:208} INFO - Processing /Users/nidhipatel/ApacheAirflow_Tutorial/py_env/lib/python3.12/site-packages/airflow/example_dags/example_xcomargs.py took 0.065 seconds
[2025-03-17T14:36:02.513-0400] {processor.py:186} INFO - Started process (PID=32268) to work on /Users/nidhipatel/ApacheAirflow_Tutorial/py_env/lib/python3.12/site-packages/airflow/example_dags/example_xcomargs.py
[2025-03-17T14:36:02.514-0400] {processor.py:914} INFO - Processing file /Users/nidhipatel/ApacheAirflow_Tutorial/py_env/lib/python3.12/site-packages/airflow/example_dags/example_xcomargs.py for tasks to queue
[2025-03-17T14:36:02.514-0400] {logging_mixin.py:190} INFO - [2025-03-17T14:36:02.514-0400] {dagbag.py:588} INFO - Filling up the DagBag from /Users/nidhipatel/ApacheAirflow_Tutorial/py_env/lib/python3.12/site-packages/airflow/example_dags/example_xcomargs.py
[2025-03-17T14:36:02.530-0400] {processor.py:925} INFO - DAG(s) 'example_xcom_args', 'example_xcom_args_with_operators' retrieved from /Users/nidhipatel/ApacheAirflow_Tutorial/py_env/lib/python3.12/site-packages/airflow/example_dags/example_xcomargs.py
[2025-03-17T14:36:02.571-0400] {logging_mixin.py:190} INFO - [2025-03-17T14:36:02.571-0400] {dag.py:3239} INFO - Sync 2 DAGs
[2025-03-17T14:36:02.575-0400] {logging_mixin.py:190} INFO - [2025-03-17T14:36:02.575-0400] {dag.py:4180} INFO - Setting next_dagrun for example_xcom_args to None, run_after=None
[2025-03-17T14:36:02.577-0400] {logging_mixin.py:190} INFO - [2025-03-17T14:36:02.576-0400] {dag.py:4180} INFO - Setting next_dagrun for example_xcom_args_with_operators to None, run_after=None
[2025-03-17T14:36:02.583-0400] {processor.py:208} INFO - Processing /Users/nidhipatel/ApacheAirflow_Tutorial/py_env/lib/python3.12/site-packages/airflow/example_dags/example_xcomargs.py took 0.071 seconds
[2025-03-17T14:37:07.638-0400] {processor.py:186} INFO - Started process (PID=32352) to work on /Users/nidhipatel/ApacheAirflow_Tutorial/py_env/lib/python3.12/site-packages/airflow/example_dags/example_xcomargs.py
[2025-03-17T14:37:07.638-0400] {processor.py:914} INFO - Processing file /Users/nidhipatel/ApacheAirflow_Tutorial/py_env/lib/python3.12/site-packages/airflow/example_dags/example_xcomargs.py for tasks to queue
[2025-03-17T14:37:07.639-0400] {logging_mixin.py:190} INFO - [2025-03-17T14:37:07.639-0400] {dagbag.py:588} INFO - Filling up the DagBag from /Users/nidhipatel/ApacheAirflow_Tutorial/py_env/lib/python3.12/site-packages/airflow/example_dags/example_xcomargs.py
[2025-03-17T14:37:07.653-0400] {processor.py:925} INFO - DAG(s) 'example_xcom_args_with_operators', 'example_xcom_args' retrieved from /Users/nidhipatel/ApacheAirflow_Tutorial/py_env/lib/python3.12/site-packages/airflow/example_dags/example_xcomargs.py
[2025-03-17T14:37:07.689-0400] {logging_mixin.py:190} INFO - [2025-03-17T14:37:07.689-0400] {dag.py:3239} INFO - Sync 2 DAGs
[2025-03-17T14:37:07.693-0400] {logging_mixin.py:190} INFO - [2025-03-17T14:37:07.692-0400] {dag.py:4180} INFO - Setting next_dagrun for example_xcom_args to None, run_after=None
[2025-03-17T14:37:07.694-0400] {logging_mixin.py:190} INFO - [2025-03-17T14:37:07.694-0400] {dag.py:4180} INFO - Setting next_dagrun for example_xcom_args_with_operators to None, run_after=None
[2025-03-17T14:37:07.699-0400] {processor.py:208} INFO - Processing /Users/nidhipatel/ApacheAirflow_Tutorial/py_env/lib/python3.12/site-packages/airflow/example_dags/example_xcomargs.py took 0.063 seconds
[2025-03-17T14:38:10.528-0400] {processor.py:186} INFO - Started process (PID=32451) to work on /Users/nidhipatel/ApacheAirflow_Tutorial/py_env/lib/python3.12/site-packages/airflow/example_dags/example_xcomargs.py
[2025-03-17T14:38:10.528-0400] {processor.py:914} INFO - Processing file /Users/nidhipatel/ApacheAirflow_Tutorial/py_env/lib/python3.12/site-packages/airflow/example_dags/example_xcomargs.py for tasks to queue
[2025-03-17T14:38:10.529-0400] {logging_mixin.py:190} INFO - [2025-03-17T14:38:10.529-0400] {dagbag.py:588} INFO - Filling up the DagBag from /Users/nidhipatel/ApacheAirflow_Tutorial/py_env/lib/python3.12/site-packages/airflow/example_dags/example_xcomargs.py
[2025-03-17T14:38:10.544-0400] {processor.py:925} INFO - DAG(s) 'example_xcom_args', 'example_xcom_args_with_operators' retrieved from /Users/nidhipatel/ApacheAirflow_Tutorial/py_env/lib/python3.12/site-packages/airflow/example_dags/example_xcomargs.py
[2025-03-17T14:38:10.579-0400] {logging_mixin.py:190} INFO - [2025-03-17T14:38:10.578-0400] {dag.py:3239} INFO - Sync 2 DAGs
[2025-03-17T14:38:10.585-0400] {logging_mixin.py:190} INFO - [2025-03-17T14:38:10.585-0400] {dag.py:4180} INFO - Setting next_dagrun for example_xcom_args to None, run_after=None
[2025-03-17T14:38:10.587-0400] {logging_mixin.py:190} INFO - [2025-03-17T14:38:10.587-0400] {dag.py:4180} INFO - Setting next_dagrun for example_xcom_args_with_operators to None, run_after=None
[2025-03-17T14:38:10.593-0400] {processor.py:208} INFO - Processing /Users/nidhipatel/ApacheAirflow_Tutorial/py_env/lib/python3.12/site-packages/airflow/example_dags/example_xcomargs.py took 0.067 seconds
[2025-03-17T14:39:09.958-0400] {processor.py:186} INFO - Started process (PID=32540) to work on /Users/nidhipatel/ApacheAirflow_Tutorial/py_env/lib/python3.12/site-packages/airflow/example_dags/example_xcomargs.py
[2025-03-17T14:39:09.959-0400] {processor.py:914} INFO - Processing file /Users/nidhipatel/ApacheAirflow_Tutorial/py_env/lib/python3.12/site-packages/airflow/example_dags/example_xcomargs.py for tasks to queue
[2025-03-17T14:39:09.959-0400] {logging_mixin.py:190} INFO - [2025-03-17T14:39:09.959-0400] {dagbag.py:588} INFO - Filling up the DagBag from /Users/nidhipatel/ApacheAirflow_Tutorial/py_env/lib/python3.12/site-packages/airflow/example_dags/example_xcomargs.py
[2025-03-17T14:39:09.976-0400] {processor.py:925} INFO - DAG(s) 'example_xcom_args_with_operators', 'example_xcom_args' retrieved from /Users/nidhipatel/ApacheAirflow_Tutorial/py_env/lib/python3.12/site-packages/airflow/example_dags/example_xcomargs.py
[2025-03-17T14:39:10.011-0400] {logging_mixin.py:190} INFO - [2025-03-17T14:39:10.011-0400] {dag.py:3239} INFO - Sync 2 DAGs
[2025-03-17T14:39:10.014-0400] {logging_mixin.py:190} INFO - [2025-03-17T14:39:10.014-0400] {dag.py:4180} INFO - Setting next_dagrun for example_xcom_args to None, run_after=None
[2025-03-17T14:39:10.015-0400] {logging_mixin.py:190} INFO - [2025-03-17T14:39:10.015-0400] {dag.py:4180} INFO - Setting next_dagrun for example_xcom_args_with_operators to None, run_after=None
[2025-03-17T14:39:10.021-0400] {processor.py:208} INFO - Processing /Users/nidhipatel/ApacheAirflow_Tutorial/py_env/lib/python3.12/site-packages/airflow/example_dags/example_xcomargs.py took 0.064 seconds
[2025-03-17T14:40:13.155-0400] {processor.py:186} INFO - Started process (PID=32654) to work on /Users/nidhipatel/ApacheAirflow_Tutorial/py_env/lib/python3.12/site-packages/airflow/example_dags/example_xcomargs.py
[2025-03-17T14:40:13.155-0400] {processor.py:914} INFO - Processing file /Users/nidhipatel/ApacheAirflow_Tutorial/py_env/lib/python3.12/site-packages/airflow/example_dags/example_xcomargs.py for tasks to queue
[2025-03-17T14:40:13.156-0400] {logging_mixin.py:190} INFO - [2025-03-17T14:40:13.156-0400] {dagbag.py:588} INFO - Filling up the DagBag from /Users/nidhipatel/ApacheAirflow_Tutorial/py_env/lib/python3.12/site-packages/airflow/example_dags/example_xcomargs.py
[2025-03-17T14:40:13.171-0400] {processor.py:925} INFO - DAG(s) 'example_xcom_args_with_operators', 'example_xcom_args' retrieved from /Users/nidhipatel/ApacheAirflow_Tutorial/py_env/lib/python3.12/site-packages/airflow/example_dags/example_xcomargs.py
[2025-03-17T14:40:13.206-0400] {logging_mixin.py:190} INFO - [2025-03-17T14:40:13.206-0400] {dag.py:3239} INFO - Sync 2 DAGs
[2025-03-17T14:40:13.209-0400] {logging_mixin.py:190} INFO - [2025-03-17T14:40:13.209-0400] {dag.py:4180} INFO - Setting next_dagrun for example_xcom_args to None, run_after=None
[2025-03-17T14:40:13.210-0400] {logging_mixin.py:190} INFO - [2025-03-17T14:40:13.210-0400] {dag.py:4180} INFO - Setting next_dagrun for example_xcom_args_with_operators to None, run_after=None
[2025-03-17T14:40:13.216-0400] {processor.py:208} INFO - Processing /Users/nidhipatel/ApacheAirflow_Tutorial/py_env/lib/python3.12/site-packages/airflow/example_dags/example_xcomargs.py took 0.063 seconds
[2025-03-17T14:41:15.589-0400] {processor.py:186} INFO - Started process (PID=32743) to work on /Users/nidhipatel/ApacheAirflow_Tutorial/py_env/lib/python3.12/site-packages/airflow/example_dags/example_xcomargs.py
[2025-03-17T14:41:15.590-0400] {processor.py:914} INFO - Processing file /Users/nidhipatel/ApacheAirflow_Tutorial/py_env/lib/python3.12/site-packages/airflow/example_dags/example_xcomargs.py for tasks to queue
[2025-03-17T14:41:15.590-0400] {logging_mixin.py:190} INFO - [2025-03-17T14:41:15.590-0400] {dagbag.py:588} INFO - Filling up the DagBag from /Users/nidhipatel/ApacheAirflow_Tutorial/py_env/lib/python3.12/site-packages/airflow/example_dags/example_xcomargs.py
[2025-03-17T14:41:15.605-0400] {processor.py:925} INFO - DAG(s) 'example_xcom_args_with_operators', 'example_xcom_args' retrieved from /Users/nidhipatel/ApacheAirflow_Tutorial/py_env/lib/python3.12/site-packages/airflow/example_dags/example_xcomargs.py
[2025-03-17T14:41:15.640-0400] {logging_mixin.py:190} INFO - [2025-03-17T14:41:15.640-0400] {dag.py:3239} INFO - Sync 2 DAGs
[2025-03-17T14:41:15.644-0400] {logging_mixin.py:190} INFO - [2025-03-17T14:41:15.644-0400] {dag.py:4180} INFO - Setting next_dagrun for example_xcom_args to None, run_after=None
[2025-03-17T14:41:15.645-0400] {logging_mixin.py:190} INFO - [2025-03-17T14:41:15.645-0400] {dag.py:4180} INFO - Setting next_dagrun for example_xcom_args_with_operators to None, run_after=None
[2025-03-17T14:41:15.651-0400] {processor.py:208} INFO - Processing /Users/nidhipatel/ApacheAirflow_Tutorial/py_env/lib/python3.12/site-packages/airflow/example_dags/example_xcomargs.py took 0.063 seconds
[2025-03-17T14:42:20.060-0400] {processor.py:186} INFO - Started process (PID=32837) to work on /Users/nidhipatel/ApacheAirflow_Tutorial/py_env/lib/python3.12/site-packages/airflow/example_dags/example_xcomargs.py
[2025-03-17T14:42:20.061-0400] {processor.py:914} INFO - Processing file /Users/nidhipatel/ApacheAirflow_Tutorial/py_env/lib/python3.12/site-packages/airflow/example_dags/example_xcomargs.py for tasks to queue
[2025-03-17T14:42:20.061-0400] {logging_mixin.py:190} INFO - [2025-03-17T14:42:20.061-0400] {dagbag.py:588} INFO - Filling up the DagBag from /Users/nidhipatel/ApacheAirflow_Tutorial/py_env/lib/python3.12/site-packages/airflow/example_dags/example_xcomargs.py
[2025-03-17T14:42:20.077-0400] {processor.py:925} INFO - DAG(s) 'example_xcom_args_with_operators', 'example_xcom_args' retrieved from /Users/nidhipatel/ApacheAirflow_Tutorial/py_env/lib/python3.12/site-packages/airflow/example_dags/example_xcomargs.py
[2025-03-17T14:42:20.115-0400] {logging_mixin.py:190} INFO - [2025-03-17T14:42:20.115-0400] {dag.py:3239} INFO - Sync 2 DAGs
[2025-03-17T14:42:20.118-0400] {logging_mixin.py:190} INFO - [2025-03-17T14:42:20.118-0400] {dag.py:4180} INFO - Setting next_dagrun for example_xcom_args to None, run_after=None
[2025-03-17T14:42:20.119-0400] {logging_mixin.py:190} INFO - [2025-03-17T14:42:20.119-0400] {dag.py:4180} INFO - Setting next_dagrun for example_xcom_args_with_operators to None, run_after=None
[2025-03-17T14:42:20.125-0400] {processor.py:208} INFO - Processing /Users/nidhipatel/ApacheAirflow_Tutorial/py_env/lib/python3.12/site-packages/airflow/example_dags/example_xcomargs.py took 0.066 seconds
[2025-03-17T14:43:26.581-0400] {processor.py:186} INFO - Started process (PID=32915) to work on /Users/nidhipatel/ApacheAirflow_Tutorial/py_env/lib/python3.12/site-packages/airflow/example_dags/example_xcomargs.py
[2025-03-17T14:43:26.582-0400] {processor.py:914} INFO - Processing file /Users/nidhipatel/ApacheAirflow_Tutorial/py_env/lib/python3.12/site-packages/airflow/example_dags/example_xcomargs.py for tasks to queue
[2025-03-17T14:43:26.582-0400] {logging_mixin.py:190} INFO - [2025-03-17T14:43:26.582-0400] {dagbag.py:588} INFO - Filling up the DagBag from /Users/nidhipatel/ApacheAirflow_Tutorial/py_env/lib/python3.12/site-packages/airflow/example_dags/example_xcomargs.py
[2025-03-17T14:43:26.597-0400] {processor.py:925} INFO - DAG(s) 'example_xcom_args_with_operators', 'example_xcom_args' retrieved from /Users/nidhipatel/ApacheAirflow_Tutorial/py_env/lib/python3.12/site-packages/airflow/example_dags/example_xcomargs.py
[2025-03-17T14:43:26.634-0400] {logging_mixin.py:190} INFO - [2025-03-17T14:43:26.634-0400] {dag.py:3239} INFO - Sync 2 DAGs
[2025-03-17T14:43:26.638-0400] {logging_mixin.py:190} INFO - [2025-03-17T14:43:26.638-0400] {dag.py:4180} INFO - Setting next_dagrun for example_xcom_args to None, run_after=None
[2025-03-17T14:43:26.639-0400] {logging_mixin.py:190} INFO - [2025-03-17T14:43:26.639-0400] {dag.py:4180} INFO - Setting next_dagrun for example_xcom_args_with_operators to None, run_after=None
[2025-03-17T14:43:26.644-0400] {processor.py:208} INFO - Processing /Users/nidhipatel/ApacheAirflow_Tutorial/py_env/lib/python3.12/site-packages/airflow/example_dags/example_xcomargs.py took 0.065 seconds
[2025-03-17T14:44:34.100-0400] {processor.py:186} INFO - Started process (PID=32997) to work on /Users/nidhipatel/ApacheAirflow_Tutorial/py_env/lib/python3.12/site-packages/airflow/example_dags/example_xcomargs.py
[2025-03-17T14:44:34.100-0400] {processor.py:914} INFO - Processing file /Users/nidhipatel/ApacheAirflow_Tutorial/py_env/lib/python3.12/site-packages/airflow/example_dags/example_xcomargs.py for tasks to queue
[2025-03-17T14:44:34.101-0400] {logging_mixin.py:190} INFO - [2025-03-17T14:44:34.101-0400] {dagbag.py:588} INFO - Filling up the DagBag from /Users/nidhipatel/ApacheAirflow_Tutorial/py_env/lib/python3.12/site-packages/airflow/example_dags/example_xcomargs.py
[2025-03-17T14:44:34.117-0400] {processor.py:925} INFO - DAG(s) 'example_xcom_args', 'example_xcom_args_with_operators' retrieved from /Users/nidhipatel/ApacheAirflow_Tutorial/py_env/lib/python3.12/site-packages/airflow/example_dags/example_xcomargs.py
[2025-03-17T14:44:34.153-0400] {logging_mixin.py:190} INFO - [2025-03-17T14:44:34.153-0400] {dag.py:3239} INFO - Sync 2 DAGs
[2025-03-17T14:44:34.156-0400] {logging_mixin.py:190} INFO - [2025-03-17T14:44:34.156-0400] {dag.py:4180} INFO - Setting next_dagrun for example_xcom_args to None, run_after=None
[2025-03-17T14:44:34.158-0400] {logging_mixin.py:190} INFO - [2025-03-17T14:44:34.157-0400] {dag.py:4180} INFO - Setting next_dagrun for example_xcom_args_with_operators to None, run_after=None
[2025-03-17T14:44:34.163-0400] {processor.py:208} INFO - Processing /Users/nidhipatel/ApacheAirflow_Tutorial/py_env/lib/python3.12/site-packages/airflow/example_dags/example_xcomargs.py took 0.068 seconds
[2025-03-17T14:45:43.810-0400] {processor.py:186} INFO - Started process (PID=33105) to work on /Users/nidhipatel/ApacheAirflow_Tutorial/py_env/lib/python3.12/site-packages/airflow/example_dags/example_xcomargs.py
[2025-03-17T14:45:43.811-0400] {processor.py:914} INFO - Processing file /Users/nidhipatel/ApacheAirflow_Tutorial/py_env/lib/python3.12/site-packages/airflow/example_dags/example_xcomargs.py for tasks to queue
[2025-03-17T14:45:43.811-0400] {logging_mixin.py:190} INFO - [2025-03-17T14:45:43.811-0400] {dagbag.py:588} INFO - Filling up the DagBag from /Users/nidhipatel/ApacheAirflow_Tutorial/py_env/lib/python3.12/site-packages/airflow/example_dags/example_xcomargs.py
[2025-03-17T14:45:43.827-0400] {processor.py:925} INFO - DAG(s) 'example_xcom_args', 'example_xcom_args_with_operators' retrieved from /Users/nidhipatel/ApacheAirflow_Tutorial/py_env/lib/python3.12/site-packages/airflow/example_dags/example_xcomargs.py
[2025-03-17T14:45:43.863-0400] {logging_mixin.py:190} INFO - [2025-03-17T14:45:43.863-0400] {dag.py:3239} INFO - Sync 2 DAGs
[2025-03-17T14:45:43.868-0400] {logging_mixin.py:190} INFO - [2025-03-17T14:45:43.868-0400] {dag.py:4180} INFO - Setting next_dagrun for example_xcom_args to None, run_after=None
[2025-03-17T14:45:43.870-0400] {logging_mixin.py:190} INFO - [2025-03-17T14:45:43.869-0400] {dag.py:4180} INFO - Setting next_dagrun for example_xcom_args_with_operators to None, run_after=None
[2025-03-17T14:45:43.876-0400] {processor.py:208} INFO - Processing /Users/nidhipatel/ApacheAirflow_Tutorial/py_env/lib/python3.12/site-packages/airflow/example_dags/example_xcomargs.py took 0.068 seconds
[2025-03-17T14:46:52.035-0400] {processor.py:186} INFO - Started process (PID=33187) to work on /Users/nidhipatel/ApacheAirflow_Tutorial/py_env/lib/python3.12/site-packages/airflow/example_dags/example_xcomargs.py
[2025-03-17T14:46:52.038-0400] {processor.py:914} INFO - Processing file /Users/nidhipatel/ApacheAirflow_Tutorial/py_env/lib/python3.12/site-packages/airflow/example_dags/example_xcomargs.py for tasks to queue
[2025-03-17T14:46:52.039-0400] {logging_mixin.py:190} INFO - [2025-03-17T14:46:52.038-0400] {dagbag.py:588} INFO - Filling up the DagBag from /Users/nidhipatel/ApacheAirflow_Tutorial/py_env/lib/python3.12/site-packages/airflow/example_dags/example_xcomargs.py
[2025-03-17T14:46:52.053-0400] {processor.py:925} INFO - DAG(s) 'example_xcom_args_with_operators', 'example_xcom_args' retrieved from /Users/nidhipatel/ApacheAirflow_Tutorial/py_env/lib/python3.12/site-packages/airflow/example_dags/example_xcomargs.py
[2025-03-17T14:46:52.093-0400] {logging_mixin.py:190} INFO - [2025-03-17T14:46:52.093-0400] {dag.py:3239} INFO - Sync 2 DAGs
[2025-03-17T14:46:52.097-0400] {logging_mixin.py:190} INFO - [2025-03-17T14:46:52.096-0400] {dag.py:4180} INFO - Setting next_dagrun for example_xcom_args to None, run_after=None
[2025-03-17T14:46:52.099-0400] {logging_mixin.py:190} INFO - [2025-03-17T14:46:52.099-0400] {dag.py:4180} INFO - Setting next_dagrun for example_xcom_args_with_operators to None, run_after=None
[2025-03-17T14:46:52.104-0400] {processor.py:208} INFO - Processing /Users/nidhipatel/ApacheAirflow_Tutorial/py_env/lib/python3.12/site-packages/airflow/example_dags/example_xcomargs.py took 0.071 seconds
[2025-03-17T14:48:00.060-0400] {processor.py:186} INFO - Started process (PID=33273) to work on /Users/nidhipatel/ApacheAirflow_Tutorial/py_env/lib/python3.12/site-packages/airflow/example_dags/example_xcomargs.py
[2025-03-17T14:48:00.061-0400] {processor.py:914} INFO - Processing file /Users/nidhipatel/ApacheAirflow_Tutorial/py_env/lib/python3.12/site-packages/airflow/example_dags/example_xcomargs.py for tasks to queue
[2025-03-17T14:48:00.061-0400] {logging_mixin.py:190} INFO - [2025-03-17T14:48:00.061-0400] {dagbag.py:588} INFO - Filling up the DagBag from /Users/nidhipatel/ApacheAirflow_Tutorial/py_env/lib/python3.12/site-packages/airflow/example_dags/example_xcomargs.py
[2025-03-17T14:48:00.076-0400] {processor.py:925} INFO - DAG(s) 'example_xcom_args', 'example_xcom_args_with_operators' retrieved from /Users/nidhipatel/ApacheAirflow_Tutorial/py_env/lib/python3.12/site-packages/airflow/example_dags/example_xcomargs.py
[2025-03-17T14:48:00.111-0400] {logging_mixin.py:190} INFO - [2025-03-17T14:48:00.111-0400] {dag.py:3239} INFO - Sync 2 DAGs
[2025-03-17T14:48:00.114-0400] {logging_mixin.py:190} INFO - [2025-03-17T14:48:00.114-0400] {dag.py:4180} INFO - Setting next_dagrun for example_xcom_args to None, run_after=None
[2025-03-17T14:48:00.115-0400] {logging_mixin.py:190} INFO - [2025-03-17T14:48:00.115-0400] {dag.py:4180} INFO - Setting next_dagrun for example_xcom_args_with_operators to None, run_after=None
[2025-03-17T14:48:00.121-0400] {processor.py:208} INFO - Processing /Users/nidhipatel/ApacheAirflow_Tutorial/py_env/lib/python3.12/site-packages/airflow/example_dags/example_xcomargs.py took 0.062 seconds
[2025-03-17T14:49:06.714-0400] {processor.py:186} INFO - Started process (PID=33381) to work on /Users/nidhipatel/ApacheAirflow_Tutorial/py_env/lib/python3.12/site-packages/airflow/example_dags/example_xcomargs.py
[2025-03-17T14:49:06.715-0400] {processor.py:914} INFO - Processing file /Users/nidhipatel/ApacheAirflow_Tutorial/py_env/lib/python3.12/site-packages/airflow/example_dags/example_xcomargs.py for tasks to queue
[2025-03-17T14:49:06.715-0400] {logging_mixin.py:190} INFO - [2025-03-17T14:49:06.715-0400] {dagbag.py:588} INFO - Filling up the DagBag from /Users/nidhipatel/ApacheAirflow_Tutorial/py_env/lib/python3.12/site-packages/airflow/example_dags/example_xcomargs.py
[2025-03-17T14:49:06.731-0400] {processor.py:925} INFO - DAG(s) 'example_xcom_args_with_operators', 'example_xcom_args' retrieved from /Users/nidhipatel/ApacheAirflow_Tutorial/py_env/lib/python3.12/site-packages/airflow/example_dags/example_xcomargs.py
[2025-03-17T14:49:06.769-0400] {logging_mixin.py:190} INFO - [2025-03-17T14:49:06.769-0400] {dag.py:3239} INFO - Sync 2 DAGs
[2025-03-17T14:49:06.773-0400] {logging_mixin.py:190} INFO - [2025-03-17T14:49:06.773-0400] {dag.py:4180} INFO - Setting next_dagrun for example_xcom_args to None, run_after=None
[2025-03-17T14:49:06.774-0400] {logging_mixin.py:190} INFO - [2025-03-17T14:49:06.774-0400] {dag.py:4180} INFO - Setting next_dagrun for example_xcom_args_with_operators to None, run_after=None
[2025-03-17T14:49:06.780-0400] {processor.py:208} INFO - Processing /Users/nidhipatel/ApacheAirflow_Tutorial/py_env/lib/python3.12/site-packages/airflow/example_dags/example_xcomargs.py took 0.067 seconds
[2025-03-17T14:50:11.427-0400] {processor.py:186} INFO - Started process (PID=33469) to work on /Users/nidhipatel/ApacheAirflow_Tutorial/py_env/lib/python3.12/site-packages/airflow/example_dags/example_xcomargs.py
[2025-03-17T14:50:11.428-0400] {processor.py:914} INFO - Processing file /Users/nidhipatel/ApacheAirflow_Tutorial/py_env/lib/python3.12/site-packages/airflow/example_dags/example_xcomargs.py for tasks to queue
[2025-03-17T14:50:11.429-0400] {logging_mixin.py:190} INFO - [2025-03-17T14:50:11.429-0400] {dagbag.py:588} INFO - Filling up the DagBag from /Users/nidhipatel/ApacheAirflow_Tutorial/py_env/lib/python3.12/site-packages/airflow/example_dags/example_xcomargs.py
[2025-03-17T14:50:11.445-0400] {processor.py:925} INFO - DAG(s) 'example_xcom_args', 'example_xcom_args_with_operators' retrieved from /Users/nidhipatel/ApacheAirflow_Tutorial/py_env/lib/python3.12/site-packages/airflow/example_dags/example_xcomargs.py
[2025-03-17T14:50:11.481-0400] {logging_mixin.py:190} INFO - [2025-03-17T14:50:11.481-0400] {dag.py:3239} INFO - Sync 2 DAGs
[2025-03-17T14:50:11.485-0400] {logging_mixin.py:190} INFO - [2025-03-17T14:50:11.485-0400] {dag.py:4180} INFO - Setting next_dagrun for example_xcom_args to None, run_after=None
[2025-03-17T14:50:11.486-0400] {logging_mixin.py:190} INFO - [2025-03-17T14:50:11.486-0400] {dag.py:4180} INFO - Setting next_dagrun for example_xcom_args_with_operators to None, run_after=None
[2025-03-17T14:50:11.491-0400] {processor.py:208} INFO - Processing /Users/nidhipatel/ApacheAirflow_Tutorial/py_env/lib/python3.12/site-packages/airflow/example_dags/example_xcomargs.py took 0.065 seconds
[2025-03-17T14:51:16.403-0400] {processor.py:186} INFO - Started process (PID=33612) to work on /Users/nidhipatel/ApacheAirflow_Tutorial/py_env/lib/python3.12/site-packages/airflow/example_dags/example_xcomargs.py
[2025-03-17T14:51:16.405-0400] {processor.py:914} INFO - Processing file /Users/nidhipatel/ApacheAirflow_Tutorial/py_env/lib/python3.12/site-packages/airflow/example_dags/example_xcomargs.py for tasks to queue
[2025-03-17T14:51:16.405-0400] {logging_mixin.py:190} INFO - [2025-03-17T14:51:16.405-0400] {dagbag.py:588} INFO - Filling up the DagBag from /Users/nidhipatel/ApacheAirflow_Tutorial/py_env/lib/python3.12/site-packages/airflow/example_dags/example_xcomargs.py
[2025-03-17T14:51:16.423-0400] {processor.py:925} INFO - DAG(s) 'example_xcom_args', 'example_xcom_args_with_operators' retrieved from /Users/nidhipatel/ApacheAirflow_Tutorial/py_env/lib/python3.12/site-packages/airflow/example_dags/example_xcomargs.py
[2025-03-17T14:51:16.460-0400] {logging_mixin.py:190} INFO - [2025-03-17T14:51:16.460-0400] {dag.py:3239} INFO - Sync 2 DAGs
[2025-03-17T14:51:16.464-0400] {logging_mixin.py:190} INFO - [2025-03-17T14:51:16.464-0400] {dag.py:4180} INFO - Setting next_dagrun for example_xcom_args to None, run_after=None
[2025-03-17T14:51:16.466-0400] {logging_mixin.py:190} INFO - [2025-03-17T14:51:16.466-0400] {dag.py:4180} INFO - Setting next_dagrun for example_xcom_args_with_operators to None, run_after=None
[2025-03-17T14:51:16.472-0400] {processor.py:208} INFO - Processing /Users/nidhipatel/ApacheAirflow_Tutorial/py_env/lib/python3.12/site-packages/airflow/example_dags/example_xcomargs.py took 0.070 seconds
[2025-03-17T14:52:23.817-0400] {processor.py:186} INFO - Started process (PID=33854) to work on /Users/nidhipatel/ApacheAirflow_Tutorial/py_env/lib/python3.12/site-packages/airflow/example_dags/example_xcomargs.py
[2025-03-17T14:52:23.818-0400] {processor.py:914} INFO - Processing file /Users/nidhipatel/ApacheAirflow_Tutorial/py_env/lib/python3.12/site-packages/airflow/example_dags/example_xcomargs.py for tasks to queue
[2025-03-17T14:52:23.819-0400] {logging_mixin.py:190} INFO - [2025-03-17T14:52:23.819-0400] {dagbag.py:588} INFO - Filling up the DagBag from /Users/nidhipatel/ApacheAirflow_Tutorial/py_env/lib/python3.12/site-packages/airflow/example_dags/example_xcomargs.py
[2025-03-17T14:52:23.835-0400] {processor.py:925} INFO - DAG(s) 'example_xcom_args', 'example_xcom_args_with_operators' retrieved from /Users/nidhipatel/ApacheAirflow_Tutorial/py_env/lib/python3.12/site-packages/airflow/example_dags/example_xcomargs.py
[2025-03-17T14:52:23.873-0400] {logging_mixin.py:190} INFO - [2025-03-17T14:52:23.873-0400] {dag.py:3239} INFO - Sync 2 DAGs
[2025-03-17T14:52:23.877-0400] {logging_mixin.py:190} INFO - [2025-03-17T14:52:23.877-0400] {dag.py:4180} INFO - Setting next_dagrun for example_xcom_args to None, run_after=None
[2025-03-17T14:52:23.878-0400] {logging_mixin.py:190} INFO - [2025-03-17T14:52:23.878-0400] {dag.py:4180} INFO - Setting next_dagrun for example_xcom_args_with_operators to None, run_after=None
[2025-03-17T14:52:23.883-0400] {processor.py:208} INFO - Processing /Users/nidhipatel/ApacheAirflow_Tutorial/py_env/lib/python3.12/site-packages/airflow/example_dags/example_xcomargs.py took 0.068 seconds
