[2025-03-17T14:32:39.629-0400] {processor.py:186} INFO - Started process (PID=31979) to work on /Users/nidhipatel/ApacheAirflow_Tutorial/py_env/lib/python3.12/site-packages/airflow/example_dags/example_python_decorator.py
[2025-03-17T14:32:39.629-0400] {processor.py:914} INFO - Processing file /Users/nidhipatel/ApacheAirflow_Tutorial/py_env/lib/python3.12/site-packages/airflow/example_dags/example_python_decorator.py for tasks to queue
[2025-03-17T14:32:39.630-0400] {logging_mixin.py:190} INFO - [2025-03-17T14:32:39.630-0400] {dagbag.py:588} INFO - Filling up the DagBag from /Users/nidhipatel/ApacheAirflow_Tutorial/py_env/lib/python3.12/site-packages/airflow/example_dags/example_python_decorator.py
[2025-03-17T14:32:39.646-0400] {processor.py:925} INFO - DAG(s) 'example_python_decorator' retrieved from /Users/nidhipatel/ApacheAirflow_Tutorial/py_env/lib/python3.12/site-packages/airflow/example_dags/example_python_decorator.py
[2025-03-17T14:32:39.718-0400] {logging_mixin.py:190} INFO - [2025-03-17T14:32:39.718-0400] {override.py:1912} INFO - Created Permission View: can delete on DAG:example_python_decorator
[2025-03-17T14:32:39.721-0400] {logging_mixin.py:190} INFO - [2025-03-17T14:32:39.721-0400] {override.py:1912} INFO - Created Permission View: can edit on DAG:example_python_decorator
[2025-03-17T14:32:39.723-0400] {logging_mixin.py:190} INFO - [2025-03-17T14:32:39.723-0400] {override.py:1912} INFO - Created Permission View: can read on DAG:example_python_decorator
[2025-03-17T14:32:39.726-0400] {logging_mixin.py:190} INFO - [2025-03-17T14:32:39.726-0400] {override.py:1912} INFO - Created Permission View: can delete on DAG Run:example_python_decorator
[2025-03-17T14:32:39.728-0400] {logging_mixin.py:190} INFO - [2025-03-17T14:32:39.728-0400] {override.py:1912} INFO - Created Permission View: can create on DAG Run:example_python_decorator
[2025-03-17T14:32:39.730-0400] {logging_mixin.py:190} INFO - [2025-03-17T14:32:39.729-0400] {override.py:1912} INFO - Created Permission View: can read on DAG Run:example_python_decorator
[2025-03-17T14:32:39.731-0400] {logging_mixin.py:190} INFO - [2025-03-17T14:32:39.731-0400] {override.py:1912} INFO - Created Permission View: menu access on DAG Run:example_python_decorator
[2025-03-17T14:32:39.732-0400] {logging_mixin.py:190} INFO - [2025-03-17T14:32:39.731-0400] {dag.py:3239} INFO - Sync 1 DAGs
[2025-03-17T14:32:39.735-0400] {logging_mixin.py:190} INFO - [2025-03-17T14:32:39.735-0400] {dag.py:3262} INFO - Creating ORM DAG for example_python_decorator
[2025-03-17T14:32:39.736-0400] {logging_mixin.py:190} INFO - [2025-03-17T14:32:39.736-0400] {dag.py:4180} INFO - Setting next_dagrun for example_python_decorator to None, run_after=None
[2025-03-17T14:32:39.741-0400] {processor.py:208} INFO - Processing /Users/nidhipatel/ApacheAirflow_Tutorial/py_env/lib/python3.12/site-packages/airflow/example_dags/example_python_decorator.py took 0.114 seconds
[2025-03-17T14:34:19.120-0400] {processor.py:186} INFO - Started process (PID=32143) to work on /Users/nidhipatel/ApacheAirflow_Tutorial/py_env/lib/python3.12/site-packages/airflow/example_dags/example_python_decorator.py
[2025-03-17T14:34:19.120-0400] {processor.py:914} INFO - Processing file /Users/nidhipatel/ApacheAirflow_Tutorial/py_env/lib/python3.12/site-packages/airflow/example_dags/example_python_decorator.py for tasks to queue
[2025-03-17T14:34:19.121-0400] {logging_mixin.py:190} INFO - [2025-03-17T14:34:19.121-0400] {dagbag.py:588} INFO - Filling up the DagBag from /Users/nidhipatel/ApacheAirflow_Tutorial/py_env/lib/python3.12/site-packages/airflow/example_dags/example_python_decorator.py
[2025-03-17T14:34:19.139-0400] {processor.py:925} INFO - DAG(s) 'example_python_decorator' retrieved from /Users/nidhipatel/ApacheAirflow_Tutorial/py_env/lib/python3.12/site-packages/airflow/example_dags/example_python_decorator.py
[2025-03-17T14:34:19.211-0400] {logging_mixin.py:190} INFO - [2025-03-17T14:34:19.211-0400] {dag.py:3239} INFO - Sync 1 DAGs
[2025-03-17T14:34:19.216-0400] {logging_mixin.py:190} INFO - [2025-03-17T14:34:19.216-0400] {dag.py:4180} INFO - Setting next_dagrun for example_python_decorator to None, run_after=None
[2025-03-17T14:34:19.224-0400] {processor.py:208} INFO - Processing /Users/nidhipatel/ApacheAirflow_Tutorial/py_env/lib/python3.12/site-packages/airflow/example_dags/example_python_decorator.py took 0.106 seconds
[2025-03-17T14:36:31.899-0400] {processor.py:186} INFO - Started process (PID=32306) to work on /Users/nidhipatel/ApacheAirflow_Tutorial/py_env/lib/python3.12/site-packages/airflow/example_dags/example_python_decorator.py
[2025-03-17T14:36:31.900-0400] {processor.py:914} INFO - Processing file /Users/nidhipatel/ApacheAirflow_Tutorial/py_env/lib/python3.12/site-packages/airflow/example_dags/example_python_decorator.py for tasks to queue
[2025-03-17T14:36:31.900-0400] {logging_mixin.py:190} INFO - [2025-03-17T14:36:31.900-0400] {dagbag.py:588} INFO - Filling up the DagBag from /Users/nidhipatel/ApacheAirflow_Tutorial/py_env/lib/python3.12/site-packages/airflow/example_dags/example_python_decorator.py
[2025-03-17T14:36:31.917-0400] {processor.py:925} INFO - DAG(s) 'example_python_decorator' retrieved from /Users/nidhipatel/ApacheAirflow_Tutorial/py_env/lib/python3.12/site-packages/airflow/example_dags/example_python_decorator.py
[2025-03-17T14:36:31.983-0400] {logging_mixin.py:190} INFO - [2025-03-17T14:36:31.983-0400] {dag.py:3239} INFO - Sync 1 DAGs
[2025-03-17T14:36:31.987-0400] {logging_mixin.py:190} INFO - [2025-03-17T14:36:31.987-0400] {dag.py:4180} INFO - Setting next_dagrun for example_python_decorator to None, run_after=None
[2025-03-17T14:36:31.993-0400] {processor.py:208} INFO - Processing /Users/nidhipatel/ApacheAirflow_Tutorial/py_env/lib/python3.12/site-packages/airflow/example_dags/example_python_decorator.py took 0.096 seconds
[2025-03-17T14:38:35.521-0400] {processor.py:186} INFO - Started process (PID=32492) to work on /Users/nidhipatel/ApacheAirflow_Tutorial/py_env/lib/python3.12/site-packages/airflow/example_dags/example_python_decorator.py
[2025-03-17T14:38:35.522-0400] {processor.py:914} INFO - Processing file /Users/nidhipatel/ApacheAirflow_Tutorial/py_env/lib/python3.12/site-packages/airflow/example_dags/example_python_decorator.py for tasks to queue
[2025-03-17T14:38:35.522-0400] {logging_mixin.py:190} INFO - [2025-03-17T14:38:35.522-0400] {dagbag.py:588} INFO - Filling up the DagBag from /Users/nidhipatel/ApacheAirflow_Tutorial/py_env/lib/python3.12/site-packages/airflow/example_dags/example_python_decorator.py
[2025-03-17T14:38:35.538-0400] {processor.py:925} INFO - DAG(s) 'example_python_decorator' retrieved from /Users/nidhipatel/ApacheAirflow_Tutorial/py_env/lib/python3.12/site-packages/airflow/example_dags/example_python_decorator.py
[2025-03-17T14:38:35.601-0400] {logging_mixin.py:190} INFO - [2025-03-17T14:38:35.601-0400] {dag.py:3239} INFO - Sync 1 DAGs
[2025-03-17T14:38:35.604-0400] {logging_mixin.py:190} INFO - [2025-03-17T14:38:35.604-0400] {dag.py:4180} INFO - Setting next_dagrun for example_python_decorator to None, run_after=None
[2025-03-17T14:38:35.611-0400] {processor.py:208} INFO - Processing /Users/nidhipatel/ApacheAirflow_Tutorial/py_env/lib/python3.12/site-packages/airflow/example_dags/example_python_decorator.py took 0.091 seconds
[2025-03-17T14:40:41.613-0400] {processor.py:186} INFO - Started process (PID=32690) to work on /Users/nidhipatel/ApacheAirflow_Tutorial/py_env/lib/python3.12/site-packages/airflow/example_dags/example_python_decorator.py
[2025-03-17T14:40:41.614-0400] {processor.py:914} INFO - Processing file /Users/nidhipatel/ApacheAirflow_Tutorial/py_env/lib/python3.12/site-packages/airflow/example_dags/example_python_decorator.py for tasks to queue
[2025-03-17T14:40:41.614-0400] {logging_mixin.py:190} INFO - [2025-03-17T14:40:41.614-0400] {dagbag.py:588} INFO - Filling up the DagBag from /Users/nidhipatel/ApacheAirflow_Tutorial/py_env/lib/python3.12/site-packages/airflow/example_dags/example_python_decorator.py
[2025-03-17T14:40:41.630-0400] {processor.py:925} INFO - DAG(s) 'example_python_decorator' retrieved from /Users/nidhipatel/ApacheAirflow_Tutorial/py_env/lib/python3.12/site-packages/airflow/example_dags/example_python_decorator.py
[2025-03-17T14:40:41.699-0400] {logging_mixin.py:190} INFO - [2025-03-17T14:40:41.699-0400] {dag.py:3239} INFO - Sync 1 DAGs
[2025-03-17T14:40:41.703-0400] {logging_mixin.py:190} INFO - [2025-03-17T14:40:41.703-0400] {dag.py:4180} INFO - Setting next_dagrun for example_python_decorator to None, run_after=None
[2025-03-17T14:40:41.709-0400] {processor.py:208} INFO - Processing /Users/nidhipatel/ApacheAirflow_Tutorial/py_env/lib/python3.12/site-packages/airflow/example_dags/example_python_decorator.py took 0.097 seconds
[2025-03-17T14:42:48.327-0400] {processor.py:186} INFO - Started process (PID=32871) to work on /Users/nidhipatel/ApacheAirflow_Tutorial/py_env/lib/python3.12/site-packages/airflow/example_dags/example_python_decorator.py
[2025-03-17T14:42:48.328-0400] {processor.py:914} INFO - Processing file /Users/nidhipatel/ApacheAirflow_Tutorial/py_env/lib/python3.12/site-packages/airflow/example_dags/example_python_decorator.py for tasks to queue
[2025-03-17T14:42:48.329-0400] {logging_mixin.py:190} INFO - [2025-03-17T14:42:48.329-0400] {dagbag.py:588} INFO - Filling up the DagBag from /Users/nidhipatel/ApacheAirflow_Tutorial/py_env/lib/python3.12/site-packages/airflow/example_dags/example_python_decorator.py
[2025-03-17T14:42:48.347-0400] {processor.py:925} INFO - DAG(s) 'example_python_decorator' retrieved from /Users/nidhipatel/ApacheAirflow_Tutorial/py_env/lib/python3.12/site-packages/airflow/example_dags/example_python_decorator.py
[2025-03-17T14:42:48.441-0400] {logging_mixin.py:190} INFO - [2025-03-17T14:42:48.441-0400] {dag.py:3239} INFO - Sync 1 DAGs
[2025-03-17T14:42:48.444-0400] {logging_mixin.py:190} INFO - [2025-03-17T14:42:48.444-0400] {dag.py:4180} INFO - Setting next_dagrun for example_python_decorator to None, run_after=None
[2025-03-17T14:42:48.452-0400] {processor.py:208} INFO - Processing /Users/nidhipatel/ApacheAirflow_Tutorial/py_env/lib/python3.12/site-packages/airflow/example_dags/example_python_decorator.py took 0.126 seconds
[2025-03-17T14:45:03.847-0400] {processor.py:186} INFO - Started process (PID=33050) to work on /Users/nidhipatel/ApacheAirflow_Tutorial/py_env/lib/python3.12/site-packages/airflow/example_dags/example_python_decorator.py
[2025-03-17T14:45:03.847-0400] {processor.py:914} INFO - Processing file /Users/nidhipatel/ApacheAirflow_Tutorial/py_env/lib/python3.12/site-packages/airflow/example_dags/example_python_decorator.py for tasks to queue
[2025-03-17T14:45:03.848-0400] {logging_mixin.py:190} INFO - [2025-03-17T14:45:03.848-0400] {dagbag.py:588} INFO - Filling up the DagBag from /Users/nidhipatel/ApacheAirflow_Tutorial/py_env/lib/python3.12/site-packages/airflow/example_dags/example_python_decorator.py
[2025-03-17T14:45:03.863-0400] {processor.py:925} INFO - DAG(s) 'example_python_decorator' retrieved from /Users/nidhipatel/ApacheAirflow_Tutorial/py_env/lib/python3.12/site-packages/airflow/example_dags/example_python_decorator.py
[2025-03-17T14:45:03.929-0400] {logging_mixin.py:190} INFO - [2025-03-17T14:45:03.929-0400] {dag.py:3239} INFO - Sync 1 DAGs
[2025-03-17T14:45:03.932-0400] {logging_mixin.py:190} INFO - [2025-03-17T14:45:03.932-0400] {dag.py:4180} INFO - Setting next_dagrun for example_python_decorator to None, run_after=None
[2025-03-17T14:45:03.940-0400] {processor.py:208} INFO - Processing /Users/nidhipatel/ApacheAirflow_Tutorial/py_env/lib/python3.12/site-packages/airflow/example_dags/example_python_decorator.py took 0.095 seconds
[2025-03-17T14:47:23.373-0400] {processor.py:186} INFO - Started process (PID=33229) to work on /Users/nidhipatel/ApacheAirflow_Tutorial/py_env/lib/python3.12/site-packages/airflow/example_dags/example_python_decorator.py
[2025-03-17T14:47:23.374-0400] {processor.py:914} INFO - Processing file /Users/nidhipatel/ApacheAirflow_Tutorial/py_env/lib/python3.12/site-packages/airflow/example_dags/example_python_decorator.py for tasks to queue
[2025-03-17T14:47:23.374-0400] {logging_mixin.py:190} INFO - [2025-03-17T14:47:23.374-0400] {dagbag.py:588} INFO - Filling up the DagBag from /Users/nidhipatel/ApacheAirflow_Tutorial/py_env/lib/python3.12/site-packages/airflow/example_dags/example_python_decorator.py
[2025-03-17T14:47:23.389-0400] {processor.py:925} INFO - DAG(s) 'example_python_decorator' retrieved from /Users/nidhipatel/ApacheAirflow_Tutorial/py_env/lib/python3.12/site-packages/airflow/example_dags/example_python_decorator.py
[2025-03-17T14:47:23.453-0400] {logging_mixin.py:190} INFO - [2025-03-17T14:47:23.453-0400] {dag.py:3239} INFO - Sync 1 DAGs
[2025-03-17T14:47:23.457-0400] {logging_mixin.py:190} INFO - [2025-03-17T14:47:23.457-0400] {dag.py:4180} INFO - Setting next_dagrun for example_python_decorator to None, run_after=None
[2025-03-17T14:47:23.465-0400] {processor.py:208} INFO - Processing /Users/nidhipatel/ApacheAirflow_Tutorial/py_env/lib/python3.12/site-packages/airflow/example_dags/example_python_decorator.py took 0.093 seconds
[2025-03-17T14:49:34.978-0400] {processor.py:186} INFO - Started process (PID=33425) to work on /Users/nidhipatel/ApacheAirflow_Tutorial/py_env/lib/python3.12/site-packages/airflow/example_dags/example_python_decorator.py
[2025-03-17T14:49:34.979-0400] {processor.py:914} INFO - Processing file /Users/nidhipatel/ApacheAirflow_Tutorial/py_env/lib/python3.12/site-packages/airflow/example_dags/example_python_decorator.py for tasks to queue
[2025-03-17T14:49:34.979-0400] {logging_mixin.py:190} INFO - [2025-03-17T14:49:34.979-0400] {dagbag.py:588} INFO - Filling up the DagBag from /Users/nidhipatel/ApacheAirflow_Tutorial/py_env/lib/python3.12/site-packages/airflow/example_dags/example_python_decorator.py
[2025-03-17T14:49:34.997-0400] {processor.py:925} INFO - DAG(s) 'example_python_decorator' retrieved from /Users/nidhipatel/ApacheAirflow_Tutorial/py_env/lib/python3.12/site-packages/airflow/example_dags/example_python_decorator.py
[2025-03-17T14:49:35.066-0400] {logging_mixin.py:190} INFO - [2025-03-17T14:49:35.065-0400] {dag.py:3239} INFO - Sync 1 DAGs
[2025-03-17T14:49:35.069-0400] {logging_mixin.py:190} INFO - [2025-03-17T14:49:35.069-0400] {dag.py:4180} INFO - Setting next_dagrun for example_python_decorator to None, run_after=None
[2025-03-17T14:49:35.076-0400] {processor.py:208} INFO - Processing /Users/nidhipatel/ApacheAirflow_Tutorial/py_env/lib/python3.12/site-packages/airflow/example_dags/example_python_decorator.py took 0.100 seconds
[2025-03-17T14:51:45.234-0400] {processor.py:186} INFO - Started process (PID=33693) to work on /Users/nidhipatel/ApacheAirflow_Tutorial/py_env/lib/python3.12/site-packages/airflow/example_dags/example_python_decorator.py
[2025-03-17T14:51:45.235-0400] {processor.py:914} INFO - Processing file /Users/nidhipatel/ApacheAirflow_Tutorial/py_env/lib/python3.12/site-packages/airflow/example_dags/example_python_decorator.py for tasks to queue
[2025-03-17T14:51:45.236-0400] {logging_mixin.py:190} INFO - [2025-03-17T14:51:45.236-0400] {dagbag.py:588} INFO - Filling up the DagBag from /Users/nidhipatel/ApacheAirflow_Tutorial/py_env/lib/python3.12/site-packages/airflow/example_dags/example_python_decorator.py
[2025-03-17T14:51:45.254-0400] {processor.py:925} INFO - DAG(s) 'example_python_decorator' retrieved from /Users/nidhipatel/ApacheAirflow_Tutorial/py_env/lib/python3.12/site-packages/airflow/example_dags/example_python_decorator.py
[2025-03-17T14:51:45.328-0400] {logging_mixin.py:190} INFO - [2025-03-17T14:51:45.328-0400] {dag.py:3239} INFO - Sync 1 DAGs
[2025-03-17T14:51:45.333-0400] {logging_mixin.py:190} INFO - [2025-03-17T14:51:45.332-0400] {dag.py:4180} INFO - Setting next_dagrun for example_python_decorator to None, run_after=None
[2025-03-17T14:51:45.340-0400] {processor.py:208} INFO - Processing /Users/nidhipatel/ApacheAirflow_Tutorial/py_env/lib/python3.12/site-packages/airflow/example_dags/example_python_decorator.py took 0.107 seconds
