[2025-03-17T14:32:50.593-0400] {processor.py:186} INFO - Started process (PID=31993) to work on /Users/nidhipatel/ApacheAirflow_Tutorial/py_env/lib/python3.12/site-packages/airflow/example_dags/example_nested_branch_dag.py
[2025-03-17T14:32:50.594-0400] {processor.py:914} INFO - Processing file /Users/nidhipatel/ApacheAirflow_Tutorial/py_env/lib/python3.12/site-packages/airflow/example_dags/example_nested_branch_dag.py for tasks to queue
[2025-03-17T14:32:50.594-0400] {logging_mixin.py:190} INFO - [2025-03-17T14:32:50.594-0400] {dagbag.py:588} INFO - Filling up the DagBag from /Users/nidhipatel/ApacheAirflow_Tutorial/py_env/lib/python3.12/site-packages/airflow/example_dags/example_nested_branch_dag.py
[2025-03-17T14:32:50.610-0400] {processor.py:925} INFO - DAG(s) 'example_nested_branch_dag' retrieved from /Users/nidhipatel/ApacheAirflow_Tutorial/py_env/lib/python3.12/site-packages/airflow/example_dags/example_nested_branch_dag.py
[2025-03-17T14:32:50.678-0400] {logging_mixin.py:190} INFO - [2025-03-17T14:32:50.678-0400] {override.py:1912} INFO - Created Permission View: can delete on DAG:example_nested_branch_dag
[2025-03-17T14:32:50.682-0400] {logging_mixin.py:190} INFO - [2025-03-17T14:32:50.682-0400] {override.py:1912} INFO - Created Permission View: can read on DAG:example_nested_branch_dag
[2025-03-17T14:32:50.684-0400] {logging_mixin.py:190} INFO - [2025-03-17T14:32:50.684-0400] {override.py:1912} INFO - Created Permission View: can edit on DAG:example_nested_branch_dag
[2025-03-17T14:32:50.687-0400] {logging_mixin.py:190} INFO - [2025-03-17T14:32:50.687-0400] {override.py:1912} INFO - Created Permission View: menu access on DAG Run:example_nested_branch_dag
[2025-03-17T14:32:50.689-0400] {logging_mixin.py:190} INFO - [2025-03-17T14:32:50.689-0400] {override.py:1912} INFO - Created Permission View: can delete on DAG Run:example_nested_branch_dag
[2025-03-17T14:32:50.691-0400] {logging_mixin.py:190} INFO - [2025-03-17T14:32:50.691-0400] {override.py:1912} INFO - Created Permission View: can read on DAG Run:example_nested_branch_dag
[2025-03-17T14:32:50.693-0400] {logging_mixin.py:190} INFO - [2025-03-17T14:32:50.693-0400] {override.py:1912} INFO - Created Permission View: can create on DAG Run:example_nested_branch_dag
[2025-03-17T14:32:50.693-0400] {logging_mixin.py:190} INFO - [2025-03-17T14:32:50.693-0400] {dag.py:3239} INFO - Sync 1 DAGs
[2025-03-17T14:32:50.697-0400] {logging_mixin.py:190} INFO - [2025-03-17T14:32:50.697-0400] {dag.py:3262} INFO - Creating ORM DAG for example_nested_branch_dag
[2025-03-17T14:32:50.705-0400] {logging_mixin.py:190} INFO - [2025-03-17T14:32:50.704-0400] {dag.py:4180} INFO - Setting next_dagrun for example_nested_branch_dag to 2025-03-16 00:00:00+00:00, run_after=2025-03-17 00:00:00+00:00
[2025-03-17T14:32:50.713-0400] {processor.py:208} INFO - Processing /Users/nidhipatel/ApacheAirflow_Tutorial/py_env/lib/python3.12/site-packages/airflow/example_dags/example_nested_branch_dag.py took 0.121 seconds
[2025-03-17T14:34:28.961-0400] {processor.py:186} INFO - Started process (PID=32153) to work on /Users/nidhipatel/ApacheAirflow_Tutorial/py_env/lib/python3.12/site-packages/airflow/example_dags/example_nested_branch_dag.py
[2025-03-17T14:34:28.962-0400] {processor.py:914} INFO - Processing file /Users/nidhipatel/ApacheAirflow_Tutorial/py_env/lib/python3.12/site-packages/airflow/example_dags/example_nested_branch_dag.py for tasks to queue
[2025-03-17T14:34:28.962-0400] {logging_mixin.py:190} INFO - [2025-03-17T14:34:28.962-0400] {dagbag.py:588} INFO - Filling up the DagBag from /Users/nidhipatel/ApacheAirflow_Tutorial/py_env/lib/python3.12/site-packages/airflow/example_dags/example_nested_branch_dag.py
[2025-03-17T14:34:28.978-0400] {processor.py:925} INFO - DAG(s) 'example_nested_branch_dag' retrieved from /Users/nidhipatel/ApacheAirflow_Tutorial/py_env/lib/python3.12/site-packages/airflow/example_dags/example_nested_branch_dag.py
[2025-03-17T14:34:29.015-0400] {logging_mixin.py:190} INFO - [2025-03-17T14:34:29.015-0400] {dag.py:3239} INFO - Sync 1 DAGs
[2025-03-17T14:34:29.023-0400] {logging_mixin.py:190} INFO - [2025-03-17T14:34:29.023-0400] {dag.py:4180} INFO - Setting next_dagrun for example_nested_branch_dag to 2025-03-16 00:00:00+00:00, run_after=2025-03-17 00:00:00+00:00
[2025-03-17T14:34:29.029-0400] {processor.py:208} INFO - Processing /Users/nidhipatel/ApacheAirflow_Tutorial/py_env/lib/python3.12/site-packages/airflow/example_dags/example_nested_branch_dag.py took 0.069 seconds
[2025-03-17T14:36:40.791-0400] {processor.py:186} INFO - Started process (PID=32316) to work on /Users/nidhipatel/ApacheAirflow_Tutorial/py_env/lib/python3.12/site-packages/airflow/example_dags/example_nested_branch_dag.py
[2025-03-17T14:36:40.792-0400] {processor.py:914} INFO - Processing file /Users/nidhipatel/ApacheAirflow_Tutorial/py_env/lib/python3.12/site-packages/airflow/example_dags/example_nested_branch_dag.py for tasks to queue
[2025-03-17T14:36:40.792-0400] {logging_mixin.py:190} INFO - [2025-03-17T14:36:40.792-0400] {dagbag.py:588} INFO - Filling up the DagBag from /Users/nidhipatel/ApacheAirflow_Tutorial/py_env/lib/python3.12/site-packages/airflow/example_dags/example_nested_branch_dag.py
[2025-03-17T14:36:40.807-0400] {processor.py:925} INFO - DAG(s) 'example_nested_branch_dag' retrieved from /Users/nidhipatel/ApacheAirflow_Tutorial/py_env/lib/python3.12/site-packages/airflow/example_dags/example_nested_branch_dag.py
[2025-03-17T14:36:40.841-0400] {logging_mixin.py:190} INFO - [2025-03-17T14:36:40.841-0400] {dag.py:3239} INFO - Sync 1 DAGs
[2025-03-17T14:36:40.849-0400] {logging_mixin.py:190} INFO - [2025-03-17T14:36:40.849-0400] {dag.py:4180} INFO - Setting next_dagrun for example_nested_branch_dag to 2025-03-16 00:00:00+00:00, run_after=2025-03-17 00:00:00+00:00
[2025-03-17T14:36:40.855-0400] {processor.py:208} INFO - Processing /Users/nidhipatel/ApacheAirflow_Tutorial/py_env/lib/python3.12/site-packages/airflow/example_dags/example_nested_branch_dag.py took 0.065 seconds
[2025-03-17T14:38:43.824-0400] {processor.py:186} INFO - Started process (PID=32502) to work on /Users/nidhipatel/ApacheAirflow_Tutorial/py_env/lib/python3.12/site-packages/airflow/example_dags/example_nested_branch_dag.py
[2025-03-17T14:38:43.825-0400] {processor.py:914} INFO - Processing file /Users/nidhipatel/ApacheAirflow_Tutorial/py_env/lib/python3.12/site-packages/airflow/example_dags/example_nested_branch_dag.py for tasks to queue
[2025-03-17T14:38:43.825-0400] {logging_mixin.py:190} INFO - [2025-03-17T14:38:43.825-0400] {dagbag.py:588} INFO - Filling up the DagBag from /Users/nidhipatel/ApacheAirflow_Tutorial/py_env/lib/python3.12/site-packages/airflow/example_dags/example_nested_branch_dag.py
[2025-03-17T14:38:43.840-0400] {processor.py:925} INFO - DAG(s) 'example_nested_branch_dag' retrieved from /Users/nidhipatel/ApacheAirflow_Tutorial/py_env/lib/python3.12/site-packages/airflow/example_dags/example_nested_branch_dag.py
[2025-03-17T14:38:43.876-0400] {logging_mixin.py:190} INFO - [2025-03-17T14:38:43.876-0400] {dag.py:3239} INFO - Sync 1 DAGs
[2025-03-17T14:38:43.884-0400] {logging_mixin.py:190} INFO - [2025-03-17T14:38:43.883-0400] {dag.py:4180} INFO - Setting next_dagrun for example_nested_branch_dag to 2025-03-16 00:00:00+00:00, run_after=2025-03-17 00:00:00+00:00
[2025-03-17T14:38:43.890-0400] {processor.py:208} INFO - Processing /Users/nidhipatel/ApacheAirflow_Tutorial/py_env/lib/python3.12/site-packages/airflow/example_dags/example_nested_branch_dag.py took 0.067 seconds
[2025-03-17T14:40:49.653-0400] {processor.py:186} INFO - Started process (PID=32700) to work on /Users/nidhipatel/ApacheAirflow_Tutorial/py_env/lib/python3.12/site-packages/airflow/example_dags/example_nested_branch_dag.py
[2025-03-17T14:40:49.654-0400] {processor.py:914} INFO - Processing file /Users/nidhipatel/ApacheAirflow_Tutorial/py_env/lib/python3.12/site-packages/airflow/example_dags/example_nested_branch_dag.py for tasks to queue
[2025-03-17T14:40:49.655-0400] {logging_mixin.py:190} INFO - [2025-03-17T14:40:49.655-0400] {dagbag.py:588} INFO - Filling up the DagBag from /Users/nidhipatel/ApacheAirflow_Tutorial/py_env/lib/python3.12/site-packages/airflow/example_dags/example_nested_branch_dag.py
[2025-03-17T14:40:49.670-0400] {processor.py:925} INFO - DAG(s) 'example_nested_branch_dag' retrieved from /Users/nidhipatel/ApacheAirflow_Tutorial/py_env/lib/python3.12/site-packages/airflow/example_dags/example_nested_branch_dag.py
[2025-03-17T14:40:49.704-0400] {logging_mixin.py:190} INFO - [2025-03-17T14:40:49.704-0400] {dag.py:3239} INFO - Sync 1 DAGs
[2025-03-17T14:40:49.711-0400] {logging_mixin.py:190} INFO - [2025-03-17T14:40:49.711-0400] {dag.py:4180} INFO - Setting next_dagrun for example_nested_branch_dag to 2025-03-16 00:00:00+00:00, run_after=2025-03-17 00:00:00+00:00
[2025-03-17T14:40:49.717-0400] {processor.py:208} INFO - Processing /Users/nidhipatel/ApacheAirflow_Tutorial/py_env/lib/python3.12/site-packages/airflow/example_dags/example_nested_branch_dag.py took 0.065 seconds
[2025-03-17T14:42:56.961-0400] {processor.py:186} INFO - Started process (PID=32881) to work on /Users/nidhipatel/ApacheAirflow_Tutorial/py_env/lib/python3.12/site-packages/airflow/example_dags/example_nested_branch_dag.py
[2025-03-17T14:42:56.961-0400] {processor.py:914} INFO - Processing file /Users/nidhipatel/ApacheAirflow_Tutorial/py_env/lib/python3.12/site-packages/airflow/example_dags/example_nested_branch_dag.py for tasks to queue
[2025-03-17T14:42:56.962-0400] {logging_mixin.py:190} INFO - [2025-03-17T14:42:56.962-0400] {dagbag.py:588} INFO - Filling up the DagBag from /Users/nidhipatel/ApacheAirflow_Tutorial/py_env/lib/python3.12/site-packages/airflow/example_dags/example_nested_branch_dag.py
[2025-03-17T14:42:56.977-0400] {processor.py:925} INFO - DAG(s) 'example_nested_branch_dag' retrieved from /Users/nidhipatel/ApacheAirflow_Tutorial/py_env/lib/python3.12/site-packages/airflow/example_dags/example_nested_branch_dag.py
[2025-03-17T14:42:57.010-0400] {logging_mixin.py:190} INFO - [2025-03-17T14:42:57.010-0400] {dag.py:3239} INFO - Sync 1 DAGs
[2025-03-17T14:42:57.016-0400] {logging_mixin.py:190} INFO - [2025-03-17T14:42:57.016-0400] {dag.py:4180} INFO - Setting next_dagrun for example_nested_branch_dag to 2025-03-16 00:00:00+00:00, run_after=2025-03-17 00:00:00+00:00
[2025-03-17T14:42:57.022-0400] {processor.py:208} INFO - Processing /Users/nidhipatel/ApacheAirflow_Tutorial/py_env/lib/python3.12/site-packages/airflow/example_dags/example_nested_branch_dag.py took 0.062 seconds
[2025-03-17T14:45:12.877-0400] {processor.py:186} INFO - Started process (PID=33063) to work on /Users/nidhipatel/ApacheAirflow_Tutorial/py_env/lib/python3.12/site-packages/airflow/example_dags/example_nested_branch_dag.py
[2025-03-17T14:45:12.878-0400] {processor.py:914} INFO - Processing file /Users/nidhipatel/ApacheAirflow_Tutorial/py_env/lib/python3.12/site-packages/airflow/example_dags/example_nested_branch_dag.py for tasks to queue
[2025-03-17T14:45:12.879-0400] {logging_mixin.py:190} INFO - [2025-03-17T14:45:12.879-0400] {dagbag.py:588} INFO - Filling up the DagBag from /Users/nidhipatel/ApacheAirflow_Tutorial/py_env/lib/python3.12/site-packages/airflow/example_dags/example_nested_branch_dag.py
[2025-03-17T14:45:12.895-0400] {processor.py:925} INFO - DAG(s) 'example_nested_branch_dag' retrieved from /Users/nidhipatel/ApacheAirflow_Tutorial/py_env/lib/python3.12/site-packages/airflow/example_dags/example_nested_branch_dag.py
[2025-03-17T14:45:12.929-0400] {logging_mixin.py:190} INFO - [2025-03-17T14:45:12.929-0400] {dag.py:3239} INFO - Sync 1 DAGs
[2025-03-17T14:45:12.937-0400] {logging_mixin.py:190} INFO - [2025-03-17T14:45:12.936-0400] {dag.py:4180} INFO - Setting next_dagrun for example_nested_branch_dag to 2025-03-16 00:00:00+00:00, run_after=2025-03-17 00:00:00+00:00
[2025-03-17T14:45:12.943-0400] {processor.py:208} INFO - Processing /Users/nidhipatel/ApacheAirflow_Tutorial/py_env/lib/python3.12/site-packages/airflow/example_dags/example_nested_branch_dag.py took 0.068 seconds
[2025-03-17T14:47:32.167-0400] {processor.py:186} INFO - Started process (PID=33239) to work on /Users/nidhipatel/ApacheAirflow_Tutorial/py_env/lib/python3.12/site-packages/airflow/example_dags/example_nested_branch_dag.py
[2025-03-17T14:47:32.168-0400] {processor.py:914} INFO - Processing file /Users/nidhipatel/ApacheAirflow_Tutorial/py_env/lib/python3.12/site-packages/airflow/example_dags/example_nested_branch_dag.py for tasks to queue
[2025-03-17T14:47:32.168-0400] {logging_mixin.py:190} INFO - [2025-03-17T14:47:32.168-0400] {dagbag.py:588} INFO - Filling up the DagBag from /Users/nidhipatel/ApacheAirflow_Tutorial/py_env/lib/python3.12/site-packages/airflow/example_dags/example_nested_branch_dag.py
[2025-03-17T14:47:32.183-0400] {processor.py:925} INFO - DAG(s) 'example_nested_branch_dag' retrieved from /Users/nidhipatel/ApacheAirflow_Tutorial/py_env/lib/python3.12/site-packages/airflow/example_dags/example_nested_branch_dag.py
[2025-03-17T14:47:32.219-0400] {logging_mixin.py:190} INFO - [2025-03-17T14:47:32.219-0400] {dag.py:3239} INFO - Sync 1 DAGs
[2025-03-17T14:47:32.225-0400] {logging_mixin.py:190} INFO - [2025-03-17T14:47:32.225-0400] {dag.py:4180} INFO - Setting next_dagrun for example_nested_branch_dag to 2025-03-16 00:00:00+00:00, run_after=2025-03-17 00:00:00+00:00
[2025-03-17T14:47:32.231-0400] {processor.py:208} INFO - Processing /Users/nidhipatel/ApacheAirflow_Tutorial/py_env/lib/python3.12/site-packages/airflow/example_dags/example_nested_branch_dag.py took 0.065 seconds
[2025-03-17T14:49:44.098-0400] {processor.py:186} INFO - Started process (PID=33435) to work on /Users/nidhipatel/ApacheAirflow_Tutorial/py_env/lib/python3.12/site-packages/airflow/example_dags/example_nested_branch_dag.py
[2025-03-17T14:49:44.098-0400] {processor.py:914} INFO - Processing file /Users/nidhipatel/ApacheAirflow_Tutorial/py_env/lib/python3.12/site-packages/airflow/example_dags/example_nested_branch_dag.py for tasks to queue
[2025-03-17T14:49:44.099-0400] {logging_mixin.py:190} INFO - [2025-03-17T14:49:44.099-0400] {dagbag.py:588} INFO - Filling up the DagBag from /Users/nidhipatel/ApacheAirflow_Tutorial/py_env/lib/python3.12/site-packages/airflow/example_dags/example_nested_branch_dag.py
[2025-03-17T14:49:44.116-0400] {processor.py:925} INFO - DAG(s) 'example_nested_branch_dag' retrieved from /Users/nidhipatel/ApacheAirflow_Tutorial/py_env/lib/python3.12/site-packages/airflow/example_dags/example_nested_branch_dag.py
[2025-03-17T14:49:44.152-0400] {logging_mixin.py:190} INFO - [2025-03-17T14:49:44.151-0400] {dag.py:3239} INFO - Sync 1 DAGs
[2025-03-17T14:49:44.158-0400] {logging_mixin.py:190} INFO - [2025-03-17T14:49:44.158-0400] {dag.py:4180} INFO - Setting next_dagrun for example_nested_branch_dag to 2025-03-16 00:00:00+00:00, run_after=2025-03-17 00:00:00+00:00
[2025-03-17T14:49:44.164-0400] {processor.py:208} INFO - Processing /Users/nidhipatel/ApacheAirflow_Tutorial/py_env/lib/python3.12/site-packages/airflow/example_dags/example_nested_branch_dag.py took 0.068 seconds
[2025-03-17T14:51:54.147-0400] {processor.py:186} INFO - Started process (PID=33713) to work on /Users/nidhipatel/ApacheAirflow_Tutorial/py_env/lib/python3.12/site-packages/airflow/example_dags/example_nested_branch_dag.py
[2025-03-17T14:51:54.149-0400] {processor.py:914} INFO - Processing file /Users/nidhipatel/ApacheAirflow_Tutorial/py_env/lib/python3.12/site-packages/airflow/example_dags/example_nested_branch_dag.py for tasks to queue
[2025-03-17T14:51:54.149-0400] {logging_mixin.py:190} INFO - [2025-03-17T14:51:54.149-0400] {dagbag.py:588} INFO - Filling up the DagBag from /Users/nidhipatel/ApacheAirflow_Tutorial/py_env/lib/python3.12/site-packages/airflow/example_dags/example_nested_branch_dag.py
[2025-03-17T14:51:54.170-0400] {processor.py:925} INFO - DAG(s) 'example_nested_branch_dag' retrieved from /Users/nidhipatel/ApacheAirflow_Tutorial/py_env/lib/python3.12/site-packages/airflow/example_dags/example_nested_branch_dag.py
[2025-03-17T14:51:54.206-0400] {logging_mixin.py:190} INFO - [2025-03-17T14:51:54.206-0400] {dag.py:3239} INFO - Sync 1 DAGs
[2025-03-17T14:51:54.214-0400] {logging_mixin.py:190} INFO - [2025-03-17T14:51:54.214-0400] {dag.py:4180} INFO - Setting next_dagrun for example_nested_branch_dag to 2025-03-16 00:00:00+00:00, run_after=2025-03-17 00:00:00+00:00
[2025-03-17T14:51:54.221-0400] {processor.py:208} INFO - Processing /Users/nidhipatel/ApacheAirflow_Tutorial/py_env/lib/python3.12/site-packages/airflow/example_dags/example_nested_branch_dag.py took 0.076 seconds
