[2025-03-17T14:32:53.637-0400] {processor.py:186} INFO - Started process (PID=31999) to work on /Users/nidhipatel/ApacheAirflow_Tutorial/py_env/lib/python3.12/site-packages/airflow/example_dags/example_latest_only_with_trigger.py
[2025-03-17T14:32:53.638-0400] {processor.py:914} INFO - Processing file /Users/nidhipatel/ApacheAirflow_Tutorial/py_env/lib/python3.12/site-packages/airflow/example_dags/example_latest_only_with_trigger.py for tasks to queue
[2025-03-17T14:32:53.638-0400] {logging_mixin.py:190} INFO - [2025-03-17T14:32:53.638-0400] {dagbag.py:588} INFO - Filling up the DagBag from /Users/nidhipatel/ApacheAirflow_Tutorial/py_env/lib/python3.12/site-packages/airflow/example_dags/example_latest_only_with_trigger.py
[2025-03-17T14:32:53.641-0400] {processor.py:925} INFO - DAG(s) 'latest_only_with_trigger' retrieved from /Users/nidhipatel/ApacheAirflow_Tutorial/py_env/lib/python3.12/site-packages/airflow/example_dags/example_latest_only_with_trigger.py
[2025-03-17T14:32:53.723-0400] {logging_mixin.py:190} INFO - [2025-03-17T14:32:53.723-0400] {override.py:1912} INFO - Created Permission View: can edit on DAG:latest_only_with_trigger
[2025-03-17T14:32:53.727-0400] {logging_mixin.py:190} INFO - [2025-03-17T14:32:53.727-0400] {override.py:1912} INFO - Created Permission View: can delete on DAG:latest_only_with_trigger
[2025-03-17T14:32:53.729-0400] {logging_mixin.py:190} INFO - [2025-03-17T14:32:53.729-0400] {override.py:1912} INFO - Created Permission View: can read on DAG:latest_only_with_trigger
[2025-03-17T14:32:53.732-0400] {logging_mixin.py:190} INFO - [2025-03-17T14:32:53.732-0400] {override.py:1912} INFO - Created Permission View: can delete on DAG Run:latest_only_with_trigger
[2025-03-17T14:32:53.734-0400] {logging_mixin.py:190} INFO - [2025-03-17T14:32:53.734-0400] {override.py:1912} INFO - Created Permission View: menu access on DAG Run:latest_only_with_trigger
[2025-03-17T14:32:53.736-0400] {logging_mixin.py:190} INFO - [2025-03-17T14:32:53.736-0400] {override.py:1912} INFO - Created Permission View: can create on DAG Run:latest_only_with_trigger
[2025-03-17T14:32:53.738-0400] {logging_mixin.py:190} INFO - [2025-03-17T14:32:53.738-0400] {override.py:1912} INFO - Created Permission View: can read on DAG Run:latest_only_with_trigger
[2025-03-17T14:32:53.738-0400] {logging_mixin.py:190} INFO - [2025-03-17T14:32:53.738-0400] {dag.py:3239} INFO - Sync 1 DAGs
[2025-03-17T14:32:53.743-0400] {logging_mixin.py:190} INFO - [2025-03-17T14:32:53.743-0400] {dag.py:3262} INFO - Creating ORM DAG for latest_only_with_trigger
[2025-03-17T14:32:53.746-0400] {logging_mixin.py:190} INFO - [2025-03-17T14:32:53.746-0400] {dag.py:4180} INFO - Setting next_dagrun for latest_only_with_trigger to 2025-03-17 12:00:00+00:00, run_after=2025-03-17 16:00:00+00:00
[2025-03-17T14:32:53.752-0400] {processor.py:208} INFO - Processing /Users/nidhipatel/ApacheAirflow_Tutorial/py_env/lib/python3.12/site-packages/airflow/example_dags/example_latest_only_with_trigger.py took 0.116 seconds
[2025-03-17T14:34:31.711-0400] {processor.py:186} INFO - Started process (PID=32157) to work on /Users/nidhipatel/ApacheAirflow_Tutorial/py_env/lib/python3.12/site-packages/airflow/example_dags/example_latest_only_with_trigger.py
[2025-03-17T14:34:31.711-0400] {processor.py:914} INFO - Processing file /Users/nidhipatel/ApacheAirflow_Tutorial/py_env/lib/python3.12/site-packages/airflow/example_dags/example_latest_only_with_trigger.py for tasks to queue
[2025-03-17T14:34:31.712-0400] {logging_mixin.py:190} INFO - [2025-03-17T14:34:31.712-0400] {dagbag.py:588} INFO - Filling up the DagBag from /Users/nidhipatel/ApacheAirflow_Tutorial/py_env/lib/python3.12/site-packages/airflow/example_dags/example_latest_only_with_trigger.py
[2025-03-17T14:34:31.715-0400] {processor.py:925} INFO - DAG(s) 'latest_only_with_trigger' retrieved from /Users/nidhipatel/ApacheAirflow_Tutorial/py_env/lib/python3.12/site-packages/airflow/example_dags/example_latest_only_with_trigger.py
[2025-03-17T14:34:31.751-0400] {logging_mixin.py:190} INFO - [2025-03-17T14:34:31.751-0400] {dag.py:3239} INFO - Sync 1 DAGs
[2025-03-17T14:34:31.758-0400] {logging_mixin.py:190} INFO - [2025-03-17T14:34:31.758-0400] {dag.py:4180} INFO - Setting next_dagrun for latest_only_with_trigger to 2025-03-17 12:00:00+00:00, run_after=2025-03-17 16:00:00+00:00
[2025-03-17T14:34:31.766-0400] {processor.py:208} INFO - Processing /Users/nidhipatel/ApacheAirflow_Tutorial/py_env/lib/python3.12/site-packages/airflow/example_dags/example_latest_only_with_trigger.py took 0.056 seconds
[2025-03-17T14:36:44.287-0400] {processor.py:186} INFO - Started process (PID=32320) to work on /Users/nidhipatel/ApacheAirflow_Tutorial/py_env/lib/python3.12/site-packages/airflow/example_dags/example_latest_only_with_trigger.py
[2025-03-17T14:36:44.288-0400] {processor.py:914} INFO - Processing file /Users/nidhipatel/ApacheAirflow_Tutorial/py_env/lib/python3.12/site-packages/airflow/example_dags/example_latest_only_with_trigger.py for tasks to queue
[2025-03-17T14:36:44.288-0400] {logging_mixin.py:190} INFO - [2025-03-17T14:36:44.288-0400] {dagbag.py:588} INFO - Filling up the DagBag from /Users/nidhipatel/ApacheAirflow_Tutorial/py_env/lib/python3.12/site-packages/airflow/example_dags/example_latest_only_with_trigger.py
[2025-03-17T14:36:44.292-0400] {processor.py:925} INFO - DAG(s) 'latest_only_with_trigger' retrieved from /Users/nidhipatel/ApacheAirflow_Tutorial/py_env/lib/python3.12/site-packages/airflow/example_dags/example_latest_only_with_trigger.py
[2025-03-17T14:36:44.328-0400] {logging_mixin.py:190} INFO - [2025-03-17T14:36:44.328-0400] {dag.py:3239} INFO - Sync 1 DAGs
[2025-03-17T14:36:44.334-0400] {logging_mixin.py:190} INFO - [2025-03-17T14:36:44.334-0400] {dag.py:4180} INFO - Setting next_dagrun for latest_only_with_trigger to 2025-03-17 12:00:00+00:00, run_after=2025-03-17 16:00:00+00:00
[2025-03-17T14:36:44.342-0400] {processor.py:208} INFO - Processing /Users/nidhipatel/ApacheAirflow_Tutorial/py_env/lib/python3.12/site-packages/airflow/example_dags/example_latest_only_with_trigger.py took 0.056 seconds
[2025-03-17T14:38:47.037-0400] {processor.py:186} INFO - Started process (PID=32506) to work on /Users/nidhipatel/ApacheAirflow_Tutorial/py_env/lib/python3.12/site-packages/airflow/example_dags/example_latest_only_with_trigger.py
[2025-03-17T14:38:47.037-0400] {processor.py:914} INFO - Processing file /Users/nidhipatel/ApacheAirflow_Tutorial/py_env/lib/python3.12/site-packages/airflow/example_dags/example_latest_only_with_trigger.py for tasks to queue
[2025-03-17T14:38:47.037-0400] {logging_mixin.py:190} INFO - [2025-03-17T14:38:47.037-0400] {dagbag.py:588} INFO - Filling up the DagBag from /Users/nidhipatel/ApacheAirflow_Tutorial/py_env/lib/python3.12/site-packages/airflow/example_dags/example_latest_only_with_trigger.py
[2025-03-17T14:38:47.041-0400] {processor.py:925} INFO - DAG(s) 'latest_only_with_trigger' retrieved from /Users/nidhipatel/ApacheAirflow_Tutorial/py_env/lib/python3.12/site-packages/airflow/example_dags/example_latest_only_with_trigger.py
[2025-03-17T14:38:47.078-0400] {logging_mixin.py:190} INFO - [2025-03-17T14:38:47.078-0400] {dag.py:3239} INFO - Sync 1 DAGs
[2025-03-17T14:38:47.087-0400] {logging_mixin.py:190} INFO - [2025-03-17T14:38:47.087-0400] {dag.py:4180} INFO - Setting next_dagrun for latest_only_with_trigger to 2025-03-17 12:00:00+00:00, run_after=2025-03-17 16:00:00+00:00
[2025-03-17T14:38:47.094-0400] {processor.py:208} INFO - Processing /Users/nidhipatel/ApacheAirflow_Tutorial/py_env/lib/python3.12/site-packages/airflow/example_dags/example_latest_only_with_trigger.py took 0.059 seconds
[2025-03-17T14:40:52.401-0400] {processor.py:186} INFO - Started process (PID=32704) to work on /Users/nidhipatel/ApacheAirflow_Tutorial/py_env/lib/python3.12/site-packages/airflow/example_dags/example_latest_only_with_trigger.py
[2025-03-17T14:40:52.402-0400] {processor.py:914} INFO - Processing file /Users/nidhipatel/ApacheAirflow_Tutorial/py_env/lib/python3.12/site-packages/airflow/example_dags/example_latest_only_with_trigger.py for tasks to queue
[2025-03-17T14:40:52.402-0400] {logging_mixin.py:190} INFO - [2025-03-17T14:40:52.402-0400] {dagbag.py:588} INFO - Filling up the DagBag from /Users/nidhipatel/ApacheAirflow_Tutorial/py_env/lib/python3.12/site-packages/airflow/example_dags/example_latest_only_with_trigger.py
[2025-03-17T14:40:52.406-0400] {processor.py:925} INFO - DAG(s) 'latest_only_with_trigger' retrieved from /Users/nidhipatel/ApacheAirflow_Tutorial/py_env/lib/python3.12/site-packages/airflow/example_dags/example_latest_only_with_trigger.py
[2025-03-17T14:40:52.445-0400] {logging_mixin.py:190} INFO - [2025-03-17T14:40:52.444-0400] {dag.py:3239} INFO - Sync 1 DAGs
[2025-03-17T14:40:52.452-0400] {logging_mixin.py:190} INFO - [2025-03-17T14:40:52.452-0400] {dag.py:4180} INFO - Setting next_dagrun for latest_only_with_trigger to 2025-03-17 12:00:00+00:00, run_after=2025-03-17 16:00:00+00:00
[2025-03-17T14:40:52.460-0400] {processor.py:208} INFO - Processing /Users/nidhipatel/ApacheAirflow_Tutorial/py_env/lib/python3.12/site-packages/airflow/example_dags/example_latest_only_with_trigger.py took 0.060 seconds
[2025-03-17T14:43:00.257-0400] {processor.py:186} INFO - Started process (PID=32885) to work on /Users/nidhipatel/ApacheAirflow_Tutorial/py_env/lib/python3.12/site-packages/airflow/example_dags/example_latest_only_with_trigger.py
[2025-03-17T14:43:00.258-0400] {processor.py:914} INFO - Processing file /Users/nidhipatel/ApacheAirflow_Tutorial/py_env/lib/python3.12/site-packages/airflow/example_dags/example_latest_only_with_trigger.py for tasks to queue
[2025-03-17T14:43:00.258-0400] {logging_mixin.py:190} INFO - [2025-03-17T14:43:00.258-0400] {dagbag.py:588} INFO - Filling up the DagBag from /Users/nidhipatel/ApacheAirflow_Tutorial/py_env/lib/python3.12/site-packages/airflow/example_dags/example_latest_only_with_trigger.py
[2025-03-17T14:43:00.261-0400] {processor.py:925} INFO - DAG(s) 'latest_only_with_trigger' retrieved from /Users/nidhipatel/ApacheAirflow_Tutorial/py_env/lib/python3.12/site-packages/airflow/example_dags/example_latest_only_with_trigger.py
[2025-03-17T14:43:00.297-0400] {logging_mixin.py:190} INFO - [2025-03-17T14:43:00.297-0400] {dag.py:3239} INFO - Sync 1 DAGs
[2025-03-17T14:43:00.303-0400] {logging_mixin.py:190} INFO - [2025-03-17T14:43:00.303-0400] {dag.py:4180} INFO - Setting next_dagrun for latest_only_with_trigger to 2025-03-17 12:00:00+00:00, run_after=2025-03-17 16:00:00+00:00
[2025-03-17T14:43:00.310-0400] {processor.py:208} INFO - Processing /Users/nidhipatel/ApacheAirflow_Tutorial/py_env/lib/python3.12/site-packages/airflow/example_dags/example_latest_only_with_trigger.py took 0.054 seconds
[2025-03-17T14:45:16.448-0400] {processor.py:186} INFO - Started process (PID=33067) to work on /Users/nidhipatel/ApacheAirflow_Tutorial/py_env/lib/python3.12/site-packages/airflow/example_dags/example_latest_only_with_trigger.py
[2025-03-17T14:45:16.448-0400] {processor.py:914} INFO - Processing file /Users/nidhipatel/ApacheAirflow_Tutorial/py_env/lib/python3.12/site-packages/airflow/example_dags/example_latest_only_with_trigger.py for tasks to queue
[2025-03-17T14:45:16.449-0400] {logging_mixin.py:190} INFO - [2025-03-17T14:45:16.449-0400] {dagbag.py:588} INFO - Filling up the DagBag from /Users/nidhipatel/ApacheAirflow_Tutorial/py_env/lib/python3.12/site-packages/airflow/example_dags/example_latest_only_with_trigger.py
[2025-03-17T14:45:16.454-0400] {processor.py:925} INFO - DAG(s) 'latest_only_with_trigger' retrieved from /Users/nidhipatel/ApacheAirflow_Tutorial/py_env/lib/python3.12/site-packages/airflow/example_dags/example_latest_only_with_trigger.py
[2025-03-17T14:45:16.492-0400] {logging_mixin.py:190} INFO - [2025-03-17T14:45:16.492-0400] {dag.py:3239} INFO - Sync 1 DAGs
[2025-03-17T14:45:16.499-0400] {logging_mixin.py:190} INFO - [2025-03-17T14:45:16.499-0400] {dag.py:4180} INFO - Setting next_dagrun for latest_only_with_trigger to 2025-03-17 12:00:00+00:00, run_after=2025-03-17 16:00:00+00:00
[2025-03-17T14:45:16.507-0400] {processor.py:208} INFO - Processing /Users/nidhipatel/ApacheAirflow_Tutorial/py_env/lib/python3.12/site-packages/airflow/example_dags/example_latest_only_with_trigger.py took 0.061 seconds
[2025-03-17T14:47:35.631-0400] {processor.py:186} INFO - Started process (PID=33243) to work on /Users/nidhipatel/ApacheAirflow_Tutorial/py_env/lib/python3.12/site-packages/airflow/example_dags/example_latest_only_with_trigger.py
[2025-03-17T14:47:35.631-0400] {processor.py:914} INFO - Processing file /Users/nidhipatel/ApacheAirflow_Tutorial/py_env/lib/python3.12/site-packages/airflow/example_dags/example_latest_only_with_trigger.py for tasks to queue
[2025-03-17T14:47:35.632-0400] {logging_mixin.py:190} INFO - [2025-03-17T14:47:35.632-0400] {dagbag.py:588} INFO - Filling up the DagBag from /Users/nidhipatel/ApacheAirflow_Tutorial/py_env/lib/python3.12/site-packages/airflow/example_dags/example_latest_only_with_trigger.py
[2025-03-17T14:47:35.635-0400] {processor.py:925} INFO - DAG(s) 'latest_only_with_trigger' retrieved from /Users/nidhipatel/ApacheAirflow_Tutorial/py_env/lib/python3.12/site-packages/airflow/example_dags/example_latest_only_with_trigger.py
[2025-03-17T14:47:35.670-0400] {logging_mixin.py:190} INFO - [2025-03-17T14:47:35.670-0400] {dag.py:3239} INFO - Sync 1 DAGs
[2025-03-17T14:47:35.676-0400] {logging_mixin.py:190} INFO - [2025-03-17T14:47:35.676-0400] {dag.py:4180} INFO - Setting next_dagrun for latest_only_with_trigger to 2025-03-17 12:00:00+00:00, run_after=2025-03-17 16:00:00+00:00
[2025-03-17T14:47:35.682-0400] {processor.py:208} INFO - Processing /Users/nidhipatel/ApacheAirflow_Tutorial/py_env/lib/python3.12/site-packages/airflow/example_dags/example_latest_only_with_trigger.py took 0.053 seconds
[2025-03-17T14:49:47.663-0400] {processor.py:186} INFO - Started process (PID=33439) to work on /Users/nidhipatel/ApacheAirflow_Tutorial/py_env/lib/python3.12/site-packages/airflow/example_dags/example_latest_only_with_trigger.py
[2025-03-17T14:49:47.664-0400] {processor.py:914} INFO - Processing file /Users/nidhipatel/ApacheAirflow_Tutorial/py_env/lib/python3.12/site-packages/airflow/example_dags/example_latest_only_with_trigger.py for tasks to queue
[2025-03-17T14:49:47.664-0400] {logging_mixin.py:190} INFO - [2025-03-17T14:49:47.664-0400] {dagbag.py:588} INFO - Filling up the DagBag from /Users/nidhipatel/ApacheAirflow_Tutorial/py_env/lib/python3.12/site-packages/airflow/example_dags/example_latest_only_with_trigger.py
[2025-03-17T14:49:47.667-0400] {processor.py:925} INFO - DAG(s) 'latest_only_with_trigger' retrieved from /Users/nidhipatel/ApacheAirflow_Tutorial/py_env/lib/python3.12/site-packages/airflow/example_dags/example_latest_only_with_trigger.py
[2025-03-17T14:49:47.703-0400] {logging_mixin.py:190} INFO - [2025-03-17T14:49:47.703-0400] {dag.py:3239} INFO - Sync 1 DAGs
[2025-03-17T14:49:47.710-0400] {logging_mixin.py:190} INFO - [2025-03-17T14:49:47.710-0400] {dag.py:4180} INFO - Setting next_dagrun for latest_only_with_trigger to 2025-03-17 12:00:00+00:00, run_after=2025-03-17 16:00:00+00:00
[2025-03-17T14:49:47.717-0400] {processor.py:208} INFO - Processing /Users/nidhipatel/ApacheAirflow_Tutorial/py_env/lib/python3.12/site-packages/airflow/example_dags/example_latest_only_with_trigger.py took 0.055 seconds
[2025-03-17T14:51:57.756-0400] {processor.py:186} INFO - Started process (PID=33727) to work on /Users/nidhipatel/ApacheAirflow_Tutorial/py_env/lib/python3.12/site-packages/airflow/example_dags/example_latest_only_with_trigger.py
[2025-03-17T14:51:57.757-0400] {processor.py:914} INFO - Processing file /Users/nidhipatel/ApacheAirflow_Tutorial/py_env/lib/python3.12/site-packages/airflow/example_dags/example_latest_only_with_trigger.py for tasks to queue
[2025-03-17T14:51:57.757-0400] {logging_mixin.py:190} INFO - [2025-03-17T14:51:57.757-0400] {dagbag.py:588} INFO - Filling up the DagBag from /Users/nidhipatel/ApacheAirflow_Tutorial/py_env/lib/python3.12/site-packages/airflow/example_dags/example_latest_only_with_trigger.py
[2025-03-17T14:51:57.760-0400] {processor.py:925} INFO - DAG(s) 'latest_only_with_trigger' retrieved from /Users/nidhipatel/ApacheAirflow_Tutorial/py_env/lib/python3.12/site-packages/airflow/example_dags/example_latest_only_with_trigger.py
[2025-03-17T14:51:57.813-0400] {logging_mixin.py:190} INFO - [2025-03-17T14:51:57.810-0400] {dag.py:3239} INFO - Sync 1 DAGs
[2025-03-17T14:51:57.934-0400] {logging_mixin.py:190} INFO - [2025-03-17T14:51:57.934-0400] {dag.py:4180} INFO - Setting next_dagrun for latest_only_with_trigger to 2025-03-17 12:00:00+00:00, run_after=2025-03-17 16:00:00+00:00
[2025-03-17T14:51:57.951-0400] {processor.py:208} INFO - Processing /Users/nidhipatel/ApacheAirflow_Tutorial/py_env/lib/python3.12/site-packages/airflow/example_dags/example_latest_only_with_trigger.py took 0.197 seconds
