[2025-03-17T14:32:42.860-0400] {processor.py:186} INFO - Started process (PID=31983) to work on /Users/nidhipatel/ApacheAirflow_Tutorial/py_env/lib/python3.12/site-packages/airflow/example_dags/example_params_ui_tutorial.py
[2025-03-17T14:32:42.860-0400] {processor.py:914} INFO - Processing file /Users/nidhipatel/ApacheAirflow_Tutorial/py_env/lib/python3.12/site-packages/airflow/example_dags/example_params_ui_tutorial.py for tasks to queue
[2025-03-17T14:32:42.861-0400] {logging_mixin.py:190} INFO - [2025-03-17T14:32:42.860-0400] {dagbag.py:588} INFO - Filling up the DagBag from /Users/nidhipatel/ApacheAirflow_Tutorial/py_env/lib/python3.12/site-packages/airflow/example_dags/example_params_ui_tutorial.py
[2025-03-17T14:32:42.875-0400] {processor.py:925} INFO - DAG(s) 'example_params_ui_tutorial' retrieved from /Users/nidhipatel/ApacheAirflow_Tutorial/py_env/lib/python3.12/site-packages/airflow/example_dags/example_params_ui_tutorial.py
[2025-03-17T14:32:42.951-0400] {logging_mixin.py:190} INFO - [2025-03-17T14:32:42.950-0400] {override.py:1912} INFO - Created Permission View: can read on DAG:example_params_ui_tutorial
[2025-03-17T14:32:42.954-0400] {logging_mixin.py:190} INFO - [2025-03-17T14:32:42.954-0400] {override.py:1912} INFO - Created Permission View: can edit on DAG:example_params_ui_tutorial
[2025-03-17T14:32:42.956-0400] {logging_mixin.py:190} INFO - [2025-03-17T14:32:42.955-0400] {override.py:1912} INFO - Created Permission View: can delete on DAG:example_params_ui_tutorial
[2025-03-17T14:32:42.958-0400] {logging_mixin.py:190} INFO - [2025-03-17T14:32:42.958-0400] {override.py:1912} INFO - Created Permission View: can read on DAG Run:example_params_ui_tutorial
[2025-03-17T14:32:42.960-0400] {logging_mixin.py:190} INFO - [2025-03-17T14:32:42.960-0400] {override.py:1912} INFO - Created Permission View: menu access on DAG Run:example_params_ui_tutorial
[2025-03-17T14:32:42.962-0400] {logging_mixin.py:190} INFO - [2025-03-17T14:32:42.962-0400] {override.py:1912} INFO - Created Permission View: can delete on DAG Run:example_params_ui_tutorial
[2025-03-17T14:32:42.964-0400] {logging_mixin.py:190} INFO - [2025-03-17T14:32:42.964-0400] {override.py:1912} INFO - Created Permission View: can create on DAG Run:example_params_ui_tutorial
[2025-03-17T14:32:42.964-0400] {logging_mixin.py:190} INFO - [2025-03-17T14:32:42.964-0400] {dag.py:3239} INFO - Sync 1 DAGs
[2025-03-17T14:32:42.968-0400] {logging_mixin.py:190} INFO - [2025-03-17T14:32:42.968-0400] {dag.py:3262} INFO - Creating ORM DAG for example_params_ui_tutorial
[2025-03-17T14:32:42.968-0400] {logging_mixin.py:190} INFO - [2025-03-17T14:32:42.968-0400] {dag.py:4180} INFO - Setting next_dagrun for example_params_ui_tutorial to None, run_after=None
[2025-03-17T14:32:42.974-0400] {processor.py:208} INFO - Processing /Users/nidhipatel/ApacheAirflow_Tutorial/py_env/lib/python3.12/site-packages/airflow/example_dags/example_params_ui_tutorial.py took 0.116 seconds
[2025-03-17T14:34:23.063-0400] {processor.py:186} INFO - Started process (PID=32147) to work on /Users/nidhipatel/ApacheAirflow_Tutorial/py_env/lib/python3.12/site-packages/airflow/example_dags/example_params_ui_tutorial.py
[2025-03-17T14:34:23.064-0400] {processor.py:914} INFO - Processing file /Users/nidhipatel/ApacheAirflow_Tutorial/py_env/lib/python3.12/site-packages/airflow/example_dags/example_params_ui_tutorial.py for tasks to queue
[2025-03-17T14:34:23.064-0400] {logging_mixin.py:190} INFO - [2025-03-17T14:34:23.064-0400] {dagbag.py:588} INFO - Filling up the DagBag from /Users/nidhipatel/ApacheAirflow_Tutorial/py_env/lib/python3.12/site-packages/airflow/example_dags/example_params_ui_tutorial.py
[2025-03-17T14:34:23.086-0400] {processor.py:925} INFO - DAG(s) 'example_params_ui_tutorial' retrieved from /Users/nidhipatel/ApacheAirflow_Tutorial/py_env/lib/python3.12/site-packages/airflow/example_dags/example_params_ui_tutorial.py
[2025-03-17T14:34:23.137-0400] {logging_mixin.py:190} INFO - [2025-03-17T14:34:23.137-0400] {dag.py:3239} INFO - Sync 1 DAGs
[2025-03-17T14:34:23.142-0400] {logging_mixin.py:190} INFO - [2025-03-17T14:34:23.142-0400] {dag.py:4180} INFO - Setting next_dagrun for example_params_ui_tutorial to None, run_after=None
[2025-03-17T14:34:23.149-0400] {processor.py:208} INFO - Processing /Users/nidhipatel/ApacheAirflow_Tutorial/py_env/lib/python3.12/site-packages/airflow/example_dags/example_params_ui_tutorial.py took 0.088 seconds
[2025-03-17T14:36:35.465-0400] {processor.py:186} INFO - Started process (PID=32310) to work on /Users/nidhipatel/ApacheAirflow_Tutorial/py_env/lib/python3.12/site-packages/airflow/example_dags/example_params_ui_tutorial.py
[2025-03-17T14:36:35.465-0400] {processor.py:914} INFO - Processing file /Users/nidhipatel/ApacheAirflow_Tutorial/py_env/lib/python3.12/site-packages/airflow/example_dags/example_params_ui_tutorial.py for tasks to queue
[2025-03-17T14:36:35.466-0400] {logging_mixin.py:190} INFO - [2025-03-17T14:36:35.466-0400] {dagbag.py:588} INFO - Filling up the DagBag from /Users/nidhipatel/ApacheAirflow_Tutorial/py_env/lib/python3.12/site-packages/airflow/example_dags/example_params_ui_tutorial.py
[2025-03-17T14:36:35.480-0400] {processor.py:925} INFO - DAG(s) 'example_params_ui_tutorial' retrieved from /Users/nidhipatel/ApacheAirflow_Tutorial/py_env/lib/python3.12/site-packages/airflow/example_dags/example_params_ui_tutorial.py
[2025-03-17T14:36:35.522-0400] {logging_mixin.py:190} INFO - [2025-03-17T14:36:35.522-0400] {dag.py:3239} INFO - Sync 1 DAGs
[2025-03-17T14:36:35.525-0400] {logging_mixin.py:190} INFO - [2025-03-17T14:36:35.525-0400] {dag.py:4180} INFO - Setting next_dagrun for example_params_ui_tutorial to None, run_after=None
[2025-03-17T14:36:35.531-0400] {processor.py:208} INFO - Processing /Users/nidhipatel/ApacheAirflow_Tutorial/py_env/lib/python3.12/site-packages/airflow/example_dags/example_params_ui_tutorial.py took 0.068 seconds
[2025-03-17T14:38:38.507-0400] {processor.py:186} INFO - Started process (PID=32496) to work on /Users/nidhipatel/ApacheAirflow_Tutorial/py_env/lib/python3.12/site-packages/airflow/example_dags/example_params_ui_tutorial.py
[2025-03-17T14:38:38.508-0400] {processor.py:914} INFO - Processing file /Users/nidhipatel/ApacheAirflow_Tutorial/py_env/lib/python3.12/site-packages/airflow/example_dags/example_params_ui_tutorial.py for tasks to queue
[2025-03-17T14:38:38.508-0400] {logging_mixin.py:190} INFO - [2025-03-17T14:38:38.508-0400] {dagbag.py:588} INFO - Filling up the DagBag from /Users/nidhipatel/ApacheAirflow_Tutorial/py_env/lib/python3.12/site-packages/airflow/example_dags/example_params_ui_tutorial.py
[2025-03-17T14:38:38.525-0400] {processor.py:925} INFO - DAG(s) 'example_params_ui_tutorial' retrieved from /Users/nidhipatel/ApacheAirflow_Tutorial/py_env/lib/python3.12/site-packages/airflow/example_dags/example_params_ui_tutorial.py
[2025-03-17T14:38:38.571-0400] {logging_mixin.py:190} INFO - [2025-03-17T14:38:38.571-0400] {dag.py:3239} INFO - Sync 1 DAGs
[2025-03-17T14:38:38.577-0400] {logging_mixin.py:190} INFO - [2025-03-17T14:38:38.577-0400] {dag.py:4180} INFO - Setting next_dagrun for example_params_ui_tutorial to None, run_after=None
[2025-03-17T14:38:38.585-0400] {processor.py:208} INFO - Processing /Users/nidhipatel/ApacheAirflow_Tutorial/py_env/lib/python3.12/site-packages/airflow/example_dags/example_params_ui_tutorial.py took 0.079 seconds
[2025-03-17T14:40:44.374-0400] {processor.py:186} INFO - Started process (PID=32694) to work on /Users/nidhipatel/ApacheAirflow_Tutorial/py_env/lib/python3.12/site-packages/airflow/example_dags/example_params_ui_tutorial.py
[2025-03-17T14:40:44.375-0400] {processor.py:914} INFO - Processing file /Users/nidhipatel/ApacheAirflow_Tutorial/py_env/lib/python3.12/site-packages/airflow/example_dags/example_params_ui_tutorial.py for tasks to queue
[2025-03-17T14:40:44.375-0400] {logging_mixin.py:190} INFO - [2025-03-17T14:40:44.375-0400] {dagbag.py:588} INFO - Filling up the DagBag from /Users/nidhipatel/ApacheAirflow_Tutorial/py_env/lib/python3.12/site-packages/airflow/example_dags/example_params_ui_tutorial.py
[2025-03-17T14:40:44.390-0400] {processor.py:925} INFO - DAG(s) 'example_params_ui_tutorial' retrieved from /Users/nidhipatel/ApacheAirflow_Tutorial/py_env/lib/python3.12/site-packages/airflow/example_dags/example_params_ui_tutorial.py
[2025-03-17T14:40:44.431-0400] {logging_mixin.py:190} INFO - [2025-03-17T14:40:44.431-0400] {dag.py:3239} INFO - Sync 1 DAGs
[2025-03-17T14:40:44.435-0400] {logging_mixin.py:190} INFO - [2025-03-17T14:40:44.435-0400] {dag.py:4180} INFO - Setting next_dagrun for example_params_ui_tutorial to None, run_after=None
[2025-03-17T14:40:44.442-0400] {processor.py:208} INFO - Processing /Users/nidhipatel/ApacheAirflow_Tutorial/py_env/lib/python3.12/site-packages/airflow/example_dags/example_params_ui_tutorial.py took 0.070 seconds
[2025-03-17T14:42:51.675-0400] {processor.py:186} INFO - Started process (PID=32875) to work on /Users/nidhipatel/ApacheAirflow_Tutorial/py_env/lib/python3.12/site-packages/airflow/example_dags/example_params_ui_tutorial.py
[2025-03-17T14:42:51.679-0400] {processor.py:914} INFO - Processing file /Users/nidhipatel/ApacheAirflow_Tutorial/py_env/lib/python3.12/site-packages/airflow/example_dags/example_params_ui_tutorial.py for tasks to queue
[2025-03-17T14:42:51.679-0400] {logging_mixin.py:190} INFO - [2025-03-17T14:42:51.679-0400] {dagbag.py:588} INFO - Filling up the DagBag from /Users/nidhipatel/ApacheAirflow_Tutorial/py_env/lib/python3.12/site-packages/airflow/example_dags/example_params_ui_tutorial.py
[2025-03-17T14:42:51.696-0400] {processor.py:925} INFO - DAG(s) 'example_params_ui_tutorial' retrieved from /Users/nidhipatel/ApacheAirflow_Tutorial/py_env/lib/python3.12/site-packages/airflow/example_dags/example_params_ui_tutorial.py
[2025-03-17T14:42:51.746-0400] {logging_mixin.py:190} INFO - [2025-03-17T14:42:51.746-0400] {dag.py:3239} INFO - Sync 1 DAGs
[2025-03-17T14:42:51.761-0400] {logging_mixin.py:190} INFO - [2025-03-17T14:42:51.761-0400] {dag.py:4180} INFO - Setting next_dagrun for example_params_ui_tutorial to None, run_after=None
[2025-03-17T14:42:51.768-0400] {processor.py:208} INFO - Processing /Users/nidhipatel/ApacheAirflow_Tutorial/py_env/lib/python3.12/site-packages/airflow/example_dags/example_params_ui_tutorial.py took 0.094 seconds
[2025-03-17T14:45:07.418-0400] {processor.py:186} INFO - Started process (PID=33054) to work on /Users/nidhipatel/ApacheAirflow_Tutorial/py_env/lib/python3.12/site-packages/airflow/example_dags/example_params_ui_tutorial.py
[2025-03-17T14:45:07.419-0400] {processor.py:914} INFO - Processing file /Users/nidhipatel/ApacheAirflow_Tutorial/py_env/lib/python3.12/site-packages/airflow/example_dags/example_params_ui_tutorial.py for tasks to queue
[2025-03-17T14:45:07.420-0400] {logging_mixin.py:190} INFO - [2025-03-17T14:45:07.420-0400] {dagbag.py:588} INFO - Filling up the DagBag from /Users/nidhipatel/ApacheAirflow_Tutorial/py_env/lib/python3.12/site-packages/airflow/example_dags/example_params_ui_tutorial.py
[2025-03-17T14:45:07.435-0400] {processor.py:925} INFO - DAG(s) 'example_params_ui_tutorial' retrieved from /Users/nidhipatel/ApacheAirflow_Tutorial/py_env/lib/python3.12/site-packages/airflow/example_dags/example_params_ui_tutorial.py
[2025-03-17T14:45:07.478-0400] {logging_mixin.py:190} INFO - [2025-03-17T14:45:07.478-0400] {dag.py:3239} INFO - Sync 1 DAGs
[2025-03-17T14:45:07.482-0400] {logging_mixin.py:190} INFO - [2025-03-17T14:45:07.482-0400] {dag.py:4180} INFO - Setting next_dagrun for example_params_ui_tutorial to None, run_after=None
[2025-03-17T14:45:07.488-0400] {processor.py:208} INFO - Processing /Users/nidhipatel/ApacheAirflow_Tutorial/py_env/lib/python3.12/site-packages/airflow/example_dags/example_params_ui_tutorial.py took 0.072 seconds
[2025-03-17T14:47:26.854-0400] {processor.py:186} INFO - Started process (PID=33233) to work on /Users/nidhipatel/ApacheAirflow_Tutorial/py_env/lib/python3.12/site-packages/airflow/example_dags/example_params_ui_tutorial.py
[2025-03-17T14:47:26.854-0400] {processor.py:914} INFO - Processing file /Users/nidhipatel/ApacheAirflow_Tutorial/py_env/lib/python3.12/site-packages/airflow/example_dags/example_params_ui_tutorial.py for tasks to queue
[2025-03-17T14:47:26.855-0400] {logging_mixin.py:190} INFO - [2025-03-17T14:47:26.855-0400] {dagbag.py:588} INFO - Filling up the DagBag from /Users/nidhipatel/ApacheAirflow_Tutorial/py_env/lib/python3.12/site-packages/airflow/example_dags/example_params_ui_tutorial.py
[2025-03-17T14:47:26.869-0400] {processor.py:925} INFO - DAG(s) 'example_params_ui_tutorial' retrieved from /Users/nidhipatel/ApacheAirflow_Tutorial/py_env/lib/python3.12/site-packages/airflow/example_dags/example_params_ui_tutorial.py
[2025-03-17T14:47:26.912-0400] {logging_mixin.py:190} INFO - [2025-03-17T14:47:26.912-0400] {dag.py:3239} INFO - Sync 1 DAGs
[2025-03-17T14:47:26.916-0400] {logging_mixin.py:190} INFO - [2025-03-17T14:47:26.916-0400] {dag.py:4180} INFO - Setting next_dagrun for example_params_ui_tutorial to None, run_after=None
[2025-03-17T14:47:26.923-0400] {processor.py:208} INFO - Processing /Users/nidhipatel/ApacheAirflow_Tutorial/py_env/lib/python3.12/site-packages/airflow/example_dags/example_params_ui_tutorial.py took 0.070 seconds
[2025-03-17T14:49:38.709-0400] {processor.py:186} INFO - Started process (PID=33429) to work on /Users/nidhipatel/ApacheAirflow_Tutorial/py_env/lib/python3.12/site-packages/airflow/example_dags/example_params_ui_tutorial.py
[2025-03-17T14:49:38.709-0400] {processor.py:914} INFO - Processing file /Users/nidhipatel/ApacheAirflow_Tutorial/py_env/lib/python3.12/site-packages/airflow/example_dags/example_params_ui_tutorial.py for tasks to queue
[2025-03-17T14:49:38.710-0400] {logging_mixin.py:190} INFO - [2025-03-17T14:49:38.710-0400] {dagbag.py:588} INFO - Filling up the DagBag from /Users/nidhipatel/ApacheAirflow_Tutorial/py_env/lib/python3.12/site-packages/airflow/example_dags/example_params_ui_tutorial.py
[2025-03-17T14:49:38.725-0400] {processor.py:925} INFO - DAG(s) 'example_params_ui_tutorial' retrieved from /Users/nidhipatel/ApacheAirflow_Tutorial/py_env/lib/python3.12/site-packages/airflow/example_dags/example_params_ui_tutorial.py
[2025-03-17T14:49:38.770-0400] {logging_mixin.py:190} INFO - [2025-03-17T14:49:38.770-0400] {dag.py:3239} INFO - Sync 1 DAGs
[2025-03-17T14:49:38.774-0400] {logging_mixin.py:190} INFO - [2025-03-17T14:49:38.774-0400] {dag.py:4180} INFO - Setting next_dagrun for example_params_ui_tutorial to None, run_after=None
[2025-03-17T14:49:38.781-0400] {processor.py:208} INFO - Processing /Users/nidhipatel/ApacheAirflow_Tutorial/py_env/lib/python3.12/site-packages/airflow/example_dags/example_params_ui_tutorial.py took 0.073 seconds
[2025-03-17T14:51:48.900-0400] {processor.py:186} INFO - Started process (PID=33699) to work on /Users/nidhipatel/ApacheAirflow_Tutorial/py_env/lib/python3.12/site-packages/airflow/example_dags/example_params_ui_tutorial.py
[2025-03-17T14:51:48.901-0400] {processor.py:914} INFO - Processing file /Users/nidhipatel/ApacheAirflow_Tutorial/py_env/lib/python3.12/site-packages/airflow/example_dags/example_params_ui_tutorial.py for tasks to queue
[2025-03-17T14:51:48.901-0400] {logging_mixin.py:190} INFO - [2025-03-17T14:51:48.901-0400] {dagbag.py:588} INFO - Filling up the DagBag from /Users/nidhipatel/ApacheAirflow_Tutorial/py_env/lib/python3.12/site-packages/airflow/example_dags/example_params_ui_tutorial.py
[2025-03-17T14:51:48.916-0400] {processor.py:925} INFO - DAG(s) 'example_params_ui_tutorial' retrieved from /Users/nidhipatel/ApacheAirflow_Tutorial/py_env/lib/python3.12/site-packages/airflow/example_dags/example_params_ui_tutorial.py
[2025-03-17T14:51:48.961-0400] {logging_mixin.py:190} INFO - [2025-03-17T14:51:48.961-0400] {dag.py:3239} INFO - Sync 1 DAGs
[2025-03-17T14:51:48.965-0400] {logging_mixin.py:190} INFO - [2025-03-17T14:51:48.965-0400] {dag.py:4180} INFO - Setting next_dagrun for example_params_ui_tutorial to None, run_after=None
[2025-03-17T14:51:48.972-0400] {processor.py:208} INFO - Processing /Users/nidhipatel/ApacheAirflow_Tutorial/py_env/lib/python3.12/site-packages/airflow/example_dags/example_params_ui_tutorial.py took 0.073 seconds
