[2025-03-17T14:32:17.840-0400] {processor.py:186} INFO - Started process (PID=31947) to work on /Users/nidhipatel/ApacheAirflow_Tutorial/py_env/lib/python3.12/site-packages/airflow/example_dags/example_task_group_decorator.py
[2025-03-17T14:32:17.841-0400] {processor.py:914} INFO - Processing file /Users/nidhipatel/ApacheAirflow_Tutorial/py_env/lib/python3.12/site-packages/airflow/example_dags/example_task_group_decorator.py for tasks to queue
[2025-03-17T14:32:17.842-0400] {logging_mixin.py:190} INFO - [2025-03-17T14:32:17.842-0400] {dagbag.py:588} INFO - Filling up the DagBag from /Users/nidhipatel/ApacheAirflow_Tutorial/py_env/lib/python3.12/site-packages/airflow/example_dags/example_task_group_decorator.py
[2025-03-17T14:32:17.860-0400] {processor.py:925} INFO - DAG(s) 'example_task_group_decorator' retrieved from /Users/nidhipatel/ApacheAirflow_Tutorial/py_env/lib/python3.12/site-packages/airflow/example_dags/example_task_group_decorator.py
[2025-03-17T14:32:17.929-0400] {logging_mixin.py:190} INFO - [2025-03-17T14:32:17.929-0400] {override.py:1912} INFO - Created Permission View: can delete on DAG:example_task_group_decorator
[2025-03-17T14:32:17.932-0400] {logging_mixin.py:190} INFO - [2025-03-17T14:32:17.932-0400] {override.py:1912} INFO - Created Permission View: can read on DAG:example_task_group_decorator
[2025-03-17T14:32:17.934-0400] {logging_mixin.py:190} INFO - [2025-03-17T14:32:17.934-0400] {override.py:1912} INFO - Created Permission View: can edit on DAG:example_task_group_decorator
[2025-03-17T14:32:17.937-0400] {logging_mixin.py:190} INFO - [2025-03-17T14:32:17.937-0400] {override.py:1912} INFO - Created Permission View: can delete on DAG Run:example_task_group_decorator
[2025-03-17T14:32:17.939-0400] {logging_mixin.py:190} INFO - [2025-03-17T14:32:17.939-0400] {override.py:1912} INFO - Created Permission View: can read on DAG Run:example_task_group_decorator
[2025-03-17T14:32:17.941-0400] {logging_mixin.py:190} INFO - [2025-03-17T14:32:17.941-0400] {override.py:1912} INFO - Created Permission View: menu access on DAG Run:example_task_group_decorator
[2025-03-17T14:32:17.943-0400] {logging_mixin.py:190} INFO - [2025-03-17T14:32:17.942-0400] {override.py:1912} INFO - Created Permission View: can create on DAG Run:example_task_group_decorator
[2025-03-17T14:32:17.943-0400] {logging_mixin.py:190} INFO - [2025-03-17T14:32:17.943-0400] {dag.py:3239} INFO - Sync 1 DAGs
[2025-03-17T14:32:17.947-0400] {logging_mixin.py:190} INFO - [2025-03-17T14:32:17.947-0400] {dag.py:3262} INFO - Creating ORM DAG for example_task_group_decorator
[2025-03-17T14:32:17.947-0400] {logging_mixin.py:190} INFO - [2025-03-17T14:32:17.947-0400] {dag.py:4180} INFO - Setting next_dagrun for example_task_group_decorator to None, run_after=None
[2025-03-17T14:32:17.954-0400] {processor.py:208} INFO - Processing /Users/nidhipatel/ApacheAirflow_Tutorial/py_env/lib/python3.12/site-packages/airflow/example_dags/example_task_group_decorator.py took 0.117 seconds
[2025-03-17T14:33:57.839-0400] {processor.py:186} INFO - Started process (PID=32111) to work on /Users/nidhipatel/ApacheAirflow_Tutorial/py_env/lib/python3.12/site-packages/airflow/example_dags/example_task_group_decorator.py
[2025-03-17T14:33:57.882-0400] {processor.py:914} INFO - Processing file /Users/nidhipatel/ApacheAirflow_Tutorial/py_env/lib/python3.12/site-packages/airflow/example_dags/example_task_group_decorator.py for tasks to queue
[2025-03-17T14:33:57.883-0400] {logging_mixin.py:190} INFO - [2025-03-17T14:33:57.883-0400] {dagbag.py:588} INFO - Filling up the DagBag from /Users/nidhipatel/ApacheAirflow_Tutorial/py_env/lib/python3.12/site-packages/airflow/example_dags/example_task_group_decorator.py
[2025-03-17T14:33:57.904-0400] {processor.py:925} INFO - DAG(s) 'example_task_group_decorator' retrieved from /Users/nidhipatel/ApacheAirflow_Tutorial/py_env/lib/python3.12/site-packages/airflow/example_dags/example_task_group_decorator.py
[2025-03-17T14:33:57.946-0400] {logging_mixin.py:190} INFO - [2025-03-17T14:33:57.946-0400] {dag.py:3239} INFO - Sync 1 DAGs
[2025-03-17T14:33:57.951-0400] {logging_mixin.py:190} INFO - [2025-03-17T14:33:57.951-0400] {dag.py:4180} INFO - Setting next_dagrun for example_task_group_decorator to None, run_after=None
[2025-03-17T14:33:57.960-0400] {processor.py:208} INFO - Processing /Users/nidhipatel/ApacheAirflow_Tutorial/py_env/lib/python3.12/site-packages/airflow/example_dags/example_task_group_decorator.py took 0.123 seconds
[2025-03-17T14:35:05.074-0400] {processor.py:186} INFO - Started process (PID=32197) to work on /Users/nidhipatel/ApacheAirflow_Tutorial/py_env/lib/python3.12/site-packages/airflow/example_dags/example_task_group_decorator.py
[2025-03-17T14:35:05.075-0400] {processor.py:914} INFO - Processing file /Users/nidhipatel/ApacheAirflow_Tutorial/py_env/lib/python3.12/site-packages/airflow/example_dags/example_task_group_decorator.py for tasks to queue
[2025-03-17T14:35:05.075-0400] {logging_mixin.py:190} INFO - [2025-03-17T14:35:05.075-0400] {dagbag.py:588} INFO - Filling up the DagBag from /Users/nidhipatel/ApacheAirflow_Tutorial/py_env/lib/python3.12/site-packages/airflow/example_dags/example_task_group_decorator.py
[2025-03-17T14:35:05.091-0400] {processor.py:925} INFO - DAG(s) 'example_task_group_decorator' retrieved from /Users/nidhipatel/ApacheAirflow_Tutorial/py_env/lib/python3.12/site-packages/airflow/example_dags/example_task_group_decorator.py
[2025-03-17T14:35:05.127-0400] {logging_mixin.py:190} INFO - [2025-03-17T14:35:05.127-0400] {dag.py:3239} INFO - Sync 1 DAGs
[2025-03-17T14:35:05.131-0400] {logging_mixin.py:190} INFO - [2025-03-17T14:35:05.131-0400] {dag.py:4180} INFO - Setting next_dagrun for example_task_group_decorator to None, run_after=None
[2025-03-17T14:35:05.137-0400] {processor.py:208} INFO - Processing /Users/nidhipatel/ApacheAirflow_Tutorial/py_env/lib/python3.12/site-packages/airflow/example_dags/example_task_group_decorator.py took 0.064 seconds
[2025-03-17T14:36:11.797-0400] {processor.py:186} INFO - Started process (PID=32280) to work on /Users/nidhipatel/ApacheAirflow_Tutorial/py_env/lib/python3.12/site-packages/airflow/example_dags/example_task_group_decorator.py
[2025-03-17T14:36:11.797-0400] {processor.py:914} INFO - Processing file /Users/nidhipatel/ApacheAirflow_Tutorial/py_env/lib/python3.12/site-packages/airflow/example_dags/example_task_group_decorator.py for tasks to queue
[2025-03-17T14:36:11.798-0400] {logging_mixin.py:190} INFO - [2025-03-17T14:36:11.798-0400] {dagbag.py:588} INFO - Filling up the DagBag from /Users/nidhipatel/ApacheAirflow_Tutorial/py_env/lib/python3.12/site-packages/airflow/example_dags/example_task_group_decorator.py
[2025-03-17T14:36:11.815-0400] {processor.py:925} INFO - DAG(s) 'example_task_group_decorator' retrieved from /Users/nidhipatel/ApacheAirflow_Tutorial/py_env/lib/python3.12/site-packages/airflow/example_dags/example_task_group_decorator.py
[2025-03-17T14:36:11.850-0400] {logging_mixin.py:190} INFO - [2025-03-17T14:36:11.850-0400] {dag.py:3239} INFO - Sync 1 DAGs
[2025-03-17T14:36:11.853-0400] {logging_mixin.py:190} INFO - [2025-03-17T14:36:11.853-0400] {dag.py:4180} INFO - Setting next_dagrun for example_task_group_decorator to None, run_after=None
[2025-03-17T14:36:11.859-0400] {processor.py:208} INFO - Processing /Users/nidhipatel/ApacheAirflow_Tutorial/py_env/lib/python3.12/site-packages/airflow/example_dags/example_task_group_decorator.py took 0.064 seconds
[2025-03-17T14:37:16.870-0400] {processor.py:186} INFO - Started process (PID=32364) to work on /Users/nidhipatel/ApacheAirflow_Tutorial/py_env/lib/python3.12/site-packages/airflow/example_dags/example_task_group_decorator.py
[2025-03-17T14:37:16.871-0400] {processor.py:914} INFO - Processing file /Users/nidhipatel/ApacheAirflow_Tutorial/py_env/lib/python3.12/site-packages/airflow/example_dags/example_task_group_decorator.py for tasks to queue
[2025-03-17T14:37:16.871-0400] {logging_mixin.py:190} INFO - [2025-03-17T14:37:16.871-0400] {dagbag.py:588} INFO - Filling up the DagBag from /Users/nidhipatel/ApacheAirflow_Tutorial/py_env/lib/python3.12/site-packages/airflow/example_dags/example_task_group_decorator.py
[2025-03-17T14:37:16.887-0400] {processor.py:925} INFO - DAG(s) 'example_task_group_decorator' retrieved from /Users/nidhipatel/ApacheAirflow_Tutorial/py_env/lib/python3.12/site-packages/airflow/example_dags/example_task_group_decorator.py
[2025-03-17T14:37:16.923-0400] {logging_mixin.py:190} INFO - [2025-03-17T14:37:16.923-0400] {dag.py:3239} INFO - Sync 1 DAGs
[2025-03-17T14:37:16.926-0400] {logging_mixin.py:190} INFO - [2025-03-17T14:37:16.926-0400] {dag.py:4180} INFO - Setting next_dagrun for example_task_group_decorator to None, run_after=None
[2025-03-17T14:37:16.934-0400] {processor.py:208} INFO - Processing /Users/nidhipatel/ApacheAirflow_Tutorial/py_env/lib/python3.12/site-packages/airflow/example_dags/example_task_group_decorator.py took 0.065 seconds
[2025-03-17T14:38:19.749-0400] {processor.py:186} INFO - Started process (PID=32469) to work on /Users/nidhipatel/ApacheAirflow_Tutorial/py_env/lib/python3.12/site-packages/airflow/example_dags/example_task_group_decorator.py
[2025-03-17T14:38:19.749-0400] {processor.py:914} INFO - Processing file /Users/nidhipatel/ApacheAirflow_Tutorial/py_env/lib/python3.12/site-packages/airflow/example_dags/example_task_group_decorator.py for tasks to queue
[2025-03-17T14:38:19.750-0400] {logging_mixin.py:190} INFO - [2025-03-17T14:38:19.750-0400] {dagbag.py:588} INFO - Filling up the DagBag from /Users/nidhipatel/ApacheAirflow_Tutorial/py_env/lib/python3.12/site-packages/airflow/example_dags/example_task_group_decorator.py
[2025-03-17T14:38:19.767-0400] {processor.py:925} INFO - DAG(s) 'example_task_group_decorator' retrieved from /Users/nidhipatel/ApacheAirflow_Tutorial/py_env/lib/python3.12/site-packages/airflow/example_dags/example_task_group_decorator.py
[2025-03-17T14:38:19.807-0400] {logging_mixin.py:190} INFO - [2025-03-17T14:38:19.807-0400] {dag.py:3239} INFO - Sync 1 DAGs
[2025-03-17T14:38:19.814-0400] {logging_mixin.py:190} INFO - [2025-03-17T14:38:19.814-0400] {dag.py:4180} INFO - Setting next_dagrun for example_task_group_decorator to None, run_after=None
[2025-03-17T14:38:19.823-0400] {processor.py:208} INFO - Processing /Users/nidhipatel/ApacheAirflow_Tutorial/py_env/lib/python3.12/site-packages/airflow/example_dags/example_task_group_decorator.py took 0.076 seconds
[2025-03-17T14:39:20.402-0400] {processor.py:186} INFO - Started process (PID=32552) to work on /Users/nidhipatel/ApacheAirflow_Tutorial/py_env/lib/python3.12/site-packages/airflow/example_dags/example_task_group_decorator.py
[2025-03-17T14:39:20.402-0400] {processor.py:914} INFO - Processing file /Users/nidhipatel/ApacheAirflow_Tutorial/py_env/lib/python3.12/site-packages/airflow/example_dags/example_task_group_decorator.py for tasks to queue
[2025-03-17T14:39:20.403-0400] {logging_mixin.py:190} INFO - [2025-03-17T14:39:20.403-0400] {dagbag.py:588} INFO - Filling up the DagBag from /Users/nidhipatel/ApacheAirflow_Tutorial/py_env/lib/python3.12/site-packages/airflow/example_dags/example_task_group_decorator.py
[2025-03-17T14:39:20.420-0400] {processor.py:925} INFO - DAG(s) 'example_task_group_decorator' retrieved from /Users/nidhipatel/ApacheAirflow_Tutorial/py_env/lib/python3.12/site-packages/airflow/example_dags/example_task_group_decorator.py
[2025-03-17T14:39:20.457-0400] {logging_mixin.py:190} INFO - [2025-03-17T14:39:20.457-0400] {dag.py:3239} INFO - Sync 1 DAGs
[2025-03-17T14:39:20.460-0400] {logging_mixin.py:190} INFO - [2025-03-17T14:39:20.460-0400] {dag.py:4180} INFO - Setting next_dagrun for example_task_group_decorator to None, run_after=None
[2025-03-17T14:39:20.466-0400] {processor.py:208} INFO - Processing /Users/nidhipatel/ApacheAirflow_Tutorial/py_env/lib/python3.12/site-packages/airflow/example_dags/example_task_group_decorator.py took 0.066 seconds
[2025-03-17T14:40:24.181-0400] {processor.py:186} INFO - Started process (PID=32668) to work on /Users/nidhipatel/ApacheAirflow_Tutorial/py_env/lib/python3.12/site-packages/airflow/example_dags/example_task_group_decorator.py
[2025-03-17T14:40:24.182-0400] {processor.py:914} INFO - Processing file /Users/nidhipatel/ApacheAirflow_Tutorial/py_env/lib/python3.12/site-packages/airflow/example_dags/example_task_group_decorator.py for tasks to queue
[2025-03-17T14:40:24.182-0400] {logging_mixin.py:190} INFO - [2025-03-17T14:40:24.182-0400] {dagbag.py:588} INFO - Filling up the DagBag from /Users/nidhipatel/ApacheAirflow_Tutorial/py_env/lib/python3.12/site-packages/airflow/example_dags/example_task_group_decorator.py
[2025-03-17T14:40:24.199-0400] {processor.py:925} INFO - DAG(s) 'example_task_group_decorator' retrieved from /Users/nidhipatel/ApacheAirflow_Tutorial/py_env/lib/python3.12/site-packages/airflow/example_dags/example_task_group_decorator.py
[2025-03-17T14:40:24.236-0400] {logging_mixin.py:190} INFO - [2025-03-17T14:40:24.236-0400] {dag.py:3239} INFO - Sync 1 DAGs
[2025-03-17T14:40:24.239-0400] {logging_mixin.py:190} INFO - [2025-03-17T14:40:24.239-0400] {dag.py:4180} INFO - Setting next_dagrun for example_task_group_decorator to None, run_after=None
[2025-03-17T14:40:24.245-0400] {processor.py:208} INFO - Processing /Users/nidhipatel/ApacheAirflow_Tutorial/py_env/lib/python3.12/site-packages/airflow/example_dags/example_task_group_decorator.py took 0.065 seconds
[2025-03-17T14:41:26.563-0400] {processor.py:186} INFO - Started process (PID=32765) to work on /Users/nidhipatel/ApacheAirflow_Tutorial/py_env/lib/python3.12/site-packages/airflow/example_dags/example_task_group_decorator.py
[2025-03-17T14:41:26.564-0400] {processor.py:914} INFO - Processing file /Users/nidhipatel/ApacheAirflow_Tutorial/py_env/lib/python3.12/site-packages/airflow/example_dags/example_task_group_decorator.py for tasks to queue
[2025-03-17T14:41:26.565-0400] {logging_mixin.py:190} INFO - [2025-03-17T14:41:26.565-0400] {dagbag.py:588} INFO - Filling up the DagBag from /Users/nidhipatel/ApacheAirflow_Tutorial/py_env/lib/python3.12/site-packages/airflow/example_dags/example_task_group_decorator.py
[2025-03-17T14:41:26.585-0400] {processor.py:925} INFO - DAG(s) 'example_task_group_decorator' retrieved from /Users/nidhipatel/ApacheAirflow_Tutorial/py_env/lib/python3.12/site-packages/airflow/example_dags/example_task_group_decorator.py
[2025-03-17T14:41:26.623-0400] {logging_mixin.py:190} INFO - [2025-03-17T14:41:26.622-0400] {dag.py:3239} INFO - Sync 1 DAGs
[2025-03-17T14:41:26.627-0400] {logging_mixin.py:190} INFO - [2025-03-17T14:41:26.627-0400] {dag.py:4180} INFO - Setting next_dagrun for example_task_group_decorator to None, run_after=None
[2025-03-17T14:41:26.634-0400] {processor.py:208} INFO - Processing /Users/nidhipatel/ApacheAirflow_Tutorial/py_env/lib/python3.12/site-packages/airflow/example_dags/example_task_group_decorator.py took 0.074 seconds
[2025-03-17T14:42:29.079-0400] {processor.py:186} INFO - Started process (PID=32849) to work on /Users/nidhipatel/ApacheAirflow_Tutorial/py_env/lib/python3.12/site-packages/airflow/example_dags/example_task_group_decorator.py
[2025-03-17T14:42:29.082-0400] {processor.py:914} INFO - Processing file /Users/nidhipatel/ApacheAirflow_Tutorial/py_env/lib/python3.12/site-packages/airflow/example_dags/example_task_group_decorator.py for tasks to queue
[2025-03-17T14:42:29.082-0400] {logging_mixin.py:190} INFO - [2025-03-17T14:42:29.082-0400] {dagbag.py:588} INFO - Filling up the DagBag from /Users/nidhipatel/ApacheAirflow_Tutorial/py_env/lib/python3.12/site-packages/airflow/example_dags/example_task_group_decorator.py
[2025-03-17T14:42:29.099-0400] {processor.py:925} INFO - DAG(s) 'example_task_group_decorator' retrieved from /Users/nidhipatel/ApacheAirflow_Tutorial/py_env/lib/python3.12/site-packages/airflow/example_dags/example_task_group_decorator.py
[2025-03-17T14:42:29.134-0400] {logging_mixin.py:190} INFO - [2025-03-17T14:42:29.134-0400] {dag.py:3239} INFO - Sync 1 DAGs
[2025-03-17T14:42:29.138-0400] {logging_mixin.py:190} INFO - [2025-03-17T14:42:29.138-0400] {dag.py:4180} INFO - Setting next_dagrun for example_task_group_decorator to None, run_after=None
[2025-03-17T14:42:29.144-0400] {processor.py:208} INFO - Processing /Users/nidhipatel/ApacheAirflow_Tutorial/py_env/lib/python3.12/site-packages/airflow/example_dags/example_task_group_decorator.py took 0.066 seconds
[2025-03-17T14:43:37.018-0400] {processor.py:186} INFO - Started process (PID=32927) to work on /Users/nidhipatel/ApacheAirflow_Tutorial/py_env/lib/python3.12/site-packages/airflow/example_dags/example_task_group_decorator.py
[2025-03-17T14:43:37.019-0400] {processor.py:914} INFO - Processing file /Users/nidhipatel/ApacheAirflow_Tutorial/py_env/lib/python3.12/site-packages/airflow/example_dags/example_task_group_decorator.py for tasks to queue
[2025-03-17T14:43:37.019-0400] {logging_mixin.py:190} INFO - [2025-03-17T14:43:37.019-0400] {dagbag.py:588} INFO - Filling up the DagBag from /Users/nidhipatel/ApacheAirflow_Tutorial/py_env/lib/python3.12/site-packages/airflow/example_dags/example_task_group_decorator.py
[2025-03-17T14:43:37.035-0400] {processor.py:925} INFO - DAG(s) 'example_task_group_decorator' retrieved from /Users/nidhipatel/ApacheAirflow_Tutorial/py_env/lib/python3.12/site-packages/airflow/example_dags/example_task_group_decorator.py
[2025-03-17T14:43:37.071-0400] {logging_mixin.py:190} INFO - [2025-03-17T14:43:37.070-0400] {dag.py:3239} INFO - Sync 1 DAGs
[2025-03-17T14:43:37.074-0400] {logging_mixin.py:190} INFO - [2025-03-17T14:43:37.074-0400] {dag.py:4180} INFO - Setting next_dagrun for example_task_group_decorator to None, run_after=None
[2025-03-17T14:43:37.080-0400] {processor.py:208} INFO - Processing /Users/nidhipatel/ApacheAirflow_Tutorial/py_env/lib/python3.12/site-packages/airflow/example_dags/example_task_group_decorator.py took 0.063 seconds
[2025-03-17T14:44:44.789-0400] {processor.py:186} INFO - Started process (PID=33028) to work on /Users/nidhipatel/ApacheAirflow_Tutorial/py_env/lib/python3.12/site-packages/airflow/example_dags/example_task_group_decorator.py
[2025-03-17T14:44:44.790-0400] {processor.py:914} INFO - Processing file /Users/nidhipatel/ApacheAirflow_Tutorial/py_env/lib/python3.12/site-packages/airflow/example_dags/example_task_group_decorator.py for tasks to queue
[2025-03-17T14:44:44.790-0400] {logging_mixin.py:190} INFO - [2025-03-17T14:44:44.790-0400] {dagbag.py:588} INFO - Filling up the DagBag from /Users/nidhipatel/ApacheAirflow_Tutorial/py_env/lib/python3.12/site-packages/airflow/example_dags/example_task_group_decorator.py
[2025-03-17T14:44:44.807-0400] {processor.py:925} INFO - DAG(s) 'example_task_group_decorator' retrieved from /Users/nidhipatel/ApacheAirflow_Tutorial/py_env/lib/python3.12/site-packages/airflow/example_dags/example_task_group_decorator.py
[2025-03-17T14:44:44.842-0400] {logging_mixin.py:190} INFO - [2025-03-17T14:44:44.842-0400] {dag.py:3239} INFO - Sync 1 DAGs
[2025-03-17T14:44:44.846-0400] {logging_mixin.py:190} INFO - [2025-03-17T14:44:44.846-0400] {dag.py:4180} INFO - Setting next_dagrun for example_task_group_decorator to None, run_after=None
[2025-03-17T14:44:44.852-0400] {processor.py:208} INFO - Processing /Users/nidhipatel/ApacheAirflow_Tutorial/py_env/lib/python3.12/site-packages/airflow/example_dags/example_task_group_decorator.py took 0.064 seconds
[2025-03-17T14:45:54.370-0400] {processor.py:186} INFO - Started process (PID=33117) to work on /Users/nidhipatel/ApacheAirflow_Tutorial/py_env/lib/python3.12/site-packages/airflow/example_dags/example_task_group_decorator.py
[2025-03-17T14:45:54.370-0400] {processor.py:914} INFO - Processing file /Users/nidhipatel/ApacheAirflow_Tutorial/py_env/lib/python3.12/site-packages/airflow/example_dags/example_task_group_decorator.py for tasks to queue
[2025-03-17T14:45:54.371-0400] {logging_mixin.py:190} INFO - [2025-03-17T14:45:54.371-0400] {dagbag.py:588} INFO - Filling up the DagBag from /Users/nidhipatel/ApacheAirflow_Tutorial/py_env/lib/python3.12/site-packages/airflow/example_dags/example_task_group_decorator.py
[2025-03-17T14:45:54.389-0400] {processor.py:925} INFO - DAG(s) 'example_task_group_decorator' retrieved from /Users/nidhipatel/ApacheAirflow_Tutorial/py_env/lib/python3.12/site-packages/airflow/example_dags/example_task_group_decorator.py
[2025-03-17T14:45:54.426-0400] {logging_mixin.py:190} INFO - [2025-03-17T14:45:54.426-0400] {dag.py:3239} INFO - Sync 1 DAGs
[2025-03-17T14:45:54.432-0400] {logging_mixin.py:190} INFO - [2025-03-17T14:45:54.432-0400] {dag.py:4180} INFO - Setting next_dagrun for example_task_group_decorator to None, run_after=None
[2025-03-17T14:45:54.439-0400] {processor.py:208} INFO - Processing /Users/nidhipatel/ApacheAirflow_Tutorial/py_env/lib/python3.12/site-packages/airflow/example_dags/example_task_group_decorator.py took 0.073 seconds
[2025-03-17T14:47:02.490-0400] {processor.py:186} INFO - Started process (PID=33205) to work on /Users/nidhipatel/ApacheAirflow_Tutorial/py_env/lib/python3.12/site-packages/airflow/example_dags/example_task_group_decorator.py
[2025-03-17T14:47:02.491-0400] {processor.py:914} INFO - Processing file /Users/nidhipatel/ApacheAirflow_Tutorial/py_env/lib/python3.12/site-packages/airflow/example_dags/example_task_group_decorator.py for tasks to queue
[2025-03-17T14:47:02.491-0400] {logging_mixin.py:190} INFO - [2025-03-17T14:47:02.491-0400] {dagbag.py:588} INFO - Filling up the DagBag from /Users/nidhipatel/ApacheAirflow_Tutorial/py_env/lib/python3.12/site-packages/airflow/example_dags/example_task_group_decorator.py
[2025-03-17T14:47:02.508-0400] {processor.py:925} INFO - DAG(s) 'example_task_group_decorator' retrieved from /Users/nidhipatel/ApacheAirflow_Tutorial/py_env/lib/python3.12/site-packages/airflow/example_dags/example_task_group_decorator.py
[2025-03-17T14:47:02.543-0400] {logging_mixin.py:190} INFO - [2025-03-17T14:47:02.543-0400] {dag.py:3239} INFO - Sync 1 DAGs
[2025-03-17T14:47:02.547-0400] {logging_mixin.py:190} INFO - [2025-03-17T14:47:02.547-0400] {dag.py:4180} INFO - Setting next_dagrun for example_task_group_decorator to None, run_after=None
[2025-03-17T14:47:02.555-0400] {processor.py:208} INFO - Processing /Users/nidhipatel/ApacheAirflow_Tutorial/py_env/lib/python3.12/site-packages/airflow/example_dags/example_task_group_decorator.py took 0.066 seconds
[2025-03-17T14:48:10.538-0400] {processor.py:186} INFO - Started process (PID=33285) to work on /Users/nidhipatel/ApacheAirflow_Tutorial/py_env/lib/python3.12/site-packages/airflow/example_dags/example_task_group_decorator.py
[2025-03-17T14:48:10.538-0400] {processor.py:914} INFO - Processing file /Users/nidhipatel/ApacheAirflow_Tutorial/py_env/lib/python3.12/site-packages/airflow/example_dags/example_task_group_decorator.py for tasks to queue
[2025-03-17T14:48:10.539-0400] {logging_mixin.py:190} INFO - [2025-03-17T14:48:10.539-0400] {dagbag.py:588} INFO - Filling up the DagBag from /Users/nidhipatel/ApacheAirflow_Tutorial/py_env/lib/python3.12/site-packages/airflow/example_dags/example_task_group_decorator.py
[2025-03-17T14:48:10.555-0400] {processor.py:925} INFO - DAG(s) 'example_task_group_decorator' retrieved from /Users/nidhipatel/ApacheAirflow_Tutorial/py_env/lib/python3.12/site-packages/airflow/example_dags/example_task_group_decorator.py
[2025-03-17T14:48:10.591-0400] {logging_mixin.py:190} INFO - [2025-03-17T14:48:10.591-0400] {dag.py:3239} INFO - Sync 1 DAGs
[2025-03-17T14:48:10.595-0400] {logging_mixin.py:190} INFO - [2025-03-17T14:48:10.595-0400] {dag.py:4180} INFO - Setting next_dagrun for example_task_group_decorator to None, run_after=None
[2025-03-17T14:48:10.602-0400] {processor.py:208} INFO - Processing /Users/nidhipatel/ApacheAirflow_Tutorial/py_env/lib/python3.12/site-packages/airflow/example_dags/example_task_group_decorator.py took 0.066 seconds
[2025-03-17T14:49:17.207-0400] {processor.py:186} INFO - Started process (PID=33400) to work on /Users/nidhipatel/ApacheAirflow_Tutorial/py_env/lib/python3.12/site-packages/airflow/example_dags/example_task_group_decorator.py
[2025-03-17T14:49:17.208-0400] {processor.py:914} INFO - Processing file /Users/nidhipatel/ApacheAirflow_Tutorial/py_env/lib/python3.12/site-packages/airflow/example_dags/example_task_group_decorator.py for tasks to queue
[2025-03-17T14:49:17.208-0400] {logging_mixin.py:190} INFO - [2025-03-17T14:49:17.208-0400] {dagbag.py:588} INFO - Filling up the DagBag from /Users/nidhipatel/ApacheAirflow_Tutorial/py_env/lib/python3.12/site-packages/airflow/example_dags/example_task_group_decorator.py
[2025-03-17T14:49:17.227-0400] {processor.py:925} INFO - DAG(s) 'example_task_group_decorator' retrieved from /Users/nidhipatel/ApacheAirflow_Tutorial/py_env/lib/python3.12/site-packages/airflow/example_dags/example_task_group_decorator.py
[2025-03-17T14:49:17.266-0400] {logging_mixin.py:190} INFO - [2025-03-17T14:49:17.266-0400] {dag.py:3239} INFO - Sync 1 DAGs
[2025-03-17T14:49:17.270-0400] {logging_mixin.py:190} INFO - [2025-03-17T14:49:17.270-0400] {dag.py:4180} INFO - Setting next_dagrun for example_task_group_decorator to None, run_after=None
[2025-03-17T14:49:17.298-0400] {processor.py:208} INFO - Processing /Users/nidhipatel/ApacheAirflow_Tutorial/py_env/lib/python3.12/site-packages/airflow/example_dags/example_task_group_decorator.py took 0.092 seconds
[2025-03-17T14:50:20.529-0400] {processor.py:186} INFO - Started process (PID=33481) to work on /Users/nidhipatel/ApacheAirflow_Tutorial/py_env/lib/python3.12/site-packages/airflow/example_dags/example_task_group_decorator.py
[2025-03-17T14:50:20.530-0400] {processor.py:914} INFO - Processing file /Users/nidhipatel/ApacheAirflow_Tutorial/py_env/lib/python3.12/site-packages/airflow/example_dags/example_task_group_decorator.py for tasks to queue
[2025-03-17T14:50:20.531-0400] {logging_mixin.py:190} INFO - [2025-03-17T14:50:20.530-0400] {dagbag.py:588} INFO - Filling up the DagBag from /Users/nidhipatel/ApacheAirflow_Tutorial/py_env/lib/python3.12/site-packages/airflow/example_dags/example_task_group_decorator.py
[2025-03-17T14:50:20.550-0400] {processor.py:925} INFO - DAG(s) 'example_task_group_decorator' retrieved from /Users/nidhipatel/ApacheAirflow_Tutorial/py_env/lib/python3.12/site-packages/airflow/example_dags/example_task_group_decorator.py
[2025-03-17T14:50:20.593-0400] {logging_mixin.py:190} INFO - [2025-03-17T14:50:20.592-0400] {dag.py:3239} INFO - Sync 1 DAGs
[2025-03-17T14:50:20.597-0400] {logging_mixin.py:190} INFO - [2025-03-17T14:50:20.597-0400] {dag.py:4180} INFO - Setting next_dagrun for example_task_group_decorator to None, run_after=None
[2025-03-17T14:50:20.605-0400] {processor.py:208} INFO - Processing /Users/nidhipatel/ApacheAirflow_Tutorial/py_env/lib/python3.12/site-packages/airflow/example_dags/example_task_group_decorator.py took 0.078 seconds
[2025-03-17T14:51:26.702-0400] {processor.py:186} INFO - Started process (PID=33643) to work on /Users/nidhipatel/ApacheAirflow_Tutorial/py_env/lib/python3.12/site-packages/airflow/example_dags/example_task_group_decorator.py
[2025-03-17T14:51:26.703-0400] {processor.py:914} INFO - Processing file /Users/nidhipatel/ApacheAirflow_Tutorial/py_env/lib/python3.12/site-packages/airflow/example_dags/example_task_group_decorator.py for tasks to queue
[2025-03-17T14:51:26.703-0400] {logging_mixin.py:190} INFO - [2025-03-17T14:51:26.703-0400] {dagbag.py:588} INFO - Filling up the DagBag from /Users/nidhipatel/ApacheAirflow_Tutorial/py_env/lib/python3.12/site-packages/airflow/example_dags/example_task_group_decorator.py
[2025-03-17T14:51:26.724-0400] {processor.py:925} INFO - DAG(s) 'example_task_group_decorator' retrieved from /Users/nidhipatel/ApacheAirflow_Tutorial/py_env/lib/python3.12/site-packages/airflow/example_dags/example_task_group_decorator.py
[2025-03-17T14:51:26.766-0400] {logging_mixin.py:190} INFO - [2025-03-17T14:51:26.766-0400] {dag.py:3239} INFO - Sync 1 DAGs
[2025-03-17T14:51:26.771-0400] {logging_mixin.py:190} INFO - [2025-03-17T14:51:26.771-0400] {dag.py:4180} INFO - Setting next_dagrun for example_task_group_decorator to None, run_after=None
[2025-03-17T14:51:26.780-0400] {processor.py:208} INFO - Processing /Users/nidhipatel/ApacheAirflow_Tutorial/py_env/lib/python3.12/site-packages/airflow/example_dags/example_task_group_decorator.py took 0.079 seconds
[2025-03-17T14:52:34.469-0400] {processor.py:186} INFO - Started process (PID=33875) to work on /Users/nidhipatel/ApacheAirflow_Tutorial/py_env/lib/python3.12/site-packages/airflow/example_dags/example_task_group_decorator.py
[2025-03-17T14:52:34.470-0400] {processor.py:914} INFO - Processing file /Users/nidhipatel/ApacheAirflow_Tutorial/py_env/lib/python3.12/site-packages/airflow/example_dags/example_task_group_decorator.py for tasks to queue
[2025-03-17T14:52:34.471-0400] {logging_mixin.py:190} INFO - [2025-03-17T14:52:34.470-0400] {dagbag.py:588} INFO - Filling up the DagBag from /Users/nidhipatel/ApacheAirflow_Tutorial/py_env/lib/python3.12/site-packages/airflow/example_dags/example_task_group_decorator.py
[2025-03-17T14:52:34.488-0400] {processor.py:925} INFO - DAG(s) 'example_task_group_decorator' retrieved from /Users/nidhipatel/ApacheAirflow_Tutorial/py_env/lib/python3.12/site-packages/airflow/example_dags/example_task_group_decorator.py
[2025-03-17T14:52:34.525-0400] {logging_mixin.py:190} INFO - [2025-03-17T14:52:34.525-0400] {dag.py:3239} INFO - Sync 1 DAGs
[2025-03-17T14:52:34.530-0400] {logging_mixin.py:190} INFO - [2025-03-17T14:52:34.530-0400] {dag.py:4180} INFO - Setting next_dagrun for example_task_group_decorator to None, run_after=None
[2025-03-17T14:52:34.540-0400] {processor.py:208} INFO - Processing /Users/nidhipatel/ApacheAirflow_Tutorial/py_env/lib/python3.12/site-packages/airflow/example_dags/example_task_group_decorator.py took 0.073 seconds
