[2025-03-17T14:18:47.600-0400] {processor.py:186} INFO - Started process (PID=31182) to work on /Library/Frameworks/Python.framework/Versions/3.11/lib/python3.11/site-packages/airflow/example_dags/tutorial_objectstorage.py
[2025-03-17T14:18:47.600-0400] {processor.py:914} INFO - Processing file /Library/Frameworks/Python.framework/Versions/3.11/lib/python3.11/site-packages/airflow/example_dags/tutorial_objectstorage.py for tasks to queue
[2025-03-17T14:18:47.601-0400] {logging_mixin.py:190} INFO - [2025-03-17T14:18:47.600-0400] {dagbag.py:588} INFO - Filling up the DagBag from /Library/Frameworks/Python.framework/Versions/3.11/lib/python3.11/site-packages/airflow/example_dags/tutorial_objectstorage.py
[2025-03-17T14:18:47.613-0400] {processor.py:925} INFO - DAG(s) 'tutorial_objectstorage' retrieved from /Library/Frameworks/Python.framework/Versions/3.11/lib/python3.11/site-packages/airflow/example_dags/tutorial_objectstorage.py
[2025-03-17T14:18:47.673-0400] {logging_mixin.py:190} INFO - [2025-03-17T14:18:47.672-0400] {override.py:1912} INFO - Created Permission View: can delete on DAG:tutorial_objectstorage
[2025-03-17T14:18:47.675-0400] {logging_mixin.py:190} INFO - [2025-03-17T14:18:47.675-0400] {override.py:1912} INFO - Created Permission View: can read on DAG:tutorial_objectstorage
[2025-03-17T14:18:47.677-0400] {logging_mixin.py:190} INFO - [2025-03-17T14:18:47.677-0400] {override.py:1912} INFO - Created Permission View: can edit on DAG:tutorial_objectstorage
[2025-03-17T14:18:47.680-0400] {logging_mixin.py:190} INFO - [2025-03-17T14:18:47.680-0400] {override.py:1912} INFO - Created Permission View: can create on DAG Run:tutorial_objectstorage
[2025-03-17T14:18:47.682-0400] {logging_mixin.py:190} INFO - [2025-03-17T14:18:47.681-0400] {override.py:1912} INFO - Created Permission View: can delete on DAG Run:tutorial_objectstorage
[2025-03-17T14:18:47.683-0400] {logging_mixin.py:190} INFO - [2025-03-17T14:18:47.683-0400] {override.py:1912} INFO - Created Permission View: menu access on DAG Run:tutorial_objectstorage
[2025-03-17T14:18:47.685-0400] {logging_mixin.py:190} INFO - [2025-03-17T14:18:47.685-0400] {override.py:1912} INFO - Created Permission View: can read on DAG Run:tutorial_objectstorage
[2025-03-17T14:18:47.685-0400] {logging_mixin.py:190} INFO - [2025-03-17T14:18:47.685-0400] {dag.py:3239} INFO - Sync 1 DAGs
[2025-03-17T14:18:47.689-0400] {logging_mixin.py:190} INFO - [2025-03-17T14:18:47.689-0400] {dag.py:3262} INFO - Creating ORM DAG for tutorial_objectstorage
[2025-03-17T14:18:47.689-0400] {logging_mixin.py:190} INFO - [2025-03-17T14:18:47.689-0400] {dag.py:4180} INFO - Setting next_dagrun for tutorial_objectstorage to None, run_after=None
[2025-03-17T14:18:47.696-0400] {processor.py:208} INFO - Processing /Library/Frameworks/Python.framework/Versions/3.11/lib/python3.11/site-packages/airflow/example_dags/tutorial_objectstorage.py took 0.097 seconds
[2025-03-17T14:32:02.897-0400] {processor.py:186} INFO - Started process (PID=31921) to work on /Users/nidhipatel/ApacheAirflow_Tutorial/py_env/lib/python3.12/site-packages/airflow/example_dags/tutorial_objectstorage.py
[2025-03-17T14:32:02.902-0400] {processor.py:914} INFO - Processing file /Users/nidhipatel/ApacheAirflow_Tutorial/py_env/lib/python3.12/site-packages/airflow/example_dags/tutorial_objectstorage.py for tasks to queue
[2025-03-17T14:32:02.903-0400] {logging_mixin.py:190} INFO - [2025-03-17T14:32:02.903-0400] {dagbag.py:588} INFO - Filling up the DagBag from /Users/nidhipatel/ApacheAirflow_Tutorial/py_env/lib/python3.12/site-packages/airflow/example_dags/tutorial_objectstorage.py
[2025-03-17T14:32:02.922-0400] {processor.py:925} INFO - DAG(s) 'tutorial_objectstorage' retrieved from /Users/nidhipatel/ApacheAirflow_Tutorial/py_env/lib/python3.12/site-packages/airflow/example_dags/tutorial_objectstorage.py
[2025-03-17T14:32:02.997-0400] {logging_mixin.py:190} INFO - [2025-03-17T14:32:02.997-0400] {dag.py:3239} INFO - Sync 1 DAGs
[2025-03-17T14:32:03.002-0400] {logging_mixin.py:190} INFO - [2025-03-17T14:32:03.002-0400] {dag.py:4180} INFO - Setting next_dagrun for tutorial_objectstorage to None, run_after=None
[2025-03-17T14:32:03.010-0400] {processor.py:208} INFO - Processing /Users/nidhipatel/ApacheAirflow_Tutorial/py_env/lib/python3.12/site-packages/airflow/example_dags/tutorial_objectstorage.py took 0.115 seconds
[2025-03-17T14:33:44.389-0400] {processor.py:186} INFO - Started process (PID=32093) to work on /Users/nidhipatel/ApacheAirflow_Tutorial/py_env/lib/python3.12/site-packages/airflow/example_dags/tutorial_objectstorage.py
[2025-03-17T14:33:44.390-0400] {processor.py:914} INFO - Processing file /Users/nidhipatel/ApacheAirflow_Tutorial/py_env/lib/python3.12/site-packages/airflow/example_dags/tutorial_objectstorage.py for tasks to queue
[2025-03-17T14:33:44.390-0400] {logging_mixin.py:190} INFO - [2025-03-17T14:33:44.390-0400] {dagbag.py:588} INFO - Filling up the DagBag from /Users/nidhipatel/ApacheAirflow_Tutorial/py_env/lib/python3.12/site-packages/airflow/example_dags/tutorial_objectstorage.py
[2025-03-17T14:33:44.405-0400] {processor.py:925} INFO - DAG(s) 'tutorial_objectstorage' retrieved from /Users/nidhipatel/ApacheAirflow_Tutorial/py_env/lib/python3.12/site-packages/airflow/example_dags/tutorial_objectstorage.py
[2025-03-17T14:33:44.440-0400] {logging_mixin.py:190} INFO - [2025-03-17T14:33:44.440-0400] {dag.py:3239} INFO - Sync 1 DAGs
[2025-03-17T14:33:44.445-0400] {logging_mixin.py:190} INFO - [2025-03-17T14:33:44.444-0400] {dag.py:4180} INFO - Setting next_dagrun for tutorial_objectstorage to None, run_after=None
[2025-03-17T14:33:44.451-0400] {processor.py:208} INFO - Processing /Users/nidhipatel/ApacheAirflow_Tutorial/py_env/lib/python3.12/site-packages/airflow/example_dags/tutorial_objectstorage.py took 0.063 seconds
[2025-03-17T14:34:49.245-0400] {processor.py:186} INFO - Started process (PID=32179) to work on /Users/nidhipatel/ApacheAirflow_Tutorial/py_env/lib/python3.12/site-packages/airflow/example_dags/tutorial_objectstorage.py
[2025-03-17T14:34:49.246-0400] {processor.py:914} INFO - Processing file /Users/nidhipatel/ApacheAirflow_Tutorial/py_env/lib/python3.12/site-packages/airflow/example_dags/tutorial_objectstorage.py for tasks to queue
[2025-03-17T14:34:49.246-0400] {logging_mixin.py:190} INFO - [2025-03-17T14:34:49.246-0400] {dagbag.py:588} INFO - Filling up the DagBag from /Users/nidhipatel/ApacheAirflow_Tutorial/py_env/lib/python3.12/site-packages/airflow/example_dags/tutorial_objectstorage.py
[2025-03-17T14:34:49.261-0400] {processor.py:925} INFO - DAG(s) 'tutorial_objectstorage' retrieved from /Users/nidhipatel/ApacheAirflow_Tutorial/py_env/lib/python3.12/site-packages/airflow/example_dags/tutorial_objectstorage.py
[2025-03-17T14:34:49.297-0400] {logging_mixin.py:190} INFO - [2025-03-17T14:34:49.297-0400] {dag.py:3239} INFO - Sync 1 DAGs
[2025-03-17T14:34:49.301-0400] {logging_mixin.py:190} INFO - [2025-03-17T14:34:49.301-0400] {dag.py:4180} INFO - Setting next_dagrun for tutorial_objectstorage to None, run_after=None
[2025-03-17T14:34:49.308-0400] {processor.py:208} INFO - Processing /Users/nidhipatel/ApacheAirflow_Tutorial/py_env/lib/python3.12/site-packages/airflow/example_dags/tutorial_objectstorage.py took 0.064 seconds
[2025-03-17T14:35:57.260-0400] {processor.py:186} INFO - Started process (PID=32262) to work on /Users/nidhipatel/ApacheAirflow_Tutorial/py_env/lib/python3.12/site-packages/airflow/example_dags/tutorial_objectstorage.py
[2025-03-17T14:35:57.261-0400] {processor.py:914} INFO - Processing file /Users/nidhipatel/ApacheAirflow_Tutorial/py_env/lib/python3.12/site-packages/airflow/example_dags/tutorial_objectstorage.py for tasks to queue
[2025-03-17T14:35:57.261-0400] {logging_mixin.py:190} INFO - [2025-03-17T14:35:57.261-0400] {dagbag.py:588} INFO - Filling up the DagBag from /Users/nidhipatel/ApacheAirflow_Tutorial/py_env/lib/python3.12/site-packages/airflow/example_dags/tutorial_objectstorage.py
[2025-03-17T14:35:57.276-0400] {processor.py:925} INFO - DAG(s) 'tutorial_objectstorage' retrieved from /Users/nidhipatel/ApacheAirflow_Tutorial/py_env/lib/python3.12/site-packages/airflow/example_dags/tutorial_objectstorage.py
[2025-03-17T14:35:57.310-0400] {logging_mixin.py:190} INFO - [2025-03-17T14:35:57.310-0400] {dag.py:3239} INFO - Sync 1 DAGs
[2025-03-17T14:35:57.314-0400] {logging_mixin.py:190} INFO - [2025-03-17T14:35:57.314-0400] {dag.py:4180} INFO - Setting next_dagrun for tutorial_objectstorage to None, run_after=None
[2025-03-17T14:35:57.320-0400] {processor.py:208} INFO - Processing /Users/nidhipatel/ApacheAirflow_Tutorial/py_env/lib/python3.12/site-packages/airflow/example_dags/tutorial_objectstorage.py took 0.062 seconds
[2025-03-17T14:37:02.433-0400] {processor.py:186} INFO - Started process (PID=32346) to work on /Users/nidhipatel/ApacheAirflow_Tutorial/py_env/lib/python3.12/site-packages/airflow/example_dags/tutorial_objectstorage.py
[2025-03-17T14:37:02.433-0400] {processor.py:914} INFO - Processing file /Users/nidhipatel/ApacheAirflow_Tutorial/py_env/lib/python3.12/site-packages/airflow/example_dags/tutorial_objectstorage.py for tasks to queue
[2025-03-17T14:37:02.434-0400] {logging_mixin.py:190} INFO - [2025-03-17T14:37:02.434-0400] {dagbag.py:588} INFO - Filling up the DagBag from /Users/nidhipatel/ApacheAirflow_Tutorial/py_env/lib/python3.12/site-packages/airflow/example_dags/tutorial_objectstorage.py
[2025-03-17T14:37:02.447-0400] {processor.py:925} INFO - DAG(s) 'tutorial_objectstorage' retrieved from /Users/nidhipatel/ApacheAirflow_Tutorial/py_env/lib/python3.12/site-packages/airflow/example_dags/tutorial_objectstorage.py
[2025-03-17T14:37:02.481-0400] {logging_mixin.py:190} INFO - [2025-03-17T14:37:02.481-0400] {dag.py:3239} INFO - Sync 1 DAGs
[2025-03-17T14:37:02.485-0400] {logging_mixin.py:190} INFO - [2025-03-17T14:37:02.485-0400] {dag.py:4180} INFO - Setting next_dagrun for tutorial_objectstorage to None, run_after=None
[2025-03-17T14:37:02.491-0400] {processor.py:208} INFO - Processing /Users/nidhipatel/ApacheAirflow_Tutorial/py_env/lib/python3.12/site-packages/airflow/example_dags/tutorial_objectstorage.py took 0.060 seconds
[2025-03-17T14:38:05.979-0400] {processor.py:186} INFO - Started process (PID=32441) to work on /Users/nidhipatel/ApacheAirflow_Tutorial/py_env/lib/python3.12/site-packages/airflow/example_dags/tutorial_objectstorage.py
[2025-03-17T14:38:05.980-0400] {processor.py:914} INFO - Processing file /Users/nidhipatel/ApacheAirflow_Tutorial/py_env/lib/python3.12/site-packages/airflow/example_dags/tutorial_objectstorage.py for tasks to queue
[2025-03-17T14:38:05.980-0400] {logging_mixin.py:190} INFO - [2025-03-17T14:38:05.980-0400] {dagbag.py:588} INFO - Filling up the DagBag from /Users/nidhipatel/ApacheAirflow_Tutorial/py_env/lib/python3.12/site-packages/airflow/example_dags/tutorial_objectstorage.py
[2025-03-17T14:38:05.995-0400] {processor.py:925} INFO - DAG(s) 'tutorial_objectstorage' retrieved from /Users/nidhipatel/ApacheAirflow_Tutorial/py_env/lib/python3.12/site-packages/airflow/example_dags/tutorial_objectstorage.py
[2025-03-17T14:38:06.028-0400] {logging_mixin.py:190} INFO - [2025-03-17T14:38:06.028-0400] {dag.py:3239} INFO - Sync 1 DAGs
[2025-03-17T14:38:06.034-0400] {logging_mixin.py:190} INFO - [2025-03-17T14:38:06.034-0400] {dag.py:4180} INFO - Setting next_dagrun for tutorial_objectstorage to None, run_after=None
[2025-03-17T14:38:06.044-0400] {processor.py:208} INFO - Processing /Users/nidhipatel/ApacheAirflow_Tutorial/py_env/lib/python3.12/site-packages/airflow/example_dags/tutorial_objectstorage.py took 0.066 seconds
[2025-03-17T14:39:05.982-0400] {processor.py:186} INFO - Started process (PID=32534) to work on /Users/nidhipatel/ApacheAirflow_Tutorial/py_env/lib/python3.12/site-packages/airflow/example_dags/tutorial_objectstorage.py
[2025-03-17T14:39:05.983-0400] {processor.py:914} INFO - Processing file /Users/nidhipatel/ApacheAirflow_Tutorial/py_env/lib/python3.12/site-packages/airflow/example_dags/tutorial_objectstorage.py for tasks to queue
[2025-03-17T14:39:05.983-0400] {logging_mixin.py:190} INFO - [2025-03-17T14:39:05.983-0400] {dagbag.py:588} INFO - Filling up the DagBag from /Users/nidhipatel/ApacheAirflow_Tutorial/py_env/lib/python3.12/site-packages/airflow/example_dags/tutorial_objectstorage.py
[2025-03-17T14:39:05.998-0400] {processor.py:925} INFO - DAG(s) 'tutorial_objectstorage' retrieved from /Users/nidhipatel/ApacheAirflow_Tutorial/py_env/lib/python3.12/site-packages/airflow/example_dags/tutorial_objectstorage.py
[2025-03-17T14:39:06.034-0400] {logging_mixin.py:190} INFO - [2025-03-17T14:39:06.034-0400] {dag.py:3239} INFO - Sync 1 DAGs
[2025-03-17T14:39:06.039-0400] {logging_mixin.py:190} INFO - [2025-03-17T14:39:06.039-0400] {dag.py:4180} INFO - Setting next_dagrun for tutorial_objectstorage to None, run_after=None
[2025-03-17T14:39:06.046-0400] {processor.py:208} INFO - Processing /Users/nidhipatel/ApacheAirflow_Tutorial/py_env/lib/python3.12/site-packages/airflow/example_dags/tutorial_objectstorage.py took 0.065 seconds
[2025-03-17T14:40:08.824-0400] {processor.py:186} INFO - Started process (PID=32648) to work on /Users/nidhipatel/ApacheAirflow_Tutorial/py_env/lib/python3.12/site-packages/airflow/example_dags/tutorial_objectstorage.py
[2025-03-17T14:40:08.825-0400] {processor.py:914} INFO - Processing file /Users/nidhipatel/ApacheAirflow_Tutorial/py_env/lib/python3.12/site-packages/airflow/example_dags/tutorial_objectstorage.py for tasks to queue
[2025-03-17T14:40:08.826-0400] {logging_mixin.py:190} INFO - [2025-03-17T14:40:08.825-0400] {dagbag.py:588} INFO - Filling up the DagBag from /Users/nidhipatel/ApacheAirflow_Tutorial/py_env/lib/python3.12/site-packages/airflow/example_dags/tutorial_objectstorage.py
[2025-03-17T14:40:08.840-0400] {processor.py:925} INFO - DAG(s) 'tutorial_objectstorage' retrieved from /Users/nidhipatel/ApacheAirflow_Tutorial/py_env/lib/python3.12/site-packages/airflow/example_dags/tutorial_objectstorage.py
[2025-03-17T14:40:08.876-0400] {logging_mixin.py:190} INFO - [2025-03-17T14:40:08.876-0400] {dag.py:3239} INFO - Sync 1 DAGs
[2025-03-17T14:40:08.880-0400] {logging_mixin.py:190} INFO - [2025-03-17T14:40:08.880-0400] {dag.py:4180} INFO - Setting next_dagrun for tutorial_objectstorage to None, run_after=None
[2025-03-17T14:40:08.886-0400] {processor.py:208} INFO - Processing /Users/nidhipatel/ApacheAirflow_Tutorial/py_env/lib/python3.12/site-packages/airflow/example_dags/tutorial_objectstorage.py took 0.063 seconds
[2025-03-17T14:41:11.128-0400] {processor.py:186} INFO - Started process (PID=32737) to work on /Users/nidhipatel/ApacheAirflow_Tutorial/py_env/lib/python3.12/site-packages/airflow/example_dags/tutorial_objectstorage.py
[2025-03-17T14:41:11.129-0400] {processor.py:914} INFO - Processing file /Users/nidhipatel/ApacheAirflow_Tutorial/py_env/lib/python3.12/site-packages/airflow/example_dags/tutorial_objectstorage.py for tasks to queue
[2025-03-17T14:41:11.129-0400] {logging_mixin.py:190} INFO - [2025-03-17T14:41:11.129-0400] {dagbag.py:588} INFO - Filling up the DagBag from /Users/nidhipatel/ApacheAirflow_Tutorial/py_env/lib/python3.12/site-packages/airflow/example_dags/tutorial_objectstorage.py
[2025-03-17T14:41:11.143-0400] {processor.py:925} INFO - DAG(s) 'tutorial_objectstorage' retrieved from /Users/nidhipatel/ApacheAirflow_Tutorial/py_env/lib/python3.12/site-packages/airflow/example_dags/tutorial_objectstorage.py
[2025-03-17T14:41:11.177-0400] {logging_mixin.py:190} INFO - [2025-03-17T14:41:11.177-0400] {dag.py:3239} INFO - Sync 1 DAGs
[2025-03-17T14:41:11.181-0400] {logging_mixin.py:190} INFO - [2025-03-17T14:41:11.181-0400] {dag.py:4180} INFO - Setting next_dagrun for tutorial_objectstorage to None, run_after=None
[2025-03-17T14:41:11.187-0400] {processor.py:208} INFO - Processing /Users/nidhipatel/ApacheAirflow_Tutorial/py_env/lib/python3.12/site-packages/airflow/example_dags/tutorial_objectstorage.py took 0.061 seconds
[2025-03-17T14:42:15.618-0400] {processor.py:186} INFO - Started process (PID=32831) to work on /Users/nidhipatel/ApacheAirflow_Tutorial/py_env/lib/python3.12/site-packages/airflow/example_dags/tutorial_objectstorage.py
[2025-03-17T14:42:15.619-0400] {processor.py:914} INFO - Processing file /Users/nidhipatel/ApacheAirflow_Tutorial/py_env/lib/python3.12/site-packages/airflow/example_dags/tutorial_objectstorage.py for tasks to queue
[2025-03-17T14:42:15.619-0400] {logging_mixin.py:190} INFO - [2025-03-17T14:42:15.619-0400] {dagbag.py:588} INFO - Filling up the DagBag from /Users/nidhipatel/ApacheAirflow_Tutorial/py_env/lib/python3.12/site-packages/airflow/example_dags/tutorial_objectstorage.py
[2025-03-17T14:42:15.633-0400] {processor.py:925} INFO - DAG(s) 'tutorial_objectstorage' retrieved from /Users/nidhipatel/ApacheAirflow_Tutorial/py_env/lib/python3.12/site-packages/airflow/example_dags/tutorial_objectstorage.py
[2025-03-17T14:42:15.668-0400] {logging_mixin.py:190} INFO - [2025-03-17T14:42:15.667-0400] {dag.py:3239} INFO - Sync 1 DAGs
[2025-03-17T14:42:15.672-0400] {logging_mixin.py:190} INFO - [2025-03-17T14:42:15.671-0400] {dag.py:4180} INFO - Setting next_dagrun for tutorial_objectstorage to None, run_after=None
[2025-03-17T14:42:15.677-0400] {processor.py:208} INFO - Processing /Users/nidhipatel/ApacheAirflow_Tutorial/py_env/lib/python3.12/site-packages/airflow/example_dags/tutorial_objectstorage.py took 0.061 seconds
[2025-03-17T14:43:21.368-0400] {processor.py:186} INFO - Started process (PID=32909) to work on /Users/nidhipatel/ApacheAirflow_Tutorial/py_env/lib/python3.12/site-packages/airflow/example_dags/tutorial_objectstorage.py
[2025-03-17T14:43:21.369-0400] {processor.py:914} INFO - Processing file /Users/nidhipatel/ApacheAirflow_Tutorial/py_env/lib/python3.12/site-packages/airflow/example_dags/tutorial_objectstorage.py for tasks to queue
[2025-03-17T14:43:21.369-0400] {logging_mixin.py:190} INFO - [2025-03-17T14:43:21.369-0400] {dagbag.py:588} INFO - Filling up the DagBag from /Users/nidhipatel/ApacheAirflow_Tutorial/py_env/lib/python3.12/site-packages/airflow/example_dags/tutorial_objectstorage.py
[2025-03-17T14:43:21.383-0400] {processor.py:925} INFO - DAG(s) 'tutorial_objectstorage' retrieved from /Users/nidhipatel/ApacheAirflow_Tutorial/py_env/lib/python3.12/site-packages/airflow/example_dags/tutorial_objectstorage.py
[2025-03-17T14:43:21.416-0400] {logging_mixin.py:190} INFO - [2025-03-17T14:43:21.416-0400] {dag.py:3239} INFO - Sync 1 DAGs
[2025-03-17T14:43:21.420-0400] {logging_mixin.py:190} INFO - [2025-03-17T14:43:21.420-0400] {dag.py:4180} INFO - Setting next_dagrun for tutorial_objectstorage to None, run_after=None
[2025-03-17T14:43:21.426-0400] {processor.py:208} INFO - Processing /Users/nidhipatel/ApacheAirflow_Tutorial/py_env/lib/python3.12/site-packages/airflow/example_dags/tutorial_objectstorage.py took 0.059 seconds
[2025-03-17T14:44:28.876-0400] {processor.py:186} INFO - Started process (PID=32991) to work on /Users/nidhipatel/ApacheAirflow_Tutorial/py_env/lib/python3.12/site-packages/airflow/example_dags/tutorial_objectstorage.py
[2025-03-17T14:44:28.876-0400] {processor.py:914} INFO - Processing file /Users/nidhipatel/ApacheAirflow_Tutorial/py_env/lib/python3.12/site-packages/airflow/example_dags/tutorial_objectstorage.py for tasks to queue
[2025-03-17T14:44:28.877-0400] {logging_mixin.py:190} INFO - [2025-03-17T14:44:28.877-0400] {dagbag.py:588} INFO - Filling up the DagBag from /Users/nidhipatel/ApacheAirflow_Tutorial/py_env/lib/python3.12/site-packages/airflow/example_dags/tutorial_objectstorage.py
[2025-03-17T14:44:28.892-0400] {processor.py:925} INFO - DAG(s) 'tutorial_objectstorage' retrieved from /Users/nidhipatel/ApacheAirflow_Tutorial/py_env/lib/python3.12/site-packages/airflow/example_dags/tutorial_objectstorage.py
[2025-03-17T14:44:28.925-0400] {logging_mixin.py:190} INFO - [2025-03-17T14:44:28.925-0400] {dag.py:3239} INFO - Sync 1 DAGs
[2025-03-17T14:44:28.929-0400] {logging_mixin.py:190} INFO - [2025-03-17T14:44:28.929-0400] {dag.py:4180} INFO - Setting next_dagrun for tutorial_objectstorage to None, run_after=None
[2025-03-17T14:44:28.935-0400] {processor.py:208} INFO - Processing /Users/nidhipatel/ApacheAirflow_Tutorial/py_env/lib/python3.12/site-packages/airflow/example_dags/tutorial_objectstorage.py took 0.061 seconds
[2025-03-17T14:45:38.544-0400] {processor.py:186} INFO - Started process (PID=33099) to work on /Users/nidhipatel/ApacheAirflow_Tutorial/py_env/lib/python3.12/site-packages/airflow/example_dags/tutorial_objectstorage.py
[2025-03-17T14:45:38.545-0400] {processor.py:914} INFO - Processing file /Users/nidhipatel/ApacheAirflow_Tutorial/py_env/lib/python3.12/site-packages/airflow/example_dags/tutorial_objectstorage.py for tasks to queue
[2025-03-17T14:45:38.545-0400] {logging_mixin.py:190} INFO - [2025-03-17T14:45:38.545-0400] {dagbag.py:588} INFO - Filling up the DagBag from /Users/nidhipatel/ApacheAirflow_Tutorial/py_env/lib/python3.12/site-packages/airflow/example_dags/tutorial_objectstorage.py
[2025-03-17T14:45:38.560-0400] {processor.py:925} INFO - DAG(s) 'tutorial_objectstorage' retrieved from /Users/nidhipatel/ApacheAirflow_Tutorial/py_env/lib/python3.12/site-packages/airflow/example_dags/tutorial_objectstorage.py
[2025-03-17T14:45:38.601-0400] {logging_mixin.py:190} INFO - [2025-03-17T14:45:38.600-0400] {dag.py:3239} INFO - Sync 1 DAGs
[2025-03-17T14:45:38.605-0400] {logging_mixin.py:190} INFO - [2025-03-17T14:45:38.605-0400] {dag.py:4180} INFO - Setting next_dagrun for tutorial_objectstorage to None, run_after=None
[2025-03-17T14:45:38.611-0400] {processor.py:208} INFO - Processing /Users/nidhipatel/ApacheAirflow_Tutorial/py_env/lib/python3.12/site-packages/airflow/example_dags/tutorial_objectstorage.py took 0.069 seconds
[2025-03-17T14:46:46.688-0400] {processor.py:186} INFO - Started process (PID=33179) to work on /Users/nidhipatel/ApacheAirflow_Tutorial/py_env/lib/python3.12/site-packages/airflow/example_dags/tutorial_objectstorage.py
[2025-03-17T14:46:46.689-0400] {processor.py:914} INFO - Processing file /Users/nidhipatel/ApacheAirflow_Tutorial/py_env/lib/python3.12/site-packages/airflow/example_dags/tutorial_objectstorage.py for tasks to queue
[2025-03-17T14:46:46.690-0400] {logging_mixin.py:190} INFO - [2025-03-17T14:46:46.689-0400] {dagbag.py:588} INFO - Filling up the DagBag from /Users/nidhipatel/ApacheAirflow_Tutorial/py_env/lib/python3.12/site-packages/airflow/example_dags/tutorial_objectstorage.py
[2025-03-17T14:46:46.705-0400] {processor.py:925} INFO - DAG(s) 'tutorial_objectstorage' retrieved from /Users/nidhipatel/ApacheAirflow_Tutorial/py_env/lib/python3.12/site-packages/airflow/example_dags/tutorial_objectstorage.py
[2025-03-17T14:46:46.741-0400] {logging_mixin.py:190} INFO - [2025-03-17T14:46:46.741-0400] {dag.py:3239} INFO - Sync 1 DAGs
[2025-03-17T14:46:46.745-0400] {logging_mixin.py:190} INFO - [2025-03-17T14:46:46.745-0400] {dag.py:4180} INFO - Setting next_dagrun for tutorial_objectstorage to None, run_after=None
[2025-03-17T14:46:46.755-0400] {processor.py:208} INFO - Processing /Users/nidhipatel/ApacheAirflow_Tutorial/py_env/lib/python3.12/site-packages/airflow/example_dags/tutorial_objectstorage.py took 0.069 seconds
[2025-03-17T14:47:56.474-0400] {processor.py:186} INFO - Started process (PID=33267) to work on /Users/nidhipatel/ApacheAirflow_Tutorial/py_env/lib/python3.12/site-packages/airflow/example_dags/tutorial_objectstorage.py
[2025-03-17T14:47:56.475-0400] {processor.py:914} INFO - Processing file /Users/nidhipatel/ApacheAirflow_Tutorial/py_env/lib/python3.12/site-packages/airflow/example_dags/tutorial_objectstorage.py for tasks to queue
[2025-03-17T14:47:56.475-0400] {logging_mixin.py:190} INFO - [2025-03-17T14:47:56.475-0400] {dagbag.py:588} INFO - Filling up the DagBag from /Users/nidhipatel/ApacheAirflow_Tutorial/py_env/lib/python3.12/site-packages/airflow/example_dags/tutorial_objectstorage.py
[2025-03-17T14:47:56.489-0400] {processor.py:925} INFO - DAG(s) 'tutorial_objectstorage' retrieved from /Users/nidhipatel/ApacheAirflow_Tutorial/py_env/lib/python3.12/site-packages/airflow/example_dags/tutorial_objectstorage.py
[2025-03-17T14:47:56.524-0400] {logging_mixin.py:190} INFO - [2025-03-17T14:47:56.524-0400] {dag.py:3239} INFO - Sync 1 DAGs
[2025-03-17T14:47:56.528-0400] {logging_mixin.py:190} INFO - [2025-03-17T14:47:56.528-0400] {dag.py:4180} INFO - Setting next_dagrun for tutorial_objectstorage to None, run_after=None
[2025-03-17T14:47:56.534-0400] {processor.py:208} INFO - Processing /Users/nidhipatel/ApacheAirflow_Tutorial/py_env/lib/python3.12/site-packages/airflow/example_dags/tutorial_objectstorage.py took 0.061 seconds
[2025-03-17T14:49:01.398-0400] {processor.py:186} INFO - Started process (PID=33355) to work on /Users/nidhipatel/ApacheAirflow_Tutorial/py_env/lib/python3.12/site-packages/airflow/example_dags/tutorial_objectstorage.py
[2025-03-17T14:49:01.399-0400] {processor.py:914} INFO - Processing file /Users/nidhipatel/ApacheAirflow_Tutorial/py_env/lib/python3.12/site-packages/airflow/example_dags/tutorial_objectstorage.py for tasks to queue
[2025-03-17T14:49:01.399-0400] {logging_mixin.py:190} INFO - [2025-03-17T14:49:01.399-0400] {dagbag.py:588} INFO - Filling up the DagBag from /Users/nidhipatel/ApacheAirflow_Tutorial/py_env/lib/python3.12/site-packages/airflow/example_dags/tutorial_objectstorage.py
[2025-03-17T14:49:01.415-0400] {processor.py:925} INFO - DAG(s) 'tutorial_objectstorage' retrieved from /Users/nidhipatel/ApacheAirflow_Tutorial/py_env/lib/python3.12/site-packages/airflow/example_dags/tutorial_objectstorage.py
[2025-03-17T14:49:01.450-0400] {logging_mixin.py:190} INFO - [2025-03-17T14:49:01.450-0400] {dag.py:3239} INFO - Sync 1 DAGs
[2025-03-17T14:49:01.454-0400] {logging_mixin.py:190} INFO - [2025-03-17T14:49:01.454-0400] {dag.py:4180} INFO - Setting next_dagrun for tutorial_objectstorage to None, run_after=None
[2025-03-17T14:49:01.461-0400] {processor.py:208} INFO - Processing /Users/nidhipatel/ApacheAirflow_Tutorial/py_env/lib/python3.12/site-packages/airflow/example_dags/tutorial_objectstorage.py took 0.064 seconds
[2025-03-17T14:50:06.120-0400] {processor.py:186} INFO - Started process (PID=33463) to work on /Users/nidhipatel/ApacheAirflow_Tutorial/py_env/lib/python3.12/site-packages/airflow/example_dags/tutorial_objectstorage.py
[2025-03-17T14:50:06.121-0400] {processor.py:914} INFO - Processing file /Users/nidhipatel/ApacheAirflow_Tutorial/py_env/lib/python3.12/site-packages/airflow/example_dags/tutorial_objectstorage.py for tasks to queue
[2025-03-17T14:50:06.121-0400] {logging_mixin.py:190} INFO - [2025-03-17T14:50:06.121-0400] {dagbag.py:588} INFO - Filling up the DagBag from /Users/nidhipatel/ApacheAirflow_Tutorial/py_env/lib/python3.12/site-packages/airflow/example_dags/tutorial_objectstorage.py
[2025-03-17T14:50:06.137-0400] {processor.py:925} INFO - DAG(s) 'tutorial_objectstorage' retrieved from /Users/nidhipatel/ApacheAirflow_Tutorial/py_env/lib/python3.12/site-packages/airflow/example_dags/tutorial_objectstorage.py
[2025-03-17T14:50:06.172-0400] {logging_mixin.py:190} INFO - [2025-03-17T14:50:06.171-0400] {dag.py:3239} INFO - Sync 1 DAGs
[2025-03-17T14:50:06.176-0400] {logging_mixin.py:190} INFO - [2025-03-17T14:50:06.176-0400] {dag.py:4180} INFO - Setting next_dagrun for tutorial_objectstorage to None, run_after=None
[2025-03-17T14:50:06.183-0400] {processor.py:208} INFO - Processing /Users/nidhipatel/ApacheAirflow_Tutorial/py_env/lib/python3.12/site-packages/airflow/example_dags/tutorial_objectstorage.py took 0.064 seconds
[2025-03-17T14:51:11.039-0400] {processor.py:186} INFO - Started process (PID=33602) to work on /Users/nidhipatel/ApacheAirflow_Tutorial/py_env/lib/python3.12/site-packages/airflow/example_dags/tutorial_objectstorage.py
[2025-03-17T14:51:11.040-0400] {processor.py:914} INFO - Processing file /Users/nidhipatel/ApacheAirflow_Tutorial/py_env/lib/python3.12/site-packages/airflow/example_dags/tutorial_objectstorage.py for tasks to queue
[2025-03-17T14:51:11.040-0400] {logging_mixin.py:190} INFO - [2025-03-17T14:51:11.040-0400] {dagbag.py:588} INFO - Filling up the DagBag from /Users/nidhipatel/ApacheAirflow_Tutorial/py_env/lib/python3.12/site-packages/airflow/example_dags/tutorial_objectstorage.py
[2025-03-17T14:51:11.058-0400] {processor.py:925} INFO - DAG(s) 'tutorial_objectstorage' retrieved from /Users/nidhipatel/ApacheAirflow_Tutorial/py_env/lib/python3.12/site-packages/airflow/example_dags/tutorial_objectstorage.py
[2025-03-17T14:51:11.093-0400] {logging_mixin.py:190} INFO - [2025-03-17T14:51:11.093-0400] {dag.py:3239} INFO - Sync 1 DAGs
[2025-03-17T14:51:11.097-0400] {logging_mixin.py:190} INFO - [2025-03-17T14:51:11.097-0400] {dag.py:4180} INFO - Setting next_dagrun for tutorial_objectstorage to None, run_after=None
[2025-03-17T14:51:11.105-0400] {processor.py:208} INFO - Processing /Users/nidhipatel/ApacheAirflow_Tutorial/py_env/lib/python3.12/site-packages/airflow/example_dags/tutorial_objectstorage.py took 0.068 seconds
[2025-03-17T14:52:18.413-0400] {processor.py:186} INFO - Started process (PID=33825) to work on /Users/nidhipatel/ApacheAirflow_Tutorial/py_env/lib/python3.12/site-packages/airflow/example_dags/tutorial_objectstorage.py
[2025-03-17T14:52:18.413-0400] {processor.py:914} INFO - Processing file /Users/nidhipatel/ApacheAirflow_Tutorial/py_env/lib/python3.12/site-packages/airflow/example_dags/tutorial_objectstorage.py for tasks to queue
[2025-03-17T14:52:18.414-0400] {logging_mixin.py:190} INFO - [2025-03-17T14:52:18.414-0400] {dagbag.py:588} INFO - Filling up the DagBag from /Users/nidhipatel/ApacheAirflow_Tutorial/py_env/lib/python3.12/site-packages/airflow/example_dags/tutorial_objectstorage.py
[2025-03-17T14:52:18.429-0400] {processor.py:925} INFO - DAG(s) 'tutorial_objectstorage' retrieved from /Users/nidhipatel/ApacheAirflow_Tutorial/py_env/lib/python3.12/site-packages/airflow/example_dags/tutorial_objectstorage.py
[2025-03-17T14:52:18.466-0400] {logging_mixin.py:190} INFO - [2025-03-17T14:52:18.466-0400] {dag.py:3239} INFO - Sync 1 DAGs
[2025-03-17T14:52:18.471-0400] {logging_mixin.py:190} INFO - [2025-03-17T14:52:18.471-0400] {dag.py:4180} INFO - Setting next_dagrun for tutorial_objectstorage to None, run_after=None
[2025-03-17T14:52:18.479-0400] {processor.py:208} INFO - Processing /Users/nidhipatel/ApacheAirflow_Tutorial/py_env/lib/python3.12/site-packages/airflow/example_dags/tutorial_objectstorage.py took 0.067 seconds
