[2025-03-17T14:18:46.044-0400] {processor.py:186} INFO - Started process (PID=31180) to work on /Library/Frameworks/Python.framework/Versions/3.11/lib/python3.11/site-packages/airflow/example_dags/tutorial_taskflow_api.py
[2025-03-17T14:18:46.045-0400] {processor.py:914} INFO - Processing file /Library/Frameworks/Python.framework/Versions/3.11/lib/python3.11/site-packages/airflow/example_dags/tutorial_taskflow_api.py for tasks to queue
[2025-03-17T14:18:46.046-0400] {logging_mixin.py:190} INFO - [2025-03-17T14:18:46.045-0400] {dagbag.py:588} INFO - Filling up the DagBag from /Library/Frameworks/Python.framework/Versions/3.11/lib/python3.11/site-packages/airflow/example_dags/tutorial_taskflow_api.py
[2025-03-17T14:18:46.060-0400] {processor.py:925} INFO - DAG(s) 'tutorial_taskflow_api' retrieved from /Library/Frameworks/Python.framework/Versions/3.11/lib/python3.11/site-packages/airflow/example_dags/tutorial_taskflow_api.py
[2025-03-17T14:18:46.120-0400] {logging_mixin.py:190} INFO - [2025-03-17T14:18:46.120-0400] {override.py:1912} INFO - Created Permission View: can delete on DAG:tutorial_taskflow_api
[2025-03-17T14:18:46.123-0400] {logging_mixin.py:190} INFO - [2025-03-17T14:18:46.122-0400] {override.py:1912} INFO - Created Permission View: can read on DAG:tutorial_taskflow_api
[2025-03-17T14:18:46.124-0400] {logging_mixin.py:190} INFO - [2025-03-17T14:18:46.124-0400] {override.py:1912} INFO - Created Permission View: can edit on DAG:tutorial_taskflow_api
[2025-03-17T14:18:46.127-0400] {logging_mixin.py:190} INFO - [2025-03-17T14:18:46.127-0400] {override.py:1912} INFO - Created Permission View: can delete on DAG Run:tutorial_taskflow_api
[2025-03-17T14:18:46.129-0400] {logging_mixin.py:190} INFO - [2025-03-17T14:18:46.129-0400] {override.py:1912} INFO - Created Permission View: can read on DAG Run:tutorial_taskflow_api
[2025-03-17T14:18:46.131-0400] {logging_mixin.py:190} INFO - [2025-03-17T14:18:46.131-0400] {override.py:1912} INFO - Created Permission View: menu access on DAG Run:tutorial_taskflow_api
[2025-03-17T14:18:46.133-0400] {logging_mixin.py:190} INFO - [2025-03-17T14:18:46.133-0400] {override.py:1912} INFO - Created Permission View: can create on DAG Run:tutorial_taskflow_api
[2025-03-17T14:18:46.133-0400] {logging_mixin.py:190} INFO - [2025-03-17T14:18:46.133-0400] {dag.py:3239} INFO - Sync 1 DAGs
[2025-03-17T14:18:46.137-0400] {logging_mixin.py:190} INFO - [2025-03-17T14:18:46.137-0400] {dag.py:3262} INFO - Creating ORM DAG for tutorial_taskflow_api
[2025-03-17T14:18:46.137-0400] {logging_mixin.py:190} INFO - [2025-03-17T14:18:46.137-0400] {dag.py:4180} INFO - Setting next_dagrun for tutorial_taskflow_api to None, run_after=None
[2025-03-17T14:18:46.142-0400] {processor.py:208} INFO - Processing /Library/Frameworks/Python.framework/Versions/3.11/lib/python3.11/site-packages/airflow/example_dags/tutorial_taskflow_api.py took 0.099 seconds
[2025-03-17T14:32:00.971-0400] {processor.py:186} INFO - Started process (PID=31917) to work on /Users/nidhipatel/ApacheAirflow_Tutorial/py_env/lib/python3.12/site-packages/airflow/example_dags/tutorial_taskflow_api.py
[2025-03-17T14:32:00.971-0400] {processor.py:914} INFO - Processing file /Users/nidhipatel/ApacheAirflow_Tutorial/py_env/lib/python3.12/site-packages/airflow/example_dags/tutorial_taskflow_api.py for tasks to queue
[2025-03-17T14:32:00.972-0400] {logging_mixin.py:190} INFO - [2025-03-17T14:32:00.972-0400] {dagbag.py:588} INFO - Filling up the DagBag from /Users/nidhipatel/ApacheAirflow_Tutorial/py_env/lib/python3.12/site-packages/airflow/example_dags/tutorial_taskflow_api.py
[2025-03-17T14:32:00.987-0400] {processor.py:925} INFO - DAG(s) 'tutorial_taskflow_api' retrieved from /Users/nidhipatel/ApacheAirflow_Tutorial/py_env/lib/python3.12/site-packages/airflow/example_dags/tutorial_taskflow_api.py
[2025-03-17T14:32:01.060-0400] {logging_mixin.py:190} INFO - [2025-03-17T14:32:01.060-0400] {dag.py:3239} INFO - Sync 1 DAGs
[2025-03-17T14:32:01.065-0400] {logging_mixin.py:190} INFO - [2025-03-17T14:32:01.065-0400] {dag.py:4180} INFO - Setting next_dagrun for tutorial_taskflow_api to None, run_after=None
[2025-03-17T14:32:01.073-0400] {processor.py:208} INFO - Processing /Users/nidhipatel/ApacheAirflow_Tutorial/py_env/lib/python3.12/site-packages/airflow/example_dags/tutorial_taskflow_api.py took 0.104 seconds
[2025-03-17T14:32:46.833-0400] {processor.py:186} INFO - Started process (PID=31989) to work on /Users/nidhipatel/ApacheAirflow_Tutorial/py_env/lib/python3.12/site-packages/airflow/example_dags/tutorial_taskflow_api.py
[2025-03-17T14:32:46.834-0400] {processor.py:914} INFO - Processing file /Users/nidhipatel/ApacheAirflow_Tutorial/py_env/lib/python3.12/site-packages/airflow/example_dags/tutorial_taskflow_api.py for tasks to queue
[2025-03-17T14:32:46.834-0400] {logging_mixin.py:190} INFO - [2025-03-17T14:32:46.834-0400] {dagbag.py:588} INFO - Filling up the DagBag from /Users/nidhipatel/ApacheAirflow_Tutorial/py_env/lib/python3.12/site-packages/airflow/example_dags/tutorial_taskflow_api.py
[2025-03-17T14:32:46.850-0400] {processor.py:925} INFO - DAG(s) 'tutorial_taskflow_api' retrieved from /Users/nidhipatel/ApacheAirflow_Tutorial/py_env/lib/python3.12/site-packages/airflow/example_dags/tutorial_taskflow_api.py
[2025-03-17T14:32:46.884-0400] {logging_mixin.py:190} INFO - [2025-03-17T14:32:46.884-0400] {dag.py:3239} INFO - Sync 1 DAGs
[2025-03-17T14:32:46.888-0400] {logging_mixin.py:190} INFO - [2025-03-17T14:32:46.888-0400] {dag.py:4180} INFO - Setting next_dagrun for tutorial_taskflow_api to None, run_after=None
[2025-03-17T14:32:46.896-0400] {processor.py:208} INFO - Processing /Users/nidhipatel/ApacheAirflow_Tutorial/py_env/lib/python3.12/site-packages/airflow/example_dags/tutorial_taskflow_api.py took 0.064 seconds
[2025-03-17T14:33:42.576-0400] {processor.py:186} INFO - Started process (PID=32091) to work on /Users/nidhipatel/ApacheAirflow_Tutorial/py_env/lib/python3.12/site-packages/airflow/example_dags/tutorial_taskflow_api.py
[2025-03-17T14:33:42.577-0400] {processor.py:914} INFO - Processing file /Users/nidhipatel/ApacheAirflow_Tutorial/py_env/lib/python3.12/site-packages/airflow/example_dags/tutorial_taskflow_api.py for tasks to queue
[2025-03-17T14:33:42.577-0400] {logging_mixin.py:190} INFO - [2025-03-17T14:33:42.577-0400] {dagbag.py:588} INFO - Filling up the DagBag from /Users/nidhipatel/ApacheAirflow_Tutorial/py_env/lib/python3.12/site-packages/airflow/example_dags/tutorial_taskflow_api.py
[2025-03-17T14:33:42.593-0400] {processor.py:925} INFO - DAG(s) 'tutorial_taskflow_api' retrieved from /Users/nidhipatel/ApacheAirflow_Tutorial/py_env/lib/python3.12/site-packages/airflow/example_dags/tutorial_taskflow_api.py
[2025-03-17T14:33:42.629-0400] {logging_mixin.py:190} INFO - [2025-03-17T14:33:42.628-0400] {dag.py:3239} INFO - Sync 1 DAGs
[2025-03-17T14:33:42.637-0400] {logging_mixin.py:190} INFO - [2025-03-17T14:33:42.637-0400] {dag.py:4180} INFO - Setting next_dagrun for tutorial_taskflow_api to None, run_after=None
[2025-03-17T14:33:42.651-0400] {processor.py:208} INFO - Processing /Users/nidhipatel/ApacheAirflow_Tutorial/py_env/lib/python3.12/site-packages/airflow/example_dags/tutorial_taskflow_api.py took 0.076 seconds
[2025-03-17T14:34:47.481-0400] {processor.py:186} INFO - Started process (PID=32177) to work on /Users/nidhipatel/ApacheAirflow_Tutorial/py_env/lib/python3.12/site-packages/airflow/example_dags/tutorial_taskflow_api.py
[2025-03-17T14:34:47.482-0400] {processor.py:914} INFO - Processing file /Users/nidhipatel/ApacheAirflow_Tutorial/py_env/lib/python3.12/site-packages/airflow/example_dags/tutorial_taskflow_api.py for tasks to queue
[2025-03-17T14:34:47.482-0400] {logging_mixin.py:190} INFO - [2025-03-17T14:34:47.482-0400] {dagbag.py:588} INFO - Filling up the DagBag from /Users/nidhipatel/ApacheAirflow_Tutorial/py_env/lib/python3.12/site-packages/airflow/example_dags/tutorial_taskflow_api.py
[2025-03-17T14:34:47.497-0400] {processor.py:925} INFO - DAG(s) 'tutorial_taskflow_api' retrieved from /Users/nidhipatel/ApacheAirflow_Tutorial/py_env/lib/python3.12/site-packages/airflow/example_dags/tutorial_taskflow_api.py
[2025-03-17T14:34:47.533-0400] {logging_mixin.py:190} INFO - [2025-03-17T14:34:47.533-0400] {dag.py:3239} INFO - Sync 1 DAGs
[2025-03-17T14:34:47.537-0400] {logging_mixin.py:190} INFO - [2025-03-17T14:34:47.537-0400] {dag.py:4180} INFO - Setting next_dagrun for tutorial_taskflow_api to None, run_after=None
[2025-03-17T14:34:47.545-0400] {processor.py:208} INFO - Processing /Users/nidhipatel/ApacheAirflow_Tutorial/py_env/lib/python3.12/site-packages/airflow/example_dags/tutorial_taskflow_api.py took 0.066 seconds
[2025-03-17T14:35:56.292-0400] {processor.py:186} INFO - Started process (PID=32260) to work on /Users/nidhipatel/ApacheAirflow_Tutorial/py_env/lib/python3.12/site-packages/airflow/example_dags/tutorial_taskflow_api.py
[2025-03-17T14:35:56.292-0400] {processor.py:914} INFO - Processing file /Users/nidhipatel/ApacheAirflow_Tutorial/py_env/lib/python3.12/site-packages/airflow/example_dags/tutorial_taskflow_api.py for tasks to queue
[2025-03-17T14:35:56.293-0400] {logging_mixin.py:190} INFO - [2025-03-17T14:35:56.293-0400] {dagbag.py:588} INFO - Filling up the DagBag from /Users/nidhipatel/ApacheAirflow_Tutorial/py_env/lib/python3.12/site-packages/airflow/example_dags/tutorial_taskflow_api.py
[2025-03-17T14:35:56.307-0400] {processor.py:925} INFO - DAG(s) 'tutorial_taskflow_api' retrieved from /Users/nidhipatel/ApacheAirflow_Tutorial/py_env/lib/python3.12/site-packages/airflow/example_dags/tutorial_taskflow_api.py
[2025-03-17T14:35:56.343-0400] {logging_mixin.py:190} INFO - [2025-03-17T14:35:56.342-0400] {dag.py:3239} INFO - Sync 1 DAGs
[2025-03-17T14:35:56.347-0400] {logging_mixin.py:190} INFO - [2025-03-17T14:35:56.347-0400] {dag.py:4180} INFO - Setting next_dagrun for tutorial_taskflow_api to None, run_after=None
[2025-03-17T14:35:56.355-0400] {processor.py:208} INFO - Processing /Users/nidhipatel/ApacheAirflow_Tutorial/py_env/lib/python3.12/site-packages/airflow/example_dags/tutorial_taskflow_api.py took 0.065 seconds
[2025-03-17T14:37:01.608-0400] {processor.py:186} INFO - Started process (PID=32344) to work on /Users/nidhipatel/ApacheAirflow_Tutorial/py_env/lib/python3.12/site-packages/airflow/example_dags/tutorial_taskflow_api.py
[2025-03-17T14:37:01.608-0400] {processor.py:914} INFO - Processing file /Users/nidhipatel/ApacheAirflow_Tutorial/py_env/lib/python3.12/site-packages/airflow/example_dags/tutorial_taskflow_api.py for tasks to queue
[2025-03-17T14:37:01.609-0400] {logging_mixin.py:190} INFO - [2025-03-17T14:37:01.609-0400] {dagbag.py:588} INFO - Filling up the DagBag from /Users/nidhipatel/ApacheAirflow_Tutorial/py_env/lib/python3.12/site-packages/airflow/example_dags/tutorial_taskflow_api.py
[2025-03-17T14:37:01.623-0400] {processor.py:925} INFO - DAG(s) 'tutorial_taskflow_api' retrieved from /Users/nidhipatel/ApacheAirflow_Tutorial/py_env/lib/python3.12/site-packages/airflow/example_dags/tutorial_taskflow_api.py
[2025-03-17T14:37:01.658-0400] {logging_mixin.py:190} INFO - [2025-03-17T14:37:01.658-0400] {dag.py:3239} INFO - Sync 1 DAGs
[2025-03-17T14:37:01.662-0400] {logging_mixin.py:190} INFO - [2025-03-17T14:37:01.662-0400] {dag.py:4180} INFO - Setting next_dagrun for tutorial_taskflow_api to None, run_after=None
[2025-03-17T14:37:01.669-0400] {processor.py:208} INFO - Processing /Users/nidhipatel/ApacheAirflow_Tutorial/py_env/lib/python3.12/site-packages/airflow/example_dags/tutorial_taskflow_api.py took 0.063 seconds
[2025-03-17T14:38:04.198-0400] {processor.py:186} INFO - Started process (PID=32437) to work on /Users/nidhipatel/ApacheAirflow_Tutorial/py_env/lib/python3.12/site-packages/airflow/example_dags/tutorial_taskflow_api.py
[2025-03-17T14:38:04.199-0400] {processor.py:914} INFO - Processing file /Users/nidhipatel/ApacheAirflow_Tutorial/py_env/lib/python3.12/site-packages/airflow/example_dags/tutorial_taskflow_api.py for tasks to queue
[2025-03-17T14:38:04.199-0400] {logging_mixin.py:190} INFO - [2025-03-17T14:38:04.199-0400] {dagbag.py:588} INFO - Filling up the DagBag from /Users/nidhipatel/ApacheAirflow_Tutorial/py_env/lib/python3.12/site-packages/airflow/example_dags/tutorial_taskflow_api.py
[2025-03-17T14:38:04.214-0400] {processor.py:925} INFO - DAG(s) 'tutorial_taskflow_api' retrieved from /Users/nidhipatel/ApacheAirflow_Tutorial/py_env/lib/python3.12/site-packages/airflow/example_dags/tutorial_taskflow_api.py
[2025-03-17T14:38:04.251-0400] {logging_mixin.py:190} INFO - [2025-03-17T14:38:04.251-0400] {dag.py:3239} INFO - Sync 1 DAGs
[2025-03-17T14:38:04.255-0400] {logging_mixin.py:190} INFO - [2025-03-17T14:38:04.255-0400] {dag.py:4180} INFO - Setting next_dagrun for tutorial_taskflow_api to None, run_after=None
[2025-03-17T14:38:04.263-0400] {processor.py:208} INFO - Processing /Users/nidhipatel/ApacheAirflow_Tutorial/py_env/lib/python3.12/site-packages/airflow/example_dags/tutorial_taskflow_api.py took 0.066 seconds
[2025-03-17T14:39:04.214-0400] {processor.py:186} INFO - Started process (PID=32532) to work on /Users/nidhipatel/ApacheAirflow_Tutorial/py_env/lib/python3.12/site-packages/airflow/example_dags/tutorial_taskflow_api.py
[2025-03-17T14:39:04.214-0400] {processor.py:914} INFO - Processing file /Users/nidhipatel/ApacheAirflow_Tutorial/py_env/lib/python3.12/site-packages/airflow/example_dags/tutorial_taskflow_api.py for tasks to queue
[2025-03-17T14:39:04.215-0400] {logging_mixin.py:190} INFO - [2025-03-17T14:39:04.215-0400] {dagbag.py:588} INFO - Filling up the DagBag from /Users/nidhipatel/ApacheAirflow_Tutorial/py_env/lib/python3.12/site-packages/airflow/example_dags/tutorial_taskflow_api.py
[2025-03-17T14:39:04.229-0400] {processor.py:925} INFO - DAG(s) 'tutorial_taskflow_api' retrieved from /Users/nidhipatel/ApacheAirflow_Tutorial/py_env/lib/python3.12/site-packages/airflow/example_dags/tutorial_taskflow_api.py
[2025-03-17T14:39:04.263-0400] {logging_mixin.py:190} INFO - [2025-03-17T14:39:04.263-0400] {dag.py:3239} INFO - Sync 1 DAGs
[2025-03-17T14:39:04.268-0400] {logging_mixin.py:190} INFO - [2025-03-17T14:39:04.268-0400] {dag.py:4180} INFO - Setting next_dagrun for tutorial_taskflow_api to None, run_after=None
[2025-03-17T14:39:04.274-0400] {processor.py:208} INFO - Processing /Users/nidhipatel/ApacheAirflow_Tutorial/py_env/lib/python3.12/site-packages/airflow/example_dags/tutorial_taskflow_api.py took 0.062 seconds
[2025-03-17T14:40:07.478-0400] {processor.py:186} INFO - Started process (PID=32646) to work on /Users/nidhipatel/ApacheAirflow_Tutorial/py_env/lib/python3.12/site-packages/airflow/example_dags/tutorial_taskflow_api.py
[2025-03-17T14:40:07.479-0400] {processor.py:914} INFO - Processing file /Users/nidhipatel/ApacheAirflow_Tutorial/py_env/lib/python3.12/site-packages/airflow/example_dags/tutorial_taskflow_api.py for tasks to queue
[2025-03-17T14:40:07.479-0400] {logging_mixin.py:190} INFO - [2025-03-17T14:40:07.479-0400] {dagbag.py:588} INFO - Filling up the DagBag from /Users/nidhipatel/ApacheAirflow_Tutorial/py_env/lib/python3.12/site-packages/airflow/example_dags/tutorial_taskflow_api.py
[2025-03-17T14:40:07.495-0400] {processor.py:925} INFO - DAG(s) 'tutorial_taskflow_api' retrieved from /Users/nidhipatel/ApacheAirflow_Tutorial/py_env/lib/python3.12/site-packages/airflow/example_dags/tutorial_taskflow_api.py
[2025-03-17T14:40:07.533-0400] {logging_mixin.py:190} INFO - [2025-03-17T14:40:07.533-0400] {dag.py:3239} INFO - Sync 1 DAGs
[2025-03-17T14:40:07.538-0400] {logging_mixin.py:190} INFO - [2025-03-17T14:40:07.538-0400] {dag.py:4180} INFO - Setting next_dagrun for tutorial_taskflow_api to None, run_after=None
[2025-03-17T14:40:07.547-0400] {processor.py:208} INFO - Processing /Users/nidhipatel/ApacheAirflow_Tutorial/py_env/lib/python3.12/site-packages/airflow/example_dags/tutorial_taskflow_api.py took 0.070 seconds
[2025-03-17T14:41:10.111-0400] {processor.py:186} INFO - Started process (PID=32735) to work on /Users/nidhipatel/ApacheAirflow_Tutorial/py_env/lib/python3.12/site-packages/airflow/example_dags/tutorial_taskflow_api.py
[2025-03-17T14:41:10.112-0400] {processor.py:914} INFO - Processing file /Users/nidhipatel/ApacheAirflow_Tutorial/py_env/lib/python3.12/site-packages/airflow/example_dags/tutorial_taskflow_api.py for tasks to queue
[2025-03-17T14:41:10.112-0400] {logging_mixin.py:190} INFO - [2025-03-17T14:41:10.112-0400] {dagbag.py:588} INFO - Filling up the DagBag from /Users/nidhipatel/ApacheAirflow_Tutorial/py_env/lib/python3.12/site-packages/airflow/example_dags/tutorial_taskflow_api.py
[2025-03-17T14:41:10.126-0400] {processor.py:925} INFO - DAG(s) 'tutorial_taskflow_api' retrieved from /Users/nidhipatel/ApacheAirflow_Tutorial/py_env/lib/python3.12/site-packages/airflow/example_dags/tutorial_taskflow_api.py
[2025-03-17T14:41:10.163-0400] {logging_mixin.py:190} INFO - [2025-03-17T14:41:10.163-0400] {dag.py:3239} INFO - Sync 1 DAGs
[2025-03-17T14:41:10.167-0400] {logging_mixin.py:190} INFO - [2025-03-17T14:41:10.167-0400] {dag.py:4180} INFO - Setting next_dagrun for tutorial_taskflow_api to None, run_after=None
[2025-03-17T14:41:10.173-0400] {processor.py:208} INFO - Processing /Users/nidhipatel/ApacheAirflow_Tutorial/py_env/lib/python3.12/site-packages/airflow/example_dags/tutorial_taskflow_api.py took 0.064 seconds
[2025-03-17T14:42:13.842-0400] {processor.py:186} INFO - Started process (PID=32829) to work on /Users/nidhipatel/ApacheAirflow_Tutorial/py_env/lib/python3.12/site-packages/airflow/example_dags/tutorial_taskflow_api.py
[2025-03-17T14:42:13.842-0400] {processor.py:914} INFO - Processing file /Users/nidhipatel/ApacheAirflow_Tutorial/py_env/lib/python3.12/site-packages/airflow/example_dags/tutorial_taskflow_api.py for tasks to queue
[2025-03-17T14:42:13.843-0400] {logging_mixin.py:190} INFO - [2025-03-17T14:42:13.843-0400] {dagbag.py:588} INFO - Filling up the DagBag from /Users/nidhipatel/ApacheAirflow_Tutorial/py_env/lib/python3.12/site-packages/airflow/example_dags/tutorial_taskflow_api.py
[2025-03-17T14:42:13.857-0400] {processor.py:925} INFO - DAG(s) 'tutorial_taskflow_api' retrieved from /Users/nidhipatel/ApacheAirflow_Tutorial/py_env/lib/python3.12/site-packages/airflow/example_dags/tutorial_taskflow_api.py
[2025-03-17T14:42:13.897-0400] {logging_mixin.py:190} INFO - [2025-03-17T14:42:13.896-0400] {dag.py:3239} INFO - Sync 1 DAGs
[2025-03-17T14:42:13.901-0400] {logging_mixin.py:190} INFO - [2025-03-17T14:42:13.901-0400] {dag.py:4180} INFO - Setting next_dagrun for tutorial_taskflow_api to None, run_after=None
[2025-03-17T14:42:13.909-0400] {processor.py:208} INFO - Processing /Users/nidhipatel/ApacheAirflow_Tutorial/py_env/lib/python3.12/site-packages/airflow/example_dags/tutorial_taskflow_api.py took 0.068 seconds
[2025-03-17T14:43:19.621-0400] {processor.py:186} INFO - Started process (PID=32907) to work on /Users/nidhipatel/ApacheAirflow_Tutorial/py_env/lib/python3.12/site-packages/airflow/example_dags/tutorial_taskflow_api.py
[2025-03-17T14:43:19.622-0400] {processor.py:914} INFO - Processing file /Users/nidhipatel/ApacheAirflow_Tutorial/py_env/lib/python3.12/site-packages/airflow/example_dags/tutorial_taskflow_api.py for tasks to queue
[2025-03-17T14:43:19.622-0400] {logging_mixin.py:190} INFO - [2025-03-17T14:43:19.622-0400] {dagbag.py:588} INFO - Filling up the DagBag from /Users/nidhipatel/ApacheAirflow_Tutorial/py_env/lib/python3.12/site-packages/airflow/example_dags/tutorial_taskflow_api.py
[2025-03-17T14:43:19.637-0400] {processor.py:925} INFO - DAG(s) 'tutorial_taskflow_api' retrieved from /Users/nidhipatel/ApacheAirflow_Tutorial/py_env/lib/python3.12/site-packages/airflow/example_dags/tutorial_taskflow_api.py
[2025-03-17T14:43:19.673-0400] {logging_mixin.py:190} INFO - [2025-03-17T14:43:19.673-0400] {dag.py:3239} INFO - Sync 1 DAGs
[2025-03-17T14:43:19.678-0400] {logging_mixin.py:190} INFO - [2025-03-17T14:43:19.678-0400] {dag.py:4180} INFO - Setting next_dagrun for tutorial_taskflow_api to None, run_after=None
[2025-03-17T14:43:19.685-0400] {processor.py:208} INFO - Processing /Users/nidhipatel/ApacheAirflow_Tutorial/py_env/lib/python3.12/site-packages/airflow/example_dags/tutorial_taskflow_api.py took 0.065 seconds
[2025-03-17T14:44:27.118-0400] {processor.py:186} INFO - Started process (PID=32989) to work on /Users/nidhipatel/ApacheAirflow_Tutorial/py_env/lib/python3.12/site-packages/airflow/example_dags/tutorial_taskflow_api.py
[2025-03-17T14:44:27.119-0400] {processor.py:914} INFO - Processing file /Users/nidhipatel/ApacheAirflow_Tutorial/py_env/lib/python3.12/site-packages/airflow/example_dags/tutorial_taskflow_api.py for tasks to queue
[2025-03-17T14:44:27.119-0400] {logging_mixin.py:190} INFO - [2025-03-17T14:44:27.119-0400] {dagbag.py:588} INFO - Filling up the DagBag from /Users/nidhipatel/ApacheAirflow_Tutorial/py_env/lib/python3.12/site-packages/airflow/example_dags/tutorial_taskflow_api.py
[2025-03-17T14:44:27.134-0400] {processor.py:925} INFO - DAG(s) 'tutorial_taskflow_api' retrieved from /Users/nidhipatel/ApacheAirflow_Tutorial/py_env/lib/python3.12/site-packages/airflow/example_dags/tutorial_taskflow_api.py
[2025-03-17T14:44:27.168-0400] {logging_mixin.py:190} INFO - [2025-03-17T14:44:27.168-0400] {dag.py:3239} INFO - Sync 1 DAGs
[2025-03-17T14:44:27.172-0400] {logging_mixin.py:190} INFO - [2025-03-17T14:44:27.172-0400] {dag.py:4180} INFO - Setting next_dagrun for tutorial_taskflow_api to None, run_after=None
[2025-03-17T14:44:27.179-0400] {processor.py:208} INFO - Processing /Users/nidhipatel/ApacheAirflow_Tutorial/py_env/lib/python3.12/site-packages/airflow/example_dags/tutorial_taskflow_api.py took 0.063 seconds
[2025-03-17T14:45:36.775-0400] {processor.py:186} INFO - Started process (PID=33097) to work on /Users/nidhipatel/ApacheAirflow_Tutorial/py_env/lib/python3.12/site-packages/airflow/example_dags/tutorial_taskflow_api.py
[2025-03-17T14:45:36.776-0400] {processor.py:914} INFO - Processing file /Users/nidhipatel/ApacheAirflow_Tutorial/py_env/lib/python3.12/site-packages/airflow/example_dags/tutorial_taskflow_api.py for tasks to queue
[2025-03-17T14:45:36.776-0400] {logging_mixin.py:190} INFO - [2025-03-17T14:45:36.776-0400] {dagbag.py:588} INFO - Filling up the DagBag from /Users/nidhipatel/ApacheAirflow_Tutorial/py_env/lib/python3.12/site-packages/airflow/example_dags/tutorial_taskflow_api.py
[2025-03-17T14:45:36.791-0400] {processor.py:925} INFO - DAG(s) 'tutorial_taskflow_api' retrieved from /Users/nidhipatel/ApacheAirflow_Tutorial/py_env/lib/python3.12/site-packages/airflow/example_dags/tutorial_taskflow_api.py
[2025-03-17T14:45:36.826-0400] {logging_mixin.py:190} INFO - [2025-03-17T14:45:36.826-0400] {dag.py:3239} INFO - Sync 1 DAGs
[2025-03-17T14:45:36.830-0400] {logging_mixin.py:190} INFO - [2025-03-17T14:45:36.830-0400] {dag.py:4180} INFO - Setting next_dagrun for tutorial_taskflow_api to None, run_after=None
[2025-03-17T14:45:36.837-0400] {processor.py:208} INFO - Processing /Users/nidhipatel/ApacheAirflow_Tutorial/py_env/lib/python3.12/site-packages/airflow/example_dags/tutorial_taskflow_api.py took 0.064 seconds
[2025-03-17T14:46:44.879-0400] {processor.py:186} INFO - Started process (PID=33177) to work on /Users/nidhipatel/ApacheAirflow_Tutorial/py_env/lib/python3.12/site-packages/airflow/example_dags/tutorial_taskflow_api.py
[2025-03-17T14:46:44.879-0400] {processor.py:914} INFO - Processing file /Users/nidhipatel/ApacheAirflow_Tutorial/py_env/lib/python3.12/site-packages/airflow/example_dags/tutorial_taskflow_api.py for tasks to queue
[2025-03-17T14:46:44.880-0400] {logging_mixin.py:190} INFO - [2025-03-17T14:46:44.879-0400] {dagbag.py:588} INFO - Filling up the DagBag from /Users/nidhipatel/ApacheAirflow_Tutorial/py_env/lib/python3.12/site-packages/airflow/example_dags/tutorial_taskflow_api.py
[2025-03-17T14:46:44.898-0400] {processor.py:925} INFO - DAG(s) 'tutorial_taskflow_api' retrieved from /Users/nidhipatel/ApacheAirflow_Tutorial/py_env/lib/python3.12/site-packages/airflow/example_dags/tutorial_taskflow_api.py
[2025-03-17T14:46:44.934-0400] {logging_mixin.py:190} INFO - [2025-03-17T14:46:44.934-0400] {dag.py:3239} INFO - Sync 1 DAGs
[2025-03-17T14:46:44.938-0400] {logging_mixin.py:190} INFO - [2025-03-17T14:46:44.938-0400] {dag.py:4180} INFO - Setting next_dagrun for tutorial_taskflow_api to None, run_after=None
[2025-03-17T14:46:44.946-0400] {processor.py:208} INFO - Processing /Users/nidhipatel/ApacheAirflow_Tutorial/py_env/lib/python3.12/site-packages/airflow/example_dags/tutorial_taskflow_api.py took 0.069 seconds
[2025-03-17T14:47:54.724-0400] {processor.py:186} INFO - Started process (PID=33265) to work on /Users/nidhipatel/ApacheAirflow_Tutorial/py_env/lib/python3.12/site-packages/airflow/example_dags/tutorial_taskflow_api.py
[2025-03-17T14:47:54.725-0400] {processor.py:914} INFO - Processing file /Users/nidhipatel/ApacheAirflow_Tutorial/py_env/lib/python3.12/site-packages/airflow/example_dags/tutorial_taskflow_api.py for tasks to queue
[2025-03-17T14:47:54.725-0400] {logging_mixin.py:190} INFO - [2025-03-17T14:47:54.725-0400] {dagbag.py:588} INFO - Filling up the DagBag from /Users/nidhipatel/ApacheAirflow_Tutorial/py_env/lib/python3.12/site-packages/airflow/example_dags/tutorial_taskflow_api.py
[2025-03-17T14:47:54.740-0400] {processor.py:925} INFO - DAG(s) 'tutorial_taskflow_api' retrieved from /Users/nidhipatel/ApacheAirflow_Tutorial/py_env/lib/python3.12/site-packages/airflow/example_dags/tutorial_taskflow_api.py
[2025-03-17T14:47:54.775-0400] {logging_mixin.py:190} INFO - [2025-03-17T14:47:54.775-0400] {dag.py:3239} INFO - Sync 1 DAGs
[2025-03-17T14:47:54.779-0400] {logging_mixin.py:190} INFO - [2025-03-17T14:47:54.779-0400] {dag.py:4180} INFO - Setting next_dagrun for tutorial_taskflow_api to None, run_after=None
[2025-03-17T14:47:54.785-0400] {processor.py:208} INFO - Processing /Users/nidhipatel/ApacheAirflow_Tutorial/py_env/lib/python3.12/site-packages/airflow/example_dags/tutorial_taskflow_api.py took 0.063 seconds
[2025-03-17T14:48:59.842-0400] {processor.py:186} INFO - Started process (PID=33353) to work on /Users/nidhipatel/ApacheAirflow_Tutorial/py_env/lib/python3.12/site-packages/airflow/example_dags/tutorial_taskflow_api.py
[2025-03-17T14:48:59.843-0400] {processor.py:914} INFO - Processing file /Users/nidhipatel/ApacheAirflow_Tutorial/py_env/lib/python3.12/site-packages/airflow/example_dags/tutorial_taskflow_api.py for tasks to queue
[2025-03-17T14:48:59.843-0400] {logging_mixin.py:190} INFO - [2025-03-17T14:48:59.843-0400] {dagbag.py:588} INFO - Filling up the DagBag from /Users/nidhipatel/ApacheAirflow_Tutorial/py_env/lib/python3.12/site-packages/airflow/example_dags/tutorial_taskflow_api.py
[2025-03-17T14:48:59.859-0400] {processor.py:925} INFO - DAG(s) 'tutorial_taskflow_api' retrieved from /Users/nidhipatel/ApacheAirflow_Tutorial/py_env/lib/python3.12/site-packages/airflow/example_dags/tutorial_taskflow_api.py
[2025-03-17T14:48:59.897-0400] {logging_mixin.py:190} INFO - [2025-03-17T14:48:59.897-0400] {dag.py:3239} INFO - Sync 1 DAGs
[2025-03-17T14:48:59.901-0400] {logging_mixin.py:190} INFO - [2025-03-17T14:48:59.901-0400] {dag.py:4180} INFO - Setting next_dagrun for tutorial_taskflow_api to None, run_after=None
[2025-03-17T14:48:59.910-0400] {processor.py:208} INFO - Processing /Users/nidhipatel/ApacheAirflow_Tutorial/py_env/lib/python3.12/site-packages/airflow/example_dags/tutorial_taskflow_api.py took 0.069 seconds
[2025-03-17T14:50:04.337-0400] {processor.py:186} INFO - Started process (PID=33461) to work on /Users/nidhipatel/ApacheAirflow_Tutorial/py_env/lib/python3.12/site-packages/airflow/example_dags/tutorial_taskflow_api.py
[2025-03-17T14:50:04.338-0400] {processor.py:914} INFO - Processing file /Users/nidhipatel/ApacheAirflow_Tutorial/py_env/lib/python3.12/site-packages/airflow/example_dags/tutorial_taskflow_api.py for tasks to queue
[2025-03-17T14:50:04.338-0400] {logging_mixin.py:190} INFO - [2025-03-17T14:50:04.338-0400] {dagbag.py:588} INFO - Filling up the DagBag from /Users/nidhipatel/ApacheAirflow_Tutorial/py_env/lib/python3.12/site-packages/airflow/example_dags/tutorial_taskflow_api.py
[2025-03-17T14:50:04.353-0400] {processor.py:925} INFO - DAG(s) 'tutorial_taskflow_api' retrieved from /Users/nidhipatel/ApacheAirflow_Tutorial/py_env/lib/python3.12/site-packages/airflow/example_dags/tutorial_taskflow_api.py
[2025-03-17T14:50:04.388-0400] {logging_mixin.py:190} INFO - [2025-03-17T14:50:04.388-0400] {dag.py:3239} INFO - Sync 1 DAGs
[2025-03-17T14:50:04.392-0400] {logging_mixin.py:190} INFO - [2025-03-17T14:50:04.392-0400] {dag.py:4180} INFO - Setting next_dagrun for tutorial_taskflow_api to None, run_after=None
[2025-03-17T14:50:04.400-0400] {processor.py:208} INFO - Processing /Users/nidhipatel/ApacheAirflow_Tutorial/py_env/lib/python3.12/site-packages/airflow/example_dags/tutorial_taskflow_api.py took 0.064 seconds
[2025-03-17T14:51:09.124-0400] {processor.py:186} INFO - Started process (PID=33599) to work on /Users/nidhipatel/ApacheAirflow_Tutorial/py_env/lib/python3.12/site-packages/airflow/example_dags/tutorial_taskflow_api.py
[2025-03-17T14:51:09.125-0400] {processor.py:914} INFO - Processing file /Users/nidhipatel/ApacheAirflow_Tutorial/py_env/lib/python3.12/site-packages/airflow/example_dags/tutorial_taskflow_api.py for tasks to queue
[2025-03-17T14:51:09.125-0400] {logging_mixin.py:190} INFO - [2025-03-17T14:51:09.125-0400] {dagbag.py:588} INFO - Filling up the DagBag from /Users/nidhipatel/ApacheAirflow_Tutorial/py_env/lib/python3.12/site-packages/airflow/example_dags/tutorial_taskflow_api.py
[2025-03-17T14:51:09.144-0400] {processor.py:925} INFO - DAG(s) 'tutorial_taskflow_api' retrieved from /Users/nidhipatel/ApacheAirflow_Tutorial/py_env/lib/python3.12/site-packages/airflow/example_dags/tutorial_taskflow_api.py
[2025-03-17T14:51:09.191-0400] {logging_mixin.py:190} INFO - [2025-03-17T14:51:09.190-0400] {dag.py:3239} INFO - Sync 1 DAGs
[2025-03-17T14:51:09.195-0400] {logging_mixin.py:190} INFO - [2025-03-17T14:51:09.195-0400] {dag.py:4180} INFO - Setting next_dagrun for tutorial_taskflow_api to None, run_after=None
[2025-03-17T14:51:09.204-0400] {processor.py:208} INFO - Processing /Users/nidhipatel/ApacheAirflow_Tutorial/py_env/lib/python3.12/site-packages/airflow/example_dags/tutorial_taskflow_api.py took 0.082 seconds
[2025-03-17T14:52:16.524-0400] {processor.py:186} INFO - Started process (PID=33808) to work on /Users/nidhipatel/ApacheAirflow_Tutorial/py_env/lib/python3.12/site-packages/airflow/example_dags/tutorial_taskflow_api.py
[2025-03-17T14:52:16.526-0400] {processor.py:914} INFO - Processing file /Users/nidhipatel/ApacheAirflow_Tutorial/py_env/lib/python3.12/site-packages/airflow/example_dags/tutorial_taskflow_api.py for tasks to queue
[2025-03-17T14:52:16.528-0400] {logging_mixin.py:190} INFO - [2025-03-17T14:52:16.527-0400] {dagbag.py:588} INFO - Filling up the DagBag from /Users/nidhipatel/ApacheAirflow_Tutorial/py_env/lib/python3.12/site-packages/airflow/example_dags/tutorial_taskflow_api.py
[2025-03-17T14:52:16.553-0400] {processor.py:925} INFO - DAG(s) 'tutorial_taskflow_api' retrieved from /Users/nidhipatel/ApacheAirflow_Tutorial/py_env/lib/python3.12/site-packages/airflow/example_dags/tutorial_taskflow_api.py
[2025-03-17T14:52:16.607-0400] {logging_mixin.py:190} INFO - [2025-03-17T14:52:16.606-0400] {dag.py:3239} INFO - Sync 1 DAGs
[2025-03-17T14:52:16.618-0400] {logging_mixin.py:190} INFO - [2025-03-17T14:52:16.618-0400] {dag.py:4180} INFO - Setting next_dagrun for tutorial_taskflow_api to None, run_after=None
[2025-03-17T14:52:16.629-0400] {processor.py:208} INFO - Processing /Users/nidhipatel/ApacheAirflow_Tutorial/py_env/lib/python3.12/site-packages/airflow/example_dags/tutorial_taskflow_api.py took 0.109 seconds
