[2025-03-17T14:18:44.053-0400] {processor.py:186} INFO - Started process (PID=31174) to work on /Library/Frameworks/Python.framework/Versions/3.11/lib/python3.11/site-packages/airflow/example_dags/tutorial_taskflow_api_virtualenv.py
[2025-03-17T14:18:44.054-0400] {processor.py:914} INFO - Processing file /Library/Frameworks/Python.framework/Versions/3.11/lib/python3.11/site-packages/airflow/example_dags/tutorial_taskflow_api_virtualenv.py for tasks to queue
[2025-03-17T14:18:44.054-0400] {logging_mixin.py:190} INFO - [2025-03-17T14:18:44.054-0400] {dagbag.py:588} INFO - Filling up the DagBag from /Library/Frameworks/Python.framework/Versions/3.11/lib/python3.11/site-packages/airflow/example_dags/tutorial_taskflow_api_virtualenv.py
[2025-03-17T14:18:44.070-0400] {processor.py:925} INFO - DAG(s) 'tutorial_taskflow_api_virtualenv' retrieved from /Library/Frameworks/Python.framework/Versions/3.11/lib/python3.11/site-packages/airflow/example_dags/tutorial_taskflow_api_virtualenv.py
[2025-03-17T14:18:44.130-0400] {logging_mixin.py:190} INFO - [2025-03-17T14:18:44.130-0400] {override.py:1912} INFO - Created Permission View: can read on DAG:tutorial_taskflow_api_virtualenv
[2025-03-17T14:18:44.133-0400] {logging_mixin.py:190} INFO - [2025-03-17T14:18:44.133-0400] {override.py:1912} INFO - Created Permission View: can delete on DAG:tutorial_taskflow_api_virtualenv
[2025-03-17T14:18:44.135-0400] {logging_mixin.py:190} INFO - [2025-03-17T14:18:44.135-0400] {override.py:1912} INFO - Created Permission View: can edit on DAG:tutorial_taskflow_api_virtualenv
[2025-03-17T14:18:44.137-0400] {logging_mixin.py:190} INFO - [2025-03-17T14:18:44.137-0400] {override.py:1912} INFO - Created Permission View: menu access on DAG Run:tutorial_taskflow_api_virtualenv
[2025-03-17T14:18:44.139-0400] {logging_mixin.py:190} INFO - [2025-03-17T14:18:44.139-0400] {override.py:1912} INFO - Created Permission View: can read on DAG Run:tutorial_taskflow_api_virtualenv
[2025-03-17T14:18:44.141-0400] {logging_mixin.py:190} INFO - [2025-03-17T14:18:44.141-0400] {override.py:1912} INFO - Created Permission View: can delete on DAG Run:tutorial_taskflow_api_virtualenv
[2025-03-17T14:18:44.142-0400] {logging_mixin.py:190} INFO - [2025-03-17T14:18:44.142-0400] {override.py:1912} INFO - Created Permission View: can create on DAG Run:tutorial_taskflow_api_virtualenv
[2025-03-17T14:18:44.143-0400] {logging_mixin.py:190} INFO - [2025-03-17T14:18:44.142-0400] {dag.py:3239} INFO - Sync 1 DAGs
[2025-03-17T14:18:44.146-0400] {logging_mixin.py:190} INFO - [2025-03-17T14:18:44.146-0400] {dag.py:3262} INFO - Creating ORM DAG for tutorial_taskflow_api_virtualenv
[2025-03-17T14:18:44.146-0400] {logging_mixin.py:190} INFO - [2025-03-17T14:18:44.146-0400] {dag.py:4180} INFO - Setting next_dagrun for tutorial_taskflow_api_virtualenv to None, run_after=None
[2025-03-17T14:18:44.152-0400] {processor.py:208} INFO - Processing /Library/Frameworks/Python.framework/Versions/3.11/lib/python3.11/site-packages/airflow/example_dags/tutorial_taskflow_api_virtualenv.py took 0.100 seconds
[2025-03-17T14:31:59.075-0400] {processor.py:186} INFO - Started process (PID=31915) to work on /Users/nidhipatel/ApacheAirflow_Tutorial/py_env/lib/python3.12/site-packages/airflow/example_dags/tutorial_taskflow_api_virtualenv.py
[2025-03-17T14:31:59.075-0400] {processor.py:914} INFO - Processing file /Users/nidhipatel/ApacheAirflow_Tutorial/py_env/lib/python3.12/site-packages/airflow/example_dags/tutorial_taskflow_api_virtualenv.py for tasks to queue
[2025-03-17T14:31:59.076-0400] {logging_mixin.py:190} INFO - [2025-03-17T14:31:59.076-0400] {dagbag.py:588} INFO - Filling up the DagBag from /Users/nidhipatel/ApacheAirflow_Tutorial/py_env/lib/python3.12/site-packages/airflow/example_dags/tutorial_taskflow_api_virtualenv.py
[2025-03-17T14:31:59.091-0400] {processor.py:925} INFO - DAG(s) 'tutorial_taskflow_api_virtualenv' retrieved from /Users/nidhipatel/ApacheAirflow_Tutorial/py_env/lib/python3.12/site-packages/airflow/example_dags/tutorial_taskflow_api_virtualenv.py
[2025-03-17T14:31:59.156-0400] {logging_mixin.py:190} INFO - [2025-03-17T14:31:59.156-0400] {dag.py:3239} INFO - Sync 1 DAGs
[2025-03-17T14:31:59.160-0400] {logging_mixin.py:190} INFO - [2025-03-17T14:31:59.160-0400] {dag.py:4180} INFO - Setting next_dagrun for tutorial_taskflow_api_virtualenv to None, run_after=None
[2025-03-17T14:31:59.169-0400] {processor.py:208} INFO - Processing /Users/nidhipatel/ApacheAirflow_Tutorial/py_env/lib/python3.12/site-packages/airflow/example_dags/tutorial_taskflow_api_virtualenv.py took 0.095 seconds
[2025-03-17T14:33:40.725-0400] {processor.py:186} INFO - Started process (PID=32089) to work on /Users/nidhipatel/ApacheAirflow_Tutorial/py_env/lib/python3.12/site-packages/airflow/example_dags/tutorial_taskflow_api_virtualenv.py
[2025-03-17T14:33:40.726-0400] {processor.py:914} INFO - Processing file /Users/nidhipatel/ApacheAirflow_Tutorial/py_env/lib/python3.12/site-packages/airflow/example_dags/tutorial_taskflow_api_virtualenv.py for tasks to queue
[2025-03-17T14:33:40.726-0400] {logging_mixin.py:190} INFO - [2025-03-17T14:33:40.726-0400] {dagbag.py:588} INFO - Filling up the DagBag from /Users/nidhipatel/ApacheAirflow_Tutorial/py_env/lib/python3.12/site-packages/airflow/example_dags/tutorial_taskflow_api_virtualenv.py
[2025-03-17T14:33:40.743-0400] {processor.py:925} INFO - DAG(s) 'tutorial_taskflow_api_virtualenv' retrieved from /Users/nidhipatel/ApacheAirflow_Tutorial/py_env/lib/python3.12/site-packages/airflow/example_dags/tutorial_taskflow_api_virtualenv.py
[2025-03-17T14:33:40.837-0400] {logging_mixin.py:190} INFO - [2025-03-17T14:33:40.837-0400] {dag.py:3239} INFO - Sync 1 DAGs
[2025-03-17T14:33:40.841-0400] {logging_mixin.py:190} INFO - [2025-03-17T14:33:40.841-0400] {dag.py:4180} INFO - Setting next_dagrun for tutorial_taskflow_api_virtualenv to None, run_after=None
[2025-03-17T14:33:40.847-0400] {processor.py:208} INFO - Processing /Users/nidhipatel/ApacheAirflow_Tutorial/py_env/lib/python3.12/site-packages/airflow/example_dags/tutorial_taskflow_api_virtualenv.py took 0.124 seconds
[2025-03-17T14:34:45.680-0400] {processor.py:186} INFO - Started process (PID=32175) to work on /Users/nidhipatel/ApacheAirflow_Tutorial/py_env/lib/python3.12/site-packages/airflow/example_dags/tutorial_taskflow_api_virtualenv.py
[2025-03-17T14:34:45.680-0400] {processor.py:914} INFO - Processing file /Users/nidhipatel/ApacheAirflow_Tutorial/py_env/lib/python3.12/site-packages/airflow/example_dags/tutorial_taskflow_api_virtualenv.py for tasks to queue
[2025-03-17T14:34:45.681-0400] {logging_mixin.py:190} INFO - [2025-03-17T14:34:45.681-0400] {dagbag.py:588} INFO - Filling up the DagBag from /Users/nidhipatel/ApacheAirflow_Tutorial/py_env/lib/python3.12/site-packages/airflow/example_dags/tutorial_taskflow_api_virtualenv.py
[2025-03-17T14:34:45.696-0400] {processor.py:925} INFO - DAG(s) 'tutorial_taskflow_api_virtualenv' retrieved from /Users/nidhipatel/ApacheAirflow_Tutorial/py_env/lib/python3.12/site-packages/airflow/example_dags/tutorial_taskflow_api_virtualenv.py
[2025-03-17T14:34:45.786-0400] {logging_mixin.py:190} INFO - [2025-03-17T14:34:45.785-0400] {dag.py:3239} INFO - Sync 1 DAGs
[2025-03-17T14:34:45.789-0400] {logging_mixin.py:190} INFO - [2025-03-17T14:34:45.789-0400] {dag.py:4180} INFO - Setting next_dagrun for tutorial_taskflow_api_virtualenv to None, run_after=None
[2025-03-17T14:34:45.795-0400] {processor.py:208} INFO - Processing /Users/nidhipatel/ApacheAirflow_Tutorial/py_env/lib/python3.12/site-packages/airflow/example_dags/tutorial_taskflow_api_virtualenv.py took 0.117 seconds
[2025-03-17T14:35:55.023-0400] {processor.py:186} INFO - Started process (PID=32258) to work on /Users/nidhipatel/ApacheAirflow_Tutorial/py_env/lib/python3.12/site-packages/airflow/example_dags/tutorial_taskflow_api_virtualenv.py
[2025-03-17T14:35:55.024-0400] {processor.py:914} INFO - Processing file /Users/nidhipatel/ApacheAirflow_Tutorial/py_env/lib/python3.12/site-packages/airflow/example_dags/tutorial_taskflow_api_virtualenv.py for tasks to queue
[2025-03-17T14:35:55.024-0400] {logging_mixin.py:190} INFO - [2025-03-17T14:35:55.024-0400] {dagbag.py:588} INFO - Filling up the DagBag from /Users/nidhipatel/ApacheAirflow_Tutorial/py_env/lib/python3.12/site-packages/airflow/example_dags/tutorial_taskflow_api_virtualenv.py
[2025-03-17T14:35:55.041-0400] {processor.py:925} INFO - DAG(s) 'tutorial_taskflow_api_virtualenv' retrieved from /Users/nidhipatel/ApacheAirflow_Tutorial/py_env/lib/python3.12/site-packages/airflow/example_dags/tutorial_taskflow_api_virtualenv.py
[2025-03-17T14:35:55.132-0400] {logging_mixin.py:190} INFO - [2025-03-17T14:35:55.132-0400] {dag.py:3239} INFO - Sync 1 DAGs
[2025-03-17T14:35:55.135-0400] {logging_mixin.py:190} INFO - [2025-03-17T14:35:55.135-0400] {dag.py:4180} INFO - Setting next_dagrun for tutorial_taskflow_api_virtualenv to None, run_after=None
[2025-03-17T14:35:55.142-0400] {processor.py:208} INFO - Processing /Users/nidhipatel/ApacheAirflow_Tutorial/py_env/lib/python3.12/site-packages/airflow/example_dags/tutorial_taskflow_api_virtualenv.py took 0.120 seconds
[2025-03-17T14:36:59.823-0400] {processor.py:186} INFO - Started process (PID=32342) to work on /Users/nidhipatel/ApacheAirflow_Tutorial/py_env/lib/python3.12/site-packages/airflow/example_dags/tutorial_taskflow_api_virtualenv.py
[2025-03-17T14:36:59.824-0400] {processor.py:914} INFO - Processing file /Users/nidhipatel/ApacheAirflow_Tutorial/py_env/lib/python3.12/site-packages/airflow/example_dags/tutorial_taskflow_api_virtualenv.py for tasks to queue
[2025-03-17T14:36:59.824-0400] {logging_mixin.py:190} INFO - [2025-03-17T14:36:59.824-0400] {dagbag.py:588} INFO - Filling up the DagBag from /Users/nidhipatel/ApacheAirflow_Tutorial/py_env/lib/python3.12/site-packages/airflow/example_dags/tutorial_taskflow_api_virtualenv.py
[2025-03-17T14:36:59.839-0400] {processor.py:925} INFO - DAG(s) 'tutorial_taskflow_api_virtualenv' retrieved from /Users/nidhipatel/ApacheAirflow_Tutorial/py_env/lib/python3.12/site-packages/airflow/example_dags/tutorial_taskflow_api_virtualenv.py
[2025-03-17T14:36:59.926-0400] {logging_mixin.py:190} INFO - [2025-03-17T14:36:59.926-0400] {dag.py:3239} INFO - Sync 1 DAGs
[2025-03-17T14:36:59.930-0400] {logging_mixin.py:190} INFO - [2025-03-17T14:36:59.930-0400] {dag.py:4180} INFO - Setting next_dagrun for tutorial_taskflow_api_virtualenv to None, run_after=None
[2025-03-17T14:36:59.937-0400] {processor.py:208} INFO - Processing /Users/nidhipatel/ApacheAirflow_Tutorial/py_env/lib/python3.12/site-packages/airflow/example_dags/tutorial_taskflow_api_virtualenv.py took 0.115 seconds
[2025-03-17T14:38:02.963-0400] {processor.py:186} INFO - Started process (PID=32429) to work on /Users/nidhipatel/ApacheAirflow_Tutorial/py_env/lib/python3.12/site-packages/airflow/example_dags/tutorial_taskflow_api_virtualenv.py
[2025-03-17T14:38:02.964-0400] {processor.py:914} INFO - Processing file /Users/nidhipatel/ApacheAirflow_Tutorial/py_env/lib/python3.12/site-packages/airflow/example_dags/tutorial_taskflow_api_virtualenv.py for tasks to queue
[2025-03-17T14:38:02.964-0400] {logging_mixin.py:190} INFO - [2025-03-17T14:38:02.964-0400] {dagbag.py:588} INFO - Filling up the DagBag from /Users/nidhipatel/ApacheAirflow_Tutorial/py_env/lib/python3.12/site-packages/airflow/example_dags/tutorial_taskflow_api_virtualenv.py
[2025-03-17T14:38:02.982-0400] {processor.py:925} INFO - DAG(s) 'tutorial_taskflow_api_virtualenv' retrieved from /Users/nidhipatel/ApacheAirflow_Tutorial/py_env/lib/python3.12/site-packages/airflow/example_dags/tutorial_taskflow_api_virtualenv.py
[2025-03-17T14:38:03.070-0400] {logging_mixin.py:190} INFO - [2025-03-17T14:38:03.070-0400] {dag.py:3239} INFO - Sync 1 DAGs
[2025-03-17T14:38:03.073-0400] {logging_mixin.py:190} INFO - [2025-03-17T14:38:03.073-0400] {dag.py:4180} INFO - Setting next_dagrun for tutorial_taskflow_api_virtualenv to None, run_after=None
[2025-03-17T14:38:03.080-0400] {processor.py:208} INFO - Processing /Users/nidhipatel/ApacheAirflow_Tutorial/py_env/lib/python3.12/site-packages/airflow/example_dags/tutorial_taskflow_api_virtualenv.py took 0.118 seconds
[2025-03-17T14:39:02.369-0400] {processor.py:186} INFO - Started process (PID=32529) to work on /Users/nidhipatel/ApacheAirflow_Tutorial/py_env/lib/python3.12/site-packages/airflow/example_dags/tutorial_taskflow_api_virtualenv.py
[2025-03-17T14:39:02.370-0400] {processor.py:914} INFO - Processing file /Users/nidhipatel/ApacheAirflow_Tutorial/py_env/lib/python3.12/site-packages/airflow/example_dags/tutorial_taskflow_api_virtualenv.py for tasks to queue
[2025-03-17T14:39:02.371-0400] {logging_mixin.py:190} INFO - [2025-03-17T14:39:02.370-0400] {dagbag.py:588} INFO - Filling up the DagBag from /Users/nidhipatel/ApacheAirflow_Tutorial/py_env/lib/python3.12/site-packages/airflow/example_dags/tutorial_taskflow_api_virtualenv.py
[2025-03-17T14:39:02.386-0400] {processor.py:925} INFO - DAG(s) 'tutorial_taskflow_api_virtualenv' retrieved from /Users/nidhipatel/ApacheAirflow_Tutorial/py_env/lib/python3.12/site-packages/airflow/example_dags/tutorial_taskflow_api_virtualenv.py
[2025-03-17T14:39:02.478-0400] {logging_mixin.py:190} INFO - [2025-03-17T14:39:02.477-0400] {dag.py:3239} INFO - Sync 1 DAGs
[2025-03-17T14:39:02.481-0400] {logging_mixin.py:190} INFO - [2025-03-17T14:39:02.481-0400] {dag.py:4180} INFO - Setting next_dagrun for tutorial_taskflow_api_virtualenv to None, run_after=None
[2025-03-17T14:39:02.487-0400] {processor.py:208} INFO - Processing /Users/nidhipatel/ApacheAirflow_Tutorial/py_env/lib/python3.12/site-packages/airflow/example_dags/tutorial_taskflow_api_virtualenv.py took 0.119 seconds
[2025-03-17T14:40:05.571-0400] {processor.py:186} INFO - Started process (PID=32644) to work on /Users/nidhipatel/ApacheAirflow_Tutorial/py_env/lib/python3.12/site-packages/airflow/example_dags/tutorial_taskflow_api_virtualenv.py
[2025-03-17T14:40:05.572-0400] {processor.py:914} INFO - Processing file /Users/nidhipatel/ApacheAirflow_Tutorial/py_env/lib/python3.12/site-packages/airflow/example_dags/tutorial_taskflow_api_virtualenv.py for tasks to queue
[2025-03-17T14:40:05.572-0400] {logging_mixin.py:190} INFO - [2025-03-17T14:40:05.572-0400] {dagbag.py:588} INFO - Filling up the DagBag from /Users/nidhipatel/ApacheAirflow_Tutorial/py_env/lib/python3.12/site-packages/airflow/example_dags/tutorial_taskflow_api_virtualenv.py
[2025-03-17T14:40:05.588-0400] {processor.py:925} INFO - DAG(s) 'tutorial_taskflow_api_virtualenv' retrieved from /Users/nidhipatel/ApacheAirflow_Tutorial/py_env/lib/python3.12/site-packages/airflow/example_dags/tutorial_taskflow_api_virtualenv.py
[2025-03-17T14:40:05.676-0400] {logging_mixin.py:190} INFO - [2025-03-17T14:40:05.676-0400] {dag.py:3239} INFO - Sync 1 DAGs
[2025-03-17T14:40:05.679-0400] {logging_mixin.py:190} INFO - [2025-03-17T14:40:05.679-0400] {dag.py:4180} INFO - Setting next_dagrun for tutorial_taskflow_api_virtualenv to None, run_after=None
[2025-03-17T14:40:05.686-0400] {processor.py:208} INFO - Processing /Users/nidhipatel/ApacheAirflow_Tutorial/py_env/lib/python3.12/site-packages/airflow/example_dags/tutorial_taskflow_api_virtualenv.py took 0.116 seconds
[2025-03-17T14:41:08.293-0400] {processor.py:186} INFO - Started process (PID=32733) to work on /Users/nidhipatel/ApacheAirflow_Tutorial/py_env/lib/python3.12/site-packages/airflow/example_dags/tutorial_taskflow_api_virtualenv.py
[2025-03-17T14:41:08.294-0400] {processor.py:914} INFO - Processing file /Users/nidhipatel/ApacheAirflow_Tutorial/py_env/lib/python3.12/site-packages/airflow/example_dags/tutorial_taskflow_api_virtualenv.py for tasks to queue
[2025-03-17T14:41:08.294-0400] {logging_mixin.py:190} INFO - [2025-03-17T14:41:08.294-0400] {dagbag.py:588} INFO - Filling up the DagBag from /Users/nidhipatel/ApacheAirflow_Tutorial/py_env/lib/python3.12/site-packages/airflow/example_dags/tutorial_taskflow_api_virtualenv.py
[2025-03-17T14:41:08.309-0400] {processor.py:925} INFO - DAG(s) 'tutorial_taskflow_api_virtualenv' retrieved from /Users/nidhipatel/ApacheAirflow_Tutorial/py_env/lib/python3.12/site-packages/airflow/example_dags/tutorial_taskflow_api_virtualenv.py
[2025-03-17T14:41:08.402-0400] {logging_mixin.py:190} INFO - [2025-03-17T14:41:08.402-0400] {dag.py:3239} INFO - Sync 1 DAGs
[2025-03-17T14:41:08.406-0400] {logging_mixin.py:190} INFO - [2025-03-17T14:41:08.406-0400] {dag.py:4180} INFO - Setting next_dagrun for tutorial_taskflow_api_virtualenv to None, run_after=None
[2025-03-17T14:41:08.412-0400] {processor.py:208} INFO - Processing /Users/nidhipatel/ApacheAirflow_Tutorial/py_env/lib/python3.12/site-packages/airflow/example_dags/tutorial_taskflow_api_virtualenv.py took 0.121 seconds
[2025-03-17T14:42:12.878-0400] {processor.py:186} INFO - Started process (PID=32827) to work on /Users/nidhipatel/ApacheAirflow_Tutorial/py_env/lib/python3.12/site-packages/airflow/example_dags/tutorial_taskflow_api_virtualenv.py
[2025-03-17T14:42:12.878-0400] {processor.py:914} INFO - Processing file /Users/nidhipatel/ApacheAirflow_Tutorial/py_env/lib/python3.12/site-packages/airflow/example_dags/tutorial_taskflow_api_virtualenv.py for tasks to queue
[2025-03-17T14:42:12.879-0400] {logging_mixin.py:190} INFO - [2025-03-17T14:42:12.879-0400] {dagbag.py:588} INFO - Filling up the DagBag from /Users/nidhipatel/ApacheAirflow_Tutorial/py_env/lib/python3.12/site-packages/airflow/example_dags/tutorial_taskflow_api_virtualenv.py
[2025-03-17T14:42:12.896-0400] {processor.py:925} INFO - DAG(s) 'tutorial_taskflow_api_virtualenv' retrieved from /Users/nidhipatel/ApacheAirflow_Tutorial/py_env/lib/python3.12/site-packages/airflow/example_dags/tutorial_taskflow_api_virtualenv.py
[2025-03-17T14:42:12.992-0400] {logging_mixin.py:190} INFO - [2025-03-17T14:42:12.992-0400] {dag.py:3239} INFO - Sync 1 DAGs
[2025-03-17T14:42:12.996-0400] {logging_mixin.py:190} INFO - [2025-03-17T14:42:12.996-0400] {dag.py:4180} INFO - Setting next_dagrun for tutorial_taskflow_api_virtualenv to None, run_after=None
[2025-03-17T14:42:13.002-0400] {processor.py:208} INFO - Processing /Users/nidhipatel/ApacheAirflow_Tutorial/py_env/lib/python3.12/site-packages/airflow/example_dags/tutorial_taskflow_api_virtualenv.py took 0.126 seconds
[2025-03-17T14:43:17.792-0400] {processor.py:186} INFO - Started process (PID=32905) to work on /Users/nidhipatel/ApacheAirflow_Tutorial/py_env/lib/python3.12/site-packages/airflow/example_dags/tutorial_taskflow_api_virtualenv.py
[2025-03-17T14:43:17.792-0400] {processor.py:914} INFO - Processing file /Users/nidhipatel/ApacheAirflow_Tutorial/py_env/lib/python3.12/site-packages/airflow/example_dags/tutorial_taskflow_api_virtualenv.py for tasks to queue
[2025-03-17T14:43:17.793-0400] {logging_mixin.py:190} INFO - [2025-03-17T14:43:17.793-0400] {dagbag.py:588} INFO - Filling up the DagBag from /Users/nidhipatel/ApacheAirflow_Tutorial/py_env/lib/python3.12/site-packages/airflow/example_dags/tutorial_taskflow_api_virtualenv.py
[2025-03-17T14:43:17.810-0400] {processor.py:925} INFO - DAG(s) 'tutorial_taskflow_api_virtualenv' retrieved from /Users/nidhipatel/ApacheAirflow_Tutorial/py_env/lib/python3.12/site-packages/airflow/example_dags/tutorial_taskflow_api_virtualenv.py
[2025-03-17T14:43:17.911-0400] {logging_mixin.py:190} INFO - [2025-03-17T14:43:17.911-0400] {dag.py:3239} INFO - Sync 1 DAGs
[2025-03-17T14:43:17.914-0400] {logging_mixin.py:190} INFO - [2025-03-17T14:43:17.914-0400] {dag.py:4180} INFO - Setting next_dagrun for tutorial_taskflow_api_virtualenv to None, run_after=None
[2025-03-17T14:43:17.921-0400] {processor.py:208} INFO - Processing /Users/nidhipatel/ApacheAirflow_Tutorial/py_env/lib/python3.12/site-packages/airflow/example_dags/tutorial_taskflow_api_virtualenv.py took 0.130 seconds
[2025-03-17T14:44:25.317-0400] {processor.py:186} INFO - Started process (PID=32987) to work on /Users/nidhipatel/ApacheAirflow_Tutorial/py_env/lib/python3.12/site-packages/airflow/example_dags/tutorial_taskflow_api_virtualenv.py
[2025-03-17T14:44:25.317-0400] {processor.py:914} INFO - Processing file /Users/nidhipatel/ApacheAirflow_Tutorial/py_env/lib/python3.12/site-packages/airflow/example_dags/tutorial_taskflow_api_virtualenv.py for tasks to queue
[2025-03-17T14:44:25.318-0400] {logging_mixin.py:190} INFO - [2025-03-17T14:44:25.317-0400] {dagbag.py:588} INFO - Filling up the DagBag from /Users/nidhipatel/ApacheAirflow_Tutorial/py_env/lib/python3.12/site-packages/airflow/example_dags/tutorial_taskflow_api_virtualenv.py
[2025-03-17T14:44:25.334-0400] {processor.py:925} INFO - DAG(s) 'tutorial_taskflow_api_virtualenv' retrieved from /Users/nidhipatel/ApacheAirflow_Tutorial/py_env/lib/python3.12/site-packages/airflow/example_dags/tutorial_taskflow_api_virtualenv.py
[2025-03-17T14:44:25.398-0400] {logging_mixin.py:190} INFO - [2025-03-17T14:44:25.398-0400] {dag.py:3239} INFO - Sync 1 DAGs
[2025-03-17T14:44:25.401-0400] {logging_mixin.py:190} INFO - [2025-03-17T14:44:25.401-0400] {dag.py:4180} INFO - Setting next_dagrun for tutorial_taskflow_api_virtualenv to None, run_after=None
[2025-03-17T14:44:25.408-0400] {processor.py:208} INFO - Processing /Users/nidhipatel/ApacheAirflow_Tutorial/py_env/lib/python3.12/site-packages/airflow/example_dags/tutorial_taskflow_api_virtualenv.py took 0.093 seconds
[2025-03-17T14:45:34.896-0400] {processor.py:186} INFO - Started process (PID=33095) to work on /Users/nidhipatel/ApacheAirflow_Tutorial/py_env/lib/python3.12/site-packages/airflow/example_dags/tutorial_taskflow_api_virtualenv.py
[2025-03-17T14:45:34.897-0400] {processor.py:914} INFO - Processing file /Users/nidhipatel/ApacheAirflow_Tutorial/py_env/lib/python3.12/site-packages/airflow/example_dags/tutorial_taskflow_api_virtualenv.py for tasks to queue
[2025-03-17T14:45:34.897-0400] {logging_mixin.py:190} INFO - [2025-03-17T14:45:34.897-0400] {dagbag.py:588} INFO - Filling up the DagBag from /Users/nidhipatel/ApacheAirflow_Tutorial/py_env/lib/python3.12/site-packages/airflow/example_dags/tutorial_taskflow_api_virtualenv.py
[2025-03-17T14:45:34.913-0400] {processor.py:925} INFO - DAG(s) 'tutorial_taskflow_api_virtualenv' retrieved from /Users/nidhipatel/ApacheAirflow_Tutorial/py_env/lib/python3.12/site-packages/airflow/example_dags/tutorial_taskflow_api_virtualenv.py
[2025-03-17T14:45:35.008-0400] {logging_mixin.py:190} INFO - [2025-03-17T14:45:35.008-0400] {dag.py:3239} INFO - Sync 1 DAGs
[2025-03-17T14:45:35.011-0400] {logging_mixin.py:190} INFO - [2025-03-17T14:45:35.011-0400] {dag.py:4180} INFO - Setting next_dagrun for tutorial_taskflow_api_virtualenv to None, run_after=None
[2025-03-17T14:45:35.018-0400] {processor.py:208} INFO - Processing /Users/nidhipatel/ApacheAirflow_Tutorial/py_env/lib/python3.12/site-packages/airflow/example_dags/tutorial_taskflow_api_virtualenv.py took 0.123 seconds
[2025-03-17T14:46:43.062-0400] {processor.py:186} INFO - Started process (PID=33175) to work on /Users/nidhipatel/ApacheAirflow_Tutorial/py_env/lib/python3.12/site-packages/airflow/example_dags/tutorial_taskflow_api_virtualenv.py
[2025-03-17T14:46:43.063-0400] {processor.py:914} INFO - Processing file /Users/nidhipatel/ApacheAirflow_Tutorial/py_env/lib/python3.12/site-packages/airflow/example_dags/tutorial_taskflow_api_virtualenv.py for tasks to queue
[2025-03-17T14:46:43.063-0400] {logging_mixin.py:190} INFO - [2025-03-17T14:46:43.063-0400] {dagbag.py:588} INFO - Filling up the DagBag from /Users/nidhipatel/ApacheAirflow_Tutorial/py_env/lib/python3.12/site-packages/airflow/example_dags/tutorial_taskflow_api_virtualenv.py
[2025-03-17T14:46:43.080-0400] {processor.py:925} INFO - DAG(s) 'tutorial_taskflow_api_virtualenv' retrieved from /Users/nidhipatel/ApacheAirflow_Tutorial/py_env/lib/python3.12/site-packages/airflow/example_dags/tutorial_taskflow_api_virtualenv.py
[2025-03-17T14:46:43.144-0400] {logging_mixin.py:190} INFO - [2025-03-17T14:46:43.144-0400] {dag.py:3239} INFO - Sync 1 DAGs
[2025-03-17T14:46:43.147-0400] {logging_mixin.py:190} INFO - [2025-03-17T14:46:43.147-0400] {dag.py:4180} INFO - Setting next_dagrun for tutorial_taskflow_api_virtualenv to None, run_after=None
[2025-03-17T14:46:43.154-0400] {processor.py:208} INFO - Processing /Users/nidhipatel/ApacheAirflow_Tutorial/py_env/lib/python3.12/site-packages/airflow/example_dags/tutorial_taskflow_api_virtualenv.py took 0.093 seconds
[2025-03-17T14:47:52.934-0400] {processor.py:186} INFO - Started process (PID=33263) to work on /Users/nidhipatel/ApacheAirflow_Tutorial/py_env/lib/python3.12/site-packages/airflow/example_dags/tutorial_taskflow_api_virtualenv.py
[2025-03-17T14:47:52.935-0400] {processor.py:914} INFO - Processing file /Users/nidhipatel/ApacheAirflow_Tutorial/py_env/lib/python3.12/site-packages/airflow/example_dags/tutorial_taskflow_api_virtualenv.py for tasks to queue
[2025-03-17T14:47:52.935-0400] {logging_mixin.py:190} INFO - [2025-03-17T14:47:52.935-0400] {dagbag.py:588} INFO - Filling up the DagBag from /Users/nidhipatel/ApacheAirflow_Tutorial/py_env/lib/python3.12/site-packages/airflow/example_dags/tutorial_taskflow_api_virtualenv.py
[2025-03-17T14:47:52.952-0400] {processor.py:925} INFO - DAG(s) 'tutorial_taskflow_api_virtualenv' retrieved from /Users/nidhipatel/ApacheAirflow_Tutorial/py_env/lib/python3.12/site-packages/airflow/example_dags/tutorial_taskflow_api_virtualenv.py
[2025-03-17T14:47:53.020-0400] {logging_mixin.py:190} INFO - [2025-03-17T14:47:53.019-0400] {dag.py:3239} INFO - Sync 1 DAGs
[2025-03-17T14:47:53.023-0400] {logging_mixin.py:190} INFO - [2025-03-17T14:47:53.023-0400] {dag.py:4180} INFO - Setting next_dagrun for tutorial_taskflow_api_virtualenv to None, run_after=None
[2025-03-17T14:47:53.029-0400] {processor.py:208} INFO - Processing /Users/nidhipatel/ApacheAirflow_Tutorial/py_env/lib/python3.12/site-packages/airflow/example_dags/tutorial_taskflow_api_virtualenv.py took 0.097 seconds
[2025-03-17T14:48:58.022-0400] {processor.py:186} INFO - Started process (PID=33350) to work on /Users/nidhipatel/ApacheAirflow_Tutorial/py_env/lib/python3.12/site-packages/airflow/example_dags/tutorial_taskflow_api_virtualenv.py
[2025-03-17T14:48:58.022-0400] {processor.py:914} INFO - Processing file /Users/nidhipatel/ApacheAirflow_Tutorial/py_env/lib/python3.12/site-packages/airflow/example_dags/tutorial_taskflow_api_virtualenv.py for tasks to queue
[2025-03-17T14:48:58.023-0400] {logging_mixin.py:190} INFO - [2025-03-17T14:48:58.023-0400] {dagbag.py:588} INFO - Filling up the DagBag from /Users/nidhipatel/ApacheAirflow_Tutorial/py_env/lib/python3.12/site-packages/airflow/example_dags/tutorial_taskflow_api_virtualenv.py
[2025-03-17T14:48:58.037-0400] {processor.py:925} INFO - DAG(s) 'tutorial_taskflow_api_virtualenv' retrieved from /Users/nidhipatel/ApacheAirflow_Tutorial/py_env/lib/python3.12/site-packages/airflow/example_dags/tutorial_taskflow_api_virtualenv.py
[2025-03-17T14:48:58.102-0400] {logging_mixin.py:190} INFO - [2025-03-17T14:48:58.102-0400] {dag.py:3239} INFO - Sync 1 DAGs
[2025-03-17T14:48:58.105-0400] {logging_mixin.py:190} INFO - [2025-03-17T14:48:58.105-0400] {dag.py:4180} INFO - Setting next_dagrun for tutorial_taskflow_api_virtualenv to None, run_after=None
[2025-03-17T14:48:58.115-0400] {processor.py:208} INFO - Processing /Users/nidhipatel/ApacheAirflow_Tutorial/py_env/lib/python3.12/site-packages/airflow/example_dags/tutorial_taskflow_api_virtualenv.py took 0.095 seconds
[2025-03-17T14:50:03.316-0400] {processor.py:186} INFO - Started process (PID=33459) to work on /Users/nidhipatel/ApacheAirflow_Tutorial/py_env/lib/python3.12/site-packages/airflow/example_dags/tutorial_taskflow_api_virtualenv.py
[2025-03-17T14:50:03.317-0400] {processor.py:914} INFO - Processing file /Users/nidhipatel/ApacheAirflow_Tutorial/py_env/lib/python3.12/site-packages/airflow/example_dags/tutorial_taskflow_api_virtualenv.py for tasks to queue
[2025-03-17T14:50:03.317-0400] {logging_mixin.py:190} INFO - [2025-03-17T14:50:03.317-0400] {dagbag.py:588} INFO - Filling up the DagBag from /Users/nidhipatel/ApacheAirflow_Tutorial/py_env/lib/python3.12/site-packages/airflow/example_dags/tutorial_taskflow_api_virtualenv.py
[2025-03-17T14:50:03.332-0400] {processor.py:925} INFO - DAG(s) 'tutorial_taskflow_api_virtualenv' retrieved from /Users/nidhipatel/ApacheAirflow_Tutorial/py_env/lib/python3.12/site-packages/airflow/example_dags/tutorial_taskflow_api_virtualenv.py
[2025-03-17T14:50:03.401-0400] {logging_mixin.py:190} INFO - [2025-03-17T14:50:03.401-0400] {dag.py:3239} INFO - Sync 1 DAGs
[2025-03-17T14:50:03.405-0400] {logging_mixin.py:190} INFO - [2025-03-17T14:50:03.405-0400] {dag.py:4180} INFO - Setting next_dagrun for tutorial_taskflow_api_virtualenv to None, run_after=None
[2025-03-17T14:50:03.411-0400] {processor.py:208} INFO - Processing /Users/nidhipatel/ApacheAirflow_Tutorial/py_env/lib/python3.12/site-packages/airflow/example_dags/tutorial_taskflow_api_virtualenv.py took 0.097 seconds
[2025-03-17T14:51:07.123-0400] {processor.py:186} INFO - Started process (PID=33593) to work on /Users/nidhipatel/ApacheAirflow_Tutorial/py_env/lib/python3.12/site-packages/airflow/example_dags/tutorial_taskflow_api_virtualenv.py
[2025-03-17T14:51:07.124-0400] {processor.py:914} INFO - Processing file /Users/nidhipatel/ApacheAirflow_Tutorial/py_env/lib/python3.12/site-packages/airflow/example_dags/tutorial_taskflow_api_virtualenv.py for tasks to queue
[2025-03-17T14:51:07.124-0400] {logging_mixin.py:190} INFO - [2025-03-17T14:51:07.124-0400] {dagbag.py:588} INFO - Filling up the DagBag from /Users/nidhipatel/ApacheAirflow_Tutorial/py_env/lib/python3.12/site-packages/airflow/example_dags/tutorial_taskflow_api_virtualenv.py
[2025-03-17T14:51:07.140-0400] {processor.py:925} INFO - DAG(s) 'tutorial_taskflow_api_virtualenv' retrieved from /Users/nidhipatel/ApacheAirflow_Tutorial/py_env/lib/python3.12/site-packages/airflow/example_dags/tutorial_taskflow_api_virtualenv.py
[2025-03-17T14:51:07.226-0400] {logging_mixin.py:190} INFO - [2025-03-17T14:51:07.226-0400] {dag.py:3239} INFO - Sync 1 DAGs
[2025-03-17T14:51:07.230-0400] {logging_mixin.py:190} INFO - [2025-03-17T14:51:07.230-0400] {dag.py:4180} INFO - Setting next_dagrun for tutorial_taskflow_api_virtualenv to None, run_after=None
[2025-03-17T14:51:07.236-0400] {processor.py:208} INFO - Processing /Users/nidhipatel/ApacheAirflow_Tutorial/py_env/lib/python3.12/site-packages/airflow/example_dags/tutorial_taskflow_api_virtualenv.py took 0.115 seconds
[2025-03-17T14:52:14.620-0400] {processor.py:186} INFO - Started process (PID=33804) to work on /Users/nidhipatel/ApacheAirflow_Tutorial/py_env/lib/python3.12/site-packages/airflow/example_dags/tutorial_taskflow_api_virtualenv.py
[2025-03-17T14:52:14.621-0400] {processor.py:914} INFO - Processing file /Users/nidhipatel/ApacheAirflow_Tutorial/py_env/lib/python3.12/site-packages/airflow/example_dags/tutorial_taskflow_api_virtualenv.py for tasks to queue
[2025-03-17T14:52:14.621-0400] {logging_mixin.py:190} INFO - [2025-03-17T14:52:14.621-0400] {dagbag.py:588} INFO - Filling up the DagBag from /Users/nidhipatel/ApacheAirflow_Tutorial/py_env/lib/python3.12/site-packages/airflow/example_dags/tutorial_taskflow_api_virtualenv.py
[2025-03-17T14:52:14.637-0400] {processor.py:925} INFO - DAG(s) 'tutorial_taskflow_api_virtualenv' retrieved from /Users/nidhipatel/ApacheAirflow_Tutorial/py_env/lib/python3.12/site-packages/airflow/example_dags/tutorial_taskflow_api_virtualenv.py
[2025-03-17T14:52:14.731-0400] {logging_mixin.py:190} INFO - [2025-03-17T14:52:14.731-0400] {dag.py:3239} INFO - Sync 1 DAGs
[2025-03-17T14:52:14.735-0400] {logging_mixin.py:190} INFO - [2025-03-17T14:52:14.735-0400] {dag.py:4180} INFO - Setting next_dagrun for tutorial_taskflow_api_virtualenv to None, run_after=None
[2025-03-17T14:52:14.741-0400] {processor.py:208} INFO - Processing /Users/nidhipatel/ApacheAirflow_Tutorial/py_env/lib/python3.12/site-packages/airflow/example_dags/tutorial_taskflow_api_virtualenv.py took 0.123 seconds
[2025-03-17T14:53:25.193-0400] {processor.py:186} INFO - Started process (PID=34044) to work on /Users/nidhipatel/ApacheAirflow_Tutorial/py_env/lib/python3.12/site-packages/airflow/example_dags/tutorial_taskflow_api_virtualenv.py
[2025-03-17T14:53:25.193-0400] {processor.py:914} INFO - Processing file /Users/nidhipatel/ApacheAirflow_Tutorial/py_env/lib/python3.12/site-packages/airflow/example_dags/tutorial_taskflow_api_virtualenv.py for tasks to queue
[2025-03-17T14:53:25.194-0400] {logging_mixin.py:190} INFO - [2025-03-17T14:53:25.194-0400] {dagbag.py:588} INFO - Filling up the DagBag from /Users/nidhipatel/ApacheAirflow_Tutorial/py_env/lib/python3.12/site-packages/airflow/example_dags/tutorial_taskflow_api_virtualenv.py
[2025-03-17T14:53:25.209-0400] {processor.py:925} INFO - DAG(s) 'tutorial_taskflow_api_virtualenv' retrieved from /Users/nidhipatel/ApacheAirflow_Tutorial/py_env/lib/python3.12/site-packages/airflow/example_dags/tutorial_taskflow_api_virtualenv.py
[2025-03-17T14:53:25.312-0400] {logging_mixin.py:190} INFO - [2025-03-17T14:53:25.312-0400] {dag.py:3239} INFO - Sync 1 DAGs
[2025-03-17T14:53:25.316-0400] {logging_mixin.py:190} INFO - [2025-03-17T14:53:25.315-0400] {dag.py:4180} INFO - Setting next_dagrun for tutorial_taskflow_api_virtualenv to None, run_after=None
[2025-03-17T14:53:25.323-0400] {processor.py:208} INFO - Processing /Users/nidhipatel/ApacheAirflow_Tutorial/py_env/lib/python3.12/site-packages/airflow/example_dags/tutorial_taskflow_api_virtualenv.py took 0.132 seconds
