[2025-03-17T14:18:41.643-0400] {processor.py:186} INFO - Started process (PID=31172) to work on /Library/Frameworks/Python.framework/Versions/3.11/lib/python3.11/site-packages/airflow/example_dags/tutorial_taskflow_templates.py
[2025-03-17T14:18:41.643-0400] {processor.py:914} INFO - Processing file /Library/Frameworks/Python.framework/Versions/3.11/lib/python3.11/site-packages/airflow/example_dags/tutorial_taskflow_templates.py for tasks to queue
[2025-03-17T14:18:41.644-0400] {logging_mixin.py:190} INFO - [2025-03-17T14:18:41.644-0400] {dagbag.py:588} INFO - Filling up the DagBag from /Library/Frameworks/Python.framework/Versions/3.11/lib/python3.11/site-packages/airflow/example_dags/tutorial_taskflow_templates.py
[2025-03-17T14:18:41.663-0400] {processor.py:925} INFO - DAG(s) 'tutorial_taskflow_templates' retrieved from /Library/Frameworks/Python.framework/Versions/3.11/lib/python3.11/site-packages/airflow/example_dags/tutorial_taskflow_templates.py
[2025-03-17T14:18:41.750-0400] {logging_mixin.py:190} INFO - [2025-03-17T14:18:41.750-0400] {override.py:1912} INFO - Created Permission View: can read on DAG:tutorial_taskflow_templates
[2025-03-17T14:18:41.753-0400] {logging_mixin.py:190} INFO - [2025-03-17T14:18:41.752-0400] {override.py:1912} INFO - Created Permission View: can edit on DAG:tutorial_taskflow_templates
[2025-03-17T14:18:41.754-0400] {logging_mixin.py:190} INFO - [2025-03-17T14:18:41.754-0400] {override.py:1912} INFO - Created Permission View: can delete on DAG:tutorial_taskflow_templates
[2025-03-17T14:18:41.757-0400] {logging_mixin.py:190} INFO - [2025-03-17T14:18:41.757-0400] {override.py:1912} INFO - Created Permission View: menu access on DAG Run:tutorial_taskflow_templates
[2025-03-17T14:18:41.759-0400] {logging_mixin.py:190} INFO - [2025-03-17T14:18:41.758-0400] {override.py:1912} INFO - Created Permission View: can create on DAG Run:tutorial_taskflow_templates
[2025-03-17T14:18:41.760-0400] {logging_mixin.py:190} INFO - [2025-03-17T14:18:41.760-0400] {override.py:1912} INFO - Created Permission View: can read on DAG Run:tutorial_taskflow_templates
[2025-03-17T14:18:41.762-0400] {logging_mixin.py:190} INFO - [2025-03-17T14:18:41.762-0400] {override.py:1912} INFO - Created Permission View: can delete on DAG Run:tutorial_taskflow_templates
[2025-03-17T14:18:41.762-0400] {logging_mixin.py:190} INFO - [2025-03-17T14:18:41.762-0400] {dag.py:3239} INFO - Sync 1 DAGs
[2025-03-17T14:18:41.766-0400] {logging_mixin.py:190} INFO - [2025-03-17T14:18:41.765-0400] {dag.py:3262} INFO - Creating ORM DAG for tutorial_taskflow_templates
[2025-03-17T14:18:41.768-0400] {logging_mixin.py:190} INFO - [2025-03-17T14:18:41.768-0400] {dag.py:4180} INFO - Setting next_dagrun for tutorial_taskflow_templates to 2025-03-16 00:00:00+00:00, run_after=2025-03-17 00:00:00+00:00
[2025-03-17T14:18:41.776-0400] {processor.py:208} INFO - Processing /Library/Frameworks/Python.framework/Versions/3.11/lib/python3.11/site-packages/airflow/example_dags/tutorial_taskflow_templates.py took 0.134 seconds
[2025-03-17T14:31:57.822-0400] {processor.py:186} INFO - Started process (PID=31913) to work on /Users/nidhipatel/ApacheAirflow_Tutorial/py_env/lib/python3.12/site-packages/airflow/example_dags/tutorial_taskflow_templates.py
[2025-03-17T14:31:57.822-0400] {processor.py:914} INFO - Processing file /Users/nidhipatel/ApacheAirflow_Tutorial/py_env/lib/python3.12/site-packages/airflow/example_dags/tutorial_taskflow_templates.py for tasks to queue
[2025-03-17T14:31:57.823-0400] {logging_mixin.py:190} INFO - [2025-03-17T14:31:57.823-0400] {dagbag.py:588} INFO - Filling up the DagBag from /Users/nidhipatel/ApacheAirflow_Tutorial/py_env/lib/python3.12/site-packages/airflow/example_dags/tutorial_taskflow_templates.py
[2025-03-17T14:31:57.840-0400] {processor.py:925} INFO - DAG(s) 'tutorial_taskflow_templates' retrieved from /Users/nidhipatel/ApacheAirflow_Tutorial/py_env/lib/python3.12/site-packages/airflow/example_dags/tutorial_taskflow_templates.py
[2025-03-17T14:31:57.933-0400] {logging_mixin.py:190} INFO - [2025-03-17T14:31:57.933-0400] {dag.py:3239} INFO - Sync 1 DAGs
[2025-03-17T14:31:57.942-0400] {logging_mixin.py:190} INFO - [2025-03-17T14:31:57.942-0400] {dag.py:4180} INFO - Setting next_dagrun for tutorial_taskflow_templates to 2025-03-16 00:00:00+00:00, run_after=2025-03-17 00:00:00+00:00
[2025-03-17T14:31:57.952-0400] {processor.py:208} INFO - Processing /Users/nidhipatel/ApacheAirflow_Tutorial/py_env/lib/python3.12/site-packages/airflow/example_dags/tutorial_taskflow_templates.py took 0.131 seconds
[2025-03-17T14:33:38.897-0400] {processor.py:186} INFO - Started process (PID=32087) to work on /Users/nidhipatel/ApacheAirflow_Tutorial/py_env/lib/python3.12/site-packages/airflow/example_dags/tutorial_taskflow_templates.py
[2025-03-17T14:33:38.897-0400] {processor.py:914} INFO - Processing file /Users/nidhipatel/ApacheAirflow_Tutorial/py_env/lib/python3.12/site-packages/airflow/example_dags/tutorial_taskflow_templates.py for tasks to queue
[2025-03-17T14:33:38.898-0400] {logging_mixin.py:190} INFO - [2025-03-17T14:33:38.898-0400] {dagbag.py:588} INFO - Filling up the DagBag from /Users/nidhipatel/ApacheAirflow_Tutorial/py_env/lib/python3.12/site-packages/airflow/example_dags/tutorial_taskflow_templates.py
[2025-03-17T14:33:38.921-0400] {processor.py:925} INFO - DAG(s) 'tutorial_taskflow_templates' retrieved from /Users/nidhipatel/ApacheAirflow_Tutorial/py_env/lib/python3.12/site-packages/airflow/example_dags/tutorial_taskflow_templates.py
[2025-03-17T14:33:38.956-0400] {logging_mixin.py:190} INFO - [2025-03-17T14:33:38.956-0400] {dag.py:3239} INFO - Sync 1 DAGs
[2025-03-17T14:33:38.967-0400] {logging_mixin.py:190} INFO - [2025-03-17T14:33:38.967-0400] {dag.py:4180} INFO - Setting next_dagrun for tutorial_taskflow_templates to 2025-03-16 00:00:00+00:00, run_after=2025-03-17 00:00:00+00:00
[2025-03-17T14:33:38.977-0400] {processor.py:208} INFO - Processing /Users/nidhipatel/ApacheAirflow_Tutorial/py_env/lib/python3.12/site-packages/airflow/example_dags/tutorial_taskflow_templates.py took 0.081 seconds
[2025-03-17T14:34:43.929-0400] {processor.py:186} INFO - Started process (PID=32173) to work on /Users/nidhipatel/ApacheAirflow_Tutorial/py_env/lib/python3.12/site-packages/airflow/example_dags/tutorial_taskflow_templates.py
[2025-03-17T14:34:43.930-0400] {processor.py:914} INFO - Processing file /Users/nidhipatel/ApacheAirflow_Tutorial/py_env/lib/python3.12/site-packages/airflow/example_dags/tutorial_taskflow_templates.py for tasks to queue
[2025-03-17T14:34:43.930-0400] {logging_mixin.py:190} INFO - [2025-03-17T14:34:43.930-0400] {dagbag.py:588} INFO - Filling up the DagBag from /Users/nidhipatel/ApacheAirflow_Tutorial/py_env/lib/python3.12/site-packages/airflow/example_dags/tutorial_taskflow_templates.py
[2025-03-17T14:34:43.946-0400] {processor.py:925} INFO - DAG(s) 'tutorial_taskflow_templates' retrieved from /Users/nidhipatel/ApacheAirflow_Tutorial/py_env/lib/python3.12/site-packages/airflow/example_dags/tutorial_taskflow_templates.py
[2025-03-17T14:34:43.980-0400] {logging_mixin.py:190} INFO - [2025-03-17T14:34:43.980-0400] {dag.py:3239} INFO - Sync 1 DAGs
[2025-03-17T14:34:43.988-0400] {logging_mixin.py:190} INFO - [2025-03-17T14:34:43.988-0400] {dag.py:4180} INFO - Setting next_dagrun for tutorial_taskflow_templates to 2025-03-16 00:00:00+00:00, run_after=2025-03-17 00:00:00+00:00
[2025-03-17T14:34:43.996-0400] {processor.py:208} INFO - Processing /Users/nidhipatel/ApacheAirflow_Tutorial/py_env/lib/python3.12/site-packages/airflow/example_dags/tutorial_taskflow_templates.py took 0.069 seconds
[2025-03-17T14:35:53.269-0400] {processor.py:186} INFO - Started process (PID=32256) to work on /Users/nidhipatel/ApacheAirflow_Tutorial/py_env/lib/python3.12/site-packages/airflow/example_dags/tutorial_taskflow_templates.py
[2025-03-17T14:35:53.269-0400] {processor.py:914} INFO - Processing file /Users/nidhipatel/ApacheAirflow_Tutorial/py_env/lib/python3.12/site-packages/airflow/example_dags/tutorial_taskflow_templates.py for tasks to queue
[2025-03-17T14:35:53.270-0400] {logging_mixin.py:190} INFO - [2025-03-17T14:35:53.270-0400] {dagbag.py:588} INFO - Filling up the DagBag from /Users/nidhipatel/ApacheAirflow_Tutorial/py_env/lib/python3.12/site-packages/airflow/example_dags/tutorial_taskflow_templates.py
[2025-03-17T14:35:53.288-0400] {processor.py:925} INFO - DAG(s) 'tutorial_taskflow_templates' retrieved from /Users/nidhipatel/ApacheAirflow_Tutorial/py_env/lib/python3.12/site-packages/airflow/example_dags/tutorial_taskflow_templates.py
[2025-03-17T14:35:53.323-0400] {logging_mixin.py:190} INFO - [2025-03-17T14:35:53.323-0400] {dag.py:3239} INFO - Sync 1 DAGs
[2025-03-17T14:35:53.331-0400] {logging_mixin.py:190} INFO - [2025-03-17T14:35:53.331-0400] {dag.py:4180} INFO - Setting next_dagrun for tutorial_taskflow_templates to 2025-03-16 00:00:00+00:00, run_after=2025-03-17 00:00:00+00:00
[2025-03-17T14:35:53.339-0400] {processor.py:208} INFO - Processing /Users/nidhipatel/ApacheAirflow_Tutorial/py_env/lib/python3.12/site-packages/airflow/example_dags/tutorial_taskflow_templates.py took 0.072 seconds
[2025-03-17T14:36:58.490-0400] {processor.py:186} INFO - Started process (PID=32340) to work on /Users/nidhipatel/ApacheAirflow_Tutorial/py_env/lib/python3.12/site-packages/airflow/example_dags/tutorial_taskflow_templates.py
[2025-03-17T14:36:58.490-0400] {processor.py:914} INFO - Processing file /Users/nidhipatel/ApacheAirflow_Tutorial/py_env/lib/python3.12/site-packages/airflow/example_dags/tutorial_taskflow_templates.py for tasks to queue
[2025-03-17T14:36:58.491-0400] {logging_mixin.py:190} INFO - [2025-03-17T14:36:58.491-0400] {dagbag.py:588} INFO - Filling up the DagBag from /Users/nidhipatel/ApacheAirflow_Tutorial/py_env/lib/python3.12/site-packages/airflow/example_dags/tutorial_taskflow_templates.py
[2025-03-17T14:36:58.516-0400] {processor.py:925} INFO - DAG(s) 'tutorial_taskflow_templates' retrieved from /Users/nidhipatel/ApacheAirflow_Tutorial/py_env/lib/python3.12/site-packages/airflow/example_dags/tutorial_taskflow_templates.py
[2025-03-17T14:36:58.551-0400] {logging_mixin.py:190} INFO - [2025-03-17T14:36:58.551-0400] {dag.py:3239} INFO - Sync 1 DAGs
[2025-03-17T14:36:58.559-0400] {logging_mixin.py:190} INFO - [2025-03-17T14:36:58.559-0400] {dag.py:4180} INFO - Setting next_dagrun for tutorial_taskflow_templates to 2025-03-16 00:00:00+00:00, run_after=2025-03-17 00:00:00+00:00
[2025-03-17T14:36:58.566-0400] {processor.py:208} INFO - Processing /Users/nidhipatel/ApacheAirflow_Tutorial/py_env/lib/python3.12/site-packages/airflow/example_dags/tutorial_taskflow_templates.py took 0.078 seconds
[2025-03-17T14:38:01.147-0400] {processor.py:186} INFO - Started process (PID=32425) to work on /Users/nidhipatel/ApacheAirflow_Tutorial/py_env/lib/python3.12/site-packages/airflow/example_dags/tutorial_taskflow_templates.py
[2025-03-17T14:38:01.148-0400] {processor.py:914} INFO - Processing file /Users/nidhipatel/ApacheAirflow_Tutorial/py_env/lib/python3.12/site-packages/airflow/example_dags/tutorial_taskflow_templates.py for tasks to queue
[2025-03-17T14:38:01.148-0400] {logging_mixin.py:190} INFO - [2025-03-17T14:38:01.148-0400] {dagbag.py:588} INFO - Filling up the DagBag from /Users/nidhipatel/ApacheAirflow_Tutorial/py_env/lib/python3.12/site-packages/airflow/example_dags/tutorial_taskflow_templates.py
[2025-03-17T14:38:01.165-0400] {processor.py:925} INFO - DAG(s) 'tutorial_taskflow_templates' retrieved from /Users/nidhipatel/ApacheAirflow_Tutorial/py_env/lib/python3.12/site-packages/airflow/example_dags/tutorial_taskflow_templates.py
[2025-03-17T14:38:01.199-0400] {logging_mixin.py:190} INFO - [2025-03-17T14:38:01.199-0400] {dag.py:3239} INFO - Sync 1 DAGs
[2025-03-17T14:38:01.207-0400] {logging_mixin.py:190} INFO - [2025-03-17T14:38:01.207-0400] {dag.py:4180} INFO - Setting next_dagrun for tutorial_taskflow_templates to 2025-03-16 00:00:00+00:00, run_after=2025-03-17 00:00:00+00:00
[2025-03-17T14:38:01.214-0400] {processor.py:208} INFO - Processing /Users/nidhipatel/ApacheAirflow_Tutorial/py_env/lib/python3.12/site-packages/airflow/example_dags/tutorial_taskflow_templates.py took 0.068 seconds
[2025-03-17T14:39:00.595-0400] {processor.py:186} INFO - Started process (PID=32526) to work on /Users/nidhipatel/ApacheAirflow_Tutorial/py_env/lib/python3.12/site-packages/airflow/example_dags/tutorial_taskflow_templates.py
[2025-03-17T14:39:00.595-0400] {processor.py:914} INFO - Processing file /Users/nidhipatel/ApacheAirflow_Tutorial/py_env/lib/python3.12/site-packages/airflow/example_dags/tutorial_taskflow_templates.py for tasks to queue
[2025-03-17T14:39:00.596-0400] {logging_mixin.py:190} INFO - [2025-03-17T14:39:00.596-0400] {dagbag.py:588} INFO - Filling up the DagBag from /Users/nidhipatel/ApacheAirflow_Tutorial/py_env/lib/python3.12/site-packages/airflow/example_dags/tutorial_taskflow_templates.py
[2025-03-17T14:39:00.611-0400] {processor.py:925} INFO - DAG(s) 'tutorial_taskflow_templates' retrieved from /Users/nidhipatel/ApacheAirflow_Tutorial/py_env/lib/python3.12/site-packages/airflow/example_dags/tutorial_taskflow_templates.py
[2025-03-17T14:39:00.647-0400] {logging_mixin.py:190} INFO - [2025-03-17T14:39:00.647-0400] {dag.py:3239} INFO - Sync 1 DAGs
[2025-03-17T14:39:00.655-0400] {logging_mixin.py:190} INFO - [2025-03-17T14:39:00.655-0400] {dag.py:4180} INFO - Setting next_dagrun for tutorial_taskflow_templates to 2025-03-16 00:00:00+00:00, run_after=2025-03-17 00:00:00+00:00
[2025-03-17T14:39:00.665-0400] {processor.py:208} INFO - Processing /Users/nidhipatel/ApacheAirflow_Tutorial/py_env/lib/python3.12/site-packages/airflow/example_dags/tutorial_taskflow_templates.py took 0.072 seconds
[2025-03-17T14:40:03.807-0400] {processor.py:186} INFO - Started process (PID=32642) to work on /Users/nidhipatel/ApacheAirflow_Tutorial/py_env/lib/python3.12/site-packages/airflow/example_dags/tutorial_taskflow_templates.py
[2025-03-17T14:40:03.807-0400] {processor.py:914} INFO - Processing file /Users/nidhipatel/ApacheAirflow_Tutorial/py_env/lib/python3.12/site-packages/airflow/example_dags/tutorial_taskflow_templates.py for tasks to queue
[2025-03-17T14:40:03.807-0400] {logging_mixin.py:190} INFO - [2025-03-17T14:40:03.807-0400] {dagbag.py:588} INFO - Filling up the DagBag from /Users/nidhipatel/ApacheAirflow_Tutorial/py_env/lib/python3.12/site-packages/airflow/example_dags/tutorial_taskflow_templates.py
[2025-03-17T14:40:03.828-0400] {processor.py:925} INFO - DAG(s) 'tutorial_taskflow_templates' retrieved from /Users/nidhipatel/ApacheAirflow_Tutorial/py_env/lib/python3.12/site-packages/airflow/example_dags/tutorial_taskflow_templates.py
[2025-03-17T14:40:03.863-0400] {logging_mixin.py:190} INFO - [2025-03-17T14:40:03.863-0400] {dag.py:3239} INFO - Sync 1 DAGs
[2025-03-17T14:40:03.872-0400] {logging_mixin.py:190} INFO - [2025-03-17T14:40:03.872-0400] {dag.py:4180} INFO - Setting next_dagrun for tutorial_taskflow_templates to 2025-03-16 00:00:00+00:00, run_after=2025-03-17 00:00:00+00:00
[2025-03-17T14:40:03.881-0400] {processor.py:208} INFO - Processing /Users/nidhipatel/ApacheAirflow_Tutorial/py_env/lib/python3.12/site-packages/airflow/example_dags/tutorial_taskflow_templates.py took 0.076 seconds
[2025-03-17T14:41:06.464-0400] {processor.py:186} INFO - Started process (PID=32731) to work on /Users/nidhipatel/ApacheAirflow_Tutorial/py_env/lib/python3.12/site-packages/airflow/example_dags/tutorial_taskflow_templates.py
[2025-03-17T14:41:06.464-0400] {processor.py:914} INFO - Processing file /Users/nidhipatel/ApacheAirflow_Tutorial/py_env/lib/python3.12/site-packages/airflow/example_dags/tutorial_taskflow_templates.py for tasks to queue
[2025-03-17T14:41:06.465-0400] {logging_mixin.py:190} INFO - [2025-03-17T14:41:06.465-0400] {dagbag.py:588} INFO - Filling up the DagBag from /Users/nidhipatel/ApacheAirflow_Tutorial/py_env/lib/python3.12/site-packages/airflow/example_dags/tutorial_taskflow_templates.py
[2025-03-17T14:41:06.494-0400] {processor.py:925} INFO - DAG(s) 'tutorial_taskflow_templates' retrieved from /Users/nidhipatel/ApacheAirflow_Tutorial/py_env/lib/python3.12/site-packages/airflow/example_dags/tutorial_taskflow_templates.py
[2025-03-17T14:41:06.533-0400] {logging_mixin.py:190} INFO - [2025-03-17T14:41:06.533-0400] {dag.py:3239} INFO - Sync 1 DAGs
[2025-03-17T14:41:06.542-0400] {logging_mixin.py:190} INFO - [2025-03-17T14:41:06.542-0400] {dag.py:4180} INFO - Setting next_dagrun for tutorial_taskflow_templates to 2025-03-16 00:00:00+00:00, run_after=2025-03-17 00:00:00+00:00
[2025-03-17T14:41:06.550-0400] {processor.py:208} INFO - Processing /Users/nidhipatel/ApacheAirflow_Tutorial/py_env/lib/python3.12/site-packages/airflow/example_dags/tutorial_taskflow_templates.py took 0.088 seconds
[2025-03-17T14:42:11.100-0400] {processor.py:186} INFO - Started process (PID=32825) to work on /Users/nidhipatel/ApacheAirflow_Tutorial/py_env/lib/python3.12/site-packages/airflow/example_dags/tutorial_taskflow_templates.py
[2025-03-17T14:42:11.101-0400] {processor.py:914} INFO - Processing file /Users/nidhipatel/ApacheAirflow_Tutorial/py_env/lib/python3.12/site-packages/airflow/example_dags/tutorial_taskflow_templates.py for tasks to queue
[2025-03-17T14:42:11.101-0400] {logging_mixin.py:190} INFO - [2025-03-17T14:42:11.101-0400] {dagbag.py:588} INFO - Filling up the DagBag from /Users/nidhipatel/ApacheAirflow_Tutorial/py_env/lib/python3.12/site-packages/airflow/example_dags/tutorial_taskflow_templates.py
[2025-03-17T14:42:11.128-0400] {processor.py:925} INFO - DAG(s) 'tutorial_taskflow_templates' retrieved from /Users/nidhipatel/ApacheAirflow_Tutorial/py_env/lib/python3.12/site-packages/airflow/example_dags/tutorial_taskflow_templates.py
[2025-03-17T14:42:11.166-0400] {logging_mixin.py:190} INFO - [2025-03-17T14:42:11.166-0400] {dag.py:3239} INFO - Sync 1 DAGs
[2025-03-17T14:42:11.174-0400] {logging_mixin.py:190} INFO - [2025-03-17T14:42:11.174-0400] {dag.py:4180} INFO - Setting next_dagrun for tutorial_taskflow_templates to 2025-03-16 00:00:00+00:00, run_after=2025-03-17 00:00:00+00:00
[2025-03-17T14:42:11.181-0400] {processor.py:208} INFO - Processing /Users/nidhipatel/ApacheAirflow_Tutorial/py_env/lib/python3.12/site-packages/airflow/example_dags/tutorial_taskflow_templates.py took 0.082 seconds
[2025-03-17T14:43:16.017-0400] {processor.py:186} INFO - Started process (PID=32903) to work on /Users/nidhipatel/ApacheAirflow_Tutorial/py_env/lib/python3.12/site-packages/airflow/example_dags/tutorial_taskflow_templates.py
[2025-03-17T14:43:16.018-0400] {processor.py:914} INFO - Processing file /Users/nidhipatel/ApacheAirflow_Tutorial/py_env/lib/python3.12/site-packages/airflow/example_dags/tutorial_taskflow_templates.py for tasks to queue
[2025-03-17T14:43:16.018-0400] {logging_mixin.py:190} INFO - [2025-03-17T14:43:16.018-0400] {dagbag.py:588} INFO - Filling up the DagBag from /Users/nidhipatel/ApacheAirflow_Tutorial/py_env/lib/python3.12/site-packages/airflow/example_dags/tutorial_taskflow_templates.py
[2025-03-17T14:43:16.043-0400] {processor.py:925} INFO - DAG(s) 'tutorial_taskflow_templates' retrieved from /Users/nidhipatel/ApacheAirflow_Tutorial/py_env/lib/python3.12/site-packages/airflow/example_dags/tutorial_taskflow_templates.py
[2025-03-17T14:43:16.078-0400] {logging_mixin.py:190} INFO - [2025-03-17T14:43:16.078-0400] {dag.py:3239} INFO - Sync 1 DAGs
[2025-03-17T14:43:16.086-0400] {logging_mixin.py:190} INFO - [2025-03-17T14:43:16.086-0400] {dag.py:4180} INFO - Setting next_dagrun for tutorial_taskflow_templates to 2025-03-16 00:00:00+00:00, run_after=2025-03-17 00:00:00+00:00
[2025-03-17T14:43:16.093-0400] {processor.py:208} INFO - Processing /Users/nidhipatel/ApacheAirflow_Tutorial/py_env/lib/python3.12/site-packages/airflow/example_dags/tutorial_taskflow_templates.py took 0.077 seconds
[2025-03-17T14:44:23.537-0400] {processor.py:186} INFO - Started process (PID=32985) to work on /Users/nidhipatel/ApacheAirflow_Tutorial/py_env/lib/python3.12/site-packages/airflow/example_dags/tutorial_taskflow_templates.py
[2025-03-17T14:44:23.537-0400] {processor.py:914} INFO - Processing file /Users/nidhipatel/ApacheAirflow_Tutorial/py_env/lib/python3.12/site-packages/airflow/example_dags/tutorial_taskflow_templates.py for tasks to queue
[2025-03-17T14:44:23.538-0400] {logging_mixin.py:190} INFO - [2025-03-17T14:44:23.538-0400] {dagbag.py:588} INFO - Filling up the DagBag from /Users/nidhipatel/ApacheAirflow_Tutorial/py_env/lib/python3.12/site-packages/airflow/example_dags/tutorial_taskflow_templates.py
[2025-03-17T14:44:23.559-0400] {processor.py:925} INFO - DAG(s) 'tutorial_taskflow_templates' retrieved from /Users/nidhipatel/ApacheAirflow_Tutorial/py_env/lib/python3.12/site-packages/airflow/example_dags/tutorial_taskflow_templates.py
[2025-03-17T14:44:23.596-0400] {logging_mixin.py:190} INFO - [2025-03-17T14:44:23.596-0400] {dag.py:3239} INFO - Sync 1 DAGs
[2025-03-17T14:44:23.605-0400] {logging_mixin.py:190} INFO - [2025-03-17T14:44:23.605-0400] {dag.py:4180} INFO - Setting next_dagrun for tutorial_taskflow_templates to 2025-03-16 00:00:00+00:00, run_after=2025-03-17 00:00:00+00:00
[2025-03-17T14:44:23.612-0400] {processor.py:208} INFO - Processing /Users/nidhipatel/ApacheAirflow_Tutorial/py_env/lib/python3.12/site-packages/airflow/example_dags/tutorial_taskflow_templates.py took 0.077 seconds
[2025-03-17T14:45:33.081-0400] {processor.py:186} INFO - Started process (PID=33093) to work on /Users/nidhipatel/ApacheAirflow_Tutorial/py_env/lib/python3.12/site-packages/airflow/example_dags/tutorial_taskflow_templates.py
[2025-03-17T14:45:33.082-0400] {processor.py:914} INFO - Processing file /Users/nidhipatel/ApacheAirflow_Tutorial/py_env/lib/python3.12/site-packages/airflow/example_dags/tutorial_taskflow_templates.py for tasks to queue
[2025-03-17T14:45:33.082-0400] {logging_mixin.py:190} INFO - [2025-03-17T14:45:33.082-0400] {dagbag.py:588} INFO - Filling up the DagBag from /Users/nidhipatel/ApacheAirflow_Tutorial/py_env/lib/python3.12/site-packages/airflow/example_dags/tutorial_taskflow_templates.py
[2025-03-17T14:45:33.107-0400] {processor.py:925} INFO - DAG(s) 'tutorial_taskflow_templates' retrieved from /Users/nidhipatel/ApacheAirflow_Tutorial/py_env/lib/python3.12/site-packages/airflow/example_dags/tutorial_taskflow_templates.py
[2025-03-17T14:45:33.146-0400] {logging_mixin.py:190} INFO - [2025-03-17T14:45:33.146-0400] {dag.py:3239} INFO - Sync 1 DAGs
[2025-03-17T14:45:33.157-0400] {logging_mixin.py:190} INFO - [2025-03-17T14:45:33.157-0400] {dag.py:4180} INFO - Setting next_dagrun for tutorial_taskflow_templates to 2025-03-16 00:00:00+00:00, run_after=2025-03-17 00:00:00+00:00
[2025-03-17T14:45:33.165-0400] {processor.py:208} INFO - Processing /Users/nidhipatel/ApacheAirflow_Tutorial/py_env/lib/python3.12/site-packages/airflow/example_dags/tutorial_taskflow_templates.py took 0.085 seconds
[2025-03-17T14:46:41.294-0400] {processor.py:186} INFO - Started process (PID=33173) to work on /Users/nidhipatel/ApacheAirflow_Tutorial/py_env/lib/python3.12/site-packages/airflow/example_dags/tutorial_taskflow_templates.py
[2025-03-17T14:46:41.295-0400] {processor.py:914} INFO - Processing file /Users/nidhipatel/ApacheAirflow_Tutorial/py_env/lib/python3.12/site-packages/airflow/example_dags/tutorial_taskflow_templates.py for tasks to queue
[2025-03-17T14:46:41.295-0400] {logging_mixin.py:190} INFO - [2025-03-17T14:46:41.295-0400] {dagbag.py:588} INFO - Filling up the DagBag from /Users/nidhipatel/ApacheAirflow_Tutorial/py_env/lib/python3.12/site-packages/airflow/example_dags/tutorial_taskflow_templates.py
[2025-03-17T14:46:41.314-0400] {processor.py:925} INFO - DAG(s) 'tutorial_taskflow_templates' retrieved from /Users/nidhipatel/ApacheAirflow_Tutorial/py_env/lib/python3.12/site-packages/airflow/example_dags/tutorial_taskflow_templates.py
[2025-03-17T14:46:41.352-0400] {logging_mixin.py:190} INFO - [2025-03-17T14:46:41.352-0400] {dag.py:3239} INFO - Sync 1 DAGs
[2025-03-17T14:46:41.360-0400] {logging_mixin.py:190} INFO - [2025-03-17T14:46:41.360-0400] {dag.py:4180} INFO - Setting next_dagrun for tutorial_taskflow_templates to 2025-03-16 00:00:00+00:00, run_after=2025-03-17 00:00:00+00:00
[2025-03-17T14:46:41.369-0400] {processor.py:208} INFO - Processing /Users/nidhipatel/ApacheAirflow_Tutorial/py_env/lib/python3.12/site-packages/airflow/example_dags/tutorial_taskflow_templates.py took 0.076 seconds
[2025-03-17T14:47:51.190-0400] {processor.py:186} INFO - Started process (PID=33261) to work on /Users/nidhipatel/ApacheAirflow_Tutorial/py_env/lib/python3.12/site-packages/airflow/example_dags/tutorial_taskflow_templates.py
[2025-03-17T14:47:51.191-0400] {processor.py:914} INFO - Processing file /Users/nidhipatel/ApacheAirflow_Tutorial/py_env/lib/python3.12/site-packages/airflow/example_dags/tutorial_taskflow_templates.py for tasks to queue
[2025-03-17T14:47:51.191-0400] {logging_mixin.py:190} INFO - [2025-03-17T14:47:51.191-0400] {dagbag.py:588} INFO - Filling up the DagBag from /Users/nidhipatel/ApacheAirflow_Tutorial/py_env/lib/python3.12/site-packages/airflow/example_dags/tutorial_taskflow_templates.py
[2025-03-17T14:47:51.207-0400] {processor.py:925} INFO - DAG(s) 'tutorial_taskflow_templates' retrieved from /Users/nidhipatel/ApacheAirflow_Tutorial/py_env/lib/python3.12/site-packages/airflow/example_dags/tutorial_taskflow_templates.py
[2025-03-17T14:47:51.241-0400] {logging_mixin.py:190} INFO - [2025-03-17T14:47:51.241-0400] {dag.py:3239} INFO - Sync 1 DAGs
[2025-03-17T14:47:51.248-0400] {logging_mixin.py:190} INFO - [2025-03-17T14:47:51.248-0400] {dag.py:4180} INFO - Setting next_dagrun for tutorial_taskflow_templates to 2025-03-16 00:00:00+00:00, run_after=2025-03-17 00:00:00+00:00
[2025-03-17T14:47:51.255-0400] {processor.py:208} INFO - Processing /Users/nidhipatel/ApacheAirflow_Tutorial/py_env/lib/python3.12/site-packages/airflow/example_dags/tutorial_taskflow_templates.py took 0.067 seconds
[2025-03-17T14:48:57.184-0400] {processor.py:186} INFO - Started process (PID=33348) to work on /Users/nidhipatel/ApacheAirflow_Tutorial/py_env/lib/python3.12/site-packages/airflow/example_dags/tutorial_taskflow_templates.py
[2025-03-17T14:48:57.185-0400] {processor.py:914} INFO - Processing file /Users/nidhipatel/ApacheAirflow_Tutorial/py_env/lib/python3.12/site-packages/airflow/example_dags/tutorial_taskflow_templates.py for tasks to queue
[2025-03-17T14:48:57.185-0400] {logging_mixin.py:190} INFO - [2025-03-17T14:48:57.185-0400] {dagbag.py:588} INFO - Filling up the DagBag from /Users/nidhipatel/ApacheAirflow_Tutorial/py_env/lib/python3.12/site-packages/airflow/example_dags/tutorial_taskflow_templates.py
[2025-03-17T14:48:57.201-0400] {processor.py:925} INFO - DAG(s) 'tutorial_taskflow_templates' retrieved from /Users/nidhipatel/ApacheAirflow_Tutorial/py_env/lib/python3.12/site-packages/airflow/example_dags/tutorial_taskflow_templates.py
[2025-03-17T14:48:57.234-0400] {logging_mixin.py:190} INFO - [2025-03-17T14:48:57.234-0400] {dag.py:3239} INFO - Sync 1 DAGs
[2025-03-17T14:48:57.240-0400] {logging_mixin.py:190} INFO - [2025-03-17T14:48:57.240-0400] {dag.py:4180} INFO - Setting next_dagrun for tutorial_taskflow_templates to 2025-03-16 00:00:00+00:00, run_after=2025-03-17 00:00:00+00:00
[2025-03-17T14:48:57.246-0400] {processor.py:208} INFO - Processing /Users/nidhipatel/ApacheAirflow_Tutorial/py_env/lib/python3.12/site-packages/airflow/example_dags/tutorial_taskflow_templates.py took 0.064 seconds
[2025-03-17T14:50:02.087-0400] {processor.py:186} INFO - Started process (PID=33457) to work on /Users/nidhipatel/ApacheAirflow_Tutorial/py_env/lib/python3.12/site-packages/airflow/example_dags/tutorial_taskflow_templates.py
[2025-03-17T14:50:02.088-0400] {processor.py:914} INFO - Processing file /Users/nidhipatel/ApacheAirflow_Tutorial/py_env/lib/python3.12/site-packages/airflow/example_dags/tutorial_taskflow_templates.py for tasks to queue
[2025-03-17T14:50:02.088-0400] {logging_mixin.py:190} INFO - [2025-03-17T14:50:02.088-0400] {dagbag.py:588} INFO - Filling up the DagBag from /Users/nidhipatel/ApacheAirflow_Tutorial/py_env/lib/python3.12/site-packages/airflow/example_dags/tutorial_taskflow_templates.py
[2025-03-17T14:50:02.106-0400] {processor.py:925} INFO - DAG(s) 'tutorial_taskflow_templates' retrieved from /Users/nidhipatel/ApacheAirflow_Tutorial/py_env/lib/python3.12/site-packages/airflow/example_dags/tutorial_taskflow_templates.py
[2025-03-17T14:50:02.141-0400] {logging_mixin.py:190} INFO - [2025-03-17T14:50:02.141-0400] {dag.py:3239} INFO - Sync 1 DAGs
[2025-03-17T14:50:02.148-0400] {logging_mixin.py:190} INFO - [2025-03-17T14:50:02.148-0400] {dag.py:4180} INFO - Setting next_dagrun for tutorial_taskflow_templates to 2025-03-16 00:00:00+00:00, run_after=2025-03-17 00:00:00+00:00
[2025-03-17T14:50:02.154-0400] {processor.py:208} INFO - Processing /Users/nidhipatel/ApacheAirflow_Tutorial/py_env/lib/python3.12/site-packages/airflow/example_dags/tutorial_taskflow_templates.py took 0.068 seconds
[2025-03-17T14:51:05.719-0400] {processor.py:186} INFO - Started process (PID=33586) to work on /Users/nidhipatel/ApacheAirflow_Tutorial/py_env/lib/python3.12/site-packages/airflow/example_dags/tutorial_taskflow_templates.py
[2025-03-17T14:51:05.720-0400] {processor.py:914} INFO - Processing file /Users/nidhipatel/ApacheAirflow_Tutorial/py_env/lib/python3.12/site-packages/airflow/example_dags/tutorial_taskflow_templates.py for tasks to queue
[2025-03-17T14:51:05.720-0400] {logging_mixin.py:190} INFO - [2025-03-17T14:51:05.720-0400] {dagbag.py:588} INFO - Filling up the DagBag from /Users/nidhipatel/ApacheAirflow_Tutorial/py_env/lib/python3.12/site-packages/airflow/example_dags/tutorial_taskflow_templates.py
[2025-03-17T14:51:05.737-0400] {processor.py:925} INFO - DAG(s) 'tutorial_taskflow_templates' retrieved from /Users/nidhipatel/ApacheAirflow_Tutorial/py_env/lib/python3.12/site-packages/airflow/example_dags/tutorial_taskflow_templates.py
[2025-03-17T14:51:05.770-0400] {logging_mixin.py:190} INFO - [2025-03-17T14:51:05.770-0400] {dag.py:3239} INFO - Sync 1 DAGs
[2025-03-17T14:51:05.778-0400] {logging_mixin.py:190} INFO - [2025-03-17T14:51:05.778-0400] {dag.py:4180} INFO - Setting next_dagrun for tutorial_taskflow_templates to 2025-03-16 00:00:00+00:00, run_after=2025-03-17 00:00:00+00:00
[2025-03-17T14:51:05.785-0400] {processor.py:208} INFO - Processing /Users/nidhipatel/ApacheAirflow_Tutorial/py_env/lib/python3.12/site-packages/airflow/example_dags/tutorial_taskflow_templates.py took 0.068 seconds
[2025-03-17T14:52:13.469-0400] {processor.py:186} INFO - Started process (PID=33802) to work on /Users/nidhipatel/ApacheAirflow_Tutorial/py_env/lib/python3.12/site-packages/airflow/example_dags/tutorial_taskflow_templates.py
[2025-03-17T14:52:13.470-0400] {processor.py:914} INFO - Processing file /Users/nidhipatel/ApacheAirflow_Tutorial/py_env/lib/python3.12/site-packages/airflow/example_dags/tutorial_taskflow_templates.py for tasks to queue
[2025-03-17T14:52:13.471-0400] {logging_mixin.py:190} INFO - [2025-03-17T14:52:13.470-0400] {dagbag.py:588} INFO - Filling up the DagBag from /Users/nidhipatel/ApacheAirflow_Tutorial/py_env/lib/python3.12/site-packages/airflow/example_dags/tutorial_taskflow_templates.py
[2025-03-17T14:52:13.494-0400] {processor.py:925} INFO - DAG(s) 'tutorial_taskflow_templates' retrieved from /Users/nidhipatel/ApacheAirflow_Tutorial/py_env/lib/python3.12/site-packages/airflow/example_dags/tutorial_taskflow_templates.py
[2025-03-17T14:52:13.535-0400] {logging_mixin.py:190} INFO - [2025-03-17T14:52:13.534-0400] {dag.py:3239} INFO - Sync 1 DAGs
[2025-03-17T14:52:13.544-0400] {logging_mixin.py:190} INFO - [2025-03-17T14:52:13.544-0400] {dag.py:4180} INFO - Setting next_dagrun for tutorial_taskflow_templates to 2025-03-16 00:00:00+00:00, run_after=2025-03-17 00:00:00+00:00
[2025-03-17T14:52:13.552-0400] {processor.py:208} INFO - Processing /Users/nidhipatel/ApacheAirflow_Tutorial/py_env/lib/python3.12/site-packages/airflow/example_dags/tutorial_taskflow_templates.py took 0.084 seconds
[2025-03-17T14:53:23.375-0400] {processor.py:186} INFO - Started process (PID=34041) to work on /Users/nidhipatel/ApacheAirflow_Tutorial/py_env/lib/python3.12/site-packages/airflow/example_dags/tutorial_taskflow_templates.py
[2025-03-17T14:53:23.376-0400] {processor.py:914} INFO - Processing file /Users/nidhipatel/ApacheAirflow_Tutorial/py_env/lib/python3.12/site-packages/airflow/example_dags/tutorial_taskflow_templates.py for tasks to queue
[2025-03-17T14:53:23.376-0400] {logging_mixin.py:190} INFO - [2025-03-17T14:53:23.376-0400] {dagbag.py:588} INFO - Filling up the DagBag from /Users/nidhipatel/ApacheAirflow_Tutorial/py_env/lib/python3.12/site-packages/airflow/example_dags/tutorial_taskflow_templates.py
[2025-03-17T14:53:23.399-0400] {processor.py:925} INFO - DAG(s) 'tutorial_taskflow_templates' retrieved from /Users/nidhipatel/ApacheAirflow_Tutorial/py_env/lib/python3.12/site-packages/airflow/example_dags/tutorial_taskflow_templates.py
[2025-03-17T14:53:23.438-0400] {logging_mixin.py:190} INFO - [2025-03-17T14:53:23.438-0400] {dag.py:3239} INFO - Sync 1 DAGs
[2025-03-17T14:53:23.446-0400] {logging_mixin.py:190} INFO - [2025-03-17T14:53:23.446-0400] {dag.py:4180} INFO - Setting next_dagrun for tutorial_taskflow_templates to 2025-03-16 00:00:00+00:00, run_after=2025-03-17 00:00:00+00:00
[2025-03-17T14:53:23.453-0400] {processor.py:208} INFO - Processing /Users/nidhipatel/ApacheAirflow_Tutorial/py_env/lib/python3.12/site-packages/airflow/example_dags/tutorial_taskflow_templates.py took 0.079 seconds
