[2025-03-19T19:07:28.953+0000] {local_task_job_runner.py:123} INFO - ::group::Pre task execution logs
[2025-03-19T19:07:29.588+0000] {taskinstance.py:2614} INFO - Dependencies all met for dep_context=non-requeueable deps ti=<TaskInstance: dag_with_taskflow_Api_v2.greet scheduled__2024-11-26T00:00:00+00:00 [queued]>
[2025-03-19T19:07:29.611+0000] {taskinstance.py:2614} INFO - Dependencies all met for dep_context=requeueable deps ti=<TaskInstance: dag_with_taskflow_Api_v2.greet scheduled__2024-11-26T00:00:00+00:00 [queued]>
[2025-03-19T19:07:29.612+0000] {taskinstance.py:2867} INFO - Starting attempt 1 of 6
[2025-03-19T19:07:29.748+0000] {taskinstance.py:2890} INFO - Executing <Task(_PythonDecoratedOperator): greet> on 2024-11-26 00:00:00+00:00
[2025-03-19T19:07:29.940+0000] {logging_mixin.py:190} WARNING - /home/***/.local/lib/python3.12/site-packages/***/task/task_runner/standard_task_runner.py:70 DeprecationWarning: This process (pid=10082) is multi-threaded, use of fork() may lead to deadlocks in the child.
[2025-03-19T19:07:30.042+0000] {standard_task_runner.py:72} INFO - Started process 10097 to run task
[2025-03-19T19:07:30.001+0000] {standard_task_runner.py:104} INFO - Running: ['***', 'tasks', 'run', 'dag_with_taskflow_Api_v2', 'greet', 'scheduled__2024-11-26T00:00:00+00:00', '--job-id', '2923', '--raw', '--subdir', 'DAGS_FOLDER/dag_with_taskflow_api.py', '--cfg-path', '/tmp/tmpkm4gqcrv']
[2025-03-19T19:07:30.051+0000] {standard_task_runner.py:105} INFO - Job 2923: Subtask greet
[2025-03-19T19:07:35.169+0000] {task_command.py:467} INFO - Running <TaskInstance: dag_with_taskflow_Api_v2.greet scheduled__2024-11-26T00:00:00+00:00 [running]> on host 63fd4b143e0a
[2025-03-19T19:07:38.030+0000] {job.py:229} INFO - Heartbeat recovered after 10.54 seconds
[2025-03-19T19:07:39.070+0000] {taskinstance.py:3134} INFO - Exporting env vars: AIRFLOW_CTX_DAG_OWNER='***' AIRFLOW_CTX_DAG_ID='dag_with_taskflow_Api_v2' AIRFLOW_CTX_TASK_ID='greet' AIRFLOW_CTX_EXECUTION_DATE='2024-11-26T00:00:00+00:00' AIRFLOW_CTX_TRY_NUMBER='1' AIRFLOW_CTX_DAG_RUN_ID='scheduled__2024-11-26T00:00:00+00:00'
[2025-03-19T19:07:39.500+0000] {taskinstance.py:732} INFO - ::endgroup::
[2025-03-19T19:07:39.552+0000] {logging_mixin.py:190} INFO - Hello JohnDoe, you are 19 years old.
[2025-03-19T19:07:39.568+0000] {python.py:240} INFO - Done. Returned value was: None
[2025-03-19T19:07:39.792+0000] {taskinstance.py:341} INFO - ::group::Post task execution logs
[2025-03-19T19:07:39.802+0000] {taskinstance.py:353} INFO - Marking task as SUCCESS. dag_id=dag_with_taskflow_Api_v2, task_id=greet, run_id=scheduled__2024-11-26T00:00:00+00:00, execution_date=20241126T000000, start_date=20250319T190729, end_date=20250319T190739
[2025-03-19T19:07:40.515+0000] {local_task_job_runner.py:266} INFO - Task exited with return code 0
[2025-03-19T19:07:41.622+0000] {taskinstance.py:3901} INFO - 0 downstream tasks scheduled from follow-on schedule check
[2025-03-19T19:07:42.203+0000] {local_task_job_runner.py:245} INFO - ::endgroup::
