[2025-03-19T19:08:39.107+0000] {local_task_job_runner.py:123} INFO - ::group::Pre task execution logs
[2025-03-19T19:08:39.448+0000] {taskinstance.py:2614} INFO - Dependencies all met for dep_context=non-requeueable deps ti=<TaskInstance: dag_with_taskflow_Api_v2.get_name scheduled__2024-12-09T00:00:00+00:00 [queued]>
[2025-03-19T19:08:39.486+0000] {taskinstance.py:2614} INFO - Dependencies all met for dep_context=requeueable deps ti=<TaskInstance: dag_with_taskflow_Api_v2.get_name scheduled__2024-12-09T00:00:00+00:00 [queued]>
[2025-03-19T19:08:39.488+0000] {taskinstance.py:2867} INFO - Starting attempt 1 of 6
[2025-03-19T19:08:39.640+0000] {taskinstance.py:2890} INFO - Executing <Task(_PythonDecoratedOperator): get_name> on 2024-12-09 00:00:00+00:00
[2025-03-19T19:08:39.750+0000] {logging_mixin.py:190} WARNING - /home/***/.local/lib/python3.12/site-packages/***/task/task_runner/standard_task_runner.py:70 DeprecationWarning: This process (pid=10187) is multi-threaded, use of fork() may lead to deadlocks in the child.
[2025-03-19T19:08:39.756+0000] {standard_task_runner.py:72} INFO - Started process 10221 to run task
[2025-03-19T19:08:39.752+0000] {standard_task_runner.py:104} INFO - Running: ['***', 'tasks', 'run', 'dag_with_taskflow_Api_v2', 'get_name', 'scheduled__2024-12-09T00:00:00+00:00', '--job-id', '2953', '--raw', '--subdir', 'DAGS_FOLDER/dag_with_taskflow_api.py', '--cfg-path', '/tmp/tmppylgmkzi']
[2025-03-19T19:08:39.950+0000] {standard_task_runner.py:105} INFO - Job 2953: Subtask get_name
[2025-03-19T19:08:43.774+0000] {task_command.py:467} INFO - Running <TaskInstance: dag_with_taskflow_Api_v2.get_name scheduled__2024-12-09T00:00:00+00:00 [running]> on host 63fd4b143e0a
[2025-03-19T19:08:57.813+0000] {job.py:229} INFO - Heartbeat recovered after 21.23 seconds
[2025-03-19T19:09:27.403+0000] {job.py:229} INFO - Heartbeat recovered after 37.82 seconds
[2025-03-19T19:09:30.462+0000] {taskinstance.py:3134} INFO - Exporting env vars: AIRFLOW_CTX_DAG_OWNER='***' AIRFLOW_CTX_DAG_ID='dag_with_taskflow_Api_v2' AIRFLOW_CTX_TASK_ID='get_name' AIRFLOW_CTX_EXECUTION_DATE='2024-12-09T00:00:00+00:00' AIRFLOW_CTX_TRY_NUMBER='1' AIRFLOW_CTX_DAG_RUN_ID='scheduled__2024-12-09T00:00:00+00:00'
[2025-03-19T19:09:30.539+0000] {taskinstance.py:732} INFO - ::endgroup::
[2025-03-19T19:09:30.632+0000] {python.py:240} INFO - Done. Returned value was: {'first_name': 'John', 'last_name': 'Doe'}
[2025-03-19T19:09:32.328+0000] {taskinstance.py:341} INFO - ::group::Post task execution logs
[2025-03-19T19:09:32.558+0000] {taskinstance.py:353} INFO - Marking task as SUCCESS. dag_id=dag_with_taskflow_Api_v2, task_id=get_name, run_id=scheduled__2024-12-09T00:00:00+00:00, execution_date=20241209T000000, start_date=20250319T190839, end_date=20250319T190932
[2025-03-19T19:09:35.746+0000] {local_task_job_runner.py:266} INFO - Task exited with return code 0
[2025-03-19T19:09:39.653+0000] {standard_task_runner.py:217} INFO - Process not found (most likely exited), stop collecting metrics
[2025-03-19T19:09:40.725+0000] {taskinstance.py:3901} INFO - 1 downstream tasks scheduled from follow-on schedule check
[2025-03-19T19:09:40.903+0000] {local_task_job_runner.py:245} INFO - ::endgroup::
