[2025-03-17T14:18:32.365-0400] {processor.py:186} INFO - Started process (PID=31160) to work on /Library/Frameworks/Python.framework/Versions/3.11/lib/python3.11/site-packages/airflow/example_dags/subdags/subdag.py
[2025-03-17T14:18:32.366-0400] {processor.py:914} INFO - Processing file /Library/Frameworks/Python.framework/Versions/3.11/lib/python3.11/site-packages/airflow/example_dags/subdags/subdag.py for tasks to queue
[2025-03-17T14:18:32.366-0400] {logging_mixin.py:190} INFO - [2025-03-17T14:18:32.366-0400] {dagbag.py:588} INFO - Filling up the DagBag from /Library/Frameworks/Python.framework/Versions/3.11/lib/python3.11/site-packages/airflow/example_dags/subdags/subdag.py
[2025-03-17T14:18:32.367-0400] {processor.py:927} WARNING - No viable dags retrieved from /Library/Frameworks/Python.framework/Versions/3.11/lib/python3.11/site-packages/airflow/example_dags/subdags/subdag.py
[2025-03-17T14:18:32.395-0400] {processor.py:208} INFO - Processing /Library/Frameworks/Python.framework/Versions/3.11/lib/python3.11/site-packages/airflow/example_dags/subdags/subdag.py took 0.031 seconds
[2025-03-17T14:31:49.736-0400] {processor.py:186} INFO - Started process (PID=31897) to work on /Users/nidhipatel/ApacheAirflow_Tutorial/py_env/lib/python3.12/site-packages/airflow/example_dags/subdags/subdag.py
[2025-03-17T14:31:49.736-0400] {processor.py:914} INFO - Processing file /Users/nidhipatel/ApacheAirflow_Tutorial/py_env/lib/python3.12/site-packages/airflow/example_dags/subdags/subdag.py for tasks to queue
[2025-03-17T14:31:49.737-0400] {logging_mixin.py:190} INFO - [2025-03-17T14:31:49.737-0400] {dagbag.py:588} INFO - Filling up the DagBag from /Users/nidhipatel/ApacheAirflow_Tutorial/py_env/lib/python3.12/site-packages/airflow/example_dags/subdags/subdag.py
[2025-03-17T14:31:49.738-0400] {processor.py:927} WARNING - No viable dags retrieved from /Users/nidhipatel/ApacheAirflow_Tutorial/py_env/lib/python3.12/site-packages/airflow/example_dags/subdags/subdag.py
[2025-03-17T14:31:49.770-0400] {processor.py:208} INFO - Processing /Users/nidhipatel/ApacheAirflow_Tutorial/py_env/lib/python3.12/site-packages/airflow/example_dags/subdags/subdag.py took 0.036 seconds
[2025-03-17T14:33:30.256-0400] {processor.py:186} INFO - Started process (PID=32075) to work on /Users/nidhipatel/ApacheAirflow_Tutorial/py_env/lib/python3.12/site-packages/airflow/example_dags/subdags/subdag.py
[2025-03-17T14:33:30.256-0400] {processor.py:914} INFO - Processing file /Users/nidhipatel/ApacheAirflow_Tutorial/py_env/lib/python3.12/site-packages/airflow/example_dags/subdags/subdag.py for tasks to queue
[2025-03-17T14:33:30.257-0400] {logging_mixin.py:190} INFO - [2025-03-17T14:33:30.256-0400] {dagbag.py:588} INFO - Filling up the DagBag from /Users/nidhipatel/ApacheAirflow_Tutorial/py_env/lib/python3.12/site-packages/airflow/example_dags/subdags/subdag.py
[2025-03-17T14:33:30.257-0400] {processor.py:927} WARNING - No viable dags retrieved from /Users/nidhipatel/ApacheAirflow_Tutorial/py_env/lib/python3.12/site-packages/airflow/example_dags/subdags/subdag.py
[2025-03-17T14:33:30.291-0400] {processor.py:208} INFO - Processing /Users/nidhipatel/ApacheAirflow_Tutorial/py_env/lib/python3.12/site-packages/airflow/example_dags/subdags/subdag.py took 0.038 seconds
[2025-03-17T14:34:36.490-0400] {processor.py:186} INFO - Started process (PID=32163) to work on /Users/nidhipatel/ApacheAirflow_Tutorial/py_env/lib/python3.12/site-packages/airflow/example_dags/subdags/subdag.py
[2025-03-17T14:34:36.491-0400] {processor.py:914} INFO - Processing file /Users/nidhipatel/ApacheAirflow_Tutorial/py_env/lib/python3.12/site-packages/airflow/example_dags/subdags/subdag.py for tasks to queue
[2025-03-17T14:34:36.491-0400] {logging_mixin.py:190} INFO - [2025-03-17T14:34:36.491-0400] {dagbag.py:588} INFO - Filling up the DagBag from /Users/nidhipatel/ApacheAirflow_Tutorial/py_env/lib/python3.12/site-packages/airflow/example_dags/subdags/subdag.py
[2025-03-17T14:34:36.492-0400] {processor.py:927} WARNING - No viable dags retrieved from /Users/nidhipatel/ApacheAirflow_Tutorial/py_env/lib/python3.12/site-packages/airflow/example_dags/subdags/subdag.py
[2025-03-17T14:34:36.524-0400] {processor.py:208} INFO - Processing /Users/nidhipatel/ApacheAirflow_Tutorial/py_env/lib/python3.12/site-packages/airflow/example_dags/subdags/subdag.py took 0.035 seconds
[2025-03-17T14:35:45.579-0400] {processor.py:186} INFO - Started process (PID=32246) to work on /Users/nidhipatel/ApacheAirflow_Tutorial/py_env/lib/python3.12/site-packages/airflow/example_dags/subdags/subdag.py
[2025-03-17T14:35:45.579-0400] {processor.py:914} INFO - Processing file /Users/nidhipatel/ApacheAirflow_Tutorial/py_env/lib/python3.12/site-packages/airflow/example_dags/subdags/subdag.py for tasks to queue
[2025-03-17T14:35:45.580-0400] {logging_mixin.py:190} INFO - [2025-03-17T14:35:45.580-0400] {dagbag.py:588} INFO - Filling up the DagBag from /Users/nidhipatel/ApacheAirflow_Tutorial/py_env/lib/python3.12/site-packages/airflow/example_dags/subdags/subdag.py
[2025-03-17T14:35:45.581-0400] {processor.py:927} WARNING - No viable dags retrieved from /Users/nidhipatel/ApacheAirflow_Tutorial/py_env/lib/python3.12/site-packages/airflow/example_dags/subdags/subdag.py
[2025-03-17T14:35:45.613-0400] {processor.py:208} INFO - Processing /Users/nidhipatel/ApacheAirflow_Tutorial/py_env/lib/python3.12/site-packages/airflow/example_dags/subdags/subdag.py took 0.036 seconds
[2025-03-17T14:36:50.576-0400] {processor.py:186} INFO - Started process (PID=32328) to work on /Users/nidhipatel/ApacheAirflow_Tutorial/py_env/lib/python3.12/site-packages/airflow/example_dags/subdags/subdag.py
[2025-03-17T14:36:50.577-0400] {processor.py:914} INFO - Processing file /Users/nidhipatel/ApacheAirflow_Tutorial/py_env/lib/python3.12/site-packages/airflow/example_dags/subdags/subdag.py for tasks to queue
[2025-03-17T14:36:50.577-0400] {logging_mixin.py:190} INFO - [2025-03-17T14:36:50.577-0400] {dagbag.py:588} INFO - Filling up the DagBag from /Users/nidhipatel/ApacheAirflow_Tutorial/py_env/lib/python3.12/site-packages/airflow/example_dags/subdags/subdag.py
[2025-03-17T14:36:50.578-0400] {processor.py:927} WARNING - No viable dags retrieved from /Users/nidhipatel/ApacheAirflow_Tutorial/py_env/lib/python3.12/site-packages/airflow/example_dags/subdags/subdag.py
[2025-03-17T14:36:50.609-0400] {processor.py:208} INFO - Processing /Users/nidhipatel/ApacheAirflow_Tutorial/py_env/lib/python3.12/site-packages/airflow/example_dags/subdags/subdag.py took 0.034 seconds
[2025-03-17T14:37:52.416-0400] {processor.py:186} INFO - Started process (PID=32410) to work on /Users/nidhipatel/ApacheAirflow_Tutorial/py_env/lib/python3.12/site-packages/airflow/example_dags/subdags/subdag.py
[2025-03-17T14:37:52.417-0400] {processor.py:914} INFO - Processing file /Users/nidhipatel/ApacheAirflow_Tutorial/py_env/lib/python3.12/site-packages/airflow/example_dags/subdags/subdag.py for tasks to queue
[2025-03-17T14:37:52.417-0400] {logging_mixin.py:190} INFO - [2025-03-17T14:37:52.417-0400] {dagbag.py:588} INFO - Filling up the DagBag from /Users/nidhipatel/ApacheAirflow_Tutorial/py_env/lib/python3.12/site-packages/airflow/example_dags/subdags/subdag.py
[2025-03-17T14:37:52.418-0400] {processor.py:927} WARNING - No viable dags retrieved from /Users/nidhipatel/ApacheAirflow_Tutorial/py_env/lib/python3.12/site-packages/airflow/example_dags/subdags/subdag.py
[2025-03-17T14:37:52.450-0400] {processor.py:208} INFO - Processing /Users/nidhipatel/ApacheAirflow_Tutorial/py_env/lib/python3.12/site-packages/airflow/example_dags/subdags/subdag.py took 0.035 seconds
[2025-03-17T14:38:53.146-0400] {processor.py:186} INFO - Started process (PID=32516) to work on /Users/nidhipatel/ApacheAirflow_Tutorial/py_env/lib/python3.12/site-packages/airflow/example_dags/subdags/subdag.py
[2025-03-17T14:38:53.147-0400] {processor.py:914} INFO - Processing file /Users/nidhipatel/ApacheAirflow_Tutorial/py_env/lib/python3.12/site-packages/airflow/example_dags/subdags/subdag.py for tasks to queue
[2025-03-17T14:38:53.147-0400] {logging_mixin.py:190} INFO - [2025-03-17T14:38:53.147-0400] {dagbag.py:588} INFO - Filling up the DagBag from /Users/nidhipatel/ApacheAirflow_Tutorial/py_env/lib/python3.12/site-packages/airflow/example_dags/subdags/subdag.py
[2025-03-17T14:38:53.148-0400] {processor.py:927} WARNING - No viable dags retrieved from /Users/nidhipatel/ApacheAirflow_Tutorial/py_env/lib/python3.12/site-packages/airflow/example_dags/subdags/subdag.py
[2025-03-17T14:38:53.181-0400] {processor.py:208} INFO - Processing /Users/nidhipatel/ApacheAirflow_Tutorial/py_env/lib/python3.12/site-packages/airflow/example_dags/subdags/subdag.py took 0.037 seconds
[2025-03-17T14:39:56.257-0400] {processor.py:186} INFO - Started process (PID=32629) to work on /Users/nidhipatel/ApacheAirflow_Tutorial/py_env/lib/python3.12/site-packages/airflow/example_dags/subdags/subdag.py
[2025-03-17T14:39:56.258-0400] {processor.py:914} INFO - Processing file /Users/nidhipatel/ApacheAirflow_Tutorial/py_env/lib/python3.12/site-packages/airflow/example_dags/subdags/subdag.py for tasks to queue
[2025-03-17T14:39:56.258-0400] {logging_mixin.py:190} INFO - [2025-03-17T14:39:56.258-0400] {dagbag.py:588} INFO - Filling up the DagBag from /Users/nidhipatel/ApacheAirflow_Tutorial/py_env/lib/python3.12/site-packages/airflow/example_dags/subdags/subdag.py
[2025-03-17T14:39:56.259-0400] {processor.py:927} WARNING - No viable dags retrieved from /Users/nidhipatel/ApacheAirflow_Tutorial/py_env/lib/python3.12/site-packages/airflow/example_dags/subdags/subdag.py
[2025-03-17T14:39:56.292-0400] {processor.py:208} INFO - Processing /Users/nidhipatel/ApacheAirflow_Tutorial/py_env/lib/python3.12/site-packages/airflow/example_dags/subdags/subdag.py took 0.037 seconds
[2025-03-17T14:40:58.905-0400] {processor.py:186} INFO - Started process (PID=32712) to work on /Users/nidhipatel/ApacheAirflow_Tutorial/py_env/lib/python3.12/site-packages/airflow/example_dags/subdags/subdag.py
[2025-03-17T14:40:58.905-0400] {processor.py:914} INFO - Processing file /Users/nidhipatel/ApacheAirflow_Tutorial/py_env/lib/python3.12/site-packages/airflow/example_dags/subdags/subdag.py for tasks to queue
[2025-03-17T14:40:58.906-0400] {logging_mixin.py:190} INFO - [2025-03-17T14:40:58.906-0400] {dagbag.py:588} INFO - Filling up the DagBag from /Users/nidhipatel/ApacheAirflow_Tutorial/py_env/lib/python3.12/site-packages/airflow/example_dags/subdags/subdag.py
[2025-03-17T14:40:58.907-0400] {processor.py:927} WARNING - No viable dags retrieved from /Users/nidhipatel/ApacheAirflow_Tutorial/py_env/lib/python3.12/site-packages/airflow/example_dags/subdags/subdag.py
[2025-03-17T14:40:58.938-0400] {processor.py:208} INFO - Processing /Users/nidhipatel/ApacheAirflow_Tutorial/py_env/lib/python3.12/site-packages/airflow/example_dags/subdags/subdag.py took 0.035 seconds
[2025-03-17T14:42:02.427-0400] {processor.py:186} INFO - Started process (PID=32812) to work on /Users/nidhipatel/ApacheAirflow_Tutorial/py_env/lib/python3.12/site-packages/airflow/example_dags/subdags/subdag.py
[2025-03-17T14:42:02.428-0400] {processor.py:914} INFO - Processing file /Users/nidhipatel/ApacheAirflow_Tutorial/py_env/lib/python3.12/site-packages/airflow/example_dags/subdags/subdag.py for tasks to queue
[2025-03-17T14:42:02.428-0400] {logging_mixin.py:190} INFO - [2025-03-17T14:42:02.428-0400] {dagbag.py:588} INFO - Filling up the DagBag from /Users/nidhipatel/ApacheAirflow_Tutorial/py_env/lib/python3.12/site-packages/airflow/example_dags/subdags/subdag.py
[2025-03-17T14:42:02.429-0400] {processor.py:927} WARNING - No viable dags retrieved from /Users/nidhipatel/ApacheAirflow_Tutorial/py_env/lib/python3.12/site-packages/airflow/example_dags/subdags/subdag.py
[2025-03-17T14:42:02.462-0400] {processor.py:208} INFO - Processing /Users/nidhipatel/ApacheAirflow_Tutorial/py_env/lib/python3.12/site-packages/airflow/example_dags/subdags/subdag.py took 0.036 seconds
[2025-03-17T14:43:07.554-0400] {processor.py:186} INFO - Started process (PID=32893) to work on /Users/nidhipatel/ApacheAirflow_Tutorial/py_env/lib/python3.12/site-packages/airflow/example_dags/subdags/subdag.py
[2025-03-17T14:43:07.555-0400] {processor.py:914} INFO - Processing file /Users/nidhipatel/ApacheAirflow_Tutorial/py_env/lib/python3.12/site-packages/airflow/example_dags/subdags/subdag.py for tasks to queue
[2025-03-17T14:43:07.556-0400] {logging_mixin.py:190} INFO - [2025-03-17T14:43:07.556-0400] {dagbag.py:588} INFO - Filling up the DagBag from /Users/nidhipatel/ApacheAirflow_Tutorial/py_env/lib/python3.12/site-packages/airflow/example_dags/subdags/subdag.py
[2025-03-17T14:43:07.557-0400] {processor.py:927} WARNING - No viable dags retrieved from /Users/nidhipatel/ApacheAirflow_Tutorial/py_env/lib/python3.12/site-packages/airflow/example_dags/subdags/subdag.py
[2025-03-17T14:43:07.588-0400] {processor.py:208} INFO - Processing /Users/nidhipatel/ApacheAirflow_Tutorial/py_env/lib/python3.12/site-packages/airflow/example_dags/subdags/subdag.py took 0.035 seconds
[2025-03-17T14:44:14.853-0400] {processor.py:186} INFO - Started process (PID=32975) to work on /Users/nidhipatel/ApacheAirflow_Tutorial/py_env/lib/python3.12/site-packages/airflow/example_dags/subdags/subdag.py
[2025-03-17T14:44:14.854-0400] {processor.py:914} INFO - Processing file /Users/nidhipatel/ApacheAirflow_Tutorial/py_env/lib/python3.12/site-packages/airflow/example_dags/subdags/subdag.py for tasks to queue
[2025-03-17T14:44:14.854-0400] {logging_mixin.py:190} INFO - [2025-03-17T14:44:14.854-0400] {dagbag.py:588} INFO - Filling up the DagBag from /Users/nidhipatel/ApacheAirflow_Tutorial/py_env/lib/python3.12/site-packages/airflow/example_dags/subdags/subdag.py
[2025-03-17T14:44:14.855-0400] {processor.py:927} WARNING - No viable dags retrieved from /Users/nidhipatel/ApacheAirflow_Tutorial/py_env/lib/python3.12/site-packages/airflow/example_dags/subdags/subdag.py
[2025-03-17T14:44:14.888-0400] {processor.py:208} INFO - Processing /Users/nidhipatel/ApacheAirflow_Tutorial/py_env/lib/python3.12/site-packages/airflow/example_dags/subdags/subdag.py took 0.036 seconds
[2025-03-17T14:45:23.386-0400] {processor.py:186} INFO - Started process (PID=33081) to work on /Users/nidhipatel/ApacheAirflow_Tutorial/py_env/lib/python3.12/site-packages/airflow/example_dags/subdags/subdag.py
[2025-03-17T14:45:23.387-0400] {processor.py:914} INFO - Processing file /Users/nidhipatel/ApacheAirflow_Tutorial/py_env/lib/python3.12/site-packages/airflow/example_dags/subdags/subdag.py for tasks to queue
[2025-03-17T14:45:23.387-0400] {logging_mixin.py:190} INFO - [2025-03-17T14:45:23.387-0400] {dagbag.py:588} INFO - Filling up the DagBag from /Users/nidhipatel/ApacheAirflow_Tutorial/py_env/lib/python3.12/site-packages/airflow/example_dags/subdags/subdag.py
[2025-03-17T14:45:23.389-0400] {processor.py:927} WARNING - No viable dags retrieved from /Users/nidhipatel/ApacheAirflow_Tutorial/py_env/lib/python3.12/site-packages/airflow/example_dags/subdags/subdag.py
[2025-03-17T14:45:23.432-0400] {processor.py:208} INFO - Processing /Users/nidhipatel/ApacheAirflow_Tutorial/py_env/lib/python3.12/site-packages/airflow/example_dags/subdags/subdag.py took 0.048 seconds
[2025-03-17T14:46:32.645-0400] {processor.py:186} INFO - Started process (PID=33163) to work on /Users/nidhipatel/ApacheAirflow_Tutorial/py_env/lib/python3.12/site-packages/airflow/example_dags/subdags/subdag.py
[2025-03-17T14:46:32.646-0400] {processor.py:914} INFO - Processing file /Users/nidhipatel/ApacheAirflow_Tutorial/py_env/lib/python3.12/site-packages/airflow/example_dags/subdags/subdag.py for tasks to queue
[2025-03-17T14:46:32.646-0400] {logging_mixin.py:190} INFO - [2025-03-17T14:46:32.646-0400] {dagbag.py:588} INFO - Filling up the DagBag from /Users/nidhipatel/ApacheAirflow_Tutorial/py_env/lib/python3.12/site-packages/airflow/example_dags/subdags/subdag.py
[2025-03-17T14:46:32.647-0400] {processor.py:927} WARNING - No viable dags retrieved from /Users/nidhipatel/ApacheAirflow_Tutorial/py_env/lib/python3.12/site-packages/airflow/example_dags/subdags/subdag.py
[2025-03-17T14:46:32.680-0400] {processor.py:208} INFO - Processing /Users/nidhipatel/ApacheAirflow_Tutorial/py_env/lib/python3.12/site-packages/airflow/example_dags/subdags/subdag.py took 0.037 seconds
[2025-03-17T14:47:42.575-0400] {processor.py:186} INFO - Started process (PID=33251) to work on /Users/nidhipatel/ApacheAirflow_Tutorial/py_env/lib/python3.12/site-packages/airflow/example_dags/subdags/subdag.py
[2025-03-17T14:47:42.575-0400] {processor.py:914} INFO - Processing file /Users/nidhipatel/ApacheAirflow_Tutorial/py_env/lib/python3.12/site-packages/airflow/example_dags/subdags/subdag.py for tasks to queue
[2025-03-17T14:47:42.576-0400] {logging_mixin.py:190} INFO - [2025-03-17T14:47:42.576-0400] {dagbag.py:588} INFO - Filling up the DagBag from /Users/nidhipatel/ApacheAirflow_Tutorial/py_env/lib/python3.12/site-packages/airflow/example_dags/subdags/subdag.py
[2025-03-17T14:47:42.577-0400] {processor.py:927} WARNING - No viable dags retrieved from /Users/nidhipatel/ApacheAirflow_Tutorial/py_env/lib/python3.12/site-packages/airflow/example_dags/subdags/subdag.py
[2025-03-17T14:47:42.608-0400] {processor.py:208} INFO - Processing /Users/nidhipatel/ApacheAirflow_Tutorial/py_env/lib/python3.12/site-packages/airflow/example_dags/subdags/subdag.py took 0.035 seconds
[2025-03-17T14:48:49.585-0400] {processor.py:186} INFO - Started process (PID=33338) to work on /Users/nidhipatel/ApacheAirflow_Tutorial/py_env/lib/python3.12/site-packages/airflow/example_dags/subdags/subdag.py
[2025-03-17T14:48:49.586-0400] {processor.py:914} INFO - Processing file /Users/nidhipatel/ApacheAirflow_Tutorial/py_env/lib/python3.12/site-packages/airflow/example_dags/subdags/subdag.py for tasks to queue
[2025-03-17T14:48:49.586-0400] {logging_mixin.py:190} INFO - [2025-03-17T14:48:49.586-0400] {dagbag.py:588} INFO - Filling up the DagBag from /Users/nidhipatel/ApacheAirflow_Tutorial/py_env/lib/python3.12/site-packages/airflow/example_dags/subdags/subdag.py
[2025-03-17T14:48:49.587-0400] {processor.py:927} WARNING - No viable dags retrieved from /Users/nidhipatel/ApacheAirflow_Tutorial/py_env/lib/python3.12/site-packages/airflow/example_dags/subdags/subdag.py
[2025-03-17T14:48:49.618-0400] {processor.py:208} INFO - Processing /Users/nidhipatel/ApacheAirflow_Tutorial/py_env/lib/python3.12/site-packages/airflow/example_dags/subdags/subdag.py took 0.034 seconds
[2025-03-17T14:49:53.397-0400] {processor.py:186} INFO - Started process (PID=33447) to work on /Users/nidhipatel/ApacheAirflow_Tutorial/py_env/lib/python3.12/site-packages/airflow/example_dags/subdags/subdag.py
[2025-03-17T14:49:53.398-0400] {processor.py:914} INFO - Processing file /Users/nidhipatel/ApacheAirflow_Tutorial/py_env/lib/python3.12/site-packages/airflow/example_dags/subdags/subdag.py for tasks to queue
[2025-03-17T14:49:53.398-0400] {logging_mixin.py:190} INFO - [2025-03-17T14:49:53.398-0400] {dagbag.py:588} INFO - Filling up the DagBag from /Users/nidhipatel/ApacheAirflow_Tutorial/py_env/lib/python3.12/site-packages/airflow/example_dags/subdags/subdag.py
[2025-03-17T14:49:53.399-0400] {processor.py:927} WARNING - No viable dags retrieved from /Users/nidhipatel/ApacheAirflow_Tutorial/py_env/lib/python3.12/site-packages/airflow/example_dags/subdags/subdag.py
[2025-03-17T14:49:53.431-0400] {processor.py:208} INFO - Processing /Users/nidhipatel/ApacheAirflow_Tutorial/py_env/lib/python3.12/site-packages/airflow/example_dags/subdags/subdag.py took 0.035 seconds
[2025-03-17T14:50:58.178-0400] {processor.py:186} INFO - Started process (PID=33572) to work on /Users/nidhipatel/ApacheAirflow_Tutorial/py_env/lib/python3.12/site-packages/airflow/example_dags/subdags/subdag.py
[2025-03-17T14:50:58.179-0400] {processor.py:914} INFO - Processing file /Users/nidhipatel/ApacheAirflow_Tutorial/py_env/lib/python3.12/site-packages/airflow/example_dags/subdags/subdag.py for tasks to queue
[2025-03-17T14:50:58.179-0400] {logging_mixin.py:190} INFO - [2025-03-17T14:50:58.179-0400] {dagbag.py:588} INFO - Filling up the DagBag from /Users/nidhipatel/ApacheAirflow_Tutorial/py_env/lib/python3.12/site-packages/airflow/example_dags/subdags/subdag.py
[2025-03-17T14:50:58.181-0400] {processor.py:927} WARNING - No viable dags retrieved from /Users/nidhipatel/ApacheAirflow_Tutorial/py_env/lib/python3.12/site-packages/airflow/example_dags/subdags/subdag.py
[2025-03-17T14:50:58.213-0400] {processor.py:208} INFO - Processing /Users/nidhipatel/ApacheAirflow_Tutorial/py_env/lib/python3.12/site-packages/airflow/example_dags/subdags/subdag.py took 0.037 seconds
[2025-03-17T14:52:05.316-0400] {processor.py:186} INFO - Started process (PID=33766) to work on /Users/nidhipatel/ApacheAirflow_Tutorial/py_env/lib/python3.12/site-packages/airflow/example_dags/subdags/subdag.py
[2025-03-17T14:52:05.317-0400] {processor.py:914} INFO - Processing file /Users/nidhipatel/ApacheAirflow_Tutorial/py_env/lib/python3.12/site-packages/airflow/example_dags/subdags/subdag.py for tasks to queue
[2025-03-17T14:52:05.317-0400] {logging_mixin.py:190} INFO - [2025-03-17T14:52:05.317-0400] {dagbag.py:588} INFO - Filling up the DagBag from /Users/nidhipatel/ApacheAirflow_Tutorial/py_env/lib/python3.12/site-packages/airflow/example_dags/subdags/subdag.py
[2025-03-17T14:52:05.318-0400] {processor.py:927} WARNING - No viable dags retrieved from /Users/nidhipatel/ApacheAirflow_Tutorial/py_env/lib/python3.12/site-packages/airflow/example_dags/subdags/subdag.py
[2025-03-17T14:52:05.351-0400] {processor.py:208} INFO - Processing /Users/nidhipatel/ApacheAirflow_Tutorial/py_env/lib/python3.12/site-packages/airflow/example_dags/subdags/subdag.py took 0.039 seconds
[2025-03-17T14:53:14.233-0400] {processor.py:186} INFO - Started process (PID=34012) to work on /Users/nidhipatel/ApacheAirflow_Tutorial/py_env/lib/python3.12/site-packages/airflow/example_dags/subdags/subdag.py
[2025-03-17T14:53:14.234-0400] {processor.py:914} INFO - Processing file /Users/nidhipatel/ApacheAirflow_Tutorial/py_env/lib/python3.12/site-packages/airflow/example_dags/subdags/subdag.py for tasks to queue
[2025-03-17T14:53:14.235-0400] {logging_mixin.py:190} INFO - [2025-03-17T14:53:14.234-0400] {dagbag.py:588} INFO - Filling up the DagBag from /Users/nidhipatel/ApacheAirflow_Tutorial/py_env/lib/python3.12/site-packages/airflow/example_dags/subdags/subdag.py
[2025-03-17T14:53:14.235-0400] {processor.py:927} WARNING - No viable dags retrieved from /Users/nidhipatel/ApacheAirflow_Tutorial/py_env/lib/python3.12/site-packages/airflow/example_dags/subdags/subdag.py
[2025-03-17T14:53:14.276-0400] {processor.py:208} INFO - Processing /Users/nidhipatel/ApacheAirflow_Tutorial/py_env/lib/python3.12/site-packages/airflow/example_dags/subdags/subdag.py took 0.045 seconds
