[2025-03-19T19:12:08.174+0000] {local_task_job_runner.py:123} INFO - ::group::Pre task execution logs
[2025-03-19T19:12:10.929+0000] {taskinstance.py:2614} INFO - Dependencies all met for dep_context=non-requeueable deps ti=<TaskInstance: dag_with_catchup_and_backfill.task_1 scheduled__2023-10-22T00:00:00+00:00 [queued]>
[2025-03-19T19:12:11.704+0000] {taskinstance.py:2614} INFO - Dependencies all met for dep_context=requeueable deps ti=<TaskInstance: dag_with_catchup_and_backfill.task_1 scheduled__2023-10-22T00:00:00+00:00 [queued]>
[2025-03-19T19:12:11.725+0000] {taskinstance.py:2867} INFO - Starting attempt 1 of 6
[2025-03-19T19:22:16.654+0000] {taskinstance.py:2890} INFO - Executing <Task(BashOperator): task_1> on 2023-10-22 00:00:00+00:00
[2025-03-19T19:22:23.484+0000] {standard_task_runner.py:104} INFO - Running: ['***', 'tasks', 'run', 'dag_with_catchup_and_backfill', 'task_1', 'scheduled__2023-10-22T00:00:00+00:00', '--job-id', '3020', '--raw', '--subdir', 'DAGS_FOLDER/dag_with_catchup_and_backfill.py', '--cfg-path', '/tmp/tmphd1bm5_b']
[2025-03-19T19:22:24.039+0000] {standard_task_runner.py:105} INFO - Job 3020: Subtask task_1
[2025-03-19T19:22:25.380+0000] {logging_mixin.py:190} WARNING - /home/***/.local/lib/python3.12/site-packages/***/task/task_runner/standard_task_runner.py:70 DeprecationWarning: This process (pid=10503) is multi-threaded, use of fork() may lead to deadlocks in the child.
[2025-03-19T19:22:25.516+0000] {standard_task_runner.py:72} INFO - Started process 10536 to run task
[2025-03-19T19:22:29.107+0000] {task_command.py:467} INFO - Running <TaskInstance: dag_with_catchup_and_backfill.task_1 scheduled__2023-10-22T00:00:00+00:00 [running]> on host 63fd4b143e0a
[2025-03-19T19:22:31.113+0000] {job.py:229} INFO - Heartbeat recovered after 634.26 seconds
[2025-03-19T19:23:00.253+0000] {taskinstance.py:3134} INFO - Exporting env vars: AIRFLOW_CTX_DAG_OWNER='***' AIRFLOW_CTX_DAG_ID='dag_with_catchup_and_backfill' AIRFLOW_CTX_TASK_ID='task_1' AIRFLOW_CTX_EXECUTION_DATE='2023-10-22T00:00:00+00:00' AIRFLOW_CTX_TRY_NUMBER='1' AIRFLOW_CTX_DAG_RUN_ID='scheduled__2023-10-22T00:00:00+00:00'
[2025-03-19T19:23:00.388+0000] {taskinstance.py:732} INFO - ::endgroup::
[2025-03-19T19:23:00.856+0000] {subprocess.py:78} INFO - Tmp dir root location: /tmp
[2025-03-19T19:23:00.933+0000] {subprocess.py:88} INFO - Running command: ['/usr/bin/bash', '-c', 'echo ']
[2025-03-19T19:23:01.374+0000] {subprocess.py:99} INFO - Output:
[2025-03-19T19:23:01.554+0000] {subprocess.py:106} INFO - 
[2025-03-19T19:23:01.561+0000] {subprocess.py:110} INFO - Command exited with return code 0
[2025-03-19T19:23:02.619+0000] {job.py:229} INFO - Heartbeat recovered after 31.92 seconds
[2025-03-19T19:23:02.911+0000] {taskinstance.py:341} INFO - ::group::Post task execution logs
[2025-03-19T19:23:02.936+0000] {taskinstance.py:353} INFO - Marking task as SUCCESS. dag_id=dag_with_catchup_and_backfill, task_id=task_1, run_id=scheduled__2023-10-22T00:00:00+00:00, execution_date=20231022T000000, start_date=20250319T191211, end_date=20250319T192302
[2025-03-19T19:23:05.625+0000] {local_task_job_runner.py:266} INFO - Task exited with return code 0
[2025-03-19T19:23:06.394+0000] {taskinstance.py:3901} INFO - 0 downstream tasks scheduled from follow-on schedule check
[2025-03-19T19:23:06.463+0000] {local_task_job_runner.py:245} INFO - ::endgroup::
