[2025-03-19T22:33:32.029+0000] {local_task_job_runner.py:123} INFO - ::group::Pre task execution logs
[2025-03-19T22:33:32.097+0000] {taskinstance.py:2614} INFO - Dependencies all met for dep_context=non-requeueable deps ti=<TaskInstance: dag_with_catchup_and_backfill.task_1 scheduled__2025-02-03T00:00:00+00:00 [queued]>
[2025-03-19T22:33:32.118+0000] {taskinstance.py:2614} INFO - Dependencies all met for dep_context=requeueable deps ti=<TaskInstance: dag_with_catchup_and_backfill.task_1 scheduled__2025-02-03T00:00:00+00:00 [queued]>
[2025-03-19T22:33:32.126+0000] {taskinstance.py:2867} INFO - Starting attempt 1 of 6
[2025-03-19T22:33:32.215+0000] {taskinstance.py:2890} INFO - Executing <Task(BashOperator): task_1> on 2025-02-03 00:00:00+00:00
[2025-03-19T22:33:32.311+0000] {standard_task_runner.py:104} INFO - Running: ['***', 'tasks', 'run', 'dag_with_catchup_and_backfill', 'task_1', 'scheduled__2025-02-03T00:00:00+00:00', '--job-id', '3771', '--raw', '--subdir', 'DAGS_FOLDER/dag_with_catchup_and_backfill.py', '--cfg-path', '/tmp/tmpesze25w0']
[2025-03-19T22:33:32.327+0000] {standard_task_runner.py:105} INFO - Job 3771: Subtask task_1
[2025-03-19T22:33:32.303+0000] {logging_mixin.py:190} WARNING - /home/***/.local/lib/python3.12/site-packages/***/task/task_runner/standard_task_runner.py:70 DeprecationWarning: This process (pid=3126) is multi-threaded, use of fork() may lead to deadlocks in the child.
[2025-03-19T22:33:32.332+0000] {standard_task_runner.py:72} INFO - Started process 3138 to run task
[2025-03-19T22:33:32.748+0000] {task_command.py:467} INFO - Running <TaskInstance: dag_with_catchup_and_backfill.task_1 scheduled__2025-02-03T00:00:00+00:00 [running]> on host 63fd4b143e0a
[2025-03-19T22:33:33.345+0000] {taskinstance.py:3134} INFO - Exporting env vars: AIRFLOW_CTX_DAG_OWNER='***' AIRFLOW_CTX_DAG_ID='dag_with_catchup_and_backfill' AIRFLOW_CTX_TASK_ID='task_1' AIRFLOW_CTX_EXECUTION_DATE='2025-02-03T00:00:00+00:00' AIRFLOW_CTX_TRY_NUMBER='1' AIRFLOW_CTX_DAG_RUN_ID='scheduled__2025-02-03T00:00:00+00:00'
[2025-03-19T22:33:33.354+0000] {taskinstance.py:732} INFO - ::endgroup::
[2025-03-19T22:33:33.592+0000] {subprocess.py:78} INFO - Tmp dir root location: /tmp
[2025-03-19T22:33:33.599+0000] {subprocess.py:88} INFO - Running command: ['/usr/bin/bash', '-c', 'echo ']
[2025-03-19T22:33:33.632+0000] {subprocess.py:99} INFO - Output:
[2025-03-19T22:33:33.647+0000] {subprocess.py:106} INFO - 
[2025-03-19T22:33:33.655+0000] {subprocess.py:110} INFO - Command exited with return code 0
[2025-03-19T22:33:33.974+0000] {taskinstance.py:341} INFO - ::group::Post task execution logs
[2025-03-19T22:33:33.986+0000] {taskinstance.py:353} INFO - Marking task as SUCCESS. dag_id=dag_with_catchup_and_backfill, task_id=task_1, run_id=scheduled__2025-02-03T00:00:00+00:00, execution_date=20250203T000000, start_date=20250319T223332, end_date=20250319T223333
[2025-03-19T22:33:34.655+0000] {local_task_job_runner.py:266} INFO - Task exited with return code 0
[2025-03-19T22:33:35.218+0000] {taskinstance.py:3901} INFO - 0 downstream tasks scheduled from follow-on schedule check
[2025-03-19T22:33:35.244+0000] {local_task_job_runner.py:245} INFO - ::endgroup::
