[2025-03-19T22:23:11.186+0000] {local_task_job_runner.py:123} INFO - ::group::Pre task execution logs
[2025-03-19T22:23:12.437+0000] {taskinstance.py:2614} INFO - Dependencies all met for dep_context=non-requeueable deps ti=<TaskInstance: dag_with_taskflow_Api_v2.greet scheduled__2025-01-29T00:00:00+00:00 [queued]>
[2025-03-19T22:23:12.925+0000] {taskinstance.py:2614} INFO - Dependencies all met for dep_context=requeueable deps ti=<TaskInstance: dag_with_taskflow_Api_v2.greet scheduled__2025-01-29T00:00:00+00:00 [queued]>
[2025-03-19T22:23:13.006+0000] {taskinstance.py:2867} INFO - Starting attempt 1 of 6
[2025-03-19T22:23:13.437+0000] {taskinstance.py:2890} INFO - Executing <Task(_PythonDecoratedOperator): greet> on 2025-01-29 00:00:00+00:00
[2025-03-19T22:23:14.557+0000] {standard_task_runner.py:104} INFO - Running: ['***', 'tasks', 'run', 'dag_with_taskflow_Api_v2', 'greet', 'scheduled__2025-01-29T00:00:00+00:00', '--job-id', '3200', '--raw', '--subdir', 'DAGS_FOLDER/dag_with_taskflow_api.py', '--cfg-path', '/tmp/tmppwkuuiqs']
[2025-03-19T22:23:14.832+0000] {logging_mixin.py:190} WARNING - /home/***/.local/lib/python3.12/site-packages/***/task/task_runner/standard_task_runner.py:70 DeprecationWarning: This process (pid=697) is multi-threaded, use of fork() may lead to deadlocks in the child.
[2025-03-19T22:23:14.897+0000] {standard_task_runner.py:72} INFO - Started process 712 to run task
[2025-03-19T22:23:14.896+0000] {standard_task_runner.py:105} INFO - Job 3200: Subtask greet
[2025-03-19T22:23:19.751+0000] {task_command.py:467} INFO - Running <TaskInstance: dag_with_taskflow_Api_v2.greet scheduled__2025-01-29T00:00:00+00:00 [running]> on host 63fd4b143e0a
[2025-03-19T22:23:22.170+0000] {job.py:229} INFO - Heartbeat recovered after 14.28 seconds
[2025-03-19T22:23:27.570+0000] {taskinstance.py:3134} INFO - Exporting env vars: AIRFLOW_CTX_DAG_OWNER='***' AIRFLOW_CTX_DAG_ID='dag_with_taskflow_Api_v2' AIRFLOW_CTX_TASK_ID='greet' AIRFLOW_CTX_EXECUTION_DATE='2025-01-29T00:00:00+00:00' AIRFLOW_CTX_TRY_NUMBER='1' AIRFLOW_CTX_DAG_RUN_ID='scheduled__2025-01-29T00:00:00+00:00'
[2025-03-19T22:23:29.236+0000] {taskinstance.py:732} INFO - ::endgroup::
[2025-03-19T22:23:29.758+0000] {logging_mixin.py:190} INFO - Hello JohnDoe, you are 19 years old.
[2025-03-19T22:23:30.212+0000] {python.py:240} INFO - Done. Returned value was: None
[2025-03-19T22:23:31.913+0000] {taskinstance.py:341} INFO - ::group::Post task execution logs
[2025-03-19T22:23:32.593+0000] {taskinstance.py:353} INFO - Marking task as SUCCESS. dag_id=dag_with_taskflow_Api_v2, task_id=greet, run_id=scheduled__2025-01-29T00:00:00+00:00, execution_date=20250129T000000, start_date=20250319T222312, end_date=20250319T222332
[2025-03-19T22:23:40.225+0000] {job.py:229} INFO - Heartbeat recovered after 11.28 seconds
[2025-03-19T22:23:43.306+0000] {local_task_job_runner.py:266} INFO - Task exited with return code 0
[2025-03-19T22:23:45.515+0000] {taskinstance.py:3901} INFO - 0 downstream tasks scheduled from follow-on schedule check
[2025-03-19T22:23:45.633+0000] {local_task_job_runner.py:245} INFO - ::endgroup::
