[2025-03-19T19:11:52.645+0000] {local_task_job_runner.py:123} INFO - ::group::Pre task execution logs
[2025-03-19T19:11:52.954+0000] {taskinstance.py:2614} INFO - Dependencies all met for dep_context=non-requeueable deps ti=<TaskInstance: dag_with_catchup_and_backfill.task_1 scheduled__2023-10-20T00:00:00+00:00 [queued]>
[2025-03-19T19:11:53.052+0000] {taskinstance.py:2614} INFO - Dependencies all met for dep_context=requeueable deps ti=<TaskInstance: dag_with_catchup_and_backfill.task_1 scheduled__2023-10-20T00:00:00+00:00 [queued]>
[2025-03-19T19:11:53.069+0000] {taskinstance.py:2867} INFO - Starting attempt 1 of 6
[2025-03-19T19:11:53.529+0000] {taskinstance.py:2890} INFO - Executing <Task(BashOperator): task_1> on 2023-10-20 00:00:00+00:00
[2025-03-19T19:11:53.639+0000] {logging_mixin.py:190} WARNING - /home/***/.local/lib/python3.12/site-packages/***/task/task_runner/standard_task_runner.py:70 DeprecationWarning: This process (pid=10477) is multi-threaded, use of fork() may lead to deadlocks in the child.
[2025-03-19T19:11:53.648+0000] {standard_task_runner.py:72} INFO - Started process 10498 to run task
[2025-03-19T19:11:53.640+0000] {standard_task_runner.py:104} INFO - Running: ['***', 'tasks', 'run', 'dag_with_catchup_and_backfill', 'task_1', 'scheduled__2023-10-20T00:00:00+00:00', '--job-id', '3014', '--raw', '--subdir', 'DAGS_FOLDER/dag_with_catchup_and_backfill.py', '--cfg-path', '/tmp/tmpch8m5969']
[2025-03-19T19:11:53.669+0000] {standard_task_runner.py:105} INFO - Job 3014: Subtask task_1
[2025-03-19T19:11:55.764+0000] {task_command.py:467} INFO - Running <TaskInstance: dag_with_catchup_and_backfill.task_1 scheduled__2023-10-20T00:00:00+00:00 [running]> on host 63fd4b143e0a
[2025-03-19T19:11:57.273+0000] {taskinstance.py:3134} INFO - Exporting env vars: AIRFLOW_CTX_DAG_OWNER='***' AIRFLOW_CTX_DAG_ID='dag_with_catchup_and_backfill' AIRFLOW_CTX_TASK_ID='task_1' AIRFLOW_CTX_EXECUTION_DATE='2023-10-20T00:00:00+00:00' AIRFLOW_CTX_TRY_NUMBER='1' AIRFLOW_CTX_DAG_RUN_ID='scheduled__2023-10-20T00:00:00+00:00'
[2025-03-19T19:11:57.307+0000] {taskinstance.py:732} INFO - ::endgroup::
[2025-03-19T19:12:00.588+0000] {subprocess.py:78} INFO - Tmp dir root location: /tmp
[2025-03-19T19:12:00.627+0000] {subprocess.py:88} INFO - Running command: ['/usr/bin/bash', '-c', 'echo ']
[2025-03-19T19:12:05.619+0000] {subprocess.py:99} INFO - Output:
[2025-03-19T19:12:06.034+0000] {subprocess.py:106} INFO - 
[2025-03-19T19:12:06.180+0000] {subprocess.py:110} INFO - Command exited with return code 0
[2025-03-19T19:12:06.874+0000] {job.py:229} INFO - Heartbeat recovered after 14.59 seconds
[2025-03-19T19:12:11.127+0000] {taskinstance.py:341} INFO - ::group::Post task execution logs
[2025-03-19T19:12:11.385+0000] {taskinstance.py:353} INFO - Marking task as SUCCESS. dag_id=dag_with_catchup_and_backfill, task_id=task_1, run_id=scheduled__2023-10-20T00:00:00+00:00, execution_date=20231020T000000, start_date=20250319T191152, end_date=20250319T191211
[2025-03-19T19:22:06.418+0000] {job.py:229} INFO - Heartbeat recovered after 603.09 seconds
[2025-03-19T19:22:24.962+0000] {job.py:229} INFO - Heartbeat recovered after 19.67 seconds
[2025-03-19T19:22:26.633+0000] {local_task_job_runner.py:266} INFO - Task exited with return code 0
[2025-03-19T19:22:27.856+0000] {taskinstance.py:3901} INFO - 0 downstream tasks scheduled from follow-on schedule check
[2025-03-19T19:22:28.062+0000] {local_task_job_runner.py:245} INFO - ::endgroup::
[2025-03-19T19:22:28.958+0000] {standard_task_runner.py:217} INFO - Process not found (most likely exited), stop collecting metrics
