[2025-03-19T22:30:45.993+0000] {local_task_job_runner.py:123} INFO - ::group::Pre task execution logs
[2025-03-19T22:30:48.653+0000] {taskinstance.py:2614} INFO - Dependencies all met for dep_context=non-requeueable deps ti=<TaskInstance: dag_with_catchup_and_backfill.task_1 scheduled__2024-03-25T00:00:00+00:00 [queued]>
[2025-03-19T22:30:49.440+0000] {taskinstance.py:2614} INFO - Dependencies all met for dep_context=requeueable deps ti=<TaskInstance: dag_with_catchup_and_backfill.task_1 scheduled__2024-03-25T00:00:00+00:00 [queued]>
[2025-03-19T22:30:49.462+0000] {taskinstance.py:2867} INFO - Starting attempt 1 of 6
[2025-03-19T22:30:56.314+0000] {taskinstance.py:2890} INFO - Executing <Task(BashOperator): task_1> on 2024-03-25 00:00:00+00:00
[2025-03-19T22:30:56.823+0000] {logging_mixin.py:190} WARNING - /home/***/.local/lib/python3.12/site-packages/***/task/task_runner/standard_task_runner.py:70 DeprecationWarning: This process (pid=1731) is multi-threaded, use of fork() may lead to deadlocks in the child.
[2025-03-19T22:30:56.973+0000] {standard_task_runner.py:72} INFO - Started process 1780 to run task
[2025-03-19T22:30:56.863+0000] {standard_task_runner.py:104} INFO - Running: ['***', 'tasks', 'run', 'dag_with_catchup_and_backfill', 'task_1', 'scheduled__2024-03-25T00:00:00+00:00', '--job-id', '3458', '--raw', '--subdir', 'DAGS_FOLDER/dag_with_catchup_and_backfill.py', '--cfg-path', '/tmp/tmpv5_5t7dx']
[2025-03-19T22:30:58.384+0000] {standard_task_runner.py:105} INFO - Job 3458: Subtask task_1
[2025-03-19T22:31:02.354+0000] {task_command.py:467} INFO - Running <TaskInstance: dag_with_catchup_and_backfill.task_1 scheduled__2024-03-25T00:00:00+00:00 [running]> on host 63fd4b143e0a
[2025-03-19T22:31:03.582+0000] {job.py:229} INFO - Heartbeat recovered after 158.14 seconds
[2025-03-19T22:31:04.137+0000] {taskinstance.py:3134} INFO - Exporting env vars: AIRFLOW_CTX_DAG_OWNER='***' AIRFLOW_CTX_DAG_ID='dag_with_catchup_and_backfill' AIRFLOW_CTX_TASK_ID='task_1' AIRFLOW_CTX_EXECUTION_DATE='2024-03-25T00:00:00+00:00' AIRFLOW_CTX_TRY_NUMBER='1' AIRFLOW_CTX_DAG_RUN_ID='scheduled__2024-03-25T00:00:00+00:00'
[2025-03-19T22:31:04.161+0000] {taskinstance.py:732} INFO - ::endgroup::
[2025-03-19T22:31:04.816+0000] {subprocess.py:78} INFO - Tmp dir root location: /tmp
[2025-03-19T22:31:04.869+0000] {subprocess.py:88} INFO - Running command: ['/usr/bin/bash', '-c', 'echo ']
[2025-03-19T22:31:05.089+0000] {subprocess.py:99} INFO - Output:
[2025-03-19T22:31:05.147+0000] {subprocess.py:106} INFO - 
[2025-03-19T22:31:05.152+0000] {subprocess.py:110} INFO - Command exited with return code 0
[2025-03-19T22:31:06.512+0000] {taskinstance.py:341} INFO - ::group::Post task execution logs
[2025-03-19T22:31:06.535+0000] {taskinstance.py:353} INFO - Marking task as SUCCESS. dag_id=dag_with_catchup_and_backfill, task_id=task_1, run_id=scheduled__2024-03-25T00:00:00+00:00, execution_date=20240325T000000, start_date=20250319T223048, end_date=20250319T223106
[2025-03-19T22:31:08.315+0000] {local_task_job_runner.py:266} INFO - Task exited with return code 0
[2025-03-19T22:31:09.367+0000] {taskinstance.py:3901} INFO - 0 downstream tasks scheduled from follow-on schedule check
[2025-03-19T22:31:10.163+0000] {local_task_job_runner.py:245} INFO - ::endgroup::
